[2024-09-27T18:07:31.172+0000] {local_task_job_runner.py:123} INFO - ::group::Pre task execution logs
[2024-09-27T18:07:31.527+0000] {taskinstance.py:2612} INFO - Dependencies all met for dep_context=non-requeueable deps ti=<TaskInstance: scrape_and_save_share_prices_with_company_data.create_company_table scheduled__2023-10-01T00:00:00+00:00 [queued]>
[2024-09-27T18:07:31.647+0000] {taskinstance.py:2612} INFO - Dependencies all met for dep_context=requeueable deps ti=<TaskInstance: scrape_and_save_share_prices_with_company_data.create_company_table scheduled__2023-10-01T00:00:00+00:00 [queued]>
[2024-09-27T18:07:31.653+0000] {taskinstance.py:2865} INFO - Starting attempt 1 of 2
[2024-09-27T18:07:31.978+0000] {taskinstance.py:2888} INFO - Executing <Task(PythonOperator): create_company_table> on 2023-10-01 00:00:00+00:00
[2024-09-27T18:07:32.176+0000] {standard_task_runner.py:104} INFO - Running: ['***', 'tasks', 'run', 'scrape_and_save_share_prices_with_company_data', 'create_company_table', 'scheduled__2023-10-01T00:00:00+00:00', '--job-id', '1093', '--raw', '--subdir', 'DAGS_FOLDER/dag.py', '--cfg-path', '/tmp/tmp3tef40z_']
[2024-09-27T18:07:32.233+0000] {standard_task_runner.py:105} INFO - Job 1093: Subtask create_company_table
[2024-09-27T18:07:32.220+0000] {warnings.py:112} WARNING - /home/***/.local/lib/python3.12/site-packages/***/task/task_runner/standard_task_runner.py:70: DeprecationWarning: This process (pid=11714) is multi-threaded, use of fork() may lead to deadlocks in the child.
  pid = os.fork()

[2024-09-27T18:07:32.249+0000] {standard_task_runner.py:72} INFO - Started process 11759 to run task
[2024-09-27T18:07:33.176+0000] {task_command.py:467} INFO - Running <TaskInstance: scrape_and_save_share_prices_with_company_data.create_company_table scheduled__2023-10-01T00:00:00+00:00 [running]> on host 13b5797a93ab
[2024-09-27T18:07:34.310+0000] {taskinstance.py:3131} INFO - Exporting env vars: AIRFLOW_CTX_DAG_OWNER='***' AIRFLOW_CTX_DAG_ID='scrape_and_save_share_prices_with_company_data' AIRFLOW_CTX_TASK_ID='create_company_table' AIRFLOW_CTX_EXECUTION_DATE='2023-10-01T00:00:00+00:00' AIRFLOW_CTX_TRY_NUMBER='1' AIRFLOW_CTX_DAG_RUN_ID='scheduled__2023-10-01T00:00:00+00:00'
[2024-09-27T18:07:34.322+0000] {logging_mixin.py:190} INFO - Task instance is in running state
[2024-09-27T18:07:34.325+0000] {logging_mixin.py:190} INFO -  Previous state of the Task instance: queued
[2024-09-27T18:07:34.342+0000] {logging_mixin.py:190} INFO - Current task name:create_company_table state:running start_date:2024-09-27 18:07:31.530335+00:00
[2024-09-27T18:07:34.343+0000] {logging_mixin.py:190} INFO - Dag name:scrape_and_save_share_prices_with_company_data and current dag run status:running
[2024-09-27T18:07:34.407+0000] {taskinstance.py:731} INFO - ::endgroup::
[2024-09-27T18:07:34.494+0000] {base.py:84} INFO - Retrieving connection 'dse_connection'
[2024-09-27T18:07:34.563+0000] {sql.py:509} INFO - Running statement: 
        CREATE TABLE IF NOT EXISTS company_list (
            company_id SERIAL PRIMARY KEY,
            company_trade_name VARCHAR(255) NOT NULL,
            company_url VARCHAR(255) NOT NULL,
            UNIQUE(company_trade_name)
        );
    , parameters: None
[2024-09-27T18:07:34.578+0000] {python.py:240} INFO - Done. Returned value was: None
[2024-09-27T18:07:34.694+0000] {taskinstance.py:340} INFO - ::group::Post task execution logs
[2024-09-27T18:07:34.704+0000] {taskinstance.py:352} INFO - Marking task as SUCCESS. dag_id=scrape_and_save_share_prices_with_company_data, task_id=create_company_table, run_id=scheduled__2023-10-01T00:00:00+00:00, execution_date=20231001T000000, start_date=20240927T180731, end_date=20240927T180734
[2024-09-27T18:07:34.934+0000] {logging_mixin.py:190} INFO - Task instance in success state
[2024-09-27T18:07:34.947+0000] {logging_mixin.py:190} INFO -  Previous state of the Task instance: running
[2024-09-27T18:07:34.956+0000] {logging_mixin.py:190} INFO - Dag name:scrape_and_save_share_prices_with_company_data queued_at:2024-09-27 18:06:50.941856+00:00
[2024-09-27T18:07:34.958+0000] {logging_mixin.py:190} INFO - Task hostname:13b5797a93ab operator:PythonOperator
[2024-09-27T18:07:35.198+0000] {local_task_job_runner.py:266} INFO - Task exited with return code 0
[2024-09-27T18:07:35.657+0000] {taskinstance.py:3900} INFO - 1 downstream tasks scheduled from follow-on schedule check
[2024-09-27T18:07:35.701+0000] {local_task_job_runner.py:245} INFO - ::endgroup::
[2024-09-27T21:51:16.232+0000] {local_task_job_runner.py:123} INFO - ::group::Pre task execution logs
[2024-09-27T21:51:16.310+0000] {taskinstance.py:2612} INFO - Dependencies all met for dep_context=non-requeueable deps ti=<TaskInstance: scrape_and_save_share_prices_with_company_data.create_company_table scheduled__2023-10-01T00:00:00+00:00 [queued]>
[2024-09-27T21:51:16.366+0000] {taskinstance.py:2612} INFO - Dependencies all met for dep_context=requeueable deps ti=<TaskInstance: scrape_and_save_share_prices_with_company_data.create_company_table scheduled__2023-10-01T00:00:00+00:00 [queued]>
[2024-09-27T21:51:16.374+0000] {taskinstance.py:2865} INFO - Starting attempt 1 of 2
[2024-09-27T21:51:16.508+0000] {taskinstance.py:2888} INFO - Executing <Task(PythonOperator): create_company_table> on 2023-10-01 00:00:00+00:00
[2024-09-27T21:51:16.555+0000] {warnings.py:112} WARNING - /home/***/.local/lib/python3.12/site-packages/***/task/task_runner/standard_task_runner.py:70: DeprecationWarning: This process (pid=388) is multi-threaded, use of fork() may lead to deadlocks in the child.
  pid = os.fork()

[2024-09-27T21:51:16.564+0000] {standard_task_runner.py:72} INFO - Started process 416 to run task
[2024-09-27T21:51:16.582+0000] {standard_task_runner.py:104} INFO - Running: ['***', 'tasks', 'run', 'scrape_and_save_share_prices_with_company_data', 'create_company_table', 'scheduled__2023-10-01T00:00:00+00:00', '--job-id', '2130', '--raw', '--subdir', 'DAGS_FOLDER/dag.py', '--cfg-path', '/tmp/tmp1rdxda75']
[2024-09-27T21:51:16.585+0000] {standard_task_runner.py:105} INFO - Job 2130: Subtask create_company_table
[2024-09-27T21:51:16.956+0000] {task_command.py:467} INFO - Running <TaskInstance: scrape_and_save_share_prices_with_company_data.create_company_table scheduled__2023-10-01T00:00:00+00:00 [running]> on host fd62fe12432d
[2024-09-27T21:51:17.784+0000] {taskinstance.py:3131} INFO - Exporting env vars: AIRFLOW_CTX_DAG_OWNER='***' AIRFLOW_CTX_DAG_ID='scrape_and_save_share_prices_with_company_data' AIRFLOW_CTX_TASK_ID='create_company_table' AIRFLOW_CTX_EXECUTION_DATE='2023-10-01T00:00:00+00:00' AIRFLOW_CTX_TRY_NUMBER='1' AIRFLOW_CTX_DAG_RUN_ID='scheduled__2023-10-01T00:00:00+00:00'
[2024-09-27T21:51:17.799+0000] {logging_mixin.py:190} INFO - Task instance is in running state
[2024-09-27T21:51:17.809+0000] {logging_mixin.py:190} INFO -  Previous state of the Task instance: queued
[2024-09-27T21:51:17.815+0000] {logging_mixin.py:190} INFO - Current task name:create_company_table state:running start_date:2024-09-27 21:51:16.313901+00:00
[2024-09-27T21:51:17.822+0000] {logging_mixin.py:190} INFO - Dag name:scrape_and_save_share_prices_with_company_data and current dag run status:running
[2024-09-27T21:51:17.836+0000] {taskinstance.py:731} INFO - ::endgroup::
[2024-09-27T21:51:17.963+0000] {base.py:84} INFO - Retrieving connection 'dse_connection'
[2024-09-27T21:51:39.045+0000] {logging_mixin.py:190} INFO - Error creating company table: connection to server at "172.23.0.3", port 5432 failed: Connection refused
	Is the server running on that host and accepting TCP/IP connections?
[2024-09-27T21:51:39.046+0000] {python.py:240} INFO - Done. Returned value was: None
[2024-09-27T21:51:51.989+0000] {taskinstance.py:340} INFO - ::group::Post task execution logs
[2024-09-27T21:51:52.006+0000] {taskinstance.py:352} INFO - Marking task as SUCCESS. dag_id=scrape_and_save_share_prices_with_company_data, task_id=create_company_table, run_id=scheduled__2023-10-01T00:00:00+00:00, execution_date=20231001T000000, start_date=20240927T215116, end_date=20240927T215152
[2024-09-27T21:51:52.044+0000] {job.py:229} INFO - Heartbeat recovered after 30.40 seconds
[2024-09-27T21:51:52.076+0000] {logging_mixin.py:190} INFO - Task instance in success state
[2024-09-27T21:51:52.080+0000] {logging_mixin.py:190} INFO -  Previous state of the Task instance: running
[2024-09-27T21:51:52.083+0000] {logging_mixin.py:190} INFO - Dag name:scrape_and_save_share_prices_with_company_data queued_at:2024-09-27 21:51:00.397983+00:00
[2024-09-27T21:51:52.088+0000] {logging_mixin.py:190} INFO - Task hostname:fd62fe12432d operator:PythonOperator
[2024-09-27T21:51:52.152+0000] {local_task_job_runner.py:266} INFO - Task exited with return code 0
[2024-09-27T21:51:52.245+0000] {taskinstance.py:3900} INFO - 1 downstream tasks scheduled from follow-on schedule check
[2024-09-27T21:51:52.278+0000] {local_task_job_runner.py:245} INFO - ::endgroup::
[2024-09-27T22:34:51.147+0000] {local_task_job_runner.py:123} INFO - ::group::Pre task execution logs
[2024-09-27T22:34:51.456+0000] {taskinstance.py:2612} INFO - Dependencies all met for dep_context=non-requeueable deps ti=<TaskInstance: scrape_and_save_share_prices_with_company_data.create_company_table scheduled__2023-10-01T00:00:00+00:00 [queued]>
[2024-09-27T22:34:51.519+0000] {taskinstance.py:2612} INFO - Dependencies all met for dep_context=requeueable deps ti=<TaskInstance: scrape_and_save_share_prices_with_company_data.create_company_table scheduled__2023-10-01T00:00:00+00:00 [queued]>
[2024-09-27T22:34:51.530+0000] {taskinstance.py:2865} INFO - Starting attempt 1 of 2
[2024-09-27T22:34:51.841+0000] {taskinstance.py:2888} INFO - Executing <Task(PythonOperator): create_company_table> on 2023-10-01 00:00:00+00:00
[2024-09-27T22:34:51.897+0000] {standard_task_runner.py:104} INFO - Running: ['***', 'tasks', 'run', 'scrape_and_save_share_prices_with_company_data', 'create_company_table', 'scheduled__2023-10-01T00:00:00+00:00', '--job-id', '2601', '--raw', '--subdir', 'DAGS_FOLDER/dag.py', '--cfg-path', '/tmp/tmpfcm9d_sp']
[2024-09-27T22:34:51.911+0000] {standard_task_runner.py:105} INFO - Job 2601: Subtask create_company_table
[2024-09-27T22:34:51.887+0000] {warnings.py:112} WARNING - /home/***/.local/lib/python3.12/site-packages/***/task/task_runner/standard_task_runner.py:70: DeprecationWarning: This process (pid=190) is multi-threaded, use of fork() may lead to deadlocks in the child.
  pid = os.fork()

[2024-09-27T22:34:51.932+0000] {standard_task_runner.py:72} INFO - Started process 233 to run task
[2024-09-27T22:34:52.189+0000] {task_command.py:467} INFO - Running <TaskInstance: scrape_and_save_share_prices_with_company_data.create_company_table scheduled__2023-10-01T00:00:00+00:00 [running]> on host 7746de5121f6
[2024-09-27T22:34:52.640+0000] {taskinstance.py:3131} INFO - Exporting env vars: AIRFLOW_CTX_DAG_OWNER='***' AIRFLOW_CTX_DAG_ID='scrape_and_save_share_prices_with_company_data' AIRFLOW_CTX_TASK_ID='create_company_table' AIRFLOW_CTX_EXECUTION_DATE='2023-10-01T00:00:00+00:00' AIRFLOW_CTX_TRY_NUMBER='1' AIRFLOW_CTX_DAG_RUN_ID='scheduled__2023-10-01T00:00:00+00:00'
[2024-09-27T22:34:52.649+0000] {logging_mixin.py:190} INFO - Task instance is in running state
[2024-09-27T22:34:52.653+0000] {logging_mixin.py:190} INFO -  Previous state of the Task instance: queued
[2024-09-27T22:34:52.655+0000] {logging_mixin.py:190} INFO - Current task name:create_company_table state:running start_date:2024-09-27 22:34:51.464677+00:00
[2024-09-27T22:34:52.657+0000] {logging_mixin.py:190} INFO - Dag name:scrape_and_save_share_prices_with_company_data and current dag run status:running
[2024-09-27T22:34:52.658+0000] {taskinstance.py:731} INFO - ::endgroup::
[2024-09-27T22:34:52.687+0000] {base.py:84} INFO - Retrieving connection 'dse_connection'
[2024-09-27T22:34:52.701+0000] {sql.py:509} INFO - Running statement: 
        CREATE TABLE IF NOT EXISTS company_list (
            company_id SERIAL PRIMARY KEY,
            company_trade_name VARCHAR(255) NOT NULL,
            company_url VARCHAR(255) NOT NULL,
            UNIQUE(company_trade_name)
        );
    , parameters: None
[2024-09-27T22:34:52.708+0000] {python.py:240} INFO - Done. Returned value was: None
[2024-09-27T22:34:52.754+0000] {taskinstance.py:340} INFO - ::group::Post task execution logs
[2024-09-27T22:34:52.758+0000] {taskinstance.py:352} INFO - Marking task as SUCCESS. dag_id=scrape_and_save_share_prices_with_company_data, task_id=create_company_table, run_id=scheduled__2023-10-01T00:00:00+00:00, execution_date=20231001T000000, start_date=20240927T223451, end_date=20240927T223452
[2024-09-27T22:34:52.851+0000] {logging_mixin.py:190} INFO - Task instance in success state
[2024-09-27T22:34:52.853+0000] {logging_mixin.py:190} INFO -  Previous state of the Task instance: running
[2024-09-27T22:34:52.854+0000] {logging_mixin.py:190} INFO - Dag name:scrape_and_save_share_prices_with_company_data queued_at:2024-09-27 22:34:36.975215+00:00
[2024-09-27T22:34:52.854+0000] {logging_mixin.py:190} INFO - Task hostname:7746de5121f6 operator:PythonOperator
[2024-09-27T22:34:52.948+0000] {local_task_job_runner.py:266} INFO - Task exited with return code 0
[2024-09-27T22:34:53.054+0000] {taskinstance.py:3900} INFO - 1 downstream tasks scheduled from follow-on schedule check
[2024-09-27T22:34:53.073+0000] {local_task_job_runner.py:245} INFO - ::endgroup::
