[2024-09-27T18:11:42.609+0000] {local_task_job_runner.py:123} INFO - ::group::Pre task execution logs
[2024-09-27T18:11:42.765+0000] {taskinstance.py:2612} INFO - Dependencies all met for dep_context=non-requeueable deps ti=<TaskInstance: scrape_and_save_share_prices_with_company_data.create_company_table scheduled__2023-10-17T00:00:00+00:00 [queued]>
[2024-09-27T18:11:42.825+0000] {taskinstance.py:2612} INFO - Dependencies all met for dep_context=requeueable deps ti=<TaskInstance: scrape_and_save_share_prices_with_company_data.create_company_table scheduled__2023-10-17T00:00:00+00:00 [queued]>
[2024-09-27T18:11:42.829+0000] {taskinstance.py:2865} INFO - Starting attempt 1 of 2
[2024-09-27T18:11:42.942+0000] {taskinstance.py:2888} INFO - Executing <Task(PythonOperator): create_company_table> on 2023-10-17 00:00:00+00:00
[2024-09-27T18:11:42.966+0000] {warnings.py:112} WARNING - /home/***/.local/lib/python3.12/site-packages/***/task/task_runner/standard_task_runner.py:70: DeprecationWarning: This process (pid=11986) is multi-threaded, use of fork() may lead to deadlocks in the child.
  pid = os.fork()

[2024-09-27T18:11:42.970+0000] {standard_task_runner.py:72} INFO - Started process 12017 to run task
[2024-09-27T18:11:43.009+0000] {standard_task_runner.py:104} INFO - Running: ['***', 'tasks', 'run', 'scrape_and_save_share_prices_with_company_data', 'create_company_table', 'scheduled__2023-10-17T00:00:00+00:00', '--job-id', '1149', '--raw', '--subdir', 'DAGS_FOLDER/dag.py', '--cfg-path', '/tmp/tmpyeg8yc64']
[2024-09-27T18:11:43.014+0000] {standard_task_runner.py:105} INFO - Job 1149: Subtask create_company_table
[2024-09-27T18:11:43.169+0000] {task_command.py:467} INFO - Running <TaskInstance: scrape_and_save_share_prices_with_company_data.create_company_table scheduled__2023-10-17T00:00:00+00:00 [running]> on host 13b5797a93ab
[2024-09-27T18:11:43.480+0000] {taskinstance.py:3131} INFO - Exporting env vars: AIRFLOW_CTX_DAG_OWNER='***' AIRFLOW_CTX_DAG_ID='scrape_and_save_share_prices_with_company_data' AIRFLOW_CTX_TASK_ID='create_company_table' AIRFLOW_CTX_EXECUTION_DATE='2023-10-17T00:00:00+00:00' AIRFLOW_CTX_TRY_NUMBER='1' AIRFLOW_CTX_DAG_RUN_ID='scheduled__2023-10-17T00:00:00+00:00'
[2024-09-27T18:11:43.483+0000] {logging_mixin.py:190} INFO - Task instance is in running state
[2024-09-27T18:11:43.484+0000] {logging_mixin.py:190} INFO -  Previous state of the Task instance: queued
[2024-09-27T18:11:43.486+0000] {logging_mixin.py:190} INFO - Current task name:create_company_table state:running start_date:2024-09-27 18:11:42.767274+00:00
[2024-09-27T18:11:43.487+0000] {logging_mixin.py:190} INFO - Dag name:scrape_and_save_share_prices_with_company_data and current dag run status:running
[2024-09-27T18:11:43.489+0000] {taskinstance.py:731} INFO - ::endgroup::
[2024-09-27T18:11:43.538+0000] {base.py:84} INFO - Retrieving connection 'dse_connection'
[2024-09-27T18:11:43.565+0000] {sql.py:509} INFO - Running statement: 
        CREATE TABLE IF NOT EXISTS company_list (
            company_id SERIAL PRIMARY KEY,
            company_trade_name VARCHAR(255) NOT NULL,
            company_url VARCHAR(255) NOT NULL,
            UNIQUE(company_trade_name)
        );
    , parameters: None
[2024-09-27T18:11:43.568+0000] {python.py:240} INFO - Done. Returned value was: None
[2024-09-27T18:11:43.617+0000] {taskinstance.py:340} INFO - ::group::Post task execution logs
[2024-09-27T18:11:43.618+0000] {taskinstance.py:352} INFO - Marking task as SUCCESS. dag_id=scrape_and_save_share_prices_with_company_data, task_id=create_company_table, run_id=scheduled__2023-10-17T00:00:00+00:00, execution_date=20231017T000000, start_date=20240927T181142, end_date=20240927T181143
[2024-09-27T18:11:43.655+0000] {logging_mixin.py:190} INFO - Task instance in success state
[2024-09-27T18:11:43.656+0000] {logging_mixin.py:190} INFO -  Previous state of the Task instance: running
[2024-09-27T18:11:43.658+0000] {logging_mixin.py:190} INFO - Dag name:scrape_and_save_share_prices_with_company_data queued_at:2024-09-27 18:11:33.277724+00:00
[2024-09-27T18:11:43.660+0000] {logging_mixin.py:190} INFO - Task hostname:13b5797a93ab operator:PythonOperator
[2024-09-27T18:11:43.735+0000] {local_task_job_runner.py:266} INFO - Task exited with return code 0
[2024-09-27T18:11:43.834+0000] {taskinstance.py:3900} INFO - 1 downstream tasks scheduled from follow-on schedule check
[2024-09-27T18:11:43.847+0000] {local_task_job_runner.py:245} INFO - ::endgroup::
[2024-09-27T22:00:55.246+0000] {local_task_job_runner.py:123} INFO - ::group::Pre task execution logs
[2024-09-27T22:00:55.278+0000] {taskinstance.py:2612} INFO - Dependencies all met for dep_context=non-requeueable deps ti=<TaskInstance: scrape_and_save_share_prices_with_company_data.create_company_table scheduled__2023-10-17T00:00:00+00:00 [queued]>
[2024-09-27T22:00:55.292+0000] {taskinstance.py:2612} INFO - Dependencies all met for dep_context=requeueable deps ti=<TaskInstance: scrape_and_save_share_prices_with_company_data.create_company_table scheduled__2023-10-17T00:00:00+00:00 [queued]>
[2024-09-27T22:00:55.293+0000] {taskinstance.py:2865} INFO - Starting attempt 1 of 2
[2024-09-27T22:00:55.376+0000] {taskinstance.py:2888} INFO - Executing <Task(PythonOperator): create_company_table> on 2023-10-17 00:00:00+00:00
[2024-09-27T22:00:55.389+0000] {warnings.py:112} WARNING - /home/***/.local/lib/python3.12/site-packages/***/task/task_runner/standard_task_runner.py:70: DeprecationWarning: This process (pid=788) is multi-threaded, use of fork() may lead to deadlocks in the child.
  pid = os.fork()

[2024-09-27T22:00:55.392+0000] {standard_task_runner.py:72} INFO - Started process 800 to run task
[2024-09-27T22:00:55.394+0000] {standard_task_runner.py:104} INFO - Running: ['***', 'tasks', 'run', 'scrape_and_save_share_prices_with_company_data', 'create_company_table', 'scheduled__2023-10-17T00:00:00+00:00', '--job-id', '2203', '--raw', '--subdir', 'DAGS_FOLDER/dag.py', '--cfg-path', '/tmp/tmp3wr5j9eg']
[2024-09-27T22:00:55.396+0000] {standard_task_runner.py:105} INFO - Job 2203: Subtask create_company_table
[2024-09-27T22:00:55.471+0000] {task_command.py:467} INFO - Running <TaskInstance: scrape_and_save_share_prices_with_company_data.create_company_table scheduled__2023-10-17T00:00:00+00:00 [running]> on host fd62fe12432d
[2024-09-27T22:00:55.624+0000] {taskinstance.py:3131} INFO - Exporting env vars: AIRFLOW_CTX_DAG_OWNER='***' AIRFLOW_CTX_DAG_ID='scrape_and_save_share_prices_with_company_data' AIRFLOW_CTX_TASK_ID='create_company_table' AIRFLOW_CTX_EXECUTION_DATE='2023-10-17T00:00:00+00:00' AIRFLOW_CTX_TRY_NUMBER='1' AIRFLOW_CTX_DAG_RUN_ID='scheduled__2023-10-17T00:00:00+00:00'
[2024-09-27T22:00:55.627+0000] {logging_mixin.py:190} INFO - Task instance is in running state
[2024-09-27T22:00:55.628+0000] {logging_mixin.py:190} INFO -  Previous state of the Task instance: queued
[2024-09-27T22:00:55.629+0000] {logging_mixin.py:190} INFO - Current task name:create_company_table state:running start_date:2024-09-27 22:00:55.280110+00:00
[2024-09-27T22:00:55.630+0000] {logging_mixin.py:190} INFO - Dag name:scrape_and_save_share_prices_with_company_data and current dag run status:running
[2024-09-27T22:00:55.631+0000] {taskinstance.py:731} INFO - ::endgroup::
[2024-09-27T22:00:55.646+0000] {base.py:84} INFO - Retrieving connection 'dse_connection'
[2024-09-27T22:00:55.653+0000] {sql.py:509} INFO - Running statement: 
        CREATE TABLE IF NOT EXISTS company_list (
            company_id SERIAL PRIMARY KEY,
            company_trade_name VARCHAR(255) NOT NULL,
            company_url VARCHAR(255) NOT NULL,
            UNIQUE(company_trade_name)
        );
    , parameters: None
[2024-09-27T22:00:55.655+0000] {python.py:240} INFO - Done. Returned value was: None
[2024-09-27T22:00:55.672+0000] {taskinstance.py:340} INFO - ::group::Post task execution logs
[2024-09-27T22:00:55.674+0000] {taskinstance.py:352} INFO - Marking task as SUCCESS. dag_id=scrape_and_save_share_prices_with_company_data, task_id=create_company_table, run_id=scheduled__2023-10-17T00:00:00+00:00, execution_date=20231017T000000, start_date=20240927T220055, end_date=20240927T220055
[2024-09-27T22:00:55.693+0000] {logging_mixin.py:190} INFO - Task instance in success state
[2024-09-27T22:00:55.694+0000] {logging_mixin.py:190} INFO -  Previous state of the Task instance: running
[2024-09-27T22:00:55.696+0000] {logging_mixin.py:190} INFO - Dag name:scrape_and_save_share_prices_with_company_data queued_at:2024-09-27 22:00:51.221562+00:00
[2024-09-27T22:00:55.696+0000] {logging_mixin.py:190} INFO - Task hostname:fd62fe12432d operator:PythonOperator
[2024-09-27T22:00:55.731+0000] {local_task_job_runner.py:266} INFO - Task exited with return code 0
[2024-09-27T22:00:55.747+0000] {local_task_job_runner.py:245} INFO - ::endgroup::
[2024-09-27T22:39:15.316+0000] {local_task_job_runner.py:123} INFO - ::group::Pre task execution logs
[2024-09-27T22:39:15.369+0000] {taskinstance.py:2612} INFO - Dependencies all met for dep_context=non-requeueable deps ti=<TaskInstance: scrape_and_save_share_prices_with_company_data.create_company_table scheduled__2023-10-17T00:00:00+00:00 [queued]>
[2024-09-27T22:39:15.404+0000] {taskinstance.py:2612} INFO - Dependencies all met for dep_context=requeueable deps ti=<TaskInstance: scrape_and_save_share_prices_with_company_data.create_company_table scheduled__2023-10-17T00:00:00+00:00 [queued]>
[2024-09-27T22:39:15.410+0000] {taskinstance.py:2865} INFO - Starting attempt 1 of 2
[2024-09-27T22:39:15.451+0000] {taskinstance.py:2888} INFO - Executing <Task(PythonOperator): create_company_table> on 2023-10-17 00:00:00+00:00
[2024-09-27T22:39:15.495+0000] {warnings.py:112} WARNING - /home/***/.local/lib/python3.12/site-packages/***/task/task_runner/standard_task_runner.py:70: DeprecationWarning: This process (pid=409) is multi-threaded, use of fork() may lead to deadlocks in the child.
  pid = os.fork()

[2024-09-27T22:39:15.498+0000] {standard_task_runner.py:72} INFO - Started process 433 to run task
[2024-09-27T22:39:15.515+0000] {standard_task_runner.py:104} INFO - Running: ['***', 'tasks', 'run', 'scrape_and_save_share_prices_with_company_data', 'create_company_table', 'scheduled__2023-10-17T00:00:00+00:00', '--job-id', '2647', '--raw', '--subdir', 'DAGS_FOLDER/dag.py', '--cfg-path', '/tmp/tmpxw28ftwy']
[2024-09-27T22:39:15.519+0000] {standard_task_runner.py:105} INFO - Job 2647: Subtask create_company_table
[2024-09-27T22:39:15.634+0000] {task_command.py:467} INFO - Running <TaskInstance: scrape_and_save_share_prices_with_company_data.create_company_table scheduled__2023-10-17T00:00:00+00:00 [running]> on host 7746de5121f6
[2024-09-27T22:39:16.035+0000] {taskinstance.py:3131} INFO - Exporting env vars: AIRFLOW_CTX_DAG_OWNER='***' AIRFLOW_CTX_DAG_ID='scrape_and_save_share_prices_with_company_data' AIRFLOW_CTX_TASK_ID='create_company_table' AIRFLOW_CTX_EXECUTION_DATE='2023-10-17T00:00:00+00:00' AIRFLOW_CTX_TRY_NUMBER='1' AIRFLOW_CTX_DAG_RUN_ID='scheduled__2023-10-17T00:00:00+00:00'
[2024-09-27T22:39:16.047+0000] {logging_mixin.py:190} INFO - Task instance is in running state
[2024-09-27T22:39:16.049+0000] {logging_mixin.py:190} INFO -  Previous state of the Task instance: queued
[2024-09-27T22:39:16.061+0000] {logging_mixin.py:190} INFO - Current task name:create_company_table state:running start_date:2024-09-27 22:39:15.379716+00:00
[2024-09-27T22:39:16.067+0000] {logging_mixin.py:190} INFO - Dag name:scrape_and_save_share_prices_with_company_data and current dag run status:running
[2024-09-27T22:39:16.070+0000] {taskinstance.py:731} INFO - ::endgroup::
[2024-09-27T22:39:16.168+0000] {base.py:84} INFO - Retrieving connection 'dse_connection'
[2024-09-27T22:39:16.190+0000] {sql.py:509} INFO - Running statement: 
        CREATE TABLE IF NOT EXISTS company_list (
            company_id SERIAL PRIMARY KEY,
            company_trade_name VARCHAR(255) NOT NULL,
            company_url VARCHAR(255) NOT NULL,
            UNIQUE(company_trade_name)
        );
    , parameters: None
[2024-09-27T22:39:16.193+0000] {python.py:240} INFO - Done. Returned value was: None
[2024-09-27T22:39:16.227+0000] {taskinstance.py:340} INFO - ::group::Post task execution logs
[2024-09-27T22:39:16.228+0000] {taskinstance.py:352} INFO - Marking task as SUCCESS. dag_id=scrape_and_save_share_prices_with_company_data, task_id=create_company_table, run_id=scheduled__2023-10-17T00:00:00+00:00, execution_date=20231017T000000, start_date=20240927T223915, end_date=20240927T223916
[2024-09-27T22:39:16.269+0000] {logging_mixin.py:190} INFO - Task instance in success state
[2024-09-27T22:39:16.275+0000] {logging_mixin.py:190} INFO -  Previous state of the Task instance: running
[2024-09-27T22:39:16.276+0000] {logging_mixin.py:190} INFO - Dag name:scrape_and_save_share_prices_with_company_data queued_at:2024-09-27 22:39:09.091329+00:00
[2024-09-27T22:39:16.277+0000] {logging_mixin.py:190} INFO - Task hostname:7746de5121f6 operator:PythonOperator
[2024-09-27T22:39:16.329+0000] {local_task_job_runner.py:266} INFO - Task exited with return code 0
[2024-09-27T22:39:16.362+0000] {local_task_job_runner.py:245} INFO - ::endgroup::
