[2024-09-27T18:28:25.088+0000] {local_task_job_runner.py:123} INFO - ::group::Pre task execution logs
[2024-09-27T18:28:25.207+0000] {taskinstance.py:2612} INFO - Dependencies all met for dep_context=non-requeueable deps ti=<TaskInstance: scrape_and_save_share_prices_with_company_data.create_share_prices_table scheduled__2023-12-17T00:00:00+00:00 [queued]>
[2024-09-27T18:28:25.248+0000] {taskinstance.py:2612} INFO - Dependencies all met for dep_context=requeueable deps ti=<TaskInstance: scrape_and_save_share_prices_with_company_data.create_share_prices_table scheduled__2023-12-17T00:00:00+00:00 [queued]>
[2024-09-27T18:28:25.254+0000] {taskinstance.py:2865} INFO - Starting attempt 1 of 2
[2024-09-27T18:28:25.319+0000] {taskinstance.py:2888} INFO - Executing <Task(PythonOperator): create_share_prices_table> on 2023-12-17 00:00:00+00:00
[2024-09-27T18:28:25.384+0000] {warnings.py:112} WARNING - /home/***/.local/lib/python3.12/site-packages/***/task/task_runner/standard_task_runner.py:70: DeprecationWarning: This process (pid=13308) is multi-threaded, use of fork() may lead to deadlocks in the child.
  pid = os.fork()

[2024-09-27T18:28:25.397+0000] {standard_task_runner.py:72} INFO - Started process 13330 to run task
[2024-09-27T18:28:25.430+0000] {standard_task_runner.py:104} INFO - Running: ['***', 'tasks', 'run', 'scrape_and_save_share_prices_with_company_data', 'create_share_prices_table', 'scheduled__2023-12-17T00:00:00+00:00', '--job-id', '1437', '--raw', '--subdir', 'DAGS_FOLDER/dag.py', '--cfg-path', '/tmp/tmp14693561']
[2024-09-27T18:28:25.435+0000] {standard_task_runner.py:105} INFO - Job 1437: Subtask create_share_prices_table
[2024-09-27T18:28:25.705+0000] {task_command.py:467} INFO - Running <TaskInstance: scrape_and_save_share_prices_with_company_data.create_share_prices_table scheduled__2023-12-17T00:00:00+00:00 [running]> on host 13b5797a93ab
[2024-09-27T18:28:26.116+0000] {taskinstance.py:3131} INFO - Exporting env vars: AIRFLOW_CTX_DAG_OWNER='***' AIRFLOW_CTX_DAG_ID='scrape_and_save_share_prices_with_company_data' AIRFLOW_CTX_TASK_ID='create_share_prices_table' AIRFLOW_CTX_EXECUTION_DATE='2023-12-17T00:00:00+00:00' AIRFLOW_CTX_TRY_NUMBER='1' AIRFLOW_CTX_DAG_RUN_ID='scheduled__2023-12-17T00:00:00+00:00'
[2024-09-27T18:28:26.139+0000] {logging_mixin.py:190} INFO - Task instance is in running state
[2024-09-27T18:28:26.165+0000] {logging_mixin.py:190} INFO -  Previous state of the Task instance: queued
[2024-09-27T18:28:26.181+0000] {logging_mixin.py:190} INFO - Current task name:create_share_prices_table state:running start_date:2024-09-27 18:28:25.209580+00:00
[2024-09-27T18:28:26.197+0000] {logging_mixin.py:190} INFO - Dag name:scrape_and_save_share_prices_with_company_data and current dag run status:running
[2024-09-27T18:28:26.219+0000] {taskinstance.py:731} INFO - ::endgroup::
[2024-09-27T18:28:26.262+0000] {base.py:84} INFO - Retrieving connection 'dse_connection'
[2024-09-27T18:28:26.280+0000] {sql.py:509} INFO - Running statement: 
        CREATE TABLE IF NOT EXISTS company_share_prices (
            id SERIAL,
            company_id INTEGER NOT NULL,
            date DATE,
            latest_trading_price VARCHAR(50),
            low_price VARCHAR(50),
            high_price VARCHAR(50),
            closing_price VARCHAR(50),
            ycp VARCHAR(50),
            change VARCHAR(10),
            trade VARCHAR(50),
            value VARCHAR(50),
            volume VARCHAR(50),
            PRIMARY KEY(company_id, id),
            FOREIGN KEY(company_id)
                REFERENCES company_list(company_id)
                ON UPDATE CASCADE ON DELETE CASCADE
        );
    , parameters: None
[2024-09-27T18:28:26.287+0000] {python.py:240} INFO - Done. Returned value was: None
[2024-09-27T18:28:26.308+0000] {taskinstance.py:340} INFO - ::group::Post task execution logs
[2024-09-27T18:28:26.320+0000] {taskinstance.py:352} INFO - Marking task as SUCCESS. dag_id=scrape_and_save_share_prices_with_company_data, task_id=create_share_prices_table, run_id=scheduled__2023-12-17T00:00:00+00:00, execution_date=20231217T000000, start_date=20240927T182825, end_date=20240927T182826
[2024-09-27T18:28:26.354+0000] {logging_mixin.py:190} INFO - Task instance in success state
[2024-09-27T18:28:26.359+0000] {logging_mixin.py:190} INFO -  Previous state of the Task instance: running
[2024-09-27T18:28:26.361+0000] {logging_mixin.py:190} INFO - Dag name:scrape_and_save_share_prices_with_company_data queued_at:2024-09-27 18:27:03.642651+00:00
[2024-09-27T18:28:26.362+0000] {logging_mixin.py:190} INFO - Task hostname:13b5797a93ab operator:PythonOperator
[2024-09-27T18:28:26.394+0000] {local_task_job_runner.py:266} INFO - Task exited with return code 0
[2024-09-27T18:28:26.479+0000] {taskinstance.py:3900} INFO - 1 downstream tasks scheduled from follow-on schedule check
[2024-09-27T18:28:26.507+0000] {local_task_job_runner.py:245} INFO - ::endgroup::
[2024-09-27T22:17:17.112+0000] {local_task_job_runner.py:123} INFO - ::group::Pre task execution logs
[2024-09-27T22:17:17.496+0000] {taskinstance.py:2612} INFO - Dependencies all met for dep_context=non-requeueable deps ti=<TaskInstance: scrape_and_save_share_prices_with_company_data.create_share_prices_table scheduled__2023-12-17T00:00:00+00:00 [queued]>
[2024-09-27T22:17:17.599+0000] {taskinstance.py:2612} INFO - Dependencies all met for dep_context=requeueable deps ti=<TaskInstance: scrape_and_save_share_prices_with_company_data.create_share_prices_table scheduled__2023-12-17T00:00:00+00:00 [queued]>
[2024-09-27T22:17:17.627+0000] {taskinstance.py:2865} INFO - Starting attempt 1 of 2
[2024-09-27T22:17:17.757+0000] {taskinstance.py:2888} INFO - Executing <Task(PythonOperator): create_share_prices_table> on 2023-12-17 00:00:00+00:00
[2024-09-27T22:17:17.816+0000] {warnings.py:112} WARNING - /home/***/.local/lib/python3.12/site-packages/***/task/task_runner/standard_task_runner.py:70: DeprecationWarning: This process (pid=2069) is multi-threaded, use of fork() may lead to deadlocks in the child.
  pid = os.fork()

[2024-09-27T22:17:17.879+0000] {standard_task_runner.py:72} INFO - Started process 2126 to run task
[2024-09-27T22:17:17.911+0000] {standard_task_runner.py:104} INFO - Running: ['***', 'tasks', 'run', 'scrape_and_save_share_prices_with_company_data', 'create_share_prices_table', 'scheduled__2023-12-17T00:00:00+00:00', '--job-id', '2493', '--raw', '--subdir', 'DAGS_FOLDER/dag.py', '--cfg-path', '/tmp/tmpcpcbwe2g']
[2024-09-27T22:17:17.985+0000] {standard_task_runner.py:105} INFO - Job 2493: Subtask create_share_prices_table
[2024-09-27T22:17:18.526+0000] {task_command.py:467} INFO - Running <TaskInstance: scrape_and_save_share_prices_with_company_data.create_share_prices_table scheduled__2023-12-17T00:00:00+00:00 [running]> on host fd62fe12432d
[2024-09-27T22:17:19.101+0000] {taskinstance.py:3131} INFO - Exporting env vars: AIRFLOW_CTX_DAG_OWNER='***' AIRFLOW_CTX_DAG_ID='scrape_and_save_share_prices_with_company_data' AIRFLOW_CTX_TASK_ID='create_share_prices_table' AIRFLOW_CTX_EXECUTION_DATE='2023-12-17T00:00:00+00:00' AIRFLOW_CTX_TRY_NUMBER='1' AIRFLOW_CTX_DAG_RUN_ID='scheduled__2023-12-17T00:00:00+00:00'
[2024-09-27T22:17:19.112+0000] {logging_mixin.py:190} INFO - Task instance is in running state
[2024-09-27T22:17:19.112+0000] {logging_mixin.py:190} INFO -  Previous state of the Task instance: queued
[2024-09-27T22:17:19.115+0000] {logging_mixin.py:190} INFO - Current task name:create_share_prices_table state:running start_date:2024-09-27 22:17:17.503866+00:00
[2024-09-27T22:17:19.149+0000] {logging_mixin.py:190} INFO - Dag name:scrape_and_save_share_prices_with_company_data and current dag run status:running
[2024-09-27T22:17:19.155+0000] {taskinstance.py:731} INFO - ::endgroup::
[2024-09-27T22:17:19.216+0000] {base.py:84} INFO - Retrieving connection 'dse_connection'
[2024-09-27T22:17:19.275+0000] {sql.py:509} INFO - Running statement: 
        CREATE TABLE IF NOT EXISTS company_share_prices (
            id SERIAL,
            company_id INTEGER NOT NULL,
            date DATE,
            latest_trading_price VARCHAR(50),
            low_price VARCHAR(50),
            high_price VARCHAR(50),
            closing_price VARCHAR(50),
            ycp VARCHAR(50),
            change VARCHAR(10),
            trade VARCHAR(50),
            value VARCHAR(50),
            volume VARCHAR(50),
            PRIMARY KEY(company_id, id),
            FOREIGN KEY(company_id)
                REFERENCES company_list(company_id)
                ON UPDATE CASCADE ON DELETE CASCADE
        );
    , parameters: None
[2024-09-27T22:17:19.279+0000] {python.py:240} INFO - Done. Returned value was: None
[2024-09-27T22:17:19.331+0000] {taskinstance.py:340} INFO - ::group::Post task execution logs
[2024-09-27T22:17:19.334+0000] {taskinstance.py:352} INFO - Marking task as SUCCESS. dag_id=scrape_and_save_share_prices_with_company_data, task_id=create_share_prices_table, run_id=scheduled__2023-12-17T00:00:00+00:00, execution_date=20231217T000000, start_date=20240927T221717, end_date=20240927T221719
[2024-09-27T22:17:19.460+0000] {logging_mixin.py:190} INFO - Task instance in success state
[2024-09-27T22:17:19.462+0000] {logging_mixin.py:190} INFO -  Previous state of the Task instance: running
[2024-09-27T22:17:19.466+0000] {logging_mixin.py:190} INFO - Dag name:scrape_and_save_share_prices_with_company_data queued_at:2024-09-27 22:15:08.741803+00:00
[2024-09-27T22:17:19.469+0000] {logging_mixin.py:190} INFO - Task hostname:fd62fe12432d operator:PythonOperator
[2024-09-27T22:17:19.545+0000] {local_task_job_runner.py:266} INFO - Task exited with return code 0
[2024-09-27T22:17:19.710+0000] {taskinstance.py:3900} INFO - 1 downstream tasks scheduled from follow-on schedule check
[2024-09-27T22:17:19.736+0000] {local_task_job_runner.py:245} INFO - ::endgroup::
[2024-09-27T22:55:10.486+0000] {local_task_job_runner.py:123} INFO - ::group::Pre task execution logs
[2024-09-27T22:55:10.545+0000] {taskinstance.py:2612} INFO - Dependencies all met for dep_context=non-requeueable deps ti=<TaskInstance: scrape_and_save_share_prices_with_company_data.create_share_prices_table scheduled__2023-12-17T00:00:00+00:00 [queued]>
[2024-09-27T22:55:10.572+0000] {taskinstance.py:2612} INFO - Dependencies all met for dep_context=requeueable deps ti=<TaskInstance: scrape_and_save_share_prices_with_company_data.create_share_prices_table scheduled__2023-12-17T00:00:00+00:00 [queued]>
[2024-09-27T22:55:10.573+0000] {taskinstance.py:2865} INFO - Starting attempt 1 of 2
[2024-09-27T22:55:10.632+0000] {taskinstance.py:2888} INFO - Executing <Task(PythonOperator): create_share_prices_table> on 2023-12-17 00:00:00+00:00
[2024-09-27T22:55:10.667+0000] {warnings.py:112} WARNING - /home/***/.local/lib/python3.12/site-packages/***/task/task_runner/standard_task_runner.py:70: DeprecationWarning: This process (pid=1731) is multi-threaded, use of fork() may lead to deadlocks in the child.
  pid = os.fork()

[2024-09-27T22:55:10.680+0000] {standard_task_runner.py:72} INFO - Started process 1747 to run task
[2024-09-27T22:55:10.672+0000] {standard_task_runner.py:104} INFO - Running: ['***', 'tasks', 'run', 'scrape_and_save_share_prices_with_company_data', 'create_share_prices_table', 'scheduled__2023-12-17T00:00:00+00:00', '--job-id', '2938', '--raw', '--subdir', 'DAGS_FOLDER/dag.py', '--cfg-path', '/tmp/tmprf979fd1']
[2024-09-27T22:55:10.686+0000] {standard_task_runner.py:105} INFO - Job 2938: Subtask create_share_prices_table
[2024-09-27T22:55:10.949+0000] {task_command.py:467} INFO - Running <TaskInstance: scrape_and_save_share_prices_with_company_data.create_share_prices_table scheduled__2023-12-17T00:00:00+00:00 [running]> on host 7746de5121f6
[2024-09-27T22:55:11.472+0000] {taskinstance.py:3131} INFO - Exporting env vars: AIRFLOW_CTX_DAG_OWNER='***' AIRFLOW_CTX_DAG_ID='scrape_and_save_share_prices_with_company_data' AIRFLOW_CTX_TASK_ID='create_share_prices_table' AIRFLOW_CTX_EXECUTION_DATE='2023-12-17T00:00:00+00:00' AIRFLOW_CTX_TRY_NUMBER='1' AIRFLOW_CTX_DAG_RUN_ID='scheduled__2023-12-17T00:00:00+00:00'
[2024-09-27T22:55:11.483+0000] {logging_mixin.py:190} INFO - Task instance is in running state
[2024-09-27T22:55:11.493+0000] {logging_mixin.py:190} INFO -  Previous state of the Task instance: queued
[2024-09-27T22:55:11.495+0000] {logging_mixin.py:190} INFO - Current task name:create_share_prices_table state:running start_date:2024-09-27 22:55:10.547666+00:00
[2024-09-27T22:55:11.499+0000] {logging_mixin.py:190} INFO - Dag name:scrape_and_save_share_prices_with_company_data and current dag run status:running
[2024-09-27T22:55:11.513+0000] {taskinstance.py:731} INFO - ::endgroup::
[2024-09-27T22:55:11.551+0000] {base.py:84} INFO - Retrieving connection 'dse_connection'
[2024-09-27T22:55:11.568+0000] {sql.py:509} INFO - Running statement: 
        CREATE TABLE IF NOT EXISTS company_share_prices (
            id SERIAL,
            company_id INTEGER NOT NULL,
            date DATE,
            latest_trading_price VARCHAR(50),
            low_price VARCHAR(50),
            high_price VARCHAR(50),
            closing_price VARCHAR(50),
            ycp VARCHAR(50),
            change VARCHAR(10),
            trade VARCHAR(50),
            value VARCHAR(50),
            volume VARCHAR(50),
            PRIMARY KEY(company_id, id),
            FOREIGN KEY(company_id)
                REFERENCES company_list(company_id)
                ON UPDATE CASCADE ON DELETE CASCADE
        );
    , parameters: None
[2024-09-27T22:55:11.570+0000] {python.py:240} INFO - Done. Returned value was: None
[2024-09-27T22:55:11.602+0000] {taskinstance.py:340} INFO - ::group::Post task execution logs
[2024-09-27T22:55:11.611+0000] {taskinstance.py:352} INFO - Marking task as SUCCESS. dag_id=scrape_and_save_share_prices_with_company_data, task_id=create_share_prices_table, run_id=scheduled__2023-12-17T00:00:00+00:00, execution_date=20231217T000000, start_date=20240927T225510, end_date=20240927T225511
[2024-09-27T22:55:11.645+0000] {logging_mixin.py:190} INFO - Task instance in success state
[2024-09-27T22:55:11.647+0000] {logging_mixin.py:190} INFO -  Previous state of the Task instance: running
[2024-09-27T22:55:11.648+0000] {logging_mixin.py:190} INFO - Dag name:scrape_and_save_share_prices_with_company_data queued_at:2024-09-27 22:54:15.311673+00:00
[2024-09-27T22:55:11.649+0000] {logging_mixin.py:190} INFO - Task hostname:7746de5121f6 operator:PythonOperator
[2024-09-27T22:55:11.686+0000] {local_task_job_runner.py:266} INFO - Task exited with return code 0
[2024-09-27T22:55:11.931+0000] {taskinstance.py:3900} INFO - 1 downstream tasks scheduled from follow-on schedule check
[2024-09-27T22:55:11.948+0000] {local_task_job_runner.py:245} INFO - ::endgroup::
