[2024-09-27T23:18:01.947+0000] {local_task_job_runner.py:123} INFO - ::group::Pre task execution logs
[2024-09-27T23:18:01.996+0000] {taskinstance.py:2612} INFO - Dependencies all met for dep_context=non-requeueable deps ti=<TaskInstance: scrape_and_save_share_prices_with_company_data.save_share_prices_data scheduled__2024-04-16T00:00:00+00:00 [queued]>
[2024-09-27T23:18:02.047+0000] {taskinstance.py:2612} INFO - Dependencies all met for dep_context=requeueable deps ti=<TaskInstance: scrape_and_save_share_prices_with_company_data.save_share_prices_data scheduled__2024-04-16T00:00:00+00:00 [queued]>
[2024-09-27T23:18:02.049+0000] {taskinstance.py:2865} INFO - Starting attempt 1 of 2
[2024-09-27T23:18:02.094+0000] {taskinstance.py:2888} INFO - Executing <Task(PythonOperator): save_share_prices_data> on 2024-04-16 00:00:00+00:00
[2024-09-27T23:18:02.107+0000] {warnings.py:112} WARNING - /home/***/.local/lib/python3.12/site-packages/***/task/task_runner/standard_task_runner.py:70: DeprecationWarning: This process (pid=3950) is multi-threaded, use of fork() may lead to deadlocks in the child.
  pid = os.fork()

[2024-09-27T23:18:02.112+0000] {standard_task_runner.py:72} INFO - Started process 3969 to run task
[2024-09-27T23:18:02.121+0000] {standard_task_runner.py:104} INFO - Running: ['***', 'tasks', 'run', 'scrape_and_save_share_prices_with_company_data', 'save_share_prices_data', 'scheduled__2024-04-16T00:00:00+00:00', '--job-id', '3437', '--raw', '--subdir', 'DAGS_FOLDER/dag.py', '--cfg-path', '/tmp/tmp_0g3ehn6']
[2024-09-27T23:18:02.125+0000] {standard_task_runner.py:105} INFO - Job 3437: Subtask save_share_prices_data
[2024-09-27T23:18:02.272+0000] {task_command.py:467} INFO - Running <TaskInstance: scrape_and_save_share_prices_with_company_data.save_share_prices_data scheduled__2024-04-16T00:00:00+00:00 [running]> on host 7746de5121f6
[2024-09-27T23:18:02.549+0000] {taskinstance.py:3131} INFO - Exporting env vars: AIRFLOW_CTX_DAG_OWNER='***' AIRFLOW_CTX_DAG_ID='scrape_and_save_share_prices_with_company_data' AIRFLOW_CTX_TASK_ID='save_share_prices_data' AIRFLOW_CTX_EXECUTION_DATE='2024-04-16T00:00:00+00:00' AIRFLOW_CTX_TRY_NUMBER='1' AIRFLOW_CTX_DAG_RUN_ID='scheduled__2024-04-16T00:00:00+00:00'
[2024-09-27T23:18:02.555+0000] {logging_mixin.py:190} INFO - Task instance is in running state
[2024-09-27T23:18:02.558+0000] {logging_mixin.py:190} INFO -  Previous state of the Task instance: queued
[2024-09-27T23:18:02.561+0000] {logging_mixin.py:190} INFO - Current task name:save_share_prices_data state:running start_date:2024-09-27 23:18:01.998003+00:00
[2024-09-27T23:18:02.565+0000] {logging_mixin.py:190} INFO - Dag name:scrape_and_save_share_prices_with_company_data and current dag run status:running
[2024-09-27T23:18:02.571+0000] {taskinstance.py:731} INFO - ::endgroup::
[2024-09-27T23:18:04.670+0000] {python.py:240} INFO - Done. Returned value was: None
[2024-09-27T23:18:04.730+0000] {taskinstance.py:340} INFO - ::group::Post task execution logs
[2024-09-27T23:18:04.748+0000] {taskinstance.py:352} INFO - Marking task as SUCCESS. dag_id=scrape_and_save_share_prices_with_company_data, task_id=save_share_prices_data, run_id=scheduled__2024-04-16T00:00:00+00:00, execution_date=20240416T000000, start_date=20240927T231801, end_date=20240927T231804
[2024-09-27T23:18:04.802+0000] {logging_mixin.py:190} INFO - Task instance in success state
[2024-09-27T23:18:04.803+0000] {logging_mixin.py:190} INFO -  Previous state of the Task instance: running
[2024-09-27T23:18:04.805+0000] {logging_mixin.py:190} INFO - Dag name:scrape_and_save_share_prices_with_company_data queued_at:2024-09-27 23:16:33.639596+00:00
[2024-09-27T23:18:04.808+0000] {logging_mixin.py:190} INFO - Task hostname:7746de5121f6 operator:PythonOperator
[2024-09-27T23:18:04.903+0000] {local_task_job_runner.py:266} INFO - Task exited with return code 0
[2024-09-27T23:18:04.972+0000] {local_task_job_runner.py:245} INFO - ::endgroup::
