[2024-09-27T18:27:18.486+0000] {local_task_job_runner.py:123} INFO - ::group::Pre task execution logs
[2024-09-27T18:27:18.790+0000] {taskinstance.py:2612} INFO - Dependencies all met for dep_context=non-requeueable deps ti=<TaskInstance: scrape_and_save_share_prices_with_company_data.create_company_table scheduled__2023-12-19T00:00:00+00:00 [queued]>
[2024-09-27T18:27:18.889+0000] {taskinstance.py:2612} INFO - Dependencies all met for dep_context=requeueable deps ti=<TaskInstance: scrape_and_save_share_prices_with_company_data.create_company_table scheduled__2023-12-19T00:00:00+00:00 [queued]>
[2024-09-27T18:27:18.899+0000] {taskinstance.py:2865} INFO - Starting attempt 1 of 2
[2024-09-27T18:27:19.116+0000] {taskinstance.py:2888} INFO - Executing <Task(PythonOperator): create_company_table> on 2023-12-19 00:00:00+00:00
[2024-09-27T18:27:19.138+0000] {warnings.py:112} WARNING - /home/***/.local/lib/python3.12/site-packages/***/task/task_runner/standard_task_runner.py:70: DeprecationWarning: This process (pid=13219) is multi-threaded, use of fork() may lead to deadlocks in the child.
  pid = os.fork()

[2024-09-27T18:27:19.159+0000] {standard_task_runner.py:72} INFO - Started process 13254 to run task
[2024-09-27T18:27:19.154+0000] {standard_task_runner.py:104} INFO - Running: ['***', 'tasks', 'run', 'scrape_and_save_share_prices_with_company_data', 'create_company_table', 'scheduled__2023-12-19T00:00:00+00:00', '--job-id', '1420', '--raw', '--subdir', 'DAGS_FOLDER/dag.py', '--cfg-path', '/tmp/tmpk0lqv0y5']
[2024-09-27T18:27:19.169+0000] {standard_task_runner.py:105} INFO - Job 1420: Subtask create_company_table
[2024-09-27T18:27:19.512+0000] {task_command.py:467} INFO - Running <TaskInstance: scrape_and_save_share_prices_with_company_data.create_company_table scheduled__2023-12-19T00:00:00+00:00 [running]> on host 13b5797a93ab
[2024-09-27T18:27:19.945+0000] {taskinstance.py:3131} INFO - Exporting env vars: AIRFLOW_CTX_DAG_OWNER='***' AIRFLOW_CTX_DAG_ID='scrape_and_save_share_prices_with_company_data' AIRFLOW_CTX_TASK_ID='create_company_table' AIRFLOW_CTX_EXECUTION_DATE='2023-12-19T00:00:00+00:00' AIRFLOW_CTX_TRY_NUMBER='1' AIRFLOW_CTX_DAG_RUN_ID='scheduled__2023-12-19T00:00:00+00:00'
[2024-09-27T18:27:19.948+0000] {logging_mixin.py:190} INFO - Task instance is in running state
[2024-09-27T18:27:19.949+0000] {logging_mixin.py:190} INFO -  Previous state of the Task instance: queued
[2024-09-27T18:27:19.950+0000] {logging_mixin.py:190} INFO - Current task name:create_company_table state:running start_date:2024-09-27 18:27:18.806463+00:00
[2024-09-27T18:27:19.951+0000] {logging_mixin.py:190} INFO - Dag name:scrape_and_save_share_prices_with_company_data and current dag run status:running
[2024-09-27T18:27:19.952+0000] {taskinstance.py:731} INFO - ::endgroup::
[2024-09-27T18:27:19.985+0000] {base.py:84} INFO - Retrieving connection 'dse_connection'
[2024-09-27T18:27:20.005+0000] {sql.py:509} INFO - Running statement: 
        CREATE TABLE IF NOT EXISTS company_list (
            company_id SERIAL PRIMARY KEY,
            company_trade_name VARCHAR(255) NOT NULL,
            company_url VARCHAR(255) NOT NULL,
            UNIQUE(company_trade_name)
        );
    , parameters: None
[2024-09-27T18:27:20.016+0000] {python.py:240} INFO - Done. Returned value was: None
[2024-09-27T18:27:20.055+0000] {taskinstance.py:340} INFO - ::group::Post task execution logs
[2024-09-27T18:27:20.063+0000] {taskinstance.py:352} INFO - Marking task as SUCCESS. dag_id=scrape_and_save_share_prices_with_company_data, task_id=create_company_table, run_id=scheduled__2023-12-19T00:00:00+00:00, execution_date=20231219T000000, start_date=20240927T182718, end_date=20240927T182720
[2024-09-27T18:27:20.130+0000] {logging_mixin.py:190} INFO - Task instance in success state
[2024-09-27T18:27:20.132+0000] {logging_mixin.py:190} INFO -  Previous state of the Task instance: running
[2024-09-27T18:27:20.133+0000] {logging_mixin.py:190} INFO - Dag name:scrape_and_save_share_prices_with_company_data queued_at:2024-09-27 18:27:05.212696+00:00
[2024-09-27T18:27:20.134+0000] {logging_mixin.py:190} INFO - Task hostname:13b5797a93ab operator:PythonOperator
[2024-09-27T18:27:20.216+0000] {local_task_job_runner.py:266} INFO - Task exited with return code 0
[2024-09-27T18:27:20.241+0000] {local_task_job_runner.py:245} INFO - ::endgroup::
[2024-09-27T22:15:16.136+0000] {local_task_job_runner.py:123} INFO - ::group::Pre task execution logs
[2024-09-27T22:15:16.271+0000] {taskinstance.py:2612} INFO - Dependencies all met for dep_context=non-requeueable deps ti=<TaskInstance: scrape_and_save_share_prices_with_company_data.create_company_table scheduled__2023-12-19T00:00:00+00:00 [queued]>
[2024-09-27T22:15:16.340+0000] {taskinstance.py:2612} INFO - Dependencies all met for dep_context=requeueable deps ti=<TaskInstance: scrape_and_save_share_prices_with_company_data.create_company_table scheduled__2023-12-19T00:00:00+00:00 [queued]>
[2024-09-27T22:15:16.342+0000] {taskinstance.py:2865} INFO - Starting attempt 1 of 2
[2024-09-27T22:15:16.490+0000] {taskinstance.py:2888} INFO - Executing <Task(PythonOperator): create_company_table> on 2023-12-19 00:00:00+00:00
[2024-09-27T22:15:16.566+0000] {standard_task_runner.py:104} INFO - Running: ['***', 'tasks', 'run', 'scrape_and_save_share_prices_with_company_data', 'create_company_table', 'scheduled__2023-12-19T00:00:00+00:00', '--job-id', '2460', '--raw', '--subdir', 'DAGS_FOLDER/dag.py', '--cfg-path', '/tmp/tmpwnxx6bl1']
[2024-09-27T22:15:16.559+0000] {warnings.py:112} WARNING - /home/***/.local/lib/python3.12/site-packages/***/task/task_runner/standard_task_runner.py:70: DeprecationWarning: This process (pid=1957) is multi-threaded, use of fork() may lead to deadlocks in the child.
  pid = os.fork()

[2024-09-27T22:15:16.571+0000] {standard_task_runner.py:105} INFO - Job 2460: Subtask create_company_table
[2024-09-27T22:15:16.580+0000] {standard_task_runner.py:72} INFO - Started process 1977 to run task
[2024-09-27T22:15:16.903+0000] {task_command.py:467} INFO - Running <TaskInstance: scrape_and_save_share_prices_with_company_data.create_company_table scheduled__2023-12-19T00:00:00+00:00 [running]> on host fd62fe12432d
[2024-09-27T22:15:17.382+0000] {taskinstance.py:3131} INFO - Exporting env vars: AIRFLOW_CTX_DAG_OWNER='***' AIRFLOW_CTX_DAG_ID='scrape_and_save_share_prices_with_company_data' AIRFLOW_CTX_TASK_ID='create_company_table' AIRFLOW_CTX_EXECUTION_DATE='2023-12-19T00:00:00+00:00' AIRFLOW_CTX_TRY_NUMBER='1' AIRFLOW_CTX_DAG_RUN_ID='scheduled__2023-12-19T00:00:00+00:00'
[2024-09-27T22:15:17.386+0000] {logging_mixin.py:190} INFO - Task instance is in running state
[2024-09-27T22:15:17.387+0000] {logging_mixin.py:190} INFO -  Previous state of the Task instance: queued
[2024-09-27T22:15:17.389+0000] {logging_mixin.py:190} INFO - Current task name:create_company_table state:running start_date:2024-09-27 22:15:16.273802+00:00
[2024-09-27T22:15:17.390+0000] {logging_mixin.py:190} INFO - Dag name:scrape_and_save_share_prices_with_company_data and current dag run status:running
[2024-09-27T22:15:17.391+0000] {taskinstance.py:731} INFO - ::endgroup::
[2024-09-27T22:15:17.424+0000] {base.py:84} INFO - Retrieving connection 'dse_connection'
[2024-09-27T22:15:17.490+0000] {sql.py:509} INFO - Running statement: 
        CREATE TABLE IF NOT EXISTS company_list (
            company_id SERIAL PRIMARY KEY,
            company_trade_name VARCHAR(255) NOT NULL,
            company_url VARCHAR(255) NOT NULL,
            UNIQUE(company_trade_name)
        );
    , parameters: None
[2024-09-27T22:15:17.496+0000] {python.py:240} INFO - Done. Returned value was: None
[2024-09-27T22:15:17.523+0000] {taskinstance.py:340} INFO - ::group::Post task execution logs
[2024-09-27T22:15:17.525+0000] {taskinstance.py:352} INFO - Marking task as SUCCESS. dag_id=scrape_and_save_share_prices_with_company_data, task_id=create_company_table, run_id=scheduled__2023-12-19T00:00:00+00:00, execution_date=20231219T000000, start_date=20240927T221516, end_date=20240927T221517
[2024-09-27T22:15:17.555+0000] {logging_mixin.py:190} INFO - Task instance in success state
[2024-09-27T22:15:17.563+0000] {logging_mixin.py:190} INFO -  Previous state of the Task instance: running
[2024-09-27T22:15:17.567+0000] {logging_mixin.py:190} INFO - Dag name:scrape_and_save_share_prices_with_company_data queued_at:2024-09-27 22:15:09.927527+00:00
[2024-09-27T22:15:17.590+0000] {logging_mixin.py:190} INFO - Task hostname:fd62fe12432d operator:PythonOperator
[2024-09-27T22:15:17.644+0000] {local_task_job_runner.py:266} INFO - Task exited with return code 0
[2024-09-27T22:15:17.741+0000] {taskinstance.py:3900} INFO - 1 downstream tasks scheduled from follow-on schedule check
[2024-09-27T22:15:17.753+0000] {local_task_job_runner.py:245} INFO - ::endgroup::
[2024-09-27T22:55:08.074+0000] {local_task_job_runner.py:123} INFO - ::group::Pre task execution logs
[2024-09-27T22:55:08.147+0000] {taskinstance.py:2612} INFO - Dependencies all met for dep_context=non-requeueable deps ti=<TaskInstance: scrape_and_save_share_prices_with_company_data.create_company_table scheduled__2023-12-19T00:00:00+00:00 [queued]>
[2024-09-27T22:55:08.167+0000] {taskinstance.py:2612} INFO - Dependencies all met for dep_context=requeueable deps ti=<TaskInstance: scrape_and_save_share_prices_with_company_data.create_company_table scheduled__2023-12-19T00:00:00+00:00 [queued]>
[2024-09-27T22:55:08.190+0000] {taskinstance.py:2865} INFO - Starting attempt 1 of 2
[2024-09-27T22:55:08.279+0000] {taskinstance.py:2888} INFO - Executing <Task(PythonOperator): create_company_table> on 2023-12-19 00:00:00+00:00
[2024-09-27T22:55:08.354+0000] {warnings.py:112} WARNING - /home/***/.local/lib/python3.12/site-packages/***/task/task_runner/standard_task_runner.py:70: DeprecationWarning: This process (pid=1721) is multi-threaded, use of fork() may lead to deadlocks in the child.
  pid = os.fork()

[2024-09-27T22:55:08.362+0000] {standard_task_runner.py:72} INFO - Started process 1741 to run task
[2024-09-27T22:55:08.365+0000] {standard_task_runner.py:104} INFO - Running: ['***', 'tasks', 'run', 'scrape_and_save_share_prices_with_company_data', 'create_company_table', 'scheduled__2023-12-19T00:00:00+00:00', '--job-id', '2935', '--raw', '--subdir', 'DAGS_FOLDER/dag.py', '--cfg-path', '/tmp/tmp5rk6uwer']
[2024-09-27T22:55:08.380+0000] {standard_task_runner.py:105} INFO - Job 2935: Subtask create_company_table
[2024-09-27T22:55:08.646+0000] {task_command.py:467} INFO - Running <TaskInstance: scrape_and_save_share_prices_with_company_data.create_company_table scheduled__2023-12-19T00:00:00+00:00 [running]> on host 7746de5121f6
[2024-09-27T22:55:09.008+0000] {taskinstance.py:3131} INFO - Exporting env vars: AIRFLOW_CTX_DAG_OWNER='***' AIRFLOW_CTX_DAG_ID='scrape_and_save_share_prices_with_company_data' AIRFLOW_CTX_TASK_ID='create_company_table' AIRFLOW_CTX_EXECUTION_DATE='2023-12-19T00:00:00+00:00' AIRFLOW_CTX_TRY_NUMBER='1' AIRFLOW_CTX_DAG_RUN_ID='scheduled__2023-12-19T00:00:00+00:00'
[2024-09-27T22:55:09.011+0000] {logging_mixin.py:190} INFO - Task instance is in running state
[2024-09-27T22:55:09.019+0000] {logging_mixin.py:190} INFO -  Previous state of the Task instance: queued
[2024-09-27T22:55:09.030+0000] {logging_mixin.py:190} INFO - Current task name:create_company_table state:running start_date:2024-09-27 22:55:08.149071+00:00
[2024-09-27T22:55:09.031+0000] {logging_mixin.py:190} INFO - Dag name:scrape_and_save_share_prices_with_company_data and current dag run status:running
[2024-09-27T22:55:09.032+0000] {taskinstance.py:731} INFO - ::endgroup::
[2024-09-27T22:55:09.078+0000] {base.py:84} INFO - Retrieving connection 'dse_connection'
[2024-09-27T22:55:09.108+0000] {sql.py:509} INFO - Running statement: 
        CREATE TABLE IF NOT EXISTS company_list (
            company_id SERIAL PRIMARY KEY,
            company_trade_name VARCHAR(255) NOT NULL,
            company_url VARCHAR(255) NOT NULL,
            UNIQUE(company_trade_name)
        );
    , parameters: None
[2024-09-27T22:55:09.115+0000] {python.py:240} INFO - Done. Returned value was: None
[2024-09-27T22:55:09.171+0000] {taskinstance.py:340} INFO - ::group::Post task execution logs
[2024-09-27T22:55:09.176+0000] {taskinstance.py:352} INFO - Marking task as SUCCESS. dag_id=scrape_and_save_share_prices_with_company_data, task_id=create_company_table, run_id=scheduled__2023-12-19T00:00:00+00:00, execution_date=20231219T000000, start_date=20240927T225508, end_date=20240927T225509
[2024-09-27T22:55:09.236+0000] {logging_mixin.py:190} INFO - Task instance in success state
[2024-09-27T22:55:09.237+0000] {logging_mixin.py:190} INFO -  Previous state of the Task instance: running
[2024-09-27T22:55:09.238+0000] {logging_mixin.py:190} INFO - Dag name:scrape_and_save_share_prices_with_company_data queued_at:2024-09-27 22:54:56.535165+00:00
[2024-09-27T22:55:09.239+0000] {logging_mixin.py:190} INFO - Task hostname:7746de5121f6 operator:PythonOperator
[2024-09-27T22:55:09.336+0000] {local_task_job_runner.py:266} INFO - Task exited with return code 0
[2024-09-27T22:55:09.441+0000] {taskinstance.py:3900} INFO - 1 downstream tasks scheduled from follow-on schedule check
[2024-09-27T22:55:09.446+0000] {local_task_job_runner.py:245} INFO - ::endgroup::
