[2024-10-10T17:41:10.004+0000] {local_task_job_runner.py:123} INFO - ::group::Pre task execution logs
[2024-10-10T17:41:10.240+0000] {taskinstance.py:2612} INFO - Dependencies all met for dep_context=non-requeueable deps ti=<TaskInstance: scrape_and_save_share_prices_with_company_data.extract_and_save_company_market_info scheduled__2024-10-04T00:00:00+00:00 [queued]>
[2024-10-10T17:41:10.556+0000] {taskinstance.py:2612} INFO - Dependencies all met for dep_context=requeueable deps ti=<TaskInstance: scrape_and_save_share_prices_with_company_data.extract_and_save_company_market_info scheduled__2024-10-04T00:00:00+00:00 [queued]>
[2024-10-10T17:41:10.558+0000] {taskinstance.py:2865} INFO - Starting attempt 1 of 2
[2024-10-10T17:41:10.936+0000] {taskinstance.py:2888} INFO - Executing <Task(PythonOperator): extract_and_save_company_market_info> on 2024-10-04 00:00:00+00:00
[2024-10-10T17:41:11.044+0000] {warnings.py:112} WARNING - /home/***/.local/lib/python3.12/site-packages/***/task/task_runner/standard_task_runner.py:70: DeprecationWarning: This process (pid=1439) is multi-threaded, use of fork() may lead to deadlocks in the child.
  pid = os.fork()

[2024-10-10T17:41:11.050+0000] {standard_task_runner.py:72} INFO - Started process 1482 to run task
[2024-10-10T17:41:11.078+0000] {standard_task_runner.py:104} INFO - Running: ['***', 'tasks', 'run', 'scrape_and_save_share_prices_with_company_data', 'extract_and_save_company_market_info', 'scheduled__2024-10-04T00:00:00+00:00', '--job-id', '4315', '--raw', '--subdir', 'DAGS_FOLDER/dag.py', '--cfg-path', '/tmp/tmp0mrn_sa6']
[2024-10-10T17:41:11.124+0000] {standard_task_runner.py:105} INFO - Job 4315: Subtask extract_and_save_company_market_info
[2024-10-10T17:41:12.759+0000] {task_command.py:467} INFO - Running <TaskInstance: scrape_and_save_share_prices_with_company_data.extract_and_save_company_market_info scheduled__2024-10-04T00:00:00+00:00 [running]> on host 7746de5121f6
[2024-10-10T17:41:16.113+0000] {taskinstance.py:3131} INFO - Exporting env vars: AIRFLOW_CTX_DAG_OWNER='***' AIRFLOW_CTX_DAG_ID='scrape_and_save_share_prices_with_company_data' AIRFLOW_CTX_TASK_ID='extract_and_save_company_market_info' AIRFLOW_CTX_EXECUTION_DATE='2024-10-04T00:00:00+00:00' AIRFLOW_CTX_TRY_NUMBER='1' AIRFLOW_CTX_DAG_RUN_ID='scheduled__2024-10-04T00:00:00+00:00'
[2024-10-10T17:41:16.180+0000] {logging_mixin.py:190} INFO - Task instance is in running state
[2024-10-10T17:41:16.207+0000] {logging_mixin.py:190} INFO -  Previous state of the Task instance: queued
[2024-10-10T17:41:16.289+0000] {logging_mixin.py:190} INFO - Current task name:extract_and_save_company_market_info state:running start_date:2024-10-10 17:41:10.284640+00:00
[2024-10-10T17:41:16.321+0000] {logging_mixin.py:190} INFO - Dag name:scrape_and_save_share_prices_with_company_data and current dag run status:running
[2024-10-10T17:41:16.327+0000] {taskinstance.py:731} INFO - ::endgroup::
[2024-10-10T17:41:16.574+0000] {base.py:84} INFO - Retrieving connection 'dse_connection'
[2024-10-10T17:41:44.540+0000] {logging_mixin.py:190} INFO - [Ellipsis, '3.30', '3.30']
[2024-10-10T17:41:44.543+0000] {logging_mixin.py:190} INFO - [Ellipsis, '3.30', '3.30', '3:10 PM', '3.10 - 3.30']
[2024-10-10T17:41:44.549+0000] {logging_mixin.py:190} INFO - [Ellipsis, '3.30', '3.30', '3:10 PM', '3.10 - 3.30', '0.1', '0.38']
[2024-10-10T17:41:44.553+0000] {logging_mixin.py:190} INFO - [Ellipsis, '3.30', '3.30', '3:10 PM', '3.10 - 3.30', '0.1', '0.38', '3.12%', '3.10 - 6.10']
[2024-10-10T17:41:44.555+0000] {logging_mixin.py:190} INFO - [Ellipsis, '3.30', '3.30', '3:10 PM', '3.10 - 3.30', '0.1', '0.38', '3.12%', '3.10 - 6.10', '3.10', '116,365.00']
[2024-10-10T17:41:44.558+0000] {logging_mixin.py:190} INFO - [Ellipsis, '3.30', '3.30', '3:10 PM', '3.10 - 3.30', '0.1', '0.38', '3.12%', '3.10 - 6.10', '3.10', '116,365.00', '3.20', '56']
[2024-10-10T17:41:44.565+0000] {logging_mixin.py:190} INFO - [Ellipsis, '3.30', '3.30', '3:10 PM', '3.10 - 3.30', '0.1', '0.38', '3.12%', '3.10 - 6.10', '3.10', '116,365.00', '3.20', '56', '3.20', '927.755']
[2024-10-10T17:41:52.659+0000] {job.py:229} INFO - Heartbeat recovered after 25.50 seconds
[2024-10-10T17:41:52.804+0000] {base.py:84} INFO - Retrieving connection 'dse_connection'
[2024-10-10T17:41:52.849+0000] {sql.py:509} INFO - Running statement: 
            INSERT INTO company_market_info (date, last_trading_price, closing_price, last_update, day_range, change,
                                             change_percentage, day_value, weeks_moving_range, opening_price, day_volume,
                                             adjusted_opening_price, day_trade, yesterday_closing_price, market_capitalization, company_id) 
            VALUES (%s, %s, %s, %s, %s, %s, %s, %s, %s, %s, %s, %s, %s, %s, %s, %s);
        , parameters: (datetime.datetime(2024, 10, 10, 17, 41, 44, 572926), '3.30', '3.30', '3:10 PM', '3.10 - 3.30', '0.1', '0.38', '3.12%', '3.10 - 6.10', '3.10', '116,365.00', '3.20', '56', '3.20', '927.755', 1)
[2024-10-10T17:41:52.858+0000] {sql.py:518} INFO - Rows affected: 1
[2024-10-10T17:42:02.327+0000] {logging_mixin.py:190} INFO - [Ellipsis, '33.90', '33.90']
[2024-10-10T17:42:02.379+0000] {logging_mixin.py:190} INFO - [Ellipsis, '33.90', '33.90', '3:10 PM', '31.90 - 34.20']
[2024-10-10T17:42:02.399+0000] {logging_mixin.py:190} INFO - [Ellipsis, '33.90', '33.90', '3:10 PM', '31.90 - 34.20', '1.8', '15.82']
[2024-10-10T17:42:02.402+0000] {logging_mixin.py:190} INFO - [Ellipsis, '33.90', '33.90', '3:10 PM', '31.90 - 34.20', '1.8', '15.82', '5.61%', '14.00 - 51.40']
[2024-10-10T17:42:02.416+0000] {logging_mixin.py:190} INFO - [Ellipsis, '33.90', '33.90', '3:10 PM', '31.90 - 34.20', '1.8', '15.82', '5.61%', '14.00 - 51.40', '32.10', '471,591.00']
[2024-10-10T17:42:02.419+0000] {logging_mixin.py:190} INFO - [Ellipsis, '33.90', '33.90', '3:10 PM', '31.90 - 34.20', '1.8', '15.82', '5.61%', '14.00 - 51.40', '32.10', '471,591.00', '32.10', '400']
[2024-10-10T17:42:02.432+0000] {logging_mixin.py:190} INFO - [Ellipsis, '33.90', '33.90', '3:10 PM', '31.90 - 34.20', '1.8', '15.82', '5.61%', '14.00 - 51.40', '32.10', '471,591.00', '32.10', '400', '32.10', '642.000']
[2024-10-10T17:42:02.533+0000] {base.py:84} INFO - Retrieving connection 'dse_connection'
[2024-10-10T17:42:02.664+0000] {sql.py:509} INFO - Running statement: 
            INSERT INTO company_market_info (date, last_trading_price, closing_price, last_update, day_range, change,
                                             change_percentage, day_value, weeks_moving_range, opening_price, day_volume,
                                             adjusted_opening_price, day_trade, yesterday_closing_price, market_capitalization, company_id) 
            VALUES (%s, %s, %s, %s, %s, %s, %s, %s, %s, %s, %s, %s, %s, %s, %s, %s);
        , parameters: (datetime.datetime(2024, 10, 10, 17, 42, 2, 447726), '33.90', '33.90', '3:10 PM', '31.90 - 34.20', '1.8', '15.82', '5.61%', '14.00 - 51.40', '32.10', '471,591.00', '32.10', '400', '32.10', '642.000', 2)
[2024-10-10T17:42:02.700+0000] {sql.py:518} INFO - Rows affected: 1
[2024-10-10T17:42:05.317+0000] {logging_mixin.py:190} INFO - [Ellipsis, '-', '-']
[2024-10-10T17:42:05.328+0000] {logging_mixin.py:190} INFO - [Ellipsis, '-', '-', '3:10 PM', '-']
[2024-10-10T17:42:05.344+0000] {logging_mixin.py:190} INFO - [Ellipsis, '-', '-', '3:10 PM', '-', '-', '-']
[2024-10-10T17:42:05.361+0000] {logging_mixin.py:190} INFO - [Ellipsis, '-', '-', '3:10 PM', '-', '-', '-', '-', '29.00 - 59.30']
[2024-10-10T17:42:05.375+0000] {logging_mixin.py:190} INFO - [Ellipsis, '-', '-', '3:10 PM', '-', '-', '-', '-', '29.00 - 59.30', '-', '-']
[2024-10-10T17:42:05.391+0000] {logging_mixin.py:190} INFO - [Ellipsis, '-', '-', '3:10 PM', '-', '-', '-', '-', '29.00 - 59.30', '-', '-', '-', '-']
[2024-10-10T17:42:05.409+0000] {logging_mixin.py:190} INFO - [Ellipsis, '-', '-', '3:10 PM', '-', '-', '-', '-', '29.00 - 59.30', '-', '-', '-', '-', '-', '0.000']
[2024-10-10T17:42:05.671+0000] {base.py:84} INFO - Retrieving connection 'dse_connection'
[2024-10-10T17:42:05.739+0000] {sql.py:509} INFO - Running statement: 
            INSERT INTO company_market_info (date, last_trading_price, closing_price, last_update, day_range, change,
                                             change_percentage, day_value, weeks_moving_range, opening_price, day_volume,
                                             adjusted_opening_price, day_trade, yesterday_closing_price, market_capitalization, company_id) 
            VALUES (%s, %s, %s, %s, %s, %s, %s, %s, %s, %s, %s, %s, %s, %s, %s, %s);
        , parameters: (datetime.datetime(2024, 10, 10, 17, 42, 5, 423883), '-', '-', '3:10 PM', '-', '-', '-', '-', '29.00 - 59.30', '-', '-', '-', '-', '-', '0.000', 3)
[2024-10-10T17:42:05.821+0000] {sql.py:518} INFO - Rows affected: 1
[2024-10-10T17:42:15.995+0000] {logging_mixin.py:190} INFO - [Ellipsis, '20.70', '20.70']
[2024-10-10T17:42:16.008+0000] {logging_mixin.py:190} INFO - [Ellipsis, '20.70', '20.70', '3:10 PM', '18.90 - 20.70']
[2024-10-10T17:42:16.023+0000] {logging_mixin.py:190} INFO - [Ellipsis, '20.70', '20.70', '3:10 PM', '18.90 - 20.70', '1.8', '3.35']
[2024-10-10T17:42:16.026+0000] {logging_mixin.py:190} INFO - [Ellipsis, '20.70', '20.70', '3:10 PM', '18.90 - 20.70', '1.8', '3.35', '9.52%', '18.10 - 32.40']
[2024-10-10T17:42:16.086+0000] {logging_mixin.py:190} INFO - [Ellipsis, '20.70', '20.70', '3:10 PM', '18.90 - 20.70', '1.8', '3.35', '9.52%', '18.10 - 32.40', '19.40', '164,943.00']
[2024-10-10T17:42:16.173+0000] {logging_mixin.py:190} INFO - [Ellipsis, '20.70', '20.70', '3:10 PM', '18.90 - 20.70', '1.8', '3.35', '9.52%', '18.10 - 32.40', '19.40', '164,943.00', '18.90', '266']
[2024-10-10T17:42:16.214+0000] {logging_mixin.py:190} INFO - [Ellipsis, '20.70', '20.70', '3:10 PM', '18.90 - 20.70', '1.8', '3.35', '9.52%', '18.10 - 32.40', '19.40', '164,943.00', '18.90', '266', '18.90', '1,222.971']
[2024-10-10T17:42:16.247+0000] {base.py:84} INFO - Retrieving connection 'dse_connection'
[2024-10-10T17:42:16.351+0000] {sql.py:509} INFO - Running statement: 
            INSERT INTO company_market_info (date, last_trading_price, closing_price, last_update, day_range, change,
                                             change_percentage, day_value, weeks_moving_range, opening_price, day_volume,
                                             adjusted_opening_price, day_trade, yesterday_closing_price, market_capitalization, company_id) 
            VALUES (%s, %s, %s, %s, %s, %s, %s, %s, %s, %s, %s, %s, %s, %s, %s, %s);
        , parameters: (datetime.datetime(2024, 10, 10, 17, 42, 16, 221366), '20.70', '20.70', '3:10 PM', '18.90 - 20.70', '1.8', '3.35', '9.52%', '18.10 - 32.40', '19.40', '164,943.00', '18.90', '266', '18.90', '1,222.971', 4)
[2024-10-10T17:42:16.393+0000] {sql.py:518} INFO - Rows affected: 1
[2024-10-10T17:42:52.278+0000] {job.py:229} INFO - Heartbeat recovered after 37.73 seconds
[2024-10-10T17:42:52.651+0000] {local_task_job_runner.py:266} INFO - Task exited with return code -9For more information, see https://***.apache.org/docs/apache-***/stable/troubleshooting.html#LocalTaskJob-killed
[2024-10-10T17:42:53.254+0000] {standard_task_runner.py:217} INFO - Process not found (most likely exited), stop collecting metrics
[2024-10-10T17:42:53.700+0000] {taskinstance.py:3900} INFO - 0 downstream tasks scheduled from follow-on schedule check
[2024-10-10T17:42:53.704+0000] {local_task_job_runner.py:245} INFO - ::endgroup::
