[2024-09-27T18:27:13.371+0000] {local_task_job_runner.py:123} INFO - ::group::Pre task execution logs
[2024-09-27T18:27:13.469+0000] {taskinstance.py:2612} INFO - Dependencies all met for dep_context=non-requeueable deps ti=<TaskInstance: scrape_and_save_share_prices_with_company_data.create_company_table scheduled__2023-12-17T00:00:00+00:00 [queued]>
[2024-09-27T18:27:13.581+0000] {taskinstance.py:2612} INFO - Dependencies all met for dep_context=requeueable deps ti=<TaskInstance: scrape_and_save_share_prices_with_company_data.create_company_table scheduled__2023-12-17T00:00:00+00:00 [queued]>
[2024-09-27T18:27:13.587+0000] {taskinstance.py:2865} INFO - Starting attempt 1 of 2
[2024-09-27T18:27:13.822+0000] {taskinstance.py:2888} INFO - Executing <Task(PythonOperator): create_company_table> on 2023-12-17 00:00:00+00:00
[2024-09-27T18:27:13.932+0000] {standard_task_runner.py:104} INFO - Running: ['***', 'tasks', 'run', 'scrape_and_save_share_prices_with_company_data', 'create_company_table', 'scheduled__2023-12-17T00:00:00+00:00', '--job-id', '1413', '--raw', '--subdir', 'DAGS_FOLDER/dag.py', '--cfg-path', '/tmp/tmplu0ytk13']
[2024-09-27T18:27:13.959+0000] {standard_task_runner.py:105} INFO - Job 1413: Subtask create_company_table
[2024-09-27T18:27:13.914+0000] {warnings.py:112} WARNING - /home/***/.local/lib/python3.12/site-packages/***/task/task_runner/standard_task_runner.py:70: DeprecationWarning: This process (pid=13206) is multi-threaded, use of fork() may lead to deadlocks in the child.
  pid = os.fork()

[2024-09-27T18:27:13.999+0000] {standard_task_runner.py:72} INFO - Started process 13237 to run task
[2024-09-27T18:27:14.292+0000] {task_command.py:467} INFO - Running <TaskInstance: scrape_and_save_share_prices_with_company_data.create_company_table scheduled__2023-12-17T00:00:00+00:00 [running]> on host 13b5797a93ab
[2024-09-27T18:27:14.834+0000] {taskinstance.py:3131} INFO - Exporting env vars: AIRFLOW_CTX_DAG_OWNER='***' AIRFLOW_CTX_DAG_ID='scrape_and_save_share_prices_with_company_data' AIRFLOW_CTX_TASK_ID='create_company_table' AIRFLOW_CTX_EXECUTION_DATE='2023-12-17T00:00:00+00:00' AIRFLOW_CTX_TRY_NUMBER='1' AIRFLOW_CTX_DAG_RUN_ID='scheduled__2023-12-17T00:00:00+00:00'
[2024-09-27T18:27:14.846+0000] {logging_mixin.py:190} INFO - Task instance is in running state
[2024-09-27T18:27:14.849+0000] {logging_mixin.py:190} INFO -  Previous state of the Task instance: queued
[2024-09-27T18:27:14.851+0000] {logging_mixin.py:190} INFO - Current task name:create_company_table state:running start_date:2024-09-27 18:27:13.476772+00:00
[2024-09-27T18:27:14.853+0000] {logging_mixin.py:190} INFO - Dag name:scrape_and_save_share_prices_with_company_data and current dag run status:running
[2024-09-27T18:27:14.858+0000] {taskinstance.py:731} INFO - ::endgroup::
[2024-09-27T18:27:14.910+0000] {base.py:84} INFO - Retrieving connection 'dse_connection'
[2024-09-27T18:27:14.933+0000] {sql.py:509} INFO - Running statement: 
        CREATE TABLE IF NOT EXISTS company_list (
            company_id SERIAL PRIMARY KEY,
            company_trade_name VARCHAR(255) NOT NULL,
            company_url VARCHAR(255) NOT NULL,
            UNIQUE(company_trade_name)
        );
    , parameters: None
[2024-09-27T18:27:14.938+0000] {python.py:240} INFO - Done. Returned value was: None
[2024-09-27T18:27:14.997+0000] {taskinstance.py:340} INFO - ::group::Post task execution logs
[2024-09-27T18:27:15.009+0000] {taskinstance.py:352} INFO - Marking task as SUCCESS. dag_id=scrape_and_save_share_prices_with_company_data, task_id=create_company_table, run_id=scheduled__2023-12-17T00:00:00+00:00, execution_date=20231217T000000, start_date=20240927T182713, end_date=20240927T182715
[2024-09-27T18:27:15.108+0000] {logging_mixin.py:190} INFO - Task instance in success state
[2024-09-27T18:27:15.112+0000] {logging_mixin.py:190} INFO -  Previous state of the Task instance: running
[2024-09-27T18:27:15.119+0000] {logging_mixin.py:190} INFO - Dag name:scrape_and_save_share_prices_with_company_data queued_at:2024-09-27 18:27:03.642651+00:00
[2024-09-27T18:27:15.164+0000] {logging_mixin.py:190} INFO - Task hostname:13b5797a93ab operator:PythonOperator
[2024-09-27T18:27:15.247+0000] {local_task_job_runner.py:266} INFO - Task exited with return code 0
[2024-09-27T18:27:15.388+0000] {taskinstance.py:3900} INFO - 1 downstream tasks scheduled from follow-on schedule check
[2024-09-27T18:27:15.396+0000] {local_task_job_runner.py:245} INFO - ::endgroup::
[2024-09-27T22:15:22.454+0000] {local_task_job_runner.py:123} INFO - ::group::Pre task execution logs
[2024-09-27T22:15:22.601+0000] {taskinstance.py:2612} INFO - Dependencies all met for dep_context=non-requeueable deps ti=<TaskInstance: scrape_and_save_share_prices_with_company_data.create_company_table scheduled__2023-12-17T00:00:00+00:00 [queued]>
[2024-09-27T22:15:22.669+0000] {taskinstance.py:2612} INFO - Dependencies all met for dep_context=requeueable deps ti=<TaskInstance: scrape_and_save_share_prices_with_company_data.create_company_table scheduled__2023-12-17T00:00:00+00:00 [queued]>
[2024-09-27T22:15:22.688+0000] {taskinstance.py:2865} INFO - Starting attempt 1 of 2
[2024-09-27T22:15:22.810+0000] {taskinstance.py:2888} INFO - Executing <Task(PythonOperator): create_company_table> on 2023-12-17 00:00:00+00:00
[2024-09-27T22:15:22.832+0000] {warnings.py:112} WARNING - /home/***/.local/lib/python3.12/site-packages/***/task/task_runner/standard_task_runner.py:70: DeprecationWarning: This process (pid=1950) is multi-threaded, use of fork() may lead to deadlocks in the child.
  pid = os.fork()

[2024-09-27T22:15:22.864+0000] {standard_task_runner.py:72} INFO - Started process 2003 to run task
[2024-09-27T22:15:22.886+0000] {standard_task_runner.py:104} INFO - Running: ['***', 'tasks', 'run', 'scrape_and_save_share_prices_with_company_data', 'create_company_table', 'scheduled__2023-12-17T00:00:00+00:00', '--job-id', '2467', '--raw', '--subdir', 'DAGS_FOLDER/dag.py', '--cfg-path', '/tmp/tmpk48o8gg7']
[2024-09-27T22:15:22.903+0000] {standard_task_runner.py:105} INFO - Job 2467: Subtask create_company_table
[2024-09-27T22:15:23.235+0000] {task_command.py:467} INFO - Running <TaskInstance: scrape_and_save_share_prices_with_company_data.create_company_table scheduled__2023-12-17T00:00:00+00:00 [running]> on host fd62fe12432d
[2024-09-27T22:15:23.671+0000] {taskinstance.py:3131} INFO - Exporting env vars: AIRFLOW_CTX_DAG_OWNER='***' AIRFLOW_CTX_DAG_ID='scrape_and_save_share_prices_with_company_data' AIRFLOW_CTX_TASK_ID='create_company_table' AIRFLOW_CTX_EXECUTION_DATE='2023-12-17T00:00:00+00:00' AIRFLOW_CTX_TRY_NUMBER='1' AIRFLOW_CTX_DAG_RUN_ID='scheduled__2023-12-17T00:00:00+00:00'
[2024-09-27T22:15:23.683+0000] {logging_mixin.py:190} INFO - Task instance is in running state
[2024-09-27T22:15:23.689+0000] {logging_mixin.py:190} INFO -  Previous state of the Task instance: queued
[2024-09-27T22:15:23.719+0000] {logging_mixin.py:190} INFO - Current task name:create_company_table state:running start_date:2024-09-27 22:15:22.604741+00:00
[2024-09-27T22:15:23.720+0000] {logging_mixin.py:190} INFO - Dag name:scrape_and_save_share_prices_with_company_data and current dag run status:running
[2024-09-27T22:15:23.721+0000] {taskinstance.py:731} INFO - ::endgroup::
[2024-09-27T22:15:23.816+0000] {base.py:84} INFO - Retrieving connection 'dse_connection'
[2024-09-27T22:15:23.843+0000] {sql.py:509} INFO - Running statement: 
        CREATE TABLE IF NOT EXISTS company_list (
            company_id SERIAL PRIMARY KEY,
            company_trade_name VARCHAR(255) NOT NULL,
            company_url VARCHAR(255) NOT NULL,
            UNIQUE(company_trade_name)
        );
    , parameters: None
[2024-09-27T22:15:23.852+0000] {python.py:240} INFO - Done. Returned value was: None
[2024-09-27T22:15:23.915+0000] {taskinstance.py:340} INFO - ::group::Post task execution logs
[2024-09-27T22:15:23.926+0000] {taskinstance.py:352} INFO - Marking task as SUCCESS. dag_id=scrape_and_save_share_prices_with_company_data, task_id=create_company_table, run_id=scheduled__2023-12-17T00:00:00+00:00, execution_date=20231217T000000, start_date=20240927T221522, end_date=20240927T221523
[2024-09-27T22:15:24.054+0000] {logging_mixin.py:190} INFO - Task instance in success state
[2024-09-27T22:15:24.055+0000] {logging_mixin.py:190} INFO -  Previous state of the Task instance: running
[2024-09-27T22:15:24.056+0000] {logging_mixin.py:190} INFO - Dag name:scrape_and_save_share_prices_with_company_data queued_at:2024-09-27 22:15:08.741803+00:00
[2024-09-27T22:15:24.064+0000] {logging_mixin.py:190} INFO - Task hostname:fd62fe12432d operator:PythonOperator
[2024-09-27T22:15:24.161+0000] {local_task_job_runner.py:266} INFO - Task exited with return code 0
[2024-09-27T22:15:24.455+0000] {taskinstance.py:3900} INFO - 1 downstream tasks scheduled from follow-on schedule check
[2024-09-27T22:15:24.481+0000] {local_task_job_runner.py:245} INFO - ::endgroup::
[2024-09-27T22:54:23.797+0000] {local_task_job_runner.py:123} INFO - ::group::Pre task execution logs
[2024-09-27T22:54:23.849+0000] {taskinstance.py:2612} INFO - Dependencies all met for dep_context=non-requeueable deps ti=<TaskInstance: scrape_and_save_share_prices_with_company_data.create_company_table scheduled__2023-12-17T00:00:00+00:00 [queued]>
[2024-09-27T22:54:23.886+0000] {taskinstance.py:2612} INFO - Dependencies all met for dep_context=requeueable deps ti=<TaskInstance: scrape_and_save_share_prices_with_company_data.create_company_table scheduled__2023-12-17T00:00:00+00:00 [queued]>
[2024-09-27T22:54:23.887+0000] {taskinstance.py:2865} INFO - Starting attempt 1 of 2
[2024-09-27T22:54:23.959+0000] {taskinstance.py:2888} INFO - Executing <Task(PythonOperator): create_company_table> on 2023-12-17 00:00:00+00:00
[2024-09-27T22:54:23.979+0000] {warnings.py:112} WARNING - /home/***/.local/lib/python3.12/site-packages/***/task/task_runner/standard_task_runner.py:70: DeprecationWarning: This process (pid=1674) is multi-threaded, use of fork() may lead to deadlocks in the child.
  pid = os.fork()

[2024-09-27T22:54:23.983+0000] {standard_task_runner.py:72} INFO - Started process 1678 to run task
[2024-09-27T22:54:23.994+0000] {standard_task_runner.py:104} INFO - Running: ['***', 'tasks', 'run', 'scrape_and_save_share_prices_with_company_data', 'create_company_table', 'scheduled__2023-12-17T00:00:00+00:00', '--job-id', '2924', '--raw', '--subdir', 'DAGS_FOLDER/dag.py', '--cfg-path', '/tmp/tmpenfpcvnz']
[2024-09-27T22:54:23.998+0000] {standard_task_runner.py:105} INFO - Job 2924: Subtask create_company_table
[2024-09-27T22:54:24.238+0000] {task_command.py:467} INFO - Running <TaskInstance: scrape_and_save_share_prices_with_company_data.create_company_table scheduled__2023-12-17T00:00:00+00:00 [running]> on host 7746de5121f6
[2024-09-27T22:54:24.605+0000] {taskinstance.py:3131} INFO - Exporting env vars: AIRFLOW_CTX_DAG_OWNER='***' AIRFLOW_CTX_DAG_ID='scrape_and_save_share_prices_with_company_data' AIRFLOW_CTX_TASK_ID='create_company_table' AIRFLOW_CTX_EXECUTION_DATE='2023-12-17T00:00:00+00:00' AIRFLOW_CTX_TRY_NUMBER='1' AIRFLOW_CTX_DAG_RUN_ID='scheduled__2023-12-17T00:00:00+00:00'
[2024-09-27T22:54:24.612+0000] {logging_mixin.py:190} INFO - Task instance is in running state
[2024-09-27T22:54:24.617+0000] {logging_mixin.py:190} INFO -  Previous state of the Task instance: queued
[2024-09-27T22:54:24.618+0000] {logging_mixin.py:190} INFO - Current task name:create_company_table state:running start_date:2024-09-27 22:54:23.850664+00:00
[2024-09-27T22:54:24.619+0000] {logging_mixin.py:190} INFO - Dag name:scrape_and_save_share_prices_with_company_data and current dag run status:running
[2024-09-27T22:54:24.621+0000] {taskinstance.py:731} INFO - ::endgroup::
[2024-09-27T22:54:24.660+0000] {base.py:84} INFO - Retrieving connection 'dse_connection'
[2024-09-27T22:54:24.713+0000] {sql.py:509} INFO - Running statement: 
        CREATE TABLE IF NOT EXISTS company_list (
            company_id SERIAL PRIMARY KEY,
            company_trade_name VARCHAR(255) NOT NULL,
            company_url VARCHAR(255) NOT NULL,
            UNIQUE(company_trade_name)
        );
    , parameters: None
[2024-09-27T22:54:24.725+0000] {python.py:240} INFO - Done. Returned value was: None
[2024-09-27T22:54:24.772+0000] {taskinstance.py:340} INFO - ::group::Post task execution logs
[2024-09-27T22:54:24.774+0000] {taskinstance.py:352} INFO - Marking task as SUCCESS. dag_id=scrape_and_save_share_prices_with_company_data, task_id=create_company_table, run_id=scheduled__2023-12-17T00:00:00+00:00, execution_date=20231217T000000, start_date=20240927T225423, end_date=20240927T225424
[2024-09-27T22:54:24.837+0000] {logging_mixin.py:190} INFO - Task instance in success state
[2024-09-27T22:54:24.842+0000] {logging_mixin.py:190} INFO -  Previous state of the Task instance: running
[2024-09-27T22:54:24.843+0000] {logging_mixin.py:190} INFO - Dag name:scrape_and_save_share_prices_with_company_data queued_at:2024-09-27 22:54:15.311673+00:00
[2024-09-27T22:54:24.845+0000] {logging_mixin.py:190} INFO - Task hostname:7746de5121f6 operator:PythonOperator
[2024-09-27T22:54:24.900+0000] {local_task_job_runner.py:266} INFO - Task exited with return code 0
[2024-09-27T22:54:25.040+0000] {taskinstance.py:3900} INFO - 1 downstream tasks scheduled from follow-on schedule check
[2024-09-27T22:54:25.056+0000] {local_task_job_runner.py:245} INFO - ::endgroup::
