[2024-09-27T18:31:56.518+0000] {local_task_job_runner.py:123} INFO - ::group::Pre task execution logs
[2024-09-27T18:31:56.623+0000] {taskinstance.py:2612} INFO - Dependencies all met for dep_context=non-requeueable deps ti=<TaskInstance: scrape_and_save_share_prices_with_company_data.create_company_table scheduled__2024-01-13T00:00:00+00:00 [queued]>
[2024-09-27T18:31:56.707+0000] {taskinstance.py:2612} INFO - Dependencies all met for dep_context=requeueable deps ti=<TaskInstance: scrape_and_save_share_prices_with_company_data.create_company_table scheduled__2024-01-13T00:00:00+00:00 [queued]>
[2024-09-27T18:31:56.711+0000] {taskinstance.py:2865} INFO - Starting attempt 1 of 2
[2024-09-27T18:31:56.832+0000] {taskinstance.py:2888} INFO - Executing <Task(PythonOperator): create_company_table> on 2024-01-13 00:00:00+00:00
[2024-09-27T18:31:56.882+0000] {warnings.py:112} WARNING - /home/***/.local/lib/python3.12/site-packages/***/task/task_runner/standard_task_runner.py:70: DeprecationWarning: This process (pid=13607) is multi-threaded, use of fork() may lead to deadlocks in the child.
  pid = os.fork()

[2024-09-27T18:31:56.945+0000] {standard_task_runner.py:72} INFO - Started process 13644 to run task
[2024-09-27T18:31:56.901+0000] {standard_task_runner.py:104} INFO - Running: ['***', 'tasks', 'run', 'scrape_and_save_share_prices_with_company_data', 'create_company_table', 'scheduled__2024-01-13T00:00:00+00:00', '--job-id', '1507', '--raw', '--subdir', 'DAGS_FOLDER/dag.py', '--cfg-path', '/tmp/tmpokxpel6h']
[2024-09-27T18:31:56.977+0000] {standard_task_runner.py:105} INFO - Job 1507: Subtask create_company_table
[2024-09-27T18:31:57.527+0000] {task_command.py:467} INFO - Running <TaskInstance: scrape_and_save_share_prices_with_company_data.create_company_table scheduled__2024-01-13T00:00:00+00:00 [running]> on host 13b5797a93ab
[2024-09-27T18:31:58.182+0000] {taskinstance.py:3131} INFO - Exporting env vars: AIRFLOW_CTX_DAG_OWNER='***' AIRFLOW_CTX_DAG_ID='scrape_and_save_share_prices_with_company_data' AIRFLOW_CTX_TASK_ID='create_company_table' AIRFLOW_CTX_EXECUTION_DATE='2024-01-13T00:00:00+00:00' AIRFLOW_CTX_TRY_NUMBER='1' AIRFLOW_CTX_DAG_RUN_ID='scheduled__2024-01-13T00:00:00+00:00'
[2024-09-27T18:31:58.191+0000] {logging_mixin.py:190} INFO - Task instance is in running state
[2024-09-27T18:31:58.208+0000] {logging_mixin.py:190} INFO -  Previous state of the Task instance: queued
[2024-09-27T18:31:58.219+0000] {logging_mixin.py:190} INFO - Current task name:create_company_table state:running start_date:2024-09-27 18:31:56.626075+00:00
[2024-09-27T18:31:58.220+0000] {logging_mixin.py:190} INFO - Dag name:scrape_and_save_share_prices_with_company_data and current dag run status:running
[2024-09-27T18:31:58.224+0000] {taskinstance.py:731} INFO - ::endgroup::
[2024-09-27T18:31:58.284+0000] {base.py:84} INFO - Retrieving connection 'dse_connection'
[2024-09-27T18:31:58.292+0000] {sql.py:509} INFO - Running statement: 
        CREATE TABLE IF NOT EXISTS company_list (
            company_id SERIAL PRIMARY KEY,
            company_trade_name VARCHAR(255) NOT NULL,
            company_url VARCHAR(255) NOT NULL,
            UNIQUE(company_trade_name)
        );
    , parameters: None
[2024-09-27T18:31:58.296+0000] {python.py:240} INFO - Done. Returned value was: None
[2024-09-27T18:31:58.365+0000] {taskinstance.py:340} INFO - ::group::Post task execution logs
[2024-09-27T18:31:58.367+0000] {taskinstance.py:352} INFO - Marking task as SUCCESS. dag_id=scrape_and_save_share_prices_with_company_data, task_id=create_company_table, run_id=scheduled__2024-01-13T00:00:00+00:00, execution_date=20240113T000000, start_date=20240927T183156, end_date=20240927T183158
[2024-09-27T18:31:58.427+0000] {logging_mixin.py:190} INFO - Task instance in success state
[2024-09-27T18:31:58.428+0000] {logging_mixin.py:190} INFO -  Previous state of the Task instance: running
[2024-09-27T18:31:58.430+0000] {logging_mixin.py:190} INFO - Dag name:scrape_and_save_share_prices_with_company_data queued_at:2024-09-27 18:31:44.448239+00:00
[2024-09-27T18:31:58.438+0000] {logging_mixin.py:190} INFO - Task hostname:13b5797a93ab operator:PythonOperator
[2024-09-27T18:31:58.518+0000] {local_task_job_runner.py:266} INFO - Task exited with return code 0
[2024-09-27T18:31:58.559+0000] {local_task_job_runner.py:245} INFO - ::endgroup::
[2024-09-27T22:23:00.772+0000] {local_task_job_runner.py:123} INFO - ::group::Pre task execution logs
[2024-09-27T22:23:00.992+0000] {taskinstance.py:2612} INFO - Dependencies all met for dep_context=non-requeueable deps ti=<TaskInstance: scrape_and_save_share_prices_with_company_data.create_company_table scheduled__2024-01-13T00:00:00+00:00 [queued]>
[2024-09-27T22:23:01.121+0000] {taskinstance.py:2612} INFO - Dependencies all met for dep_context=requeueable deps ti=<TaskInstance: scrape_and_save_share_prices_with_company_data.create_company_table scheduled__2024-01-13T00:00:00+00:00 [queued]>
[2024-09-27T22:23:01.131+0000] {taskinstance.py:2865} INFO - Starting attempt 1 of 2
[2024-09-27T22:23:01.321+0000] {taskinstance.py:2888} INFO - Executing <Task(PythonOperator): create_company_table> on 2024-01-13 00:00:00+00:00
[2024-09-27T22:23:01.388+0000] {warnings.py:112} WARNING - /home/***/.local/lib/python3.12/site-packages/***/task/task_runner/standard_task_runner.py:70: DeprecationWarning: This process (pid=2457) is multi-threaded, use of fork() may lead to deadlocks in the child.
  pid = os.fork()

[2024-09-27T22:23:01.393+0000] {standard_task_runner.py:72} INFO - Started process 2498 to run task
[2024-09-27T22:23:01.441+0000] {standard_task_runner.py:104} INFO - Running: ['***', 'tasks', 'run', 'scrape_and_save_share_prices_with_company_data', 'create_company_table', 'scheduled__2024-01-13T00:00:00+00:00', '--job-id', '2573', '--raw', '--subdir', 'DAGS_FOLDER/dag.py', '--cfg-path', '/tmp/tmptmhdvjy4']
[2024-09-27T22:23:01.483+0000] {standard_task_runner.py:105} INFO - Job 2573: Subtask create_company_table
[2024-09-27T22:23:02.006+0000] {task_command.py:467} INFO - Running <TaskInstance: scrape_and_save_share_prices_with_company_data.create_company_table scheduled__2024-01-13T00:00:00+00:00 [running]> on host fd62fe12432d
[2024-09-27T22:23:02.708+0000] {taskinstance.py:3131} INFO - Exporting env vars: AIRFLOW_CTX_DAG_OWNER='***' AIRFLOW_CTX_DAG_ID='scrape_and_save_share_prices_with_company_data' AIRFLOW_CTX_TASK_ID='create_company_table' AIRFLOW_CTX_EXECUTION_DATE='2024-01-13T00:00:00+00:00' AIRFLOW_CTX_TRY_NUMBER='1' AIRFLOW_CTX_DAG_RUN_ID='scheduled__2024-01-13T00:00:00+00:00'
[2024-09-27T22:23:02.768+0000] {logging_mixin.py:190} INFO - Task instance is in running state
[2024-09-27T22:23:02.779+0000] {logging_mixin.py:190} INFO -  Previous state of the Task instance: queued
[2024-09-27T22:23:02.789+0000] {logging_mixin.py:190} INFO - Current task name:create_company_table state:running start_date:2024-09-27 22:23:01.000285+00:00
[2024-09-27T22:23:02.795+0000] {logging_mixin.py:190} INFO - Dag name:scrape_and_save_share_prices_with_company_data and current dag run status:running
[2024-09-27T22:23:02.840+0000] {taskinstance.py:731} INFO - ::endgroup::
[2024-09-27T22:23:02.923+0000] {base.py:84} INFO - Retrieving connection 'dse_connection'
[2024-09-27T22:23:02.976+0000] {sql.py:509} INFO - Running statement: 
        CREATE TABLE IF NOT EXISTS company_list (
            company_id SERIAL PRIMARY KEY,
            company_trade_name VARCHAR(255) NOT NULL,
            company_url VARCHAR(255) NOT NULL,
            UNIQUE(company_trade_name)
        );
    , parameters: None
[2024-09-27T22:23:03.008+0000] {python.py:240} INFO - Done. Returned value was: None
[2024-09-27T22:23:03.164+0000] {taskinstance.py:340} INFO - ::group::Post task execution logs
[2024-09-27T22:23:03.171+0000] {taskinstance.py:352} INFO - Marking task as SUCCESS. dag_id=scrape_and_save_share_prices_with_company_data, task_id=create_company_table, run_id=scheduled__2024-01-13T00:00:00+00:00, execution_date=20240113T000000, start_date=20240927T222301, end_date=20240927T222303
[2024-09-27T22:23:03.291+0000] {logging_mixin.py:190} INFO - Task instance in success state
[2024-09-27T22:23:03.292+0000] {logging_mixin.py:190} INFO -  Previous state of the Task instance: running
[2024-09-27T22:23:03.293+0000] {logging_mixin.py:190} INFO - Dag name:scrape_and_save_share_prices_with_company_data queued_at:2024-09-27 22:22:47.558859+00:00
[2024-09-27T22:23:03.294+0000] {logging_mixin.py:190} INFO - Task hostname:fd62fe12432d operator:PythonOperator
[2024-09-27T22:23:03.407+0000] {local_task_job_runner.py:266} INFO - Task exited with return code 0
[2024-09-27T22:23:03.511+0000] {taskinstance.py:3900} INFO - 1 downstream tasks scheduled from follow-on schedule check
[2024-09-27T22:23:03.515+0000] {local_task_job_runner.py:245} INFO - ::endgroup::
[2024-09-27T22:59:37.741+0000] {local_task_job_runner.py:123} INFO - ::group::Pre task execution logs
[2024-09-27T22:59:37.790+0000] {taskinstance.py:2612} INFO - Dependencies all met for dep_context=non-requeueable deps ti=<TaskInstance: scrape_and_save_share_prices_with_company_data.create_company_table scheduled__2024-01-13T00:00:00+00:00 [queued]>
[2024-09-27T22:59:37.821+0000] {taskinstance.py:2612} INFO - Dependencies all met for dep_context=requeueable deps ti=<TaskInstance: scrape_and_save_share_prices_with_company_data.create_company_table scheduled__2024-01-13T00:00:00+00:00 [queued]>
[2024-09-27T22:59:37.822+0000] {taskinstance.py:2865} INFO - Starting attempt 1 of 2
[2024-09-27T22:59:37.869+0000] {taskinstance.py:2888} INFO - Executing <Task(PythonOperator): create_company_table> on 2024-01-13 00:00:00+00:00
[2024-09-27T22:59:37.892+0000] {warnings.py:112} WARNING - /home/***/.local/lib/python3.12/site-packages/***/task/task_runner/standard_task_runner.py:70: DeprecationWarning: This process (pid=2167) is multi-threaded, use of fork() may lead to deadlocks in the child.
  pid = os.fork()

[2024-09-27T22:59:37.896+0000] {standard_task_runner.py:72} INFO - Started process 2185 to run task
[2024-09-27T22:59:37.910+0000] {standard_task_runner.py:104} INFO - Running: ['***', 'tasks', 'run', 'scrape_and_save_share_prices_with_company_data', 'create_company_table', 'scheduled__2024-01-13T00:00:00+00:00', '--job-id', '3036', '--raw', '--subdir', 'DAGS_FOLDER/dag.py', '--cfg-path', '/tmp/tmpirvw55tw']
[2024-09-27T22:59:37.919+0000] {standard_task_runner.py:105} INFO - Job 3036: Subtask create_company_table
[2024-09-27T22:59:38.087+0000] {task_command.py:467} INFO - Running <TaskInstance: scrape_and_save_share_prices_with_company_data.create_company_table scheduled__2024-01-13T00:00:00+00:00 [running]> on host 7746de5121f6
[2024-09-27T22:59:38.362+0000] {taskinstance.py:3131} INFO - Exporting env vars: AIRFLOW_CTX_DAG_OWNER='***' AIRFLOW_CTX_DAG_ID='scrape_and_save_share_prices_with_company_data' AIRFLOW_CTX_TASK_ID='create_company_table' AIRFLOW_CTX_EXECUTION_DATE='2024-01-13T00:00:00+00:00' AIRFLOW_CTX_TRY_NUMBER='1' AIRFLOW_CTX_DAG_RUN_ID='scheduled__2024-01-13T00:00:00+00:00'
[2024-09-27T22:59:38.372+0000] {logging_mixin.py:190} INFO - Task instance is in running state
[2024-09-27T22:59:38.373+0000] {logging_mixin.py:190} INFO -  Previous state of the Task instance: queued
[2024-09-27T22:59:38.375+0000] {logging_mixin.py:190} INFO - Current task name:create_company_table state:running start_date:2024-09-27 22:59:37.797359+00:00
[2024-09-27T22:59:38.377+0000] {logging_mixin.py:190} INFO - Dag name:scrape_and_save_share_prices_with_company_data and current dag run status:running
[2024-09-27T22:59:38.391+0000] {taskinstance.py:731} INFO - ::endgroup::
[2024-09-27T22:59:38.420+0000] {base.py:84} INFO - Retrieving connection 'dse_connection'
[2024-09-27T22:59:38.440+0000] {sql.py:509} INFO - Running statement: 
        CREATE TABLE IF NOT EXISTS company_list (
            company_id SERIAL PRIMARY KEY,
            company_trade_name VARCHAR(255) NOT NULL,
            company_url VARCHAR(255) NOT NULL,
            UNIQUE(company_trade_name)
        );
    , parameters: None
[2024-09-27T22:59:38.446+0000] {python.py:240} INFO - Done. Returned value was: None
[2024-09-27T22:59:38.503+0000] {taskinstance.py:340} INFO - ::group::Post task execution logs
[2024-09-27T22:59:38.508+0000] {taskinstance.py:352} INFO - Marking task as SUCCESS. dag_id=scrape_and_save_share_prices_with_company_data, task_id=create_company_table, run_id=scheduled__2024-01-13T00:00:00+00:00, execution_date=20240113T000000, start_date=20240927T225937, end_date=20240927T225938
[2024-09-27T22:59:38.546+0000] {logging_mixin.py:190} INFO - Task instance in success state
[2024-09-27T22:59:38.557+0000] {logging_mixin.py:190} INFO -  Previous state of the Task instance: running
[2024-09-27T22:59:38.567+0000] {logging_mixin.py:190} INFO - Dag name:scrape_and_save_share_prices_with_company_data queued_at:2024-09-27 22:59:32.613929+00:00
[2024-09-27T22:59:38.580+0000] {logging_mixin.py:190} INFO - Task hostname:7746de5121f6 operator:PythonOperator
[2024-09-27T22:59:38.652+0000] {local_task_job_runner.py:266} INFO - Task exited with return code 0
[2024-09-27T22:59:38.683+0000] {local_task_job_runner.py:245} INFO - ::endgroup::
