[2024-09-27T18:33:59.894+0000] {local_task_job_runner.py:123} INFO - ::group::Pre task execution logs
[2024-09-27T18:34:00.054+0000] {taskinstance.py:2612} INFO - Dependencies all met for dep_context=non-requeueable deps ti=<TaskInstance: scrape_and_save_share_prices_with_company_data.create_company_table scheduled__2024-01-20T00:00:00+00:00 [queued]>
[2024-09-27T18:34:00.123+0000] {taskinstance.py:2612} INFO - Dependencies all met for dep_context=requeueable deps ti=<TaskInstance: scrape_and_save_share_prices_with_company_data.create_company_table scheduled__2024-01-20T00:00:00+00:00 [queued]>
[2024-09-27T18:34:00.133+0000] {taskinstance.py:2865} INFO - Starting attempt 1 of 2
[2024-09-27T18:34:00.700+0000] {taskinstance.py:2888} INFO - Executing <Task(PythonOperator): create_company_table> on 2024-01-20 00:00:00+00:00
[2024-09-27T18:34:00.738+0000] {warnings.py:112} WARNING - /home/***/.local/lib/python3.12/site-packages/***/task/task_runner/standard_task_runner.py:70: DeprecationWarning: This process (pid=13764) is multi-threaded, use of fork() may lead to deadlocks in the child.
  pid = os.fork()

[2024-09-27T18:34:00.760+0000] {standard_task_runner.py:72} INFO - Started process 13782 to run task
[2024-09-27T18:34:00.786+0000] {standard_task_runner.py:104} INFO - Running: ['***', 'tasks', 'run', 'scrape_and_save_share_prices_with_company_data', 'create_company_table', 'scheduled__2024-01-20T00:00:00+00:00', '--job-id', '1538', '--raw', '--subdir', 'DAGS_FOLDER/dag.py', '--cfg-path', '/tmp/tmpartu1zq7']
[2024-09-27T18:34:00.802+0000] {standard_task_runner.py:105} INFO - Job 1538: Subtask create_company_table
[2024-09-27T18:34:01.122+0000] {task_command.py:467} INFO - Running <TaskInstance: scrape_and_save_share_prices_with_company_data.create_company_table scheduled__2024-01-20T00:00:00+00:00 [running]> on host 13b5797a93ab
[2024-09-27T18:34:01.748+0000] {taskinstance.py:3131} INFO - Exporting env vars: AIRFLOW_CTX_DAG_OWNER='***' AIRFLOW_CTX_DAG_ID='scrape_and_save_share_prices_with_company_data' AIRFLOW_CTX_TASK_ID='create_company_table' AIRFLOW_CTX_EXECUTION_DATE='2024-01-20T00:00:00+00:00' AIRFLOW_CTX_TRY_NUMBER='1' AIRFLOW_CTX_DAG_RUN_ID='scheduled__2024-01-20T00:00:00+00:00'
[2024-09-27T18:34:01.761+0000] {logging_mixin.py:190} INFO - Task instance is in running state
[2024-09-27T18:34:01.770+0000] {logging_mixin.py:190} INFO -  Previous state of the Task instance: queued
[2024-09-27T18:34:01.780+0000] {logging_mixin.py:190} INFO - Current task name:create_company_table state:running start_date:2024-09-27 18:34:00.069475+00:00
[2024-09-27T18:34:01.785+0000] {logging_mixin.py:190} INFO - Dag name:scrape_and_save_share_prices_with_company_data and current dag run status:running
[2024-09-27T18:34:01.789+0000] {taskinstance.py:731} INFO - ::endgroup::
[2024-09-27T18:34:01.894+0000] {base.py:84} INFO - Retrieving connection 'dse_connection'
[2024-09-27T18:34:01.926+0000] {sql.py:509} INFO - Running statement: 
        CREATE TABLE IF NOT EXISTS company_list (
            company_id SERIAL PRIMARY KEY,
            company_trade_name VARCHAR(255) NOT NULL,
            company_url VARCHAR(255) NOT NULL,
            UNIQUE(company_trade_name)
        );
    , parameters: None
[2024-09-27T18:34:01.931+0000] {python.py:240} INFO - Done. Returned value was: None
[2024-09-27T18:34:01.986+0000] {taskinstance.py:340} INFO - ::group::Post task execution logs
[2024-09-27T18:34:01.991+0000] {taskinstance.py:352} INFO - Marking task as SUCCESS. dag_id=scrape_and_save_share_prices_with_company_data, task_id=create_company_table, run_id=scheduled__2024-01-20T00:00:00+00:00, execution_date=20240120T000000, start_date=20240927T183400, end_date=20240927T183401
[2024-09-27T18:34:02.046+0000] {logging_mixin.py:190} INFO - Task instance in success state
[2024-09-27T18:34:02.053+0000] {logging_mixin.py:190} INFO -  Previous state of the Task instance: running
[2024-09-27T18:34:02.054+0000] {logging_mixin.py:190} INFO - Dag name:scrape_and_save_share_prices_with_company_data queued_at:2024-09-27 18:33:49.025090+00:00
[2024-09-27T18:34:02.056+0000] {logging_mixin.py:190} INFO - Task hostname:13b5797a93ab operator:PythonOperator
[2024-09-27T18:34:02.120+0000] {local_task_job_runner.py:266} INFO - Task exited with return code 0
[2024-09-27T18:34:02.287+0000] {taskinstance.py:3900} INFO - 1 downstream tasks scheduled from follow-on schedule check
[2024-09-27T18:34:02.302+0000] {local_task_job_runner.py:245} INFO - ::endgroup::
[2024-09-27T23:00:12.101+0000] {local_task_job_runner.py:123} INFO - ::group::Pre task execution logs
[2024-09-27T23:00:12.150+0000] {taskinstance.py:2612} INFO - Dependencies all met for dep_context=non-requeueable deps ti=<TaskInstance: scrape_and_save_share_prices_with_company_data.create_company_table scheduled__2024-01-20T00:00:00+00:00 [queued]>
[2024-09-27T23:00:12.183+0000] {taskinstance.py:2612} INFO - Dependencies all met for dep_context=requeueable deps ti=<TaskInstance: scrape_and_save_share_prices_with_company_data.create_company_table scheduled__2024-01-20T00:00:00+00:00 [queued]>
[2024-09-27T23:00:12.185+0000] {taskinstance.py:2865} INFO - Starting attempt 1 of 2
[2024-09-27T23:00:12.223+0000] {taskinstance.py:2888} INFO - Executing <Task(PythonOperator): create_company_table> on 2024-01-20 00:00:00+00:00
[2024-09-27T23:00:12.238+0000] {warnings.py:112} WARNING - /home/***/.local/lib/python3.12/site-packages/***/task/task_runner/standard_task_runner.py:70: DeprecationWarning: This process (pid=2244) is multi-threaded, use of fork() may lead to deadlocks in the child.
  pid = os.fork()

[2024-09-27T23:00:12.242+0000] {standard_task_runner.py:72} INFO - Started process 2248 to run task
[2024-09-27T23:00:12.244+0000] {standard_task_runner.py:104} INFO - Running: ['***', 'tasks', 'run', 'scrape_and_save_share_prices_with_company_data', 'create_company_table', 'scheduled__2024-01-20T00:00:00+00:00', '--job-id', '3053', '--raw', '--subdir', 'DAGS_FOLDER/dag.py', '--cfg-path', '/tmp/tmpg816conj']
[2024-09-27T23:00:12.250+0000] {standard_task_runner.py:105} INFO - Job 3053: Subtask create_company_table
[2024-09-27T23:00:12.447+0000] {task_command.py:467} INFO - Running <TaskInstance: scrape_and_save_share_prices_with_company_data.create_company_table scheduled__2024-01-20T00:00:00+00:00 [running]> on host 7746de5121f6
[2024-09-27T23:00:12.787+0000] {taskinstance.py:3131} INFO - Exporting env vars: AIRFLOW_CTX_DAG_OWNER='***' AIRFLOW_CTX_DAG_ID='scrape_and_save_share_prices_with_company_data' AIRFLOW_CTX_TASK_ID='create_company_table' AIRFLOW_CTX_EXECUTION_DATE='2024-01-20T00:00:00+00:00' AIRFLOW_CTX_TRY_NUMBER='1' AIRFLOW_CTX_DAG_RUN_ID='scheduled__2024-01-20T00:00:00+00:00'
[2024-09-27T23:00:12.795+0000] {logging_mixin.py:190} INFO - Task instance is in running state
[2024-09-27T23:00:12.796+0000] {logging_mixin.py:190} INFO -  Previous state of the Task instance: queued
[2024-09-27T23:00:12.798+0000] {logging_mixin.py:190} INFO - Current task name:create_company_table state:running start_date:2024-09-27 23:00:12.154421+00:00
[2024-09-27T23:00:12.799+0000] {logging_mixin.py:190} INFO - Dag name:scrape_and_save_share_prices_with_company_data and current dag run status:running
[2024-09-27T23:00:12.800+0000] {taskinstance.py:731} INFO - ::endgroup::
[2024-09-27T23:00:12.830+0000] {base.py:84} INFO - Retrieving connection 'dse_connection'
[2024-09-27T23:00:12.855+0000] {sql.py:509} INFO - Running statement: 
        CREATE TABLE IF NOT EXISTS company_list (
            company_id SERIAL PRIMARY KEY,
            company_trade_name VARCHAR(255) NOT NULL,
            company_url VARCHAR(255) NOT NULL,
            UNIQUE(company_trade_name)
        );
    , parameters: None
[2024-09-27T23:00:12.865+0000] {python.py:240} INFO - Done. Returned value was: None
[2024-09-27T23:00:12.892+0000] {taskinstance.py:340} INFO - ::group::Post task execution logs
[2024-09-27T23:00:12.894+0000] {taskinstance.py:352} INFO - Marking task as SUCCESS. dag_id=scrape_and_save_share_prices_with_company_data, task_id=create_company_table, run_id=scheduled__2024-01-20T00:00:00+00:00, execution_date=20240120T000000, start_date=20240927T230012, end_date=20240927T230012
[2024-09-27T23:00:12.933+0000] {logging_mixin.py:190} INFO - Task instance in success state
[2024-09-27T23:00:12.936+0000] {logging_mixin.py:190} INFO -  Previous state of the Task instance: running
[2024-09-27T23:00:12.940+0000] {logging_mixin.py:190} INFO - Dag name:scrape_and_save_share_prices_with_company_data queued_at:2024-09-27 23:00:05.942942+00:00
[2024-09-27T23:00:12.942+0000] {logging_mixin.py:190} INFO - Task hostname:7746de5121f6 operator:PythonOperator
[2024-09-27T23:00:13.006+0000] {local_task_job_runner.py:266} INFO - Task exited with return code 0
[2024-09-27T23:00:13.096+0000] {taskinstance.py:3900} INFO - 1 downstream tasks scheduled from follow-on schedule check
[2024-09-27T23:00:13.104+0000] {local_task_job_runner.py:245} INFO - ::endgroup::
