[2024-09-27T18:37:17.507+0000] {local_task_job_runner.py:123} INFO - ::group::Pre task execution logs
[2024-09-27T18:37:17.721+0000] {taskinstance.py:2612} INFO - Dependencies all met for dep_context=non-requeueable deps ti=<TaskInstance: scrape_and_save_share_prices_with_company_data.create_share_prices_table scheduled__2023-12-26T00:00:00+00:00 [queued]>
[2024-09-27T18:37:17.843+0000] {taskinstance.py:2612} INFO - Dependencies all met for dep_context=requeueable deps ti=<TaskInstance: scrape_and_save_share_prices_with_company_data.create_share_prices_table scheduled__2023-12-26T00:00:00+00:00 [queued]>
[2024-09-27T18:37:17.848+0000] {taskinstance.py:2865} INFO - Starting attempt 1 of 2
[2024-09-27T18:37:17.974+0000] {taskinstance.py:2888} INFO - Executing <Task(PythonOperator): create_share_prices_table> on 2023-12-26 00:00:00+00:00
[2024-09-27T18:37:18.057+0000] {warnings.py:112} WARNING - /home/***/.local/lib/python3.12/site-packages/***/task/task_runner/standard_task_runner.py:70: DeprecationWarning: This process (pid=14004) is multi-threaded, use of fork() may lead to deadlocks in the child.
  pid = os.fork()

[2024-09-27T18:37:18.097+0000] {standard_task_runner.py:72} INFO - Started process 14032 to run task
[2024-09-27T18:37:18.094+0000] {standard_task_runner.py:104} INFO - Running: ['***', 'tasks', 'run', 'scrape_and_save_share_prices_with_company_data', 'create_share_prices_table', 'scheduled__2023-12-26T00:00:00+00:00', '--job-id', '1592', '--raw', '--subdir', 'DAGS_FOLDER/dag.py', '--cfg-path', '/tmp/tmpocc5yomf']
[2024-09-27T18:37:18.131+0000] {standard_task_runner.py:105} INFO - Job 1592: Subtask create_share_prices_table
[2024-09-27T18:37:18.848+0000] {task_command.py:467} INFO - Running <TaskInstance: scrape_and_save_share_prices_with_company_data.create_share_prices_table scheduled__2023-12-26T00:00:00+00:00 [running]> on host 13b5797a93ab
[2024-09-27T18:37:19.763+0000] {taskinstance.py:3131} INFO - Exporting env vars: AIRFLOW_CTX_DAG_OWNER='***' AIRFLOW_CTX_DAG_ID='scrape_and_save_share_prices_with_company_data' AIRFLOW_CTX_TASK_ID='create_share_prices_table' AIRFLOW_CTX_EXECUTION_DATE='2023-12-26T00:00:00+00:00' AIRFLOW_CTX_TRY_NUMBER='1' AIRFLOW_CTX_DAG_RUN_ID='scheduled__2023-12-26T00:00:00+00:00'
[2024-09-27T18:37:19.776+0000] {logging_mixin.py:190} INFO - Task instance is in running state
[2024-09-27T18:37:19.782+0000] {logging_mixin.py:190} INFO -  Previous state of the Task instance: queued
[2024-09-27T18:37:19.783+0000] {logging_mixin.py:190} INFO - Current task name:create_share_prices_table state:running start_date:2024-09-27 18:37:17.723273+00:00
[2024-09-27T18:37:19.785+0000] {logging_mixin.py:190} INFO - Dag name:scrape_and_save_share_prices_with_company_data and current dag run status:running
[2024-09-27T18:37:19.788+0000] {taskinstance.py:731} INFO - ::endgroup::
[2024-09-27T18:37:19.880+0000] {base.py:84} INFO - Retrieving connection 'dse_connection'
[2024-09-27T18:37:19.908+0000] {sql.py:509} INFO - Running statement: 
        CREATE TABLE IF NOT EXISTS company_share_prices (
            id SERIAL,
            company_id INTEGER NOT NULL,
            date DATE,
            latest_trading_price VARCHAR(50),
            low_price VARCHAR(50),
            high_price VARCHAR(50),
            closing_price VARCHAR(50),
            ycp VARCHAR(50),
            change VARCHAR(10),
            trade VARCHAR(50),
            value VARCHAR(50),
            volume VARCHAR(50),
            PRIMARY KEY(company_id, id),
            FOREIGN KEY(company_id)
                REFERENCES company_list(company_id)
                ON UPDATE CASCADE ON DELETE CASCADE
        );
    , parameters: None
[2024-09-27T18:37:19.921+0000] {python.py:240} INFO - Done. Returned value was: None
[2024-09-27T18:37:19.952+0000] {taskinstance.py:340} INFO - ::group::Post task execution logs
[2024-09-27T18:37:19.956+0000] {taskinstance.py:352} INFO - Marking task as SUCCESS. dag_id=scrape_and_save_share_prices_with_company_data, task_id=create_share_prices_table, run_id=scheduled__2023-12-26T00:00:00+00:00, execution_date=20231226T000000, start_date=20240927T183717, end_date=20240927T183719
[2024-09-27T18:37:20.028+0000] {logging_mixin.py:190} INFO - Task instance in success state
[2024-09-27T18:37:20.035+0000] {logging_mixin.py:190} INFO -  Previous state of the Task instance: running
[2024-09-27T18:37:20.037+0000] {logging_mixin.py:190} INFO - Dag name:scrape_and_save_share_prices_with_company_data queued_at:2024-09-27 18:28:27.473867+00:00
[2024-09-27T18:37:20.038+0000] {logging_mixin.py:190} INFO - Task hostname:13b5797a93ab operator:PythonOperator
[2024-09-27T18:37:20.075+0000] {local_task_job_runner.py:266} INFO - Task exited with return code 0
[2024-09-27T18:37:20.198+0000] {taskinstance.py:3900} INFO - 1 downstream tasks scheduled from follow-on schedule check
[2024-09-27T18:37:20.220+0000] {local_task_job_runner.py:245} INFO - ::endgroup::
[2024-09-27T22:19:15.318+0000] {local_task_job_runner.py:123} INFO - ::group::Pre task execution logs
[2024-09-27T22:19:15.353+0000] {taskinstance.py:2612} INFO - Dependencies all met for dep_context=non-requeueable deps ti=<TaskInstance: scrape_and_save_share_prices_with_company_data.create_share_prices_table scheduled__2023-12-26T00:00:00+00:00 [queued]>
[2024-09-27T22:19:15.372+0000] {taskinstance.py:2612} INFO - Dependencies all met for dep_context=requeueable deps ti=<TaskInstance: scrape_and_save_share_prices_with_company_data.create_share_prices_table scheduled__2023-12-26T00:00:00+00:00 [queued]>
[2024-09-27T22:19:15.373+0000] {taskinstance.py:2865} INFO - Starting attempt 1 of 2
[2024-09-27T22:19:15.406+0000] {taskinstance.py:2888} INFO - Executing <Task(PythonOperator): create_share_prices_table> on 2023-12-26 00:00:00+00:00
[2024-09-27T22:19:15.422+0000] {warnings.py:112} WARNING - /home/***/.local/lib/python3.12/site-packages/***/task/task_runner/standard_task_runner.py:70: DeprecationWarning: This process (pid=2190) is multi-threaded, use of fork() may lead to deadlocks in the child.
  pid = os.fork()

[2024-09-27T22:19:15.427+0000] {standard_task_runner.py:72} INFO - Started process 2202 to run task
[2024-09-27T22:19:15.428+0000] {standard_task_runner.py:104} INFO - Running: ['***', 'tasks', 'run', 'scrape_and_save_share_prices_with_company_data', 'create_share_prices_table', 'scheduled__2023-12-26T00:00:00+00:00', '--job-id', '2510', '--raw', '--subdir', 'DAGS_FOLDER/dag.py', '--cfg-path', '/tmp/tmp04kljl9r']
[2024-09-27T22:19:15.431+0000] {standard_task_runner.py:105} INFO - Job 2510: Subtask create_share_prices_table
[2024-09-27T22:19:15.544+0000] {task_command.py:467} INFO - Running <TaskInstance: scrape_and_save_share_prices_with_company_data.create_share_prices_table scheduled__2023-12-26T00:00:00+00:00 [running]> on host fd62fe12432d
[2024-09-27T22:19:15.739+0000] {taskinstance.py:3131} INFO - Exporting env vars: AIRFLOW_CTX_DAG_OWNER='***' AIRFLOW_CTX_DAG_ID='scrape_and_save_share_prices_with_company_data' AIRFLOW_CTX_TASK_ID='create_share_prices_table' AIRFLOW_CTX_EXECUTION_DATE='2023-12-26T00:00:00+00:00' AIRFLOW_CTX_TRY_NUMBER='1' AIRFLOW_CTX_DAG_RUN_ID='scheduled__2023-12-26T00:00:00+00:00'
[2024-09-27T22:19:15.746+0000] {logging_mixin.py:190} INFO - Task instance is in running state
[2024-09-27T22:19:15.747+0000] {logging_mixin.py:190} INFO -  Previous state of the Task instance: queued
[2024-09-27T22:19:15.748+0000] {logging_mixin.py:190} INFO - Current task name:create_share_prices_table state:running start_date:2024-09-27 22:19:15.354740+00:00
[2024-09-27T22:19:15.749+0000] {logging_mixin.py:190} INFO - Dag name:scrape_and_save_share_prices_with_company_data and current dag run status:running
[2024-09-27T22:19:15.750+0000] {taskinstance.py:731} INFO - ::endgroup::
[2024-09-27T22:19:15.790+0000] {base.py:84} INFO - Retrieving connection 'dse_connection'
[2024-09-27T22:19:15.798+0000] {sql.py:509} INFO - Running statement: 
        CREATE TABLE IF NOT EXISTS company_share_prices (
            id SERIAL,
            company_id INTEGER NOT NULL,
            date DATE,
            latest_trading_price VARCHAR(50),
            low_price VARCHAR(50),
            high_price VARCHAR(50),
            closing_price VARCHAR(50),
            ycp VARCHAR(50),
            change VARCHAR(10),
            trade VARCHAR(50),
            value VARCHAR(50),
            volume VARCHAR(50),
            PRIMARY KEY(company_id, id),
            FOREIGN KEY(company_id)
                REFERENCES company_list(company_id)
                ON UPDATE CASCADE ON DELETE CASCADE
        );
    , parameters: None
[2024-09-27T22:19:15.802+0000] {python.py:240} INFO - Done. Returned value was: None
[2024-09-27T22:19:15.826+0000] {taskinstance.py:340} INFO - ::group::Post task execution logs
[2024-09-27T22:19:15.827+0000] {taskinstance.py:352} INFO - Marking task as SUCCESS. dag_id=scrape_and_save_share_prices_with_company_data, task_id=create_share_prices_table, run_id=scheduled__2023-12-26T00:00:00+00:00, execution_date=20231226T000000, start_date=20240927T221915, end_date=20240927T221915
[2024-09-27T22:19:15.850+0000] {logging_mixin.py:190} INFO - Task instance in success state
[2024-09-27T22:19:15.851+0000] {logging_mixin.py:190} INFO -  Previous state of the Task instance: running
[2024-09-27T22:19:15.852+0000] {logging_mixin.py:190} INFO - Dag name:scrape_and_save_share_prices_with_company_data queued_at:2024-09-27 22:17:02.833060+00:00
[2024-09-27T22:19:15.853+0000] {logging_mixin.py:190} INFO - Task hostname:fd62fe12432d operator:PythonOperator
[2024-09-27T22:19:15.891+0000] {local_task_job_runner.py:266} INFO - Task exited with return code 0
[2024-09-27T22:19:15.939+0000] {taskinstance.py:3900} INFO - 1 downstream tasks scheduled from follow-on schedule check
[2024-09-27T22:19:15.943+0000] {local_task_job_runner.py:245} INFO - ::endgroup::
[2024-09-27T22:56:49.848+0000] {local_task_job_runner.py:123} INFO - ::group::Pre task execution logs
[2024-09-27T22:56:49.896+0000] {taskinstance.py:2612} INFO - Dependencies all met for dep_context=non-requeueable deps ti=<TaskInstance: scrape_and_save_share_prices_with_company_data.create_share_prices_table scheduled__2023-12-26T00:00:00+00:00 [queued]>
[2024-09-27T22:56:49.927+0000] {taskinstance.py:2612} INFO - Dependencies all met for dep_context=requeueable deps ti=<TaskInstance: scrape_and_save_share_prices_with_company_data.create_share_prices_table scheduled__2023-12-26T00:00:00+00:00 [queued]>
[2024-09-27T22:56:49.929+0000] {taskinstance.py:2865} INFO - Starting attempt 1 of 2
[2024-09-27T22:56:50.014+0000] {taskinstance.py:2888} INFO - Executing <Task(PythonOperator): create_share_prices_table> on 2023-12-26 00:00:00+00:00
[2024-09-27T22:56:50.048+0000] {warnings.py:112} WARNING - /home/***/.local/lib/python3.12/site-packages/***/task/task_runner/standard_task_runner.py:70: DeprecationWarning: This process (pid=1898) is multi-threaded, use of fork() may lead to deadlocks in the child.
  pid = os.fork()

[2024-09-27T22:56:50.052+0000] {standard_task_runner.py:72} INFO - Started process 1905 to run task
[2024-09-27T22:56:50.057+0000] {standard_task_runner.py:104} INFO - Running: ['***', 'tasks', 'run', 'scrape_and_save_share_prices_with_company_data', 'create_share_prices_table', 'scheduled__2023-12-26T00:00:00+00:00', '--job-id', '2974', '--raw', '--subdir', 'DAGS_FOLDER/dag.py', '--cfg-path', '/tmp/tmpsc2hzbt8']
[2024-09-27T22:56:50.060+0000] {standard_task_runner.py:105} INFO - Job 2974: Subtask create_share_prices_table
[2024-09-27T22:56:50.230+0000] {task_command.py:467} INFO - Running <TaskInstance: scrape_and_save_share_prices_with_company_data.create_share_prices_table scheduled__2023-12-26T00:00:00+00:00 [running]> on host 7746de5121f6
[2024-09-27T22:56:50.500+0000] {taskinstance.py:3131} INFO - Exporting env vars: AIRFLOW_CTX_DAG_OWNER='***' AIRFLOW_CTX_DAG_ID='scrape_and_save_share_prices_with_company_data' AIRFLOW_CTX_TASK_ID='create_share_prices_table' AIRFLOW_CTX_EXECUTION_DATE='2023-12-26T00:00:00+00:00' AIRFLOW_CTX_TRY_NUMBER='1' AIRFLOW_CTX_DAG_RUN_ID='scheduled__2023-12-26T00:00:00+00:00'
[2024-09-27T22:56:50.504+0000] {logging_mixin.py:190} INFO - Task instance is in running state
[2024-09-27T22:56:50.505+0000] {logging_mixin.py:190} INFO -  Previous state of the Task instance: queued
[2024-09-27T22:56:50.506+0000] {logging_mixin.py:190} INFO - Current task name:create_share_prices_table state:running start_date:2024-09-27 22:56:49.898826+00:00
[2024-09-27T22:56:50.507+0000] {logging_mixin.py:190} INFO - Dag name:scrape_and_save_share_prices_with_company_data and current dag run status:running
[2024-09-27T22:56:50.508+0000] {taskinstance.py:731} INFO - ::endgroup::
[2024-09-27T22:56:50.532+0000] {base.py:84} INFO - Retrieving connection 'dse_connection'
[2024-09-27T22:56:50.545+0000] {sql.py:509} INFO - Running statement: 
        CREATE TABLE IF NOT EXISTS company_share_prices (
            id SERIAL,
            company_id INTEGER NOT NULL,
            date DATE,
            latest_trading_price VARCHAR(50),
            low_price VARCHAR(50),
            high_price VARCHAR(50),
            closing_price VARCHAR(50),
            ycp VARCHAR(50),
            change VARCHAR(10),
            trade VARCHAR(50),
            value VARCHAR(50),
            volume VARCHAR(50),
            PRIMARY KEY(company_id, id),
            FOREIGN KEY(company_id)
                REFERENCES company_list(company_id)
                ON UPDATE CASCADE ON DELETE CASCADE
        );
    , parameters: None
[2024-09-27T22:56:50.553+0000] {python.py:240} INFO - Done. Returned value was: None
[2024-09-27T22:56:50.585+0000] {taskinstance.py:340} INFO - ::group::Post task execution logs
[2024-09-27T22:56:50.586+0000] {taskinstance.py:352} INFO - Marking task as SUCCESS. dag_id=scrape_and_save_share_prices_with_company_data, task_id=create_share_prices_table, run_id=scheduled__2023-12-26T00:00:00+00:00, execution_date=20231226T000000, start_date=20240927T225649, end_date=20240927T225650
[2024-09-27T22:56:50.612+0000] {logging_mixin.py:190} INFO - Task instance in success state
[2024-09-27T22:56:50.615+0000] {logging_mixin.py:190} INFO -  Previous state of the Task instance: running
[2024-09-27T22:56:50.616+0000] {logging_mixin.py:190} INFO - Dag name:scrape_and_save_share_prices_with_company_data queued_at:2024-09-27 22:55:41.172026+00:00
[2024-09-27T22:56:50.620+0000] {logging_mixin.py:190} INFO - Task hostname:7746de5121f6 operator:PythonOperator
[2024-09-27T22:56:50.647+0000] {local_task_job_runner.py:266} INFO - Task exited with return code 0
[2024-09-27T22:56:50.700+0000] {taskinstance.py:3900} INFO - 1 downstream tasks scheduled from follow-on schedule check
[2024-09-27T22:56:50.704+0000] {local_task_job_runner.py:245} INFO - ::endgroup::
