[2024-09-27T18:12:44.786+0000] {local_task_job_runner.py:123} INFO - ::group::Pre task execution logs
[2024-09-27T18:12:44.906+0000] {taskinstance.py:2612} INFO - Dependencies all met for dep_context=non-requeueable deps ti=<TaskInstance: scrape_and_save_share_prices_with_company_data.create_share_prices_table scheduled__2023-10-20T00:00:00+00:00 [queued]>
[2024-09-27T18:12:44.940+0000] {taskinstance.py:2612} INFO - Dependencies all met for dep_context=requeueable deps ti=<TaskInstance: scrape_and_save_share_prices_with_company_data.create_share_prices_table scheduled__2023-10-20T00:00:00+00:00 [queued]>
[2024-09-27T18:12:44.944+0000] {taskinstance.py:2865} INFO - Starting attempt 1 of 2
[2024-09-27T18:12:45.059+0000] {taskinstance.py:2888} INFO - Executing <Task(PythonOperator): create_share_prices_table> on 2023-10-20 00:00:00+00:00
[2024-09-27T18:12:45.134+0000] {warnings.py:112} WARNING - /home/***/.local/lib/python3.12/site-packages/***/task/task_runner/standard_task_runner.py:70: DeprecationWarning: This process (pid=12090) is multi-threaded, use of fork() may lead to deadlocks in the child.
  pid = os.fork()

[2024-09-27T18:12:45.194+0000] {standard_task_runner.py:72} INFO - Started process 12124 to run task
[2024-09-27T18:12:45.196+0000] {standard_task_runner.py:104} INFO - Running: ['***', 'tasks', 'run', 'scrape_and_save_share_prices_with_company_data', 'create_share_prices_table', 'scheduled__2023-10-20T00:00:00+00:00', '--job-id', '1173', '--raw', '--subdir', 'DAGS_FOLDER/dag.py', '--cfg-path', '/tmp/tmpcd1kw0i3']
[2024-09-27T18:12:45.213+0000] {standard_task_runner.py:105} INFO - Job 1173: Subtask create_share_prices_table
[2024-09-27T18:12:45.432+0000] {task_command.py:467} INFO - Running <TaskInstance: scrape_and_save_share_prices_with_company_data.create_share_prices_table scheduled__2023-10-20T00:00:00+00:00 [running]> on host 13b5797a93ab
[2024-09-27T18:12:45.776+0000] {taskinstance.py:3131} INFO - Exporting env vars: AIRFLOW_CTX_DAG_OWNER='***' AIRFLOW_CTX_DAG_ID='scrape_and_save_share_prices_with_company_data' AIRFLOW_CTX_TASK_ID='create_share_prices_table' AIRFLOW_CTX_EXECUTION_DATE='2023-10-20T00:00:00+00:00' AIRFLOW_CTX_TRY_NUMBER='1' AIRFLOW_CTX_DAG_RUN_ID='scheduled__2023-10-20T00:00:00+00:00'
[2024-09-27T18:12:45.779+0000] {logging_mixin.py:190} INFO - Task instance is in running state
[2024-09-27T18:12:45.780+0000] {logging_mixin.py:190} INFO -  Previous state of the Task instance: queued
[2024-09-27T18:12:45.790+0000] {logging_mixin.py:190} INFO - Current task name:create_share_prices_table state:running start_date:2024-09-27 18:12:44.919845+00:00
[2024-09-27T18:12:45.792+0000] {logging_mixin.py:190} INFO - Dag name:scrape_and_save_share_prices_with_company_data and current dag run status:running
[2024-09-27T18:12:45.796+0000] {taskinstance.py:731} INFO - ::endgroup::
[2024-09-27T18:12:45.849+0000] {base.py:84} INFO - Retrieving connection 'dse_connection'
[2024-09-27T18:12:45.881+0000] {sql.py:509} INFO - Running statement: 
        CREATE TABLE IF NOT EXISTS company_share_prices (
            id SERIAL,
            company_id INTEGER NOT NULL,
            date DATE,
            latest_trading_price VARCHAR(50),
            low_price VARCHAR(50),
            high_price VARCHAR(50),
            closing_price VARCHAR(50),
            ycp VARCHAR(50),
            change VARCHAR(10),
            trade VARCHAR(50),
            value VARCHAR(50),
            volume VARCHAR(50),
            PRIMARY KEY(company_id, id),
            FOREIGN KEY(company_id)
                REFERENCES company_list(company_id)
                ON UPDATE CASCADE ON DELETE CASCADE
        );
    , parameters: None
[2024-09-27T18:12:45.920+0000] {python.py:240} INFO - Done. Returned value was: None
[2024-09-27T18:12:45.986+0000] {taskinstance.py:340} INFO - ::group::Post task execution logs
[2024-09-27T18:12:45.988+0000] {taskinstance.py:352} INFO - Marking task as SUCCESS. dag_id=scrape_and_save_share_prices_with_company_data, task_id=create_share_prices_table, run_id=scheduled__2023-10-20T00:00:00+00:00, execution_date=20231020T000000, start_date=20240927T181244, end_date=20240927T181245
[2024-09-27T18:12:46.028+0000] {logging_mixin.py:190} INFO - Task instance in success state
[2024-09-27T18:12:46.029+0000] {logging_mixin.py:190} INFO -  Previous state of the Task instance: running
[2024-09-27T18:12:46.030+0000] {logging_mixin.py:190} INFO - Dag name:scrape_and_save_share_prices_with_company_data queued_at:2024-09-27 18:11:35.119063+00:00
[2024-09-27T18:12:46.034+0000] {logging_mixin.py:190} INFO - Task hostname:13b5797a93ab operator:PythonOperator
[2024-09-27T18:12:46.090+0000] {local_task_job_runner.py:266} INFO - Task exited with return code 0
[2024-09-27T18:12:46.190+0000] {taskinstance.py:3900} INFO - 1 downstream tasks scheduled from follow-on schedule check
[2024-09-27T18:12:46.198+0000] {local_task_job_runner.py:245} INFO - ::endgroup::
[2024-09-27T22:04:00.114+0000] {local_task_job_runner.py:123} INFO - ::group::Pre task execution logs
[2024-09-27T22:04:00.217+0000] {taskinstance.py:2612} INFO - Dependencies all met for dep_context=non-requeueable deps ti=<TaskInstance: scrape_and_save_share_prices_with_company_data.create_share_prices_table scheduled__2023-10-20T00:00:00+00:00 [queued]>
[2024-09-27T22:04:00.281+0000] {taskinstance.py:2612} INFO - Dependencies all met for dep_context=requeueable deps ti=<TaskInstance: scrape_and_save_share_prices_with_company_data.create_share_prices_table scheduled__2023-10-20T00:00:00+00:00 [queued]>
[2024-09-27T22:04:00.300+0000] {taskinstance.py:2865} INFO - Starting attempt 1 of 2
[2024-09-27T22:04:00.364+0000] {taskinstance.py:2888} INFO - Executing <Task(PythonOperator): create_share_prices_table> on 2023-10-20 00:00:00+00:00
[2024-09-27T22:04:00.386+0000] {warnings.py:112} WARNING - /home/***/.local/lib/python3.12/site-packages/***/task/task_runner/standard_task_runner.py:70: DeprecationWarning: This process (pid=1047) is multi-threaded, use of fork() may lead to deadlocks in the child.
  pid = os.fork()

[2024-09-27T22:04:00.390+0000] {standard_task_runner.py:72} INFO - Started process 1082 to run task
[2024-09-27T22:04:00.398+0000] {standard_task_runner.py:104} INFO - Running: ['***', 'tasks', 'run', 'scrape_and_save_share_prices_with_company_data', 'create_share_prices_table', 'scheduled__2023-10-20T00:00:00+00:00', '--job-id', '2263', '--raw', '--subdir', 'DAGS_FOLDER/dag.py', '--cfg-path', '/tmp/tmp7i193r5v']
[2024-09-27T22:04:00.408+0000] {standard_task_runner.py:105} INFO - Job 2263: Subtask create_share_prices_table
[2024-09-27T22:04:00.695+0000] {task_command.py:467} INFO - Running <TaskInstance: scrape_and_save_share_prices_with_company_data.create_share_prices_table scheduled__2023-10-20T00:00:00+00:00 [running]> on host fd62fe12432d
[2024-09-27T22:04:01.437+0000] {taskinstance.py:3131} INFO - Exporting env vars: AIRFLOW_CTX_DAG_OWNER='***' AIRFLOW_CTX_DAG_ID='scrape_and_save_share_prices_with_company_data' AIRFLOW_CTX_TASK_ID='create_share_prices_table' AIRFLOW_CTX_EXECUTION_DATE='2023-10-20T00:00:00+00:00' AIRFLOW_CTX_TRY_NUMBER='1' AIRFLOW_CTX_DAG_RUN_ID='scheduled__2023-10-20T00:00:00+00:00'
[2024-09-27T22:04:01.446+0000] {logging_mixin.py:190} INFO - Task instance is in running state
[2024-09-27T22:04:01.448+0000] {logging_mixin.py:190} INFO -  Previous state of the Task instance: queued
[2024-09-27T22:04:01.457+0000] {logging_mixin.py:190} INFO - Current task name:create_share_prices_table state:running start_date:2024-09-27 22:04:00.240710+00:00
[2024-09-27T22:04:01.471+0000] {logging_mixin.py:190} INFO - Dag name:scrape_and_save_share_prices_with_company_data and current dag run status:running
[2024-09-27T22:04:01.482+0000] {taskinstance.py:731} INFO - ::endgroup::
[2024-09-27T22:04:01.537+0000] {base.py:84} INFO - Retrieving connection 'dse_connection'
[2024-09-27T22:04:01.572+0000] {sql.py:509} INFO - Running statement: 
        CREATE TABLE IF NOT EXISTS company_share_prices (
            id SERIAL,
            company_id INTEGER NOT NULL,
            date DATE,
            latest_trading_price VARCHAR(50),
            low_price VARCHAR(50),
            high_price VARCHAR(50),
            closing_price VARCHAR(50),
            ycp VARCHAR(50),
            change VARCHAR(10),
            trade VARCHAR(50),
            value VARCHAR(50),
            volume VARCHAR(50),
            PRIMARY KEY(company_id, id),
            FOREIGN KEY(company_id)
                REFERENCES company_list(company_id)
                ON UPDATE CASCADE ON DELETE CASCADE
        );
    , parameters: None
[2024-09-27T22:04:01.585+0000] {python.py:240} INFO - Done. Returned value was: None
[2024-09-27T22:04:01.623+0000] {taskinstance.py:340} INFO - ::group::Post task execution logs
[2024-09-27T22:04:01.627+0000] {taskinstance.py:352} INFO - Marking task as SUCCESS. dag_id=scrape_and_save_share_prices_with_company_data, task_id=create_share_prices_table, run_id=scheduled__2023-10-20T00:00:00+00:00, execution_date=20231020T000000, start_date=20240927T220400, end_date=20240927T220401
[2024-09-27T22:04:01.742+0000] {logging_mixin.py:190} INFO - Task instance in success state
[2024-09-27T22:04:01.743+0000] {logging_mixin.py:190} INFO -  Previous state of the Task instance: running
[2024-09-27T22:04:01.748+0000] {logging_mixin.py:190} INFO - Dag name:scrape_and_save_share_prices_with_company_data queued_at:2024-09-27 22:02:19.139232+00:00
[2024-09-27T22:04:01.751+0000] {logging_mixin.py:190} INFO - Task hostname:fd62fe12432d operator:PythonOperator
[2024-09-27T22:04:01.848+0000] {local_task_job_runner.py:266} INFO - Task exited with return code 0
[2024-09-27T22:04:02.113+0000] {taskinstance.py:3900} INFO - 1 downstream tasks scheduled from follow-on schedule check
[2024-09-27T22:04:02.157+0000] {local_task_job_runner.py:245} INFO - ::endgroup::
[2024-09-27T22:41:55.669+0000] {local_task_job_runner.py:123} INFO - ::group::Pre task execution logs
[2024-09-27T22:41:55.744+0000] {taskinstance.py:2612} INFO - Dependencies all met for dep_context=non-requeueable deps ti=<TaskInstance: scrape_and_save_share_prices_with_company_data.create_share_prices_table scheduled__2023-10-20T00:00:00+00:00 [queued]>
[2024-09-27T22:41:55.777+0000] {taskinstance.py:2612} INFO - Dependencies all met for dep_context=requeueable deps ti=<TaskInstance: scrape_and_save_share_prices_with_company_data.create_share_prices_table scheduled__2023-10-20T00:00:00+00:00 [queued]>
[2024-09-27T22:41:55.778+0000] {taskinstance.py:2865} INFO - Starting attempt 1 of 2
[2024-09-27T22:41:55.843+0000] {taskinstance.py:2888} INFO - Executing <Task(PythonOperator): create_share_prices_table> on 2023-10-20 00:00:00+00:00
[2024-09-27T22:41:55.885+0000] {warnings.py:112} WARNING - /home/***/.local/lib/python3.12/site-packages/***/task/task_runner/standard_task_runner.py:70: DeprecationWarning: This process (pid=621) is multi-threaded, use of fork() may lead to deadlocks in the child.
  pid = os.fork()

[2024-09-27T22:41:55.910+0000] {standard_task_runner.py:72} INFO - Started process 642 to run task
[2024-09-27T22:41:55.918+0000] {standard_task_runner.py:104} INFO - Running: ['***', 'tasks', 'run', 'scrape_and_save_share_prices_with_company_data', 'create_share_prices_table', 'scheduled__2023-10-20T00:00:00+00:00', '--job-id', '2693', '--raw', '--subdir', 'DAGS_FOLDER/dag.py', '--cfg-path', '/tmp/tmpfz5s8_1k']
[2024-09-27T22:41:55.921+0000] {standard_task_runner.py:105} INFO - Job 2693: Subtask create_share_prices_table
[2024-09-27T22:41:56.237+0000] {task_command.py:467} INFO - Running <TaskInstance: scrape_and_save_share_prices_with_company_data.create_share_prices_table scheduled__2023-10-20T00:00:00+00:00 [running]> on host 7746de5121f6
[2024-09-27T22:41:56.700+0000] {taskinstance.py:3131} INFO - Exporting env vars: AIRFLOW_CTX_DAG_OWNER='***' AIRFLOW_CTX_DAG_ID='scrape_and_save_share_prices_with_company_data' AIRFLOW_CTX_TASK_ID='create_share_prices_table' AIRFLOW_CTX_EXECUTION_DATE='2023-10-20T00:00:00+00:00' AIRFLOW_CTX_TRY_NUMBER='1' AIRFLOW_CTX_DAG_RUN_ID='scheduled__2023-10-20T00:00:00+00:00'
[2024-09-27T22:41:56.711+0000] {logging_mixin.py:190} INFO - Task instance is in running state
[2024-09-27T22:41:56.713+0000] {logging_mixin.py:190} INFO -  Previous state of the Task instance: queued
[2024-09-27T22:41:56.715+0000] {logging_mixin.py:190} INFO - Current task name:create_share_prices_table state:running start_date:2024-09-27 22:41:55.748715+00:00
[2024-09-27T22:41:56.716+0000] {logging_mixin.py:190} INFO - Dag name:scrape_and_save_share_prices_with_company_data and current dag run status:running
[2024-09-27T22:41:56.720+0000] {taskinstance.py:731} INFO - ::endgroup::
[2024-09-27T22:41:56.754+0000] {base.py:84} INFO - Retrieving connection 'dse_connection'
[2024-09-27T22:41:56.766+0000] {sql.py:509} INFO - Running statement: 
        CREATE TABLE IF NOT EXISTS company_share_prices (
            id SERIAL,
            company_id INTEGER NOT NULL,
            date DATE,
            latest_trading_price VARCHAR(50),
            low_price VARCHAR(50),
            high_price VARCHAR(50),
            closing_price VARCHAR(50),
            ycp VARCHAR(50),
            change VARCHAR(10),
            trade VARCHAR(50),
            value VARCHAR(50),
            volume VARCHAR(50),
            PRIMARY KEY(company_id, id),
            FOREIGN KEY(company_id)
                REFERENCES company_list(company_id)
                ON UPDATE CASCADE ON DELETE CASCADE
        );
    , parameters: None
[2024-09-27T22:41:56.781+0000] {python.py:240} INFO - Done. Returned value was: None
[2024-09-27T22:41:56.813+0000] {taskinstance.py:340} INFO - ::group::Post task execution logs
[2024-09-27T22:41:56.815+0000] {taskinstance.py:352} INFO - Marking task as SUCCESS. dag_id=scrape_and_save_share_prices_with_company_data, task_id=create_share_prices_table, run_id=scheduled__2023-10-20T00:00:00+00:00, execution_date=20231020T000000, start_date=20240927T224155, end_date=20240927T224156
[2024-09-27T22:41:57.073+0000] {logging_mixin.py:190} INFO - Task instance in success state
[2024-09-27T22:41:57.074+0000] {logging_mixin.py:190} INFO -  Previous state of the Task instance: running
[2024-09-27T22:41:57.076+0000] {logging_mixin.py:190} INFO - Dag name:scrape_and_save_share_prices_with_company_data queued_at:2024-09-27 22:41:03.322795+00:00
[2024-09-27T22:41:57.086+0000] {logging_mixin.py:190} INFO - Task hostname:7746de5121f6 operator:PythonOperator
[2024-09-27T22:41:57.155+0000] {local_task_job_runner.py:266} INFO - Task exited with return code 0
[2024-09-27T22:41:57.219+0000] {taskinstance.py:3900} INFO - 1 downstream tasks scheduled from follow-on schedule check
[2024-09-27T22:41:57.226+0000] {local_task_job_runner.py:245} INFO - ::endgroup::
