[2024-09-27T18:27:03.576+0000] {local_task_job_runner.py:123} INFO - ::group::Pre task execution logs
[2024-09-27T18:27:03.639+0000] {taskinstance.py:2612} INFO - Dependencies all met for dep_context=non-requeueable deps ti=<TaskInstance: scrape_and_save_share_prices_with_company_data.create_share_prices_table scheduled__2023-12-14T00:00:00+00:00 [queued]>
[2024-09-27T18:27:03.660+0000] {taskinstance.py:2612} INFO - Dependencies all met for dep_context=requeueable deps ti=<TaskInstance: scrape_and_save_share_prices_with_company_data.create_share_prices_table scheduled__2023-12-14T00:00:00+00:00 [queued]>
[2024-09-27T18:27:03.662+0000] {taskinstance.py:2865} INFO - Starting attempt 1 of 2
[2024-09-27T18:27:03.905+0000] {taskinstance.py:2888} INFO - Executing <Task(PythonOperator): create_share_prices_table> on 2023-12-14 00:00:00+00:00
[2024-09-27T18:27:03.920+0000] {warnings.py:112} WARNING - /home/***/.local/lib/python3.12/site-packages/***/task/task_runner/standard_task_runner.py:70: DeprecationWarning: This process (pid=13192) is multi-threaded, use of fork() may lead to deadlocks in the child.
  pid = os.fork()

[2024-09-27T18:27:03.926+0000] {standard_task_runner.py:72} INFO - Started process 13202 to run task
[2024-09-27T18:27:03.935+0000] {standard_task_runner.py:104} INFO - Running: ['***', 'tasks', 'run', 'scrape_and_save_share_prices_with_company_data', 'create_share_prices_table', 'scheduled__2023-12-14T00:00:00+00:00', '--job-id', '1410', '--raw', '--subdir', 'DAGS_FOLDER/dag.py', '--cfg-path', '/tmp/tmpbm1s4xjy']
[2024-09-27T18:27:03.942+0000] {standard_task_runner.py:105} INFO - Job 1410: Subtask create_share_prices_table
[2024-09-27T18:27:04.193+0000] {task_command.py:467} INFO - Running <TaskInstance: scrape_and_save_share_prices_with_company_data.create_share_prices_table scheduled__2023-12-14T00:00:00+00:00 [running]> on host 13b5797a93ab
[2024-09-27T18:27:04.622+0000] {taskinstance.py:3131} INFO - Exporting env vars: AIRFLOW_CTX_DAG_OWNER='***' AIRFLOW_CTX_DAG_ID='scrape_and_save_share_prices_with_company_data' AIRFLOW_CTX_TASK_ID='create_share_prices_table' AIRFLOW_CTX_EXECUTION_DATE='2023-12-14T00:00:00+00:00' AIRFLOW_CTX_TRY_NUMBER='1' AIRFLOW_CTX_DAG_RUN_ID='scheduled__2023-12-14T00:00:00+00:00'
[2024-09-27T18:27:04.627+0000] {logging_mixin.py:190} INFO - Task instance is in running state
[2024-09-27T18:27:04.635+0000] {logging_mixin.py:190} INFO -  Previous state of the Task instance: queued
[2024-09-27T18:27:04.636+0000] {logging_mixin.py:190} INFO - Current task name:create_share_prices_table state:running start_date:2024-09-27 18:27:03.641421+00:00
[2024-09-27T18:27:04.647+0000] {logging_mixin.py:190} INFO - Dag name:scrape_and_save_share_prices_with_company_data and current dag run status:running
[2024-09-27T18:27:04.648+0000] {taskinstance.py:731} INFO - ::endgroup::
[2024-09-27T18:27:04.697+0000] {base.py:84} INFO - Retrieving connection 'dse_connection'
[2024-09-27T18:27:04.712+0000] {sql.py:509} INFO - Running statement: 
        CREATE TABLE IF NOT EXISTS company_share_prices (
            id SERIAL,
            company_id INTEGER NOT NULL,
            date DATE,
            latest_trading_price VARCHAR(50),
            low_price VARCHAR(50),
            high_price VARCHAR(50),
            closing_price VARCHAR(50),
            ycp VARCHAR(50),
            change VARCHAR(10),
            trade VARCHAR(50),
            value VARCHAR(50),
            volume VARCHAR(50),
            PRIMARY KEY(company_id, id),
            FOREIGN KEY(company_id)
                REFERENCES company_list(company_id)
                ON UPDATE CASCADE ON DELETE CASCADE
        );
    , parameters: None
[2024-09-27T18:27:04.723+0000] {python.py:240} INFO - Done. Returned value was: None
[2024-09-27T18:27:04.752+0000] {taskinstance.py:340} INFO - ::group::Post task execution logs
[2024-09-27T18:27:04.754+0000] {taskinstance.py:352} INFO - Marking task as SUCCESS. dag_id=scrape_and_save_share_prices_with_company_data, task_id=create_share_prices_table, run_id=scheduled__2023-12-14T00:00:00+00:00, execution_date=20231214T000000, start_date=20240927T182703, end_date=20240927T182704
[2024-09-27T18:27:04.789+0000] {logging_mixin.py:190} INFO - Task instance in success state
[2024-09-27T18:27:04.790+0000] {logging_mixin.py:190} INFO -  Previous state of the Task instance: running
[2024-09-27T18:27:04.801+0000] {logging_mixin.py:190} INFO - Dag name:scrape_and_save_share_prices_with_company_data queued_at:2024-09-27 18:25:26.457617+00:00
[2024-09-27T18:27:04.811+0000] {logging_mixin.py:190} INFO - Task hostname:13b5797a93ab operator:PythonOperator
[2024-09-27T18:27:04.879+0000] {local_task_job_runner.py:266} INFO - Task exited with return code 0
[2024-09-27T18:27:04.960+0000] {taskinstance.py:3900} INFO - 1 downstream tasks scheduled from follow-on schedule check
[2024-09-27T18:27:04.976+0000] {local_task_job_runner.py:245} INFO - ::endgroup::
[2024-09-27T22:17:01.832+0000] {local_task_job_runner.py:123} INFO - ::group::Pre task execution logs
[2024-09-27T22:17:01.907+0000] {taskinstance.py:2612} INFO - Dependencies all met for dep_context=non-requeueable deps ti=<TaskInstance: scrape_and_save_share_prices_with_company_data.create_share_prices_table scheduled__2023-12-14T00:00:00+00:00 [queued]>
[2024-09-27T22:17:01.942+0000] {taskinstance.py:2612} INFO - Dependencies all met for dep_context=requeueable deps ti=<TaskInstance: scrape_and_save_share_prices_with_company_data.create_share_prices_table scheduled__2023-12-14T00:00:00+00:00 [queued]>
[2024-09-27T22:17:01.945+0000] {taskinstance.py:2865} INFO - Starting attempt 1 of 2
[2024-09-27T22:17:02.000+0000] {taskinstance.py:2888} INFO - Executing <Task(PythonOperator): create_share_prices_table> on 2023-12-14 00:00:00+00:00
[2024-09-27T22:17:02.019+0000] {warnings.py:112} WARNING - /home/***/.local/lib/python3.12/site-packages/***/task/task_runner/standard_task_runner.py:70: DeprecationWarning: This process (pid=2068) is multi-threaded, use of fork() may lead to deadlocks in the child.
  pid = os.fork()

[2024-09-27T22:17:02.027+0000] {standard_task_runner.py:72} INFO - Started process 2086 to run task
[2024-09-27T22:17:02.030+0000] {standard_task_runner.py:104} INFO - Running: ['***', 'tasks', 'run', 'scrape_and_save_share_prices_with_company_data', 'create_share_prices_table', 'scheduled__2023-12-14T00:00:00+00:00', '--job-id', '2483', '--raw', '--subdir', 'DAGS_FOLDER/dag.py', '--cfg-path', '/tmp/tmpgrlqhx6r']
[2024-09-27T22:17:02.043+0000] {standard_task_runner.py:105} INFO - Job 2483: Subtask create_share_prices_table
[2024-09-27T22:17:02.225+0000] {task_command.py:467} INFO - Running <TaskInstance: scrape_and_save_share_prices_with_company_data.create_share_prices_table scheduled__2023-12-14T00:00:00+00:00 [running]> on host fd62fe12432d
[2024-09-27T22:17:02.538+0000] {taskinstance.py:3131} INFO - Exporting env vars: AIRFLOW_CTX_DAG_OWNER='***' AIRFLOW_CTX_DAG_ID='scrape_and_save_share_prices_with_company_data' AIRFLOW_CTX_TASK_ID='create_share_prices_table' AIRFLOW_CTX_EXECUTION_DATE='2023-12-14T00:00:00+00:00' AIRFLOW_CTX_TRY_NUMBER='1' AIRFLOW_CTX_DAG_RUN_ID='scheduled__2023-12-14T00:00:00+00:00'
[2024-09-27T22:17:02.541+0000] {logging_mixin.py:190} INFO - Task instance is in running state
[2024-09-27T22:17:02.542+0000] {logging_mixin.py:190} INFO -  Previous state of the Task instance: queued
[2024-09-27T22:17:02.547+0000] {logging_mixin.py:190} INFO - Current task name:create_share_prices_table state:running start_date:2024-09-27 22:17:01.908627+00:00
[2024-09-27T22:17:02.549+0000] {logging_mixin.py:190} INFO - Dag name:scrape_and_save_share_prices_with_company_data and current dag run status:running
[2024-09-27T22:17:02.550+0000] {taskinstance.py:731} INFO - ::endgroup::
[2024-09-27T22:17:02.571+0000] {base.py:84} INFO - Retrieving connection 'dse_connection'
[2024-09-27T22:17:02.582+0000] {sql.py:509} INFO - Running statement: 
        CREATE TABLE IF NOT EXISTS company_share_prices (
            id SERIAL,
            company_id INTEGER NOT NULL,
            date DATE,
            latest_trading_price VARCHAR(50),
            low_price VARCHAR(50),
            high_price VARCHAR(50),
            closing_price VARCHAR(50),
            ycp VARCHAR(50),
            change VARCHAR(10),
            trade VARCHAR(50),
            value VARCHAR(50),
            volume VARCHAR(50),
            PRIMARY KEY(company_id, id),
            FOREIGN KEY(company_id)
                REFERENCES company_list(company_id)
                ON UPDATE CASCADE ON DELETE CASCADE
        );
    , parameters: None
[2024-09-27T22:17:02.588+0000] {python.py:240} INFO - Done. Returned value was: None
[2024-09-27T22:17:02.623+0000] {taskinstance.py:340} INFO - ::group::Post task execution logs
[2024-09-27T22:17:02.624+0000] {taskinstance.py:352} INFO - Marking task as SUCCESS. dag_id=scrape_and_save_share_prices_with_company_data, task_id=create_share_prices_table, run_id=scheduled__2023-12-14T00:00:00+00:00, execution_date=20231214T000000, start_date=20240927T221701, end_date=20240927T221702
[2024-09-27T22:17:02.671+0000] {logging_mixin.py:190} INFO - Task instance in success state
[2024-09-27T22:17:02.672+0000] {logging_mixin.py:190} INFO -  Previous state of the Task instance: running
[2024-09-27T22:17:02.674+0000] {logging_mixin.py:190} INFO - Dag name:scrape_and_save_share_prices_with_company_data queued_at:2024-09-27 22:15:07.391151+00:00
[2024-09-27T22:17:02.676+0000] {logging_mixin.py:190} INFO - Task hostname:fd62fe12432d operator:PythonOperator
[2024-09-27T22:17:02.721+0000] {local_task_job_runner.py:266} INFO - Task exited with return code 0
[2024-09-27T22:17:02.845+0000] {taskinstance.py:3900} INFO - 1 downstream tasks scheduled from follow-on schedule check
[2024-09-27T22:17:02.856+0000] {local_task_job_runner.py:245} INFO - ::endgroup::
[2024-09-27T22:54:43.801+0000] {local_task_job_runner.py:123} INFO - ::group::Pre task execution logs
[2024-09-27T22:54:43.859+0000] {taskinstance.py:2612} INFO - Dependencies all met for dep_context=non-requeueable deps ti=<TaskInstance: scrape_and_save_share_prices_with_company_data.create_share_prices_table scheduled__2023-12-14T00:00:00+00:00 [queued]>
[2024-09-27T22:54:43.887+0000] {taskinstance.py:2612} INFO - Dependencies all met for dep_context=requeueable deps ti=<TaskInstance: scrape_and_save_share_prices_with_company_data.create_share_prices_table scheduled__2023-12-14T00:00:00+00:00 [queued]>
[2024-09-27T22:54:43.888+0000] {taskinstance.py:2865} INFO - Starting attempt 1 of 2
[2024-09-27T22:54:43.926+0000] {taskinstance.py:2888} INFO - Executing <Task(PythonOperator): create_share_prices_table> on 2023-12-14 00:00:00+00:00
[2024-09-27T22:54:43.969+0000] {warnings.py:112} WARNING - /home/***/.local/lib/python3.12/site-packages/***/task/task_runner/standard_task_runner.py:70: DeprecationWarning: This process (pid=1689) is multi-threaded, use of fork() may lead to deadlocks in the child.
  pid = os.fork()

[2024-09-27T22:54:43.968+0000] {standard_task_runner.py:104} INFO - Running: ['***', 'tasks', 'run', 'scrape_and_save_share_prices_with_company_data', 'create_share_prices_table', 'scheduled__2023-12-14T00:00:00+00:00', '--job-id', '2928', '--raw', '--subdir', 'DAGS_FOLDER/dag.py', '--cfg-path', '/tmp/tmp2lcqkovo']
[2024-09-27T22:54:43.972+0000] {standard_task_runner.py:72} INFO - Started process 1696 to run task
[2024-09-27T22:54:43.974+0000] {standard_task_runner.py:105} INFO - Job 2928: Subtask create_share_prices_table
[2024-09-27T22:54:44.168+0000] {task_command.py:467} INFO - Running <TaskInstance: scrape_and_save_share_prices_with_company_data.create_share_prices_table scheduled__2023-12-14T00:00:00+00:00 [running]> on host 7746de5121f6
[2024-09-27T22:54:44.497+0000] {taskinstance.py:3131} INFO - Exporting env vars: AIRFLOW_CTX_DAG_OWNER='***' AIRFLOW_CTX_DAG_ID='scrape_and_save_share_prices_with_company_data' AIRFLOW_CTX_TASK_ID='create_share_prices_table' AIRFLOW_CTX_EXECUTION_DATE='2023-12-14T00:00:00+00:00' AIRFLOW_CTX_TRY_NUMBER='1' AIRFLOW_CTX_DAG_RUN_ID='scheduled__2023-12-14T00:00:00+00:00'
[2024-09-27T22:54:44.503+0000] {logging_mixin.py:190} INFO - Task instance is in running state
[2024-09-27T22:54:44.505+0000] {logging_mixin.py:190} INFO -  Previous state of the Task instance: queued
[2024-09-27T22:54:44.507+0000] {logging_mixin.py:190} INFO - Current task name:create_share_prices_table state:running start_date:2024-09-27 22:54:43.863331+00:00
[2024-09-27T22:54:44.508+0000] {logging_mixin.py:190} INFO - Dag name:scrape_and_save_share_prices_with_company_data and current dag run status:running
[2024-09-27T22:54:44.511+0000] {taskinstance.py:731} INFO - ::endgroup::
[2024-09-27T22:54:44.531+0000] {base.py:84} INFO - Retrieving connection 'dse_connection'
[2024-09-27T22:54:44.550+0000] {sql.py:509} INFO - Running statement: 
        CREATE TABLE IF NOT EXISTS company_share_prices (
            id SERIAL,
            company_id INTEGER NOT NULL,
            date DATE,
            latest_trading_price VARCHAR(50),
            low_price VARCHAR(50),
            high_price VARCHAR(50),
            closing_price VARCHAR(50),
            ycp VARCHAR(50),
            change VARCHAR(10),
            trade VARCHAR(50),
            value VARCHAR(50),
            volume VARCHAR(50),
            PRIMARY KEY(company_id, id),
            FOREIGN KEY(company_id)
                REFERENCES company_list(company_id)
                ON UPDATE CASCADE ON DELETE CASCADE
        );
    , parameters: None
[2024-09-27T22:54:44.554+0000] {python.py:240} INFO - Done. Returned value was: None
[2024-09-27T22:54:44.591+0000] {taskinstance.py:340} INFO - ::group::Post task execution logs
[2024-09-27T22:54:44.595+0000] {taskinstance.py:352} INFO - Marking task as SUCCESS. dag_id=scrape_and_save_share_prices_with_company_data, task_id=create_share_prices_table, run_id=scheduled__2023-12-14T00:00:00+00:00, execution_date=20231214T000000, start_date=20240927T225443, end_date=20240927T225444
[2024-09-27T22:54:44.624+0000] {logging_mixin.py:190} INFO - Task instance in success state
[2024-09-27T22:54:44.625+0000] {logging_mixin.py:190} INFO -  Previous state of the Task instance: running
[2024-09-27T22:54:44.626+0000] {logging_mixin.py:190} INFO - Dag name:scrape_and_save_share_prices_with_company_data queued_at:2024-09-27 22:53:40.547500+00:00
[2024-09-27T22:54:44.629+0000] {logging_mixin.py:190} INFO - Task hostname:7746de5121f6 operator:PythonOperator
[2024-09-27T22:54:44.690+0000] {local_task_job_runner.py:266} INFO - Task exited with return code 0
[2024-09-27T22:54:44.760+0000] {taskinstance.py:3900} INFO - 1 downstream tasks scheduled from follow-on schedule check
[2024-09-27T22:54:44.779+0000] {local_task_job_runner.py:245} INFO - ::endgroup::
