[2024-10-10T17:40:19.044+0000] {local_task_job_runner.py:123} INFO - ::group::Pre task execution logs
[2024-10-10T17:40:19.195+0000] {taskinstance.py:2612} INFO - Dependencies all met for dep_context=non-requeueable deps ti=<TaskInstance: scrape_and_save_share_prices_with_company_data.create_company_basic_table scheduled__2024-10-02T00:00:00+00:00 [queued]>
[2024-10-10T17:40:19.280+0000] {taskinstance.py:2612} INFO - Dependencies all met for dep_context=requeueable deps ti=<TaskInstance: scrape_and_save_share_prices_with_company_data.create_company_basic_table scheduled__2024-10-02T00:00:00+00:00 [queued]>
[2024-10-10T17:40:19.298+0000] {taskinstance.py:2865} INFO - Starting attempt 1 of 2
[2024-10-10T17:40:19.553+0000] {taskinstance.py:2888} INFO - Executing <Task(PythonOperator): create_company_basic_table> on 2024-10-02 00:00:00+00:00
[2024-10-10T17:40:19.670+0000] {standard_task_runner.py:104} INFO - Running: ['***', 'tasks', 'run', 'scrape_and_save_share_prices_with_company_data', 'create_company_basic_table', 'scheduled__2024-10-02T00:00:00+00:00', '--job-id', '4293', '--raw', '--subdir', 'DAGS_FOLDER/dag.py', '--cfg-path', '/tmp/tmpquuurzez']
[2024-10-10T17:40:19.702+0000] {standard_task_runner.py:105} INFO - Job 4293: Subtask create_company_basic_table
[2024-10-10T17:40:19.676+0000] {warnings.py:112} WARNING - /home/***/.local/lib/python3.12/site-packages/***/task/task_runner/standard_task_runner.py:70: DeprecationWarning: This process (pid=1332) is multi-threaded, use of fork() may lead to deadlocks in the child.
  pid = os.fork()

[2024-10-10T17:40:19.812+0000] {standard_task_runner.py:72} INFO - Started process 1397 to run task
[2024-10-10T17:40:20.126+0000] {task_command.py:467} INFO - Running <TaskInstance: scrape_and_save_share_prices_with_company_data.create_company_basic_table scheduled__2024-10-02T00:00:00+00:00 [running]> on host 7746de5121f6
[2024-10-10T17:40:21.120+0000] {taskinstance.py:3131} INFO - Exporting env vars: AIRFLOW_CTX_DAG_OWNER='***' AIRFLOW_CTX_DAG_ID='scrape_and_save_share_prices_with_company_data' AIRFLOW_CTX_TASK_ID='create_company_basic_table' AIRFLOW_CTX_EXECUTION_DATE='2024-10-02T00:00:00+00:00' AIRFLOW_CTX_TRY_NUMBER='1' AIRFLOW_CTX_DAG_RUN_ID='scheduled__2024-10-02T00:00:00+00:00'
[2024-10-10T17:40:21.136+0000] {logging_mixin.py:190} INFO - Task instance is in running state
[2024-10-10T17:40:21.152+0000] {logging_mixin.py:190} INFO -  Previous state of the Task instance: queued
[2024-10-10T17:40:21.153+0000] {logging_mixin.py:190} INFO - Current task name:create_company_basic_table state:running start_date:2024-10-10 17:40:19.210971+00:00
[2024-10-10T17:40:21.170+0000] {logging_mixin.py:190} INFO - Dag name:scrape_and_save_share_prices_with_company_data and current dag run status:running
[2024-10-10T17:40:21.179+0000] {taskinstance.py:731} INFO - ::endgroup::
[2024-10-10T17:40:21.249+0000] {base.py:84} INFO - Retrieving connection 'dse_connection'
[2024-10-10T17:40:21.261+0000] {sql.py:509} INFO - Running statement: 
        CREATE TABLE IF NOT EXISTS company_basic_info (
            id SERIAL,
            company_id INTEGER NOT NULL,
            date DATE,
            authorized_capital VARCHAR(50),
            paid_up_capital VARCHAR(50),
            type_of_instrument VARCHAR(50),
            face_per_value VARCHAR(10),
            market_lot VARCHAR(50),
            total_no_outstanding_securities VARCHAR(50),
            sector VARCHAR(100),
            PRIMARY KEY (company_id,id),
            UNIQUE(company_id),
            FOREIGN KEY (company_id)
                REFERENCES company_list (company_id)
                ON UPDATE CASCADE ON DELETE CASCADE
            )
    , parameters: None
[2024-10-10T17:40:21.270+0000] {python.py:240} INFO - Done. Returned value was: None
[2024-10-10T17:40:21.331+0000] {taskinstance.py:340} INFO - ::group::Post task execution logs
[2024-10-10T17:40:21.332+0000] {taskinstance.py:352} INFO - Marking task as SUCCESS. dag_id=scrape_and_save_share_prices_with_company_data, task_id=create_company_basic_table, run_id=scheduled__2024-10-02T00:00:00+00:00, execution_date=20241002T000000, start_date=20241010T174019, end_date=20241010T174021
[2024-10-10T17:40:21.396+0000] {logging_mixin.py:190} INFO - Task instance in success state
[2024-10-10T17:40:21.398+0000] {logging_mixin.py:190} INFO -  Previous state of the Task instance: running
[2024-10-10T17:40:21.399+0000] {logging_mixin.py:190} INFO - Dag name:scrape_and_save_share_prices_with_company_data queued_at:2024-10-10 17:36:04.264271+00:00
[2024-10-10T17:40:21.400+0000] {logging_mixin.py:190} INFO - Task hostname:7746de5121f6 operator:PythonOperator
[2024-10-10T17:40:21.542+0000] {local_task_job_runner.py:266} INFO - Task exited with return code 0
[2024-10-10T17:40:21.712+0000] {taskinstance.py:3900} INFO - 1 downstream tasks scheduled from follow-on schedule check
[2024-10-10T17:40:21.732+0000] {local_task_job_runner.py:245} INFO - ::endgroup::
