[2024-09-27T18:20:49.066+0000] {local_task_job_runner.py:123} INFO - ::group::Pre task execution logs
[2024-09-27T18:20:49.163+0000] {taskinstance.py:2612} INFO - Dependencies all met for dep_context=non-requeueable deps ti=<TaskInstance: scrape_and_save_share_prices_with_company_data.create_company_table scheduled__2023-11-29T00:00:00+00:00 [queued]>
[2024-09-27T18:20:49.197+0000] {taskinstance.py:2612} INFO - Dependencies all met for dep_context=requeueable deps ti=<TaskInstance: scrape_and_save_share_prices_with_company_data.create_company_table scheduled__2023-11-29T00:00:00+00:00 [queued]>
[2024-09-27T18:20:49.203+0000] {taskinstance.py:2865} INFO - Starting attempt 1 of 2
[2024-09-27T18:20:49.294+0000] {taskinstance.py:2888} INFO - Executing <Task(PythonOperator): create_company_table> on 2023-11-29 00:00:00+00:00
[2024-09-27T18:20:49.326+0000] {standard_task_runner.py:104} INFO - Running: ['***', 'tasks', 'run', 'scrape_and_save_share_prices_with_company_data', 'create_company_table', 'scheduled__2023-11-29T00:00:00+00:00', '--job-id', '1314', '--raw', '--subdir', 'DAGS_FOLDER/dag.py', '--cfg-path', '/tmp/tmp0at6s6n2']
[2024-09-27T18:20:49.341+0000] {standard_task_runner.py:105} INFO - Job 1314: Subtask create_company_table
[2024-09-27T18:20:49.317+0000] {warnings.py:112} WARNING - /home/***/.local/lib/python3.12/site-packages/***/task/task_runner/standard_task_runner.py:70: DeprecationWarning: This process (pid=12746) is multi-threaded, use of fork() may lead to deadlocks in the child.
  pid = os.fork()

[2024-09-27T18:20:49.364+0000] {standard_task_runner.py:72} INFO - Started process 12764 to run task
[2024-09-27T18:20:49.748+0000] {task_command.py:467} INFO - Running <TaskInstance: scrape_and_save_share_prices_with_company_data.create_company_table scheduled__2023-11-29T00:00:00+00:00 [running]> on host 13b5797a93ab
[2024-09-27T18:20:50.210+0000] {taskinstance.py:3131} INFO - Exporting env vars: AIRFLOW_CTX_DAG_OWNER='***' AIRFLOW_CTX_DAG_ID='scrape_and_save_share_prices_with_company_data' AIRFLOW_CTX_TASK_ID='create_company_table' AIRFLOW_CTX_EXECUTION_DATE='2023-11-29T00:00:00+00:00' AIRFLOW_CTX_TRY_NUMBER='1' AIRFLOW_CTX_DAG_RUN_ID='scheduled__2023-11-29T00:00:00+00:00'
[2024-09-27T18:20:50.219+0000] {logging_mixin.py:190} INFO - Task instance is in running state
[2024-09-27T18:20:50.222+0000] {logging_mixin.py:190} INFO -  Previous state of the Task instance: queued
[2024-09-27T18:20:50.227+0000] {logging_mixin.py:190} INFO - Current task name:create_company_table state:running start_date:2024-09-27 18:20:49.171090+00:00
[2024-09-27T18:20:50.229+0000] {logging_mixin.py:190} INFO - Dag name:scrape_and_save_share_prices_with_company_data and current dag run status:running
[2024-09-27T18:20:50.230+0000] {taskinstance.py:731} INFO - ::endgroup::
[2024-09-27T18:20:50.304+0000] {base.py:84} INFO - Retrieving connection 'dse_connection'
[2024-09-27T18:20:50.338+0000] {sql.py:509} INFO - Running statement: 
        CREATE TABLE IF NOT EXISTS company_list (
            company_id SERIAL PRIMARY KEY,
            company_trade_name VARCHAR(255) NOT NULL,
            company_url VARCHAR(255) NOT NULL,
            UNIQUE(company_trade_name)
        );
    , parameters: None
[2024-09-27T18:20:50.343+0000] {python.py:240} INFO - Done. Returned value was: None
[2024-09-27T18:20:50.395+0000] {taskinstance.py:340} INFO - ::group::Post task execution logs
[2024-09-27T18:20:50.398+0000] {taskinstance.py:352} INFO - Marking task as SUCCESS. dag_id=scrape_and_save_share_prices_with_company_data, task_id=create_company_table, run_id=scheduled__2023-11-29T00:00:00+00:00, execution_date=20231129T000000, start_date=20240927T182049, end_date=20240927T182050
[2024-09-27T18:20:50.453+0000] {logging_mixin.py:190} INFO - Task instance in success state
[2024-09-27T18:20:50.471+0000] {logging_mixin.py:190} INFO -  Previous state of the Task instance: running
[2024-09-27T18:20:50.477+0000] {logging_mixin.py:190} INFO - Dag name:scrape_and_save_share_prices_with_company_data queued_at:2024-09-27 18:20:38.622736+00:00
[2024-09-27T18:20:50.484+0000] {logging_mixin.py:190} INFO - Task hostname:13b5797a93ab operator:PythonOperator
[2024-09-27T18:20:50.537+0000] {local_task_job_runner.py:266} INFO - Task exited with return code 0
[2024-09-27T18:20:50.577+0000] {local_task_job_runner.py:245} INFO - ::endgroup::
[2024-09-27T22:11:30.883+0000] {local_task_job_runner.py:123} INFO - ::group::Pre task execution logs
[2024-09-27T22:11:31.038+0000] {taskinstance.py:2612} INFO - Dependencies all met for dep_context=non-requeueable deps ti=<TaskInstance: scrape_and_save_share_prices_with_company_data.create_company_table scheduled__2023-11-29T00:00:00+00:00 [queued]>
[2024-09-27T22:11:31.077+0000] {taskinstance.py:2612} INFO - Dependencies all met for dep_context=requeueable deps ti=<TaskInstance: scrape_and_save_share_prices_with_company_data.create_company_table scheduled__2023-11-29T00:00:00+00:00 [queued]>
[2024-09-27T22:11:31.081+0000] {taskinstance.py:2865} INFO - Starting attempt 1 of 2
[2024-09-27T22:11:31.248+0000] {taskinstance.py:2888} INFO - Executing <Task(PythonOperator): create_company_table> on 2023-11-29 00:00:00+00:00
[2024-09-27T22:11:31.270+0000] {warnings.py:112} WARNING - /home/***/.local/lib/python3.12/site-packages/***/task/task_runner/standard_task_runner.py:70: DeprecationWarning: This process (pid=1648) is multi-threaded, use of fork() may lead to deadlocks in the child.
  pid = os.fork()

[2024-09-27T22:11:31.291+0000] {standard_task_runner.py:72} INFO - Started process 1666 to run task
[2024-09-27T22:11:31.284+0000] {standard_task_runner.py:104} INFO - Running: ['***', 'tasks', 'run', 'scrape_and_save_share_prices_with_company_data', 'create_company_table', 'scheduled__2023-11-29T00:00:00+00:00', '--job-id', '2394', '--raw', '--subdir', 'DAGS_FOLDER/dag.py', '--cfg-path', '/tmp/tmp3w429blx']
[2024-09-27T22:11:31.311+0000] {standard_task_runner.py:105} INFO - Job 2394: Subtask create_company_table
[2024-09-27T22:11:31.567+0000] {task_command.py:467} INFO - Running <TaskInstance: scrape_and_save_share_prices_with_company_data.create_company_table scheduled__2023-11-29T00:00:00+00:00 [running]> on host fd62fe12432d
[2024-09-27T22:11:32.070+0000] {taskinstance.py:3131} INFO - Exporting env vars: AIRFLOW_CTX_DAG_OWNER='***' AIRFLOW_CTX_DAG_ID='scrape_and_save_share_prices_with_company_data' AIRFLOW_CTX_TASK_ID='create_company_table' AIRFLOW_CTX_EXECUTION_DATE='2023-11-29T00:00:00+00:00' AIRFLOW_CTX_TRY_NUMBER='1' AIRFLOW_CTX_DAG_RUN_ID='scheduled__2023-11-29T00:00:00+00:00'
[2024-09-27T22:11:32.082+0000] {logging_mixin.py:190} INFO - Task instance is in running state
[2024-09-27T22:11:32.086+0000] {logging_mixin.py:190} INFO -  Previous state of the Task instance: queued
[2024-09-27T22:11:32.090+0000] {logging_mixin.py:190} INFO - Current task name:create_company_table state:running start_date:2024-09-27 22:11:31.040075+00:00
[2024-09-27T22:11:32.092+0000] {logging_mixin.py:190} INFO - Dag name:scrape_and_save_share_prices_with_company_data and current dag run status:running
[2024-09-27T22:11:32.093+0000] {taskinstance.py:731} INFO - ::endgroup::
[2024-09-27T22:11:32.139+0000] {base.py:84} INFO - Retrieving connection 'dse_connection'
[2024-09-27T22:11:32.166+0000] {sql.py:509} INFO - Running statement: 
        CREATE TABLE IF NOT EXISTS company_list (
            company_id SERIAL PRIMARY KEY,
            company_trade_name VARCHAR(255) NOT NULL,
            company_url VARCHAR(255) NOT NULL,
            UNIQUE(company_trade_name)
        );
    , parameters: None
[2024-09-27T22:11:32.172+0000] {python.py:240} INFO - Done. Returned value was: None
[2024-09-27T22:11:32.203+0000] {taskinstance.py:340} INFO - ::group::Post task execution logs
[2024-09-27T22:11:32.206+0000] {taskinstance.py:352} INFO - Marking task as SUCCESS. dag_id=scrape_and_save_share_prices_with_company_data, task_id=create_company_table, run_id=scheduled__2023-11-29T00:00:00+00:00, execution_date=20231129T000000, start_date=20240927T221131, end_date=20240927T221132
[2024-09-27T22:11:32.243+0000] {logging_mixin.py:190} INFO - Task instance in success state
[2024-09-27T22:11:32.245+0000] {logging_mixin.py:190} INFO -  Previous state of the Task instance: running
[2024-09-27T22:11:32.254+0000] {logging_mixin.py:190} INFO - Dag name:scrape_and_save_share_prices_with_company_data queued_at:2024-09-27 22:11:22.645924+00:00
[2024-09-27T22:11:32.259+0000] {logging_mixin.py:190} INFO - Task hostname:fd62fe12432d operator:PythonOperator
[2024-09-27T22:11:32.305+0000] {local_task_job_runner.py:266} INFO - Task exited with return code 0
[2024-09-27T22:11:32.420+0000] {taskinstance.py:3900} INFO - 1 downstream tasks scheduled from follow-on schedule check
[2024-09-27T22:11:32.429+0000] {local_task_job_runner.py:245} INFO - ::endgroup::
[2024-09-27T22:50:24.469+0000] {local_task_job_runner.py:123} INFO - ::group::Pre task execution logs
[2024-09-27T22:50:24.536+0000] {taskinstance.py:2612} INFO - Dependencies all met for dep_context=non-requeueable deps ti=<TaskInstance: scrape_and_save_share_prices_with_company_data.create_company_table scheduled__2023-11-29T00:00:00+00:00 [queued]>
[2024-09-27T22:50:24.568+0000] {taskinstance.py:2612} INFO - Dependencies all met for dep_context=requeueable deps ti=<TaskInstance: scrape_and_save_share_prices_with_company_data.create_company_table scheduled__2023-11-29T00:00:00+00:00 [queued]>
[2024-09-27T22:50:24.569+0000] {taskinstance.py:2865} INFO - Starting attempt 1 of 2
[2024-09-27T22:50:24.638+0000] {taskinstance.py:2888} INFO - Executing <Task(PythonOperator): create_company_table> on 2023-11-29 00:00:00+00:00
[2024-09-27T22:50:24.671+0000] {warnings.py:112} WARNING - /home/***/.local/lib/python3.12/site-packages/***/task/task_runner/standard_task_runner.py:70: DeprecationWarning: This process (pid=1279) is multi-threaded, use of fork() may lead to deadlocks in the child.
  pid = os.fork()

[2024-09-27T22:50:24.678+0000] {standard_task_runner.py:72} INFO - Started process 1307 to run task
[2024-09-27T22:50:24.732+0000] {standard_task_runner.py:104} INFO - Running: ['***', 'tasks', 'run', 'scrape_and_save_share_prices_with_company_data', 'create_company_table', 'scheduled__2023-11-29T00:00:00+00:00', '--job-id', '2840', '--raw', '--subdir', 'DAGS_FOLDER/dag.py', '--cfg-path', '/tmp/tmpes7yvw4m']
[2024-09-27T22:50:24.735+0000] {standard_task_runner.py:105} INFO - Job 2840: Subtask create_company_table
[2024-09-27T22:50:24.975+0000] {task_command.py:467} INFO - Running <TaskInstance: scrape_and_save_share_prices_with_company_data.create_company_table scheduled__2023-11-29T00:00:00+00:00 [running]> on host 7746de5121f6
[2024-09-27T22:50:25.806+0000] {taskinstance.py:3131} INFO - Exporting env vars: AIRFLOW_CTX_DAG_OWNER='***' AIRFLOW_CTX_DAG_ID='scrape_and_save_share_prices_with_company_data' AIRFLOW_CTX_TASK_ID='create_company_table' AIRFLOW_CTX_EXECUTION_DATE='2023-11-29T00:00:00+00:00' AIRFLOW_CTX_TRY_NUMBER='1' AIRFLOW_CTX_DAG_RUN_ID='scheduled__2023-11-29T00:00:00+00:00'
[2024-09-27T22:50:26.107+0000] {logging_mixin.py:190} INFO - Task instance is in running state
[2024-09-27T22:50:26.122+0000] {logging_mixin.py:190} INFO -  Previous state of the Task instance: queued
[2024-09-27T22:50:26.155+0000] {logging_mixin.py:190} INFO - Current task name:create_company_table state:running start_date:2024-09-27 22:50:24.543079+00:00
[2024-09-27T22:50:26.207+0000] {logging_mixin.py:190} INFO - Dag name:scrape_and_save_share_prices_with_company_data and current dag run status:running
[2024-09-27T22:50:26.230+0000] {taskinstance.py:731} INFO - ::endgroup::
[2024-09-27T22:50:26.314+0000] {base.py:84} INFO - Retrieving connection 'dse_connection'
[2024-09-27T22:50:26.348+0000] {sql.py:509} INFO - Running statement: 
        CREATE TABLE IF NOT EXISTS company_list (
            company_id SERIAL PRIMARY KEY,
            company_trade_name VARCHAR(255) NOT NULL,
            company_url VARCHAR(255) NOT NULL,
            UNIQUE(company_trade_name)
        );
    , parameters: None
[2024-09-27T22:50:26.368+0000] {python.py:240} INFO - Done. Returned value was: None
[2024-09-27T22:50:26.534+0000] {taskinstance.py:340} INFO - ::group::Post task execution logs
[2024-09-27T22:50:26.556+0000] {taskinstance.py:352} INFO - Marking task as SUCCESS. dag_id=scrape_and_save_share_prices_with_company_data, task_id=create_company_table, run_id=scheduled__2023-11-29T00:00:00+00:00, execution_date=20231129T000000, start_date=20240927T225024, end_date=20240927T225026
[2024-09-27T22:50:26.638+0000] {logging_mixin.py:190} INFO - Task instance in success state
[2024-09-27T22:50:26.647+0000] {logging_mixin.py:190} INFO -  Previous state of the Task instance: running
[2024-09-27T22:50:26.649+0000] {logging_mixin.py:190} INFO - Dag name:scrape_and_save_share_prices_with_company_data queued_at:2024-09-27 22:50:12.350866+00:00
[2024-09-27T22:50:26.652+0000] {logging_mixin.py:190} INFO - Task hostname:7746de5121f6 operator:PythonOperator
[2024-09-27T22:50:26.714+0000] {local_task_job_runner.py:266} INFO - Task exited with return code 0
[2024-09-27T22:50:26.860+0000] {local_task_job_runner.py:245} INFO - ::endgroup::
