[2024-09-27T18:36:52.141+0000] {local_task_job_runner.py:123} INFO - ::group::Pre task execution logs
[2024-09-27T18:36:52.230+0000] {taskinstance.py:2612} INFO - Dependencies all met for dep_context=non-requeueable deps ti=<TaskInstance: scrape_and_save_share_prices_with_company_data.create_share_prices_table scheduled__2024-01-24T00:00:00+00:00 [queued]>
[2024-09-27T18:36:52.316+0000] {taskinstance.py:2612} INFO - Dependencies all met for dep_context=requeueable deps ti=<TaskInstance: scrape_and_save_share_prices_with_company_data.create_share_prices_table scheduled__2024-01-24T00:00:00+00:00 [queued]>
[2024-09-27T18:36:52.318+0000] {taskinstance.py:2865} INFO - Starting attempt 1 of 2
[2024-09-27T18:36:52.455+0000] {taskinstance.py:2888} INFO - Executing <Task(PythonOperator): create_share_prices_table> on 2024-01-24 00:00:00+00:00
[2024-09-27T18:36:52.474+0000] {warnings.py:112} WARNING - /home/***/.local/lib/python3.12/site-packages/***/task/task_runner/standard_task_runner.py:70: DeprecationWarning: This process (pid=13952) is multi-threaded, use of fork() may lead to deadlocks in the child.
  pid = os.fork()

[2024-09-27T18:36:52.484+0000] {standard_task_runner.py:72} INFO - Started process 13967 to run task
[2024-09-27T18:36:52.486+0000] {standard_task_runner.py:104} INFO - Running: ['***', 'tasks', 'run', 'scrape_and_save_share_prices_with_company_data', 'create_share_prices_table', 'scheduled__2024-01-24T00:00:00+00:00', '--job-id', '1577', '--raw', '--subdir', 'DAGS_FOLDER/dag.py', '--cfg-path', '/tmp/tmpz3zwam3t']
[2024-09-27T18:36:52.490+0000] {standard_task_runner.py:105} INFO - Job 1577: Subtask create_share_prices_table
[2024-09-27T18:36:52.985+0000] {task_command.py:467} INFO - Running <TaskInstance: scrape_and_save_share_prices_with_company_data.create_share_prices_table scheduled__2024-01-24T00:00:00+00:00 [running]> on host 13b5797a93ab
[2024-09-27T18:36:53.576+0000] {taskinstance.py:3131} INFO - Exporting env vars: AIRFLOW_CTX_DAG_OWNER='***' AIRFLOW_CTX_DAG_ID='scrape_and_save_share_prices_with_company_data' AIRFLOW_CTX_TASK_ID='create_share_prices_table' AIRFLOW_CTX_EXECUTION_DATE='2024-01-24T00:00:00+00:00' AIRFLOW_CTX_TRY_NUMBER='1' AIRFLOW_CTX_DAG_RUN_ID='scheduled__2024-01-24T00:00:00+00:00'
[2024-09-27T18:36:53.586+0000] {logging_mixin.py:190} INFO - Task instance is in running state
[2024-09-27T18:36:53.587+0000] {logging_mixin.py:190} INFO -  Previous state of the Task instance: queued
[2024-09-27T18:36:53.588+0000] {logging_mixin.py:190} INFO - Current task name:create_share_prices_table state:running start_date:2024-09-27 18:36:52.237301+00:00
[2024-09-27T18:36:53.594+0000] {logging_mixin.py:190} INFO - Dag name:scrape_and_save_share_prices_with_company_data and current dag run status:running
[2024-09-27T18:36:53.599+0000] {taskinstance.py:731} INFO - ::endgroup::
[2024-09-27T18:36:53.623+0000] {base.py:84} INFO - Retrieving connection 'dse_connection'
[2024-09-27T18:36:53.667+0000] {sql.py:509} INFO - Running statement: 
        CREATE TABLE IF NOT EXISTS company_share_prices (
            id SERIAL,
            company_id INTEGER NOT NULL,
            date DATE,
            latest_trading_price VARCHAR(50),
            low_price VARCHAR(50),
            high_price VARCHAR(50),
            closing_price VARCHAR(50),
            ycp VARCHAR(50),
            change VARCHAR(10),
            trade VARCHAR(50),
            value VARCHAR(50),
            volume VARCHAR(50),
            PRIMARY KEY(company_id, id),
            FOREIGN KEY(company_id)
                REFERENCES company_list(company_id)
                ON UPDATE CASCADE ON DELETE CASCADE
        );
    , parameters: None
[2024-09-27T18:36:53.672+0000] {python.py:240} INFO - Done. Returned value was: None
[2024-09-27T18:36:53.738+0000] {taskinstance.py:340} INFO - ::group::Post task execution logs
[2024-09-27T18:36:53.740+0000] {taskinstance.py:352} INFO - Marking task as SUCCESS. dag_id=scrape_and_save_share_prices_with_company_data, task_id=create_share_prices_table, run_id=scheduled__2024-01-24T00:00:00+00:00, execution_date=20240124T000000, start_date=20240927T183652, end_date=20240927T183653
[2024-09-27T18:36:53.790+0000] {logging_mixin.py:190} INFO - Task instance in success state
[2024-09-27T18:36:53.798+0000] {logging_mixin.py:190} INFO -  Previous state of the Task instance: running
[2024-09-27T18:36:53.802+0000] {logging_mixin.py:190} INFO - Dag name:scrape_and_save_share_prices_with_company_data queued_at:2024-09-27 18:34:48.973779+00:00
[2024-09-27T18:36:53.806+0000] {logging_mixin.py:190} INFO - Task hostname:13b5797a93ab operator:PythonOperator
[2024-09-27T18:36:53.893+0000] {local_task_job_runner.py:266} INFO - Task exited with return code 0
[2024-09-27T18:36:53.976+0000] {taskinstance.py:3900} INFO - 1 downstream tasks scheduled from follow-on schedule check
[2024-09-27T18:36:53.982+0000] {local_task_job_runner.py:245} INFO - ::endgroup::
[2024-09-27T23:02:28.183+0000] {local_task_job_runner.py:123} INFO - ::group::Pre task execution logs
[2024-09-27T23:02:28.299+0000] {taskinstance.py:2612} INFO - Dependencies all met for dep_context=non-requeueable deps ti=<TaskInstance: scrape_and_save_share_prices_with_company_data.create_share_prices_table scheduled__2024-01-24T00:00:00+00:00 [queued]>
[2024-09-27T23:02:28.352+0000] {taskinstance.py:2612} INFO - Dependencies all met for dep_context=requeueable deps ti=<TaskInstance: scrape_and_save_share_prices_with_company_data.create_share_prices_table scheduled__2024-01-24T00:00:00+00:00 [queued]>
[2024-09-27T23:02:28.358+0000] {taskinstance.py:2865} INFO - Starting attempt 1 of 2
[2024-09-27T23:02:28.601+0000] {taskinstance.py:2888} INFO - Executing <Task(PythonOperator): create_share_prices_table> on 2024-01-24 00:00:00+00:00
[2024-09-27T23:02:28.641+0000] {warnings.py:112} WARNING - /home/***/.local/lib/python3.12/site-packages/***/task/task_runner/standard_task_runner.py:70: DeprecationWarning: This process (pid=2451) is multi-threaded, use of fork() may lead to deadlocks in the child.
  pid = os.fork()

[2024-09-27T23:02:28.645+0000] {standard_task_runner.py:72} INFO - Started process 2475 to run task
[2024-09-27T23:02:28.640+0000] {standard_task_runner.py:104} INFO - Running: ['***', 'tasks', 'run', 'scrape_and_save_share_prices_with_company_data', 'create_share_prices_table', 'scheduled__2024-01-24T00:00:00+00:00', '--job-id', '3099', '--raw', '--subdir', 'DAGS_FOLDER/dag.py', '--cfg-path', '/tmp/tmpnfen5nf3']
[2024-09-27T23:02:28.674+0000] {standard_task_runner.py:105} INFO - Job 3099: Subtask create_share_prices_table
[2024-09-27T23:02:29.030+0000] {task_command.py:467} INFO - Running <TaskInstance: scrape_and_save_share_prices_with_company_data.create_share_prices_table scheduled__2024-01-24T00:00:00+00:00 [running]> on host 7746de5121f6
[2024-09-27T23:02:29.464+0000] {taskinstance.py:3131} INFO - Exporting env vars: AIRFLOW_CTX_DAG_OWNER='***' AIRFLOW_CTX_DAG_ID='scrape_and_save_share_prices_with_company_data' AIRFLOW_CTX_TASK_ID='create_share_prices_table' AIRFLOW_CTX_EXECUTION_DATE='2024-01-24T00:00:00+00:00' AIRFLOW_CTX_TRY_NUMBER='1' AIRFLOW_CTX_DAG_RUN_ID='scheduled__2024-01-24T00:00:00+00:00'
[2024-09-27T23:02:29.474+0000] {logging_mixin.py:190} INFO - Task instance is in running state
[2024-09-27T23:02:29.488+0000] {logging_mixin.py:190} INFO -  Previous state of the Task instance: queued
[2024-09-27T23:02:29.493+0000] {logging_mixin.py:190} INFO - Current task name:create_share_prices_table state:running start_date:2024-09-27 23:02:28.302043+00:00
[2024-09-27T23:02:29.495+0000] {logging_mixin.py:190} INFO - Dag name:scrape_and_save_share_prices_with_company_data and current dag run status:running
[2024-09-27T23:02:29.497+0000] {taskinstance.py:731} INFO - ::endgroup::
[2024-09-27T23:02:29.558+0000] {base.py:84} INFO - Retrieving connection 'dse_connection'
[2024-09-27T23:02:29.611+0000] {sql.py:509} INFO - Running statement: 
        CREATE TABLE IF NOT EXISTS company_share_prices (
            id SERIAL,
            company_id INTEGER NOT NULL,
            date DATE,
            latest_trading_price VARCHAR(50),
            low_price VARCHAR(50),
            high_price VARCHAR(50),
            closing_price VARCHAR(50),
            ycp VARCHAR(50),
            change VARCHAR(10),
            trade VARCHAR(50),
            value VARCHAR(50),
            volume VARCHAR(50),
            PRIMARY KEY(company_id, id),
            FOREIGN KEY(company_id)
                REFERENCES company_list(company_id)
                ON UPDATE CASCADE ON DELETE CASCADE
        );
    , parameters: None
[2024-09-27T23:02:29.649+0000] {python.py:240} INFO - Done. Returned value was: None
[2024-09-27T23:02:29.742+0000] {taskinstance.py:340} INFO - ::group::Post task execution logs
[2024-09-27T23:02:29.750+0000] {taskinstance.py:352} INFO - Marking task as SUCCESS. dag_id=scrape_and_save_share_prices_with_company_data, task_id=create_share_prices_table, run_id=scheduled__2024-01-24T00:00:00+00:00, execution_date=20240124T000000, start_date=20240927T230228, end_date=20240927T230229
[2024-09-27T23:02:29.816+0000] {logging_mixin.py:190} INFO - Task instance in success state
[2024-09-27T23:02:29.824+0000] {logging_mixin.py:190} INFO -  Previous state of the Task instance: running
[2024-09-27T23:02:29.827+0000] {logging_mixin.py:190} INFO - Dag name:scrape_and_save_share_prices_with_company_data queued_at:2024-09-27 23:01:32.641872+00:00
[2024-09-27T23:02:29.828+0000] {logging_mixin.py:190} INFO - Task hostname:7746de5121f6 operator:PythonOperator
[2024-09-27T23:02:29.924+0000] {local_task_job_runner.py:266} INFO - Task exited with return code 0
[2024-09-27T23:02:30.006+0000] {taskinstance.py:3900} INFO - 1 downstream tasks scheduled from follow-on schedule check
[2024-09-27T23:02:30.030+0000] {local_task_job_runner.py:245} INFO - ::endgroup::
