[2024-09-27T19:03:22.422+0000] {local_task_job_runner.py:123} INFO - ::group::Pre task execution logs
[2024-09-27T19:03:22.482+0000] {taskinstance.py:2612} INFO - Dependencies all met for dep_context=non-requeueable deps ti=<TaskInstance: scrape_and_save_share_prices_with_company_data.create_share_prices_table scheduled__2024-03-22T00:00:00+00:00 [queued]>
[2024-09-27T19:03:22.505+0000] {taskinstance.py:2612} INFO - Dependencies all met for dep_context=requeueable deps ti=<TaskInstance: scrape_and_save_share_prices_with_company_data.create_share_prices_table scheduled__2024-03-22T00:00:00+00:00 [queued]>
[2024-09-27T19:03:22.506+0000] {taskinstance.py:2865} INFO - Starting attempt 1 of 2
[2024-09-27T19:03:22.549+0000] {taskinstance.py:2888} INFO - Executing <Task(PythonOperator): create_share_prices_table> on 2024-03-22 00:00:00+00:00
[2024-09-27T19:03:22.581+0000] {warnings.py:112} WARNING - /home/***/.local/lib/python3.12/site-packages/***/task/task_runner/standard_task_runner.py:70: DeprecationWarning: This process (pid=15625) is multi-threaded, use of fork() may lead to deadlocks in the child.
  pid = os.fork()

[2024-09-27T19:03:22.593+0000] {standard_task_runner.py:104} INFO - Running: ['***', 'tasks', 'run', 'scrape_and_save_share_prices_with_company_data', 'create_share_prices_table', 'scheduled__2024-03-22T00:00:00+00:00', '--job-id', '1924', '--raw', '--subdir', 'DAGS_FOLDER/dag.py', '--cfg-path', '/tmp/tmp_4liopmv']
[2024-09-27T19:03:22.597+0000] {standard_task_runner.py:72} INFO - Started process 15647 to run task
[2024-09-27T19:03:22.597+0000] {standard_task_runner.py:105} INFO - Job 1924: Subtask create_share_prices_table
[2024-09-27T19:03:22.798+0000] {task_command.py:467} INFO - Running <TaskInstance: scrape_and_save_share_prices_with_company_data.create_share_prices_table scheduled__2024-03-22T00:00:00+00:00 [running]> on host 13b5797a93ab
[2024-09-27T19:03:23.243+0000] {taskinstance.py:3131} INFO - Exporting env vars: AIRFLOW_CTX_DAG_OWNER='***' AIRFLOW_CTX_DAG_ID='scrape_and_save_share_prices_with_company_data' AIRFLOW_CTX_TASK_ID='create_share_prices_table' AIRFLOW_CTX_EXECUTION_DATE='2024-03-22T00:00:00+00:00' AIRFLOW_CTX_TRY_NUMBER='1' AIRFLOW_CTX_DAG_RUN_ID='scheduled__2024-03-22T00:00:00+00:00'
[2024-09-27T19:03:23.246+0000] {logging_mixin.py:190} INFO - Task instance is in running state
[2024-09-27T19:03:23.247+0000] {logging_mixin.py:190} INFO -  Previous state of the Task instance: queued
[2024-09-27T19:03:23.248+0000] {logging_mixin.py:190} INFO - Current task name:create_share_prices_table state:running start_date:2024-09-27 19:03:22.484433+00:00
[2024-09-27T19:03:23.251+0000] {logging_mixin.py:190} INFO - Dag name:scrape_and_save_share_prices_with_company_data and current dag run status:running
[2024-09-27T19:03:23.253+0000] {taskinstance.py:731} INFO - ::endgroup::
[2024-09-27T19:03:23.296+0000] {base.py:84} INFO - Retrieving connection 'dse_connection'
[2024-09-27T19:03:23.311+0000] {sql.py:509} INFO - Running statement: 
        CREATE TABLE IF NOT EXISTS company_share_prices (
            id SERIAL,
            company_id INTEGER NOT NULL,
            date DATE,
            latest_trading_price VARCHAR(50),
            low_price VARCHAR(50),
            high_price VARCHAR(50),
            closing_price VARCHAR(50),
            ycp VARCHAR(50),
            change VARCHAR(10),
            trade VARCHAR(50),
            value VARCHAR(50),
            volume VARCHAR(50),
            PRIMARY KEY(company_id, id),
            FOREIGN KEY(company_id)
                REFERENCES company_list(company_id)
                ON UPDATE CASCADE ON DELETE CASCADE
        );
    , parameters: None
[2024-09-27T19:03:23.318+0000] {python.py:240} INFO - Done. Returned value was: None
[2024-09-27T19:03:23.381+0000] {taskinstance.py:340} INFO - ::group::Post task execution logs
[2024-09-27T19:03:23.385+0000] {taskinstance.py:352} INFO - Marking task as SUCCESS. dag_id=scrape_and_save_share_prices_with_company_data, task_id=create_share_prices_table, run_id=scheduled__2024-03-22T00:00:00+00:00, execution_date=20240322T000000, start_date=20240927T190322, end_date=20240927T190323
[2024-09-27T19:03:23.437+0000] {logging_mixin.py:190} INFO - Task instance in success state
[2024-09-27T19:03:23.441+0000] {logging_mixin.py:190} INFO -  Previous state of the Task instance: running
[2024-09-27T19:03:23.450+0000] {logging_mixin.py:190} INFO - Dag name:scrape_and_save_share_prices_with_company_data queued_at:2024-09-27 19:02:42.990600+00:00
[2024-09-27T19:03:23.456+0000] {logging_mixin.py:190} INFO - Task hostname:13b5797a93ab operator:PythonOperator
[2024-09-27T19:03:23.576+0000] {local_task_job_runner.py:266} INFO - Task exited with return code 0
[2024-09-27T19:03:23.695+0000] {local_task_job_runner.py:245} INFO - ::endgroup::
[2024-09-27T23:12:20.913+0000] {local_task_job_runner.py:123} INFO - ::group::Pre task execution logs
[2024-09-27T23:12:20.990+0000] {taskinstance.py:2612} INFO - Dependencies all met for dep_context=non-requeueable deps ti=<TaskInstance: scrape_and_save_share_prices_with_company_data.create_share_prices_table scheduled__2024-03-22T00:00:00+00:00 [queued]>
[2024-09-27T23:12:21.021+0000] {taskinstance.py:2612} INFO - Dependencies all met for dep_context=requeueable deps ti=<TaskInstance: scrape_and_save_share_prices_with_company_data.create_share_prices_table scheduled__2024-03-22T00:00:00+00:00 [queued]>
[2024-09-27T23:12:21.032+0000] {taskinstance.py:2865} INFO - Starting attempt 1 of 2
[2024-09-27T23:12:21.076+0000] {taskinstance.py:2888} INFO - Executing <Task(PythonOperator): create_share_prices_table> on 2024-03-22 00:00:00+00:00
[2024-09-27T23:12:21.091+0000] {warnings.py:112} WARNING - /home/***/.local/lib/python3.12/site-packages/***/task/task_runner/standard_task_runner.py:70: DeprecationWarning: This process (pid=3446) is multi-threaded, use of fork() may lead to deadlocks in the child.
  pid = os.fork()

[2024-09-27T23:12:21.095+0000] {standard_task_runner.py:72} INFO - Started process 3465 to run task
[2024-09-27T23:12:21.095+0000] {standard_task_runner.py:104} INFO - Running: ['***', 'tasks', 'run', 'scrape_and_save_share_prices_with_company_data', 'create_share_prices_table', 'scheduled__2024-03-22T00:00:00+00:00', '--job-id', '3324', '--raw', '--subdir', 'DAGS_FOLDER/dag.py', '--cfg-path', '/tmp/tmpgspao71h']
[2024-09-27T23:12:21.098+0000] {standard_task_runner.py:105} INFO - Job 3324: Subtask create_share_prices_table
[2024-09-27T23:12:21.249+0000] {task_command.py:467} INFO - Running <TaskInstance: scrape_and_save_share_prices_with_company_data.create_share_prices_table scheduled__2024-03-22T00:00:00+00:00 [running]> on host 7746de5121f6
[2024-09-27T23:12:21.561+0000] {taskinstance.py:3131} INFO - Exporting env vars: AIRFLOW_CTX_DAG_OWNER='***' AIRFLOW_CTX_DAG_ID='scrape_and_save_share_prices_with_company_data' AIRFLOW_CTX_TASK_ID='create_share_prices_table' AIRFLOW_CTX_EXECUTION_DATE='2024-03-22T00:00:00+00:00' AIRFLOW_CTX_TRY_NUMBER='1' AIRFLOW_CTX_DAG_RUN_ID='scheduled__2024-03-22T00:00:00+00:00'
[2024-09-27T23:12:21.564+0000] {logging_mixin.py:190} INFO - Task instance is in running state
[2024-09-27T23:12:21.565+0000] {logging_mixin.py:190} INFO -  Previous state of the Task instance: queued
[2024-09-27T23:12:21.566+0000] {logging_mixin.py:190} INFO - Current task name:create_share_prices_table state:running start_date:2024-09-27 23:12:20.993727+00:00
[2024-09-27T23:12:21.568+0000] {logging_mixin.py:190} INFO - Dag name:scrape_and_save_share_prices_with_company_data and current dag run status:running
[2024-09-27T23:12:21.569+0000] {taskinstance.py:731} INFO - ::endgroup::
[2024-09-27T23:12:21.606+0000] {base.py:84} INFO - Retrieving connection 'dse_connection'
[2024-09-27T23:12:21.632+0000] {sql.py:509} INFO - Running statement: 
        CREATE TABLE IF NOT EXISTS company_share_prices (
            id SERIAL,
            company_id INTEGER NOT NULL,
            date DATE,
            latest_trading_price VARCHAR(50),
            low_price VARCHAR(50),
            high_price VARCHAR(50),
            closing_price VARCHAR(50),
            ycp VARCHAR(50),
            change VARCHAR(10),
            trade VARCHAR(50),
            value VARCHAR(50),
            volume VARCHAR(50),
            PRIMARY KEY(company_id, id),
            FOREIGN KEY(company_id)
                REFERENCES company_list(company_id)
                ON UPDATE CASCADE ON DELETE CASCADE
        );
    , parameters: None
[2024-09-27T23:12:21.637+0000] {python.py:240} INFO - Done. Returned value was: None
[2024-09-27T23:12:21.673+0000] {taskinstance.py:340} INFO - ::group::Post task execution logs
[2024-09-27T23:12:21.680+0000] {taskinstance.py:352} INFO - Marking task as SUCCESS. dag_id=scrape_and_save_share_prices_with_company_data, task_id=create_share_prices_table, run_id=scheduled__2024-03-22T00:00:00+00:00, execution_date=20240322T000000, start_date=20240927T231220, end_date=20240927T231221
[2024-09-27T23:12:21.707+0000] {logging_mixin.py:190} INFO - Task instance in success state
[2024-09-27T23:12:21.712+0000] {logging_mixin.py:190} INFO -  Previous state of the Task instance: running
[2024-09-27T23:12:21.714+0000] {logging_mixin.py:190} INFO - Dag name:scrape_and_save_share_prices_with_company_data queued_at:2024-09-27 23:11:18.623930+00:00
[2024-09-27T23:12:21.715+0000] {logging_mixin.py:190} INFO - Task hostname:7746de5121f6 operator:PythonOperator
[2024-09-27T23:12:21.772+0000] {local_task_job_runner.py:266} INFO - Task exited with return code 0
[2024-09-27T23:12:21.820+0000] {taskinstance.py:3900} INFO - 1 downstream tasks scheduled from follow-on schedule check
[2024-09-27T23:12:21.823+0000] {local_task_job_runner.py:245} INFO - ::endgroup::
