[2024-09-27T19:11:20.646+0000] {local_task_job_runner.py:123} INFO - ::group::Pre task execution logs
[2024-09-27T19:11:20.758+0000] {taskinstance.py:2612} INFO - Dependencies all met for dep_context=non-requeueable deps ti=<TaskInstance: scrape_and_save_share_prices_with_company_data.create_company_table scheduled__2024-04-03T00:00:00+00:00 [queued]>
[2024-09-27T19:11:20.825+0000] {taskinstance.py:2612} INFO - Dependencies all met for dep_context=requeueable deps ti=<TaskInstance: scrape_and_save_share_prices_with_company_data.create_company_table scheduled__2024-04-03T00:00:00+00:00 [queued]>
[2024-09-27T19:11:20.839+0000] {taskinstance.py:2865} INFO - Starting attempt 1 of 2
[2024-09-27T19:11:20.952+0000] {taskinstance.py:2888} INFO - Executing <Task(PythonOperator): create_company_table> on 2024-04-03 00:00:00+00:00
[2024-09-27T19:11:20.971+0000] {warnings.py:112} WARNING - /home/***/.local/lib/python3.12/site-packages/***/task/task_runner/standard_task_runner.py:70: DeprecationWarning: This process (pid=138) is multi-threaded, use of fork() may lead to deadlocks in the child.
  pid = os.fork()

[2024-09-27T19:11:20.977+0000] {standard_task_runner.py:72} INFO - Started process 170 to run task
[2024-09-27T19:11:20.984+0000] {standard_task_runner.py:104} INFO - Running: ['***', 'tasks', 'run', 'scrape_and_save_share_prices_with_company_data', 'create_company_table', 'scheduled__2024-04-03T00:00:00+00:00', '--job-id', '1985', '--raw', '--subdir', 'DAGS_FOLDER/dag.py', '--cfg-path', '/tmp/tmps2g7owe4']
[2024-09-27T19:11:20.998+0000] {standard_task_runner.py:105} INFO - Job 1985: Subtask create_company_table
[2024-09-27T19:11:21.228+0000] {task_command.py:467} INFO - Running <TaskInstance: scrape_and_save_share_prices_with_company_data.create_company_table scheduled__2024-04-03T00:00:00+00:00 [running]> on host f199b4684a92
[2024-09-27T19:11:21.816+0000] {taskinstance.py:3131} INFO - Exporting env vars: AIRFLOW_CTX_DAG_OWNER='***' AIRFLOW_CTX_DAG_ID='scrape_and_save_share_prices_with_company_data' AIRFLOW_CTX_TASK_ID='create_company_table' AIRFLOW_CTX_EXECUTION_DATE='2024-04-03T00:00:00+00:00' AIRFLOW_CTX_TRY_NUMBER='1' AIRFLOW_CTX_DAG_RUN_ID='scheduled__2024-04-03T00:00:00+00:00'
[2024-09-27T19:11:21.833+0000] {logging_mixin.py:190} INFO - Task instance is in running state
[2024-09-27T19:11:21.834+0000] {logging_mixin.py:190} INFO -  Previous state of the Task instance: queued
[2024-09-27T19:11:21.870+0000] {logging_mixin.py:190} INFO - Current task name:create_company_table state:running start_date:2024-09-27 19:11:20.770633+00:00
[2024-09-27T19:11:21.872+0000] {logging_mixin.py:190} INFO - Dag name:scrape_and_save_share_prices_with_company_data and current dag run status:running
[2024-09-27T19:11:21.896+0000] {taskinstance.py:731} INFO - ::endgroup::
[2024-09-27T19:11:21.952+0000] {base.py:84} INFO - Retrieving connection 'dse_connection'
[2024-09-27T19:11:43.136+0000] {logging_mixin.py:190} INFO - Error creating company table: connection to server at "172.23.0.3", port 5432 failed: Connection refused
	Is the server running on that host and accepting TCP/IP connections?
[2024-09-27T19:11:43.140+0000] {python.py:240} INFO - Done. Returned value was: None
[2024-09-27T19:11:43.179+0000] {taskinstance.py:340} INFO - ::group::Post task execution logs
[2024-09-27T19:11:43.181+0000] {taskinstance.py:352} INFO - Marking task as SUCCESS. dag_id=scrape_and_save_share_prices_with_company_data, task_id=create_company_table, run_id=scheduled__2024-04-03T00:00:00+00:00, execution_date=20240403T000000, start_date=20240927T191120, end_date=20240927T191143
[2024-09-27T19:11:43.844+0000] {logging_mixin.py:190} INFO - Task instance in success state
[2024-09-27T19:11:43.847+0000] {logging_mixin.py:190} INFO -  Previous state of the Task instance: running
[2024-09-27T19:11:43.849+0000] {logging_mixin.py:190} INFO - Dag name:scrape_and_save_share_prices_with_company_data queued_at:2024-09-27 19:10:59.785641+00:00
[2024-09-27T19:11:43.851+0000] {logging_mixin.py:190} INFO - Task hostname:f199b4684a92 operator:PythonOperator
[2024-09-27T19:11:43.954+0000] {local_task_job_runner.py:266} INFO - Task exited with return code 0
[2024-09-27T19:11:44.110+0000] {taskinstance.py:3900} INFO - 1 downstream tasks scheduled from follow-on schedule check
[2024-09-27T19:11:44.130+0000] {local_task_job_runner.py:245} INFO - ::endgroup::
[2024-09-27T23:13:23.454+0000] {local_task_job_runner.py:123} INFO - ::group::Pre task execution logs
[2024-09-27T23:13:23.580+0000] {taskinstance.py:2612} INFO - Dependencies all met for dep_context=non-requeueable deps ti=<TaskInstance: scrape_and_save_share_prices_with_company_data.create_company_table scheduled__2024-04-03T00:00:00+00:00 [queued]>
[2024-09-27T23:13:23.634+0000] {taskinstance.py:2612} INFO - Dependencies all met for dep_context=requeueable deps ti=<TaskInstance: scrape_and_save_share_prices_with_company_data.create_company_table scheduled__2024-04-03T00:00:00+00:00 [queued]>
[2024-09-27T23:13:23.644+0000] {taskinstance.py:2865} INFO - Starting attempt 1 of 2
[2024-09-27T23:13:24.268+0000] {taskinstance.py:2888} INFO - Executing <Task(PythonOperator): create_company_table> on 2024-04-03 00:00:00+00:00
[2024-09-27T23:13:24.310+0000] {warnings.py:112} WARNING - /home/***/.local/lib/python3.12/site-packages/***/task/task_runner/standard_task_runner.py:70: DeprecationWarning: This process (pid=3553) is multi-threaded, use of fork() may lead to deadlocks in the child.
  pid = os.fork()

[2024-09-27T23:13:24.322+0000] {standard_task_runner.py:72} INFO - Started process 3585 to run task
[2024-09-27T23:13:24.327+0000] {standard_task_runner.py:104} INFO - Running: ['***', 'tasks', 'run', 'scrape_and_save_share_prices_with_company_data', 'create_company_table', 'scheduled__2024-04-03T00:00:00+00:00', '--job-id', '3348', '--raw', '--subdir', 'DAGS_FOLDER/dag.py', '--cfg-path', '/tmp/tmp_pgt4b_a']
[2024-09-27T23:13:24.343+0000] {standard_task_runner.py:105} INFO - Job 3348: Subtask create_company_table
[2024-09-27T23:13:24.665+0000] {task_command.py:467} INFO - Running <TaskInstance: scrape_and_save_share_prices_with_company_data.create_company_table scheduled__2024-04-03T00:00:00+00:00 [running]> on host 7746de5121f6
[2024-09-27T23:13:25.235+0000] {taskinstance.py:3131} INFO - Exporting env vars: AIRFLOW_CTX_DAG_OWNER='***' AIRFLOW_CTX_DAG_ID='scrape_and_save_share_prices_with_company_data' AIRFLOW_CTX_TASK_ID='create_company_table' AIRFLOW_CTX_EXECUTION_DATE='2024-04-03T00:00:00+00:00' AIRFLOW_CTX_TRY_NUMBER='1' AIRFLOW_CTX_DAG_RUN_ID='scheduled__2024-04-03T00:00:00+00:00'
[2024-09-27T23:13:25.244+0000] {logging_mixin.py:190} INFO - Task instance is in running state
[2024-09-27T23:13:25.245+0000] {logging_mixin.py:190} INFO -  Previous state of the Task instance: queued
[2024-09-27T23:13:25.247+0000] {logging_mixin.py:190} INFO - Current task name:create_company_table state:running start_date:2024-09-27 23:13:23.590277+00:00
[2024-09-27T23:13:25.260+0000] {logging_mixin.py:190} INFO - Dag name:scrape_and_save_share_prices_with_company_data and current dag run status:running
[2024-09-27T23:13:25.270+0000] {taskinstance.py:731} INFO - ::endgroup::
[2024-09-27T23:13:25.340+0000] {base.py:84} INFO - Retrieving connection 'dse_connection'
[2024-09-27T23:13:25.433+0000] {sql.py:509} INFO - Running statement: 
        CREATE TABLE IF NOT EXISTS company_list (
            company_id SERIAL PRIMARY KEY,
            company_trade_name VARCHAR(255) NOT NULL,
            company_url VARCHAR(255) NOT NULL,
            UNIQUE(company_trade_name)
        );
    , parameters: None
[2024-09-27T23:13:25.464+0000] {python.py:240} INFO - Done. Returned value was: None
[2024-09-27T23:13:25.507+0000] {taskinstance.py:340} INFO - ::group::Post task execution logs
[2024-09-27T23:13:25.520+0000] {taskinstance.py:352} INFO - Marking task as SUCCESS. dag_id=scrape_and_save_share_prices_with_company_data, task_id=create_company_table, run_id=scheduled__2024-04-03T00:00:00+00:00, execution_date=20240403T000000, start_date=20240927T231323, end_date=20240927T231325
[2024-09-27T23:13:25.560+0000] {logging_mixin.py:190} INFO - Task instance in success state
[2024-09-27T23:13:25.561+0000] {logging_mixin.py:190} INFO -  Previous state of the Task instance: running
[2024-09-27T23:13:25.562+0000] {logging_mixin.py:190} INFO - Dag name:scrape_and_save_share_prices_with_company_data queued_at:2024-09-27 23:13:14.500440+00:00
[2024-09-27T23:13:25.563+0000] {logging_mixin.py:190} INFO - Task hostname:7746de5121f6 operator:PythonOperator
[2024-09-27T23:13:25.710+0000] {local_task_job_runner.py:266} INFO - Task exited with return code 0
[2024-09-27T23:13:25.812+0000] {taskinstance.py:3900} INFO - 1 downstream tasks scheduled from follow-on schedule check
[2024-09-27T23:13:25.815+0000] {local_task_job_runner.py:245} INFO - ::endgroup::
