[2024-09-27T19:00:16.487+0000] {local_task_job_runner.py:123} INFO - ::group::Pre task execution logs
[2024-09-27T19:00:16.526+0000] {taskinstance.py:2612} INFO - Dependencies all met for dep_context=non-requeueable deps ti=<TaskInstance: scrape_and_save_share_prices_with_company_data.create_company_table scheduled__2024-03-16T00:00:00+00:00 [queued]>
[2024-09-27T19:00:16.552+0000] {taskinstance.py:2612} INFO - Dependencies all met for dep_context=requeueable deps ti=<TaskInstance: scrape_and_save_share_prices_with_company_data.create_company_table scheduled__2024-03-16T00:00:00+00:00 [queued]>
[2024-09-27T19:00:16.554+0000] {taskinstance.py:2865} INFO - Starting attempt 1 of 2
[2024-09-27T19:00:16.585+0000] {taskinstance.py:2888} INFO - Executing <Task(PythonOperator): create_company_table> on 2024-03-16 00:00:00+00:00
[2024-09-27T19:00:16.596+0000] {warnings.py:112} WARNING - /home/***/.local/lib/python3.12/site-packages/***/task/task_runner/standard_task_runner.py:70: DeprecationWarning: This process (pid=15388) is multi-threaded, use of fork() may lead to deadlocks in the child.
  pid = os.fork()

[2024-09-27T19:00:16.599+0000] {standard_task_runner.py:72} INFO - Started process 15404 to run task
[2024-09-27T19:00:16.602+0000] {standard_task_runner.py:104} INFO - Running: ['***', 'tasks', 'run', 'scrape_and_save_share_prices_with_company_data', 'create_company_table', 'scheduled__2024-03-16T00:00:00+00:00', '--job-id', '1870', '--raw', '--subdir', 'DAGS_FOLDER/dag.py', '--cfg-path', '/tmp/tmpyo9ue1r3']
[2024-09-27T19:00:16.604+0000] {standard_task_runner.py:105} INFO - Job 1870: Subtask create_company_table
[2024-09-27T19:00:16.692+0000] {task_command.py:467} INFO - Running <TaskInstance: scrape_and_save_share_prices_with_company_data.create_company_table scheduled__2024-03-16T00:00:00+00:00 [running]> on host 13b5797a93ab
[2024-09-27T19:00:17.101+0000] {taskinstance.py:3131} INFO - Exporting env vars: AIRFLOW_CTX_DAG_OWNER='***' AIRFLOW_CTX_DAG_ID='scrape_and_save_share_prices_with_company_data' AIRFLOW_CTX_TASK_ID='create_company_table' AIRFLOW_CTX_EXECUTION_DATE='2024-03-16T00:00:00+00:00' AIRFLOW_CTX_TRY_NUMBER='1' AIRFLOW_CTX_DAG_RUN_ID='scheduled__2024-03-16T00:00:00+00:00'
[2024-09-27T19:00:17.122+0000] {logging_mixin.py:190} INFO - Task instance is in running state
[2024-09-27T19:00:17.136+0000] {logging_mixin.py:190} INFO -  Previous state of the Task instance: queued
[2024-09-27T19:00:17.137+0000] {logging_mixin.py:190} INFO - Current task name:create_company_table state:running start_date:2024-09-27 19:00:16.527616+00:00
[2024-09-27T19:00:17.138+0000] {logging_mixin.py:190} INFO - Dag name:scrape_and_save_share_prices_with_company_data and current dag run status:running
[2024-09-27T19:00:17.139+0000] {taskinstance.py:731} INFO - ::endgroup::
[2024-09-27T19:00:17.176+0000] {base.py:84} INFO - Retrieving connection 'dse_connection'
[2024-09-27T19:00:17.235+0000] {sql.py:509} INFO - Running statement: 
        CREATE TABLE IF NOT EXISTS company_list (
            company_id SERIAL PRIMARY KEY,
            company_trade_name VARCHAR(255) NOT NULL,
            company_url VARCHAR(255) NOT NULL,
            UNIQUE(company_trade_name)
        );
    , parameters: None
[2024-09-27T19:00:17.246+0000] {python.py:240} INFO - Done. Returned value was: None
[2024-09-27T19:00:17.299+0000] {taskinstance.py:340} INFO - ::group::Post task execution logs
[2024-09-27T19:00:17.304+0000] {taskinstance.py:352} INFO - Marking task as SUCCESS. dag_id=scrape_and_save_share_prices_with_company_data, task_id=create_company_table, run_id=scheduled__2024-03-16T00:00:00+00:00, execution_date=20240316T000000, start_date=20240927T190016, end_date=20240927T190017
[2024-09-27T19:00:17.360+0000] {logging_mixin.py:190} INFO - Task instance in success state
[2024-09-27T19:00:17.370+0000] {logging_mixin.py:190} INFO -  Previous state of the Task instance: running
[2024-09-27T19:00:17.372+0000] {logging_mixin.py:190} INFO - Dag name:scrape_and_save_share_prices_with_company_data queued_at:2024-09-27 19:00:12.577866+00:00
[2024-09-27T19:00:17.372+0000] {logging_mixin.py:190} INFO - Task hostname:13b5797a93ab operator:PythonOperator
[2024-09-27T19:00:17.438+0000] {local_task_job_runner.py:266} INFO - Task exited with return code 0
[2024-09-27T19:00:17.495+0000] {local_task_job_runner.py:245} INFO - ::endgroup::
[2024-09-27T23:10:36.848+0000] {local_task_job_runner.py:123} INFO - ::group::Pre task execution logs
[2024-09-27T23:10:36.892+0000] {taskinstance.py:2612} INFO - Dependencies all met for dep_context=non-requeueable deps ti=<TaskInstance: scrape_and_save_share_prices_with_company_data.create_company_table scheduled__2024-03-16T00:00:00+00:00 [queued]>
[2024-09-27T23:10:36.918+0000] {taskinstance.py:2612} INFO - Dependencies all met for dep_context=requeueable deps ti=<TaskInstance: scrape_and_save_share_prices_with_company_data.create_company_table scheduled__2024-03-16T00:00:00+00:00 [queued]>
[2024-09-27T23:10:36.919+0000] {taskinstance.py:2865} INFO - Starting attempt 1 of 2
[2024-09-27T23:10:36.968+0000] {taskinstance.py:2888} INFO - Executing <Task(PythonOperator): create_company_table> on 2024-03-16 00:00:00+00:00
[2024-09-27T23:10:36.986+0000] {warnings.py:112} WARNING - /home/***/.local/lib/python3.12/site-packages/***/task/task_runner/standard_task_runner.py:70: DeprecationWarning: This process (pid=3293) is multi-threaded, use of fork() may lead to deadlocks in the child.
  pid = os.fork()

[2024-09-27T23:10:36.991+0000] {standard_task_runner.py:104} INFO - Running: ['***', 'tasks', 'run', 'scrape_and_save_share_prices_with_company_data', 'create_company_table', 'scheduled__2024-03-16T00:00:00+00:00', '--job-id', '3292', '--raw', '--subdir', 'DAGS_FOLDER/dag.py', '--cfg-path', '/tmp/tmpykp453u_']
[2024-09-27T23:10:36.994+0000] {standard_task_runner.py:72} INFO - Started process 3320 to run task
[2024-09-27T23:10:36.994+0000] {standard_task_runner.py:105} INFO - Job 3292: Subtask create_company_table
[2024-09-27T23:10:37.112+0000] {task_command.py:467} INFO - Running <TaskInstance: scrape_and_save_share_prices_with_company_data.create_company_table scheduled__2024-03-16T00:00:00+00:00 [running]> on host 7746de5121f6
[2024-09-27T23:10:37.325+0000] {taskinstance.py:3131} INFO - Exporting env vars: AIRFLOW_CTX_DAG_OWNER='***' AIRFLOW_CTX_DAG_ID='scrape_and_save_share_prices_with_company_data' AIRFLOW_CTX_TASK_ID='create_company_table' AIRFLOW_CTX_EXECUTION_DATE='2024-03-16T00:00:00+00:00' AIRFLOW_CTX_TRY_NUMBER='1' AIRFLOW_CTX_DAG_RUN_ID='scheduled__2024-03-16T00:00:00+00:00'
[2024-09-27T23:10:37.328+0000] {logging_mixin.py:190} INFO - Task instance is in running state
[2024-09-27T23:10:37.329+0000] {logging_mixin.py:190} INFO -  Previous state of the Task instance: queued
[2024-09-27T23:10:37.331+0000] {logging_mixin.py:190} INFO - Current task name:create_company_table state:running start_date:2024-09-27 23:10:36.893572+00:00
[2024-09-27T23:10:37.332+0000] {logging_mixin.py:190} INFO - Dag name:scrape_and_save_share_prices_with_company_data and current dag run status:running
[2024-09-27T23:10:37.333+0000] {taskinstance.py:731} INFO - ::endgroup::
[2024-09-27T23:10:37.361+0000] {base.py:84} INFO - Retrieving connection 'dse_connection'
[2024-09-27T23:10:37.370+0000] {sql.py:509} INFO - Running statement: 
        CREATE TABLE IF NOT EXISTS company_list (
            company_id SERIAL PRIMARY KEY,
            company_trade_name VARCHAR(255) NOT NULL,
            company_url VARCHAR(255) NOT NULL,
            UNIQUE(company_trade_name)
        );
    , parameters: None
[2024-09-27T23:10:37.372+0000] {python.py:240} INFO - Done. Returned value was: None
[2024-09-27T23:10:37.404+0000] {taskinstance.py:340} INFO - ::group::Post task execution logs
[2024-09-27T23:10:37.405+0000] {taskinstance.py:352} INFO - Marking task as SUCCESS. dag_id=scrape_and_save_share_prices_with_company_data, task_id=create_company_table, run_id=scheduled__2024-03-16T00:00:00+00:00, execution_date=20240316T000000, start_date=20240927T231036, end_date=20240927T231037
[2024-09-27T23:10:37.429+0000] {logging_mixin.py:190} INFO - Task instance in success state
[2024-09-27T23:10:37.432+0000] {logging_mixin.py:190} INFO -  Previous state of the Task instance: running
[2024-09-27T23:10:37.434+0000] {logging_mixin.py:190} INFO - Dag name:scrape_and_save_share_prices_with_company_data queued_at:2024-09-27 23:10:28.905006+00:00
[2024-09-27T23:10:37.436+0000] {logging_mixin.py:190} INFO - Task hostname:7746de5121f6 operator:PythonOperator
[2024-09-27T23:10:37.461+0000] {local_task_job_runner.py:266} INFO - Task exited with return code 0
[2024-09-27T23:10:37.526+0000] {taskinstance.py:3900} INFO - 1 downstream tasks scheduled from follow-on schedule check
[2024-09-27T23:10:37.530+0000] {local_task_job_runner.py:245} INFO - ::endgroup::
