[2024-09-27T18:35:14.574+0000] {local_task_job_runner.py:123} INFO - ::group::Pre task execution logs
[2024-09-27T18:35:14.646+0000] {taskinstance.py:2612} INFO - Dependencies all met for dep_context=non-requeueable deps ti=<TaskInstance: scrape_and_save_share_prices_with_company_data.create_share_prices_table scheduled__2024-01-17T00:00:00+00:00 [queued]>
[2024-09-27T18:35:14.666+0000] {taskinstance.py:2612} INFO - Dependencies all met for dep_context=requeueable deps ti=<TaskInstance: scrape_and_save_share_prices_with_company_data.create_share_prices_table scheduled__2024-01-17T00:00:00+00:00 [queued]>
[2024-09-27T18:35:14.669+0000] {taskinstance.py:2865} INFO - Starting attempt 1 of 2
[2024-09-27T18:35:14.725+0000] {taskinstance.py:2888} INFO - Executing <Task(PythonOperator): create_share_prices_table> on 2024-01-17 00:00:00+00:00
[2024-09-27T18:35:14.742+0000] {warnings.py:112} WARNING - /home/***/.local/lib/python3.12/site-packages/***/task/task_runner/standard_task_runner.py:70: DeprecationWarning: This process (pid=13842) is multi-threaded, use of fork() may lead to deadlocks in the child.
  pid = os.fork()

[2024-09-27T18:35:14.760+0000] {standard_task_runner.py:72} INFO - Started process 13875 to run task
[2024-09-27T18:35:14.768+0000] {standard_task_runner.py:104} INFO - Running: ['***', 'tasks', 'run', 'scrape_and_save_share_prices_with_company_data', 'create_share_prices_table', 'scheduled__2024-01-17T00:00:00+00:00', '--job-id', '1555', '--raw', '--subdir', 'DAGS_FOLDER/dag.py', '--cfg-path', '/tmp/tmpjykz97e1']
[2024-09-27T18:35:14.774+0000] {standard_task_runner.py:105} INFO - Job 1555: Subtask create_share_prices_table
[2024-09-27T18:35:15.044+0000] {task_command.py:467} INFO - Running <TaskInstance: scrape_and_save_share_prices_with_company_data.create_share_prices_table scheduled__2024-01-17T00:00:00+00:00 [running]> on host 13b5797a93ab
[2024-09-27T18:35:15.962+0000] {taskinstance.py:3131} INFO - Exporting env vars: AIRFLOW_CTX_DAG_OWNER='***' AIRFLOW_CTX_DAG_ID='scrape_and_save_share_prices_with_company_data' AIRFLOW_CTX_TASK_ID='create_share_prices_table' AIRFLOW_CTX_EXECUTION_DATE='2024-01-17T00:00:00+00:00' AIRFLOW_CTX_TRY_NUMBER='1' AIRFLOW_CTX_DAG_RUN_ID='scheduled__2024-01-17T00:00:00+00:00'
[2024-09-27T18:35:16.052+0000] {logging_mixin.py:190} INFO - Task instance is in running state
[2024-09-27T18:35:16.061+0000] {logging_mixin.py:190} INFO -  Previous state of the Task instance: queued
[2024-09-27T18:35:16.070+0000] {logging_mixin.py:190} INFO - Current task name:create_share_prices_table state:running start_date:2024-09-27 18:35:14.647299+00:00
[2024-09-27T18:35:16.092+0000] {logging_mixin.py:190} INFO - Dag name:scrape_and_save_share_prices_with_company_data and current dag run status:running
[2024-09-27T18:35:16.096+0000] {taskinstance.py:731} INFO - ::endgroup::
[2024-09-27T18:35:16.228+0000] {base.py:84} INFO - Retrieving connection 'dse_connection'
[2024-09-27T18:35:16.274+0000] {sql.py:509} INFO - Running statement: 
        CREATE TABLE IF NOT EXISTS company_share_prices (
            id SERIAL,
            company_id INTEGER NOT NULL,
            date DATE,
            latest_trading_price VARCHAR(50),
            low_price VARCHAR(50),
            high_price VARCHAR(50),
            closing_price VARCHAR(50),
            ycp VARCHAR(50),
            change VARCHAR(10),
            trade VARCHAR(50),
            value VARCHAR(50),
            volume VARCHAR(50),
            PRIMARY KEY(company_id, id),
            FOREIGN KEY(company_id)
                REFERENCES company_list(company_id)
                ON UPDATE CASCADE ON DELETE CASCADE
        );
    , parameters: None
[2024-09-27T18:35:16.291+0000] {python.py:240} INFO - Done. Returned value was: None
[2024-09-27T18:35:16.368+0000] {taskinstance.py:340} INFO - ::group::Post task execution logs
[2024-09-27T18:35:16.385+0000] {taskinstance.py:352} INFO - Marking task as SUCCESS. dag_id=scrape_and_save_share_prices_with_company_data, task_id=create_share_prices_table, run_id=scheduled__2024-01-17T00:00:00+00:00, execution_date=20240117T000000, start_date=20240927T183514, end_date=20240927T183516
[2024-09-27T18:35:16.451+0000] {logging_mixin.py:190} INFO - Task instance in success state
[2024-09-27T18:35:16.453+0000] {logging_mixin.py:190} INFO -  Previous state of the Task instance: running
[2024-09-27T18:35:16.454+0000] {logging_mixin.py:190} INFO - Dag name:scrape_and_save_share_prices_with_company_data queued_at:2024-09-27 18:33:45.973244+00:00
[2024-09-27T18:35:16.455+0000] {logging_mixin.py:190} INFO - Task hostname:13b5797a93ab operator:PythonOperator
[2024-09-27T18:35:16.515+0000] {local_task_job_runner.py:266} INFO - Task exited with return code 0
[2024-09-27T18:35:16.610+0000] {local_task_job_runner.py:245} INFO - ::endgroup::
[2024-09-27T23:00:41.917+0000] {local_task_job_runner.py:123} INFO - ::group::Pre task execution logs
[2024-09-27T23:00:42.002+0000] {taskinstance.py:2612} INFO - Dependencies all met for dep_context=non-requeueable deps ti=<TaskInstance: scrape_and_save_share_prices_with_company_data.create_share_prices_table scheduled__2024-01-17T00:00:00+00:00 [queued]>
[2024-09-27T23:00:42.035+0000] {taskinstance.py:2612} INFO - Dependencies all met for dep_context=requeueable deps ti=<TaskInstance: scrape_and_save_share_prices_with_company_data.create_share_prices_table scheduled__2024-01-17T00:00:00+00:00 [queued]>
[2024-09-27T23:00:42.043+0000] {taskinstance.py:2865} INFO - Starting attempt 1 of 2
[2024-09-27T23:00:42.120+0000] {taskinstance.py:2888} INFO - Executing <Task(PythonOperator): create_share_prices_table> on 2024-01-17 00:00:00+00:00
[2024-09-27T23:00:42.152+0000] {warnings.py:112} WARNING - /home/***/.local/lib/python3.12/site-packages/***/task/task_runner/standard_task_runner.py:70: DeprecationWarning: This process (pid=2273) is multi-threaded, use of fork() may lead to deadlocks in the child.
  pid = os.fork()

[2024-09-27T23:00:42.156+0000] {standard_task_runner.py:72} INFO - Started process 2296 to run task
[2024-09-27T23:00:42.165+0000] {standard_task_runner.py:104} INFO - Running: ['***', 'tasks', 'run', 'scrape_and_save_share_prices_with_company_data', 'create_share_prices_table', 'scheduled__2024-01-17T00:00:00+00:00', '--job-id', '3061', '--raw', '--subdir', 'DAGS_FOLDER/dag.py', '--cfg-path', '/tmp/tmpsycq5hv1']
[2024-09-27T23:00:42.170+0000] {standard_task_runner.py:105} INFO - Job 3061: Subtask create_share_prices_table
[2024-09-27T23:00:42.394+0000] {task_command.py:467} INFO - Running <TaskInstance: scrape_and_save_share_prices_with_company_data.create_share_prices_table scheduled__2024-01-17T00:00:00+00:00 [running]> on host 7746de5121f6
[2024-09-27T23:00:42.790+0000] {taskinstance.py:3131} INFO - Exporting env vars: AIRFLOW_CTX_DAG_OWNER='***' AIRFLOW_CTX_DAG_ID='scrape_and_save_share_prices_with_company_data' AIRFLOW_CTX_TASK_ID='create_share_prices_table' AIRFLOW_CTX_EXECUTION_DATE='2024-01-17T00:00:00+00:00' AIRFLOW_CTX_TRY_NUMBER='1' AIRFLOW_CTX_DAG_RUN_ID='scheduled__2024-01-17T00:00:00+00:00'
[2024-09-27T23:00:42.793+0000] {logging_mixin.py:190} INFO - Task instance is in running state
[2024-09-27T23:00:42.795+0000] {logging_mixin.py:190} INFO -  Previous state of the Task instance: queued
[2024-09-27T23:00:42.796+0000] {logging_mixin.py:190} INFO - Current task name:create_share_prices_table state:running start_date:2024-09-27 23:00:42.006179+00:00
[2024-09-27T23:00:42.796+0000] {logging_mixin.py:190} INFO - Dag name:scrape_and_save_share_prices_with_company_data and current dag run status:running
[2024-09-27T23:00:42.798+0000] {taskinstance.py:731} INFO - ::endgroup::
[2024-09-27T23:00:42.836+0000] {base.py:84} INFO - Retrieving connection 'dse_connection'
[2024-09-27T23:00:42.870+0000] {sql.py:509} INFO - Running statement: 
        CREATE TABLE IF NOT EXISTS company_share_prices (
            id SERIAL,
            company_id INTEGER NOT NULL,
            date DATE,
            latest_trading_price VARCHAR(50),
            low_price VARCHAR(50),
            high_price VARCHAR(50),
            closing_price VARCHAR(50),
            ycp VARCHAR(50),
            change VARCHAR(10),
            trade VARCHAR(50),
            value VARCHAR(50),
            volume VARCHAR(50),
            PRIMARY KEY(company_id, id),
            FOREIGN KEY(company_id)
                REFERENCES company_list(company_id)
                ON UPDATE CASCADE ON DELETE CASCADE
        );
    , parameters: None
[2024-09-27T23:00:42.898+0000] {python.py:240} INFO - Done. Returned value was: None
[2024-09-27T23:00:42.928+0000] {taskinstance.py:340} INFO - ::group::Post task execution logs
[2024-09-27T23:00:42.930+0000] {taskinstance.py:352} INFO - Marking task as SUCCESS. dag_id=scrape_and_save_share_prices_with_company_data, task_id=create_share_prices_table, run_id=scheduled__2024-01-17T00:00:00+00:00, execution_date=20240117T000000, start_date=20240927T230042, end_date=20240927T230042
[2024-09-27T23:00:43.020+0000] {logging_mixin.py:190} INFO - Task instance in success state
[2024-09-27T23:00:43.021+0000] {logging_mixin.py:190} INFO -  Previous state of the Task instance: running
[2024-09-27T23:00:43.023+0000] {logging_mixin.py:190} INFO - Dag name:scrape_and_save_share_prices_with_company_data queued_at:2024-09-27 22:59:34.577677+00:00
[2024-09-27T23:00:43.027+0000] {logging_mixin.py:190} INFO - Task hostname:7746de5121f6 operator:PythonOperator
[2024-09-27T23:00:43.080+0000] {local_task_job_runner.py:266} INFO - Task exited with return code 0
[2024-09-27T23:00:43.160+0000] {taskinstance.py:3900} INFO - 1 downstream tasks scheduled from follow-on schedule check
[2024-09-27T23:00:43.172+0000] {local_task_job_runner.py:245} INFO - ::endgroup::
