[2024-09-27T18:20:47.064+0000] {local_task_job_runner.py:123} INFO - ::group::Pre task execution logs
[2024-09-27T18:20:47.178+0000] {taskinstance.py:2612} INFO - Dependencies all met for dep_context=non-requeueable deps ti=<TaskInstance: scrape_and_save_share_prices_with_company_data.create_company_table scheduled__2023-11-28T00:00:00+00:00 [queued]>
[2024-09-27T18:20:47.201+0000] {taskinstance.py:2612} INFO - Dependencies all met for dep_context=requeueable deps ti=<TaskInstance: scrape_and_save_share_prices_with_company_data.create_company_table scheduled__2023-11-28T00:00:00+00:00 [queued]>
[2024-09-27T18:20:47.207+0000] {taskinstance.py:2865} INFO - Starting attempt 1 of 2
[2024-09-27T18:20:47.247+0000] {taskinstance.py:2888} INFO - Executing <Task(PythonOperator): create_company_table> on 2023-11-28 00:00:00+00:00
[2024-09-27T18:20:47.285+0000] {warnings.py:112} WARNING - /home/***/.local/lib/python3.12/site-packages/***/task/task_runner/standard_task_runner.py:70: DeprecationWarning: This process (pid=12742) is multi-threaded, use of fork() may lead to deadlocks in the child.
  pid = os.fork()

[2024-09-27T18:20:47.290+0000] {standard_task_runner.py:72} INFO - Started process 12759 to run task
[2024-09-27T18:20:47.306+0000] {standard_task_runner.py:104} INFO - Running: ['***', 'tasks', 'run', 'scrape_and_save_share_prices_with_company_data', 'create_company_table', 'scheduled__2023-11-28T00:00:00+00:00', '--job-id', '1312', '--raw', '--subdir', 'DAGS_FOLDER/dag.py', '--cfg-path', '/tmp/tmpzd2_wbtl']
[2024-09-27T18:20:47.322+0000] {standard_task_runner.py:105} INFO - Job 1312: Subtask create_company_table
[2024-09-27T18:20:47.554+0000] {task_command.py:467} INFO - Running <TaskInstance: scrape_and_save_share_prices_with_company_data.create_company_table scheduled__2023-11-28T00:00:00+00:00 [running]> on host 13b5797a93ab
[2024-09-27T18:20:47.992+0000] {taskinstance.py:3131} INFO - Exporting env vars: AIRFLOW_CTX_DAG_OWNER='***' AIRFLOW_CTX_DAG_ID='scrape_and_save_share_prices_with_company_data' AIRFLOW_CTX_TASK_ID='create_company_table' AIRFLOW_CTX_EXECUTION_DATE='2023-11-28T00:00:00+00:00' AIRFLOW_CTX_TRY_NUMBER='1' AIRFLOW_CTX_DAG_RUN_ID='scheduled__2023-11-28T00:00:00+00:00'
[2024-09-27T18:20:47.996+0000] {logging_mixin.py:190} INFO - Task instance is in running state
[2024-09-27T18:20:47.999+0000] {logging_mixin.py:190} INFO -  Previous state of the Task instance: queued
[2024-09-27T18:20:48.005+0000] {logging_mixin.py:190} INFO - Current task name:create_company_table state:running start_date:2024-09-27 18:20:47.180273+00:00
[2024-09-27T18:20:48.006+0000] {logging_mixin.py:190} INFO - Dag name:scrape_and_save_share_prices_with_company_data and current dag run status:running
[2024-09-27T18:20:48.010+0000] {taskinstance.py:731} INFO - ::endgroup::
[2024-09-27T18:20:48.150+0000] {base.py:84} INFO - Retrieving connection 'dse_connection'
[2024-09-27T18:20:48.203+0000] {sql.py:509} INFO - Running statement: 
        CREATE TABLE IF NOT EXISTS company_list (
            company_id SERIAL PRIMARY KEY,
            company_trade_name VARCHAR(255) NOT NULL,
            company_url VARCHAR(255) NOT NULL,
            UNIQUE(company_trade_name)
        );
    , parameters: None
[2024-09-27T18:20:48.218+0000] {python.py:240} INFO - Done. Returned value was: None
[2024-09-27T18:20:48.281+0000] {taskinstance.py:340} INFO - ::group::Post task execution logs
[2024-09-27T18:20:48.289+0000] {taskinstance.py:352} INFO - Marking task as SUCCESS. dag_id=scrape_and_save_share_prices_with_company_data, task_id=create_company_table, run_id=scheduled__2023-11-28T00:00:00+00:00, execution_date=20231128T000000, start_date=20240927T182047, end_date=20240927T182048
[2024-09-27T18:20:48.361+0000] {logging_mixin.py:190} INFO - Task instance in success state
[2024-09-27T18:20:48.375+0000] {logging_mixin.py:190} INFO -  Previous state of the Task instance: running
[2024-09-27T18:20:48.380+0000] {logging_mixin.py:190} INFO - Dag name:scrape_and_save_share_prices_with_company_data queued_at:2024-09-27 18:20:37.707980+00:00
[2024-09-27T18:20:48.382+0000] {logging_mixin.py:190} INFO - Task hostname:13b5797a93ab operator:PythonOperator
[2024-09-27T18:20:48.417+0000] {local_task_job_runner.py:266} INFO - Task exited with return code 0
[2024-09-27T18:20:48.545+0000] {taskinstance.py:3900} INFO - 1 downstream tasks scheduled from follow-on schedule check
[2024-09-27T18:20:48.620+0000] {local_task_job_runner.py:245} INFO - ::endgroup::
[2024-09-27T22:10:33.234+0000] {local_task_job_runner.py:123} INFO - ::group::Pre task execution logs
[2024-09-27T22:10:33.359+0000] {taskinstance.py:2612} INFO - Dependencies all met for dep_context=non-requeueable deps ti=<TaskInstance: scrape_and_save_share_prices_with_company_data.create_company_table scheduled__2023-11-28T00:00:00+00:00 [queued]>
[2024-09-27T22:10:33.442+0000] {taskinstance.py:2612} INFO - Dependencies all met for dep_context=requeueable deps ti=<TaskInstance: scrape_and_save_share_prices_with_company_data.create_company_table scheduled__2023-11-28T00:00:00+00:00 [queued]>
[2024-09-27T22:10:33.456+0000] {taskinstance.py:2865} INFO - Starting attempt 1 of 2
[2024-09-27T22:10:33.580+0000] {taskinstance.py:2888} INFO - Executing <Task(PythonOperator): create_company_table> on 2023-11-28 00:00:00+00:00
[2024-09-27T22:10:33.594+0000] {warnings.py:112} WARNING - /home/***/.local/lib/python3.12/site-packages/***/task/task_runner/standard_task_runner.py:70: DeprecationWarning: This process (pid=1581) is multi-threaded, use of fork() may lead to deadlocks in the child.
  pid = os.fork()

[2024-09-27T22:10:33.605+0000] {standard_task_runner.py:72} INFO - Started process 1595 to run task
[2024-09-27T22:10:33.610+0000] {standard_task_runner.py:104} INFO - Running: ['***', 'tasks', 'run', 'scrape_and_save_share_prices_with_company_data', 'create_company_table', 'scheduled__2023-11-28T00:00:00+00:00', '--job-id', '2380', '--raw', '--subdir', 'DAGS_FOLDER/dag.py', '--cfg-path', '/tmp/tmpk6g7wclf']
[2024-09-27T22:10:33.613+0000] {standard_task_runner.py:105} INFO - Job 2380: Subtask create_company_table
[2024-09-27T22:10:33.942+0000] {task_command.py:467} INFO - Running <TaskInstance: scrape_and_save_share_prices_with_company_data.create_company_table scheduled__2023-11-28T00:00:00+00:00 [running]> on host fd62fe12432d
[2024-09-27T22:10:34.476+0000] {taskinstance.py:3131} INFO - Exporting env vars: AIRFLOW_CTX_DAG_OWNER='***' AIRFLOW_CTX_DAG_ID='scrape_and_save_share_prices_with_company_data' AIRFLOW_CTX_TASK_ID='create_company_table' AIRFLOW_CTX_EXECUTION_DATE='2023-11-28T00:00:00+00:00' AIRFLOW_CTX_TRY_NUMBER='1' AIRFLOW_CTX_DAG_RUN_ID='scheduled__2023-11-28T00:00:00+00:00'
[2024-09-27T22:10:34.483+0000] {logging_mixin.py:190} INFO - Task instance is in running state
[2024-09-27T22:10:34.489+0000] {logging_mixin.py:190} INFO -  Previous state of the Task instance: queued
[2024-09-27T22:10:34.493+0000] {logging_mixin.py:190} INFO - Current task name:create_company_table state:running start_date:2024-09-27 22:10:33.361055+00:00
[2024-09-27T22:10:34.494+0000] {logging_mixin.py:190} INFO - Dag name:scrape_and_save_share_prices_with_company_data and current dag run status:running
[2024-09-27T22:10:34.507+0000] {taskinstance.py:731} INFO - ::endgroup::
[2024-09-27T22:10:34.566+0000] {base.py:84} INFO - Retrieving connection 'dse_connection'
[2024-09-27T22:10:34.605+0000] {sql.py:509} INFO - Running statement: 
        CREATE TABLE IF NOT EXISTS company_list (
            company_id SERIAL PRIMARY KEY,
            company_trade_name VARCHAR(255) NOT NULL,
            company_url VARCHAR(255) NOT NULL,
            UNIQUE(company_trade_name)
        );
    , parameters: None
[2024-09-27T22:10:34.621+0000] {python.py:240} INFO - Done. Returned value was: None
[2024-09-27T22:10:34.699+0000] {taskinstance.py:340} INFO - ::group::Post task execution logs
[2024-09-27T22:10:34.707+0000] {taskinstance.py:352} INFO - Marking task as SUCCESS. dag_id=scrape_and_save_share_prices_with_company_data, task_id=create_company_table, run_id=scheduled__2023-11-28T00:00:00+00:00, execution_date=20231128T000000, start_date=20240927T221033, end_date=20240927T221034
[2024-09-27T22:10:34.754+0000] {logging_mixin.py:190} INFO - Task instance in success state
[2024-09-27T22:10:34.759+0000] {logging_mixin.py:190} INFO -  Previous state of the Task instance: running
[2024-09-27T22:10:34.761+0000] {logging_mixin.py:190} INFO - Dag name:scrape_and_save_share_prices_with_company_data queued_at:2024-09-27 22:10:19.558560+00:00
[2024-09-27T22:10:34.765+0000] {logging_mixin.py:190} INFO - Task hostname:fd62fe12432d operator:PythonOperator
[2024-09-27T22:10:34.811+0000] {local_task_job_runner.py:266} INFO - Task exited with return code 0
[2024-09-27T22:10:34.917+0000] {local_task_job_runner.py:245} INFO - ::endgroup::
[2024-09-27T22:50:22.756+0000] {local_task_job_runner.py:123} INFO - ::group::Pre task execution logs
[2024-09-27T22:50:22.843+0000] {taskinstance.py:2612} INFO - Dependencies all met for dep_context=non-requeueable deps ti=<TaskInstance: scrape_and_save_share_prices_with_company_data.create_company_table scheduled__2023-11-28T00:00:00+00:00 [queued]>
[2024-09-27T22:50:22.878+0000] {taskinstance.py:2612} INFO - Dependencies all met for dep_context=requeueable deps ti=<TaskInstance: scrape_and_save_share_prices_with_company_data.create_company_table scheduled__2023-11-28T00:00:00+00:00 [queued]>
[2024-09-27T22:50:22.880+0000] {taskinstance.py:2865} INFO - Starting attempt 1 of 2
[2024-09-27T22:50:23.011+0000] {taskinstance.py:2888} INFO - Executing <Task(PythonOperator): create_company_table> on 2023-11-28 00:00:00+00:00
[2024-09-27T22:50:23.126+0000] {warnings.py:112} WARNING - /home/***/.local/lib/python3.12/site-packages/***/task/task_runner/standard_task_runner.py:70: DeprecationWarning: This process (pid=1277) is multi-threaded, use of fork() may lead to deadlocks in the child.
  pid = os.fork()

[2024-09-27T22:50:23.131+0000] {standard_task_runner.py:72} INFO - Started process 1304 to run task
[2024-09-27T22:50:23.196+0000] {standard_task_runner.py:104} INFO - Running: ['***', 'tasks', 'run', 'scrape_and_save_share_prices_with_company_data', 'create_company_table', 'scheduled__2023-11-28T00:00:00+00:00', '--job-id', '2839', '--raw', '--subdir', 'DAGS_FOLDER/dag.py', '--cfg-path', '/tmp/tmptt_40_xo']
[2024-09-27T22:50:23.209+0000] {standard_task_runner.py:105} INFO - Job 2839: Subtask create_company_table
[2024-09-27T22:50:23.489+0000] {task_command.py:467} INFO - Running <TaskInstance: scrape_and_save_share_prices_with_company_data.create_company_table scheduled__2023-11-28T00:00:00+00:00 [running]> on host 7746de5121f6
[2024-09-27T22:50:23.909+0000] {taskinstance.py:3131} INFO - Exporting env vars: AIRFLOW_CTX_DAG_OWNER='***' AIRFLOW_CTX_DAG_ID='scrape_and_save_share_prices_with_company_data' AIRFLOW_CTX_TASK_ID='create_company_table' AIRFLOW_CTX_EXECUTION_DATE='2023-11-28T00:00:00+00:00' AIRFLOW_CTX_TRY_NUMBER='1' AIRFLOW_CTX_DAG_RUN_ID='scheduled__2023-11-28T00:00:00+00:00'
[2024-09-27T22:50:23.916+0000] {logging_mixin.py:190} INFO - Task instance is in running state
[2024-09-27T22:50:23.920+0000] {logging_mixin.py:190} INFO -  Previous state of the Task instance: queued
[2024-09-27T22:50:23.922+0000] {logging_mixin.py:190} INFO - Current task name:create_company_table state:running start_date:2024-09-27 22:50:22.847754+00:00
[2024-09-27T22:50:23.924+0000] {logging_mixin.py:190} INFO - Dag name:scrape_and_save_share_prices_with_company_data and current dag run status:running
[2024-09-27T22:50:23.933+0000] {taskinstance.py:731} INFO - ::endgroup::
[2024-09-27T22:50:23.967+0000] {base.py:84} INFO - Retrieving connection 'dse_connection'
[2024-09-27T22:50:23.998+0000] {sql.py:509} INFO - Running statement: 
        CREATE TABLE IF NOT EXISTS company_list (
            company_id SERIAL PRIMARY KEY,
            company_trade_name VARCHAR(255) NOT NULL,
            company_url VARCHAR(255) NOT NULL,
            UNIQUE(company_trade_name)
        );
    , parameters: None
[2024-09-27T22:50:24.000+0000] {python.py:240} INFO - Done. Returned value was: None
[2024-09-27T22:50:24.035+0000] {taskinstance.py:340} INFO - ::group::Post task execution logs
[2024-09-27T22:50:24.037+0000] {taskinstance.py:352} INFO - Marking task as SUCCESS. dag_id=scrape_and_save_share_prices_with_company_data, task_id=create_company_table, run_id=scheduled__2023-11-28T00:00:00+00:00, execution_date=20231128T000000, start_date=20240927T225022, end_date=20240927T225024
[2024-09-27T22:50:24.197+0000] {logging_mixin.py:190} INFO - Task instance in success state
[2024-09-27T22:50:24.201+0000] {logging_mixin.py:190} INFO -  Previous state of the Task instance: running
[2024-09-27T22:50:24.223+0000] {logging_mixin.py:190} INFO - Dag name:scrape_and_save_share_prices_with_company_data queued_at:2024-09-27 22:50:11.674349+00:00
[2024-09-27T22:50:24.224+0000] {logging_mixin.py:190} INFO - Task hostname:7746de5121f6 operator:PythonOperator
[2024-09-27T22:50:24.271+0000] {local_task_job_runner.py:266} INFO - Task exited with return code 0
[2024-09-27T22:50:24.454+0000] {taskinstance.py:3900} INFO - 1 downstream tasks scheduled from follow-on schedule check
[2024-09-27T22:50:24.468+0000] {local_task_job_runner.py:245} INFO - ::endgroup::
