[2024-09-27T18:53:43.083+0000] {local_task_job_runner.py:123} INFO - ::group::Pre task execution logs
[2024-09-27T18:53:43.130+0000] {taskinstance.py:2612} INFO - Dependencies all met for dep_context=non-requeueable deps ti=<TaskInstance: scrape_and_save_share_prices_with_company_data.create_company_table scheduled__2024-03-04T00:00:00+00:00 [queued]>
[2024-09-27T18:53:43.170+0000] {taskinstance.py:2612} INFO - Dependencies all met for dep_context=requeueable deps ti=<TaskInstance: scrape_and_save_share_prices_with_company_data.create_company_table scheduled__2024-03-04T00:00:00+00:00 [queued]>
[2024-09-27T18:53:43.171+0000] {taskinstance.py:2865} INFO - Starting attempt 1 of 2
[2024-09-27T18:53:43.223+0000] {taskinstance.py:2888} INFO - Executing <Task(PythonOperator): create_company_table> on 2024-03-04 00:00:00+00:00
[2024-09-27T18:53:43.244+0000] {warnings.py:112} WARNING - /home/***/.local/lib/python3.12/site-packages/***/task/task_runner/standard_task_runner.py:70: DeprecationWarning: This process (pid=14984) is multi-threaded, use of fork() may lead to deadlocks in the child.
  pid = os.fork()

[2024-09-27T18:53:43.247+0000] {standard_task_runner.py:72} INFO - Started process 14988 to run task
[2024-09-27T18:53:43.250+0000] {standard_task_runner.py:104} INFO - Running: ['***', 'tasks', 'run', 'scrape_and_save_share_prices_with_company_data', 'create_company_table', 'scheduled__2024-03-04T00:00:00+00:00', '--job-id', '1787', '--raw', '--subdir', 'DAGS_FOLDER/dag.py', '--cfg-path', '/tmp/tmp502skbb5']
[2024-09-27T18:53:43.256+0000] {standard_task_runner.py:105} INFO - Job 1787: Subtask create_company_table
[2024-09-27T18:53:43.398+0000] {task_command.py:467} INFO - Running <TaskInstance: scrape_and_save_share_prices_with_company_data.create_company_table scheduled__2024-03-04T00:00:00+00:00 [running]> on host 13b5797a93ab
[2024-09-27T18:53:43.621+0000] {taskinstance.py:3131} INFO - Exporting env vars: AIRFLOW_CTX_DAG_OWNER='***' AIRFLOW_CTX_DAG_ID='scrape_and_save_share_prices_with_company_data' AIRFLOW_CTX_TASK_ID='create_company_table' AIRFLOW_CTX_EXECUTION_DATE='2024-03-04T00:00:00+00:00' AIRFLOW_CTX_TRY_NUMBER='1' AIRFLOW_CTX_DAG_RUN_ID='scheduled__2024-03-04T00:00:00+00:00'
[2024-09-27T18:53:43.625+0000] {logging_mixin.py:190} INFO - Task instance is in running state
[2024-09-27T18:53:43.626+0000] {logging_mixin.py:190} INFO -  Previous state of the Task instance: queued
[2024-09-27T18:53:43.627+0000] {logging_mixin.py:190} INFO - Current task name:create_company_table state:running start_date:2024-09-27 18:53:43.134026+00:00
[2024-09-27T18:53:43.628+0000] {logging_mixin.py:190} INFO - Dag name:scrape_and_save_share_prices_with_company_data and current dag run status:running
[2024-09-27T18:53:43.629+0000] {taskinstance.py:731} INFO - ::endgroup::
[2024-09-27T18:53:43.650+0000] {base.py:84} INFO - Retrieving connection 'dse_connection'
[2024-09-27T18:53:43.662+0000] {sql.py:509} INFO - Running statement: 
        CREATE TABLE IF NOT EXISTS company_list (
            company_id SERIAL PRIMARY KEY,
            company_trade_name VARCHAR(255) NOT NULL,
            company_url VARCHAR(255) NOT NULL,
            UNIQUE(company_trade_name)
        );
    , parameters: None
[2024-09-27T18:53:43.666+0000] {python.py:240} INFO - Done. Returned value was: None
[2024-09-27T18:53:43.703+0000] {taskinstance.py:340} INFO - ::group::Post task execution logs
[2024-09-27T18:53:43.708+0000] {taskinstance.py:352} INFO - Marking task as SUCCESS. dag_id=scrape_and_save_share_prices_with_company_data, task_id=create_company_table, run_id=scheduled__2024-03-04T00:00:00+00:00, execution_date=20240304T000000, start_date=20240927T185343, end_date=20240927T185343
[2024-09-27T18:53:43.752+0000] {logging_mixin.py:190} INFO - Task instance in success state
[2024-09-27T18:53:43.761+0000] {logging_mixin.py:190} INFO -  Previous state of the Task instance: running
[2024-09-27T18:53:43.766+0000] {logging_mixin.py:190} INFO - Dag name:scrape_and_save_share_prices_with_company_data queued_at:2024-09-27 18:53:37.710824+00:00
[2024-09-27T18:53:43.768+0000] {logging_mixin.py:190} INFO - Task hostname:13b5797a93ab operator:PythonOperator
[2024-09-27T18:53:43.811+0000] {local_task_job_runner.py:266} INFO - Task exited with return code 0
[2024-09-27T18:53:43.927+0000] {taskinstance.py:3900} INFO - 1 downstream tasks scheduled from follow-on schedule check
[2024-09-27T18:53:43.942+0000] {local_task_job_runner.py:245} INFO - ::endgroup::
[2024-09-27T23:07:35.073+0000] {local_task_job_runner.py:123} INFO - ::group::Pre task execution logs
[2024-09-27T23:07:35.115+0000] {taskinstance.py:2612} INFO - Dependencies all met for dep_context=non-requeueable deps ti=<TaskInstance: scrape_and_save_share_prices_with_company_data.create_company_table scheduled__2024-03-04T00:00:00+00:00 [queued]>
[2024-09-27T23:07:35.138+0000] {taskinstance.py:2612} INFO - Dependencies all met for dep_context=requeueable deps ti=<TaskInstance: scrape_and_save_share_prices_with_company_data.create_company_table scheduled__2024-03-04T00:00:00+00:00 [queued]>
[2024-09-27T23:07:35.139+0000] {taskinstance.py:2865} INFO - Starting attempt 1 of 2
[2024-09-27T23:07:35.188+0000] {taskinstance.py:2888} INFO - Executing <Task(PythonOperator): create_company_table> on 2024-03-04 00:00:00+00:00
[2024-09-27T23:07:35.229+0000] {warnings.py:112} WARNING - /home/***/.local/lib/python3.12/site-packages/***/task/task_runner/standard_task_runner.py:70: DeprecationWarning: This process (pid=2976) is multi-threaded, use of fork() may lead to deadlocks in the child.
  pid = os.fork()

[2024-09-27T23:07:35.239+0000] {standard_task_runner.py:72} INFO - Started process 3009 to run task
[2024-09-27T23:07:35.236+0000] {standard_task_runner.py:104} INFO - Running: ['***', 'tasks', 'run', 'scrape_and_save_share_prices_with_company_data', 'create_company_table', 'scheduled__2024-03-04T00:00:00+00:00', '--job-id', '3221', '--raw', '--subdir', 'DAGS_FOLDER/dag.py', '--cfg-path', '/tmp/tmpiwsambrk']
[2024-09-27T23:07:35.263+0000] {standard_task_runner.py:105} INFO - Job 3221: Subtask create_company_table
[2024-09-27T23:07:35.521+0000] {task_command.py:467} INFO - Running <TaskInstance: scrape_and_save_share_prices_with_company_data.create_company_table scheduled__2024-03-04T00:00:00+00:00 [running]> on host 7746de5121f6
[2024-09-27T23:07:35.936+0000] {taskinstance.py:3131} INFO - Exporting env vars: AIRFLOW_CTX_DAG_OWNER='***' AIRFLOW_CTX_DAG_ID='scrape_and_save_share_prices_with_company_data' AIRFLOW_CTX_TASK_ID='create_company_table' AIRFLOW_CTX_EXECUTION_DATE='2024-03-04T00:00:00+00:00' AIRFLOW_CTX_TRY_NUMBER='1' AIRFLOW_CTX_DAG_RUN_ID='scheduled__2024-03-04T00:00:00+00:00'
[2024-09-27T23:07:35.940+0000] {logging_mixin.py:190} INFO - Task instance is in running state
[2024-09-27T23:07:35.941+0000] {logging_mixin.py:190} INFO -  Previous state of the Task instance: queued
[2024-09-27T23:07:35.946+0000] {logging_mixin.py:190} INFO - Current task name:create_company_table state:running start_date:2024-09-27 23:07:35.117725+00:00
[2024-09-27T23:07:35.957+0000] {logging_mixin.py:190} INFO - Dag name:scrape_and_save_share_prices_with_company_data and current dag run status:running
[2024-09-27T23:07:35.968+0000] {taskinstance.py:731} INFO - ::endgroup::
[2024-09-27T23:07:36.020+0000] {base.py:84} INFO - Retrieving connection 'dse_connection'
[2024-09-27T23:07:36.033+0000] {sql.py:509} INFO - Running statement: 
        CREATE TABLE IF NOT EXISTS company_list (
            company_id SERIAL PRIMARY KEY,
            company_trade_name VARCHAR(255) NOT NULL,
            company_url VARCHAR(255) NOT NULL,
            UNIQUE(company_trade_name)
        );
    , parameters: None
[2024-09-27T23:07:36.038+0000] {python.py:240} INFO - Done. Returned value was: None
[2024-09-27T23:07:36.122+0000] {taskinstance.py:340} INFO - ::group::Post task execution logs
[2024-09-27T23:07:36.138+0000] {taskinstance.py:352} INFO - Marking task as SUCCESS. dag_id=scrape_and_save_share_prices_with_company_data, task_id=create_company_table, run_id=scheduled__2024-03-04T00:00:00+00:00, execution_date=20240304T000000, start_date=20240927T230735, end_date=20240927T230736
[2024-09-27T23:07:36.190+0000] {logging_mixin.py:190} INFO - Task instance in success state
[2024-09-27T23:07:36.192+0000] {logging_mixin.py:190} INFO -  Previous state of the Task instance: running
[2024-09-27T23:07:36.193+0000] {logging_mixin.py:190} INFO - Dag name:scrape_and_save_share_prices_with_company_data queued_at:2024-09-27 23:07:28.204002+00:00
[2024-09-27T23:07:36.194+0000] {logging_mixin.py:190} INFO - Task hostname:7746de5121f6 operator:PythonOperator
[2024-09-27T23:07:36.273+0000] {local_task_job_runner.py:266} INFO - Task exited with return code 0
[2024-09-27T23:07:36.440+0000] {taskinstance.py:3900} INFO - 1 downstream tasks scheduled from follow-on schedule check
[2024-09-27T23:07:36.452+0000] {local_task_job_runner.py:245} INFO - ::endgroup::
