[2024-09-27T18:15:27.567+0000] {local_task_job_runner.py:123} INFO - ::group::Pre task execution logs
[2024-09-27T18:15:27.664+0000] {taskinstance.py:2612} INFO - Dependencies all met for dep_context=non-requeueable deps ti=<TaskInstance: scrape_and_save_share_prices_with_company_data.create_share_prices_table scheduled__2023-10-31T00:00:00+00:00 [queued]>
[2024-09-27T18:15:27.689+0000] {taskinstance.py:2612} INFO - Dependencies all met for dep_context=requeueable deps ti=<TaskInstance: scrape_and_save_share_prices_with_company_data.create_share_prices_table scheduled__2023-10-31T00:00:00+00:00 [queued]>
[2024-09-27T18:15:27.692+0000] {taskinstance.py:2865} INFO - Starting attempt 1 of 2
[2024-09-27T18:15:27.865+0000] {taskinstance.py:2888} INFO - Executing <Task(PythonOperator): create_share_prices_table> on 2023-10-31 00:00:00+00:00
[2024-09-27T18:15:27.964+0000] {standard_task_runner.py:104} INFO - Running: ['***', 'tasks', 'run', 'scrape_and_save_share_prices_with_company_data', 'create_share_prices_table', 'scheduled__2023-10-31T00:00:00+00:00', '--job-id', '1225', '--raw', '--subdir', 'DAGS_FOLDER/dag.py', '--cfg-path', '/tmp/tmpu_xz6jep']
[2024-09-27T18:15:27.930+0000] {warnings.py:112} WARNING - /home/***/.local/lib/python3.12/site-packages/***/task/task_runner/standard_task_runner.py:70: DeprecationWarning: This process (pid=12326) is multi-threaded, use of fork() may lead to deadlocks in the child.
  pid = os.fork()

[2024-09-27T18:15:27.996+0000] {standard_task_runner.py:72} INFO - Started process 12360 to run task
[2024-09-27T18:15:27.993+0000] {standard_task_runner.py:105} INFO - Job 1225: Subtask create_share_prices_table
[2024-09-27T18:15:28.392+0000] {task_command.py:467} INFO - Running <TaskInstance: scrape_and_save_share_prices_with_company_data.create_share_prices_table scheduled__2023-10-31T00:00:00+00:00 [running]> on host 13b5797a93ab
[2024-09-27T18:15:29.391+0000] {taskinstance.py:3131} INFO - Exporting env vars: AIRFLOW_CTX_DAG_OWNER='***' AIRFLOW_CTX_DAG_ID='scrape_and_save_share_prices_with_company_data' AIRFLOW_CTX_TASK_ID='create_share_prices_table' AIRFLOW_CTX_EXECUTION_DATE='2023-10-31T00:00:00+00:00' AIRFLOW_CTX_TRY_NUMBER='1' AIRFLOW_CTX_DAG_RUN_ID='scheduled__2023-10-31T00:00:00+00:00'
[2024-09-27T18:15:29.395+0000] {logging_mixin.py:190} INFO - Task instance is in running state
[2024-09-27T18:15:29.396+0000] {logging_mixin.py:190} INFO -  Previous state of the Task instance: queued
[2024-09-27T18:15:29.398+0000] {logging_mixin.py:190} INFO - Current task name:create_share_prices_table state:running start_date:2024-09-27 18:15:27.667561+00:00
[2024-09-27T18:15:29.399+0000] {logging_mixin.py:190} INFO - Dag name:scrape_and_save_share_prices_with_company_data and current dag run status:running
[2024-09-27T18:15:29.400+0000] {taskinstance.py:731} INFO - ::endgroup::
[2024-09-27T18:15:29.435+0000] {base.py:84} INFO - Retrieving connection 'dse_connection'
[2024-09-27T18:15:29.446+0000] {sql.py:509} INFO - Running statement: 
        CREATE TABLE IF NOT EXISTS company_share_prices (
            id SERIAL,
            company_id INTEGER NOT NULL,
            date DATE,
            latest_trading_price VARCHAR(50),
            low_price VARCHAR(50),
            high_price VARCHAR(50),
            closing_price VARCHAR(50),
            ycp VARCHAR(50),
            change VARCHAR(10),
            trade VARCHAR(50),
            value VARCHAR(50),
            volume VARCHAR(50),
            PRIMARY KEY(company_id, id),
            FOREIGN KEY(company_id)
                REFERENCES company_list(company_id)
                ON UPDATE CASCADE ON DELETE CASCADE
        );
    , parameters: None
[2024-09-27T18:15:29.460+0000] {python.py:240} INFO - Done. Returned value was: None
[2024-09-27T18:15:29.602+0000] {taskinstance.py:340} INFO - ::group::Post task execution logs
[2024-09-27T18:15:29.608+0000] {taskinstance.py:352} INFO - Marking task as SUCCESS. dag_id=scrape_and_save_share_prices_with_company_data, task_id=create_share_prices_table, run_id=scheduled__2023-10-31T00:00:00+00:00, execution_date=20231031T000000, start_date=20240927T181527, end_date=20240927T181529
[2024-09-27T18:15:29.754+0000] {logging_mixin.py:190} INFO - Task instance in success state
[2024-09-27T18:15:29.757+0000] {logging_mixin.py:190} INFO -  Previous state of the Task instance: running
[2024-09-27T18:15:29.776+0000] {logging_mixin.py:190} INFO - Dag name:scrape_and_save_share_prices_with_company_data queued_at:2024-09-27 18:13:39.502162+00:00
[2024-09-27T18:15:29.779+0000] {logging_mixin.py:190} INFO - Task hostname:13b5797a93ab operator:PythonOperator
[2024-09-27T18:15:29.850+0000] {local_task_job_runner.py:266} INFO - Task exited with return code 0
[2024-09-27T18:15:29.951+0000] {taskinstance.py:3900} INFO - 1 downstream tasks scheduled from follow-on schedule check
[2024-09-27T18:15:29.969+0000] {local_task_job_runner.py:245} INFO - ::endgroup::
[2024-09-27T22:05:11.263+0000] {local_task_job_runner.py:123} INFO - ::group::Pre task execution logs
[2024-09-27T22:05:11.285+0000] {taskinstance.py:2612} INFO - Dependencies all met for dep_context=non-requeueable deps ti=<TaskInstance: scrape_and_save_share_prices_with_company_data.create_share_prices_table scheduled__2023-10-31T00:00:00+00:00 [queued]>
[2024-09-27T22:05:11.296+0000] {taskinstance.py:2612} INFO - Dependencies all met for dep_context=requeueable deps ti=<TaskInstance: scrape_and_save_share_prices_with_company_data.create_share_prices_table scheduled__2023-10-31T00:00:00+00:00 [queued]>
[2024-09-27T22:05:11.297+0000] {taskinstance.py:2865} INFO - Starting attempt 1 of 2
[2024-09-27T22:05:14.694+0000] {taskinstance.py:2888} INFO - Executing <Task(PythonOperator): create_share_prices_table> on 2023-10-31 00:00:00+00:00
[2024-09-27T22:05:14.705+0000] {warnings.py:112} WARNING - /home/***/.local/lib/python3.12/site-packages/***/task/task_runner/standard_task_runner.py:70: DeprecationWarning: This process (pid=1128) is multi-threaded, use of fork() may lead to deadlocks in the child.
  pid = os.fork()

[2024-09-27T22:05:14.708+0000] {standard_task_runner.py:72} INFO - Started process 1144 to run task
[2024-09-27T22:05:14.709+0000] {standard_task_runner.py:104} INFO - Running: ['***', 'tasks', 'run', 'scrape_and_save_share_prices_with_company_data', 'create_share_prices_table', 'scheduled__2023-10-31T00:00:00+00:00', '--job-id', '2279', '--raw', '--subdir', 'DAGS_FOLDER/dag.py', '--cfg-path', '/tmp/tmpjjplcf59']
[2024-09-27T22:05:14.711+0000] {standard_task_runner.py:105} INFO - Job 2279: Subtask create_share_prices_table
[2024-09-27T22:05:16.854+0000] {task_command.py:467} INFO - Running <TaskInstance: scrape_and_save_share_prices_with_company_data.create_share_prices_table scheduled__2023-10-31T00:00:00+00:00 [running]> on host fd62fe12432d
[2024-09-27T22:05:17.178+0000] {taskinstance.py:3131} INFO - Exporting env vars: AIRFLOW_CTX_DAG_OWNER='***' AIRFLOW_CTX_DAG_ID='scrape_and_save_share_prices_with_company_data' AIRFLOW_CTX_TASK_ID='create_share_prices_table' AIRFLOW_CTX_EXECUTION_DATE='2023-10-31T00:00:00+00:00' AIRFLOW_CTX_TRY_NUMBER='1' AIRFLOW_CTX_DAG_RUN_ID='scheduled__2023-10-31T00:00:00+00:00'
[2024-09-27T22:05:17.190+0000] {logging_mixin.py:190} INFO - Task instance is in running state
[2024-09-27T22:05:17.223+0000] {logging_mixin.py:190} INFO -  Previous state of the Task instance: queued
[2024-09-27T22:05:17.233+0000] {logging_mixin.py:190} INFO - Current task name:create_share_prices_table state:running start_date:2024-09-27 22:05:11.286592+00:00
[2024-09-27T22:05:17.243+0000] {logging_mixin.py:190} INFO - Dag name:scrape_and_save_share_prices_with_company_data and current dag run status:running
[2024-09-27T22:05:17.252+0000] {taskinstance.py:731} INFO - ::endgroup::
[2024-09-27T22:05:17.269+0000] {base.py:84} INFO - Retrieving connection 'dse_connection'
[2024-09-27T22:05:17.284+0000] {sql.py:509} INFO - Running statement: 
        CREATE TABLE IF NOT EXISTS company_share_prices (
            id SERIAL,
            company_id INTEGER NOT NULL,
            date DATE,
            latest_trading_price VARCHAR(50),
            low_price VARCHAR(50),
            high_price VARCHAR(50),
            closing_price VARCHAR(50),
            ycp VARCHAR(50),
            change VARCHAR(10),
            trade VARCHAR(50),
            value VARCHAR(50),
            volume VARCHAR(50),
            PRIMARY KEY(company_id, id),
            FOREIGN KEY(company_id)
                REFERENCES company_list(company_id)
                ON UPDATE CASCADE ON DELETE CASCADE
        );
    , parameters: None
[2024-09-27T22:05:17.293+0000] {python.py:240} INFO - Done. Returned value was: None
[2024-09-27T22:05:17.327+0000] {taskinstance.py:340} INFO - ::group::Post task execution logs
[2024-09-27T22:05:17.330+0000] {taskinstance.py:352} INFO - Marking task as SUCCESS. dag_id=scrape_and_save_share_prices_with_company_data, task_id=create_share_prices_table, run_id=scheduled__2023-10-31T00:00:00+00:00, execution_date=20231031T000000, start_date=20240927T220511, end_date=20240927T220517
[2024-09-27T22:05:17.371+0000] {logging_mixin.py:190} INFO - Task instance in success state
[2024-09-27T22:05:17.372+0000] {logging_mixin.py:190} INFO -  Previous state of the Task instance: running
[2024-09-27T22:05:17.373+0000] {logging_mixin.py:190} INFO - Dag name:scrape_and_save_share_prices_with_company_data queued_at:2024-09-27 22:03:30.720878+00:00
[2024-09-27T22:05:17.375+0000] {logging_mixin.py:190} INFO - Task hostname:fd62fe12432d operator:PythonOperator
[2024-09-27T22:05:17.407+0000] {local_task_job_runner.py:266} INFO - Task exited with return code 0
[2024-09-27T22:05:17.489+0000] {taskinstance.py:3900} INFO - 1 downstream tasks scheduled from follow-on schedule check
[2024-09-27T22:05:17.674+0000] {local_task_job_runner.py:245} INFO - ::endgroup::
[2024-09-27T22:45:26.987+0000] {local_task_job_runner.py:123} INFO - ::group::Pre task execution logs
[2024-09-27T22:45:27.150+0000] {taskinstance.py:2612} INFO - Dependencies all met for dep_context=non-requeueable deps ti=<TaskInstance: scrape_and_save_share_prices_with_company_data.create_share_prices_table scheduled__2023-10-31T00:00:00+00:00 [queued]>
[2024-09-27T22:45:27.229+0000] {taskinstance.py:2612} INFO - Dependencies all met for dep_context=requeueable deps ti=<TaskInstance: scrape_and_save_share_prices_with_company_data.create_share_prices_table scheduled__2023-10-31T00:00:00+00:00 [queued]>
[2024-09-27T22:45:27.238+0000] {taskinstance.py:2865} INFO - Starting attempt 1 of 2
[2024-09-27T22:45:27.362+0000] {taskinstance.py:2888} INFO - Executing <Task(PythonOperator): create_share_prices_table> on 2023-10-31 00:00:00+00:00
[2024-09-27T22:45:27.417+0000] {warnings.py:112} WARNING - /home/***/.local/lib/python3.12/site-packages/***/task/task_runner/standard_task_runner.py:70: DeprecationWarning: This process (pid=853) is multi-threaded, use of fork() may lead to deadlocks in the child.
  pid = os.fork()

[2024-09-27T22:45:27.422+0000] {standard_task_runner.py:104} INFO - Running: ['***', 'tasks', 'run', 'scrape_and_save_share_prices_with_company_data', 'create_share_prices_table', 'scheduled__2023-10-31T00:00:00+00:00', '--job-id', '2747', '--raw', '--subdir', 'DAGS_FOLDER/dag.py', '--cfg-path', '/tmp/tmpbakcmspd']
[2024-09-27T22:45:27.456+0000] {standard_task_runner.py:105} INFO - Job 2747: Subtask create_share_prices_table
[2024-09-27T22:45:27.449+0000] {standard_task_runner.py:72} INFO - Started process 899 to run task
[2024-09-27T22:45:27.736+0000] {task_command.py:467} INFO - Running <TaskInstance: scrape_and_save_share_prices_with_company_data.create_share_prices_table scheduled__2023-10-31T00:00:00+00:00 [running]> on host 7746de5121f6
[2024-09-27T22:45:28.366+0000] {taskinstance.py:3131} INFO - Exporting env vars: AIRFLOW_CTX_DAG_OWNER='***' AIRFLOW_CTX_DAG_ID='scrape_and_save_share_prices_with_company_data' AIRFLOW_CTX_TASK_ID='create_share_prices_table' AIRFLOW_CTX_EXECUTION_DATE='2023-10-31T00:00:00+00:00' AIRFLOW_CTX_TRY_NUMBER='1' AIRFLOW_CTX_DAG_RUN_ID='scheduled__2023-10-31T00:00:00+00:00'
[2024-09-27T22:45:28.376+0000] {logging_mixin.py:190} INFO - Task instance is in running state
[2024-09-27T22:45:28.378+0000] {logging_mixin.py:190} INFO -  Previous state of the Task instance: queued
[2024-09-27T22:45:28.384+0000] {logging_mixin.py:190} INFO - Current task name:create_share_prices_table state:running start_date:2024-09-27 22:45:27.168131+00:00
[2024-09-27T22:45:28.386+0000] {logging_mixin.py:190} INFO - Dag name:scrape_and_save_share_prices_with_company_data and current dag run status:running
[2024-09-27T22:45:28.398+0000] {taskinstance.py:731} INFO - ::endgroup::
[2024-09-27T22:45:28.467+0000] {base.py:84} INFO - Retrieving connection 'dse_connection'
[2024-09-27T22:45:28.480+0000] {sql.py:509} INFO - Running statement: 
        CREATE TABLE IF NOT EXISTS company_share_prices (
            id SERIAL,
            company_id INTEGER NOT NULL,
            date DATE,
            latest_trading_price VARCHAR(50),
            low_price VARCHAR(50),
            high_price VARCHAR(50),
            closing_price VARCHAR(50),
            ycp VARCHAR(50),
            change VARCHAR(10),
            trade VARCHAR(50),
            value VARCHAR(50),
            volume VARCHAR(50),
            PRIMARY KEY(company_id, id),
            FOREIGN KEY(company_id)
                REFERENCES company_list(company_id)
                ON UPDATE CASCADE ON DELETE CASCADE
        );
    , parameters: None
[2024-09-27T22:45:28.494+0000] {python.py:240} INFO - Done. Returned value was: None
[2024-09-27T22:45:28.621+0000] {taskinstance.py:340} INFO - ::group::Post task execution logs
[2024-09-27T22:45:28.625+0000] {taskinstance.py:352} INFO - Marking task as SUCCESS. dag_id=scrape_and_save_share_prices_with_company_data, task_id=create_share_prices_table, run_id=scheduled__2023-10-31T00:00:00+00:00, execution_date=20231031T000000, start_date=20240927T224527, end_date=20240927T224528
[2024-09-27T22:45:28.682+0000] {logging_mixin.py:190} INFO - Task instance in success state
[2024-09-27T22:45:28.688+0000] {logging_mixin.py:190} INFO -  Previous state of the Task instance: running
[2024-09-27T22:45:28.695+0000] {logging_mixin.py:190} INFO - Dag name:scrape_and_save_share_prices_with_company_data queued_at:2024-09-27 22:42:51.835136+00:00
[2024-09-27T22:45:28.699+0000] {logging_mixin.py:190} INFO - Task hostname:7746de5121f6 operator:PythonOperator
[2024-09-27T22:45:28.760+0000] {local_task_job_runner.py:266} INFO - Task exited with return code 0
[2024-09-27T22:45:28.843+0000] {taskinstance.py:3900} INFO - 1 downstream tasks scheduled from follow-on schedule check
[2024-09-27T22:45:28.850+0000] {local_task_job_runner.py:245} INFO - ::endgroup::
