[2024-09-27T18:31:50.056+0000] {local_task_job_runner.py:123} INFO - ::group::Pre task execution logs
[2024-09-27T18:31:50.103+0000] {taskinstance.py:2612} INFO - Dependencies all met for dep_context=non-requeueable deps ti=<TaskInstance: scrape_and_save_share_prices_with_company_data.create_share_prices_table scheduled__2024-01-02T00:00:00+00:00 [queued]>
[2024-09-27T18:31:50.141+0000] {taskinstance.py:2612} INFO - Dependencies all met for dep_context=requeueable deps ti=<TaskInstance: scrape_and_save_share_prices_with_company_data.create_share_prices_table scheduled__2024-01-02T00:00:00+00:00 [queued]>
[2024-09-27T18:31:50.145+0000] {taskinstance.py:2865} INFO - Starting attempt 1 of 2
[2024-09-27T18:31:50.318+0000] {taskinstance.py:2888} INFO - Executing <Task(PythonOperator): create_share_prices_table> on 2024-01-02 00:00:00+00:00
[2024-09-27T18:31:50.379+0000] {warnings.py:112} WARNING - /home/***/.local/lib/python3.12/site-packages/***/task/task_runner/standard_task_runner.py:70: DeprecationWarning: This process (pid=13585) is multi-threaded, use of fork() may lead to deadlocks in the child.
  pid = os.fork()

[2024-09-27T18:31:50.392+0000] {standard_task_runner.py:72} INFO - Started process 13611 to run task
[2024-09-27T18:31:50.413+0000] {standard_task_runner.py:104} INFO - Running: ['***', 'tasks', 'run', 'scrape_and_save_share_prices_with_company_data', 'create_share_prices_table', 'scheduled__2024-01-02T00:00:00+00:00', '--job-id', '1497', '--raw', '--subdir', 'DAGS_FOLDER/dag.py', '--cfg-path', '/tmp/tmp1p59byfl']
[2024-09-27T18:31:50.424+0000] {standard_task_runner.py:105} INFO - Job 1497: Subtask create_share_prices_table
[2024-09-27T18:31:50.816+0000] {task_command.py:467} INFO - Running <TaskInstance: scrape_and_save_share_prices_with_company_data.create_share_prices_table scheduled__2024-01-02T00:00:00+00:00 [running]> on host 13b5797a93ab
[2024-09-27T18:31:51.298+0000] {taskinstance.py:3131} INFO - Exporting env vars: AIRFLOW_CTX_DAG_OWNER='***' AIRFLOW_CTX_DAG_ID='scrape_and_save_share_prices_with_company_data' AIRFLOW_CTX_TASK_ID='create_share_prices_table' AIRFLOW_CTX_EXECUTION_DATE='2024-01-02T00:00:00+00:00' AIRFLOW_CTX_TRY_NUMBER='1' AIRFLOW_CTX_DAG_RUN_ID='scheduled__2024-01-02T00:00:00+00:00'
[2024-09-27T18:31:51.311+0000] {logging_mixin.py:190} INFO - Task instance is in running state
[2024-09-27T18:31:51.314+0000] {logging_mixin.py:190} INFO -  Previous state of the Task instance: queued
[2024-09-27T18:31:51.315+0000] {logging_mixin.py:190} INFO - Current task name:create_share_prices_table state:running start_date:2024-09-27 18:31:50.105513+00:00
[2024-09-27T18:31:51.316+0000] {logging_mixin.py:190} INFO - Dag name:scrape_and_save_share_prices_with_company_data and current dag run status:running
[2024-09-27T18:31:51.317+0000] {taskinstance.py:731} INFO - ::endgroup::
[2024-09-27T18:31:51.389+0000] {base.py:84} INFO - Retrieving connection 'dse_connection'
[2024-09-27T18:31:51.425+0000] {sql.py:509} INFO - Running statement: 
        CREATE TABLE IF NOT EXISTS company_share_prices (
            id SERIAL,
            company_id INTEGER NOT NULL,
            date DATE,
            latest_trading_price VARCHAR(50),
            low_price VARCHAR(50),
            high_price VARCHAR(50),
            closing_price VARCHAR(50),
            ycp VARCHAR(50),
            change VARCHAR(10),
            trade VARCHAR(50),
            value VARCHAR(50),
            volume VARCHAR(50),
            PRIMARY KEY(company_id, id),
            FOREIGN KEY(company_id)
                REFERENCES company_list(company_id)
                ON UPDATE CASCADE ON DELETE CASCADE
        );
    , parameters: None
[2024-09-27T18:31:51.440+0000] {python.py:240} INFO - Done. Returned value was: None
[2024-09-27T18:31:51.495+0000] {taskinstance.py:340} INFO - ::group::Post task execution logs
[2024-09-27T18:31:51.509+0000] {taskinstance.py:352} INFO - Marking task as SUCCESS. dag_id=scrape_and_save_share_prices_with_company_data, task_id=create_share_prices_table, run_id=scheduled__2024-01-02T00:00:00+00:00, execution_date=20240102T000000, start_date=20240927T183150, end_date=20240927T183151
[2024-09-27T18:31:51.602+0000] {logging_mixin.py:190} INFO - Task instance in success state
[2024-09-27T18:31:51.609+0000] {logging_mixin.py:190} INFO -  Previous state of the Task instance: running
[2024-09-27T18:31:51.615+0000] {logging_mixin.py:190} INFO - Dag name:scrape_and_save_share_prices_with_company_data queued_at:2024-09-27 18:30:37.361589+00:00
[2024-09-27T18:31:51.619+0000] {logging_mixin.py:190} INFO - Task hostname:13b5797a93ab operator:PythonOperator
[2024-09-27T18:31:51.751+0000] {local_task_job_runner.py:266} INFO - Task exited with return code 0
[2024-09-27T18:31:51.948+0000] {taskinstance.py:3900} INFO - 1 downstream tasks scheduled from follow-on schedule check
[2024-09-27T18:31:51.975+0000] {local_task_job_runner.py:245} INFO - ::endgroup::
[2024-09-27T22:21:15.102+0000] {local_task_job_runner.py:123} INFO - ::group::Pre task execution logs
[2024-09-27T22:21:15.160+0000] {taskinstance.py:2612} INFO - Dependencies all met for dep_context=non-requeueable deps ti=<TaskInstance: scrape_and_save_share_prices_with_company_data.create_share_prices_table scheduled__2024-01-02T00:00:00+00:00 [queued]>
[2024-09-27T22:21:15.194+0000] {taskinstance.py:2612} INFO - Dependencies all met for dep_context=requeueable deps ti=<TaskInstance: scrape_and_save_share_prices_with_company_data.create_share_prices_table scheduled__2024-01-02T00:00:00+00:00 [queued]>
[2024-09-27T22:21:15.205+0000] {taskinstance.py:2865} INFO - Starting attempt 1 of 2
[2024-09-27T22:21:15.285+0000] {taskinstance.py:2888} INFO - Executing <Task(PythonOperator): create_share_prices_table> on 2024-01-02 00:00:00+00:00
[2024-09-27T22:21:15.300+0000] {warnings.py:112} WARNING - /home/***/.local/lib/python3.12/site-packages/***/task/task_runner/standard_task_runner.py:70: DeprecationWarning: This process (pid=2337) is multi-threaded, use of fork() may lead to deadlocks in the child.
  pid = os.fork()

[2024-09-27T22:21:15.304+0000] {standard_task_runner.py:72} INFO - Started process 2373 to run task
[2024-09-27T22:21:15.326+0000] {standard_task_runner.py:104} INFO - Running: ['***', 'tasks', 'run', 'scrape_and_save_share_prices_with_company_data', 'create_share_prices_table', 'scheduled__2024-01-02T00:00:00+00:00', '--job-id', '2545', '--raw', '--subdir', 'DAGS_FOLDER/dag.py', '--cfg-path', '/tmp/tmp2379vxii']
[2024-09-27T22:21:15.339+0000] {standard_task_runner.py:105} INFO - Job 2545: Subtask create_share_prices_table
[2024-09-27T22:21:15.628+0000] {task_command.py:467} INFO - Running <TaskInstance: scrape_and_save_share_prices_with_company_data.create_share_prices_table scheduled__2024-01-02T00:00:00+00:00 [running]> on host fd62fe12432d
[2024-09-27T22:21:16.405+0000] {taskinstance.py:3131} INFO - Exporting env vars: AIRFLOW_CTX_DAG_OWNER='***' AIRFLOW_CTX_DAG_ID='scrape_and_save_share_prices_with_company_data' AIRFLOW_CTX_TASK_ID='create_share_prices_table' AIRFLOW_CTX_EXECUTION_DATE='2024-01-02T00:00:00+00:00' AIRFLOW_CTX_TRY_NUMBER='1' AIRFLOW_CTX_DAG_RUN_ID='scheduled__2024-01-02T00:00:00+00:00'
[2024-09-27T22:21:16.640+0000] {logging_mixin.py:190} INFO - Task instance is in running state
[2024-09-27T22:21:16.774+0000] {logging_mixin.py:190} INFO -  Previous state of the Task instance: queued
[2024-09-27T22:21:16.786+0000] {logging_mixin.py:190} INFO - Current task name:create_share_prices_table state:running start_date:2024-09-27 22:21:15.175647+00:00
[2024-09-27T22:21:16.805+0000] {logging_mixin.py:190} INFO - Dag name:scrape_and_save_share_prices_with_company_data and current dag run status:running
[2024-09-27T22:21:16.806+0000] {taskinstance.py:731} INFO - ::endgroup::
[2024-09-27T22:21:16.845+0000] {base.py:84} INFO - Retrieving connection 'dse_connection'
[2024-09-27T22:21:16.875+0000] {sql.py:509} INFO - Running statement: 
        CREATE TABLE IF NOT EXISTS company_share_prices (
            id SERIAL,
            company_id INTEGER NOT NULL,
            date DATE,
            latest_trading_price VARCHAR(50),
            low_price VARCHAR(50),
            high_price VARCHAR(50),
            closing_price VARCHAR(50),
            ycp VARCHAR(50),
            change VARCHAR(10),
            trade VARCHAR(50),
            value VARCHAR(50),
            volume VARCHAR(50),
            PRIMARY KEY(company_id, id),
            FOREIGN KEY(company_id)
                REFERENCES company_list(company_id)
                ON UPDATE CASCADE ON DELETE CASCADE
        );
    , parameters: None
[2024-09-27T22:21:16.900+0000] {python.py:240} INFO - Done. Returned value was: None
[2024-09-27T22:21:16.948+0000] {taskinstance.py:340} INFO - ::group::Post task execution logs
[2024-09-27T22:21:16.995+0000] {taskinstance.py:352} INFO - Marking task as SUCCESS. dag_id=scrape_and_save_share_prices_with_company_data, task_id=create_share_prices_table, run_id=scheduled__2024-01-02T00:00:00+00:00, execution_date=20240102T000000, start_date=20240927T222115, end_date=20240927T222116
[2024-09-27T22:21:17.502+0000] {logging_mixin.py:190} INFO - Task instance in success state
[2024-09-27T22:21:17.503+0000] {logging_mixin.py:190} INFO -  Previous state of the Task instance: running
[2024-09-27T22:21:17.505+0000] {logging_mixin.py:190} INFO - Dag name:scrape_and_save_share_prices_with_company_data queued_at:2024-09-27 22:19:20.375833+00:00
[2024-09-27T22:21:17.519+0000] {logging_mixin.py:190} INFO - Task hostname:fd62fe12432d operator:PythonOperator
[2024-09-27T22:21:17.617+0000] {local_task_job_runner.py:266} INFO - Task exited with return code 0
[2024-09-27T22:21:17.701+0000] {taskinstance.py:3900} INFO - 1 downstream tasks scheduled from follow-on schedule check
[2024-09-27T22:21:17.715+0000] {local_task_job_runner.py:245} INFO - ::endgroup::
[2024-09-27T22:58:24.156+0000] {local_task_job_runner.py:123} INFO - ::group::Pre task execution logs
[2024-09-27T22:58:24.298+0000] {taskinstance.py:2612} INFO - Dependencies all met for dep_context=non-requeueable deps ti=<TaskInstance: scrape_and_save_share_prices_with_company_data.create_share_prices_table scheduled__2024-01-02T00:00:00+00:00 [queued]>
[2024-09-27T22:58:24.351+0000] {taskinstance.py:2612} INFO - Dependencies all met for dep_context=requeueable deps ti=<TaskInstance: scrape_and_save_share_prices_with_company_data.create_share_prices_table scheduled__2024-01-02T00:00:00+00:00 [queued]>
[2024-09-27T22:58:24.352+0000] {taskinstance.py:2865} INFO - Starting attempt 1 of 2
[2024-09-27T22:58:24.520+0000] {taskinstance.py:2888} INFO - Executing <Task(PythonOperator): create_share_prices_table> on 2024-01-02 00:00:00+00:00
[2024-09-27T22:58:24.582+0000] {warnings.py:112} WARNING - /home/***/.local/lib/python3.12/site-packages/***/task/task_runner/standard_task_runner.py:70: DeprecationWarning: This process (pid=2037) is multi-threaded, use of fork() may lead to deadlocks in the child.
  pid = os.fork()

[2024-09-27T22:58:24.597+0000] {standard_task_runner.py:72} INFO - Started process 2076 to run task
[2024-09-27T22:58:24.606+0000] {standard_task_runner.py:104} INFO - Running: ['***', 'tasks', 'run', 'scrape_and_save_share_prices_with_company_data', 'create_share_prices_table', 'scheduled__2024-01-02T00:00:00+00:00', '--job-id', '3012', '--raw', '--subdir', 'DAGS_FOLDER/dag.py', '--cfg-path', '/tmp/tmpltnnoywv']
[2024-09-27T22:58:24.615+0000] {standard_task_runner.py:105} INFO - Job 3012: Subtask create_share_prices_table
[2024-09-27T22:58:25.011+0000] {task_command.py:467} INFO - Running <TaskInstance: scrape_and_save_share_prices_with_company_data.create_share_prices_table scheduled__2024-01-02T00:00:00+00:00 [running]> on host 7746de5121f6
[2024-09-27T22:58:25.704+0000] {taskinstance.py:3131} INFO - Exporting env vars: AIRFLOW_CTX_DAG_OWNER='***' AIRFLOW_CTX_DAG_ID='scrape_and_save_share_prices_with_company_data' AIRFLOW_CTX_TASK_ID='create_share_prices_table' AIRFLOW_CTX_EXECUTION_DATE='2024-01-02T00:00:00+00:00' AIRFLOW_CTX_TRY_NUMBER='1' AIRFLOW_CTX_DAG_RUN_ID='scheduled__2024-01-02T00:00:00+00:00'
[2024-09-27T22:58:25.714+0000] {logging_mixin.py:190} INFO - Task instance is in running state
[2024-09-27T22:58:25.717+0000] {logging_mixin.py:190} INFO -  Previous state of the Task instance: queued
[2024-09-27T22:58:25.732+0000] {logging_mixin.py:190} INFO - Current task name:create_share_prices_table state:running start_date:2024-09-27 22:58:24.303143+00:00
[2024-09-27T22:58:25.735+0000] {logging_mixin.py:190} INFO - Dag name:scrape_and_save_share_prices_with_company_data and current dag run status:running
[2024-09-27T22:58:25.738+0000] {taskinstance.py:731} INFO - ::endgroup::
[2024-09-27T22:58:25.789+0000] {base.py:84} INFO - Retrieving connection 'dse_connection'
[2024-09-27T22:58:25.800+0000] {sql.py:509} INFO - Running statement: 
        CREATE TABLE IF NOT EXISTS company_share_prices (
            id SERIAL,
            company_id INTEGER NOT NULL,
            date DATE,
            latest_trading_price VARCHAR(50),
            low_price VARCHAR(50),
            high_price VARCHAR(50),
            closing_price VARCHAR(50),
            ycp VARCHAR(50),
            change VARCHAR(10),
            trade VARCHAR(50),
            value VARCHAR(50),
            volume VARCHAR(50),
            PRIMARY KEY(company_id, id),
            FOREIGN KEY(company_id)
                REFERENCES company_list(company_id)
                ON UPDATE CASCADE ON DELETE CASCADE
        );
    , parameters: None
[2024-09-27T22:58:25.803+0000] {python.py:240} INFO - Done. Returned value was: None
[2024-09-27T22:58:25.894+0000] {taskinstance.py:340} INFO - ::group::Post task execution logs
[2024-09-27T22:58:25.899+0000] {taskinstance.py:352} INFO - Marking task as SUCCESS. dag_id=scrape_and_save_share_prices_with_company_data, task_id=create_share_prices_table, run_id=scheduled__2024-01-02T00:00:00+00:00, execution_date=20240102T000000, start_date=20240927T225824, end_date=20240927T225825
[2024-09-27T22:58:25.936+0000] {logging_mixin.py:190} INFO - Task instance in success state
[2024-09-27T22:58:25.938+0000] {logging_mixin.py:190} INFO -  Previous state of the Task instance: running
[2024-09-27T22:58:25.959+0000] {logging_mixin.py:190} INFO - Dag name:scrape_and_save_share_prices_with_company_data queued_at:2024-09-27 22:56:52.980098+00:00
[2024-09-27T22:58:25.964+0000] {logging_mixin.py:190} INFO - Task hostname:7746de5121f6 operator:PythonOperator
[2024-09-27T22:58:26.020+0000] {local_task_job_runner.py:266} INFO - Task exited with return code 0
[2024-09-27T22:58:26.169+0000] {taskinstance.py:3900} INFO - 1 downstream tasks scheduled from follow-on schedule check
[2024-09-27T22:58:26.184+0000] {local_task_job_runner.py:245} INFO - ::endgroup::
