[2024-09-27T18:46:55.738+0000] {local_task_job_runner.py:123} INFO - ::group::Pre task execution logs
[2024-09-27T18:46:55.839+0000] {taskinstance.py:2612} INFO - Dependencies all met for dep_context=non-requeueable deps ti=<TaskInstance: scrape_and_save_share_prices_with_company_data.create_share_prices_table scheduled__2024-02-16T00:00:00+00:00 [queued]>
[2024-09-27T18:46:55.889+0000] {taskinstance.py:2612} INFO - Dependencies all met for dep_context=requeueable deps ti=<TaskInstance: scrape_and_save_share_prices_with_company_data.create_share_prices_table scheduled__2024-02-16T00:00:00+00:00 [queued]>
[2024-09-27T18:46:55.892+0000] {taskinstance.py:2865} INFO - Starting attempt 2 of 2
[2024-09-27T18:46:56.040+0000] {taskinstance.py:2888} INFO - Executing <Task(PythonOperator): create_share_prices_table> on 2024-02-16 00:00:00+00:00
[2024-09-27T18:46:56.079+0000] {warnings.py:112} WARNING - /home/***/.local/lib/python3.12/site-packages/***/task/task_runner/standard_task_runner.py:70: DeprecationWarning: This process (pid=14550) is multi-threaded, use of fork() may lead to deadlocks in the child.
  pid = os.fork()

[2024-09-27T18:46:56.112+0000] {standard_task_runner.py:104} INFO - Running: ['***', 'tasks', 'run', 'scrape_and_save_share_prices_with_company_data', 'create_share_prices_table', 'scheduled__2024-02-16T00:00:00+00:00', '--job-id', '1699', '--raw', '--subdir', 'DAGS_FOLDER/dag.py', '--cfg-path', '/tmp/tmpkgm9b3ys']
[2024-09-27T18:46:56.140+0000] {standard_task_runner.py:72} INFO - Started process 14569 to run task
[2024-09-27T18:46:56.219+0000] {standard_task_runner.py:105} INFO - Job 1699: Subtask create_share_prices_table
[2024-09-27T18:46:56.955+0000] {task_command.py:467} INFO - Running <TaskInstance: scrape_and_save_share_prices_with_company_data.create_share_prices_table scheduled__2024-02-16T00:00:00+00:00 [running]> on host 13b5797a93ab
[2024-09-27T18:46:57.487+0000] {taskinstance.py:3131} INFO - Exporting env vars: AIRFLOW_CTX_DAG_OWNER='***' AIRFLOW_CTX_DAG_ID='scrape_and_save_share_prices_with_company_data' AIRFLOW_CTX_TASK_ID='create_share_prices_table' AIRFLOW_CTX_EXECUTION_DATE='2024-02-16T00:00:00+00:00' AIRFLOW_CTX_TRY_NUMBER='2' AIRFLOW_CTX_DAG_RUN_ID='scheduled__2024-02-16T00:00:00+00:00'
[2024-09-27T18:46:57.510+0000] {logging_mixin.py:190} INFO - Task instance is in running state
[2024-09-27T18:46:57.518+0000] {logging_mixin.py:190} INFO -  Previous state of the Task instance: queued
[2024-09-27T18:46:57.523+0000] {logging_mixin.py:190} INFO - Current task name:create_share_prices_table state:running start_date:2024-09-27 18:46:55.847027+00:00
[2024-09-27T18:46:57.538+0000] {logging_mixin.py:190} INFO - Dag name:scrape_and_save_share_prices_with_company_data and current dag run status:running
[2024-09-27T18:46:57.545+0000] {taskinstance.py:731} INFO - ::endgroup::
[2024-09-27T18:46:57.590+0000] {base.py:84} INFO - Retrieving connection 'dse_connection'
[2024-09-27T18:46:57.641+0000] {sql.py:509} INFO - Running statement: 
        CREATE TABLE IF NOT EXISTS company_share_prices (
            id SERIAL,
            company_id INTEGER NOT NULL,
            date DATE,
            latest_trading_price VARCHAR(50),
            low_price VARCHAR(50),
            high_price VARCHAR(50),
            closing_price VARCHAR(50),
            ycp VARCHAR(50),
            change VARCHAR(10),
            trade VARCHAR(50),
            value VARCHAR(50),
            volume VARCHAR(50),
            PRIMARY KEY(company_id, id),
            FOREIGN KEY(company_id)
                REFERENCES company_list(company_id)
                ON UPDATE CASCADE ON DELETE CASCADE
        );
    , parameters: None
[2024-09-27T18:46:57.663+0000] {python.py:240} INFO - Done. Returned value was: None
[2024-09-27T18:46:57.729+0000] {taskinstance.py:340} INFO - ::group::Post task execution logs
[2024-09-27T18:46:57.732+0000] {taskinstance.py:352} INFO - Marking task as SUCCESS. dag_id=scrape_and_save_share_prices_with_company_data, task_id=create_share_prices_table, run_id=scheduled__2024-02-16T00:00:00+00:00, execution_date=20240216T000000, start_date=20240927T184655, end_date=20240927T184657
[2024-09-27T18:46:57.803+0000] {logging_mixin.py:190} INFO - Task instance in success state
[2024-09-27T18:46:57.806+0000] {logging_mixin.py:190} INFO -  Previous state of the Task instance: running
[2024-09-27T18:46:57.807+0000] {logging_mixin.py:190} INFO - Dag name:scrape_and_save_share_prices_with_company_data queued_at:2024-09-27 18:40:28.001115+00:00
[2024-09-27T18:46:57.811+0000] {logging_mixin.py:190} INFO - Task hostname:13b5797a93ab operator:PythonOperator
[2024-09-27T18:46:57.886+0000] {local_task_job_runner.py:266} INFO - Task exited with return code 0
[2024-09-27T18:46:58.004+0000] {taskinstance.py:3900} INFO - 1 downstream tasks scheduled from follow-on schedule check
[2024-09-27T18:46:58.030+0000] {local_task_job_runner.py:245} INFO - ::endgroup::
