[2024-09-27T18:38:22.983+0000] {local_task_job_runner.py:123} INFO - ::group::Pre task execution logs
[2024-09-27T18:38:23.079+0000] {taskinstance.py:2612} INFO - Dependencies all met for dep_context=non-requeueable deps ti=<TaskInstance: scrape_and_save_share_prices_with_company_data.create_company_table scheduled__2024-02-03T00:00:00+00:00 [queued]>
[2024-09-27T18:38:23.129+0000] {taskinstance.py:2612} INFO - Dependencies all met for dep_context=requeueable deps ti=<TaskInstance: scrape_and_save_share_prices_with_company_data.create_company_table scheduled__2024-02-03T00:00:00+00:00 [queued]>
[2024-09-27T18:38:23.132+0000] {taskinstance.py:2865} INFO - Starting attempt 1 of 2
[2024-09-27T18:38:23.212+0000] {taskinstance.py:2888} INFO - Executing <Task(PythonOperator): create_company_table> on 2024-02-03 00:00:00+00:00
[2024-09-27T18:38:23.245+0000] {warnings.py:112} WARNING - /home/***/.local/lib/python3.12/site-packages/***/task/task_runner/standard_task_runner.py:70: DeprecationWarning: This process (pid=14067) is multi-threaded, use of fork() may lead to deadlocks in the child.
  pid = os.fork()

[2024-09-27T18:38:23.249+0000] {standard_task_runner.py:72} INFO - Started process 14073 to run task
[2024-09-27T18:38:23.255+0000] {standard_task_runner.py:104} INFO - Running: ['***', 'tasks', 'run', 'scrape_and_save_share_prices_with_company_data', 'create_company_table', 'scheduled__2024-02-03T00:00:00+00:00', '--job-id', '1601', '--raw', '--subdir', 'DAGS_FOLDER/dag.py', '--cfg-path', '/tmp/tmpc5ejwrv9']
[2024-09-27T18:38:23.258+0000] {standard_task_runner.py:105} INFO - Job 1601: Subtask create_company_table
[2024-09-27T18:38:23.458+0000] {task_command.py:467} INFO - Running <TaskInstance: scrape_and_save_share_prices_with_company_data.create_company_table scheduled__2024-02-03T00:00:00+00:00 [running]> on host 13b5797a93ab
[2024-09-27T18:38:23.783+0000] {taskinstance.py:3131} INFO - Exporting env vars: AIRFLOW_CTX_DAG_OWNER='***' AIRFLOW_CTX_DAG_ID='scrape_and_save_share_prices_with_company_data' AIRFLOW_CTX_TASK_ID='create_company_table' AIRFLOW_CTX_EXECUTION_DATE='2024-02-03T00:00:00+00:00' AIRFLOW_CTX_TRY_NUMBER='1' AIRFLOW_CTX_DAG_RUN_ID='scheduled__2024-02-03T00:00:00+00:00'
[2024-09-27T18:38:23.791+0000] {logging_mixin.py:190} INFO - Task instance is in running state
[2024-09-27T18:38:23.795+0000] {logging_mixin.py:190} INFO -  Previous state of the Task instance: queued
[2024-09-27T18:38:23.798+0000] {logging_mixin.py:190} INFO - Current task name:create_company_table state:running start_date:2024-09-27 18:38:23.091797+00:00
[2024-09-27T18:38:23.800+0000] {logging_mixin.py:190} INFO - Dag name:scrape_and_save_share_prices_with_company_data and current dag run status:running
[2024-09-27T18:38:23.803+0000] {taskinstance.py:731} INFO - ::endgroup::
[2024-09-27T18:38:23.864+0000] {base.py:84} INFO - Retrieving connection 'dse_connection'
[2024-09-27T18:38:23.985+0000] {sql.py:509} INFO - Running statement: 
        CREATE TABLE IF NOT EXISTS company_list (
            company_id SERIAL PRIMARY KEY,
            company_trade_name VARCHAR(255) NOT NULL,
            company_url VARCHAR(255) NOT NULL,
            UNIQUE(company_trade_name)
        );
    , parameters: None
[2024-09-27T18:38:24.017+0000] {python.py:240} INFO - Done. Returned value was: None
[2024-09-27T18:38:24.110+0000] {taskinstance.py:340} INFO - ::group::Post task execution logs
[2024-09-27T18:38:24.112+0000] {taskinstance.py:352} INFO - Marking task as SUCCESS. dag_id=scrape_and_save_share_prices_with_company_data, task_id=create_company_table, run_id=scheduled__2024-02-03T00:00:00+00:00, execution_date=20240203T000000, start_date=20240927T183823, end_date=20240927T183824
[2024-09-27T18:38:24.155+0000] {logging_mixin.py:190} INFO - Task instance in success state
[2024-09-27T18:38:24.158+0000] {logging_mixin.py:190} INFO -  Previous state of the Task instance: running
[2024-09-27T18:38:24.159+0000] {logging_mixin.py:190} INFO - Dag name:scrape_and_save_share_prices_with_company_data queued_at:2024-09-27 18:38:12.848790+00:00
[2024-09-27T18:38:24.162+0000] {logging_mixin.py:190} INFO - Task hostname:13b5797a93ab operator:PythonOperator
[2024-09-27T18:38:24.223+0000] {local_task_job_runner.py:266} INFO - Task exited with return code 0
[2024-09-27T18:38:24.254+0000] {local_task_job_runner.py:245} INFO - ::endgroup::
[2024-09-27T23:03:22.822+0000] {local_task_job_runner.py:123} INFO - ::group::Pre task execution logs
[2024-09-27T23:03:22.861+0000] {taskinstance.py:2612} INFO - Dependencies all met for dep_context=non-requeueable deps ti=<TaskInstance: scrape_and_save_share_prices_with_company_data.create_company_table scheduled__2024-02-03T00:00:00+00:00 [queued]>
[2024-09-27T23:03:22.878+0000] {taskinstance.py:2612} INFO - Dependencies all met for dep_context=requeueable deps ti=<TaskInstance: scrape_and_save_share_prices_with_company_data.create_company_table scheduled__2024-02-03T00:00:00+00:00 [queued]>
[2024-09-27T23:03:22.879+0000] {taskinstance.py:2865} INFO - Starting attempt 1 of 2
[2024-09-27T23:03:22.911+0000] {taskinstance.py:2888} INFO - Executing <Task(PythonOperator): create_company_table> on 2024-02-03 00:00:00+00:00
[2024-09-27T23:03:22.927+0000] {warnings.py:112} WARNING - /home/***/.local/lib/python3.12/site-packages/***/task/task_runner/standard_task_runner.py:70: DeprecationWarning: This process (pid=2552) is multi-threaded, use of fork() may lead to deadlocks in the child.
  pid = os.fork()

[2024-09-27T23:03:22.930+0000] {standard_task_runner.py:72} INFO - Started process 2556 to run task
[2024-09-27T23:03:22.932+0000] {standard_task_runner.py:104} INFO - Running: ['***', 'tasks', 'run', 'scrape_and_save_share_prices_with_company_data', 'create_company_table', 'scheduled__2024-02-03T00:00:00+00:00', '--job-id', '3121', '--raw', '--subdir', 'DAGS_FOLDER/dag.py', '--cfg-path', '/tmp/tmpunvpne3n']
[2024-09-27T23:03:22.934+0000] {standard_task_runner.py:105} INFO - Job 3121: Subtask create_company_table
[2024-09-27T23:03:23.032+0000] {task_command.py:467} INFO - Running <TaskInstance: scrape_and_save_share_prices_with_company_data.create_company_table scheduled__2024-02-03T00:00:00+00:00 [running]> on host 7746de5121f6
[2024-09-27T23:03:23.305+0000] {taskinstance.py:3131} INFO - Exporting env vars: AIRFLOW_CTX_DAG_OWNER='***' AIRFLOW_CTX_DAG_ID='scrape_and_save_share_prices_with_company_data' AIRFLOW_CTX_TASK_ID='create_company_table' AIRFLOW_CTX_EXECUTION_DATE='2024-02-03T00:00:00+00:00' AIRFLOW_CTX_TRY_NUMBER='1' AIRFLOW_CTX_DAG_RUN_ID='scheduled__2024-02-03T00:00:00+00:00'
[2024-09-27T23:03:23.310+0000] {logging_mixin.py:190} INFO - Task instance is in running state
[2024-09-27T23:03:23.311+0000] {logging_mixin.py:190} INFO -  Previous state of the Task instance: queued
[2024-09-27T23:03:23.313+0000] {logging_mixin.py:190} INFO - Current task name:create_company_table state:running start_date:2024-09-27 23:03:22.862306+00:00
[2024-09-27T23:03:23.314+0000] {logging_mixin.py:190} INFO - Dag name:scrape_and_save_share_prices_with_company_data and current dag run status:running
[2024-09-27T23:03:23.315+0000] {taskinstance.py:731} INFO - ::endgroup::
[2024-09-27T23:03:23.335+0000] {base.py:84} INFO - Retrieving connection 'dse_connection'
[2024-09-27T23:03:23.345+0000] {sql.py:509} INFO - Running statement: 
        CREATE TABLE IF NOT EXISTS company_list (
            company_id SERIAL PRIMARY KEY,
            company_trade_name VARCHAR(255) NOT NULL,
            company_url VARCHAR(255) NOT NULL,
            UNIQUE(company_trade_name)
        );
    , parameters: None
[2024-09-27T23:03:23.352+0000] {python.py:240} INFO - Done. Returned value was: None
[2024-09-27T23:03:23.382+0000] {taskinstance.py:340} INFO - ::group::Post task execution logs
[2024-09-27T23:03:23.387+0000] {taskinstance.py:352} INFO - Marking task as SUCCESS. dag_id=scrape_and_save_share_prices_with_company_data, task_id=create_company_table, run_id=scheduled__2024-02-03T00:00:00+00:00, execution_date=20240203T000000, start_date=20240927T230322, end_date=20240927T230323
[2024-09-27T23:03:23.421+0000] {logging_mixin.py:190} INFO - Task instance in success state
[2024-09-27T23:03:23.423+0000] {logging_mixin.py:190} INFO -  Previous state of the Task instance: running
[2024-09-27T23:03:23.428+0000] {logging_mixin.py:190} INFO - Dag name:scrape_and_save_share_prices_with_company_data queued_at:2024-09-27 23:03:14.173441+00:00
[2024-09-27T23:03:23.429+0000] {logging_mixin.py:190} INFO - Task hostname:7746de5121f6 operator:PythonOperator
[2024-09-27T23:03:23.477+0000] {local_task_job_runner.py:266} INFO - Task exited with return code 0
[2024-09-27T23:03:23.544+0000] {taskinstance.py:3900} INFO - 1 downstream tasks scheduled from follow-on schedule check
[2024-09-27T23:03:23.547+0000] {local_task_job_runner.py:245} INFO - ::endgroup::
