[2024-09-27T23:40:02.259+0000] {local_task_job_runner.py:123} INFO - ::group::Pre task execution logs
[2024-09-27T23:40:02.348+0000] {taskinstance.py:2612} INFO - Dependencies all met for dep_context=non-requeueable deps ti=<TaskInstance: scrape_and_save_share_prices_with_company_data.create_company_table scheduled__2024-08-02T00:00:00+00:00 [queued]>
[2024-09-27T23:40:02.394+0000] {taskinstance.py:2612} INFO - Dependencies all met for dep_context=requeueable deps ti=<TaskInstance: scrape_and_save_share_prices_with_company_data.create_company_table scheduled__2024-08-02T00:00:00+00:00 [queued]>
[2024-09-27T23:40:02.396+0000] {taskinstance.py:2865} INFO - Starting attempt 1 of 2
[2024-09-27T23:40:02.479+0000] {taskinstance.py:2888} INFO - Executing <Task(PythonOperator): create_company_table> on 2024-08-02 00:00:00+00:00
[2024-09-27T23:40:02.538+0000] {warnings.py:112} WARNING - /home/***/.local/lib/python3.12/site-packages/***/task/task_runner/standard_task_runner.py:70: DeprecationWarning: This process (pid=5825) is multi-threaded, use of fork() may lead to deadlocks in the child.
  pid = os.fork()

[2024-09-27T23:40:02.555+0000] {standard_task_runner.py:72} INFO - Started process 5843 to run task
[2024-09-27T23:40:02.561+0000] {standard_task_runner.py:104} INFO - Running: ['***', 'tasks', 'run', 'scrape_and_save_share_prices_with_company_data', 'create_company_table', 'scheduled__2024-08-02T00:00:00+00:00', '--job-id', '3852', '--raw', '--subdir', 'DAGS_FOLDER/dag.py', '--cfg-path', '/tmp/tmpbwl9mohh']
[2024-09-27T23:40:02.579+0000] {standard_task_runner.py:105} INFO - Job 3852: Subtask create_company_table
[2024-09-27T23:40:02.815+0000] {task_command.py:467} INFO - Running <TaskInstance: scrape_and_save_share_prices_with_company_data.create_company_table scheduled__2024-08-02T00:00:00+00:00 [running]> on host 7746de5121f6
[2024-09-27T23:40:03.130+0000] {taskinstance.py:3131} INFO - Exporting env vars: AIRFLOW_CTX_DAG_OWNER='***' AIRFLOW_CTX_DAG_ID='scrape_and_save_share_prices_with_company_data' AIRFLOW_CTX_TASK_ID='create_company_table' AIRFLOW_CTX_EXECUTION_DATE='2024-08-02T00:00:00+00:00' AIRFLOW_CTX_TRY_NUMBER='1' AIRFLOW_CTX_DAG_RUN_ID='scheduled__2024-08-02T00:00:00+00:00'
[2024-09-27T23:40:03.135+0000] {logging_mixin.py:190} INFO - Task instance is in running state
[2024-09-27T23:40:03.136+0000] {logging_mixin.py:190} INFO -  Previous state of the Task instance: queued
[2024-09-27T23:40:03.137+0000] {logging_mixin.py:190} INFO - Current task name:create_company_table state:running start_date:2024-09-27 23:40:02.349998+00:00
[2024-09-27T23:40:03.140+0000] {logging_mixin.py:190} INFO - Dag name:scrape_and_save_share_prices_with_company_data and current dag run status:running
[2024-09-27T23:40:03.147+0000] {taskinstance.py:731} INFO - ::endgroup::
[2024-09-27T23:40:03.172+0000] {base.py:84} INFO - Retrieving connection 'dse_connection'
[2024-09-27T23:40:03.188+0000] {sql.py:509} INFO - Running statement: 
        CREATE TABLE IF NOT EXISTS company_list (
            company_id SERIAL PRIMARY KEY,
            company_trade_name VARCHAR(255) NOT NULL,
            company_url VARCHAR(255) NOT NULL,
            UNIQUE(company_trade_name)
        );
    , parameters: None
[2024-09-27T23:40:03.190+0000] {python.py:240} INFO - Done. Returned value was: None
[2024-09-27T23:40:03.225+0000] {taskinstance.py:340} INFO - ::group::Post task execution logs
[2024-09-27T23:40:03.228+0000] {taskinstance.py:352} INFO - Marking task as SUCCESS. dag_id=scrape_and_save_share_prices_with_company_data, task_id=create_company_table, run_id=scheduled__2024-08-02T00:00:00+00:00, execution_date=20240802T000000, start_date=20240927T234002, end_date=20240927T234003
[2024-09-27T23:40:03.268+0000] {logging_mixin.py:190} INFO - Task instance in success state
[2024-09-27T23:40:03.274+0000] {logging_mixin.py:190} INFO -  Previous state of the Task instance: running
[2024-09-27T23:40:03.277+0000] {logging_mixin.py:190} INFO - Dag name:scrape_and_save_share_prices_with_company_data queued_at:2024-09-27 23:39:43.670432+00:00
[2024-09-27T23:40:03.278+0000] {logging_mixin.py:190} INFO - Task hostname:7746de5121f6 operator:PythonOperator
[2024-09-27T23:40:03.336+0000] {local_task_job_runner.py:266} INFO - Task exited with return code 0
[2024-09-27T23:40:03.451+0000] {taskinstance.py:3900} INFO - 1 downstream tasks scheduled from follow-on schedule check
[2024-09-27T23:40:03.482+0000] {local_task_job_runner.py:245} INFO - ::endgroup::
