[2024-09-27T18:07:40.137+0000] {local_task_job_runner.py:123} INFO - ::group::Pre task execution logs
[2024-09-27T18:07:40.210+0000] {taskinstance.py:2612} INFO - Dependencies all met for dep_context=non-requeueable deps ti=<TaskInstance: scrape_and_save_share_prices_with_company_data.create_company_table scheduled__2023-10-05T00:00:00+00:00 [queued]>
[2024-09-27T18:07:40.252+0000] {taskinstance.py:2612} INFO - Dependencies all met for dep_context=requeueable deps ti=<TaskInstance: scrape_and_save_share_prices_with_company_data.create_company_table scheduled__2023-10-05T00:00:00+00:00 [queued]>
[2024-09-27T18:07:40.270+0000] {taskinstance.py:2865} INFO - Starting attempt 1 of 2
[2024-09-27T18:07:40.411+0000] {taskinstance.py:2888} INFO - Executing <Task(PythonOperator): create_company_table> on 2023-10-05 00:00:00+00:00
[2024-09-27T18:07:40.458+0000] {warnings.py:112} WARNING - /home/***/.local/lib/python3.12/site-packages/***/task/task_runner/standard_task_runner.py:70: DeprecationWarning: This process (pid=11735) is multi-threaded, use of fork() may lead to deadlocks in the child.
  pid = os.fork()

[2024-09-27T18:07:40.463+0000] {standard_task_runner.py:72} INFO - Started process 11792 to run task
[2024-09-27T18:07:40.491+0000] {standard_task_runner.py:104} INFO - Running: ['***', 'tasks', 'run', 'scrape_and_save_share_prices_with_company_data', 'create_company_table', 'scheduled__2023-10-05T00:00:00+00:00', '--job-id', '1100', '--raw', '--subdir', 'DAGS_FOLDER/dag.py', '--cfg-path', '/tmp/tmpd5ly4d24']
[2024-09-27T18:07:40.513+0000] {standard_task_runner.py:105} INFO - Job 1100: Subtask create_company_table
[2024-09-27T18:07:41.026+0000] {task_command.py:467} INFO - Running <TaskInstance: scrape_and_save_share_prices_with_company_data.create_company_table scheduled__2023-10-05T00:00:00+00:00 [running]> on host 13b5797a93ab
[2024-09-27T18:07:41.572+0000] {taskinstance.py:3131} INFO - Exporting env vars: AIRFLOW_CTX_DAG_OWNER='***' AIRFLOW_CTX_DAG_ID='scrape_and_save_share_prices_with_company_data' AIRFLOW_CTX_TASK_ID='create_company_table' AIRFLOW_CTX_EXECUTION_DATE='2023-10-05T00:00:00+00:00' AIRFLOW_CTX_TRY_NUMBER='1' AIRFLOW_CTX_DAG_RUN_ID='scheduled__2023-10-05T00:00:00+00:00'
[2024-09-27T18:07:41.576+0000] {logging_mixin.py:190} INFO - Task instance is in running state
[2024-09-27T18:07:41.592+0000] {logging_mixin.py:190} INFO -  Previous state of the Task instance: queued
[2024-09-27T18:07:41.602+0000] {logging_mixin.py:190} INFO - Current task name:create_company_table state:running start_date:2024-09-27 18:07:40.214936+00:00
[2024-09-27T18:07:41.609+0000] {logging_mixin.py:190} INFO - Dag name:scrape_and_save_share_prices_with_company_data and current dag run status:running
[2024-09-27T18:07:41.611+0000] {taskinstance.py:731} INFO - ::endgroup::
[2024-09-27T18:07:41.657+0000] {base.py:84} INFO - Retrieving connection 'dse_connection'
[2024-09-27T18:07:41.693+0000] {sql.py:509} INFO - Running statement: 
        CREATE TABLE IF NOT EXISTS company_list (
            company_id SERIAL PRIMARY KEY,
            company_trade_name VARCHAR(255) NOT NULL,
            company_url VARCHAR(255) NOT NULL,
            UNIQUE(company_trade_name)
        );
    , parameters: None
[2024-09-27T18:07:41.725+0000] {python.py:240} INFO - Done. Returned value was: None
[2024-09-27T18:07:41.811+0000] {taskinstance.py:340} INFO - ::group::Post task execution logs
[2024-09-27T18:07:41.814+0000] {taskinstance.py:352} INFO - Marking task as SUCCESS. dag_id=scrape_and_save_share_prices_with_company_data, task_id=create_company_table, run_id=scheduled__2023-10-05T00:00:00+00:00, execution_date=20231005T000000, start_date=20240927T180740, end_date=20240927T180741
[2024-09-27T18:07:41.926+0000] {logging_mixin.py:190} INFO - Task instance in success state
[2024-09-27T18:07:41.937+0000] {logging_mixin.py:190} INFO -  Previous state of the Task instance: running
[2024-09-27T18:07:41.939+0000] {logging_mixin.py:190} INFO - Dag name:scrape_and_save_share_prices_with_company_data queued_at:2024-09-27 18:06:52.643910+00:00
[2024-09-27T18:07:41.940+0000] {logging_mixin.py:190} INFO - Task hostname:13b5797a93ab operator:PythonOperator
[2024-09-27T18:07:42.005+0000] {local_task_job_runner.py:266} INFO - Task exited with return code 0
[2024-09-27T18:07:42.245+0000] {taskinstance.py:3900} INFO - 1 downstream tasks scheduled from follow-on schedule check
[2024-09-27T18:07:42.256+0000] {local_task_job_runner.py:245} INFO - ::endgroup::
[2024-09-27T21:51:21.587+0000] {local_task_job_runner.py:123} INFO - ::group::Pre task execution logs
[2024-09-27T21:51:21.660+0000] {taskinstance.py:2612} INFO - Dependencies all met for dep_context=non-requeueable deps ti=<TaskInstance: scrape_and_save_share_prices_with_company_data.create_company_table scheduled__2023-10-05T00:00:00+00:00 [queued]>
[2024-09-27T21:51:21.685+0000] {taskinstance.py:2612} INFO - Dependencies all met for dep_context=requeueable deps ti=<TaskInstance: scrape_and_save_share_prices_with_company_data.create_company_table scheduled__2023-10-05T00:00:00+00:00 [queued]>
[2024-09-27T21:51:21.735+0000] {taskinstance.py:2865} INFO - Starting attempt 1 of 2
[2024-09-27T21:51:22.140+0000] {taskinstance.py:2888} INFO - Executing <Task(PythonOperator): create_company_table> on 2023-10-05 00:00:00+00:00
[2024-09-27T21:51:22.202+0000] {standard_task_runner.py:104} INFO - Running: ['***', 'tasks', 'run', 'scrape_and_save_share_prices_with_company_data', 'create_company_table', 'scheduled__2023-10-05T00:00:00+00:00', '--job-id', '2137', '--raw', '--subdir', 'DAGS_FOLDER/dag.py', '--cfg-path', '/tmp/tmpd52bmcb5']
[2024-09-27T21:51:22.193+0000] {warnings.py:112} WARNING - /home/***/.local/lib/python3.12/site-packages/***/task/task_runner/standard_task_runner.py:70: DeprecationWarning: This process (pid=397) is multi-threaded, use of fork() may lead to deadlocks in the child.
  pid = os.fork()

[2024-09-27T21:51:22.209+0000] {standard_task_runner.py:105} INFO - Job 2137: Subtask create_company_table
[2024-09-27T21:51:22.212+0000] {standard_task_runner.py:72} INFO - Started process 437 to run task
[2024-09-27T21:51:23.221+0000] {task_command.py:467} INFO - Running <TaskInstance: scrape_and_save_share_prices_with_company_data.create_company_table scheduled__2023-10-05T00:00:00+00:00 [running]> on host fd62fe12432d
[2024-09-27T21:51:52.078+0000] {job.py:229} INFO - Heartbeat recovered after 30.98 seconds
[2024-09-27T21:51:52.101+0000] {taskinstance.py:3131} INFO - Exporting env vars: AIRFLOW_CTX_DAG_OWNER='***' AIRFLOW_CTX_DAG_ID='scrape_and_save_share_prices_with_company_data' AIRFLOW_CTX_TASK_ID='create_company_table' AIRFLOW_CTX_EXECUTION_DATE='2023-10-05T00:00:00+00:00' AIRFLOW_CTX_TRY_NUMBER='1' AIRFLOW_CTX_DAG_RUN_ID='scheduled__2023-10-05T00:00:00+00:00'
[2024-09-27T21:51:52.118+0000] {logging_mixin.py:190} INFO - Task instance is in running state
[2024-09-27T21:51:52.119+0000] {logging_mixin.py:190} INFO -  Previous state of the Task instance: queued
[2024-09-27T21:51:52.126+0000] {logging_mixin.py:190} INFO - Current task name:create_company_table state:running start_date:2024-09-27 21:51:21.662176+00:00
[2024-09-27T21:51:52.128+0000] {logging_mixin.py:190} INFO - Dag name:scrape_and_save_share_prices_with_company_data and current dag run status:running
[2024-09-27T21:51:52.130+0000] {taskinstance.py:731} INFO - ::endgroup::
[2024-09-27T21:51:52.169+0000] {base.py:84} INFO - Retrieving connection 'dse_connection'
[2024-09-27T21:52:13.329+0000] {logging_mixin.py:190} INFO - Error creating company table: connection to server at "172.23.0.3", port 5432 failed: Connection refused
	Is the server running on that host and accepting TCP/IP connections?
[2024-09-27T21:52:13.338+0000] {python.py:240} INFO - Done. Returned value was: None
[2024-09-27T21:52:16.629+0000] {taskinstance.py:340} INFO - ::group::Post task execution logs
[2024-09-27T21:52:16.650+0000] {taskinstance.py:352} INFO - Marking task as SUCCESS. dag_id=scrape_and_save_share_prices_with_company_data, task_id=create_company_table, run_id=scheduled__2023-10-05T00:00:00+00:00, execution_date=20231005T000000, start_date=20240927T215121, end_date=20240927T215216
[2024-09-27T21:52:16.729+0000] {logging_mixin.py:190} INFO - Task instance in success state
[2024-09-27T21:52:16.731+0000] {logging_mixin.py:190} INFO -  Previous state of the Task instance: running
[2024-09-27T21:52:16.732+0000] {logging_mixin.py:190} INFO - Dag name:scrape_and_save_share_prices_with_company_data queued_at:2024-09-27 21:51:02.507996+00:00
[2024-09-27T21:52:16.733+0000] {logging_mixin.py:190} INFO - Task hostname:fd62fe12432d operator:PythonOperator
[2024-09-27T21:52:16.779+0000] {local_task_job_runner.py:266} INFO - Task exited with return code 0
[2024-09-27T21:52:16.815+0000] {taskinstance.py:3900} INFO - 1 downstream tasks scheduled from follow-on schedule check
[2024-09-27T21:52:16.953+0000] {local_task_job_runner.py:245} INFO - ::endgroup::
[2024-09-27T22:36:46.433+0000] {local_task_job_runner.py:123} INFO - ::group::Pre task execution logs
[2024-09-27T22:36:46.466+0000] {taskinstance.py:2612} INFO - Dependencies all met for dep_context=non-requeueable deps ti=<TaskInstance: scrape_and_save_share_prices_with_company_data.create_company_table scheduled__2023-10-05T00:00:00+00:00 [queued]>
[2024-09-27T22:36:46.481+0000] {taskinstance.py:2612} INFO - Dependencies all met for dep_context=requeueable deps ti=<TaskInstance: scrape_and_save_share_prices_with_company_data.create_company_table scheduled__2023-10-05T00:00:00+00:00 [queued]>
[2024-09-27T22:36:46.481+0000] {taskinstance.py:2865} INFO - Starting attempt 1 of 2
[2024-09-27T22:36:52.281+0000] {taskinstance.py:2888} INFO - Executing <Task(PythonOperator): create_company_table> on 2023-10-05 00:00:00+00:00
[2024-09-27T22:36:52.301+0000] {warnings.py:112} WARNING - /home/***/.local/lib/python3.12/site-packages/***/task/task_runner/standard_task_runner.py:70: DeprecationWarning: This process (pid=200) is multi-threaded, use of fork() may lead to deadlocks in the child.
  pid = os.fork()

[2024-09-27T22:36:52.317+0000] {standard_task_runner.py:72} INFO - Started process 266 to run task
[2024-09-27T22:36:52.321+0000] {standard_task_runner.py:104} INFO - Running: ['***', 'tasks', 'run', 'scrape_and_save_share_prices_with_company_data', 'create_company_table', 'scheduled__2023-10-05T00:00:00+00:00', '--job-id', '2610', '--raw', '--subdir', 'DAGS_FOLDER/dag.py', '--cfg-path', '/tmp/tmpqiornlac']
[2024-09-27T22:36:52.323+0000] {standard_task_runner.py:105} INFO - Job 2610: Subtask create_company_table
[2024-09-27T22:36:57.295+0000] {task_command.py:467} INFO - Running <TaskInstance: scrape_and_save_share_prices_with_company_data.create_company_table scheduled__2023-10-05T00:00:00+00:00 [running]> on host 7746de5121f6
[2024-09-27T22:36:57.384+0000] {job.py:229} INFO - Heartbeat recovered after 58.67 seconds
[2024-09-27T22:36:57.743+0000] {taskinstance.py:3131} INFO - Exporting env vars: AIRFLOW_CTX_DAG_OWNER='***' AIRFLOW_CTX_DAG_ID='scrape_and_save_share_prices_with_company_data' AIRFLOW_CTX_TASK_ID='create_company_table' AIRFLOW_CTX_EXECUTION_DATE='2023-10-05T00:00:00+00:00' AIRFLOW_CTX_TRY_NUMBER='1' AIRFLOW_CTX_DAG_RUN_ID='scheduled__2023-10-05T00:00:00+00:00'
[2024-09-27T22:36:57.747+0000] {logging_mixin.py:190} INFO - Task instance is in running state
[2024-09-27T22:36:57.748+0000] {logging_mixin.py:190} INFO -  Previous state of the Task instance: queued
[2024-09-27T22:36:57.749+0000] {logging_mixin.py:190} INFO - Current task name:create_company_table state:running start_date:2024-09-27 22:36:46.467424+00:00
[2024-09-27T22:36:57.757+0000] {logging_mixin.py:190} INFO - Dag name:scrape_and_save_share_prices_with_company_data and current dag run status:running
[2024-09-27T22:36:57.758+0000] {taskinstance.py:731} INFO - ::endgroup::
[2024-09-27T22:36:57.797+0000] {base.py:84} INFO - Retrieving connection 'dse_connection'
[2024-09-27T22:36:57.852+0000] {sql.py:509} INFO - Running statement: 
        CREATE TABLE IF NOT EXISTS company_list (
            company_id SERIAL PRIMARY KEY,
            company_trade_name VARCHAR(255) NOT NULL,
            company_url VARCHAR(255) NOT NULL,
            UNIQUE(company_trade_name)
        );
    , parameters: None
[2024-09-27T22:36:57.860+0000] {python.py:240} INFO - Done. Returned value was: None
[2024-09-27T22:36:57.939+0000] {taskinstance.py:340} INFO - ::group::Post task execution logs
[2024-09-27T22:36:57.944+0000] {taskinstance.py:352} INFO - Marking task as SUCCESS. dag_id=scrape_and_save_share_prices_with_company_data, task_id=create_company_table, run_id=scheduled__2023-10-05T00:00:00+00:00, execution_date=20231005T000000, start_date=20240927T223646, end_date=20240927T223657
[2024-09-27T22:36:58.023+0000] {logging_mixin.py:190} INFO - Task instance in success state
[2024-09-27T22:36:58.025+0000] {logging_mixin.py:190} INFO -  Previous state of the Task instance: running
[2024-09-27T22:36:58.028+0000] {logging_mixin.py:190} INFO - Dag name:scrape_and_save_share_prices_with_company_data queued_at:2024-09-27 22:34:38.656559+00:00
[2024-09-27T22:36:58.029+0000] {logging_mixin.py:190} INFO - Task hostname:7746de5121f6 operator:PythonOperator
[2024-09-27T22:36:58.095+0000] {local_task_job_runner.py:266} INFO - Task exited with return code 0
[2024-09-27T22:36:58.153+0000] {standard_task_runner.py:217} INFO - Process not found (most likely exited), stop collecting metrics
[2024-09-27T22:36:58.196+0000] {taskinstance.py:3900} INFO - 1 downstream tasks scheduled from follow-on schedule check
[2024-09-27T22:36:58.248+0000] {local_task_job_runner.py:245} INFO - ::endgroup::
