[2024-09-27T18:53:12.792+0000] {local_task_job_runner.py:123} INFO - ::group::Pre task execution logs
[2024-09-27T18:53:12.865+0000] {taskinstance.py:2612} INFO - Dependencies all met for dep_context=non-requeueable deps ti=<TaskInstance: scrape_and_save_share_prices_with_company_data.create_company_table scheduled__2024-02-29T00:00:00+00:00 [queued]>
[2024-09-27T18:53:12.895+0000] {taskinstance.py:2612} INFO - Dependencies all met for dep_context=requeueable deps ti=<TaskInstance: scrape_and_save_share_prices_with_company_data.create_company_table scheduled__2024-02-29T00:00:00+00:00 [queued]>
[2024-09-27T18:53:12.898+0000] {taskinstance.py:2865} INFO - Starting attempt 1 of 2
[2024-09-27T18:53:12.943+0000] {taskinstance.py:2888} INFO - Executing <Task(PythonOperator): create_company_table> on 2024-02-29 00:00:00+00:00
[2024-09-27T18:53:12.960+0000] {warnings.py:112} WARNING - /home/***/.local/lib/python3.12/site-packages/***/task/task_runner/standard_task_runner.py:70: DeprecationWarning: This process (pid=14920) is multi-threaded, use of fork() may lead to deadlocks in the child.
  pid = os.fork()

[2024-09-27T18:53:12.963+0000] {standard_task_runner.py:72} INFO - Started process 14932 to run task
[2024-09-27T18:53:12.969+0000] {standard_task_runner.py:104} INFO - Running: ['***', 'tasks', 'run', 'scrape_and_save_share_prices_with_company_data', 'create_company_table', 'scheduled__2024-02-29T00:00:00+00:00', '--job-id', '1773', '--raw', '--subdir', 'DAGS_FOLDER/dag.py', '--cfg-path', '/tmp/tmp0yvm6q82']
[2024-09-27T18:53:12.975+0000] {standard_task_runner.py:105} INFO - Job 1773: Subtask create_company_table
[2024-09-27T18:53:13.095+0000] {task_command.py:467} INFO - Running <TaskInstance: scrape_and_save_share_prices_with_company_data.create_company_table scheduled__2024-02-29T00:00:00+00:00 [running]> on host 13b5797a93ab
[2024-09-27T18:53:13.303+0000] {taskinstance.py:3131} INFO - Exporting env vars: AIRFLOW_CTX_DAG_OWNER='***' AIRFLOW_CTX_DAG_ID='scrape_and_save_share_prices_with_company_data' AIRFLOW_CTX_TASK_ID='create_company_table' AIRFLOW_CTX_EXECUTION_DATE='2024-02-29T00:00:00+00:00' AIRFLOW_CTX_TRY_NUMBER='1' AIRFLOW_CTX_DAG_RUN_ID='scheduled__2024-02-29T00:00:00+00:00'
[2024-09-27T18:53:13.311+0000] {logging_mixin.py:190} INFO - Task instance is in running state
[2024-09-27T18:53:13.312+0000] {logging_mixin.py:190} INFO -  Previous state of the Task instance: queued
[2024-09-27T18:53:13.313+0000] {logging_mixin.py:190} INFO - Current task name:create_company_table state:running start_date:2024-09-27 18:53:12.871438+00:00
[2024-09-27T18:53:13.315+0000] {logging_mixin.py:190} INFO - Dag name:scrape_and_save_share_prices_with_company_data and current dag run status:running
[2024-09-27T18:53:13.316+0000] {taskinstance.py:731} INFO - ::endgroup::
[2024-09-27T18:53:13.334+0000] {base.py:84} INFO - Retrieving connection 'dse_connection'
[2024-09-27T18:53:13.345+0000] {sql.py:509} INFO - Running statement: 
        CREATE TABLE IF NOT EXISTS company_list (
            company_id SERIAL PRIMARY KEY,
            company_trade_name VARCHAR(255) NOT NULL,
            company_url VARCHAR(255) NOT NULL,
            UNIQUE(company_trade_name)
        );
    , parameters: None
[2024-09-27T18:53:13.347+0000] {python.py:240} INFO - Done. Returned value was: None
[2024-09-27T18:53:13.372+0000] {taskinstance.py:340} INFO - ::group::Post task execution logs
[2024-09-27T18:53:13.373+0000] {taskinstance.py:352} INFO - Marking task as SUCCESS. dag_id=scrape_and_save_share_prices_with_company_data, task_id=create_company_table, run_id=scheduled__2024-02-29T00:00:00+00:00, execution_date=20240229T000000, start_date=20240927T185312, end_date=20240927T185313
[2024-09-27T18:53:13.396+0000] {logging_mixin.py:190} INFO - Task instance in success state
[2024-09-27T18:53:13.399+0000] {logging_mixin.py:190} INFO -  Previous state of the Task instance: running
[2024-09-27T18:53:13.400+0000] {logging_mixin.py:190} INFO - Dag name:scrape_and_save_share_prices_with_company_data queued_at:2024-09-27 18:53:08.277460+00:00
[2024-09-27T18:53:13.401+0000] {logging_mixin.py:190} INFO - Task hostname:13b5797a93ab operator:PythonOperator
[2024-09-27T18:53:13.451+0000] {local_task_job_runner.py:266} INFO - Task exited with return code 0
[2024-09-27T18:53:13.547+0000] {taskinstance.py:3900} INFO - 1 downstream tasks scheduled from follow-on schedule check
[2024-09-27T18:53:13.569+0000] {local_task_job_runner.py:245} INFO - ::endgroup::
[2024-09-27T23:07:32.023+0000] {local_task_job_runner.py:123} INFO - ::group::Pre task execution logs
[2024-09-27T23:07:32.101+0000] {taskinstance.py:2612} INFO - Dependencies all met for dep_context=non-requeueable deps ti=<TaskInstance: scrape_and_save_share_prices_with_company_data.create_company_table scheduled__2024-02-29T00:00:00+00:00 [queued]>
[2024-09-27T23:07:32.145+0000] {taskinstance.py:2612} INFO - Dependencies all met for dep_context=requeueable deps ti=<TaskInstance: scrape_and_save_share_prices_with_company_data.create_company_table scheduled__2024-02-29T00:00:00+00:00 [queued]>
[2024-09-27T23:07:32.150+0000] {taskinstance.py:2865} INFO - Starting attempt 1 of 2
[2024-09-27T23:07:32.218+0000] {taskinstance.py:2888} INFO - Executing <Task(PythonOperator): create_company_table> on 2024-02-29 00:00:00+00:00
[2024-09-27T23:07:32.290+0000] {standard_task_runner.py:104} INFO - Running: ['***', 'tasks', 'run', 'scrape_and_save_share_prices_with_company_data', 'create_company_table', 'scheduled__2024-02-29T00:00:00+00:00', '--job-id', '3215', '--raw', '--subdir', 'DAGS_FOLDER/dag.py', '--cfg-path', '/tmp/tmp4dbgya6d']
[2024-09-27T23:07:32.293+0000] {standard_task_runner.py:105} INFO - Job 3215: Subtask create_company_table
[2024-09-27T23:07:32.283+0000] {warnings.py:112} WARNING - /home/***/.local/lib/python3.12/site-packages/***/task/task_runner/standard_task_runner.py:70: DeprecationWarning: This process (pid=2963) is multi-threaded, use of fork() may lead to deadlocks in the child.
  pid = os.fork()

[2024-09-27T23:07:32.300+0000] {standard_task_runner.py:72} INFO - Started process 2990 to run task
[2024-09-27T23:07:32.511+0000] {task_command.py:467} INFO - Running <TaskInstance: scrape_and_save_share_prices_with_company_data.create_company_table scheduled__2024-02-29T00:00:00+00:00 [running]> on host 7746de5121f6
[2024-09-27T23:07:32.871+0000] {taskinstance.py:3131} INFO - Exporting env vars: AIRFLOW_CTX_DAG_OWNER='***' AIRFLOW_CTX_DAG_ID='scrape_and_save_share_prices_with_company_data' AIRFLOW_CTX_TASK_ID='create_company_table' AIRFLOW_CTX_EXECUTION_DATE='2024-02-29T00:00:00+00:00' AIRFLOW_CTX_TRY_NUMBER='1' AIRFLOW_CTX_DAG_RUN_ID='scheduled__2024-02-29T00:00:00+00:00'
[2024-09-27T23:07:32.881+0000] {logging_mixin.py:190} INFO - Task instance is in running state
[2024-09-27T23:07:32.882+0000] {logging_mixin.py:190} INFO -  Previous state of the Task instance: queued
[2024-09-27T23:07:32.885+0000] {logging_mixin.py:190} INFO - Current task name:create_company_table state:running start_date:2024-09-27 23:07:32.102871+00:00
[2024-09-27T23:07:32.898+0000] {logging_mixin.py:190} INFO - Dag name:scrape_and_save_share_prices_with_company_data and current dag run status:running
[2024-09-27T23:07:32.899+0000] {taskinstance.py:731} INFO - ::endgroup::
[2024-09-27T23:07:32.954+0000] {base.py:84} INFO - Retrieving connection 'dse_connection'
[2024-09-27T23:07:32.985+0000] {sql.py:509} INFO - Running statement: 
        CREATE TABLE IF NOT EXISTS company_list (
            company_id SERIAL PRIMARY KEY,
            company_trade_name VARCHAR(255) NOT NULL,
            company_url VARCHAR(255) NOT NULL,
            UNIQUE(company_trade_name)
        );
    , parameters: None
[2024-09-27T23:07:32.994+0000] {python.py:240} INFO - Done. Returned value was: None
[2024-09-27T23:07:33.035+0000] {taskinstance.py:340} INFO - ::group::Post task execution logs
[2024-09-27T23:07:33.037+0000] {taskinstance.py:352} INFO - Marking task as SUCCESS. dag_id=scrape_and_save_share_prices_with_company_data, task_id=create_company_table, run_id=scheduled__2024-02-29T00:00:00+00:00, execution_date=20240229T000000, start_date=20240927T230732, end_date=20240927T230733
[2024-09-27T23:07:33.066+0000] {logging_mixin.py:190} INFO - Task instance in success state
[2024-09-27T23:07:33.068+0000] {logging_mixin.py:190} INFO -  Previous state of the Task instance: running
[2024-09-27T23:07:33.072+0000] {logging_mixin.py:190} INFO - Dag name:scrape_and_save_share_prices_with_company_data queued_at:2024-09-27 23:07:25.111799+00:00
[2024-09-27T23:07:33.076+0000] {logging_mixin.py:190} INFO - Task hostname:7746de5121f6 operator:PythonOperator
[2024-09-27T23:07:33.102+0000] {local_task_job_runner.py:266} INFO - Task exited with return code 0
[2024-09-27T23:07:33.189+0000] {taskinstance.py:3900} INFO - 1 downstream tasks scheduled from follow-on schedule check
[2024-09-27T23:07:33.203+0000] {local_task_job_runner.py:245} INFO - ::endgroup::
