[2024-09-27T18:38:23.145+0000] {local_task_job_runner.py:123} INFO - ::group::Pre task execution logs
[2024-09-27T18:38:23.225+0000] {taskinstance.py:2612} INFO - Dependencies all met for dep_context=non-requeueable deps ti=<TaskInstance: scrape_and_save_share_prices_with_company_data.create_share_prices_table scheduled__2024-01-27T00:00:00+00:00 [queued]>
[2024-09-27T18:38:23.274+0000] {taskinstance.py:2612} INFO - Dependencies all met for dep_context=requeueable deps ti=<TaskInstance: scrape_and_save_share_prices_with_company_data.create_share_prices_table scheduled__2024-01-27T00:00:00+00:00 [queued]>
[2024-09-27T18:38:23.278+0000] {taskinstance.py:2865} INFO - Starting attempt 1 of 2
[2024-09-27T18:38:23.363+0000] {taskinstance.py:2888} INFO - Executing <Task(PythonOperator): create_share_prices_table> on 2024-01-27 00:00:00+00:00
[2024-09-27T18:38:23.384+0000] {warnings.py:112} WARNING - /home/***/.local/lib/python3.12/site-packages/***/task/task_runner/standard_task_runner.py:70: DeprecationWarning: This process (pid=14064) is multi-threaded, use of fork() may lead to deadlocks in the child.
  pid = os.fork()

[2024-09-27T18:38:23.391+0000] {standard_task_runner.py:72} INFO - Started process 14077 to run task
[2024-09-27T18:38:23.384+0000] {standard_task_runner.py:104} INFO - Running: ['***', 'tasks', 'run', 'scrape_and_save_share_prices_with_company_data', 'create_share_prices_table', 'scheduled__2024-01-27T00:00:00+00:00', '--job-id', '1603', '--raw', '--subdir', 'DAGS_FOLDER/dag.py', '--cfg-path', '/tmp/tmpx_1g3sg8']
[2024-09-27T18:38:23.403+0000] {standard_task_runner.py:105} INFO - Job 1603: Subtask create_share_prices_table
[2024-09-27T18:38:23.601+0000] {task_command.py:467} INFO - Running <TaskInstance: scrape_and_save_share_prices_with_company_data.create_share_prices_table scheduled__2024-01-27T00:00:00+00:00 [running]> on host 13b5797a93ab
[2024-09-27T18:38:24.134+0000] {taskinstance.py:3131} INFO - Exporting env vars: AIRFLOW_CTX_DAG_OWNER='***' AIRFLOW_CTX_DAG_ID='scrape_and_save_share_prices_with_company_data' AIRFLOW_CTX_TASK_ID='create_share_prices_table' AIRFLOW_CTX_EXECUTION_DATE='2024-01-27T00:00:00+00:00' AIRFLOW_CTX_TRY_NUMBER='1' AIRFLOW_CTX_DAG_RUN_ID='scheduled__2024-01-27T00:00:00+00:00'
[2024-09-27T18:38:24.142+0000] {logging_mixin.py:190} INFO - Task instance is in running state
[2024-09-27T18:38:24.146+0000] {logging_mixin.py:190} INFO -  Previous state of the Task instance: queued
[2024-09-27T18:38:24.148+0000] {logging_mixin.py:190} INFO - Current task name:create_share_prices_table state:running start_date:2024-09-27 18:38:23.231953+00:00
[2024-09-27T18:38:24.149+0000] {logging_mixin.py:190} INFO - Dag name:scrape_and_save_share_prices_with_company_data and current dag run status:running
[2024-09-27T18:38:24.150+0000] {taskinstance.py:731} INFO - ::endgroup::
[2024-09-27T18:38:24.192+0000] {base.py:84} INFO - Retrieving connection 'dse_connection'
[2024-09-27T18:38:24.221+0000] {sql.py:509} INFO - Running statement: 
        CREATE TABLE IF NOT EXISTS company_share_prices (
            id SERIAL,
            company_id INTEGER NOT NULL,
            date DATE,
            latest_trading_price VARCHAR(50),
            low_price VARCHAR(50),
            high_price VARCHAR(50),
            closing_price VARCHAR(50),
            ycp VARCHAR(50),
            change VARCHAR(10),
            trade VARCHAR(50),
            value VARCHAR(50),
            volume VARCHAR(50),
            PRIMARY KEY(company_id, id),
            FOREIGN KEY(company_id)
                REFERENCES company_list(company_id)
                ON UPDATE CASCADE ON DELETE CASCADE
        );
    , parameters: None
[2024-09-27T18:38:24.228+0000] {python.py:240} INFO - Done. Returned value was: None
[2024-09-27T18:38:24.272+0000] {taskinstance.py:340} INFO - ::group::Post task execution logs
[2024-09-27T18:38:24.274+0000] {taskinstance.py:352} INFO - Marking task as SUCCESS. dag_id=scrape_and_save_share_prices_with_company_data, task_id=create_share_prices_table, run_id=scheduled__2024-01-27T00:00:00+00:00, execution_date=20240127T000000, start_date=20240927T183823, end_date=20240927T183824
[2024-09-27T18:38:24.303+0000] {logging_mixin.py:190} INFO - Task instance in success state
[2024-09-27T18:38:24.309+0000] {logging_mixin.py:190} INFO -  Previous state of the Task instance: running
[2024-09-27T18:38:24.311+0000] {logging_mixin.py:190} INFO - Dag name:scrape_and_save_share_prices_with_company_data queued_at:2024-09-27 18:36:31.543958+00:00
[2024-09-27T18:38:24.312+0000] {logging_mixin.py:190} INFO - Task hostname:13b5797a93ab operator:PythonOperator
[2024-09-27T18:38:24.365+0000] {local_task_job_runner.py:266} INFO - Task exited with return code 0
[2024-09-27T18:38:24.463+0000] {local_task_job_runner.py:245} INFO - ::endgroup::
[2024-09-27T23:02:31.809+0000] {local_task_job_runner.py:123} INFO - ::group::Pre task execution logs
[2024-09-27T23:02:31.891+0000] {taskinstance.py:2612} INFO - Dependencies all met for dep_context=non-requeueable deps ti=<TaskInstance: scrape_and_save_share_prices_with_company_data.create_share_prices_table scheduled__2024-01-27T00:00:00+00:00 [queued]>
[2024-09-27T23:02:31.932+0000] {taskinstance.py:2612} INFO - Dependencies all met for dep_context=requeueable deps ti=<TaskInstance: scrape_and_save_share_prices_with_company_data.create_share_prices_table scheduled__2024-01-27T00:00:00+00:00 [queued]>
[2024-09-27T23:02:31.940+0000] {taskinstance.py:2865} INFO - Starting attempt 1 of 2
[2024-09-27T23:02:32.246+0000] {taskinstance.py:2888} INFO - Executing <Task(PythonOperator): create_share_prices_table> on 2024-01-27 00:00:00+00:00
[2024-09-27T23:02:32.314+0000] {warnings.py:112} WARNING - /home/***/.local/lib/python3.12/site-packages/***/task/task_runner/standard_task_runner.py:70: DeprecationWarning: This process (pid=2457) is multi-threaded, use of fork() may lead to deadlocks in the child.
  pid = os.fork()

[2024-09-27T23:02:32.329+0000] {standard_task_runner.py:72} INFO - Started process 2487 to run task
[2024-09-27T23:02:32.349+0000] {standard_task_runner.py:104} INFO - Running: ['***', 'tasks', 'run', 'scrape_and_save_share_prices_with_company_data', 'create_share_prices_table', 'scheduled__2024-01-27T00:00:00+00:00', '--job-id', '3102', '--raw', '--subdir', 'DAGS_FOLDER/dag.py', '--cfg-path', '/tmp/tmpj3lf6wl1']
[2024-09-27T23:02:32.353+0000] {standard_task_runner.py:105} INFO - Job 3102: Subtask create_share_prices_table
[2024-09-27T23:02:32.640+0000] {task_command.py:467} INFO - Running <TaskInstance: scrape_and_save_share_prices_with_company_data.create_share_prices_table scheduled__2024-01-27T00:00:00+00:00 [running]> on host 7746de5121f6
[2024-09-27T23:02:33.428+0000] {taskinstance.py:3131} INFO - Exporting env vars: AIRFLOW_CTX_DAG_OWNER='***' AIRFLOW_CTX_DAG_ID='scrape_and_save_share_prices_with_company_data' AIRFLOW_CTX_TASK_ID='create_share_prices_table' AIRFLOW_CTX_EXECUTION_DATE='2024-01-27T00:00:00+00:00' AIRFLOW_CTX_TRY_NUMBER='1' AIRFLOW_CTX_DAG_RUN_ID='scheduled__2024-01-27T00:00:00+00:00'
[2024-09-27T23:02:33.452+0000] {logging_mixin.py:190} INFO - Task instance is in running state
[2024-09-27T23:02:33.462+0000] {logging_mixin.py:190} INFO -  Previous state of the Task instance: queued
[2024-09-27T23:02:33.465+0000] {logging_mixin.py:190} INFO - Current task name:create_share_prices_table state:running start_date:2024-09-27 23:02:31.896631+00:00
[2024-09-27T23:02:33.470+0000] {logging_mixin.py:190} INFO - Dag name:scrape_and_save_share_prices_with_company_data and current dag run status:running
[2024-09-27T23:02:33.471+0000] {taskinstance.py:731} INFO - ::endgroup::
[2024-09-27T23:02:33.531+0000] {base.py:84} INFO - Retrieving connection 'dse_connection'
[2024-09-27T23:02:33.570+0000] {sql.py:509} INFO - Running statement: 
        CREATE TABLE IF NOT EXISTS company_share_prices (
            id SERIAL,
            company_id INTEGER NOT NULL,
            date DATE,
            latest_trading_price VARCHAR(50),
            low_price VARCHAR(50),
            high_price VARCHAR(50),
            closing_price VARCHAR(50),
            ycp VARCHAR(50),
            change VARCHAR(10),
            trade VARCHAR(50),
            value VARCHAR(50),
            volume VARCHAR(50),
            PRIMARY KEY(company_id, id),
            FOREIGN KEY(company_id)
                REFERENCES company_list(company_id)
                ON UPDATE CASCADE ON DELETE CASCADE
        );
    , parameters: None
[2024-09-27T23:02:33.580+0000] {python.py:240} INFO - Done. Returned value was: None
[2024-09-27T23:02:33.622+0000] {taskinstance.py:340} INFO - ::group::Post task execution logs
[2024-09-27T23:02:33.626+0000] {taskinstance.py:352} INFO - Marking task as SUCCESS. dag_id=scrape_and_save_share_prices_with_company_data, task_id=create_share_prices_table, run_id=scheduled__2024-01-27T00:00:00+00:00, execution_date=20240127T000000, start_date=20240927T230231, end_date=20240927T230233
[2024-09-27T23:02:33.657+0000] {logging_mixin.py:190} INFO - Task instance in success state
[2024-09-27T23:02:33.659+0000] {logging_mixin.py:190} INFO -  Previous state of the Task instance: running
[2024-09-27T23:02:33.669+0000] {logging_mixin.py:190} INFO - Dag name:scrape_and_save_share_prices_with_company_data queued_at:2024-09-27 23:01:34.101458+00:00
[2024-09-27T23:02:33.679+0000] {logging_mixin.py:190} INFO - Task hostname:7746de5121f6 operator:PythonOperator
[2024-09-27T23:02:33.802+0000] {local_task_job_runner.py:266} INFO - Task exited with return code 0
[2024-09-27T23:02:33.830+0000] {local_task_job_runner.py:245} INFO - ::endgroup::
