[2024-09-27T18:28:27.390+0000] {local_task_job_runner.py:123} INFO - ::group::Pre task execution logs
[2024-09-27T18:28:27.435+0000] {taskinstance.py:2612} INFO - Dependencies all met for dep_context=non-requeueable deps ti=<TaskInstance: scrape_and_save_share_prices_with_company_data.create_share_prices_table scheduled__2023-12-22T00:00:00+00:00 [queued]>
[2024-09-27T18:28:27.460+0000] {taskinstance.py:2612} INFO - Dependencies all met for dep_context=requeueable deps ti=<TaskInstance: scrape_and_save_share_prices_with_company_data.create_share_prices_table scheduled__2023-12-22T00:00:00+00:00 [queued]>
[2024-09-27T18:28:27.461+0000] {taskinstance.py:2865} INFO - Starting attempt 1 of 2
[2024-09-27T18:28:27.512+0000] {taskinstance.py:2888} INFO - Executing <Task(PythonOperator): create_share_prices_table> on 2023-12-22 00:00:00+00:00
[2024-09-27T18:28:27.527+0000] {warnings.py:112} WARNING - /home/***/.local/lib/python3.12/site-packages/***/task/task_runner/standard_task_runner.py:70: DeprecationWarning: This process (pid=13316) is multi-threaded, use of fork() may lead to deadlocks in the child.
  pid = os.fork()

[2024-09-27T18:28:27.533+0000] {standard_task_runner.py:72} INFO - Started process 13345 to run task
[2024-09-27T18:28:27.544+0000] {standard_task_runner.py:104} INFO - Running: ['***', 'tasks', 'run', 'scrape_and_save_share_prices_with_company_data', 'create_share_prices_table', 'scheduled__2023-12-22T00:00:00+00:00', '--job-id', '1440', '--raw', '--subdir', 'DAGS_FOLDER/dag.py', '--cfg-path', '/tmp/tmp8ar2paaa']
[2024-09-27T18:28:27.553+0000] {standard_task_runner.py:105} INFO - Job 1440: Subtask create_share_prices_table
[2024-09-27T18:28:27.963+0000] {task_command.py:467} INFO - Running <TaskInstance: scrape_and_save_share_prices_with_company_data.create_share_prices_table scheduled__2023-12-22T00:00:00+00:00 [running]> on host 13b5797a93ab
[2024-09-27T18:28:28.660+0000] {taskinstance.py:3131} INFO - Exporting env vars: AIRFLOW_CTX_DAG_OWNER='***' AIRFLOW_CTX_DAG_ID='scrape_and_save_share_prices_with_company_data' AIRFLOW_CTX_TASK_ID='create_share_prices_table' AIRFLOW_CTX_EXECUTION_DATE='2023-12-22T00:00:00+00:00' AIRFLOW_CTX_TRY_NUMBER='1' AIRFLOW_CTX_DAG_RUN_ID='scheduled__2023-12-22T00:00:00+00:00'
[2024-09-27T18:28:28.670+0000] {logging_mixin.py:190} INFO - Task instance is in running state
[2024-09-27T18:28:28.728+0000] {logging_mixin.py:190} INFO -  Previous state of the Task instance: queued
[2024-09-27T18:28:28.750+0000] {logging_mixin.py:190} INFO - Current task name:create_share_prices_table state:running start_date:2024-09-27 18:28:27.441507+00:00
[2024-09-27T18:28:28.751+0000] {logging_mixin.py:190} INFO - Dag name:scrape_and_save_share_prices_with_company_data and current dag run status:running
[2024-09-27T18:28:28.752+0000] {taskinstance.py:731} INFO - ::endgroup::
[2024-09-27T18:28:28.869+0000] {base.py:84} INFO - Retrieving connection 'dse_connection'
[2024-09-27T18:28:28.917+0000] {sql.py:509} INFO - Running statement: 
        CREATE TABLE IF NOT EXISTS company_share_prices (
            id SERIAL,
            company_id INTEGER NOT NULL,
            date DATE,
            latest_trading_price VARCHAR(50),
            low_price VARCHAR(50),
            high_price VARCHAR(50),
            closing_price VARCHAR(50),
            ycp VARCHAR(50),
            change VARCHAR(10),
            trade VARCHAR(50),
            value VARCHAR(50),
            volume VARCHAR(50),
            PRIMARY KEY(company_id, id),
            FOREIGN KEY(company_id)
                REFERENCES company_list(company_id)
                ON UPDATE CASCADE ON DELETE CASCADE
        );
    , parameters: None
[2024-09-27T18:28:28.938+0000] {python.py:240} INFO - Done. Returned value was: None
[2024-09-27T18:28:29.007+0000] {taskinstance.py:340} INFO - ::group::Post task execution logs
[2024-09-27T18:28:29.010+0000] {taskinstance.py:352} INFO - Marking task as SUCCESS. dag_id=scrape_and_save_share_prices_with_company_data, task_id=create_share_prices_table, run_id=scheduled__2023-12-22T00:00:00+00:00, execution_date=20231222T000000, start_date=20240927T182827, end_date=20240927T182829
[2024-09-27T18:28:29.238+0000] {logging_mixin.py:190} INFO - Task instance in success state
[2024-09-27T18:28:29.272+0000] {logging_mixin.py:190} INFO -  Previous state of the Task instance: running
[2024-09-27T18:28:29.288+0000] {logging_mixin.py:190} INFO - Dag name:scrape_and_save_share_prices_with_company_data queued_at:2024-09-27 18:27:08.566606+00:00
[2024-09-27T18:28:29.308+0000] {logging_mixin.py:190} INFO - Task hostname:13b5797a93ab operator:PythonOperator
[2024-09-27T18:28:29.480+0000] {local_task_job_runner.py:266} INFO - Task exited with return code 0
[2024-09-27T18:28:29.561+0000] {local_task_job_runner.py:245} INFO - ::endgroup::
[2024-09-27T22:17:10.044+0000] {local_task_job_runner.py:123} INFO - ::group::Pre task execution logs
[2024-09-27T22:17:10.323+0000] {taskinstance.py:2612} INFO - Dependencies all met for dep_context=non-requeueable deps ti=<TaskInstance: scrape_and_save_share_prices_with_company_data.create_share_prices_table scheduled__2023-12-22T00:00:00+00:00 [queued]>
[2024-09-27T22:17:10.446+0000] {taskinstance.py:2612} INFO - Dependencies all met for dep_context=requeueable deps ti=<TaskInstance: scrape_and_save_share_prices_with_company_data.create_share_prices_table scheduled__2023-12-22T00:00:00+00:00 [queued]>
[2024-09-27T22:17:10.462+0000] {taskinstance.py:2865} INFO - Starting attempt 1 of 2
[2024-09-27T22:17:11.523+0000] {taskinstance.py:2888} INFO - Executing <Task(PythonOperator): create_share_prices_table> on 2023-12-22 00:00:00+00:00
[2024-09-27T22:17:11.947+0000] {standard_task_runner.py:104} INFO - Running: ['***', 'tasks', 'run', 'scrape_and_save_share_prices_with_company_data', 'create_share_prices_table', 'scheduled__2023-12-22T00:00:00+00:00', '--job-id', '2486', '--raw', '--subdir', 'DAGS_FOLDER/dag.py', '--cfg-path', '/tmp/tmpgkdztx84']
[2024-09-27T22:17:12.020+0000] {standard_task_runner.py:105} INFO - Job 2486: Subtask create_share_prices_table
[2024-09-27T22:17:12.066+0000] {warnings.py:112} WARNING - /home/***/.local/lib/python3.12/site-packages/***/task/task_runner/standard_task_runner.py:70: DeprecationWarning: This process (pid=2074) is multi-threaded, use of fork() may lead to deadlocks in the child.
  pid = os.fork()

[2024-09-27T22:17:12.264+0000] {standard_task_runner.py:72} INFO - Started process 2108 to run task
[2024-09-27T22:17:13.131+0000] {task_command.py:467} INFO - Running <TaskInstance: scrape_and_save_share_prices_with_company_data.create_share_prices_table scheduled__2023-12-22T00:00:00+00:00 [running]> on host fd62fe12432d
[2024-09-27T22:17:15.171+0000] {taskinstance.py:3131} INFO - Exporting env vars: AIRFLOW_CTX_DAG_OWNER='***' AIRFLOW_CTX_DAG_ID='scrape_and_save_share_prices_with_company_data' AIRFLOW_CTX_TASK_ID='create_share_prices_table' AIRFLOW_CTX_EXECUTION_DATE='2023-12-22T00:00:00+00:00' AIRFLOW_CTX_TRY_NUMBER='1' AIRFLOW_CTX_DAG_RUN_ID='scheduled__2023-12-22T00:00:00+00:00'
[2024-09-27T22:17:15.194+0000] {logging_mixin.py:190} INFO - Task instance is in running state
[2024-09-27T22:17:15.232+0000] {logging_mixin.py:190} INFO -  Previous state of the Task instance: queued
[2024-09-27T22:17:15.234+0000] {logging_mixin.py:190} INFO - Current task name:create_share_prices_table state:running start_date:2024-09-27 22:17:10.330643+00:00
[2024-09-27T22:17:15.249+0000] {logging_mixin.py:190} INFO - Dag name:scrape_and_save_share_prices_with_company_data and current dag run status:running
[2024-09-27T22:17:15.254+0000] {taskinstance.py:731} INFO - ::endgroup::
[2024-09-27T22:17:15.360+0000] {base.py:84} INFO - Retrieving connection 'dse_connection'
[2024-09-27T22:17:15.405+0000] {sql.py:509} INFO - Running statement: 
        CREATE TABLE IF NOT EXISTS company_share_prices (
            id SERIAL,
            company_id INTEGER NOT NULL,
            date DATE,
            latest_trading_price VARCHAR(50),
            low_price VARCHAR(50),
            high_price VARCHAR(50),
            closing_price VARCHAR(50),
            ycp VARCHAR(50),
            change VARCHAR(10),
            trade VARCHAR(50),
            value VARCHAR(50),
            volume VARCHAR(50),
            PRIMARY KEY(company_id, id),
            FOREIGN KEY(company_id)
                REFERENCES company_list(company_id)
                ON UPDATE CASCADE ON DELETE CASCADE
        );
    , parameters: None
[2024-09-27T22:17:15.422+0000] {python.py:240} INFO - Done. Returned value was: None
[2024-09-27T22:17:15.498+0000] {taskinstance.py:340} INFO - ::group::Post task execution logs
[2024-09-27T22:17:15.501+0000] {taskinstance.py:352} INFO - Marking task as SUCCESS. dag_id=scrape_and_save_share_prices_with_company_data, task_id=create_share_prices_table, run_id=scheduled__2023-12-22T00:00:00+00:00, execution_date=20231222T000000, start_date=20240927T221710, end_date=20240927T221715
[2024-09-27T22:17:15.553+0000] {logging_mixin.py:190} INFO - Task instance in success state
[2024-09-27T22:17:15.559+0000] {logging_mixin.py:190} INFO -  Previous state of the Task instance: running
[2024-09-27T22:17:15.565+0000] {logging_mixin.py:190} INFO - Dag name:scrape_and_save_share_prices_with_company_data queued_at:2024-09-27 22:15:12.511438+00:00
[2024-09-27T22:17:15.567+0000] {logging_mixin.py:190} INFO - Task hostname:fd62fe12432d operator:PythonOperator
[2024-09-27T22:17:15.680+0000] {local_task_job_runner.py:266} INFO - Task exited with return code 0
[2024-09-27T22:17:15.738+0000] {local_task_job_runner.py:245} INFO - ::endgroup::
[2024-09-27T22:56:02.150+0000] {local_task_job_runner.py:123} INFO - ::group::Pre task execution logs
[2024-09-27T22:56:02.230+0000] {taskinstance.py:2612} INFO - Dependencies all met for dep_context=non-requeueable deps ti=<TaskInstance: scrape_and_save_share_prices_with_company_data.create_share_prices_table scheduled__2023-12-22T00:00:00+00:00 [queued]>
[2024-09-27T22:56:02.296+0000] {taskinstance.py:2612} INFO - Dependencies all met for dep_context=requeueable deps ti=<TaskInstance: scrape_and_save_share_prices_with_company_data.create_share_prices_table scheduled__2023-12-22T00:00:00+00:00 [queued]>
[2024-09-27T22:56:02.299+0000] {taskinstance.py:2865} INFO - Starting attempt 1 of 2
[2024-09-27T22:56:02.400+0000] {taskinstance.py:2888} INFO - Executing <Task(PythonOperator): create_share_prices_table> on 2023-12-22 00:00:00+00:00
[2024-09-27T22:56:02.451+0000] {warnings.py:112} WARNING - /home/***/.local/lib/python3.12/site-packages/***/task/task_runner/standard_task_runner.py:70: DeprecationWarning: This process (pid=1823) is multi-threaded, use of fork() may lead to deadlocks in the child.
  pid = os.fork()

[2024-09-27T22:56:02.473+0000] {standard_task_runner.py:72} INFO - Started process 1846 to run task
[2024-09-27T22:56:02.500+0000] {standard_task_runner.py:104} INFO - Running: ['***', 'tasks', 'run', 'scrape_and_save_share_prices_with_company_data', 'create_share_prices_table', 'scheduled__2023-12-22T00:00:00+00:00', '--job-id', '2960', '--raw', '--subdir', 'DAGS_FOLDER/dag.py', '--cfg-path', '/tmp/tmp8_rn2w5e']
[2024-09-27T22:56:02.503+0000] {standard_task_runner.py:105} INFO - Job 2960: Subtask create_share_prices_table
[2024-09-27T22:56:02.902+0000] {task_command.py:467} INFO - Running <TaskInstance: scrape_and_save_share_prices_with_company_data.create_share_prices_table scheduled__2023-12-22T00:00:00+00:00 [running]> on host 7746de5121f6
[2024-09-27T22:56:03.522+0000] {taskinstance.py:3131} INFO - Exporting env vars: AIRFLOW_CTX_DAG_OWNER='***' AIRFLOW_CTX_DAG_ID='scrape_and_save_share_prices_with_company_data' AIRFLOW_CTX_TASK_ID='create_share_prices_table' AIRFLOW_CTX_EXECUTION_DATE='2023-12-22T00:00:00+00:00' AIRFLOW_CTX_TRY_NUMBER='1' AIRFLOW_CTX_DAG_RUN_ID='scheduled__2023-12-22T00:00:00+00:00'
[2024-09-27T22:56:03.525+0000] {logging_mixin.py:190} INFO - Task instance is in running state
[2024-09-27T22:56:03.538+0000] {logging_mixin.py:190} INFO -  Previous state of the Task instance: queued
[2024-09-27T22:56:03.569+0000] {logging_mixin.py:190} INFO - Current task name:create_share_prices_table state:running start_date:2024-09-27 22:56:02.231516+00:00
[2024-09-27T22:56:03.574+0000] {logging_mixin.py:190} INFO - Dag name:scrape_and_save_share_prices_with_company_data and current dag run status:running
[2024-09-27T22:56:03.575+0000] {taskinstance.py:731} INFO - ::endgroup::
[2024-09-27T22:56:03.648+0000] {base.py:84} INFO - Retrieving connection 'dse_connection'
[2024-09-27T22:56:03.692+0000] {sql.py:509} INFO - Running statement: 
        CREATE TABLE IF NOT EXISTS company_share_prices (
            id SERIAL,
            company_id INTEGER NOT NULL,
            date DATE,
            latest_trading_price VARCHAR(50),
            low_price VARCHAR(50),
            high_price VARCHAR(50),
            closing_price VARCHAR(50),
            ycp VARCHAR(50),
            change VARCHAR(10),
            trade VARCHAR(50),
            value VARCHAR(50),
            volume VARCHAR(50),
            PRIMARY KEY(company_id, id),
            FOREIGN KEY(company_id)
                REFERENCES company_list(company_id)
                ON UPDATE CASCADE ON DELETE CASCADE
        );
    , parameters: None
[2024-09-27T22:56:03.709+0000] {python.py:240} INFO - Done. Returned value was: None
[2024-09-27T22:56:03.751+0000] {taskinstance.py:340} INFO - ::group::Post task execution logs
[2024-09-27T22:56:03.756+0000] {taskinstance.py:352} INFO - Marking task as SUCCESS. dag_id=scrape_and_save_share_prices_with_company_data, task_id=create_share_prices_table, run_id=scheduled__2023-12-22T00:00:00+00:00, execution_date=20231222T000000, start_date=20240927T225602, end_date=20240927T225603
[2024-09-27T22:56:03.845+0000] {logging_mixin.py:190} INFO - Task instance in success state
[2024-09-27T22:56:03.860+0000] {logging_mixin.py:190} INFO -  Previous state of the Task instance: running
[2024-09-27T22:56:03.861+0000] {logging_mixin.py:190} INFO - Dag name:scrape_and_save_share_prices_with_company_data queued_at:2024-09-27 22:55:00.117079+00:00
[2024-09-27T22:56:03.867+0000] {logging_mixin.py:190} INFO - Task hostname:7746de5121f6 operator:PythonOperator
[2024-09-27T22:56:03.947+0000] {local_task_job_runner.py:266} INFO - Task exited with return code 0
[2024-09-27T22:56:04.071+0000] {local_task_job_runner.py:245} INFO - ::endgroup::
