[2024-09-27T18:20:54.428+0000] {local_task_job_runner.py:123} INFO - ::group::Pre task execution logs
[2024-09-27T18:20:54.528+0000] {taskinstance.py:2612} INFO - Dependencies all met for dep_context=non-requeueable deps ti=<TaskInstance: scrape_and_save_share_prices_with_company_data.create_share_prices_table scheduled__2023-11-18T00:00:00+00:00 [queued]>
[2024-09-27T18:20:54.640+0000] {taskinstance.py:2612} INFO - Dependencies all met for dep_context=requeueable deps ti=<TaskInstance: scrape_and_save_share_prices_with_company_data.create_share_prices_table scheduled__2023-11-18T00:00:00+00:00 [queued]>
[2024-09-27T18:20:54.661+0000] {taskinstance.py:2865} INFO - Starting attempt 1 of 2
[2024-09-27T18:20:54.789+0000] {taskinstance.py:2888} INFO - Executing <Task(PythonOperator): create_share_prices_table> on 2023-11-18 00:00:00+00:00
[2024-09-27T18:20:54.818+0000] {warnings.py:112} WARNING - /home/***/.local/lib/python3.12/site-packages/***/task/task_runner/standard_task_runner.py:70: DeprecationWarning: This process (pid=12735) is multi-threaded, use of fork() may lead to deadlocks in the child.
  pid = os.fork()

[2024-09-27T18:20:54.846+0000] {standard_task_runner.py:72} INFO - Started process 12778 to run task
[2024-09-27T18:20:54.835+0000] {standard_task_runner.py:104} INFO - Running: ['***', 'tasks', 'run', 'scrape_and_save_share_prices_with_company_data', 'create_share_prices_table', 'scheduled__2023-11-18T00:00:00+00:00', '--job-id', '1316', '--raw', '--subdir', 'DAGS_FOLDER/dag.py', '--cfg-path', '/tmp/tmpq1f7rc5k']
[2024-09-27T18:20:54.853+0000] {standard_task_runner.py:105} INFO - Job 1316: Subtask create_share_prices_table
[2024-09-27T18:20:55.340+0000] {task_command.py:467} INFO - Running <TaskInstance: scrape_and_save_share_prices_with_company_data.create_share_prices_table scheduled__2023-11-18T00:00:00+00:00 [running]> on host 13b5797a93ab
[2024-09-27T18:20:57.003+0000] {taskinstance.py:3131} INFO - Exporting env vars: AIRFLOW_CTX_DAG_OWNER='***' AIRFLOW_CTX_DAG_ID='scrape_and_save_share_prices_with_company_data' AIRFLOW_CTX_TASK_ID='create_share_prices_table' AIRFLOW_CTX_EXECUTION_DATE='2023-11-18T00:00:00+00:00' AIRFLOW_CTX_TRY_NUMBER='1' AIRFLOW_CTX_DAG_RUN_ID='scheduled__2023-11-18T00:00:00+00:00'
[2024-09-27T18:20:57.011+0000] {logging_mixin.py:190} INFO - Task instance is in running state
[2024-09-27T18:20:57.039+0000] {logging_mixin.py:190} INFO -  Previous state of the Task instance: queued
[2024-09-27T18:20:57.040+0000] {logging_mixin.py:190} INFO - Current task name:create_share_prices_table state:running start_date:2024-09-27 18:20:54.539230+00:00
[2024-09-27T18:20:57.042+0000] {logging_mixin.py:190} INFO - Dag name:scrape_and_save_share_prices_with_company_data and current dag run status:running
[2024-09-27T18:20:57.055+0000] {taskinstance.py:731} INFO - ::endgroup::
[2024-09-27T18:20:57.260+0000] {base.py:84} INFO - Retrieving connection 'dse_connection'
[2024-09-27T18:20:57.338+0000] {sql.py:509} INFO - Running statement: 
        CREATE TABLE IF NOT EXISTS company_share_prices (
            id SERIAL,
            company_id INTEGER NOT NULL,
            date DATE,
            latest_trading_price VARCHAR(50),
            low_price VARCHAR(50),
            high_price VARCHAR(50),
            closing_price VARCHAR(50),
            ycp VARCHAR(50),
            change VARCHAR(10),
            trade VARCHAR(50),
            value VARCHAR(50),
            volume VARCHAR(50),
            PRIMARY KEY(company_id, id),
            FOREIGN KEY(company_id)
                REFERENCES company_list(company_id)
                ON UPDATE CASCADE ON DELETE CASCADE
        );
    , parameters: None
[2024-09-27T18:20:57.372+0000] {python.py:240} INFO - Done. Returned value was: None
[2024-09-27T18:20:57.489+0000] {taskinstance.py:340} INFO - ::group::Post task execution logs
[2024-09-27T18:20:57.494+0000] {taskinstance.py:352} INFO - Marking task as SUCCESS. dag_id=scrape_and_save_share_prices_with_company_data, task_id=create_share_prices_table, run_id=scheduled__2023-11-18T00:00:00+00:00, execution_date=20231118T000000, start_date=20240927T182054, end_date=20240927T182057
[2024-09-27T18:20:57.633+0000] {logging_mixin.py:190} INFO - Task instance in success state
[2024-09-27T18:20:57.640+0000] {logging_mixin.py:190} INFO -  Previous state of the Task instance: running
[2024-09-27T18:20:57.678+0000] {logging_mixin.py:190} INFO - Dag name:scrape_and_save_share_prices_with_company_data queued_at:2024-09-27 18:19:00.175854+00:00
[2024-09-27T18:20:57.688+0000] {logging_mixin.py:190} INFO - Task hostname:13b5797a93ab operator:PythonOperator
[2024-09-27T18:20:57.813+0000] {local_task_job_runner.py:266} INFO - Task exited with return code 0
[2024-09-27T18:20:58.054+0000] {taskinstance.py:3900} INFO - 1 downstream tasks scheduled from follow-on schedule check
[2024-09-27T18:20:58.106+0000] {local_task_job_runner.py:245} INFO - ::endgroup::
[2024-09-27T22:10:03.005+0000] {local_task_job_runner.py:123} INFO - ::group::Pre task execution logs
[2024-09-27T22:10:03.116+0000] {taskinstance.py:2612} INFO - Dependencies all met for dep_context=non-requeueable deps ti=<TaskInstance: scrape_and_save_share_prices_with_company_data.create_share_prices_table scheduled__2023-11-18T00:00:00+00:00 [queued]>
[2024-09-27T22:10:03.145+0000] {taskinstance.py:2612} INFO - Dependencies all met for dep_context=requeueable deps ti=<TaskInstance: scrape_and_save_share_prices_with_company_data.create_share_prices_table scheduled__2023-11-18T00:00:00+00:00 [queued]>
[2024-09-27T22:10:03.160+0000] {taskinstance.py:2865} INFO - Starting attempt 1 of 2
[2024-09-27T22:10:03.478+0000] {taskinstance.py:2888} INFO - Executing <Task(PythonOperator): create_share_prices_table> on 2023-11-18 00:00:00+00:00
[2024-09-27T22:10:03.557+0000] {warnings.py:112} WARNING - /home/***/.local/lib/python3.12/site-packages/***/task/task_runner/standard_task_runner.py:70: DeprecationWarning: This process (pid=1515) is multi-threaded, use of fork() may lead to deadlocks in the child.
  pid = os.fork()

[2024-09-27T22:10:03.569+0000] {standard_task_runner.py:72} INFO - Started process 1536 to run task
[2024-09-27T22:10:03.575+0000] {standard_task_runner.py:104} INFO - Running: ['***', 'tasks', 'run', 'scrape_and_save_share_prices_with_company_data', 'create_share_prices_table', 'scheduled__2023-11-18T00:00:00+00:00', '--job-id', '2365', '--raw', '--subdir', 'DAGS_FOLDER/dag.py', '--cfg-path', '/tmp/tmp8ptqm5br']
[2024-09-27T22:10:03.578+0000] {standard_task_runner.py:105} INFO - Job 2365: Subtask create_share_prices_table
[2024-09-27T22:10:04.087+0000] {task_command.py:467} INFO - Running <TaskInstance: scrape_and_save_share_prices_with_company_data.create_share_prices_table scheduled__2023-11-18T00:00:00+00:00 [running]> on host fd62fe12432d
[2024-09-27T22:10:04.917+0000] {taskinstance.py:3131} INFO - Exporting env vars: AIRFLOW_CTX_DAG_OWNER='***' AIRFLOW_CTX_DAG_ID='scrape_and_save_share_prices_with_company_data' AIRFLOW_CTX_TASK_ID='create_share_prices_table' AIRFLOW_CTX_EXECUTION_DATE='2023-11-18T00:00:00+00:00' AIRFLOW_CTX_TRY_NUMBER='1' AIRFLOW_CTX_DAG_RUN_ID='scheduled__2023-11-18T00:00:00+00:00'
[2024-09-27T22:10:04.932+0000] {logging_mixin.py:190} INFO - Task instance is in running state
[2024-09-27T22:10:04.933+0000] {logging_mixin.py:190} INFO -  Previous state of the Task instance: queued
[2024-09-27T22:10:04.950+0000] {logging_mixin.py:190} INFO - Current task name:create_share_prices_table state:running start_date:2024-09-27 22:10:03.117276+00:00
[2024-09-27T22:10:04.959+0000] {logging_mixin.py:190} INFO - Dag name:scrape_and_save_share_prices_with_company_data and current dag run status:running
[2024-09-27T22:10:04.961+0000] {taskinstance.py:731} INFO - ::endgroup::
[2024-09-27T22:10:04.994+0000] {base.py:84} INFO - Retrieving connection 'dse_connection'
[2024-09-27T22:10:05.020+0000] {sql.py:509} INFO - Running statement: 
        CREATE TABLE IF NOT EXISTS company_share_prices (
            id SERIAL,
            company_id INTEGER NOT NULL,
            date DATE,
            latest_trading_price VARCHAR(50),
            low_price VARCHAR(50),
            high_price VARCHAR(50),
            closing_price VARCHAR(50),
            ycp VARCHAR(50),
            change VARCHAR(10),
            trade VARCHAR(50),
            value VARCHAR(50),
            volume VARCHAR(50),
            PRIMARY KEY(company_id, id),
            FOREIGN KEY(company_id)
                REFERENCES company_list(company_id)
                ON UPDATE CASCADE ON DELETE CASCADE
        );
    , parameters: None
[2024-09-27T22:10:05.026+0000] {python.py:240} INFO - Done. Returned value was: None
[2024-09-27T22:10:05.119+0000] {taskinstance.py:340} INFO - ::group::Post task execution logs
[2024-09-27T22:10:05.287+0000] {taskinstance.py:352} INFO - Marking task as SUCCESS. dag_id=scrape_and_save_share_prices_with_company_data, task_id=create_share_prices_table, run_id=scheduled__2023-11-18T00:00:00+00:00, execution_date=20231118T000000, start_date=20240927T221003, end_date=20240927T221005
[2024-09-27T22:10:05.411+0000] {logging_mixin.py:190} INFO - Task instance in success state
[2024-09-27T22:10:05.500+0000] {logging_mixin.py:190} INFO -  Previous state of the Task instance: running
[2024-09-27T22:10:05.551+0000] {logging_mixin.py:190} INFO - Dag name:scrape_and_save_share_prices_with_company_data queued_at:2024-09-27 22:08:57.442192+00:00
[2024-09-27T22:10:05.561+0000] {logging_mixin.py:190} INFO - Task hostname:fd62fe12432d operator:PythonOperator
[2024-09-27T22:10:05.611+0000] {local_task_job_runner.py:266} INFO - Task exited with return code 0
[2024-09-27T22:10:05.665+0000] {taskinstance.py:3900} INFO - 1 downstream tasks scheduled from follow-on schedule check
[2024-09-27T22:10:05.759+0000] {local_task_job_runner.py:245} INFO - ::endgroup::
[2024-09-27T22:49:58.852+0000] {local_task_job_runner.py:123} INFO - ::group::Pre task execution logs
[2024-09-27T22:49:58.881+0000] {taskinstance.py:2612} INFO - Dependencies all met for dep_context=non-requeueable deps ti=<TaskInstance: scrape_and_save_share_prices_with_company_data.create_share_prices_table scheduled__2023-11-18T00:00:00+00:00 [queued]>
[2024-09-27T22:49:58.896+0000] {taskinstance.py:2612} INFO - Dependencies all met for dep_context=requeueable deps ti=<TaskInstance: scrape_and_save_share_prices_with_company_data.create_share_prices_table scheduled__2023-11-18T00:00:00+00:00 [queued]>
[2024-09-27T22:49:58.897+0000] {taskinstance.py:2865} INFO - Starting attempt 1 of 2
[2024-09-27T22:49:59.247+0000] {taskinstance.py:2888} INFO - Executing <Task(PythonOperator): create_share_prices_table> on 2023-11-18 00:00:00+00:00
[2024-09-27T22:49:59.260+0000] {warnings.py:112} WARNING - /home/***/.local/lib/python3.12/site-packages/***/task/task_runner/standard_task_runner.py:70: DeprecationWarning: This process (pid=1230) is multi-threaded, use of fork() may lead to deadlocks in the child.
  pid = os.fork()

[2024-09-27T22:49:59.262+0000] {standard_task_runner.py:72} INFO - Started process 1232 to run task
[2024-09-27T22:49:59.263+0000] {standard_task_runner.py:104} INFO - Running: ['***', 'tasks', 'run', 'scrape_and_save_share_prices_with_company_data', 'create_share_prices_table', 'scheduled__2023-11-18T00:00:00+00:00', '--job-id', '2825', '--raw', '--subdir', 'DAGS_FOLDER/dag.py', '--cfg-path', '/tmp/tmpoqs279ii']
[2024-09-27T22:49:59.265+0000] {standard_task_runner.py:105} INFO - Job 2825: Subtask create_share_prices_table
[2024-09-27T22:49:59.671+0000] {task_command.py:467} INFO - Running <TaskInstance: scrape_and_save_share_prices_with_company_data.create_share_prices_table scheduled__2023-11-18T00:00:00+00:00 [running]> on host 7746de5121f6
[2024-09-27T22:50:00.405+0000] {taskinstance.py:3131} INFO - Exporting env vars: AIRFLOW_CTX_DAG_OWNER='***' AIRFLOW_CTX_DAG_ID='scrape_and_save_share_prices_with_company_data' AIRFLOW_CTX_TASK_ID='create_share_prices_table' AIRFLOW_CTX_EXECUTION_DATE='2023-11-18T00:00:00+00:00' AIRFLOW_CTX_TRY_NUMBER='1' AIRFLOW_CTX_DAG_RUN_ID='scheduled__2023-11-18T00:00:00+00:00'
[2024-09-27T22:50:00.407+0000] {logging_mixin.py:190} INFO - Task instance is in running state
[2024-09-27T22:50:00.408+0000] {logging_mixin.py:190} INFO -  Previous state of the Task instance: queued
[2024-09-27T22:50:00.409+0000] {logging_mixin.py:190} INFO - Current task name:create_share_prices_table state:running start_date:2024-09-27 22:49:58.882782+00:00
[2024-09-27T22:50:00.410+0000] {logging_mixin.py:190} INFO - Dag name:scrape_and_save_share_prices_with_company_data and current dag run status:running
[2024-09-27T22:50:00.410+0000] {taskinstance.py:731} INFO - ::endgroup::
[2024-09-27T22:50:00.423+0000] {base.py:84} INFO - Retrieving connection 'dse_connection'
[2024-09-27T22:50:00.430+0000] {sql.py:509} INFO - Running statement: 
        CREATE TABLE IF NOT EXISTS company_share_prices (
            id SERIAL,
            company_id INTEGER NOT NULL,
            date DATE,
            latest_trading_price VARCHAR(50),
            low_price VARCHAR(50),
            high_price VARCHAR(50),
            closing_price VARCHAR(50),
            ycp VARCHAR(50),
            change VARCHAR(10),
            trade VARCHAR(50),
            value VARCHAR(50),
            volume VARCHAR(50),
            PRIMARY KEY(company_id, id),
            FOREIGN KEY(company_id)
                REFERENCES company_list(company_id)
                ON UPDATE CASCADE ON DELETE CASCADE
        );
    , parameters: None
[2024-09-27T22:50:00.433+0000] {python.py:240} INFO - Done. Returned value was: None
[2024-09-27T22:50:00.445+0000] {taskinstance.py:340} INFO - ::group::Post task execution logs
[2024-09-27T22:50:00.446+0000] {taskinstance.py:352} INFO - Marking task as SUCCESS. dag_id=scrape_and_save_share_prices_with_company_data, task_id=create_share_prices_table, run_id=scheduled__2023-11-18T00:00:00+00:00, execution_date=20231118T000000, start_date=20240927T224958, end_date=20240927T225000
[2024-09-27T22:50:00.721+0000] {logging_mixin.py:190} INFO - Task instance in success state
[2024-09-27T22:50:00.722+0000] {logging_mixin.py:190} INFO -  Previous state of the Task instance: running
[2024-09-27T22:50:00.723+0000] {logging_mixin.py:190} INFO - Dag name:scrape_and_save_share_prices_with_company_data queued_at:2024-09-27 22:47:40.172825+00:00
[2024-09-27T22:50:00.724+0000] {logging_mixin.py:190} INFO - Task hostname:7746de5121f6 operator:PythonOperator
[2024-09-27T22:50:00.766+0000] {local_task_job_runner.py:266} INFO - Task exited with return code 0
[2024-09-27T22:50:00.807+0000] {taskinstance.py:3900} INFO - 1 downstream tasks scheduled from follow-on schedule check
[2024-09-27T22:50:01.130+0000] {local_task_job_runner.py:245} INFO - ::endgroup::
