[2024-09-27T18:20:16.748+0000] {local_task_job_runner.py:123} INFO - ::group::Pre task execution logs
[2024-09-27T18:20:16.818+0000] {taskinstance.py:2612} INFO - Dependencies all met for dep_context=non-requeueable deps ti=<TaskInstance: scrape_and_save_share_prices_with_company_data.create_share_prices_table scheduled__2023-11-17T00:00:00+00:00 [queued]>
[2024-09-27T18:20:16.854+0000] {taskinstance.py:2612} INFO - Dependencies all met for dep_context=requeueable deps ti=<TaskInstance: scrape_and_save_share_prices_with_company_data.create_share_prices_table scheduled__2023-11-17T00:00:00+00:00 [queued]>
[2024-09-27T18:20:16.862+0000] {taskinstance.py:2865} INFO - Starting attempt 1 of 2
[2024-09-27T18:20:16.928+0000] {taskinstance.py:2888} INFO - Executing <Task(PythonOperator): create_share_prices_table> on 2023-11-17 00:00:00+00:00
[2024-09-27T18:20:16.969+0000] {warnings.py:112} WARNING - /home/***/.local/lib/python3.12/site-packages/***/task/task_runner/standard_task_runner.py:70: DeprecationWarning: This process (pid=12677) is multi-threaded, use of fork() may lead to deadlocks in the child.
  pid = os.fork()

[2024-09-27T18:20:16.974+0000] {standard_task_runner.py:72} INFO - Started process 12701 to run task
[2024-09-27T18:20:16.979+0000] {standard_task_runner.py:104} INFO - Running: ['***', 'tasks', 'run', 'scrape_and_save_share_prices_with_company_data', 'create_share_prices_table', 'scheduled__2023-11-17T00:00:00+00:00', '--job-id', '1299', '--raw', '--subdir', 'DAGS_FOLDER/dag.py', '--cfg-path', '/tmp/tmpbz71vang']
[2024-09-27T18:20:16.983+0000] {standard_task_runner.py:105} INFO - Job 1299: Subtask create_share_prices_table
[2024-09-27T18:20:17.282+0000] {task_command.py:467} INFO - Running <TaskInstance: scrape_and_save_share_prices_with_company_data.create_share_prices_table scheduled__2023-11-17T00:00:00+00:00 [running]> on host 13b5797a93ab
[2024-09-27T18:20:17.715+0000] {taskinstance.py:3131} INFO - Exporting env vars: AIRFLOW_CTX_DAG_OWNER='***' AIRFLOW_CTX_DAG_ID='scrape_and_save_share_prices_with_company_data' AIRFLOW_CTX_TASK_ID='create_share_prices_table' AIRFLOW_CTX_EXECUTION_DATE='2023-11-17T00:00:00+00:00' AIRFLOW_CTX_TRY_NUMBER='1' AIRFLOW_CTX_DAG_RUN_ID='scheduled__2023-11-17T00:00:00+00:00'
[2024-09-27T18:20:17.727+0000] {logging_mixin.py:190} INFO - Task instance is in running state
[2024-09-27T18:20:17.729+0000] {logging_mixin.py:190} INFO -  Previous state of the Task instance: queued
[2024-09-27T18:20:17.734+0000] {logging_mixin.py:190} INFO - Current task name:create_share_prices_table state:running start_date:2024-09-27 18:20:16.822973+00:00
[2024-09-27T18:20:17.739+0000] {logging_mixin.py:190} INFO - Dag name:scrape_and_save_share_prices_with_company_data and current dag run status:running
[2024-09-27T18:20:17.745+0000] {taskinstance.py:731} INFO - ::endgroup::
[2024-09-27T18:20:17.796+0000] {base.py:84} INFO - Retrieving connection 'dse_connection'
[2024-09-27T18:20:17.832+0000] {sql.py:509} INFO - Running statement: 
        CREATE TABLE IF NOT EXISTS company_share_prices (
            id SERIAL,
            company_id INTEGER NOT NULL,
            date DATE,
            latest_trading_price VARCHAR(50),
            low_price VARCHAR(50),
            high_price VARCHAR(50),
            closing_price VARCHAR(50),
            ycp VARCHAR(50),
            change VARCHAR(10),
            trade VARCHAR(50),
            value VARCHAR(50),
            volume VARCHAR(50),
            PRIMARY KEY(company_id, id),
            FOREIGN KEY(company_id)
                REFERENCES company_list(company_id)
                ON UPDATE CASCADE ON DELETE CASCADE
        );
    , parameters: None
[2024-09-27T18:20:17.860+0000] {python.py:240} INFO - Done. Returned value was: None
[2024-09-27T18:20:17.923+0000] {taskinstance.py:340} INFO - ::group::Post task execution logs
[2024-09-27T18:20:17.926+0000] {taskinstance.py:352} INFO - Marking task as SUCCESS. dag_id=scrape_and_save_share_prices_with_company_data, task_id=create_share_prices_table, run_id=scheduled__2023-11-17T00:00:00+00:00, execution_date=20231117T000000, start_date=20240927T182016, end_date=20240927T182017
[2024-09-27T18:20:18.147+0000] {logging_mixin.py:190} INFO - Task instance in success state
[2024-09-27T18:20:18.154+0000] {logging_mixin.py:190} INFO -  Previous state of the Task instance: running
[2024-09-27T18:20:18.156+0000] {logging_mixin.py:190} INFO - Dag name:scrape_and_save_share_prices_with_company_data queued_at:2024-09-27 18:17:51.972106+00:00
[2024-09-27T18:20:18.159+0000] {logging_mixin.py:190} INFO - Task hostname:13b5797a93ab operator:PythonOperator
[2024-09-27T18:20:18.231+0000] {local_task_job_runner.py:266} INFO - Task exited with return code 0
[2024-09-27T18:20:18.320+0000] {taskinstance.py:3900} INFO - 1 downstream tasks scheduled from follow-on schedule check
[2024-09-27T18:20:18.327+0000] {local_task_job_runner.py:245} INFO - ::endgroup::
[2024-09-27T22:09:50.093+0000] {local_task_job_runner.py:123} INFO - ::group::Pre task execution logs
[2024-09-27T22:09:50.142+0000] {taskinstance.py:2612} INFO - Dependencies all met for dep_context=non-requeueable deps ti=<TaskInstance: scrape_and_save_share_prices_with_company_data.create_share_prices_table scheduled__2023-11-17T00:00:00+00:00 [queued]>
[2024-09-27T22:09:50.157+0000] {taskinstance.py:2612} INFO - Dependencies all met for dep_context=requeueable deps ti=<TaskInstance: scrape_and_save_share_prices_with_company_data.create_share_prices_table scheduled__2023-11-17T00:00:00+00:00 [queued]>
[2024-09-27T22:09:50.158+0000] {taskinstance.py:2865} INFO - Starting attempt 1 of 2
[2024-09-27T22:09:50.250+0000] {taskinstance.py:2888} INFO - Executing <Task(PythonOperator): create_share_prices_table> on 2023-11-17 00:00:00+00:00
[2024-09-27T22:09:50.268+0000] {warnings.py:112} WARNING - /home/***/.local/lib/python3.12/site-packages/***/task/task_runner/standard_task_runner.py:70: DeprecationWarning: This process (pid=1500) is multi-threaded, use of fork() may lead to deadlocks in the child.
  pid = os.fork()

[2024-09-27T22:09:50.275+0000] {standard_task_runner.py:72} INFO - Started process 1502 to run task
[2024-09-27T22:09:50.273+0000] {standard_task_runner.py:104} INFO - Running: ['***', 'tasks', 'run', 'scrape_and_save_share_prices_with_company_data', 'create_share_prices_table', 'scheduled__2023-11-17T00:00:00+00:00', '--job-id', '2359', '--raw', '--subdir', 'DAGS_FOLDER/dag.py', '--cfg-path', '/tmp/tmpusvmr_g3']
[2024-09-27T22:09:50.280+0000] {standard_task_runner.py:105} INFO - Job 2359: Subtask create_share_prices_table
[2024-09-27T22:09:50.617+0000] {task_command.py:467} INFO - Running <TaskInstance: scrape_and_save_share_prices_with_company_data.create_share_prices_table scheduled__2023-11-17T00:00:00+00:00 [running]> on host fd62fe12432d
[2024-09-27T22:09:51.430+0000] {taskinstance.py:3131} INFO - Exporting env vars: AIRFLOW_CTX_DAG_OWNER='***' AIRFLOW_CTX_DAG_ID='scrape_and_save_share_prices_with_company_data' AIRFLOW_CTX_TASK_ID='create_share_prices_table' AIRFLOW_CTX_EXECUTION_DATE='2023-11-17T00:00:00+00:00' AIRFLOW_CTX_TRY_NUMBER='1' AIRFLOW_CTX_DAG_RUN_ID='scheduled__2023-11-17T00:00:00+00:00'
[2024-09-27T22:09:51.432+0000] {logging_mixin.py:190} INFO - Task instance is in running state
[2024-09-27T22:09:51.433+0000] {logging_mixin.py:190} INFO -  Previous state of the Task instance: queued
[2024-09-27T22:09:51.435+0000] {logging_mixin.py:190} INFO - Current task name:create_share_prices_table state:running start_date:2024-09-27 22:09:50.143229+00:00
[2024-09-27T22:09:51.436+0000] {logging_mixin.py:190} INFO - Dag name:scrape_and_save_share_prices_with_company_data and current dag run status:running
[2024-09-27T22:09:51.438+0000] {taskinstance.py:731} INFO - ::endgroup::
[2024-09-27T22:09:51.466+0000] {base.py:84} INFO - Retrieving connection 'dse_connection'
[2024-09-27T22:09:51.480+0000] {sql.py:509} INFO - Running statement: 
        CREATE TABLE IF NOT EXISTS company_share_prices (
            id SERIAL,
            company_id INTEGER NOT NULL,
            date DATE,
            latest_trading_price VARCHAR(50),
            low_price VARCHAR(50),
            high_price VARCHAR(50),
            closing_price VARCHAR(50),
            ycp VARCHAR(50),
            change VARCHAR(10),
            trade VARCHAR(50),
            value VARCHAR(50),
            volume VARCHAR(50),
            PRIMARY KEY(company_id, id),
            FOREIGN KEY(company_id)
                REFERENCES company_list(company_id)
                ON UPDATE CASCADE ON DELETE CASCADE
        );
    , parameters: None
[2024-09-27T22:09:51.482+0000] {python.py:240} INFO - Done. Returned value was: None
[2024-09-27T22:09:51.508+0000] {taskinstance.py:340} INFO - ::group::Post task execution logs
[2024-09-27T22:09:51.510+0000] {taskinstance.py:352} INFO - Marking task as SUCCESS. dag_id=scrape_and_save_share_prices_with_company_data, task_id=create_share_prices_table, run_id=scheduled__2023-11-17T00:00:00+00:00, execution_date=20231117T000000, start_date=20240927T220950, end_date=20240927T220951
[2024-09-27T22:09:52.263+0000] {logging_mixin.py:190} INFO - Task instance in success state
[2024-09-27T22:09:52.266+0000] {logging_mixin.py:190} INFO -  Previous state of the Task instance: running
[2024-09-27T22:09:52.270+0000] {logging_mixin.py:190} INFO - Dag name:scrape_and_save_share_prices_with_company_data queued_at:2024-09-27 22:07:53.859248+00:00
[2024-09-27T22:09:52.273+0000] {logging_mixin.py:190} INFO - Task hostname:fd62fe12432d operator:PythonOperator
[2024-09-27T22:09:52.316+0000] {local_task_job_runner.py:266} INFO - Task exited with return code 0
[2024-09-27T22:09:52.344+0000] {local_task_job_runner.py:245} INFO - ::endgroup::
[2024-09-27T22:48:25.561+0000] {local_task_job_runner.py:123} INFO - ::group::Pre task execution logs
[2024-09-27T22:48:25.694+0000] {taskinstance.py:2612} INFO - Dependencies all met for dep_context=non-requeueable deps ti=<TaskInstance: scrape_and_save_share_prices_with_company_data.create_share_prices_table scheduled__2023-11-17T00:00:00+00:00 [queued]>
[2024-09-27T22:48:25.760+0000] {taskinstance.py:2612} INFO - Dependencies all met for dep_context=requeueable deps ti=<TaskInstance: scrape_and_save_share_prices_with_company_data.create_share_prices_table scheduled__2023-11-17T00:00:00+00:00 [queued]>
[2024-09-27T22:48:25.761+0000] {taskinstance.py:2865} INFO - Starting attempt 1 of 2
[2024-09-27T22:48:25.865+0000] {taskinstance.py:2888} INFO - Executing <Task(PythonOperator): create_share_prices_table> on 2023-11-17 00:00:00+00:00
[2024-09-27T22:48:25.912+0000] {warnings.py:112} WARNING - /home/***/.local/lib/python3.12/site-packages/***/task/task_runner/standard_task_runner.py:70: DeprecationWarning: This process (pid=1115) is multi-threaded, use of fork() may lead to deadlocks in the child.
  pid = os.fork()

[2024-09-27T22:48:25.938+0000] {standard_task_runner.py:72} INFO - Started process 1169 to run task
[2024-09-27T22:48:25.920+0000] {standard_task_runner.py:104} INFO - Running: ['***', 'tasks', 'run', 'scrape_and_save_share_prices_with_company_data', 'create_share_prices_table', 'scheduled__2023-11-17T00:00:00+00:00', '--job-id', '2807', '--raw', '--subdir', 'DAGS_FOLDER/dag.py', '--cfg-path', '/tmp/tmp15le_0de']
[2024-09-27T22:48:25.948+0000] {standard_task_runner.py:105} INFO - Job 2807: Subtask create_share_prices_table
[2024-09-27T22:48:26.138+0000] {task_command.py:467} INFO - Running <TaskInstance: scrape_and_save_share_prices_with_company_data.create_share_prices_table scheduled__2023-11-17T00:00:00+00:00 [running]> on host 7746de5121f6
[2024-09-27T22:48:26.646+0000] {taskinstance.py:3131} INFO - Exporting env vars: AIRFLOW_CTX_DAG_OWNER='***' AIRFLOW_CTX_DAG_ID='scrape_and_save_share_prices_with_company_data' AIRFLOW_CTX_TASK_ID='create_share_prices_table' AIRFLOW_CTX_EXECUTION_DATE='2023-11-17T00:00:00+00:00' AIRFLOW_CTX_TRY_NUMBER='1' AIRFLOW_CTX_DAG_RUN_ID='scheduled__2023-11-17T00:00:00+00:00'
[2024-09-27T22:48:26.648+0000] {logging_mixin.py:190} INFO - Task instance is in running state
[2024-09-27T22:48:26.652+0000] {logging_mixin.py:190} INFO -  Previous state of the Task instance: queued
[2024-09-27T22:48:26.663+0000] {logging_mixin.py:190} INFO - Current task name:create_share_prices_table state:running start_date:2024-09-27 22:48:25.697169+00:00
[2024-09-27T22:48:26.665+0000] {logging_mixin.py:190} INFO - Dag name:scrape_and_save_share_prices_with_company_data and current dag run status:running
[2024-09-27T22:48:26.666+0000] {taskinstance.py:731} INFO - ::endgroup::
[2024-09-27T22:48:26.732+0000] {base.py:84} INFO - Retrieving connection 'dse_connection'
[2024-09-27T22:48:26.768+0000] {sql.py:509} INFO - Running statement: 
        CREATE TABLE IF NOT EXISTS company_share_prices (
            id SERIAL,
            company_id INTEGER NOT NULL,
            date DATE,
            latest_trading_price VARCHAR(50),
            low_price VARCHAR(50),
            high_price VARCHAR(50),
            closing_price VARCHAR(50),
            ycp VARCHAR(50),
            change VARCHAR(10),
            trade VARCHAR(50),
            value VARCHAR(50),
            volume VARCHAR(50),
            PRIMARY KEY(company_id, id),
            FOREIGN KEY(company_id)
                REFERENCES company_list(company_id)
                ON UPDATE CASCADE ON DELETE CASCADE
        );
    , parameters: None
[2024-09-27T22:48:26.781+0000] {python.py:240} INFO - Done. Returned value was: None
[2024-09-27T22:48:26.820+0000] {taskinstance.py:340} INFO - ::group::Post task execution logs
[2024-09-27T22:48:26.823+0000] {taskinstance.py:352} INFO - Marking task as SUCCESS. dag_id=scrape_and_save_share_prices_with_company_data, task_id=create_share_prices_table, run_id=scheduled__2023-11-17T00:00:00+00:00, execution_date=20231117T000000, start_date=20240927T224825, end_date=20240927T224826
[2024-09-27T22:48:26.863+0000] {logging_mixin.py:190} INFO - Task instance in success state
[2024-09-27T22:48:26.865+0000] {logging_mixin.py:190} INFO -  Previous state of the Task instance: running
[2024-09-27T22:48:26.869+0000] {logging_mixin.py:190} INFO - Dag name:scrape_and_save_share_prices_with_company_data queued_at:2024-09-27 22:46:50.170171+00:00
[2024-09-27T22:48:26.870+0000] {logging_mixin.py:190} INFO - Task hostname:7746de5121f6 operator:PythonOperator
[2024-09-27T22:48:26.967+0000] {local_task_job_runner.py:266} INFO - Task exited with return code 0
[2024-09-27T22:48:27.112+0000] {taskinstance.py:3900} INFO - 1 downstream tasks scheduled from follow-on schedule check
[2024-09-27T22:48:27.121+0000] {local_task_job_runner.py:245} INFO - ::endgroup::
