[2024-09-27T18:38:22.988+0000] {local_task_job_runner.py:123} INFO - ::group::Pre task execution logs
[2024-09-27T18:38:23.072+0000] {taskinstance.py:2612} INFO - Dependencies all met for dep_context=non-requeueable deps ti=<TaskInstance: scrape_and_save_share_prices_with_company_data.create_company_table scheduled__2024-02-04T00:00:00+00:00 [queued]>
[2024-09-27T18:38:23.105+0000] {taskinstance.py:2612} INFO - Dependencies all met for dep_context=requeueable deps ti=<TaskInstance: scrape_and_save_share_prices_with_company_data.create_company_table scheduled__2024-02-04T00:00:00+00:00 [queued]>
[2024-09-27T18:38:23.108+0000] {taskinstance.py:2865} INFO - Starting attempt 1 of 2
[2024-09-27T18:38:23.189+0000] {taskinstance.py:2888} INFO - Executing <Task(PythonOperator): create_company_table> on 2024-02-04 00:00:00+00:00
[2024-09-27T18:38:23.213+0000] {warnings.py:112} WARNING - /home/***/.local/lib/python3.12/site-packages/***/task/task_runner/standard_task_runner.py:70: DeprecationWarning: This process (pid=14069) is multi-threaded, use of fork() may lead to deadlocks in the child.
  pid = os.fork()

[2024-09-27T18:38:23.233+0000] {standard_task_runner.py:72} INFO - Started process 14071 to run task
[2024-09-27T18:38:23.220+0000] {standard_task_runner.py:104} INFO - Running: ['***', 'tasks', 'run', 'scrape_and_save_share_prices_with_company_data', 'create_company_table', 'scheduled__2024-02-04T00:00:00+00:00', '--job-id', '1600', '--raw', '--subdir', 'DAGS_FOLDER/dag.py', '--cfg-path', '/tmp/tmpou6l64_3']
[2024-09-27T18:38:23.255+0000] {standard_task_runner.py:105} INFO - Job 1600: Subtask create_company_table
[2024-09-27T18:38:23.471+0000] {task_command.py:467} INFO - Running <TaskInstance: scrape_and_save_share_prices_with_company_data.create_company_table scheduled__2024-02-04T00:00:00+00:00 [running]> on host 13b5797a93ab
[2024-09-27T18:38:23.862+0000] {taskinstance.py:3131} INFO - Exporting env vars: AIRFLOW_CTX_DAG_OWNER='***' AIRFLOW_CTX_DAG_ID='scrape_and_save_share_prices_with_company_data' AIRFLOW_CTX_TASK_ID='create_company_table' AIRFLOW_CTX_EXECUTION_DATE='2024-02-04T00:00:00+00:00' AIRFLOW_CTX_TRY_NUMBER='1' AIRFLOW_CTX_DAG_RUN_ID='scheduled__2024-02-04T00:00:00+00:00'
[2024-09-27T18:38:23.910+0000] {logging_mixin.py:190} INFO - Task instance is in running state
[2024-09-27T18:38:23.956+0000] {logging_mixin.py:190} INFO -  Previous state of the Task instance: queued
[2024-09-27T18:38:23.976+0000] {logging_mixin.py:190} INFO - Current task name:create_company_table state:running start_date:2024-09-27 18:38:23.075587+00:00
[2024-09-27T18:38:23.988+0000] {logging_mixin.py:190} INFO - Dag name:scrape_and_save_share_prices_with_company_data and current dag run status:running
[2024-09-27T18:38:23.991+0000] {taskinstance.py:731} INFO - ::endgroup::
[2024-09-27T18:38:24.058+0000] {base.py:84} INFO - Retrieving connection 'dse_connection'
[2024-09-27T18:38:24.073+0000] {sql.py:509} INFO - Running statement: 
        CREATE TABLE IF NOT EXISTS company_list (
            company_id SERIAL PRIMARY KEY,
            company_trade_name VARCHAR(255) NOT NULL,
            company_url VARCHAR(255) NOT NULL,
            UNIQUE(company_trade_name)
        );
    , parameters: None
[2024-09-27T18:38:24.081+0000] {python.py:240} INFO - Done. Returned value was: None
[2024-09-27T18:38:24.140+0000] {taskinstance.py:340} INFO - ::group::Post task execution logs
[2024-09-27T18:38:24.144+0000] {taskinstance.py:352} INFO - Marking task as SUCCESS. dag_id=scrape_and_save_share_prices_with_company_data, task_id=create_company_table, run_id=scheduled__2024-02-04T00:00:00+00:00, execution_date=20240204T000000, start_date=20240927T183823, end_date=20240927T183824
[2024-09-27T18:38:24.185+0000] {logging_mixin.py:190} INFO - Task instance in success state
[2024-09-27T18:38:24.187+0000] {logging_mixin.py:190} INFO -  Previous state of the Task instance: running
[2024-09-27T18:38:24.193+0000] {logging_mixin.py:190} INFO - Dag name:scrape_and_save_share_prices_with_company_data queued_at:2024-09-27 18:38:13.796136+00:00
[2024-09-27T18:38:24.198+0000] {logging_mixin.py:190} INFO - Task hostname:13b5797a93ab operator:PythonOperator
[2024-09-27T18:38:24.279+0000] {local_task_job_runner.py:266} INFO - Task exited with return code 0
[2024-09-27T18:38:24.311+0000] {local_task_job_runner.py:245} INFO - ::endgroup::
[2024-09-27T23:03:30.445+0000] {local_task_job_runner.py:123} INFO - ::group::Pre task execution logs
[2024-09-27T23:03:30.563+0000] {taskinstance.py:2612} INFO - Dependencies all met for dep_context=non-requeueable deps ti=<TaskInstance: scrape_and_save_share_prices_with_company_data.create_company_table scheduled__2024-02-04T00:00:00+00:00 [queued]>
[2024-09-27T23:03:30.620+0000] {taskinstance.py:2612} INFO - Dependencies all met for dep_context=requeueable deps ti=<TaskInstance: scrape_and_save_share_prices_with_company_data.create_company_table scheduled__2024-02-04T00:00:00+00:00 [queued]>
[2024-09-27T23:03:30.621+0000] {taskinstance.py:2865} INFO - Starting attempt 1 of 2
[2024-09-27T23:03:30.689+0000] {taskinstance.py:2888} INFO - Executing <Task(PythonOperator): create_company_table> on 2024-02-04 00:00:00+00:00
[2024-09-27T23:03:30.708+0000] {warnings.py:112} WARNING - /home/***/.local/lib/python3.12/site-packages/***/task/task_runner/standard_task_runner.py:70: DeprecationWarning: This process (pid=2559) is multi-threaded, use of fork() may lead to deadlocks in the child.
  pid = os.fork()

[2024-09-27T23:03:30.711+0000] {standard_task_runner.py:72} INFO - Started process 2582 to run task
[2024-09-27T23:03:30.720+0000] {standard_task_runner.py:104} INFO - Running: ['***', 'tasks', 'run', 'scrape_and_save_share_prices_with_company_data', 'create_company_table', 'scheduled__2024-02-04T00:00:00+00:00', '--job-id', '3124', '--raw', '--subdir', 'DAGS_FOLDER/dag.py', '--cfg-path', '/tmp/tmpryi3yyyp']
[2024-09-27T23:03:30.739+0000] {standard_task_runner.py:105} INFO - Job 3124: Subtask create_company_table
[2024-09-27T23:03:31.018+0000] {task_command.py:467} INFO - Running <TaskInstance: scrape_and_save_share_prices_with_company_data.create_company_table scheduled__2024-02-04T00:00:00+00:00 [running]> on host 7746de5121f6
[2024-09-27T23:03:31.331+0000] {taskinstance.py:3131} INFO - Exporting env vars: AIRFLOW_CTX_DAG_OWNER='***' AIRFLOW_CTX_DAG_ID='scrape_and_save_share_prices_with_company_data' AIRFLOW_CTX_TASK_ID='create_company_table' AIRFLOW_CTX_EXECUTION_DATE='2024-02-04T00:00:00+00:00' AIRFLOW_CTX_TRY_NUMBER='1' AIRFLOW_CTX_DAG_RUN_ID='scheduled__2024-02-04T00:00:00+00:00'
[2024-09-27T23:03:31.334+0000] {logging_mixin.py:190} INFO - Task instance is in running state
[2024-09-27T23:03:31.336+0000] {logging_mixin.py:190} INFO -  Previous state of the Task instance: queued
[2024-09-27T23:03:31.337+0000] {logging_mixin.py:190} INFO - Current task name:create_company_table state:running start_date:2024-09-27 23:03:30.579020+00:00
[2024-09-27T23:03:31.337+0000] {logging_mixin.py:190} INFO - Dag name:scrape_and_save_share_prices_with_company_data and current dag run status:running
[2024-09-27T23:03:31.338+0000] {taskinstance.py:731} INFO - ::endgroup::
[2024-09-27T23:03:31.367+0000] {base.py:84} INFO - Retrieving connection 'dse_connection'
[2024-09-27T23:03:31.375+0000] {sql.py:509} INFO - Running statement: 
        CREATE TABLE IF NOT EXISTS company_list (
            company_id SERIAL PRIMARY KEY,
            company_trade_name VARCHAR(255) NOT NULL,
            company_url VARCHAR(255) NOT NULL,
            UNIQUE(company_trade_name)
        );
    , parameters: None
[2024-09-27T23:03:31.381+0000] {python.py:240} INFO - Done. Returned value was: None
[2024-09-27T23:03:31.401+0000] {taskinstance.py:340} INFO - ::group::Post task execution logs
[2024-09-27T23:03:31.402+0000] {taskinstance.py:352} INFO - Marking task as SUCCESS. dag_id=scrape_and_save_share_prices_with_company_data, task_id=create_company_table, run_id=scheduled__2024-02-04T00:00:00+00:00, execution_date=20240204T000000, start_date=20240927T230330, end_date=20240927T230331
[2024-09-27T23:03:31.421+0000] {logging_mixin.py:190} INFO - Task instance in success state
[2024-09-27T23:03:31.428+0000] {logging_mixin.py:190} INFO -  Previous state of the Task instance: running
[2024-09-27T23:03:31.439+0000] {logging_mixin.py:190} INFO - Dag name:scrape_and_save_share_prices_with_company_data queued_at:2024-09-27 23:03:23.841744+00:00
[2024-09-27T23:03:31.440+0000] {logging_mixin.py:190} INFO - Task hostname:7746de5121f6 operator:PythonOperator
[2024-09-27T23:03:31.499+0000] {local_task_job_runner.py:266} INFO - Task exited with return code 0
[2024-09-27T23:03:31.655+0000] {taskinstance.py:3900} INFO - 1 downstream tasks scheduled from follow-on schedule check
[2024-09-27T23:03:31.669+0000] {local_task_job_runner.py:245} INFO - ::endgroup::
