[2024-09-27T22:01:52.908+0000] {local_task_job_runner.py:123} INFO - ::group::Pre task execution logs
[2024-09-27T22:01:53.026+0000] {taskinstance.py:2612} INFO - Dependencies all met for dep_context=non-requeueable deps ti=<TaskInstance: scrape_and_save_share_prices_with_company_data.create_share_prices_table scheduled__2023-10-07T00:00:00+00:00 [queued]>
[2024-09-27T22:01:53.107+0000] {taskinstance.py:2612} INFO - Dependencies all met for dep_context=requeueable deps ti=<TaskInstance: scrape_and_save_share_prices_with_company_data.create_share_prices_table scheduled__2023-10-07T00:00:00+00:00 [queued]>
[2024-09-27T22:01:53.113+0000] {taskinstance.py:2865} INFO - Starting attempt 2 of 2
[2024-09-27T22:01:53.308+0000] {taskinstance.py:2888} INFO - Executing <Task(PythonOperator): create_share_prices_table> on 2023-10-07 00:00:00+00:00
[2024-09-27T22:01:53.431+0000] {warnings.py:112} WARNING - /home/***/.local/lib/python3.12/site-packages/***/task/task_runner/standard_task_runner.py:70: DeprecationWarning: This process (pid=834) is multi-threaded, use of fork() may lead to deadlocks in the child.
  pid = os.fork()

[2024-09-27T22:01:53.438+0000] {standard_task_runner.py:72} INFO - Started process 895 to run task
[2024-09-27T22:01:53.424+0000] {standard_task_runner.py:104} INFO - Running: ['***', 'tasks', 'run', 'scrape_and_save_share_prices_with_company_data', 'create_share_prices_table', 'scheduled__2023-10-07T00:00:00+00:00', '--job-id', '2223', '--raw', '--subdir', 'DAGS_FOLDER/dag.py', '--cfg-path', '/tmp/tmphpb_kp0l']
[2024-09-27T22:01:53.459+0000] {standard_task_runner.py:105} INFO - Job 2223: Subtask create_share_prices_table
[2024-09-27T22:01:53.954+0000] {task_command.py:467} INFO - Running <TaskInstance: scrape_and_save_share_prices_with_company_data.create_share_prices_table scheduled__2023-10-07T00:00:00+00:00 [running]> on host fd62fe12432d
[2024-09-27T22:01:54.920+0000] {taskinstance.py:3131} INFO - Exporting env vars: AIRFLOW_CTX_DAG_OWNER='***' AIRFLOW_CTX_DAG_ID='scrape_and_save_share_prices_with_company_data' AIRFLOW_CTX_TASK_ID='create_share_prices_table' AIRFLOW_CTX_EXECUTION_DATE='2023-10-07T00:00:00+00:00' AIRFLOW_CTX_TRY_NUMBER='2' AIRFLOW_CTX_DAG_RUN_ID='scheduled__2023-10-07T00:00:00+00:00'
[2024-09-27T22:01:54.940+0000] {logging_mixin.py:190} INFO - Task instance is in running state
[2024-09-27T22:01:54.990+0000] {logging_mixin.py:190} INFO -  Previous state of the Task instance: queued
[2024-09-27T22:01:55.017+0000] {logging_mixin.py:190} INFO - Current task name:create_share_prices_table state:running start_date:2024-09-27 22:01:53.042876+00:00
[2024-09-27T22:01:55.018+0000] {logging_mixin.py:190} INFO - Dag name:scrape_and_save_share_prices_with_company_data and current dag run status:running
[2024-09-27T22:01:55.019+0000] {taskinstance.py:731} INFO - ::endgroup::
[2024-09-27T22:01:55.117+0000] {base.py:84} INFO - Retrieving connection 'dse_connection'
[2024-09-27T22:01:55.186+0000] {sql.py:509} INFO - Running statement: 
        CREATE TABLE IF NOT EXISTS company_share_prices (
            id SERIAL,
            company_id INTEGER NOT NULL,
            date DATE,
            latest_trading_price VARCHAR(50),
            low_price VARCHAR(50),
            high_price VARCHAR(50),
            closing_price VARCHAR(50),
            ycp VARCHAR(50),
            change VARCHAR(10),
            trade VARCHAR(50),
            value VARCHAR(50),
            volume VARCHAR(50),
            PRIMARY KEY(company_id, id),
            FOREIGN KEY(company_id)
                REFERENCES company_list(company_id)
                ON UPDATE CASCADE ON DELETE CASCADE
        );
    , parameters: None
[2024-09-27T22:01:55.231+0000] {python.py:240} INFO - Done. Returned value was: None
[2024-09-27T22:01:55.396+0000] {taskinstance.py:340} INFO - ::group::Post task execution logs
[2024-09-27T22:01:55.407+0000] {taskinstance.py:352} INFO - Marking task as SUCCESS. dag_id=scrape_and_save_share_prices_with_company_data, task_id=create_share_prices_table, run_id=scheduled__2023-10-07T00:00:00+00:00, execution_date=20231007T000000, start_date=20240927T220153, end_date=20240927T220155
[2024-09-27T22:01:55.813+0000] {logging_mixin.py:190} INFO - Task instance in success state
[2024-09-27T22:01:55.823+0000] {logging_mixin.py:190} INFO -  Previous state of the Task instance: running
[2024-09-27T22:01:55.825+0000] {logging_mixin.py:190} INFO - Dag name:scrape_and_save_share_prices_with_company_data queued_at:2024-09-27 21:51:03.669089+00:00
[2024-09-27T22:01:55.827+0000] {logging_mixin.py:190} INFO - Task hostname:fd62fe12432d operator:PythonOperator
[2024-09-27T22:01:55.891+0000] {local_task_job_runner.py:266} INFO - Task exited with return code 0
[2024-09-27T22:01:56.250+0000] {taskinstance.py:3900} INFO - 1 downstream tasks scheduled from follow-on schedule check
[2024-09-27T22:01:56.285+0000] {local_task_job_runner.py:245} INFO - ::endgroup::
