[2024-09-27T18:35:04.157+0000] {local_task_job_runner.py:123} INFO - ::group::Pre task execution logs
[2024-09-27T18:35:04.355+0000] {taskinstance.py:2612} INFO - Dependencies all met for dep_context=non-requeueable deps ti=<TaskInstance: scrape_and_save_share_prices_with_company_data.create_company_table scheduled__2024-01-25T00:00:00+00:00 [queued]>
[2024-09-27T18:35:04.447+0000] {taskinstance.py:2612} INFO - Dependencies all met for dep_context=requeueable deps ti=<TaskInstance: scrape_and_save_share_prices_with_company_data.create_company_table scheduled__2024-01-25T00:00:00+00:00 [queued]>
[2024-09-27T18:35:04.449+0000] {taskinstance.py:2865} INFO - Starting attempt 1 of 2
[2024-09-27T18:35:04.566+0000] {taskinstance.py:2888} INFO - Executing <Task(PythonOperator): create_company_table> on 2024-01-25 00:00:00+00:00
[2024-09-27T18:35:04.601+0000] {warnings.py:112} WARNING - /home/***/.local/lib/python3.12/site-packages/***/task/task_runner/standard_task_runner.py:70: DeprecationWarning: This process (pid=13823) is multi-threaded, use of fork() may lead to deadlocks in the child.
  pid = os.fork()

[2024-09-27T18:35:04.604+0000] {standard_task_runner.py:72} INFO - Started process 13853 to run task
[2024-09-27T18:35:04.603+0000] {standard_task_runner.py:104} INFO - Running: ['***', 'tasks', 'run', 'scrape_and_save_share_prices_with_company_data', 'create_company_table', 'scheduled__2024-01-25T00:00:00+00:00', '--job-id', '1550', '--raw', '--subdir', 'DAGS_FOLDER/dag.py', '--cfg-path', '/tmp/tmpuyjn67c0']
[2024-09-27T18:35:04.629+0000] {standard_task_runner.py:105} INFO - Job 1550: Subtask create_company_table
[2024-09-27T18:35:04.963+0000] {task_command.py:467} INFO - Running <TaskInstance: scrape_and_save_share_prices_with_company_data.create_company_table scheduled__2024-01-25T00:00:00+00:00 [running]> on host 13b5797a93ab
[2024-09-27T18:35:05.538+0000] {taskinstance.py:3131} INFO - Exporting env vars: AIRFLOW_CTX_DAG_OWNER='***' AIRFLOW_CTX_DAG_ID='scrape_and_save_share_prices_with_company_data' AIRFLOW_CTX_TASK_ID='create_company_table' AIRFLOW_CTX_EXECUTION_DATE='2024-01-25T00:00:00+00:00' AIRFLOW_CTX_TRY_NUMBER='1' AIRFLOW_CTX_DAG_RUN_ID='scheduled__2024-01-25T00:00:00+00:00'
[2024-09-27T18:35:05.540+0000] {logging_mixin.py:190} INFO - Task instance is in running state
[2024-09-27T18:35:05.542+0000] {logging_mixin.py:190} INFO -  Previous state of the Task instance: queued
[2024-09-27T18:35:05.545+0000] {logging_mixin.py:190} INFO - Current task name:create_company_table state:running start_date:2024-09-27 18:35:04.360742+00:00
[2024-09-27T18:35:05.552+0000] {logging_mixin.py:190} INFO - Dag name:scrape_and_save_share_prices_with_company_data and current dag run status:running
[2024-09-27T18:35:05.560+0000] {taskinstance.py:731} INFO - ::endgroup::
[2024-09-27T18:35:05.721+0000] {base.py:84} INFO - Retrieving connection 'dse_connection'
[2024-09-27T18:35:05.803+0000] {sql.py:509} INFO - Running statement: 
        CREATE TABLE IF NOT EXISTS company_list (
            company_id SERIAL PRIMARY KEY,
            company_trade_name VARCHAR(255) NOT NULL,
            company_url VARCHAR(255) NOT NULL,
            UNIQUE(company_trade_name)
        );
    , parameters: None
[2024-09-27T18:35:05.882+0000] {python.py:240} INFO - Done. Returned value was: None
[2024-09-27T18:35:05.945+0000] {taskinstance.py:340} INFO - ::group::Post task execution logs
[2024-09-27T18:35:05.960+0000] {taskinstance.py:352} INFO - Marking task as SUCCESS. dag_id=scrape_and_save_share_prices_with_company_data, task_id=create_company_table, run_id=scheduled__2024-01-25T00:00:00+00:00, execution_date=20240125T000000, start_date=20240927T183504, end_date=20240927T183505
[2024-09-27T18:35:06.017+0000] {logging_mixin.py:190} INFO - Task instance in success state
[2024-09-27T18:35:06.018+0000] {logging_mixin.py:190} INFO -  Previous state of the Task instance: running
[2024-09-27T18:35:06.030+0000] {logging_mixin.py:190} INFO - Dag name:scrape_and_save_share_prices_with_company_data queued_at:2024-09-27 18:34:51.663381+00:00
[2024-09-27T18:35:06.033+0000] {logging_mixin.py:190} INFO - Task hostname:13b5797a93ab operator:PythonOperator
[2024-09-27T18:35:06.088+0000] {local_task_job_runner.py:266} INFO - Task exited with return code 0
[2024-09-27T18:35:06.226+0000] {taskinstance.py:3900} INFO - 1 downstream tasks scheduled from follow-on schedule check
[2024-09-27T18:35:06.245+0000] {local_task_job_runner.py:245} INFO - ::endgroup::
[2024-09-27T23:01:39.549+0000] {local_task_job_runner.py:123} INFO - ::group::Pre task execution logs
[2024-09-27T23:01:39.611+0000] {taskinstance.py:2612} INFO - Dependencies all met for dep_context=non-requeueable deps ti=<TaskInstance: scrape_and_save_share_prices_with_company_data.create_company_table scheduled__2024-01-25T00:00:00+00:00 [queued]>
[2024-09-27T23:01:39.643+0000] {taskinstance.py:2612} INFO - Dependencies all met for dep_context=requeueable deps ti=<TaskInstance: scrape_and_save_share_prices_with_company_data.create_company_table scheduled__2024-01-25T00:00:00+00:00 [queued]>
[2024-09-27T23:01:39.645+0000] {taskinstance.py:2865} INFO - Starting attempt 1 of 2
[2024-09-27T23:01:39.698+0000] {taskinstance.py:2888} INFO - Executing <Task(PythonOperator): create_company_table> on 2024-01-25 00:00:00+00:00
[2024-09-27T23:01:39.731+0000] {warnings.py:112} WARNING - /home/***/.local/lib/python3.12/site-packages/***/task/task_runner/standard_task_runner.py:70: DeprecationWarning: This process (pid=2366) is multi-threaded, use of fork() may lead to deadlocks in the child.
  pid = os.fork()

[2024-09-27T23:01:39.736+0000] {standard_task_runner.py:72} INFO - Started process 2384 to run task
[2024-09-27T23:01:39.755+0000] {standard_task_runner.py:104} INFO - Running: ['***', 'tasks', 'run', 'scrape_and_save_share_prices_with_company_data', 'create_company_table', 'scheduled__2024-01-25T00:00:00+00:00', '--job-id', '3081', '--raw', '--subdir', 'DAGS_FOLDER/dag.py', '--cfg-path', '/tmp/tmpmu9vt314']
[2024-09-27T23:01:39.759+0000] {standard_task_runner.py:105} INFO - Job 3081: Subtask create_company_table
[2024-09-27T23:01:39.991+0000] {task_command.py:467} INFO - Running <TaskInstance: scrape_and_save_share_prices_with_company_data.create_company_table scheduled__2024-01-25T00:00:00+00:00 [running]> on host 7746de5121f6
[2024-09-27T23:01:40.323+0000] {taskinstance.py:3131} INFO - Exporting env vars: AIRFLOW_CTX_DAG_OWNER='***' AIRFLOW_CTX_DAG_ID='scrape_and_save_share_prices_with_company_data' AIRFLOW_CTX_TASK_ID='create_company_table' AIRFLOW_CTX_EXECUTION_DATE='2024-01-25T00:00:00+00:00' AIRFLOW_CTX_TRY_NUMBER='1' AIRFLOW_CTX_DAG_RUN_ID='scheduled__2024-01-25T00:00:00+00:00'
[2024-09-27T23:01:40.327+0000] {logging_mixin.py:190} INFO - Task instance is in running state
[2024-09-27T23:01:40.328+0000] {logging_mixin.py:190} INFO -  Previous state of the Task instance: queued
[2024-09-27T23:01:40.330+0000] {logging_mixin.py:190} INFO - Current task name:create_company_table state:running start_date:2024-09-27 23:01:39.619289+00:00
[2024-09-27T23:01:40.331+0000] {logging_mixin.py:190} INFO - Dag name:scrape_and_save_share_prices_with_company_data and current dag run status:running
[2024-09-27T23:01:40.333+0000] {taskinstance.py:731} INFO - ::endgroup::
[2024-09-27T23:01:40.353+0000] {base.py:84} INFO - Retrieving connection 'dse_connection'
[2024-09-27T23:01:40.365+0000] {sql.py:509} INFO - Running statement: 
        CREATE TABLE IF NOT EXISTS company_list (
            company_id SERIAL PRIMARY KEY,
            company_trade_name VARCHAR(255) NOT NULL,
            company_url VARCHAR(255) NOT NULL,
            UNIQUE(company_trade_name)
        );
    , parameters: None
[2024-09-27T23:01:40.368+0000] {python.py:240} INFO - Done. Returned value was: None
[2024-09-27T23:01:40.392+0000] {taskinstance.py:340} INFO - ::group::Post task execution logs
[2024-09-27T23:01:40.400+0000] {taskinstance.py:352} INFO - Marking task as SUCCESS. dag_id=scrape_and_save_share_prices_with_company_data, task_id=create_company_table, run_id=scheduled__2024-01-25T00:00:00+00:00, execution_date=20240125T000000, start_date=20240927T230139, end_date=20240927T230140
[2024-09-27T23:01:40.430+0000] {logging_mixin.py:190} INFO - Task instance in success state
[2024-09-27T23:01:40.439+0000] {logging_mixin.py:190} INFO -  Previous state of the Task instance: running
[2024-09-27T23:01:40.441+0000] {logging_mixin.py:190} INFO - Dag name:scrape_and_save_share_prices_with_company_data queued_at:2024-09-27 23:01:33.038105+00:00
[2024-09-27T23:01:40.442+0000] {logging_mixin.py:190} INFO - Task hostname:7746de5121f6 operator:PythonOperator
[2024-09-27T23:01:40.501+0000] {local_task_job_runner.py:266} INFO - Task exited with return code 0
[2024-09-27T23:01:40.541+0000] {local_task_job_runner.py:245} INFO - ::endgroup::
