[2024-09-27T23:45:20.428+0000] {local_task_job_runner.py:123} INFO - ::group::Pre task execution logs
[2024-09-27T23:45:20.548+0000] {taskinstance.py:2612} INFO - Dependencies all met for dep_context=non-requeueable deps ti=<TaskInstance: scrape_and_save_share_prices_with_company_data.create_company_table scheduled__2024-08-26T00:00:00+00:00 [queued]>
[2024-09-27T23:45:20.646+0000] {taskinstance.py:2612} INFO - Dependencies all met for dep_context=requeueable deps ti=<TaskInstance: scrape_and_save_share_prices_with_company_data.create_company_table scheduled__2024-08-26T00:00:00+00:00 [queued]>
[2024-09-27T23:45:20.648+0000] {taskinstance.py:2865} INFO - Starting attempt 1 of 2
[2024-09-27T23:45:20.689+0000] {taskinstance.py:2888} INFO - Executing <Task(PythonOperator): create_company_table> on 2024-08-26 00:00:00+00:00
[2024-09-27T23:45:20.719+0000] {warnings.py:112} WARNING - /home/***/.local/lib/python3.12/site-packages/***/task/task_runner/standard_task_runner.py:70: DeprecationWarning: This process (pid=6248) is multi-threaded, use of fork() may lead to deadlocks in the child.
  pid = os.fork()

[2024-09-27T23:45:20.733+0000] {standard_task_runner.py:72} INFO - Started process 6282 to run task
[2024-09-27T23:45:20.731+0000] {standard_task_runner.py:104} INFO - Running: ['***', 'tasks', 'run', 'scrape_and_save_share_prices_with_company_data', 'create_company_table', 'scheduled__2024-08-26T00:00:00+00:00', '--job-id', '3945', '--raw', '--subdir', 'DAGS_FOLDER/dag.py', '--cfg-path', '/tmp/tmpa89uj147']
[2024-09-27T23:45:20.736+0000] {standard_task_runner.py:105} INFO - Job 3945: Subtask create_company_table
[2024-09-27T23:45:21.041+0000] {task_command.py:467} INFO - Running <TaskInstance: scrape_and_save_share_prices_with_company_data.create_company_table scheduled__2024-08-26T00:00:00+00:00 [running]> on host 7746de5121f6
[2024-09-27T23:45:21.609+0000] {taskinstance.py:3131} INFO - Exporting env vars: AIRFLOW_CTX_DAG_OWNER='***' AIRFLOW_CTX_DAG_ID='scrape_and_save_share_prices_with_company_data' AIRFLOW_CTX_TASK_ID='create_company_table' AIRFLOW_CTX_EXECUTION_DATE='2024-08-26T00:00:00+00:00' AIRFLOW_CTX_TRY_NUMBER='1' AIRFLOW_CTX_DAG_RUN_ID='scheduled__2024-08-26T00:00:00+00:00'
[2024-09-27T23:45:21.612+0000] {logging_mixin.py:190} INFO - Task instance is in running state
[2024-09-27T23:45:21.613+0000] {logging_mixin.py:190} INFO -  Previous state of the Task instance: queued
[2024-09-27T23:45:21.616+0000] {logging_mixin.py:190} INFO - Current task name:create_company_table state:running start_date:2024-09-27 23:45:20.571274+00:00
[2024-09-27T23:45:21.620+0000] {logging_mixin.py:190} INFO - Dag name:scrape_and_save_share_prices_with_company_data and current dag run status:running
[2024-09-27T23:45:21.622+0000] {taskinstance.py:731} INFO - ::endgroup::
[2024-09-27T23:45:21.679+0000] {base.py:84} INFO - Retrieving connection 'dse_connection'
[2024-09-27T23:45:21.711+0000] {sql.py:509} INFO - Running statement: 
        CREATE TABLE IF NOT EXISTS company_list (
            company_id SERIAL PRIMARY KEY,
            company_trade_name VARCHAR(255) NOT NULL,
            company_url VARCHAR(255) NOT NULL,
            UNIQUE(company_trade_name)
        );
    , parameters: None
[2024-09-27T23:45:21.717+0000] {python.py:240} INFO - Done. Returned value was: None
[2024-09-27T23:45:21.779+0000] {taskinstance.py:340} INFO - ::group::Post task execution logs
[2024-09-27T23:45:21.785+0000] {taskinstance.py:352} INFO - Marking task as SUCCESS. dag_id=scrape_and_save_share_prices_with_company_data, task_id=create_company_table, run_id=scheduled__2024-08-26T00:00:00+00:00, execution_date=20240826T000000, start_date=20240927T234520, end_date=20240927T234521
[2024-09-27T23:45:21.869+0000] {logging_mixin.py:190} INFO - Task instance in success state
[2024-09-27T23:45:21.885+0000] {logging_mixin.py:190} INFO -  Previous state of the Task instance: running
[2024-09-27T23:45:21.893+0000] {logging_mixin.py:190} INFO - Dag name:scrape_and_save_share_prices_with_company_data queued_at:2024-09-27 23:45:06.609080+00:00
[2024-09-27T23:45:21.894+0000] {logging_mixin.py:190} INFO - Task hostname:7746de5121f6 operator:PythonOperator
[2024-09-27T23:45:21.945+0000] {local_task_job_runner.py:266} INFO - Task exited with return code 0
[2024-09-27T23:45:22.019+0000] {local_task_job_runner.py:245} INFO - ::endgroup::
