[2024-09-27T18:15:22.069+0000] {local_task_job_runner.py:123} INFO - ::group::Pre task execution logs
[2024-09-27T18:15:22.242+0000] {taskinstance.py:2612} INFO - Dependencies all met for dep_context=non-requeueable deps ti=<TaskInstance: scrape_and_save_share_prices_with_company_data.create_share_prices_table scheduled__2023-10-25T00:00:00+00:00 [queued]>
[2024-09-27T18:15:22.436+0000] {taskinstance.py:2612} INFO - Dependencies all met for dep_context=requeueable deps ti=<TaskInstance: scrape_and_save_share_prices_with_company_data.create_share_prices_table scheduled__2023-10-25T00:00:00+00:00 [queued]>
[2024-09-27T18:15:22.446+0000] {taskinstance.py:2865} INFO - Starting attempt 1 of 2
[2024-09-27T18:15:22.645+0000] {taskinstance.py:2888} INFO - Executing <Task(PythonOperator): create_share_prices_table> on 2023-10-25 00:00:00+00:00
[2024-09-27T18:15:22.712+0000] {warnings.py:112} WARNING - /home/***/.local/lib/python3.12/site-packages/***/task/task_runner/standard_task_runner.py:70: DeprecationWarning: This process (pid=12317) is multi-threaded, use of fork() may lead to deadlocks in the child.
  pid = os.fork()

[2024-09-27T18:15:22.729+0000] {standard_task_runner.py:72} INFO - Started process 12348 to run task
[2024-09-27T18:15:22.724+0000] {standard_task_runner.py:104} INFO - Running: ['***', 'tasks', 'run', 'scrape_and_save_share_prices_with_company_data', 'create_share_prices_table', 'scheduled__2023-10-25T00:00:00+00:00', '--job-id', '1221', '--raw', '--subdir', 'DAGS_FOLDER/dag.py', '--cfg-path', '/tmp/tmpzm2ge3un']
[2024-09-27T18:15:22.757+0000] {standard_task_runner.py:105} INFO - Job 1221: Subtask create_share_prices_table
[2024-09-27T18:15:23.190+0000] {task_command.py:467} INFO - Running <TaskInstance: scrape_and_save_share_prices_with_company_data.create_share_prices_table scheduled__2023-10-25T00:00:00+00:00 [running]> on host 13b5797a93ab
[2024-09-27T18:15:23.815+0000] {taskinstance.py:3131} INFO - Exporting env vars: AIRFLOW_CTX_DAG_OWNER='***' AIRFLOW_CTX_DAG_ID='scrape_and_save_share_prices_with_company_data' AIRFLOW_CTX_TASK_ID='create_share_prices_table' AIRFLOW_CTX_EXECUTION_DATE='2023-10-25T00:00:00+00:00' AIRFLOW_CTX_TRY_NUMBER='1' AIRFLOW_CTX_DAG_RUN_ID='scheduled__2023-10-25T00:00:00+00:00'
[2024-09-27T18:15:23.838+0000] {logging_mixin.py:190} INFO - Task instance is in running state
[2024-09-27T18:15:23.846+0000] {logging_mixin.py:190} INFO -  Previous state of the Task instance: queued
[2024-09-27T18:15:23.850+0000] {logging_mixin.py:190} INFO - Current task name:create_share_prices_table state:running start_date:2024-09-27 18:15:22.267244+00:00
[2024-09-27T18:15:23.859+0000] {logging_mixin.py:190} INFO - Dag name:scrape_and_save_share_prices_with_company_data and current dag run status:running
[2024-09-27T18:15:23.861+0000] {taskinstance.py:731} INFO - ::endgroup::
[2024-09-27T18:15:23.905+0000] {base.py:84} INFO - Retrieving connection 'dse_connection'
[2024-09-27T18:15:23.961+0000] {sql.py:509} INFO - Running statement: 
        CREATE TABLE IF NOT EXISTS company_share_prices (
            id SERIAL,
            company_id INTEGER NOT NULL,
            date DATE,
            latest_trading_price VARCHAR(50),
            low_price VARCHAR(50),
            high_price VARCHAR(50),
            closing_price VARCHAR(50),
            ycp VARCHAR(50),
            change VARCHAR(10),
            trade VARCHAR(50),
            value VARCHAR(50),
            volume VARCHAR(50),
            PRIMARY KEY(company_id, id),
            FOREIGN KEY(company_id)
                REFERENCES company_list(company_id)
                ON UPDATE CASCADE ON DELETE CASCADE
        );
    , parameters: None
[2024-09-27T18:15:23.964+0000] {python.py:240} INFO - Done. Returned value was: None
[2024-09-27T18:15:24.034+0000] {taskinstance.py:340} INFO - ::group::Post task execution logs
[2024-09-27T18:15:24.045+0000] {taskinstance.py:352} INFO - Marking task as SUCCESS. dag_id=scrape_and_save_share_prices_with_company_data, task_id=create_share_prices_table, run_id=scheduled__2023-10-25T00:00:00+00:00, execution_date=20231025T000000, start_date=20240927T181522, end_date=20240927T181524
[2024-09-27T18:15:24.149+0000] {logging_mixin.py:190} INFO - Task instance in success state
[2024-09-27T18:15:24.160+0000] {logging_mixin.py:190} INFO -  Previous state of the Task instance: running
[2024-09-27T18:15:24.187+0000] {logging_mixin.py:190} INFO - Dag name:scrape_and_save_share_prices_with_company_data queued_at:2024-09-27 18:13:35.226272+00:00
[2024-09-27T18:15:24.224+0000] {logging_mixin.py:190} INFO - Task hostname:13b5797a93ab operator:PythonOperator
[2024-09-27T18:15:24.358+0000] {local_task_job_runner.py:266} INFO - Task exited with return code 0
[2024-09-27T18:15:24.496+0000] {taskinstance.py:3900} INFO - 1 downstream tasks scheduled from follow-on schedule check
[2024-09-27T18:15:24.509+0000] {local_task_job_runner.py:245} INFO - ::endgroup::
[2024-09-27T22:04:13.736+0000] {local_task_job_runner.py:123} INFO - ::group::Pre task execution logs
[2024-09-27T22:04:13.797+0000] {taskinstance.py:2612} INFO - Dependencies all met for dep_context=non-requeueable deps ti=<TaskInstance: scrape_and_save_share_prices_with_company_data.create_share_prices_table scheduled__2023-10-25T00:00:00+00:00 [queued]>
[2024-09-27T22:04:13.837+0000] {taskinstance.py:2612} INFO - Dependencies all met for dep_context=requeueable deps ti=<TaskInstance: scrape_and_save_share_prices_with_company_data.create_share_prices_table scheduled__2023-10-25T00:00:00+00:00 [queued]>
[2024-09-27T22:04:13.838+0000] {taskinstance.py:2865} INFO - Starting attempt 1 of 2
[2024-09-27T22:04:13.883+0000] {taskinstance.py:2888} INFO - Executing <Task(PythonOperator): create_share_prices_table> on 2023-10-25 00:00:00+00:00
[2024-09-27T22:04:13.900+0000] {warnings.py:112} WARNING - /home/***/.local/lib/python3.12/site-packages/***/task/task_runner/standard_task_runner.py:70: DeprecationWarning: This process (pid=1093) is multi-threaded, use of fork() may lead to deadlocks in the child.
  pid = os.fork()

[2024-09-27T22:04:13.909+0000] {standard_task_runner.py:72} INFO - Started process 1106 to run task
[2024-09-27T22:04:13.915+0000] {standard_task_runner.py:104} INFO - Running: ['***', 'tasks', 'run', 'scrape_and_save_share_prices_with_company_data', 'create_share_prices_table', 'scheduled__2023-10-25T00:00:00+00:00', '--job-id', '2273', '--raw', '--subdir', 'DAGS_FOLDER/dag.py', '--cfg-path', '/tmp/tmp6457air5']
[2024-09-27T22:04:13.927+0000] {standard_task_runner.py:105} INFO - Job 2273: Subtask create_share_prices_table
[2024-09-27T22:04:14.163+0000] {task_command.py:467} INFO - Running <TaskInstance: scrape_and_save_share_prices_with_company_data.create_share_prices_table scheduled__2023-10-25T00:00:00+00:00 [running]> on host fd62fe12432d
[2024-09-27T22:04:14.561+0000] {taskinstance.py:3131} INFO - Exporting env vars: AIRFLOW_CTX_DAG_OWNER='***' AIRFLOW_CTX_DAG_ID='scrape_and_save_share_prices_with_company_data' AIRFLOW_CTX_TASK_ID='create_share_prices_table' AIRFLOW_CTX_EXECUTION_DATE='2023-10-25T00:00:00+00:00' AIRFLOW_CTX_TRY_NUMBER='1' AIRFLOW_CTX_DAG_RUN_ID='scheduled__2023-10-25T00:00:00+00:00'
[2024-09-27T22:04:14.568+0000] {logging_mixin.py:190} INFO - Task instance is in running state
[2024-09-27T22:04:14.569+0000] {logging_mixin.py:190} INFO -  Previous state of the Task instance: queued
[2024-09-27T22:04:14.570+0000] {logging_mixin.py:190} INFO - Current task name:create_share_prices_table state:running start_date:2024-09-27 22:04:13.802600+00:00
[2024-09-27T22:04:14.571+0000] {logging_mixin.py:190} INFO - Dag name:scrape_and_save_share_prices_with_company_data and current dag run status:running
[2024-09-27T22:04:14.575+0000] {taskinstance.py:731} INFO - ::endgroup::
[2024-09-27T22:04:14.608+0000] {base.py:84} INFO - Retrieving connection 'dse_connection'
[2024-09-27T22:04:14.627+0000] {sql.py:509} INFO - Running statement: 
        CREATE TABLE IF NOT EXISTS company_share_prices (
            id SERIAL,
            company_id INTEGER NOT NULL,
            date DATE,
            latest_trading_price VARCHAR(50),
            low_price VARCHAR(50),
            high_price VARCHAR(50),
            closing_price VARCHAR(50),
            ycp VARCHAR(50),
            change VARCHAR(10),
            trade VARCHAR(50),
            value VARCHAR(50),
            volume VARCHAR(50),
            PRIMARY KEY(company_id, id),
            FOREIGN KEY(company_id)
                REFERENCES company_list(company_id)
                ON UPDATE CASCADE ON DELETE CASCADE
        );
    , parameters: None
[2024-09-27T22:04:14.641+0000] {python.py:240} INFO - Done. Returned value was: None
[2024-09-27T22:04:14.685+0000] {taskinstance.py:340} INFO - ::group::Post task execution logs
[2024-09-27T22:04:14.687+0000] {taskinstance.py:352} INFO - Marking task as SUCCESS. dag_id=scrape_and_save_share_prices_with_company_data, task_id=create_share_prices_table, run_id=scheduled__2023-10-25T00:00:00+00:00, execution_date=20231025T000000, start_date=20240927T220413, end_date=20240927T220414
[2024-09-27T22:04:14.720+0000] {logging_mixin.py:190} INFO - Task instance in success state
[2024-09-27T22:04:14.723+0000] {logging_mixin.py:190} INFO -  Previous state of the Task instance: running
[2024-09-27T22:04:14.728+0000] {logging_mixin.py:190} INFO - Dag name:scrape_and_save_share_prices_with_company_data queued_at:2024-09-27 22:03:26.964908+00:00
[2024-09-27T22:04:14.730+0000] {logging_mixin.py:190} INFO - Task hostname:fd62fe12432d operator:PythonOperator
[2024-09-27T22:04:14.779+0000] {local_task_job_runner.py:266} INFO - Task exited with return code 0
[2024-09-27T22:04:14.866+0000] {taskinstance.py:3900} INFO - 1 downstream tasks scheduled from follow-on schedule check
[2024-09-27T22:04:14.880+0000] {local_task_job_runner.py:245} INFO - ::endgroup::
[2024-09-27T22:41:56.849+0000] {local_task_job_runner.py:123} INFO - ::group::Pre task execution logs
[2024-09-27T22:41:56.897+0000] {taskinstance.py:2612} INFO - Dependencies all met for dep_context=non-requeueable deps ti=<TaskInstance: scrape_and_save_share_prices_with_company_data.create_share_prices_table scheduled__2023-10-25T00:00:00+00:00 [queued]>
[2024-09-27T22:41:56.919+0000] {taskinstance.py:2612} INFO - Dependencies all met for dep_context=requeueable deps ti=<TaskInstance: scrape_and_save_share_prices_with_company_data.create_share_prices_table scheduled__2023-10-25T00:00:00+00:00 [queued]>
[2024-09-27T22:41:56.920+0000] {taskinstance.py:2865} INFO - Starting attempt 1 of 2
[2024-09-27T22:41:57.085+0000] {taskinstance.py:2888} INFO - Executing <Task(PythonOperator): create_share_prices_table> on 2023-10-25 00:00:00+00:00
[2024-09-27T22:41:57.113+0000] {warnings.py:112} WARNING - /home/***/.local/lib/python3.12/site-packages/***/task/task_runner/standard_task_runner.py:70: DeprecationWarning: This process (pid=628) is multi-threaded, use of fork() may lead to deadlocks in the child.
  pid = os.fork()

[2024-09-27T22:41:57.118+0000] {standard_task_runner.py:72} INFO - Started process 649 to run task
[2024-09-27T22:41:57.138+0000] {standard_task_runner.py:104} INFO - Running: ['***', 'tasks', 'run', 'scrape_and_save_share_prices_with_company_data', 'create_share_prices_table', 'scheduled__2023-10-25T00:00:00+00:00', '--job-id', '2696', '--raw', '--subdir', 'DAGS_FOLDER/dag.py', '--cfg-path', '/tmp/tmpnvbt2i85']
[2024-09-27T22:41:57.148+0000] {standard_task_runner.py:105} INFO - Job 2696: Subtask create_share_prices_table
[2024-09-27T22:41:57.349+0000] {task_command.py:467} INFO - Running <TaskInstance: scrape_and_save_share_prices_with_company_data.create_share_prices_table scheduled__2023-10-25T00:00:00+00:00 [running]> on host 7746de5121f6
[2024-09-27T22:41:57.716+0000] {taskinstance.py:3131} INFO - Exporting env vars: AIRFLOW_CTX_DAG_OWNER='***' AIRFLOW_CTX_DAG_ID='scrape_and_save_share_prices_with_company_data' AIRFLOW_CTX_TASK_ID='create_share_prices_table' AIRFLOW_CTX_EXECUTION_DATE='2023-10-25T00:00:00+00:00' AIRFLOW_CTX_TRY_NUMBER='1' AIRFLOW_CTX_DAG_RUN_ID='scheduled__2023-10-25T00:00:00+00:00'
[2024-09-27T22:41:57.731+0000] {logging_mixin.py:190} INFO - Task instance is in running state
[2024-09-27T22:41:57.733+0000] {logging_mixin.py:190} INFO -  Previous state of the Task instance: queued
[2024-09-27T22:41:57.736+0000] {logging_mixin.py:190} INFO - Current task name:create_share_prices_table state:running start_date:2024-09-27 22:41:56.899878+00:00
[2024-09-27T22:41:57.738+0000] {logging_mixin.py:190} INFO - Dag name:scrape_and_save_share_prices_with_company_data and current dag run status:running
[2024-09-27T22:41:57.740+0000] {taskinstance.py:731} INFO - ::endgroup::
[2024-09-27T22:41:57.792+0000] {base.py:84} INFO - Retrieving connection 'dse_connection'
[2024-09-27T22:41:57.816+0000] {sql.py:509} INFO - Running statement: 
        CREATE TABLE IF NOT EXISTS company_share_prices (
            id SERIAL,
            company_id INTEGER NOT NULL,
            date DATE,
            latest_trading_price VARCHAR(50),
            low_price VARCHAR(50),
            high_price VARCHAR(50),
            closing_price VARCHAR(50),
            ycp VARCHAR(50),
            change VARCHAR(10),
            trade VARCHAR(50),
            value VARCHAR(50),
            volume VARCHAR(50),
            PRIMARY KEY(company_id, id),
            FOREIGN KEY(company_id)
                REFERENCES company_list(company_id)
                ON UPDATE CASCADE ON DELETE CASCADE
        );
    , parameters: None
[2024-09-27T22:41:57.830+0000] {python.py:240} INFO - Done. Returned value was: None
[2024-09-27T22:41:57.854+0000] {taskinstance.py:340} INFO - ::group::Post task execution logs
[2024-09-27T22:41:57.856+0000] {taskinstance.py:352} INFO - Marking task as SUCCESS. dag_id=scrape_and_save_share_prices_with_company_data, task_id=create_share_prices_table, run_id=scheduled__2023-10-25T00:00:00+00:00, execution_date=20231025T000000, start_date=20240927T224156, end_date=20240927T224157
[2024-09-27T22:41:57.906+0000] {logging_mixin.py:190} INFO - Task instance in success state
[2024-09-27T22:41:57.907+0000] {logging_mixin.py:190} INFO -  Previous state of the Task instance: running
[2024-09-27T22:41:57.909+0000] {logging_mixin.py:190} INFO - Dag name:scrape_and_save_share_prices_with_company_data queued_at:2024-09-27 22:41:06.206532+00:00
[2024-09-27T22:41:57.910+0000] {logging_mixin.py:190} INFO - Task hostname:7746de5121f6 operator:PythonOperator
[2024-09-27T22:41:57.969+0000] {local_task_job_runner.py:266} INFO - Task exited with return code 0
[2024-09-27T22:41:58.037+0000] {taskinstance.py:3900} INFO - 1 downstream tasks scheduled from follow-on schedule check
[2024-09-27T22:41:58.052+0000] {local_task_job_runner.py:245} INFO - ::endgroup::
