[2024-10-10T17:37:05.065+0000] {local_task_job_runner.py:123} INFO - ::group::Pre task execution logs
[2024-10-10T17:37:05.159+0000] {taskinstance.py:2612} INFO - Dependencies all met for dep_context=non-requeueable deps ti=<TaskInstance: scrape_and_save_share_prices_with_company_data.create_company_table scheduled__2024-10-09T00:00:00+00:00 [queued]>
[2024-10-10T17:37:05.225+0000] {taskinstance.py:2612} INFO - Dependencies all met for dep_context=requeueable deps ti=<TaskInstance: scrape_and_save_share_prices_with_company_data.create_company_table scheduled__2024-10-09T00:00:00+00:00 [queued]>
[2024-10-10T17:37:05.374+0000] {taskinstance.py:2865} INFO - Starting attempt 1 of 2
[2024-10-10T17:37:05.612+0000] {taskinstance.py:2888} INFO - Executing <Task(PythonOperator): create_company_table> on 2024-10-09 00:00:00+00:00
[2024-10-10T17:37:05.697+0000] {warnings.py:112} WARNING - /home/***/.local/lib/python3.12/site-packages/***/task/task_runner/standard_task_runner.py:70: DeprecationWarning: This process (pid=1222) is multi-threaded, use of fork() may lead to deadlocks in the child.
  pid = os.fork()

[2024-10-10T17:37:05.731+0000] {standard_task_runner.py:72} INFO - Started process 1241 to run task
[2024-10-10T17:37:05.805+0000] {standard_task_runner.py:104} INFO - Running: ['***', 'tasks', 'run', 'scrape_and_save_share_prices_with_company_data', 'create_company_table', 'scheduled__2024-10-09T00:00:00+00:00', '--job-id', '4266', '--raw', '--subdir', 'DAGS_FOLDER/dag.py', '--cfg-path', '/tmp/tmpwg73d28w']
[2024-10-10T17:37:05.821+0000] {standard_task_runner.py:105} INFO - Job 4266: Subtask create_company_table
[2024-10-10T17:37:06.443+0000] {task_command.py:467} INFO - Running <TaskInstance: scrape_and_save_share_prices_with_company_data.create_company_table scheduled__2024-10-09T00:00:00+00:00 [running]> on host 7746de5121f6
[2024-10-10T17:37:07.926+0000] {taskinstance.py:3131} INFO - Exporting env vars: AIRFLOW_CTX_DAG_OWNER='***' AIRFLOW_CTX_DAG_ID='scrape_and_save_share_prices_with_company_data' AIRFLOW_CTX_TASK_ID='create_company_table' AIRFLOW_CTX_EXECUTION_DATE='2024-10-09T00:00:00+00:00' AIRFLOW_CTX_TRY_NUMBER='1' AIRFLOW_CTX_DAG_RUN_ID='scheduled__2024-10-09T00:00:00+00:00'
[2024-10-10T17:37:07.971+0000] {logging_mixin.py:190} INFO - Task instance is in running state
[2024-10-10T17:37:07.991+0000] {logging_mixin.py:190} INFO -  Previous state of the Task instance: queued
[2024-10-10T17:37:08.004+0000] {logging_mixin.py:190} INFO - Current task name:create_company_table state:running start_date:2024-10-10 17:37:05.160682+00:00
[2024-10-10T17:37:08.020+0000] {logging_mixin.py:190} INFO - Dag name:scrape_and_save_share_prices_with_company_data and current dag run status:running
[2024-10-10T17:37:08.045+0000] {taskinstance.py:731} INFO - ::endgroup::
[2024-10-10T17:37:08.175+0000] {base.py:84} INFO - Retrieving connection 'dse_connection'
[2024-10-10T17:37:08.222+0000] {sql.py:509} INFO - Running statement: 
        CREATE TABLE IF NOT EXISTS company_list (
            company_id SERIAL PRIMARY KEY,
            company_trade_name VARCHAR(255) NOT NULL,
            company_url VARCHAR(255) NOT NULL,
            UNIQUE(company_trade_name)
        );
    , parameters: None
[2024-10-10T17:37:08.291+0000] {python.py:240} INFO - Done. Returned value was: None
[2024-10-10T17:37:08.373+0000] {taskinstance.py:340} INFO - ::group::Post task execution logs
[2024-10-10T17:37:08.384+0000] {taskinstance.py:352} INFO - Marking task as SUCCESS. dag_id=scrape_and_save_share_prices_with_company_data, task_id=create_company_table, run_id=scheduled__2024-10-09T00:00:00+00:00, execution_date=20241009T000000, start_date=20241010T173705, end_date=20241010T173708
[2024-10-10T17:37:08.516+0000] {logging_mixin.py:190} INFO - Task instance in success state
[2024-10-10T17:37:08.526+0000] {logging_mixin.py:190} INFO -  Previous state of the Task instance: running
[2024-10-10T17:37:08.541+0000] {logging_mixin.py:190} INFO - Dag name:scrape_and_save_share_prices_with_company_data queued_at:2024-10-10 17:36:14.640923+00:00
[2024-10-10T17:37:08.542+0000] {logging_mixin.py:190} INFO - Task hostname:7746de5121f6 operator:PythonOperator
[2024-10-10T17:37:08.690+0000] {local_task_job_runner.py:266} INFO - Task exited with return code 0
[2024-10-10T17:37:08.794+0000] {local_task_job_runner.py:245} INFO - ::endgroup::
