[2024-09-27T19:44:20.409+0000] {local_task_job_runner.py:123} INFO - ::group::Pre task execution logs
[2024-09-27T19:44:20.432+0000] {taskinstance.py:2612} INFO - Dependencies all met for dep_context=non-requeueable deps ti=<TaskInstance: scrape_and_save_share_prices_with_company_data.create_company_table scheduled__2024-05-17T00:00:00+00:00 [queued]>
[2024-09-27T19:44:20.446+0000] {taskinstance.py:2612} INFO - Dependencies all met for dep_context=requeueable deps ti=<TaskInstance: scrape_and_save_share_prices_with_company_data.create_company_table scheduled__2024-05-17T00:00:00+00:00 [queued]>
[2024-09-27T19:44:20.522+0000] {taskinstance.py:2865} INFO - Starting attempt 1 of 2
[2024-09-27T19:44:20.564+0000] {taskinstance.py:2888} INFO - Executing <Task(PythonOperator): create_company_table> on 2024-05-17 00:00:00+00:00
[2024-09-27T19:44:20.577+0000] {warnings.py:112} WARNING - /home/***/.local/lib/python3.12/site-packages/***/task/task_runner/standard_task_runner.py:70: DeprecationWarning: This process (pid=743) is multi-threaded, use of fork() may lead to deadlocks in the child.
  pid = os.fork()

[2024-09-27T19:44:20.581+0000] {standard_task_runner.py:72} INFO - Started process 756 to run task
[2024-09-27T19:44:20.583+0000] {standard_task_runner.py:104} INFO - Running: ['***', 'tasks', 'run', 'scrape_and_save_share_prices_with_company_data', 'create_company_table', 'scheduled__2024-05-17T00:00:00+00:00', '--job-id', '2067', '--raw', '--subdir', 'DAGS_FOLDER/dag.py', '--cfg-path', '/tmp/tmpn91wmq5u']
[2024-09-27T19:44:20.586+0000] {standard_task_runner.py:105} INFO - Job 2067: Subtask create_company_table
[2024-09-27T19:44:20.713+0000] {task_command.py:467} INFO - Running <TaskInstance: scrape_and_save_share_prices_with_company_data.create_company_table scheduled__2024-05-17T00:00:00+00:00 [running]> on host f199b4684a92
[2024-09-27T19:44:20.925+0000] {taskinstance.py:3131} INFO - Exporting env vars: AIRFLOW_CTX_DAG_OWNER='***' AIRFLOW_CTX_DAG_ID='scrape_and_save_share_prices_with_company_data' AIRFLOW_CTX_TASK_ID='create_company_table' AIRFLOW_CTX_EXECUTION_DATE='2024-05-17T00:00:00+00:00' AIRFLOW_CTX_TRY_NUMBER='1' AIRFLOW_CTX_DAG_RUN_ID='scheduled__2024-05-17T00:00:00+00:00'
[2024-09-27T19:44:20.927+0000] {logging_mixin.py:190} INFO - Task instance is in running state
[2024-09-27T19:44:20.928+0000] {logging_mixin.py:190} INFO -  Previous state of the Task instance: queued
[2024-09-27T19:44:20.930+0000] {logging_mixin.py:190} INFO - Current task name:create_company_table state:running start_date:2024-09-27 19:44:20.433711+00:00
[2024-09-27T19:44:20.931+0000] {logging_mixin.py:190} INFO - Dag name:scrape_and_save_share_prices_with_company_data and current dag run status:running
[2024-09-27T19:44:20.932+0000] {taskinstance.py:731} INFO - ::endgroup::
[2024-09-27T19:44:20.947+0000] {base.py:84} INFO - Retrieving connection 'dse_connection'
[2024-09-27T19:44:42.808+0000] {logging_mixin.py:190} INFO - Error creating company table: connection to server at "172.23.0.3", port 5432 failed: Connection refused
	Is the server running on that host and accepting TCP/IP connections?
[2024-09-27T19:44:42.809+0000] {python.py:240} INFO - Done. Returned value was: None
[2024-09-27T19:44:42.841+0000] {taskinstance.py:340} INFO - ::group::Post task execution logs
[2024-09-27T19:44:42.842+0000] {taskinstance.py:352} INFO - Marking task as SUCCESS. dag_id=scrape_and_save_share_prices_with_company_data, task_id=create_company_table, run_id=scheduled__2024-05-17T00:00:00+00:00, execution_date=20240517T000000, start_date=20240927T194420, end_date=20240927T194442
[2024-09-27T19:44:42.872+0000] {logging_mixin.py:190} INFO - Task instance in success state
[2024-09-27T19:44:42.873+0000] {logging_mixin.py:190} INFO -  Previous state of the Task instance: running
[2024-09-27T19:44:42.874+0000] {logging_mixin.py:190} INFO - Dag name:scrape_and_save_share_prices_with_company_data queued_at:2024-09-27 19:44:06.193536+00:00
[2024-09-27T19:44:42.876+0000] {logging_mixin.py:190} INFO - Task hostname:f199b4684a92 operator:PythonOperator
[2024-09-27T19:44:42.928+0000] {local_task_job_runner.py:266} INFO - Task exited with return code 0
[2024-09-27T19:44:42.993+0000] {taskinstance.py:3900} INFO - 1 downstream tasks scheduled from follow-on schedule check
[2024-09-27T19:44:42.998+0000] {local_task_job_runner.py:245} INFO - ::endgroup::
[2024-09-27T23:23:14.603+0000] {local_task_job_runner.py:123} INFO - ::group::Pre task execution logs
[2024-09-27T23:23:14.688+0000] {taskinstance.py:2612} INFO - Dependencies all met for dep_context=non-requeueable deps ti=<TaskInstance: scrape_and_save_share_prices_with_company_data.create_company_table scheduled__2024-05-17T00:00:00+00:00 [queued]>
[2024-09-27T23:23:14.723+0000] {taskinstance.py:2612} INFO - Dependencies all met for dep_context=requeueable deps ti=<TaskInstance: scrape_and_save_share_prices_with_company_data.create_company_table scheduled__2024-05-17T00:00:00+00:00 [queued]>
[2024-09-27T23:23:14.725+0000] {taskinstance.py:2865} INFO - Starting attempt 1 of 2
[2024-09-27T23:23:14.790+0000] {taskinstance.py:2888} INFO - Executing <Task(PythonOperator): create_company_table> on 2024-05-17 00:00:00+00:00
[2024-09-27T23:23:14.837+0000] {standard_task_runner.py:104} INFO - Running: ['***', 'tasks', 'run', 'scrape_and_save_share_prices_with_company_data', 'create_company_table', 'scheduled__2024-05-17T00:00:00+00:00', '--job-id', '3536', '--raw', '--subdir', 'DAGS_FOLDER/dag.py', '--cfg-path', '/tmp/tmpy4lde46i']
[2024-09-27T23:23:14.844+0000] {standard_task_runner.py:105} INFO - Job 3536: Subtask create_company_table
[2024-09-27T23:23:14.870+0000] {warnings.py:112} WARNING - /home/***/.local/lib/python3.12/site-packages/***/task/task_runner/standard_task_runner.py:70: DeprecationWarning: This process (pid=4411) is multi-threaded, use of fork() may lead to deadlocks in the child.
  pid = os.fork()

[2024-09-27T23:23:14.876+0000] {standard_task_runner.py:72} INFO - Started process 4426 to run task
[2024-09-27T23:23:15.192+0000] {task_command.py:467} INFO - Running <TaskInstance: scrape_and_save_share_prices_with_company_data.create_company_table scheduled__2024-05-17T00:00:00+00:00 [running]> on host 7746de5121f6
[2024-09-27T23:23:15.925+0000] {taskinstance.py:3131} INFO - Exporting env vars: AIRFLOW_CTX_DAG_OWNER='***' AIRFLOW_CTX_DAG_ID='scrape_and_save_share_prices_with_company_data' AIRFLOW_CTX_TASK_ID='create_company_table' AIRFLOW_CTX_EXECUTION_DATE='2024-05-17T00:00:00+00:00' AIRFLOW_CTX_TRY_NUMBER='1' AIRFLOW_CTX_DAG_RUN_ID='scheduled__2024-05-17T00:00:00+00:00'
[2024-09-27T23:23:15.928+0000] {logging_mixin.py:190} INFO - Task instance is in running state
[2024-09-27T23:23:15.940+0000] {logging_mixin.py:190} INFO -  Previous state of the Task instance: queued
[2024-09-27T23:23:15.950+0000] {logging_mixin.py:190} INFO - Current task name:create_company_table state:running start_date:2024-09-27 23:23:14.691165+00:00
[2024-09-27T23:23:15.951+0000] {logging_mixin.py:190} INFO - Dag name:scrape_and_save_share_prices_with_company_data and current dag run status:running
[2024-09-27T23:23:15.952+0000] {taskinstance.py:731} INFO - ::endgroup::
[2024-09-27T23:23:16.029+0000] {base.py:84} INFO - Retrieving connection 'dse_connection'
[2024-09-27T23:23:16.061+0000] {sql.py:509} INFO - Running statement: 
        CREATE TABLE IF NOT EXISTS company_list (
            company_id SERIAL PRIMARY KEY,
            company_trade_name VARCHAR(255) NOT NULL,
            company_url VARCHAR(255) NOT NULL,
            UNIQUE(company_trade_name)
        );
    , parameters: None
[2024-09-27T23:23:16.067+0000] {python.py:240} INFO - Done. Returned value was: None
[2024-09-27T23:23:16.126+0000] {taskinstance.py:340} INFO - ::group::Post task execution logs
[2024-09-27T23:23:16.133+0000] {taskinstance.py:352} INFO - Marking task as SUCCESS. dag_id=scrape_and_save_share_prices_with_company_data, task_id=create_company_table, run_id=scheduled__2024-05-17T00:00:00+00:00, execution_date=20240517T000000, start_date=20240927T232314, end_date=20240927T232316
[2024-09-27T23:23:16.182+0000] {logging_mixin.py:190} INFO - Task instance in success state
[2024-09-27T23:23:16.184+0000] {logging_mixin.py:190} INFO -  Previous state of the Task instance: running
[2024-09-27T23:23:16.187+0000] {logging_mixin.py:190} INFO - Dag name:scrape_and_save_share_prices_with_company_data queued_at:2024-09-27 23:23:06.172493+00:00
[2024-09-27T23:23:16.194+0000] {logging_mixin.py:190} INFO - Task hostname:7746de5121f6 operator:PythonOperator
[2024-09-27T23:23:16.268+0000] {local_task_job_runner.py:266} INFO - Task exited with return code 0
[2024-09-27T23:23:16.396+0000] {taskinstance.py:3900} INFO - 1 downstream tasks scheduled from follow-on schedule check
[2024-09-27T23:23:16.400+0000] {local_task_job_runner.py:245} INFO - ::endgroup::
