[2024-09-27T23:46:25.307+0000] {local_task_job_runner.py:123} INFO - ::group::Pre task execution logs
[2024-09-27T23:46:25.613+0000] {taskinstance.py:2612} INFO - Dependencies all met for dep_context=non-requeueable deps ti=<TaskInstance: scrape_and_save_share_prices_with_company_data.insert_company_data scheduled__2024-08-29T00:00:00+00:00 [queued]>
[2024-09-27T23:46:25.706+0000] {taskinstance.py:2612} INFO - Dependencies all met for dep_context=requeueable deps ti=<TaskInstance: scrape_and_save_share_prices_with_company_data.insert_company_data scheduled__2024-08-29T00:00:00+00:00 [queued]>
[2024-09-27T23:46:25.720+0000] {taskinstance.py:2865} INFO - Starting attempt 1 of 2
[2024-09-27T23:46:26.134+0000] {taskinstance.py:2888} INFO - Executing <Task(PythonOperator): insert_company_data> on 2024-08-29 00:00:00+00:00
[2024-09-27T23:46:26.150+0000] {warnings.py:112} WARNING - /home/***/.local/lib/python3.12/site-packages/***/task/task_runner/standard_task_runner.py:70: DeprecationWarning: This process (pid=6350) is multi-threaded, use of fork() may lead to deadlocks in the child.
  pid = os.fork()

[2024-09-27T23:46:26.161+0000] {standard_task_runner.py:72} INFO - Started process 6388 to run task
[2024-09-27T23:46:26.169+0000] {standard_task_runner.py:104} INFO - Running: ['***', 'tasks', 'run', 'scrape_and_save_share_prices_with_company_data', 'insert_company_data', 'scheduled__2024-08-29T00:00:00+00:00', '--job-id', '3968', '--raw', '--subdir', 'DAGS_FOLDER/dag.py', '--cfg-path', '/tmp/tmpti44nf7g']
[2024-09-27T23:46:26.173+0000] {standard_task_runner.py:105} INFO - Job 3968: Subtask insert_company_data
[2024-09-27T23:46:26.421+0000] {task_command.py:467} INFO - Running <TaskInstance: scrape_and_save_share_prices_with_company_data.insert_company_data scheduled__2024-08-29T00:00:00+00:00 [running]> on host 7746de5121f6
[2024-09-27T23:46:26.881+0000] {taskinstance.py:3131} INFO - Exporting env vars: AIRFLOW_CTX_DAG_OWNER='***' AIRFLOW_CTX_DAG_ID='scrape_and_save_share_prices_with_company_data' AIRFLOW_CTX_TASK_ID='insert_company_data' AIRFLOW_CTX_EXECUTION_DATE='2024-08-29T00:00:00+00:00' AIRFLOW_CTX_TRY_NUMBER='1' AIRFLOW_CTX_DAG_RUN_ID='scheduled__2024-08-29T00:00:00+00:00'
[2024-09-27T23:46:26.884+0000] {logging_mixin.py:190} INFO - Task instance is in running state
[2024-09-27T23:46:26.910+0000] {logging_mixin.py:190} INFO -  Previous state of the Task instance: queued
[2024-09-27T23:46:26.920+0000] {logging_mixin.py:190} INFO - Current task name:insert_company_data state:running start_date:2024-09-27 23:46:25.619940+00:00
[2024-09-27T23:46:26.928+0000] {logging_mixin.py:190} INFO - Dag name:scrape_and_save_share_prices_with_company_data and current dag run status:running
[2024-09-27T23:46:26.933+0000] {taskinstance.py:731} INFO - ::endgroup::
[2024-09-27T23:46:35.910+0000] {base.py:84} INFO - Retrieving connection 'dse_connection'
[2024-09-27T23:46:35.939+0000] {sql.py:509} INFO - Running statement: 
        INSERT INTO company_list (company_trade_name, company_url) 
        VALUES (%s, %s)
        ON CONFLICT (company_trade_name) DO NOTHING;
    , parameters: ('1JANATAMF', 'https://www.dse.com.bd/displayCompany.php?name=1JANATAMF')
[2024-09-27T23:46:35.971+0000] {sql.py:518} INFO - Rows affected: 0
[2024-09-27T23:46:36.029+0000] {base.py:84} INFO - Retrieving connection 'dse_connection'
[2024-09-27T23:46:36.045+0000] {sql.py:509} INFO - Running statement: 
        INSERT INTO company_list (company_trade_name, company_url) 
        VALUES (%s, %s)
        ON CONFLICT (company_trade_name) DO NOTHING;
    , parameters: ('1STPRIMFMF', 'https://www.dse.com.bd/displayCompany.php?name=1STPRIMFMF')
[2024-09-27T23:46:36.049+0000] {sql.py:518} INFO - Rows affected: 0
[2024-09-27T23:46:36.073+0000] {base.py:84} INFO - Retrieving connection 'dse_connection'
[2024-09-27T23:46:36.116+0000] {sql.py:509} INFO - Running statement: 
        INSERT INTO company_list (company_trade_name, company_url) 
        VALUES (%s, %s)
        ON CONFLICT (company_trade_name) DO NOTHING;
    , parameters: ('AAMRANET', 'https://www.dse.com.bd/displayCompany.php?name=AAMRANET')
[2024-09-27T23:46:36.122+0000] {sql.py:518} INFO - Rows affected: 0
[2024-09-27T23:46:36.158+0000] {base.py:84} INFO - Retrieving connection 'dse_connection'
[2024-09-27T23:46:36.200+0000] {sql.py:509} INFO - Running statement: 
        INSERT INTO company_list (company_trade_name, company_url) 
        VALUES (%s, %s)
        ON CONFLICT (company_trade_name) DO NOTHING;
    , parameters: ('AAMRATECH', 'https://www.dse.com.bd/displayCompany.php?name=AAMRATECH')
[2024-09-27T23:46:36.220+0000] {sql.py:518} INFO - Rows affected: 0
[2024-09-27T23:46:36.344+0000] {base.py:84} INFO - Retrieving connection 'dse_connection'
[2024-09-27T23:46:36.375+0000] {sql.py:509} INFO - Running statement: 
        INSERT INTO company_list (company_trade_name, company_url) 
        VALUES (%s, %s)
        ON CONFLICT (company_trade_name) DO NOTHING;
    , parameters: ('ABB1STMF', 'https://www.dse.com.bd/displayCompany.php?name=ABB1STMF')
[2024-09-27T23:46:36.392+0000] {sql.py:518} INFO - Rows affected: 0
[2024-09-27T23:46:36.532+0000] {base.py:84} INFO - Retrieving connection 'dse_connection'
[2024-09-27T23:46:36.564+0000] {sql.py:509} INFO - Running statement: 
        INSERT INTO company_list (company_trade_name, company_url) 
        VALUES (%s, %s)
        ON CONFLICT (company_trade_name) DO NOTHING;
    , parameters: ('ABBANK', 'https://www.dse.com.bd/displayCompany.php?name=ABBANK')
[2024-09-27T23:46:36.567+0000] {sql.py:518} INFO - Rows affected: 0
[2024-09-27T23:46:36.614+0000] {base.py:84} INFO - Retrieving connection 'dse_connection'
[2024-09-27T23:46:36.630+0000] {sql.py:509} INFO - Running statement: 
        INSERT INTO company_list (company_trade_name, company_url) 
        VALUES (%s, %s)
        ON CONFLICT (company_trade_name) DO NOTHING;
    , parameters: ('ACFL', 'https://www.dse.com.bd/displayCompany.php?name=ACFL')
[2024-09-27T23:46:36.643+0000] {sql.py:518} INFO - Rows affected: 0
[2024-09-27T23:46:36.690+0000] {base.py:84} INFO - Retrieving connection 'dse_connection'
[2024-09-27T23:46:36.731+0000] {sql.py:509} INFO - Running statement: 
        INSERT INTO company_list (company_trade_name, company_url) 
        VALUES (%s, %s)
        ON CONFLICT (company_trade_name) DO NOTHING;
    , parameters: ('ACI', 'https://www.dse.com.bd/displayCompany.php?name=ACI')
[2024-09-27T23:46:36.740+0000] {sql.py:518} INFO - Rows affected: 0
[2024-09-27T23:46:36.788+0000] {base.py:84} INFO - Retrieving connection 'dse_connection'
[2024-09-27T23:46:36.821+0000] {sql.py:509} INFO - Running statement: 
        INSERT INTO company_list (company_trade_name, company_url) 
        VALUES (%s, %s)
        ON CONFLICT (company_trade_name) DO NOTHING;
    , parameters: ('ACIFORMULA', 'https://www.dse.com.bd/displayCompany.php?name=ACIFORMULA')
[2024-09-27T23:46:36.841+0000] {sql.py:518} INFO - Rows affected: 0
[2024-09-27T23:46:36.909+0000] {base.py:84} INFO - Retrieving connection 'dse_connection'
[2024-09-27T23:46:36.938+0000] {sql.py:509} INFO - Running statement: 
        INSERT INTO company_list (company_trade_name, company_url) 
        VALUES (%s, %s)
        ON CONFLICT (company_trade_name) DO NOTHING;
    , parameters: ('ACMELAB', 'https://www.dse.com.bd/displayCompany.php?name=ACMELAB')
[2024-09-27T23:46:36.947+0000] {sql.py:518} INFO - Rows affected: 0
[2024-09-27T23:46:36.978+0000] {base.py:84} INFO - Retrieving connection 'dse_connection'
[2024-09-27T23:46:36.992+0000] {sql.py:509} INFO - Running statement: 
        INSERT INTO company_list (company_trade_name, company_url) 
        VALUES (%s, %s)
        ON CONFLICT (company_trade_name) DO NOTHING;
    , parameters: ('ACMEPL', 'https://www.dse.com.bd/displayCompany.php?name=ACMEPL')
[2024-09-27T23:46:37.000+0000] {sql.py:518} INFO - Rows affected: 0
[2024-09-27T23:46:37.035+0000] {base.py:84} INFO - Retrieving connection 'dse_connection'
[2024-09-27T23:46:37.081+0000] {sql.py:509} INFO - Running statement: 
        INSERT INTO company_list (company_trade_name, company_url) 
        VALUES (%s, %s)
        ON CONFLICT (company_trade_name) DO NOTHING;
    , parameters: ('ACTIVEFINE', 'https://www.dse.com.bd/displayCompany.php?name=ACTIVEFINE')
[2024-09-27T23:46:37.100+0000] {sql.py:518} INFO - Rows affected: 0
[2024-09-27T23:46:37.129+0000] {base.py:84} INFO - Retrieving connection 'dse_connection'
[2024-09-27T23:46:37.141+0000] {sql.py:509} INFO - Running statement: 
        INSERT INTO company_list (company_trade_name, company_url) 
        VALUES (%s, %s)
        ON CONFLICT (company_trade_name) DO NOTHING;
    , parameters: ('ADNTEL', 'https://www.dse.com.bd/displayCompany.php?name=ADNTEL')
[2024-09-27T23:46:37.145+0000] {sql.py:518} INFO - Rows affected: 0
[2024-09-27T23:46:37.181+0000] {base.py:84} INFO - Retrieving connection 'dse_connection'
[2024-09-27T23:46:37.230+0000] {sql.py:509} INFO - Running statement: 
        INSERT INTO company_list (company_trade_name, company_url) 
        VALUES (%s, %s)
        ON CONFLICT (company_trade_name) DO NOTHING;
    , parameters: ('ADVENT', 'https://www.dse.com.bd/displayCompany.php?name=ADVENT')
[2024-09-27T23:46:37.266+0000] {sql.py:518} INFO - Rows affected: 0
[2024-09-27T23:46:37.339+0000] {base.py:84} INFO - Retrieving connection 'dse_connection'
[2024-09-27T23:46:37.381+0000] {sql.py:509} INFO - Running statement: 
        INSERT INTO company_list (company_trade_name, company_url) 
        VALUES (%s, %s)
        ON CONFLICT (company_trade_name) DO NOTHING;
    , parameters: ('AFCAGRO', 'https://www.dse.com.bd/displayCompany.php?name=AFCAGRO')
[2024-09-27T23:46:37.409+0000] {sql.py:518} INFO - Rows affected: 0
[2024-09-27T23:46:37.507+0000] {base.py:84} INFO - Retrieving connection 'dse_connection'
[2024-09-27T23:46:37.541+0000] {sql.py:509} INFO - Running statement: 
        INSERT INTO company_list (company_trade_name, company_url) 
        VALUES (%s, %s)
        ON CONFLICT (company_trade_name) DO NOTHING;
    , parameters: ('AFTABAUTO', 'https://www.dse.com.bd/displayCompany.php?name=AFTABAUTO')
[2024-09-27T23:46:37.583+0000] {sql.py:518} INFO - Rows affected: 0
[2024-09-27T23:46:37.651+0000] {base.py:84} INFO - Retrieving connection 'dse_connection'
[2024-09-27T23:46:37.672+0000] {sql.py:509} INFO - Running statement: 
        INSERT INTO company_list (company_trade_name, company_url) 
        VALUES (%s, %s)
        ON CONFLICT (company_trade_name) DO NOTHING;
    , parameters: ('AGNISYSL', 'https://www.dse.com.bd/displayCompany.php?name=AGNISYSL')
[2024-09-27T23:46:37.687+0000] {sql.py:518} INFO - Rows affected: 0
[2024-09-27T23:46:37.740+0000] {base.py:84} INFO - Retrieving connection 'dse_connection'
[2024-09-27T23:46:37.827+0000] {sql.py:509} INFO - Running statement: 
        INSERT INTO company_list (company_trade_name, company_url) 
        VALUES (%s, %s)
        ON CONFLICT (company_trade_name) DO NOTHING;
    , parameters: ('AGRANINS', 'https://www.dse.com.bd/displayCompany.php?name=AGRANINS')
[2024-09-27T23:46:37.837+0000] {sql.py:518} INFO - Rows affected: 0
[2024-09-27T23:46:37.987+0000] {base.py:84} INFO - Retrieving connection 'dse_connection'
[2024-09-27T23:46:38.050+0000] {sql.py:509} INFO - Running statement: 
        INSERT INTO company_list (company_trade_name, company_url) 
        VALUES (%s, %s)
        ON CONFLICT (company_trade_name) DO NOTHING;
    , parameters: ('AIBL1STIMF', 'https://www.dse.com.bd/displayCompany.php?name=AIBL1STIMF')
[2024-09-27T23:46:38.068+0000] {sql.py:518} INFO - Rows affected: 0
[2024-09-27T23:46:38.140+0000] {base.py:84} INFO - Retrieving connection 'dse_connection'
[2024-09-27T23:46:38.173+0000] {sql.py:509} INFO - Running statement: 
        INSERT INTO company_list (company_trade_name, company_url) 
        VALUES (%s, %s)
        ON CONFLICT (company_trade_name) DO NOTHING;
    , parameters: ('AIL', 'https://www.dse.com.bd/displayCompany.php?name=AIL')
[2024-09-27T23:46:38.203+0000] {sql.py:518} INFO - Rows affected: 0
[2024-09-27T23:46:38.254+0000] {base.py:84} INFO - Retrieving connection 'dse_connection'
[2024-09-27T23:46:38.278+0000] {sql.py:509} INFO - Running statement: 
        INSERT INTO company_list (company_trade_name, company_url) 
        VALUES (%s, %s)
        ON CONFLICT (company_trade_name) DO NOTHING;
    , parameters: ('AL-HAJTEX', 'https://www.dse.com.bd/displayCompany.php?name=AL-HAJTEX')
[2024-09-27T23:46:38.300+0000] {sql.py:518} INFO - Rows affected: 0
[2024-09-27T23:46:38.340+0000] {base.py:84} INFO - Retrieving connection 'dse_connection'
[2024-09-27T23:46:38.380+0000] {sql.py:509} INFO - Running statement: 
        INSERT INTO company_list (company_trade_name, company_url) 
        VALUES (%s, %s)
        ON CONFLICT (company_trade_name) DO NOTHING;
    , parameters: ('ALARABANK', 'https://www.dse.com.bd/displayCompany.php?name=ALARABANK')
[2024-09-27T23:46:38.383+0000] {sql.py:518} INFO - Rows affected: 0
[2024-09-27T23:46:38.430+0000] {base.py:84} INFO - Retrieving connection 'dse_connection'
[2024-09-27T23:46:38.459+0000] {sql.py:509} INFO - Running statement: 
        INSERT INTO company_list (company_trade_name, company_url) 
        VALUES (%s, %s)
        ON CONFLICT (company_trade_name) DO NOTHING;
    , parameters: ('ALIF', 'https://www.dse.com.bd/displayCompany.php?name=ALIF')
[2024-09-27T23:46:38.464+0000] {sql.py:518} INFO - Rows affected: 0
[2024-09-27T23:46:38.556+0000] {base.py:84} INFO - Retrieving connection 'dse_connection'
[2024-09-27T23:46:38.600+0000] {sql.py:509} INFO - Running statement: 
        INSERT INTO company_list (company_trade_name, company_url) 
        VALUES (%s, %s)
        ON CONFLICT (company_trade_name) DO NOTHING;
    , parameters: ('ALLTEX', 'https://www.dse.com.bd/displayCompany.php?name=ALLTEX')
[2024-09-27T23:46:38.604+0000] {sql.py:518} INFO - Rows affected: 0
[2024-09-27T23:46:38.644+0000] {base.py:84} INFO - Retrieving connection 'dse_connection'
[2024-09-27T23:46:38.725+0000] {sql.py:509} INFO - Running statement: 
        INSERT INTO company_list (company_trade_name, company_url) 
        VALUES (%s, %s)
        ON CONFLICT (company_trade_name) DO NOTHING;
    , parameters: ('AMANFEED', 'https://www.dse.com.bd/displayCompany.php?name=AMANFEED')
[2024-09-27T23:46:38.739+0000] {sql.py:518} INFO - Rows affected: 0
[2024-09-27T23:46:38.821+0000] {base.py:84} INFO - Retrieving connection 'dse_connection'
[2024-09-27T23:46:38.834+0000] {sql.py:509} INFO - Running statement: 
        INSERT INTO company_list (company_trade_name, company_url) 
        VALUES (%s, %s)
        ON CONFLICT (company_trade_name) DO NOTHING;
    , parameters: ('AMBEEPHA', 'https://www.dse.com.bd/displayCompany.php?name=AMBEEPHA')
[2024-09-27T23:46:38.849+0000] {sql.py:518} INFO - Rows affected: 0
[2024-09-27T23:46:38.900+0000] {base.py:84} INFO - Retrieving connection 'dse_connection'
[2024-09-27T23:46:38.925+0000] {sql.py:509} INFO - Running statement: 
        INSERT INTO company_list (company_trade_name, company_url) 
        VALUES (%s, %s)
        ON CONFLICT (company_trade_name) DO NOTHING;
    , parameters: ('AMCL(PRAN)', 'https://www.dse.com.bd/displayCompany.php?name=AMCL(PRAN)')
[2024-09-27T23:46:38.958+0000] {sql.py:518} INFO - Rows affected: 0
[2024-09-27T23:46:39.013+0000] {base.py:84} INFO - Retrieving connection 'dse_connection'
[2024-09-27T23:46:39.035+0000] {sql.py:509} INFO - Running statement: 
        INSERT INTO company_list (company_trade_name, company_url) 
        VALUES (%s, %s)
        ON CONFLICT (company_trade_name) DO NOTHING;
    , parameters: ('ANLIMAYARN', 'https://www.dse.com.bd/displayCompany.php?name=ANLIMAYARN')
[2024-09-27T23:46:39.039+0000] {sql.py:518} INFO - Rows affected: 0
[2024-09-27T23:46:39.084+0000] {base.py:84} INFO - Retrieving connection 'dse_connection'
[2024-09-27T23:46:39.102+0000] {sql.py:509} INFO - Running statement: 
        INSERT INTO company_list (company_trade_name, company_url) 
        VALUES (%s, %s)
        ON CONFLICT (company_trade_name) DO NOTHING;
    , parameters: ('ANWARGALV', 'https://www.dse.com.bd/displayCompany.php?name=ANWARGALV')
[2024-09-27T23:46:39.110+0000] {sql.py:518} INFO - Rows affected: 0
[2024-09-27T23:46:39.183+0000] {base.py:84} INFO - Retrieving connection 'dse_connection'
[2024-09-27T23:46:39.217+0000] {sql.py:509} INFO - Running statement: 
        INSERT INTO company_list (company_trade_name, company_url) 
        VALUES (%s, %s)
        ON CONFLICT (company_trade_name) DO NOTHING;
    , parameters: ('AOL', 'https://www.dse.com.bd/displayCompany.php?name=AOL')
[2024-09-27T23:46:39.220+0000] {sql.py:518} INFO - Rows affected: 0
[2024-09-27T23:46:39.269+0000] {base.py:84} INFO - Retrieving connection 'dse_connection'
[2024-09-27T23:46:39.302+0000] {sql.py:509} INFO - Running statement: 
        INSERT INTO company_list (company_trade_name, company_url) 
        VALUES (%s, %s)
        ON CONFLICT (company_trade_name) DO NOTHING;
    , parameters: ('APEXFOODS', 'https://www.dse.com.bd/displayCompany.php?name=APEXFOODS')
[2024-09-27T23:46:39.309+0000] {sql.py:518} INFO - Rows affected: 0
[2024-09-27T23:46:39.367+0000] {base.py:84} INFO - Retrieving connection 'dse_connection'
[2024-09-27T23:46:39.421+0000] {sql.py:509} INFO - Running statement: 
        INSERT INTO company_list (company_trade_name, company_url) 
        VALUES (%s, %s)
        ON CONFLICT (company_trade_name) DO NOTHING;
    , parameters: ('APEXFOOT', 'https://www.dse.com.bd/displayCompany.php?name=APEXFOOT')
[2024-09-27T23:46:39.425+0000] {sql.py:518} INFO - Rows affected: 0
[2024-09-27T23:46:39.510+0000] {base.py:84} INFO - Retrieving connection 'dse_connection'
[2024-09-27T23:46:39.535+0000] {sql.py:509} INFO - Running statement: 
        INSERT INTO company_list (company_trade_name, company_url) 
        VALUES (%s, %s)
        ON CONFLICT (company_trade_name) DO NOTHING;
    , parameters: ('APEXSPINN', 'https://www.dse.com.bd/displayCompany.php?name=APEXSPINN')
[2024-09-27T23:46:39.540+0000] {sql.py:518} INFO - Rows affected: 0
[2024-09-27T23:46:39.579+0000] {base.py:84} INFO - Retrieving connection 'dse_connection'
[2024-09-27T23:46:39.589+0000] {sql.py:509} INFO - Running statement: 
        INSERT INTO company_list (company_trade_name, company_url) 
        VALUES (%s, %s)
        ON CONFLICT (company_trade_name) DO NOTHING;
    , parameters: ('APEXTANRY', 'https://www.dse.com.bd/displayCompany.php?name=APEXTANRY')
[2024-09-27T23:46:39.617+0000] {sql.py:518} INFO - Rows affected: 0
[2024-09-27T23:46:39.712+0000] {base.py:84} INFO - Retrieving connection 'dse_connection'
[2024-09-27T23:46:39.742+0000] {sql.py:509} INFO - Running statement: 
        INSERT INTO company_list (company_trade_name, company_url) 
        VALUES (%s, %s)
        ON CONFLICT (company_trade_name) DO NOTHING;
    , parameters: ('APOLOISPAT', 'https://www.dse.com.bd/displayCompany.php?name=APOLOISPAT')
[2024-09-27T23:46:39.750+0000] {sql.py:518} INFO - Rows affected: 0
[2024-09-27T23:46:39.797+0000] {base.py:84} INFO - Retrieving connection 'dse_connection'
[2024-09-27T23:46:39.804+0000] {sql.py:509} INFO - Running statement: 
        INSERT INTO company_list (company_trade_name, company_url) 
        VALUES (%s, %s)
        ON CONFLICT (company_trade_name) DO NOTHING;
    , parameters: ('ARAMIT', 'https://www.dse.com.bd/displayCompany.php?name=ARAMIT')
[2024-09-27T23:46:39.807+0000] {sql.py:518} INFO - Rows affected: 0
[2024-09-27T23:46:39.837+0000] {base.py:84} INFO - Retrieving connection 'dse_connection'
[2024-09-27T23:46:39.863+0000] {sql.py:509} INFO - Running statement: 
        INSERT INTO company_list (company_trade_name, company_url) 
        VALUES (%s, %s)
        ON CONFLICT (company_trade_name) DO NOTHING;
    , parameters: ('ARAMITCEM', 'https://www.dse.com.bd/displayCompany.php?name=ARAMITCEM')
[2024-09-27T23:46:39.882+0000] {sql.py:518} INFO - Rows affected: 0
[2024-09-27T23:46:39.980+0000] {base.py:84} INFO - Retrieving connection 'dse_connection'
[2024-09-27T23:46:40.011+0000] {sql.py:509} INFO - Running statement: 
        INSERT INTO company_list (company_trade_name, company_url) 
        VALUES (%s, %s)
        ON CONFLICT (company_trade_name) DO NOTHING;
    , parameters: ('ARGONDENIM', 'https://www.dse.com.bd/displayCompany.php?name=ARGONDENIM')
[2024-09-27T23:46:40.020+0000] {sql.py:518} INFO - Rows affected: 0
[2024-09-27T23:46:40.073+0000] {base.py:84} INFO - Retrieving connection 'dse_connection'
[2024-09-27T23:46:40.091+0000] {sql.py:509} INFO - Running statement: 
        INSERT INTO company_list (company_trade_name, company_url) 
        VALUES (%s, %s)
        ON CONFLICT (company_trade_name) DO NOTHING;
    , parameters: ('ASIAINS', 'https://www.dse.com.bd/displayCompany.php?name=ASIAINS')
[2024-09-27T23:46:40.095+0000] {sql.py:518} INFO - Rows affected: 0
[2024-09-27T23:46:40.146+0000] {base.py:84} INFO - Retrieving connection 'dse_connection'
[2024-09-27T23:46:40.183+0000] {sql.py:509} INFO - Running statement: 
        INSERT INTO company_list (company_trade_name, company_url) 
        VALUES (%s, %s)
        ON CONFLICT (company_trade_name) DO NOTHING;
    , parameters: ('ASIAPACINS', 'https://www.dse.com.bd/displayCompany.php?name=ASIAPACINS')
[2024-09-27T23:46:40.202+0000] {sql.py:518} INFO - Rows affected: 0
[2024-09-27T23:46:40.239+0000] {base.py:84} INFO - Retrieving connection 'dse_connection'
[2024-09-27T23:46:40.295+0000] {sql.py:509} INFO - Running statement: 
        INSERT INTO company_list (company_trade_name, company_url) 
        VALUES (%s, %s)
        ON CONFLICT (company_trade_name) DO NOTHING;
    , parameters: ('ASIATICLAB', 'https://www.dse.com.bd/displayCompany.php?name=ASIATICLAB')
[2024-09-27T23:46:40.301+0000] {sql.py:518} INFO - Rows affected: 0
[2024-09-27T23:46:40.342+0000] {base.py:84} INFO - Retrieving connection 'dse_connection'
[2024-09-27T23:46:40.381+0000] {sql.py:509} INFO - Running statement: 
        INSERT INTO company_list (company_trade_name, company_url) 
        VALUES (%s, %s)
        ON CONFLICT (company_trade_name) DO NOTHING;
    , parameters: ('ATCSLGF', 'https://www.dse.com.bd/displayCompany.php?name=ATCSLGF')
[2024-09-27T23:46:40.401+0000] {sql.py:518} INFO - Rows affected: 0
[2024-09-27T23:46:40.469+0000] {base.py:84} INFO - Retrieving connection 'dse_connection'
[2024-09-27T23:46:40.518+0000] {sql.py:509} INFO - Running statement: 
        INSERT INTO company_list (company_trade_name, company_url) 
        VALUES (%s, %s)
        ON CONFLICT (company_trade_name) DO NOTHING;
    , parameters: ('ATLASBANG', 'https://www.dse.com.bd/displayCompany.php?name=ATLASBANG')
[2024-09-27T23:46:40.548+0000] {sql.py:518} INFO - Rows affected: 0
[2024-09-27T23:46:40.697+0000] {base.py:84} INFO - Retrieving connection 'dse_connection'
[2024-09-27T23:46:40.757+0000] {sql.py:509} INFO - Running statement: 
        INSERT INTO company_list (company_trade_name, company_url) 
        VALUES (%s, %s)
        ON CONFLICT (company_trade_name) DO NOTHING;
    , parameters: ('AZIZPIPES', 'https://www.dse.com.bd/displayCompany.php?name=AZIZPIPES')
[2024-09-27T23:46:40.775+0000] {sql.py:518} INFO - Rows affected: 0
[2024-09-27T23:46:40.838+0000] {base.py:84} INFO - Retrieving connection 'dse_connection'
[2024-09-27T23:46:40.876+0000] {sql.py:509} INFO - Running statement: 
        INSERT INTO company_list (company_trade_name, company_url) 
        VALUES (%s, %s)
        ON CONFLICT (company_trade_name) DO NOTHING;
    , parameters: ('BANGAS', 'https://www.dse.com.bd/displayCompany.php?name=BANGAS')
[2024-09-27T23:46:40.939+0000] {sql.py:518} INFO - Rows affected: 0
[2024-09-27T23:46:41.057+0000] {base.py:84} INFO - Retrieving connection 'dse_connection'
[2024-09-27T23:46:41.077+0000] {sql.py:509} INFO - Running statement: 
        INSERT INTO company_list (company_trade_name, company_url) 
        VALUES (%s, %s)
        ON CONFLICT (company_trade_name) DO NOTHING;
    , parameters: ('BANKASIA', 'https://www.dse.com.bd/displayCompany.php?name=BANKASIA')
[2024-09-27T23:46:41.093+0000] {sql.py:518} INFO - Rows affected: 0
[2024-09-27T23:46:41.144+0000] {base.py:84} INFO - Retrieving connection 'dse_connection'
[2024-09-27T23:46:41.184+0000] {sql.py:509} INFO - Running statement: 
        INSERT INTO company_list (company_trade_name, company_url) 
        VALUES (%s, %s)
        ON CONFLICT (company_trade_name) DO NOTHING;
    , parameters: ('BARKAPOWER', 'https://www.dse.com.bd/displayCompany.php?name=BARKAPOWER')
[2024-09-27T23:46:41.188+0000] {sql.py:518} INFO - Rows affected: 0
[2024-09-27T23:46:41.260+0000] {base.py:84} INFO - Retrieving connection 'dse_connection'
[2024-09-27T23:46:41.320+0000] {sql.py:509} INFO - Running statement: 
        INSERT INTO company_list (company_trade_name, company_url) 
        VALUES (%s, %s)
        ON CONFLICT (company_trade_name) DO NOTHING;
    , parameters: ('BATASHOE', 'https://www.dse.com.bd/displayCompany.php?name=BATASHOE')
[2024-09-27T23:46:41.342+0000] {sql.py:518} INFO - Rows affected: 0
[2024-09-27T23:46:41.520+0000] {base.py:84} INFO - Retrieving connection 'dse_connection'
[2024-09-27T23:46:41.531+0000] {sql.py:509} INFO - Running statement: 
        INSERT INTO company_list (company_trade_name, company_url) 
        VALUES (%s, %s)
        ON CONFLICT (company_trade_name) DO NOTHING;
    , parameters: ('BATBC', 'https://www.dse.com.bd/displayCompany.php?name=BATBC')
[2024-09-27T23:46:41.551+0000] {sql.py:518} INFO - Rows affected: 0
[2024-09-27T23:46:41.602+0000] {base.py:84} INFO - Retrieving connection 'dse_connection'
[2024-09-27T23:46:41.629+0000] {sql.py:509} INFO - Running statement: 
        INSERT INTO company_list (company_trade_name, company_url) 
        VALUES (%s, %s)
        ON CONFLICT (company_trade_name) DO NOTHING;
    , parameters: ('BAYLEASING', 'https://www.dse.com.bd/displayCompany.php?name=BAYLEASING')
[2024-09-27T23:46:41.651+0000] {sql.py:518} INFO - Rows affected: 0
[2024-09-27T23:46:41.727+0000] {base.py:84} INFO - Retrieving connection 'dse_connection'
[2024-09-27T23:46:41.777+0000] {sql.py:509} INFO - Running statement: 
        INSERT INTO company_list (company_trade_name, company_url) 
        VALUES (%s, %s)
        ON CONFLICT (company_trade_name) DO NOTHING;
    , parameters: ('BBS', 'https://www.dse.com.bd/displayCompany.php?name=BBS')
[2024-09-27T23:46:41.798+0000] {sql.py:518} INFO - Rows affected: 0
[2024-09-27T23:46:41.906+0000] {base.py:84} INFO - Retrieving connection 'dse_connection'
[2024-09-27T23:46:41.940+0000] {sql.py:509} INFO - Running statement: 
        INSERT INTO company_list (company_trade_name, company_url) 
        VALUES (%s, %s)
        ON CONFLICT (company_trade_name) DO NOTHING;
    , parameters: ('BBSCABLES', 'https://www.dse.com.bd/displayCompany.php?name=BBSCABLES')
[2024-09-27T23:46:41.948+0000] {sql.py:518} INFO - Rows affected: 0
[2024-09-27T23:46:42.009+0000] {base.py:84} INFO - Retrieving connection 'dse_connection'
[2024-09-27T23:46:42.063+0000] {sql.py:509} INFO - Running statement: 
        INSERT INTO company_list (company_trade_name, company_url) 
        VALUES (%s, %s)
        ON CONFLICT (company_trade_name) DO NOTHING;
    , parameters: ('BDAUTOCA', 'https://www.dse.com.bd/displayCompany.php?name=BDAUTOCA')
[2024-09-27T23:46:42.101+0000] {sql.py:518} INFO - Rows affected: 0
[2024-09-27T23:46:42.153+0000] {base.py:84} INFO - Retrieving connection 'dse_connection'
[2024-09-27T23:46:42.193+0000] {sql.py:509} INFO - Running statement: 
        INSERT INTO company_list (company_trade_name, company_url) 
        VALUES (%s, %s)
        ON CONFLICT (company_trade_name) DO NOTHING;
    , parameters: ('BDCOM', 'https://www.dse.com.bd/displayCompany.php?name=BDCOM')
[2024-09-27T23:46:42.215+0000] {sql.py:518} INFO - Rows affected: 0
[2024-09-27T23:46:42.282+0000] {base.py:84} INFO - Retrieving connection 'dse_connection'
[2024-09-27T23:46:42.321+0000] {sql.py:509} INFO - Running statement: 
        INSERT INTO company_list (company_trade_name, company_url) 
        VALUES (%s, %s)
        ON CONFLICT (company_trade_name) DO NOTHING;
    , parameters: ('BDFINANCE', 'https://www.dse.com.bd/displayCompany.php?name=BDFINANCE')
[2024-09-27T23:46:42.334+0000] {sql.py:518} INFO - Rows affected: 0
[2024-09-27T23:46:42.365+0000] {base.py:84} INFO - Retrieving connection 'dse_connection'
[2024-09-27T23:46:42.400+0000] {sql.py:509} INFO - Running statement: 
        INSERT INTO company_list (company_trade_name, company_url) 
        VALUES (%s, %s)
        ON CONFLICT (company_trade_name) DO NOTHING;
    , parameters: ('BDLAMPS', 'https://www.dse.com.bd/displayCompany.php?name=BDLAMPS')
[2024-09-27T23:46:42.422+0000] {sql.py:518} INFO - Rows affected: 0
[2024-09-27T23:46:42.464+0000] {base.py:84} INFO - Retrieving connection 'dse_connection'
[2024-09-27T23:46:42.512+0000] {sql.py:509} INFO - Running statement: 
        INSERT INTO company_list (company_trade_name, company_url) 
        VALUES (%s, %s)
        ON CONFLICT (company_trade_name) DO NOTHING;
    , parameters: ('BDSERVICE', 'https://www.dse.com.bd/displayCompany.php?name=BDSERVICE')
[2024-09-27T23:46:42.537+0000] {sql.py:518} INFO - Rows affected: 0
[2024-09-27T23:46:42.576+0000] {base.py:84} INFO - Retrieving connection 'dse_connection'
[2024-09-27T23:46:42.601+0000] {sql.py:509} INFO - Running statement: 
        INSERT INTO company_list (company_trade_name, company_url) 
        VALUES (%s, %s)
        ON CONFLICT (company_trade_name) DO NOTHING;
    , parameters: ('BDTHAI', 'https://www.dse.com.bd/displayCompany.php?name=BDTHAI')
[2024-09-27T23:46:42.622+0000] {sql.py:518} INFO - Rows affected: 0
[2024-09-27T23:46:42.664+0000] {base.py:84} INFO - Retrieving connection 'dse_connection'
[2024-09-27T23:46:42.673+0000] {sql.py:509} INFO - Running statement: 
        INSERT INTO company_list (company_trade_name, company_url) 
        VALUES (%s, %s)
        ON CONFLICT (company_trade_name) DO NOTHING;
    , parameters: ('BDTHAIFOOD', 'https://www.dse.com.bd/displayCompany.php?name=BDTHAIFOOD')
[2024-09-27T23:46:42.678+0000] {sql.py:518} INFO - Rows affected: 0
[2024-09-27T23:46:42.765+0000] {base.py:84} INFO - Retrieving connection 'dse_connection'
[2024-09-27T23:46:42.796+0000] {sql.py:509} INFO - Running statement: 
        INSERT INTO company_list (company_trade_name, company_url) 
        VALUES (%s, %s)
        ON CONFLICT (company_trade_name) DO NOTHING;
    , parameters: ('BDWELDING', 'https://www.dse.com.bd/displayCompany.php?name=BDWELDING')
[2024-09-27T23:46:42.844+0000] {sql.py:518} INFO - Rows affected: 0
[2024-09-27T23:46:42.907+0000] {base.py:84} INFO - Retrieving connection 'dse_connection'
[2024-09-27T23:46:42.930+0000] {sql.py:509} INFO - Running statement: 
        INSERT INTO company_list (company_trade_name, company_url) 
        VALUES (%s, %s)
        ON CONFLICT (company_trade_name) DO NOTHING;
    , parameters: ('BEACHHATCH', 'https://www.dse.com.bd/displayCompany.php?name=BEACHHATCH')
[2024-09-27T23:46:42.933+0000] {sql.py:518} INFO - Rows affected: 0
[2024-09-27T23:46:42.994+0000] {base.py:84} INFO - Retrieving connection 'dse_connection'
[2024-09-27T23:46:43.007+0000] {sql.py:509} INFO - Running statement: 
        INSERT INTO company_list (company_trade_name, company_url) 
        VALUES (%s, %s)
        ON CONFLICT (company_trade_name) DO NOTHING;
    , parameters: ('BEACONPHAR', 'https://www.dse.com.bd/displayCompany.php?name=BEACONPHAR')
[2024-09-27T23:46:43.039+0000] {sql.py:518} INFO - Rows affected: 0
[2024-09-27T23:46:43.054+0000] {base.py:84} INFO - Retrieving connection 'dse_connection'
[2024-09-27T23:46:43.069+0000] {sql.py:509} INFO - Running statement: 
        INSERT INTO company_list (company_trade_name, company_url) 
        VALUES (%s, %s)
        ON CONFLICT (company_trade_name) DO NOTHING;
    , parameters: ('BENGALWTL', 'https://www.dse.com.bd/displayCompany.php?name=BENGALWTL')
[2024-09-27T23:46:43.073+0000] {sql.py:518} INFO - Rows affected: 0
[2024-09-27T23:46:43.122+0000] {base.py:84} INFO - Retrieving connection 'dse_connection'
[2024-09-27T23:46:43.138+0000] {sql.py:509} INFO - Running statement: 
        INSERT INTO company_list (company_trade_name, company_url) 
        VALUES (%s, %s)
        ON CONFLICT (company_trade_name) DO NOTHING;
    , parameters: ('BERGERPBL', 'https://www.dse.com.bd/displayCompany.php?name=BERGERPBL')
[2024-09-27T23:46:43.150+0000] {sql.py:518} INFO - Rows affected: 0
[2024-09-27T23:46:43.209+0000] {base.py:84} INFO - Retrieving connection 'dse_connection'
[2024-09-27T23:46:43.232+0000] {sql.py:509} INFO - Running statement: 
        INSERT INTO company_list (company_trade_name, company_url) 
        VALUES (%s, %s)
        ON CONFLICT (company_trade_name) DO NOTHING;
    , parameters: ('BESTHLDNG', 'https://www.dse.com.bd/displayCompany.php?name=BESTHLDNG')
[2024-09-27T23:46:43.251+0000] {sql.py:518} INFO - Rows affected: 0
[2024-09-27T23:46:43.300+0000] {base.py:84} INFO - Retrieving connection 'dse_connection'
[2024-09-27T23:46:43.342+0000] {sql.py:509} INFO - Running statement: 
        INSERT INTO company_list (company_trade_name, company_url) 
        VALUES (%s, %s)
        ON CONFLICT (company_trade_name) DO NOTHING;
    , parameters: ('BEXIMCO', 'https://www.dse.com.bd/displayCompany.php?name=BEXIMCO')
[2024-09-27T23:46:43.345+0000] {sql.py:518} INFO - Rows affected: 0
[2024-09-27T23:46:43.376+0000] {base.py:84} INFO - Retrieving connection 'dse_connection'
[2024-09-27T23:46:43.405+0000] {sql.py:509} INFO - Running statement: 
        INSERT INTO company_list (company_trade_name, company_url) 
        VALUES (%s, %s)
        ON CONFLICT (company_trade_name) DO NOTHING;
    , parameters: ('BGIC', 'https://www.dse.com.bd/displayCompany.php?name=BGIC')
[2024-09-27T23:46:43.416+0000] {sql.py:518} INFO - Rows affected: 0
[2024-09-27T23:46:43.469+0000] {base.py:84} INFO - Retrieving connection 'dse_connection'
[2024-09-27T23:46:43.489+0000] {sql.py:509} INFO - Running statement: 
        INSERT INTO company_list (company_trade_name, company_url) 
        VALUES (%s, %s)
        ON CONFLICT (company_trade_name) DO NOTHING;
    , parameters: ('BIFC', 'https://www.dse.com.bd/displayCompany.php?name=BIFC')
[2024-09-27T23:46:43.493+0000] {sql.py:518} INFO - Rows affected: 0
[2024-09-27T23:46:43.550+0000] {base.py:84} INFO - Retrieving connection 'dse_connection'
[2024-09-27T23:46:43.574+0000] {sql.py:509} INFO - Running statement: 
        INSERT INTO company_list (company_trade_name, company_url) 
        VALUES (%s, %s)
        ON CONFLICT (company_trade_name) DO NOTHING;
    , parameters: ('BNICL', 'https://www.dse.com.bd/displayCompany.php?name=BNICL')
[2024-09-27T23:46:43.581+0000] {sql.py:518} INFO - Rows affected: 0
[2024-09-27T23:46:43.624+0000] {base.py:84} INFO - Retrieving connection 'dse_connection'
[2024-09-27T23:46:43.641+0000] {sql.py:509} INFO - Running statement: 
        INSERT INTO company_list (company_trade_name, company_url) 
        VALUES (%s, %s)
        ON CONFLICT (company_trade_name) DO NOTHING;
    , parameters: ('BPML', 'https://www.dse.com.bd/displayCompany.php?name=BPML')
[2024-09-27T23:46:43.651+0000] {sql.py:518} INFO - Rows affected: 0
[2024-09-27T23:46:43.698+0000] {base.py:84} INFO - Retrieving connection 'dse_connection'
[2024-09-27T23:46:43.726+0000] {sql.py:509} INFO - Running statement: 
        INSERT INTO company_list (company_trade_name, company_url) 
        VALUES (%s, %s)
        ON CONFLICT (company_trade_name) DO NOTHING;
    , parameters: ('BPPL', 'https://www.dse.com.bd/displayCompany.php?name=BPPL')
[2024-09-27T23:46:43.742+0000] {sql.py:518} INFO - Rows affected: 0
[2024-09-27T23:46:43.819+0000] {base.py:84} INFO - Retrieving connection 'dse_connection'
[2024-09-27T23:46:43.857+0000] {sql.py:509} INFO - Running statement: 
        INSERT INTO company_list (company_trade_name, company_url) 
        VALUES (%s, %s)
        ON CONFLICT (company_trade_name) DO NOTHING;
    , parameters: ('BRACBANK', 'https://www.dse.com.bd/displayCompany.php?name=BRACBANK')
[2024-09-27T23:46:43.871+0000] {sql.py:518} INFO - Rows affected: 0
[2024-09-27T23:46:43.939+0000] {base.py:84} INFO - Retrieving connection 'dse_connection'
[2024-09-27T23:46:43.958+0000] {sql.py:509} INFO - Running statement: 
        INSERT INTO company_list (company_trade_name, company_url) 
        VALUES (%s, %s)
        ON CONFLICT (company_trade_name) DO NOTHING;
    , parameters: ('BSC', 'https://www.dse.com.bd/displayCompany.php?name=BSC')
[2024-09-27T23:46:43.980+0000] {sql.py:518} INFO - Rows affected: 0
[2024-09-27T23:46:44.013+0000] {base.py:84} INFO - Retrieving connection 'dse_connection'
[2024-09-27T23:46:44.047+0000] {sql.py:509} INFO - Running statement: 
        INSERT INTO company_list (company_trade_name, company_url) 
        VALUES (%s, %s)
        ON CONFLICT (company_trade_name) DO NOTHING;
    , parameters: ('BSCPLC', 'https://www.dse.com.bd/displayCompany.php?name=BSCPLC')
[2024-09-27T23:46:44.060+0000] {sql.py:518} INFO - Rows affected: 0
[2024-09-27T23:46:44.150+0000] {base.py:84} INFO - Retrieving connection 'dse_connection'
[2024-09-27T23:46:44.184+0000] {sql.py:509} INFO - Running statement: 
        INSERT INTO company_list (company_trade_name, company_url) 
        VALUES (%s, %s)
        ON CONFLICT (company_trade_name) DO NOTHING;
    , parameters: ('BSRMLTD', 'https://www.dse.com.bd/displayCompany.php?name=BSRMLTD')
[2024-09-27T23:46:44.200+0000] {sql.py:518} INFO - Rows affected: 0
[2024-09-27T23:46:44.250+0000] {base.py:84} INFO - Retrieving connection 'dse_connection'
[2024-09-27T23:46:44.263+0000] {sql.py:509} INFO - Running statement: 
        INSERT INTO company_list (company_trade_name, company_url) 
        VALUES (%s, %s)
        ON CONFLICT (company_trade_name) DO NOTHING;
    , parameters: ('BSRMSTEEL', 'https://www.dse.com.bd/displayCompany.php?name=BSRMSTEEL')
[2024-09-27T23:46:44.305+0000] {sql.py:518} INFO - Rows affected: 0
[2024-09-27T23:46:44.413+0000] {base.py:84} INFO - Retrieving connection 'dse_connection'
[2024-09-27T23:46:44.469+0000] {sql.py:509} INFO - Running statement: 
        INSERT INTO company_list (company_trade_name, company_url) 
        VALUES (%s, %s)
        ON CONFLICT (company_trade_name) DO NOTHING;
    , parameters: ('BXPHARMA', 'https://www.dse.com.bd/displayCompany.php?name=BXPHARMA')
[2024-09-27T23:46:44.472+0000] {sql.py:518} INFO - Rows affected: 0
[2024-09-27T23:46:44.533+0000] {base.py:84} INFO - Retrieving connection 'dse_connection'
[2024-09-27T23:46:44.574+0000] {sql.py:509} INFO - Running statement: 
        INSERT INTO company_list (company_trade_name, company_url) 
        VALUES (%s, %s)
        ON CONFLICT (company_trade_name) DO NOTHING;
    , parameters: ('CAPITECGBF', 'https://www.dse.com.bd/displayCompany.php?name=CAPITECGBF')
[2024-09-27T23:46:44.581+0000] {sql.py:518} INFO - Rows affected: 0
[2024-09-27T23:46:44.718+0000] {base.py:84} INFO - Retrieving connection 'dse_connection'
[2024-09-27T23:46:44.738+0000] {sql.py:509} INFO - Running statement: 
        INSERT INTO company_list (company_trade_name, company_url) 
        VALUES (%s, %s)
        ON CONFLICT (company_trade_name) DO NOTHING;
    , parameters: ('CAPMBDBLMF', 'https://www.dse.com.bd/displayCompany.php?name=CAPMBDBLMF')
[2024-09-27T23:46:44.742+0000] {sql.py:518} INFO - Rows affected: 0
[2024-09-27T23:46:44.804+0000] {base.py:84} INFO - Retrieving connection 'dse_connection'
[2024-09-27T23:46:44.832+0000] {sql.py:509} INFO - Running statement: 
        INSERT INTO company_list (company_trade_name, company_url) 
        VALUES (%s, %s)
        ON CONFLICT (company_trade_name) DO NOTHING;
    , parameters: ('CAPMIBBLMF', 'https://www.dse.com.bd/displayCompany.php?name=CAPMIBBLMF')
[2024-09-27T23:46:44.843+0000] {sql.py:518} INFO - Rows affected: 0
[2024-09-27T23:46:44.928+0000] {base.py:84} INFO - Retrieving connection 'dse_connection'
[2024-09-27T23:46:44.954+0000] {sql.py:509} INFO - Running statement: 
        INSERT INTO company_list (company_trade_name, company_url) 
        VALUES (%s, %s)
        ON CONFLICT (company_trade_name) DO NOTHING;
    , parameters: ('CENTRALINS', 'https://www.dse.com.bd/displayCompany.php?name=CENTRALINS')
[2024-09-27T23:46:45.017+0000] {sql.py:518} INFO - Rows affected: 0
[2024-09-27T23:46:45.129+0000] {base.py:84} INFO - Retrieving connection 'dse_connection'
[2024-09-27T23:46:45.161+0000] {sql.py:509} INFO - Running statement: 
        INSERT INTO company_list (company_trade_name, company_url) 
        VALUES (%s, %s)
        ON CONFLICT (company_trade_name) DO NOTHING;
    , parameters: ('CENTRALPHL', 'https://www.dse.com.bd/displayCompany.php?name=CENTRALPHL')
[2024-09-27T23:46:45.178+0000] {sql.py:518} INFO - Rows affected: 0
[2024-09-27T23:46:45.269+0000] {base.py:84} INFO - Retrieving connection 'dse_connection'
[2024-09-27T23:46:45.349+0000] {sql.py:509} INFO - Running statement: 
        INSERT INTO company_list (company_trade_name, company_url) 
        VALUES (%s, %s)
        ON CONFLICT (company_trade_name) DO NOTHING;
    , parameters: ('CITYBANK', 'https://www.dse.com.bd/displayCompany.php?name=CITYBANK')
[2024-09-27T23:46:45.385+0000] {sql.py:518} INFO - Rows affected: 0
[2024-09-27T23:46:45.445+0000] {base.py:84} INFO - Retrieving connection 'dse_connection'
[2024-09-27T23:46:45.467+0000] {sql.py:509} INFO - Running statement: 
        INSERT INTO company_list (company_trade_name, company_url) 
        VALUES (%s, %s)
        ON CONFLICT (company_trade_name) DO NOTHING;
    , parameters: ('CITYGENINS', 'https://www.dse.com.bd/displayCompany.php?name=CITYGENINS')
[2024-09-27T23:46:45.475+0000] {sql.py:518} INFO - Rows affected: 0
[2024-09-27T23:46:45.540+0000] {base.py:84} INFO - Retrieving connection 'dse_connection'
[2024-09-27T23:46:45.619+0000] {sql.py:509} INFO - Running statement: 
        INSERT INTO company_list (company_trade_name, company_url) 
        VALUES (%s, %s)
        ON CONFLICT (company_trade_name) DO NOTHING;
    , parameters: ('CLICL', 'https://www.dse.com.bd/displayCompany.php?name=CLICL')
[2024-09-27T23:46:45.679+0000] {sql.py:518} INFO - Rows affected: 0
[2024-09-27T23:46:45.740+0000] {base.py:84} INFO - Retrieving connection 'dse_connection'
[2024-09-27T23:46:45.784+0000] {sql.py:509} INFO - Running statement: 
        INSERT INTO company_list (company_trade_name, company_url) 
        VALUES (%s, %s)
        ON CONFLICT (company_trade_name) DO NOTHING;
    , parameters: ('CNATEX', 'https://www.dse.com.bd/displayCompany.php?name=CNATEX')
[2024-09-27T23:46:45.831+0000] {sql.py:518} INFO - Rows affected: 0
[2024-09-27T23:46:45.905+0000] {base.py:84} INFO - Retrieving connection 'dse_connection'
[2024-09-27T23:46:45.921+0000] {sql.py:509} INFO - Running statement: 
        INSERT INTO company_list (company_trade_name, company_url) 
        VALUES (%s, %s)
        ON CONFLICT (company_trade_name) DO NOTHING;
    , parameters: ('CONFIDCEM', 'https://www.dse.com.bd/displayCompany.php?name=CONFIDCEM')
[2024-09-27T23:46:45.948+0000] {sql.py:518} INFO - Rows affected: 0
[2024-09-27T23:46:46.071+0000] {base.py:84} INFO - Retrieving connection 'dse_connection'
[2024-09-27T23:46:46.098+0000] {sql.py:509} INFO - Running statement: 
        INSERT INTO company_list (company_trade_name, company_url) 
        VALUES (%s, %s)
        ON CONFLICT (company_trade_name) DO NOTHING;
    , parameters: ('CONTININS', 'https://www.dse.com.bd/displayCompany.php?name=CONTININS')
[2024-09-27T23:46:46.114+0000] {sql.py:518} INFO - Rows affected: 0
[2024-09-27T23:46:46.150+0000] {base.py:84} INFO - Retrieving connection 'dse_connection'
[2024-09-27T23:46:46.212+0000] {sql.py:509} INFO - Running statement: 
        INSERT INTO company_list (company_trade_name, company_url) 
        VALUES (%s, %s)
        ON CONFLICT (company_trade_name) DO NOTHING;
    , parameters: ('COPPERTECH', 'https://www.dse.com.bd/displayCompany.php?name=COPPERTECH')
[2024-09-27T23:46:46.223+0000] {sql.py:518} INFO - Rows affected: 0
[2024-09-27T23:46:46.268+0000] {base.py:84} INFO - Retrieving connection 'dse_connection'
[2024-09-27T23:46:46.281+0000] {sql.py:509} INFO - Running statement: 
        INSERT INTO company_list (company_trade_name, company_url) 
        VALUES (%s, %s)
        ON CONFLICT (company_trade_name) DO NOTHING;
    , parameters: ('CROWNCEMNT', 'https://www.dse.com.bd/displayCompany.php?name=CROWNCEMNT')
[2024-09-27T23:46:46.285+0000] {sql.py:518} INFO - Rows affected: 0
[2024-09-27T23:46:46.354+0000] {base.py:84} INFO - Retrieving connection 'dse_connection'
[2024-09-27T23:46:46.388+0000] {sql.py:509} INFO - Running statement: 
        INSERT INTO company_list (company_trade_name, company_url) 
        VALUES (%s, %s)
        ON CONFLICT (company_trade_name) DO NOTHING;
    , parameters: ('CRYSTALINS', 'https://www.dse.com.bd/displayCompany.php?name=CRYSTALINS')
[2024-09-27T23:46:46.411+0000] {sql.py:518} INFO - Rows affected: 0
[2024-09-27T23:46:46.498+0000] {base.py:84} INFO - Retrieving connection 'dse_connection'
[2024-09-27T23:46:46.551+0000] {sql.py:509} INFO - Running statement: 
        INSERT INTO company_list (company_trade_name, company_url) 
        VALUES (%s, %s)
        ON CONFLICT (company_trade_name) DO NOTHING;
    , parameters: ('CVOPRL', 'https://www.dse.com.bd/displayCompany.php?name=CVOPRL')
[2024-09-27T23:46:46.573+0000] {sql.py:518} INFO - Rows affected: 0
[2024-09-27T23:46:46.607+0000] {base.py:84} INFO - Retrieving connection 'dse_connection'
[2024-09-27T23:46:46.624+0000] {sql.py:509} INFO - Running statement: 
        INSERT INTO company_list (company_trade_name, company_url) 
        VALUES (%s, %s)
        ON CONFLICT (company_trade_name) DO NOTHING;
    , parameters: ('DACCADYE', 'https://www.dse.com.bd/displayCompany.php?name=DACCADYE')
[2024-09-27T23:46:46.644+0000] {sql.py:518} INFO - Rows affected: 0
[2024-09-27T23:46:46.705+0000] {base.py:84} INFO - Retrieving connection 'dse_connection'
[2024-09-27T23:46:46.784+0000] {sql.py:509} INFO - Running statement: 
        INSERT INTO company_list (company_trade_name, company_url) 
        VALUES (%s, %s)
        ON CONFLICT (company_trade_name) DO NOTHING;
    , parameters: ('DAFODILCOM', 'https://www.dse.com.bd/displayCompany.php?name=DAFODILCOM')
[2024-09-27T23:46:46.807+0000] {sql.py:518} INFO - Rows affected: 0
[2024-09-27T23:46:46.869+0000] {base.py:84} INFO - Retrieving connection 'dse_connection'
[2024-09-27T23:46:46.908+0000] {sql.py:509} INFO - Running statement: 
        INSERT INTO company_list (company_trade_name, company_url) 
        VALUES (%s, %s)
        ON CONFLICT (company_trade_name) DO NOTHING;
    , parameters: ('DBH', 'https://www.dse.com.bd/displayCompany.php?name=DBH')
[2024-09-27T23:46:46.919+0000] {sql.py:518} INFO - Rows affected: 0
[2024-09-27T23:46:46.949+0000] {base.py:84} INFO - Retrieving connection 'dse_connection'
[2024-09-27T23:46:46.982+0000] {sql.py:509} INFO - Running statement: 
        INSERT INTO company_list (company_trade_name, company_url) 
        VALUES (%s, %s)
        ON CONFLICT (company_trade_name) DO NOTHING;
    , parameters: ('DBH1STMF', 'https://www.dse.com.bd/displayCompany.php?name=DBH1STMF')
[2024-09-27T23:46:46.996+0000] {sql.py:518} INFO - Rows affected: 0
[2024-09-27T23:46:47.069+0000] {base.py:84} INFO - Retrieving connection 'dse_connection'
[2024-09-27T23:46:47.104+0000] {sql.py:509} INFO - Running statement: 
        INSERT INTO company_list (company_trade_name, company_url) 
        VALUES (%s, %s)
        ON CONFLICT (company_trade_name) DO NOTHING;
    , parameters: ('DELTALIFE', 'https://www.dse.com.bd/displayCompany.php?name=DELTALIFE')
[2024-09-27T23:46:47.120+0000] {sql.py:518} INFO - Rows affected: 0
[2024-09-27T23:46:47.169+0000] {base.py:84} INFO - Retrieving connection 'dse_connection'
[2024-09-27T23:46:47.211+0000] {sql.py:509} INFO - Running statement: 
        INSERT INTO company_list (company_trade_name, company_url) 
        VALUES (%s, %s)
        ON CONFLICT (company_trade_name) DO NOTHING;
    , parameters: ('DELTASPINN', 'https://www.dse.com.bd/displayCompany.php?name=DELTASPINN')
[2024-09-27T23:46:47.222+0000] {sql.py:518} INFO - Rows affected: 0
[2024-09-27T23:46:47.266+0000] {base.py:84} INFO - Retrieving connection 'dse_connection'
[2024-09-27T23:46:47.287+0000] {sql.py:509} INFO - Running statement: 
        INSERT INTO company_list (company_trade_name, company_url) 
        VALUES (%s, %s)
        ON CONFLICT (company_trade_name) DO NOTHING;
    , parameters: ('DESCO', 'https://www.dse.com.bd/displayCompany.php?name=DESCO')
[2024-09-27T23:46:47.292+0000] {sql.py:518} INFO - Rows affected: 0
[2024-09-27T23:46:47.334+0000] {base.py:84} INFO - Retrieving connection 'dse_connection'
[2024-09-27T23:46:47.360+0000] {sql.py:509} INFO - Running statement: 
        INSERT INTO company_list (company_trade_name, company_url) 
        VALUES (%s, %s)
        ON CONFLICT (company_trade_name) DO NOTHING;
    , parameters: ('DESHBANDHU', 'https://www.dse.com.bd/displayCompany.php?name=DESHBANDHU')
[2024-09-27T23:46:47.370+0000] {sql.py:518} INFO - Rows affected: 0
[2024-09-27T23:46:47.407+0000] {base.py:84} INFO - Retrieving connection 'dse_connection'
[2024-09-27T23:46:47.435+0000] {sql.py:509} INFO - Running statement: 
        INSERT INTO company_list (company_trade_name, company_url) 
        VALUES (%s, %s)
        ON CONFLICT (company_trade_name) DO NOTHING;
    , parameters: ('DGIC', 'https://www.dse.com.bd/displayCompany.php?name=DGIC')
[2024-09-27T23:46:47.449+0000] {sql.py:518} INFO - Rows affected: 0
[2024-09-27T23:46:47.515+0000] {base.py:84} INFO - Retrieving connection 'dse_connection'
[2024-09-27T23:46:47.540+0000] {sql.py:509} INFO - Running statement: 
        INSERT INTO company_list (company_trade_name, company_url) 
        VALUES (%s, %s)
        ON CONFLICT (company_trade_name) DO NOTHING;
    , parameters: ('DHAKABANK', 'https://www.dse.com.bd/displayCompany.php?name=DHAKABANK')
[2024-09-27T23:46:47.561+0000] {sql.py:518} INFO - Rows affected: 0
[2024-09-27T23:46:47.619+0000] {base.py:84} INFO - Retrieving connection 'dse_connection'
[2024-09-27T23:46:47.634+0000] {sql.py:509} INFO - Running statement: 
        INSERT INTO company_list (company_trade_name, company_url) 
        VALUES (%s, %s)
        ON CONFLICT (company_trade_name) DO NOTHING;
    , parameters: ('DHAKAINS', 'https://www.dse.com.bd/displayCompany.php?name=DHAKAINS')
[2024-09-27T23:46:47.652+0000] {sql.py:518} INFO - Rows affected: 0
[2024-09-27T23:46:47.732+0000] {base.py:84} INFO - Retrieving connection 'dse_connection'
[2024-09-27T23:46:47.770+0000] {sql.py:509} INFO - Running statement: 
        INSERT INTO company_list (company_trade_name, company_url) 
        VALUES (%s, %s)
        ON CONFLICT (company_trade_name) DO NOTHING;
    , parameters: ('DOMINAGE', 'https://www.dse.com.bd/displayCompany.php?name=DOMINAGE')
[2024-09-27T23:46:47.789+0000] {sql.py:518} INFO - Rows affected: 0
[2024-09-27T23:46:47.859+0000] {base.py:84} INFO - Retrieving connection 'dse_connection'
[2024-09-27T23:46:47.894+0000] {sql.py:509} INFO - Running statement: 
        INSERT INTO company_list (company_trade_name, company_url) 
        VALUES (%s, %s)
        ON CONFLICT (company_trade_name) DO NOTHING;
    , parameters: ('DOREENPWR', 'https://www.dse.com.bd/displayCompany.php?name=DOREENPWR')
[2024-09-27T23:46:47.897+0000] {sql.py:518} INFO - Rows affected: 0
[2024-09-27T23:46:47.940+0000] {base.py:84} INFO - Retrieving connection 'dse_connection'
[2024-09-27T23:46:47.960+0000] {sql.py:509} INFO - Running statement: 
        INSERT INTO company_list (company_trade_name, company_url) 
        VALUES (%s, %s)
        ON CONFLICT (company_trade_name) DO NOTHING;
    , parameters: ('DSHGARME', 'https://www.dse.com.bd/displayCompany.php?name=DSHGARME')
[2024-09-27T23:46:47.972+0000] {sql.py:518} INFO - Rows affected: 0
[2024-09-27T23:46:48.021+0000] {base.py:84} INFO - Retrieving connection 'dse_connection'
[2024-09-27T23:46:48.035+0000] {sql.py:509} INFO - Running statement: 
        INSERT INTO company_list (company_trade_name, company_url) 
        VALUES (%s, %s)
        ON CONFLICT (company_trade_name) DO NOTHING;
    , parameters: ('DSSL', 'https://www.dse.com.bd/displayCompany.php?name=DSSL')
[2024-09-27T23:46:48.041+0000] {sql.py:518} INFO - Rows affected: 0
[2024-09-27T23:46:48.104+0000] {base.py:84} INFO - Retrieving connection 'dse_connection'
[2024-09-27T23:46:48.139+0000] {sql.py:509} INFO - Running statement: 
        INSERT INTO company_list (company_trade_name, company_url) 
        VALUES (%s, %s)
        ON CONFLICT (company_trade_name) DO NOTHING;
    , parameters: ('DULAMIACOT', 'https://www.dse.com.bd/displayCompany.php?name=DULAMIACOT')
[2024-09-27T23:46:48.145+0000] {sql.py:518} INFO - Rows affected: 0
[2024-09-27T23:46:48.201+0000] {base.py:84} INFO - Retrieving connection 'dse_connection'
[2024-09-27T23:46:48.241+0000] {sql.py:509} INFO - Running statement: 
        INSERT INTO company_list (company_trade_name, company_url) 
        VALUES (%s, %s)
        ON CONFLICT (company_trade_name) DO NOTHING;
    , parameters: ('DUTCHBANGL', 'https://www.dse.com.bd/displayCompany.php?name=DUTCHBANGL')
[2024-09-27T23:46:48.260+0000] {sql.py:518} INFO - Rows affected: 0
[2024-09-27T23:46:48.301+0000] {base.py:84} INFO - Retrieving connection 'dse_connection'
[2024-09-27T23:46:48.312+0000] {sql.py:509} INFO - Running statement: 
        INSERT INTO company_list (company_trade_name, company_url) 
        VALUES (%s, %s)
        ON CONFLICT (company_trade_name) DO NOTHING;
    , parameters: ('EASTERNINS', 'https://www.dse.com.bd/displayCompany.php?name=EASTERNINS')
[2024-09-27T23:46:48.327+0000] {sql.py:518} INFO - Rows affected: 0
[2024-09-27T23:46:48.389+0000] {base.py:84} INFO - Retrieving connection 'dse_connection'
[2024-09-27T23:46:48.441+0000] {sql.py:509} INFO - Running statement: 
        INSERT INTO company_list (company_trade_name, company_url) 
        VALUES (%s, %s)
        ON CONFLICT (company_trade_name) DO NOTHING;
    , parameters: ('EASTLAND', 'https://www.dse.com.bd/displayCompany.php?name=EASTLAND')
[2024-09-27T23:46:48.450+0000] {sql.py:518} INFO - Rows affected: 0
[2024-09-27T23:46:48.539+0000] {base.py:84} INFO - Retrieving connection 'dse_connection'
[2024-09-27T23:46:48.580+0000] {sql.py:509} INFO - Running statement: 
        INSERT INTO company_list (company_trade_name, company_url) 
        VALUES (%s, %s)
        ON CONFLICT (company_trade_name) DO NOTHING;
    , parameters: ('EASTRNLUB', 'https://www.dse.com.bd/displayCompany.php?name=EASTRNLUB')
[2024-09-27T23:46:48.611+0000] {sql.py:518} INFO - Rows affected: 0
[2024-09-27T23:46:48.667+0000] {base.py:84} INFO - Retrieving connection 'dse_connection'
[2024-09-27T23:46:48.704+0000] {sql.py:509} INFO - Running statement: 
        INSERT INTO company_list (company_trade_name, company_url) 
        VALUES (%s, %s)
        ON CONFLICT (company_trade_name) DO NOTHING;
    , parameters: ('EBL', 'https://www.dse.com.bd/displayCompany.php?name=EBL')
[2024-09-27T23:46:48.711+0000] {sql.py:518} INFO - Rows affected: 0
[2024-09-27T23:46:48.763+0000] {base.py:84} INFO - Retrieving connection 'dse_connection'
[2024-09-27T23:46:48.779+0000] {sql.py:509} INFO - Running statement: 
        INSERT INTO company_list (company_trade_name, company_url) 
        VALUES (%s, %s)
        ON CONFLICT (company_trade_name) DO NOTHING;
    , parameters: ('EBL1STMF', 'https://www.dse.com.bd/displayCompany.php?name=EBL1STMF')
[2024-09-27T23:46:48.800+0000] {sql.py:518} INFO - Rows affected: 0
[2024-09-27T23:46:48.921+0000] {base.py:84} INFO - Retrieving connection 'dse_connection'
[2024-09-27T23:46:48.953+0000] {sql.py:509} INFO - Running statement: 
        INSERT INTO company_list (company_trade_name, company_url) 
        VALUES (%s, %s)
        ON CONFLICT (company_trade_name) DO NOTHING;
    , parameters: ('EBLNRBMF', 'https://www.dse.com.bd/displayCompany.php?name=EBLNRBMF')
[2024-09-27T23:46:48.964+0000] {sql.py:518} INFO - Rows affected: 0
[2024-09-27T23:46:49.171+0000] {base.py:84} INFO - Retrieving connection 'dse_connection'
[2024-09-27T23:46:49.212+0000] {sql.py:509} INFO - Running statement: 
        INSERT INTO company_list (company_trade_name, company_url) 
        VALUES (%s, %s)
        ON CONFLICT (company_trade_name) DO NOTHING;
    , parameters: ('ECABLES', 'https://www.dse.com.bd/displayCompany.php?name=ECABLES')
[2024-09-27T23:46:49.220+0000] {sql.py:518} INFO - Rows affected: 0
[2024-09-27T23:46:49.266+0000] {base.py:84} INFO - Retrieving connection 'dse_connection'
[2024-09-27T23:46:49.284+0000] {sql.py:509} INFO - Running statement: 
        INSERT INTO company_list (company_trade_name, company_url) 
        VALUES (%s, %s)
        ON CONFLICT (company_trade_name) DO NOTHING;
    , parameters: ('EGEN', 'https://www.dse.com.bd/displayCompany.php?name=EGEN')
[2024-09-27T23:46:49.300+0000] {sql.py:518} INFO - Rows affected: 0
[2024-09-27T23:46:49.388+0000] {base.py:84} INFO - Retrieving connection 'dse_connection'
[2024-09-27T23:46:49.441+0000] {sql.py:509} INFO - Running statement: 
        INSERT INTO company_list (company_trade_name, company_url) 
        VALUES (%s, %s)
        ON CONFLICT (company_trade_name) DO NOTHING;
    , parameters: ('EHL', 'https://www.dse.com.bd/displayCompany.php?name=EHL')
[2024-09-27T23:46:49.462+0000] {sql.py:518} INFO - Rows affected: 0
[2024-09-27T23:46:49.533+0000] {base.py:84} INFO - Retrieving connection 'dse_connection'
[2024-09-27T23:46:49.579+0000] {sql.py:509} INFO - Running statement: 
        INSERT INTO company_list (company_trade_name, company_url) 
        VALUES (%s, %s)
        ON CONFLICT (company_trade_name) DO NOTHING;
    , parameters: ('EIL', 'https://www.dse.com.bd/displayCompany.php?name=EIL')
[2024-09-27T23:46:49.590+0000] {sql.py:518} INFO - Rows affected: 0
[2024-09-27T23:46:49.627+0000] {base.py:84} INFO - Retrieving connection 'dse_connection'
[2024-09-27T23:46:49.668+0000] {sql.py:509} INFO - Running statement: 
        INSERT INTO company_list (company_trade_name, company_url) 
        VALUES (%s, %s)
        ON CONFLICT (company_trade_name) DO NOTHING;
    , parameters: ('EMERALDOIL', 'https://www.dse.com.bd/displayCompany.php?name=EMERALDOIL')
[2024-09-27T23:46:49.683+0000] {sql.py:518} INFO - Rows affected: 0
[2024-09-27T23:46:49.713+0000] {base.py:84} INFO - Retrieving connection 'dse_connection'
[2024-09-27T23:46:49.738+0000] {sql.py:509} INFO - Running statement: 
        INSERT INTO company_list (company_trade_name, company_url) 
        VALUES (%s, %s)
        ON CONFLICT (company_trade_name) DO NOTHING;
    , parameters: ('ENVOYTEX', 'https://www.dse.com.bd/displayCompany.php?name=ENVOYTEX')
[2024-09-27T23:46:49.747+0000] {sql.py:518} INFO - Rows affected: 0
[2024-09-27T23:46:49.800+0000] {base.py:84} INFO - Retrieving connection 'dse_connection'
[2024-09-27T23:46:49.880+0000] {sql.py:509} INFO - Running statement: 
        INSERT INTO company_list (company_trade_name, company_url) 
        VALUES (%s, %s)
        ON CONFLICT (company_trade_name) DO NOTHING;
    , parameters: ('EPGL', 'https://www.dse.com.bd/displayCompany.php?name=EPGL')
[2024-09-27T23:46:49.885+0000] {sql.py:518} INFO - Rows affected: 0
[2024-09-27T23:46:49.925+0000] {base.py:84} INFO - Retrieving connection 'dse_connection'
[2024-09-27T23:46:49.952+0000] {sql.py:509} INFO - Running statement: 
        INSERT INTO company_list (company_trade_name, company_url) 
        VALUES (%s, %s)
        ON CONFLICT (company_trade_name) DO NOTHING;
    , parameters: ('ESQUIRENIT', 'https://www.dse.com.bd/displayCompany.php?name=ESQUIRENIT')
[2024-09-27T23:46:49.961+0000] {sql.py:518} INFO - Rows affected: 0
[2024-09-27T23:46:50.020+0000] {base.py:84} INFO - Retrieving connection 'dse_connection'
[2024-09-27T23:46:50.039+0000] {sql.py:509} INFO - Running statement: 
        INSERT INTO company_list (company_trade_name, company_url) 
        VALUES (%s, %s)
        ON CONFLICT (company_trade_name) DO NOTHING;
    , parameters: ('ETL', 'https://www.dse.com.bd/displayCompany.php?name=ETL')
[2024-09-27T23:46:50.058+0000] {sql.py:518} INFO - Rows affected: 0
[2024-09-27T23:46:50.100+0000] {base.py:84} INFO - Retrieving connection 'dse_connection'
[2024-09-27T23:46:50.153+0000] {sql.py:509} INFO - Running statement: 
        INSERT INTO company_list (company_trade_name, company_url) 
        VALUES (%s, %s)
        ON CONFLICT (company_trade_name) DO NOTHING;
    , parameters: ('EXIM1STMF', 'https://www.dse.com.bd/displayCompany.php?name=EXIM1STMF')
[2024-09-27T23:46:50.198+0000] {sql.py:518} INFO - Rows affected: 0
[2024-09-27T23:46:50.246+0000] {base.py:84} INFO - Retrieving connection 'dse_connection'
[2024-09-27T23:46:50.265+0000] {sql.py:509} INFO - Running statement: 
        INSERT INTO company_list (company_trade_name, company_url) 
        VALUES (%s, %s)
        ON CONFLICT (company_trade_name) DO NOTHING;
    , parameters: ('EXIMBANK', 'https://www.dse.com.bd/displayCompany.php?name=EXIMBANK')
[2024-09-27T23:46:50.269+0000] {sql.py:518} INFO - Rows affected: 0
[2024-09-27T23:46:50.323+0000] {base.py:84} INFO - Retrieving connection 'dse_connection'
[2024-09-27T23:46:50.349+0000] {sql.py:509} INFO - Running statement: 
        INSERT INTO company_list (company_trade_name, company_url) 
        VALUES (%s, %s)
        ON CONFLICT (company_trade_name) DO NOTHING;
    , parameters: ('FAMILYTEX', 'https://www.dse.com.bd/displayCompany.php?name=FAMILYTEX')
[2024-09-27T23:46:50.354+0000] {sql.py:518} INFO - Rows affected: 0
[2024-09-27T23:46:50.439+0000] {base.py:84} INFO - Retrieving connection 'dse_connection'
[2024-09-27T23:46:50.492+0000] {sql.py:509} INFO - Running statement: 
        INSERT INTO company_list (company_trade_name, company_url) 
        VALUES (%s, %s)
        ON CONFLICT (company_trade_name) DO NOTHING;
    , parameters: ('FARCHEM', 'https://www.dse.com.bd/displayCompany.php?name=FARCHEM')
[2024-09-27T23:46:50.510+0000] {sql.py:518} INFO - Rows affected: 0
[2024-09-27T23:46:50.577+0000] {base.py:84} INFO - Retrieving connection 'dse_connection'
[2024-09-27T23:46:50.635+0000] {sql.py:509} INFO - Running statement: 
        INSERT INTO company_list (company_trade_name, company_url) 
        VALUES (%s, %s)
        ON CONFLICT (company_trade_name) DO NOTHING;
    , parameters: ('FAREASTFIN', 'https://www.dse.com.bd/displayCompany.php?name=FAREASTFIN')
[2024-09-27T23:46:50.644+0000] {sql.py:518} INFO - Rows affected: 0
[2024-09-27T23:46:50.719+0000] {base.py:84} INFO - Retrieving connection 'dse_connection'
[2024-09-27T23:46:50.749+0000] {sql.py:509} INFO - Running statement: 
        INSERT INTO company_list (company_trade_name, company_url) 
        VALUES (%s, %s)
        ON CONFLICT (company_trade_name) DO NOTHING;
    , parameters: ('FAREASTLIF', 'https://www.dse.com.bd/displayCompany.php?name=FAREASTLIF')
[2024-09-27T23:46:50.779+0000] {sql.py:518} INFO - Rows affected: 0
[2024-09-27T23:46:50.844+0000] {base.py:84} INFO - Retrieving connection 'dse_connection'
[2024-09-27T23:46:50.863+0000] {sql.py:509} INFO - Running statement: 
        INSERT INTO company_list (company_trade_name, company_url) 
        VALUES (%s, %s)
        ON CONFLICT (company_trade_name) DO NOTHING;
    , parameters: ('FASFIN', 'https://www.dse.com.bd/displayCompany.php?name=FASFIN')
[2024-09-27T23:46:50.872+0000] {sql.py:518} INFO - Rows affected: 0
[2024-09-27T23:46:50.929+0000] {base.py:84} INFO - Retrieving connection 'dse_connection'
[2024-09-27T23:46:50.961+0000] {sql.py:509} INFO - Running statement: 
        INSERT INTO company_list (company_trade_name, company_url) 
        VALUES (%s, %s)
        ON CONFLICT (company_trade_name) DO NOTHING;
    , parameters: ('FBFIF', 'https://www.dse.com.bd/displayCompany.php?name=FBFIF')
[2024-09-27T23:46:50.974+0000] {sql.py:518} INFO - Rows affected: 0
[2024-09-27T23:46:51.048+0000] {base.py:84} INFO - Retrieving connection 'dse_connection'
[2024-09-27T23:46:51.114+0000] {sql.py:509} INFO - Running statement: 
        INSERT INTO company_list (company_trade_name, company_url) 
        VALUES (%s, %s)
        ON CONFLICT (company_trade_name) DO NOTHING;
    , parameters: ('FEDERALINS', 'https://www.dse.com.bd/displayCompany.php?name=FEDERALINS')
[2024-09-27T23:46:51.120+0000] {sql.py:518} INFO - Rows affected: 0
[2024-09-27T23:46:51.212+0000] {base.py:84} INFO - Retrieving connection 'dse_connection'
[2024-09-27T23:46:51.284+0000] {sql.py:509} INFO - Running statement: 
        INSERT INTO company_list (company_trade_name, company_url) 
        VALUES (%s, %s)
        ON CONFLICT (company_trade_name) DO NOTHING;
    , parameters: ('FEKDIL', 'https://www.dse.com.bd/displayCompany.php?name=FEKDIL')
[2024-09-27T23:46:51.313+0000] {sql.py:518} INFO - Rows affected: 0
[2024-09-27T23:46:51.367+0000] {base.py:84} INFO - Retrieving connection 'dse_connection'
[2024-09-27T23:46:51.412+0000] {sql.py:509} INFO - Running statement: 
        INSERT INTO company_list (company_trade_name, company_url) 
        VALUES (%s, %s)
        ON CONFLICT (company_trade_name) DO NOTHING;
    , parameters: ('FINEFOODS', 'https://www.dse.com.bd/displayCompany.php?name=FINEFOODS')
[2024-09-27T23:46:51.417+0000] {sql.py:518} INFO - Rows affected: 0
[2024-09-27T23:46:51.495+0000] {base.py:84} INFO - Retrieving connection 'dse_connection'
[2024-09-27T23:46:51.521+0000] {sql.py:509} INFO - Running statement: 
        INSERT INTO company_list (company_trade_name, company_url) 
        VALUES (%s, %s)
        ON CONFLICT (company_trade_name) DO NOTHING;
    , parameters: ('FIRSTFIN', 'https://www.dse.com.bd/displayCompany.php?name=FIRSTFIN')
[2024-09-27T23:46:51.526+0000] {sql.py:518} INFO - Rows affected: 0
[2024-09-27T23:46:51.602+0000] {base.py:84} INFO - Retrieving connection 'dse_connection'
[2024-09-27T23:46:51.622+0000] {sql.py:509} INFO - Running statement: 
        INSERT INTO company_list (company_trade_name, company_url) 
        VALUES (%s, %s)
        ON CONFLICT (company_trade_name) DO NOTHING;
    , parameters: ('FIRSTSBANK', 'https://www.dse.com.bd/displayCompany.php?name=FIRSTSBANK')
[2024-09-27T23:46:51.631+0000] {sql.py:518} INFO - Rows affected: 0
[2024-09-27T23:46:51.666+0000] {base.py:84} INFO - Retrieving connection 'dse_connection'
[2024-09-27T23:46:51.702+0000] {sql.py:509} INFO - Running statement: 
        INSERT INTO company_list (company_trade_name, company_url) 
        VALUES (%s, %s)
        ON CONFLICT (company_trade_name) DO NOTHING;
    , parameters: ('FORTUNE', 'https://www.dse.com.bd/displayCompany.php?name=FORTUNE')
[2024-09-27T23:46:51.713+0000] {sql.py:518} INFO - Rows affected: 0
[2024-09-27T23:46:51.789+0000] {base.py:84} INFO - Retrieving connection 'dse_connection'
[2024-09-27T23:46:51.822+0000] {sql.py:509} INFO - Running statement: 
        INSERT INTO company_list (company_trade_name, company_url) 
        VALUES (%s, %s)
        ON CONFLICT (company_trade_name) DO NOTHING;
    , parameters: ('FUWANGCER', 'https://www.dse.com.bd/displayCompany.php?name=FUWANGCER')
[2024-09-27T23:46:51.831+0000] {sql.py:518} INFO - Rows affected: 0
[2024-09-27T23:46:51.885+0000] {base.py:84} INFO - Retrieving connection 'dse_connection'
[2024-09-27T23:46:51.932+0000] {sql.py:509} INFO - Running statement: 
        INSERT INTO company_list (company_trade_name, company_url) 
        VALUES (%s, %s)
        ON CONFLICT (company_trade_name) DO NOTHING;
    , parameters: ('FUWANGFOOD', 'https://www.dse.com.bd/displayCompany.php?name=FUWANGFOOD')
[2024-09-27T23:46:51.945+0000] {sql.py:518} INFO - Rows affected: 0
[2024-09-27T23:46:51.981+0000] {base.py:84} INFO - Retrieving connection 'dse_connection'
[2024-09-27T23:46:52.049+0000] {sql.py:509} INFO - Running statement: 
        INSERT INTO company_list (company_trade_name, company_url) 
        VALUES (%s, %s)
        ON CONFLICT (company_trade_name) DO NOTHING;
    , parameters: ('GBBPOWER', 'https://www.dse.com.bd/displayCompany.php?name=GBBPOWER')
[2024-09-27T23:46:52.065+0000] {sql.py:518} INFO - Rows affected: 0
[2024-09-27T23:46:52.150+0000] {base.py:84} INFO - Retrieving connection 'dse_connection'
[2024-09-27T23:46:52.183+0000] {sql.py:509} INFO - Running statement: 
        INSERT INTO company_list (company_trade_name, company_url) 
        VALUES (%s, %s)
        ON CONFLICT (company_trade_name) DO NOTHING;
    , parameters: ('GEMINISEA', 'https://www.dse.com.bd/displayCompany.php?name=GEMINISEA')
[2024-09-27T23:46:52.201+0000] {sql.py:518} INFO - Rows affected: 0
[2024-09-27T23:46:52.272+0000] {base.py:84} INFO - Retrieving connection 'dse_connection'
[2024-09-27T23:46:52.301+0000] {sql.py:509} INFO - Running statement: 
        INSERT INTO company_list (company_trade_name, company_url) 
        VALUES (%s, %s)
        ON CONFLICT (company_trade_name) DO NOTHING;
    , parameters: ('GENEXIL', 'https://www.dse.com.bd/displayCompany.php?name=GENEXIL')
[2024-09-27T23:46:52.312+0000] {sql.py:518} INFO - Rows affected: 0
[2024-09-27T23:46:52.442+0000] {base.py:84} INFO - Retrieving connection 'dse_connection'
[2024-09-27T23:46:52.489+0000] {sql.py:509} INFO - Running statement: 
        INSERT INTO company_list (company_trade_name, company_url) 
        VALUES (%s, %s)
        ON CONFLICT (company_trade_name) DO NOTHING;
    , parameters: ('GENNEXT', 'https://www.dse.com.bd/displayCompany.php?name=GENNEXT')
[2024-09-27T23:46:52.510+0000] {sql.py:518} INFO - Rows affected: 0
[2024-09-27T23:46:52.609+0000] {base.py:84} INFO - Retrieving connection 'dse_connection'
[2024-09-27T23:46:52.654+0000] {sql.py:509} INFO - Running statement: 
        INSERT INTO company_list (company_trade_name, company_url) 
        VALUES (%s, %s)
        ON CONFLICT (company_trade_name) DO NOTHING;
    , parameters: ('GHAIL', 'https://www.dse.com.bd/displayCompany.php?name=GHAIL')
[2024-09-27T23:46:52.676+0000] {sql.py:518} INFO - Rows affected: 0
[2024-09-27T23:46:52.757+0000] {base.py:84} INFO - Retrieving connection 'dse_connection'
[2024-09-27T23:46:52.818+0000] {sql.py:509} INFO - Running statement: 
        INSERT INTO company_list (company_trade_name, company_url) 
        VALUES (%s, %s)
        ON CONFLICT (company_trade_name) DO NOTHING;
    , parameters: ('GHCL', 'https://www.dse.com.bd/displayCompany.php?name=GHCL')
[2024-09-27T23:46:52.826+0000] {sql.py:518} INFO - Rows affected: 0
[2024-09-27T23:46:52.876+0000] {base.py:84} INFO - Retrieving connection 'dse_connection'
[2024-09-27T23:46:52.920+0000] {sql.py:509} INFO - Running statement: 
        INSERT INTO company_list (company_trade_name, company_url) 
        VALUES (%s, %s)
        ON CONFLICT (company_trade_name) DO NOTHING;
    , parameters: ('GIB', 'https://www.dse.com.bd/displayCompany.php?name=GIB')
[2024-09-27T23:46:52.978+0000] {sql.py:518} INFO - Rows affected: 0
[2024-09-27T23:46:53.034+0000] {base.py:84} INFO - Retrieving connection 'dse_connection'
[2024-09-27T23:46:53.058+0000] {sql.py:509} INFO - Running statement: 
        INSERT INTO company_list (company_trade_name, company_url) 
        VALUES (%s, %s)
        ON CONFLICT (company_trade_name) DO NOTHING;
    , parameters: ('GLDNJMF', 'https://www.dse.com.bd/displayCompany.php?name=GLDNJMF')
[2024-09-27T23:46:53.072+0000] {sql.py:518} INFO - Rows affected: 0
[2024-09-27T23:46:53.132+0000] {base.py:84} INFO - Retrieving connection 'dse_connection'
[2024-09-27T23:46:53.172+0000] {sql.py:509} INFO - Running statement: 
        INSERT INTO company_list (company_trade_name, company_url) 
        VALUES (%s, %s)
        ON CONFLICT (company_trade_name) DO NOTHING;
    , parameters: ('GLOBALINS', 'https://www.dse.com.bd/displayCompany.php?name=GLOBALINS')
[2024-09-27T23:46:53.199+0000] {sql.py:518} INFO - Rows affected: 0
[2024-09-27T23:46:53.330+0000] {base.py:84} INFO - Retrieving connection 'dse_connection'
[2024-09-27T23:46:53.410+0000] {sql.py:509} INFO - Running statement: 
        INSERT INTO company_list (company_trade_name, company_url) 
        VALUES (%s, %s)
        ON CONFLICT (company_trade_name) DO NOTHING;
    , parameters: ('GOLDENSON', 'https://www.dse.com.bd/displayCompany.php?name=GOLDENSON')
[2024-09-27T23:46:53.417+0000] {sql.py:518} INFO - Rows affected: 0
[2024-09-27T23:46:53.493+0000] {base.py:84} INFO - Retrieving connection 'dse_connection'
[2024-09-27T23:46:53.598+0000] {sql.py:509} INFO - Running statement: 
        INSERT INTO company_list (company_trade_name, company_url) 
        VALUES (%s, %s)
        ON CONFLICT (company_trade_name) DO NOTHING;
    , parameters: ('GP', 'https://www.dse.com.bd/displayCompany.php?name=GP')
[2024-09-27T23:46:53.613+0000] {sql.py:518} INFO - Rows affected: 0
[2024-09-27T23:46:53.684+0000] {base.py:84} INFO - Retrieving connection 'dse_connection'
[2024-09-27T23:46:53.727+0000] {sql.py:509} INFO - Running statement: 
        INSERT INTO company_list (company_trade_name, company_url) 
        VALUES (%s, %s)
        ON CONFLICT (company_trade_name) DO NOTHING;
    , parameters: ('GPHISPAT', 'https://www.dse.com.bd/displayCompany.php?name=GPHISPAT')
[2024-09-27T23:46:53.752+0000] {sql.py:518} INFO - Rows affected: 0
[2024-09-27T23:46:53.859+0000] {base.py:84} INFO - Retrieving connection 'dse_connection'
[2024-09-27T23:46:53.882+0000] {sql.py:509} INFO - Running statement: 
        INSERT INTO company_list (company_trade_name, company_url) 
        VALUES (%s, %s)
        ON CONFLICT (company_trade_name) DO NOTHING;
    , parameters: ('GQBALLPEN', 'https://www.dse.com.bd/displayCompany.php?name=GQBALLPEN')
[2024-09-27T23:46:53.893+0000] {sql.py:518} INFO - Rows affected: 0
[2024-09-27T23:46:53.983+0000] {base.py:84} INFO - Retrieving connection 'dse_connection'
[2024-09-27T23:46:54.037+0000] {sql.py:509} INFO - Running statement: 
        INSERT INTO company_list (company_trade_name, company_url) 
        VALUES (%s, %s)
        ON CONFLICT (company_trade_name) DO NOTHING;
    , parameters: ('GRAMEENS2', 'https://www.dse.com.bd/displayCompany.php?name=GRAMEENS2')
[2024-09-27T23:46:54.044+0000] {sql.py:518} INFO - Rows affected: 0
[2024-09-27T23:46:54.148+0000] {base.py:84} INFO - Retrieving connection 'dse_connection'
[2024-09-27T23:46:54.207+0000] {sql.py:509} INFO - Running statement: 
        INSERT INTO company_list (company_trade_name, company_url) 
        VALUES (%s, %s)
        ON CONFLICT (company_trade_name) DO NOTHING;
    , parameters: ('GREENDELMF', 'https://www.dse.com.bd/displayCompany.php?name=GREENDELMF')
[2024-09-27T23:46:54.223+0000] {sql.py:518} INFO - Rows affected: 0
[2024-09-27T23:46:54.271+0000] {base.py:84} INFO - Retrieving connection 'dse_connection'
[2024-09-27T23:46:54.313+0000] {sql.py:509} INFO - Running statement: 
        INSERT INTO company_list (company_trade_name, company_url) 
        VALUES (%s, %s)
        ON CONFLICT (company_trade_name) DO NOTHING;
    , parameters: ('GREENDELT', 'https://www.dse.com.bd/displayCompany.php?name=GREENDELT')
[2024-09-27T23:46:54.330+0000] {sql.py:518} INFO - Rows affected: 0
[2024-09-27T23:46:54.400+0000] {base.py:84} INFO - Retrieving connection 'dse_connection'
[2024-09-27T23:46:54.461+0000] {sql.py:509} INFO - Running statement: 
        INSERT INTO company_list (company_trade_name, company_url) 
        VALUES (%s, %s)
        ON CONFLICT (company_trade_name) DO NOTHING;
    , parameters: ('GSPFINANCE', 'https://www.dse.com.bd/displayCompany.php?name=GSPFINANCE')
[2024-09-27T23:46:54.478+0000] {sql.py:518} INFO - Rows affected: 0
[2024-09-27T23:46:54.549+0000] {base.py:84} INFO - Retrieving connection 'dse_connection'
[2024-09-27T23:46:54.577+0000] {sql.py:509} INFO - Running statement: 
        INSERT INTO company_list (company_trade_name, company_url) 
        VALUES (%s, %s)
        ON CONFLICT (company_trade_name) DO NOTHING;
    , parameters: ('HAKKANIPUL', 'https://www.dse.com.bd/displayCompany.php?name=HAKKANIPUL')
[2024-09-27T23:46:54.582+0000] {sql.py:518} INFO - Rows affected: 0
[2024-09-27T23:46:54.616+0000] {base.py:84} INFO - Retrieving connection 'dse_connection'
[2024-09-27T23:46:54.643+0000] {sql.py:509} INFO - Running statement: 
        INSERT INTO company_list (company_trade_name, company_url) 
        VALUES (%s, %s)
        ON CONFLICT (company_trade_name) DO NOTHING;
    , parameters: ('HAMI', 'https://www.dse.com.bd/displayCompany.php?name=HAMI')
[2024-09-27T23:46:54.656+0000] {sql.py:518} INFO - Rows affected: 0
[2024-09-27T23:46:54.717+0000] {base.py:84} INFO - Retrieving connection 'dse_connection'
[2024-09-27T23:46:54.761+0000] {sql.py:509} INFO - Running statement: 
        INSERT INTO company_list (company_trade_name, company_url) 
        VALUES (%s, %s)
        ON CONFLICT (company_trade_name) DO NOTHING;
    , parameters: ('HEIDELBCEM', 'https://www.dse.com.bd/displayCompany.php?name=HEIDELBCEM')
[2024-09-27T23:46:54.778+0000] {sql.py:518} INFO - Rows affected: 0
[2024-09-27T23:46:54.830+0000] {base.py:84} INFO - Retrieving connection 'dse_connection'
[2024-09-27T23:46:54.870+0000] {sql.py:509} INFO - Running statement: 
        INSERT INTO company_list (company_trade_name, company_url) 
        VALUES (%s, %s)
        ON CONFLICT (company_trade_name) DO NOTHING;
    , parameters: ('HFL', 'https://www.dse.com.bd/displayCompany.php?name=HFL')
[2024-09-27T23:46:54.891+0000] {sql.py:518} INFO - Rows affected: 0
[2024-09-27T23:46:54.933+0000] {base.py:84} INFO - Retrieving connection 'dse_connection'
[2024-09-27T23:46:54.966+0000] {sql.py:509} INFO - Running statement: 
        INSERT INTO company_list (company_trade_name, company_url) 
        VALUES (%s, %s)
        ON CONFLICT (company_trade_name) DO NOTHING;
    , parameters: ('HRTEX', 'https://www.dse.com.bd/displayCompany.php?name=HRTEX')
[2024-09-27T23:46:54.989+0000] {sql.py:518} INFO - Rows affected: 0
[2024-09-27T23:46:55.056+0000] {base.py:84} INFO - Retrieving connection 'dse_connection'
[2024-09-27T23:46:55.094+0000] {sql.py:509} INFO - Running statement: 
        INSERT INTO company_list (company_trade_name, company_url) 
        VALUES (%s, %s)
        ON CONFLICT (company_trade_name) DO NOTHING;
    , parameters: ('HWAWELLTEX', 'https://www.dse.com.bd/displayCompany.php?name=HWAWELLTEX')
[2024-09-27T23:46:55.159+0000] {sql.py:518} INFO - Rows affected: 0
[2024-09-27T23:46:55.271+0000] {base.py:84} INFO - Retrieving connection 'dse_connection'
[2024-09-27T23:46:55.340+0000] {sql.py:509} INFO - Running statement: 
        INSERT INTO company_list (company_trade_name, company_url) 
        VALUES (%s, %s)
        ON CONFLICT (company_trade_name) DO NOTHING;
    , parameters: ('IBNSINA', 'https://www.dse.com.bd/displayCompany.php?name=IBNSINA')
[2024-09-27T23:46:55.360+0000] {sql.py:518} INFO - Rows affected: 0
[2024-09-27T23:46:55.398+0000] {base.py:84} INFO - Retrieving connection 'dse_connection'
[2024-09-27T23:46:55.452+0000] {sql.py:509} INFO - Running statement: 
        INSERT INTO company_list (company_trade_name, company_url) 
        VALUES (%s, %s)
        ON CONFLICT (company_trade_name) DO NOTHING;
    , parameters: ('IBP', 'https://www.dse.com.bd/displayCompany.php?name=IBP')
[2024-09-27T23:46:55.471+0000] {sql.py:518} INFO - Rows affected: 0
[2024-09-27T23:46:55.568+0000] {base.py:84} INFO - Retrieving connection 'dse_connection'
[2024-09-27T23:46:55.598+0000] {sql.py:509} INFO - Running statement: 
        INSERT INTO company_list (company_trade_name, company_url) 
        VALUES (%s, %s)
        ON CONFLICT (company_trade_name) DO NOTHING;
    , parameters: ('ICB', 'https://www.dse.com.bd/displayCompany.php?name=ICB')
[2024-09-27T23:46:55.615+0000] {sql.py:518} INFO - Rows affected: 0
[2024-09-27T23:46:55.718+0000] {base.py:84} INFO - Retrieving connection 'dse_connection'
[2024-09-27T23:46:55.741+0000] {sql.py:509} INFO - Running statement: 
        INSERT INTO company_list (company_trade_name, company_url) 
        VALUES (%s, %s)
        ON CONFLICT (company_trade_name) DO NOTHING;
    , parameters: ('ICB3RDNRB', 'https://www.dse.com.bd/displayCompany.php?name=ICB3RDNRB')
[2024-09-27T23:46:55.746+0000] {sql.py:518} INFO - Rows affected: 0
[2024-09-27T23:46:55.803+0000] {base.py:84} INFO - Retrieving connection 'dse_connection'
[2024-09-27T23:46:55.892+0000] {sql.py:509} INFO - Running statement: 
        INSERT INTO company_list (company_trade_name, company_url) 
        VALUES (%s, %s)
        ON CONFLICT (company_trade_name) DO NOTHING;
    , parameters: ('ICBAGRANI1', 'https://www.dse.com.bd/displayCompany.php?name=ICBAGRANI1')
[2024-09-27T23:46:55.941+0000] {sql.py:518} INFO - Rows affected: 0
[2024-09-27T23:46:56.035+0000] {base.py:84} INFO - Retrieving connection 'dse_connection'
[2024-09-27T23:46:56.119+0000] {sql.py:509} INFO - Running statement: 
        INSERT INTO company_list (company_trade_name, company_url) 
        VALUES (%s, %s)
        ON CONFLICT (company_trade_name) DO NOTHING;
    , parameters: ('ICBAMCL2ND', 'https://www.dse.com.bd/displayCompany.php?name=ICBAMCL2ND')
[2024-09-27T23:46:56.162+0000] {sql.py:518} INFO - Rows affected: 0
[2024-09-27T23:46:56.231+0000] {base.py:84} INFO - Retrieving connection 'dse_connection'
[2024-09-27T23:46:56.269+0000] {sql.py:509} INFO - Running statement: 
        INSERT INTO company_list (company_trade_name, company_url) 
        VALUES (%s, %s)
        ON CONFLICT (company_trade_name) DO NOTHING;
    , parameters: ('ICBEPMF1S1', 'https://www.dse.com.bd/displayCompany.php?name=ICBEPMF1S1')
[2024-09-27T23:46:56.280+0000] {sql.py:518} INFO - Rows affected: 0
[2024-09-27T23:46:56.389+0000] {base.py:84} INFO - Retrieving connection 'dse_connection'
[2024-09-27T23:46:56.453+0000] {sql.py:509} INFO - Running statement: 
        INSERT INTO company_list (company_trade_name, company_url) 
        VALUES (%s, %s)
        ON CONFLICT (company_trade_name) DO NOTHING;
    , parameters: ('ICBIBANK', 'https://www.dse.com.bd/displayCompany.php?name=ICBIBANK')
[2024-09-27T23:46:56.477+0000] {sql.py:518} INFO - Rows affected: 0
[2024-09-27T23:46:56.519+0000] {base.py:84} INFO - Retrieving connection 'dse_connection'
[2024-09-27T23:46:56.551+0000] {sql.py:509} INFO - Running statement: 
        INSERT INTO company_list (company_trade_name, company_url) 
        VALUES (%s, %s)
        ON CONFLICT (company_trade_name) DO NOTHING;
    , parameters: ('ICBSONALI1', 'https://www.dse.com.bd/displayCompany.php?name=ICBSONALI1')
[2024-09-27T23:46:56.568+0000] {sql.py:518} INFO - Rows affected: 0
[2024-09-27T23:46:56.632+0000] {base.py:84} INFO - Retrieving connection 'dse_connection'
[2024-09-27T23:46:56.665+0000] {sql.py:509} INFO - Running statement: 
        INSERT INTO company_list (company_trade_name, company_url) 
        VALUES (%s, %s)
        ON CONFLICT (company_trade_name) DO NOTHING;
    , parameters: ('ICICL', 'https://www.dse.com.bd/displayCompany.php?name=ICICL')
[2024-09-27T23:46:56.672+0000] {sql.py:518} INFO - Rows affected: 0
[2024-09-27T23:46:56.728+0000] {base.py:84} INFO - Retrieving connection 'dse_connection'
[2024-09-27T23:46:56.775+0000] {sql.py:509} INFO - Running statement: 
        INSERT INTO company_list (company_trade_name, company_url) 
        VALUES (%s, %s)
        ON CONFLICT (company_trade_name) DO NOTHING;
    , parameters: ('IDLC', 'https://www.dse.com.bd/displayCompany.php?name=IDLC')
[2024-09-27T23:46:56.795+0000] {sql.py:518} INFO - Rows affected: 0
[2024-09-27T23:46:56.850+0000] {base.py:84} INFO - Retrieving connection 'dse_connection'
[2024-09-27T23:46:56.899+0000] {sql.py:509} INFO - Running statement: 
        INSERT INTO company_list (company_trade_name, company_url) 
        VALUES (%s, %s)
        ON CONFLICT (company_trade_name) DO NOTHING;
    , parameters: ('IFADAUTOS', 'https://www.dse.com.bd/displayCompany.php?name=IFADAUTOS')
[2024-09-27T23:46:56.903+0000] {sql.py:518} INFO - Rows affected: 0
[2024-09-27T23:46:56.973+0000] {base.py:84} INFO - Retrieving connection 'dse_connection'
[2024-09-27T23:46:57.010+0000] {sql.py:509} INFO - Running statement: 
        INSERT INTO company_list (company_trade_name, company_url) 
        VALUES (%s, %s)
        ON CONFLICT (company_trade_name) DO NOTHING;
    , parameters: ('IFIC', 'https://www.dse.com.bd/displayCompany.php?name=IFIC')
[2024-09-27T23:46:57.024+0000] {sql.py:518} INFO - Rows affected: 0
[2024-09-27T23:46:57.143+0000] {base.py:84} INFO - Retrieving connection 'dse_connection'
[2024-09-27T23:46:57.173+0000] {sql.py:509} INFO - Running statement: 
        INSERT INTO company_list (company_trade_name, company_url) 
        VALUES (%s, %s)
        ON CONFLICT (company_trade_name) DO NOTHING;
    , parameters: ('IFIC1STMF', 'https://www.dse.com.bd/displayCompany.php?name=IFIC1STMF')
[2024-09-27T23:46:57.199+0000] {sql.py:518} INFO - Rows affected: 0
[2024-09-27T23:46:57.310+0000] {base.py:84} INFO - Retrieving connection 'dse_connection'
[2024-09-27T23:46:57.360+0000] {sql.py:509} INFO - Running statement: 
        INSERT INTO company_list (company_trade_name, company_url) 
        VALUES (%s, %s)
        ON CONFLICT (company_trade_name) DO NOTHING;
    , parameters: ('IFILISLMF1', 'https://www.dse.com.bd/displayCompany.php?name=IFILISLMF1')
[2024-09-27T23:46:57.374+0000] {sql.py:518} INFO - Rows affected: 0
[2024-09-27T23:46:57.435+0000] {base.py:84} INFO - Retrieving connection 'dse_connection'
[2024-09-27T23:46:57.493+0000] {sql.py:509} INFO - Running statement: 
        INSERT INTO company_list (company_trade_name, company_url) 
        VALUES (%s, %s)
        ON CONFLICT (company_trade_name) DO NOTHING;
    , parameters: ('ILFSL', 'https://www.dse.com.bd/displayCompany.php?name=ILFSL')
[2024-09-27T23:46:57.506+0000] {sql.py:518} INFO - Rows affected: 0
[2024-09-27T23:46:57.563+0000] {base.py:84} INFO - Retrieving connection 'dse_connection'
[2024-09-27T23:46:57.620+0000] {sql.py:509} INFO - Running statement: 
        INSERT INTO company_list (company_trade_name, company_url) 
        VALUES (%s, %s)
        ON CONFLICT (company_trade_name) DO NOTHING;
    , parameters: ('INDEXAGRO', 'https://www.dse.com.bd/displayCompany.php?name=INDEXAGRO')
[2024-09-27T23:46:57.642+0000] {sql.py:518} INFO - Rows affected: 0
[2024-09-27T23:46:57.745+0000] {base.py:84} INFO - Retrieving connection 'dse_connection'
[2024-09-27T23:46:57.768+0000] {sql.py:509} INFO - Running statement: 
        INSERT INTO company_list (company_trade_name, company_url) 
        VALUES (%s, %s)
        ON CONFLICT (company_trade_name) DO NOTHING;
    , parameters: ('INTECH', 'https://www.dse.com.bd/displayCompany.php?name=INTECH')
[2024-09-27T23:46:57.785+0000] {sql.py:518} INFO - Rows affected: 0
[2024-09-27T23:46:57.856+0000] {base.py:84} INFO - Retrieving connection 'dse_connection'
[2024-09-27T23:46:57.877+0000] {sql.py:509} INFO - Running statement: 
        INSERT INTO company_list (company_trade_name, company_url) 
        VALUES (%s, %s)
        ON CONFLICT (company_trade_name) DO NOTHING;
    , parameters: ('INTRACO', 'https://www.dse.com.bd/displayCompany.php?name=INTRACO')
[2024-09-27T23:46:57.883+0000] {sql.py:518} INFO - Rows affected: 0
[2024-09-27T23:46:57.953+0000] {base.py:84} INFO - Retrieving connection 'dse_connection'
[2024-09-27T23:46:57.972+0000] {sql.py:509} INFO - Running statement: 
        INSERT INTO company_list (company_trade_name, company_url) 
        VALUES (%s, %s)
        ON CONFLICT (company_trade_name) DO NOTHING;
    , parameters: ('IPDC', 'https://www.dse.com.bd/displayCompany.php?name=IPDC')
[2024-09-27T23:46:57.985+0000] {sql.py:518} INFO - Rows affected: 0
[2024-09-27T23:46:58.069+0000] {base.py:84} INFO - Retrieving connection 'dse_connection'
[2024-09-27T23:46:58.095+0000] {sql.py:509} INFO - Running statement: 
        INSERT INTO company_list (company_trade_name, company_url) 
        VALUES (%s, %s)
        ON CONFLICT (company_trade_name) DO NOTHING;
    , parameters: ('ISLAMIBANK', 'https://www.dse.com.bd/displayCompany.php?name=ISLAMIBANK')
[2024-09-27T23:46:58.104+0000] {sql.py:518} INFO - Rows affected: 0
[2024-09-27T23:46:58.224+0000] {base.py:84} INFO - Retrieving connection 'dse_connection'
[2024-09-27T23:46:58.246+0000] {sql.py:509} INFO - Running statement: 
        INSERT INTO company_list (company_trade_name, company_url) 
        VALUES (%s, %s)
        ON CONFLICT (company_trade_name) DO NOTHING;
    , parameters: ('ISLAMICFIN', 'https://www.dse.com.bd/displayCompany.php?name=ISLAMICFIN')
[2024-09-27T23:46:58.253+0000] {sql.py:518} INFO - Rows affected: 0
[2024-09-27T23:46:58.324+0000] {base.py:84} INFO - Retrieving connection 'dse_connection'
[2024-09-27T23:46:58.344+0000] {sql.py:509} INFO - Running statement: 
        INSERT INTO company_list (company_trade_name, company_url) 
        VALUES (%s, %s)
        ON CONFLICT (company_trade_name) DO NOTHING;
    , parameters: ('ISLAMIINS', 'https://www.dse.com.bd/displayCompany.php?name=ISLAMIINS')
[2024-09-27T23:46:58.362+0000] {sql.py:518} INFO - Rows affected: 0
[2024-09-27T23:46:58.422+0000] {base.py:84} INFO - Retrieving connection 'dse_connection'
[2024-09-27T23:46:58.439+0000] {sql.py:509} INFO - Running statement: 
        INSERT INTO company_list (company_trade_name, company_url) 
        VALUES (%s, %s)
        ON CONFLICT (company_trade_name) DO NOTHING;
    , parameters: ('ISNLTD', 'https://www.dse.com.bd/displayCompany.php?name=ISNLTD')
[2024-09-27T23:46:58.449+0000] {sql.py:518} INFO - Rows affected: 0
[2024-09-27T23:46:58.578+0000] {base.py:84} INFO - Retrieving connection 'dse_connection'
[2024-09-27T23:46:58.626+0000] {sql.py:509} INFO - Running statement: 
        INSERT INTO company_list (company_trade_name, company_url) 
        VALUES (%s, %s)
        ON CONFLICT (company_trade_name) DO NOTHING;
    , parameters: ('ITC', 'https://www.dse.com.bd/displayCompany.php?name=ITC')
[2024-09-27T23:46:58.644+0000] {sql.py:518} INFO - Rows affected: 0
[2024-09-27T23:46:58.809+0000] {base.py:84} INFO - Retrieving connection 'dse_connection'
[2024-09-27T23:46:58.874+0000] {sql.py:509} INFO - Running statement: 
        INSERT INTO company_list (company_trade_name, company_url) 
        VALUES (%s, %s)
        ON CONFLICT (company_trade_name) DO NOTHING;
    , parameters: ('JAMUNABANK', 'https://www.dse.com.bd/displayCompany.php?name=JAMUNABANK')
[2024-09-27T23:46:58.889+0000] {sql.py:518} INFO - Rows affected: 0
[2024-09-27T23:46:58.948+0000] {base.py:84} INFO - Retrieving connection 'dse_connection'
[2024-09-27T23:46:58.990+0000] {sql.py:509} INFO - Running statement: 
        INSERT INTO company_list (company_trade_name, company_url) 
        VALUES (%s, %s)
        ON CONFLICT (company_trade_name) DO NOTHING;
    , parameters: ('JAMUNAOIL', 'https://www.dse.com.bd/displayCompany.php?name=JAMUNAOIL')
[2024-09-27T23:46:59.004+0000] {sql.py:518} INFO - Rows affected: 0
[2024-09-27T23:46:59.084+0000] {base.py:84} INFO - Retrieving connection 'dse_connection'
[2024-09-27T23:46:59.116+0000] {sql.py:509} INFO - Running statement: 
        INSERT INTO company_list (company_trade_name, company_url) 
        VALUES (%s, %s)
        ON CONFLICT (company_trade_name) DO NOTHING;
    , parameters: ('JANATAINS', 'https://www.dse.com.bd/displayCompany.php?name=JANATAINS')
[2024-09-27T23:46:59.137+0000] {sql.py:518} INFO - Rows affected: 0
[2024-09-27T23:46:59.201+0000] {base.py:84} INFO - Retrieving connection 'dse_connection'
[2024-09-27T23:46:59.236+0000] {sql.py:509} INFO - Running statement: 
        INSERT INTO company_list (company_trade_name, company_url) 
        VALUES (%s, %s)
        ON CONFLICT (company_trade_name) DO NOTHING;
    , parameters: ('JHRML', 'https://www.dse.com.bd/displayCompany.php?name=JHRML')
[2024-09-27T23:46:59.255+0000] {sql.py:518} INFO - Rows affected: 0
[2024-09-27T23:46:59.303+0000] {base.py:84} INFO - Retrieving connection 'dse_connection'
[2024-09-27T23:46:59.314+0000] {sql.py:509} INFO - Running statement: 
        INSERT INTO company_list (company_trade_name, company_url) 
        VALUES (%s, %s)
        ON CONFLICT (company_trade_name) DO NOTHING;
    , parameters: ('JMISMDL', 'https://www.dse.com.bd/displayCompany.php?name=JMISMDL')
[2024-09-27T23:46:59.318+0000] {sql.py:518} INFO - Rows affected: 0
[2024-09-27T23:46:59.445+0000] {base.py:84} INFO - Retrieving connection 'dse_connection'
[2024-09-27T23:46:59.474+0000] {sql.py:509} INFO - Running statement: 
        INSERT INTO company_list (company_trade_name, company_url) 
        VALUES (%s, %s)
        ON CONFLICT (company_trade_name) DO NOTHING;
    , parameters: ('JUTESPINN', 'https://www.dse.com.bd/displayCompany.php?name=JUTESPINN')
[2024-09-27T23:46:59.481+0000] {sql.py:518} INFO - Rows affected: 0
[2024-09-27T23:46:59.511+0000] {base.py:84} INFO - Retrieving connection 'dse_connection'
[2024-09-27T23:46:59.562+0000] {sql.py:509} INFO - Running statement: 
        INSERT INTO company_list (company_trade_name, company_url) 
        VALUES (%s, %s)
        ON CONFLICT (company_trade_name) DO NOTHING;
    , parameters: ('KARNAPHULI', 'https://www.dse.com.bd/displayCompany.php?name=KARNAPHULI')
[2024-09-27T23:46:59.568+0000] {sql.py:518} INFO - Rows affected: 0
[2024-09-27T23:46:59.657+0000] {base.py:84} INFO - Retrieving connection 'dse_connection'
[2024-09-27T23:46:59.789+0000] {sql.py:509} INFO - Running statement: 
        INSERT INTO company_list (company_trade_name, company_url) 
        VALUES (%s, %s)
        ON CONFLICT (company_trade_name) DO NOTHING;
    , parameters: ('KAY&QUE', 'https://www.dse.com.bd/displayCompany.php?name=KAY&QUE')
[2024-09-27T23:46:59.824+0000] {sql.py:518} INFO - Rows affected: 0
[2024-09-27T23:47:00.583+0000] {base.py:84} INFO - Retrieving connection 'dse_connection'
[2024-09-27T23:47:02.473+0000] {sql.py:509} INFO - Running statement: 
        INSERT INTO company_list (company_trade_name, company_url) 
        VALUES (%s, %s)
        ON CONFLICT (company_trade_name) DO NOTHING;
    , parameters: ('KBPPWBIL', 'https://www.dse.com.bd/displayCompany.php?name=KBPPWBIL')
[2024-09-27T23:47:02.498+0000] {sql.py:518} INFO - Rows affected: 0
[2024-09-27T23:47:10.810+0000] {local_task_job_runner.py:266} INFO - Task exited with return code -9For more information, see https://***.apache.org/docs/apache-***/stable/troubleshooting.html#LocalTaskJob-killed
[2024-09-27T23:47:11.347+0000] {local_task_job_runner.py:245} INFO - ::endgroup::
