[2024-09-27T18:30:08.324+0000] {local_task_job_runner.py:123} INFO - ::group::Pre task execution logs
[2024-09-27T18:30:08.404+0000] {taskinstance.py:2612} INFO - Dependencies all met for dep_context=non-requeueable deps ti=<TaskInstance: scrape_and_save_share_prices_with_company_data.create_share_prices_table scheduled__2023-12-25T00:00:00+00:00 [queued]>
[2024-09-27T18:30:08.433+0000] {taskinstance.py:2612} INFO - Dependencies all met for dep_context=requeueable deps ti=<TaskInstance: scrape_and_save_share_prices_with_company_data.create_share_prices_table scheduled__2023-12-25T00:00:00+00:00 [queued]>
[2024-09-27T18:30:08.435+0000] {taskinstance.py:2865} INFO - Starting attempt 1 of 2
[2024-09-27T18:30:08.484+0000] {taskinstance.py:2888} INFO - Executing <Task(PythonOperator): create_share_prices_table> on 2023-12-25 00:00:00+00:00
[2024-09-27T18:30:08.504+0000] {warnings.py:112} WARNING - /home/***/.local/lib/python3.12/site-packages/***/task/task_runner/standard_task_runner.py:70: DeprecationWarning: This process (pid=13449) is multi-threaded, use of fork() may lead to deadlocks in the child.
  pid = os.fork()

[2024-09-27T18:30:08.511+0000] {standard_task_runner.py:72} INFO - Started process 13455 to run task
[2024-09-27T18:30:08.523+0000] {standard_task_runner.py:104} INFO - Running: ['***', 'tasks', 'run', 'scrape_and_save_share_prices_with_company_data', 'create_share_prices_table', 'scheduled__2023-12-25T00:00:00+00:00', '--job-id', '1468', '--raw', '--subdir', 'DAGS_FOLDER/dag.py', '--cfg-path', '/tmp/tmpn1918e5f']
[2024-09-27T18:30:08.526+0000] {standard_task_runner.py:105} INFO - Job 1468: Subtask create_share_prices_table
[2024-09-27T18:30:08.772+0000] {task_command.py:467} INFO - Running <TaskInstance: scrape_and_save_share_prices_with_company_data.create_share_prices_table scheduled__2023-12-25T00:00:00+00:00 [running]> on host 13b5797a93ab
[2024-09-27T18:30:09.212+0000] {taskinstance.py:3131} INFO - Exporting env vars: AIRFLOW_CTX_DAG_OWNER='***' AIRFLOW_CTX_DAG_ID='scrape_and_save_share_prices_with_company_data' AIRFLOW_CTX_TASK_ID='create_share_prices_table' AIRFLOW_CTX_EXECUTION_DATE='2023-12-25T00:00:00+00:00' AIRFLOW_CTX_TRY_NUMBER='1' AIRFLOW_CTX_DAG_RUN_ID='scheduled__2023-12-25T00:00:00+00:00'
[2024-09-27T18:30:09.216+0000] {logging_mixin.py:190} INFO - Task instance is in running state
[2024-09-27T18:30:09.218+0000] {logging_mixin.py:190} INFO -  Previous state of the Task instance: queued
[2024-09-27T18:30:09.222+0000] {logging_mixin.py:190} INFO - Current task name:create_share_prices_table state:running start_date:2024-09-27 18:30:08.405718+00:00
[2024-09-27T18:30:09.222+0000] {logging_mixin.py:190} INFO - Dag name:scrape_and_save_share_prices_with_company_data and current dag run status:running
[2024-09-27T18:30:09.225+0000] {taskinstance.py:731} INFO - ::endgroup::
[2024-09-27T18:30:09.256+0000] {base.py:84} INFO - Retrieving connection 'dse_connection'
[2024-09-27T18:30:09.269+0000] {sql.py:509} INFO - Running statement: 
        CREATE TABLE IF NOT EXISTS company_share_prices (
            id SERIAL,
            company_id INTEGER NOT NULL,
            date DATE,
            latest_trading_price VARCHAR(50),
            low_price VARCHAR(50),
            high_price VARCHAR(50),
            closing_price VARCHAR(50),
            ycp VARCHAR(50),
            change VARCHAR(10),
            trade VARCHAR(50),
            value VARCHAR(50),
            volume VARCHAR(50),
            PRIMARY KEY(company_id, id),
            FOREIGN KEY(company_id)
                REFERENCES company_list(company_id)
                ON UPDATE CASCADE ON DELETE CASCADE
        );
    , parameters: None
[2024-09-27T18:30:09.273+0000] {python.py:240} INFO - Done. Returned value was: None
[2024-09-27T18:30:09.311+0000] {taskinstance.py:340} INFO - ::group::Post task execution logs
[2024-09-27T18:30:09.314+0000] {taskinstance.py:352} INFO - Marking task as SUCCESS. dag_id=scrape_and_save_share_prices_with_company_data, task_id=create_share_prices_table, run_id=scheduled__2023-12-25T00:00:00+00:00, execution_date=20231225T000000, start_date=20240927T183008, end_date=20240927T183009
[2024-09-27T18:30:09.347+0000] {logging_mixin.py:190} INFO - Task instance in success state
[2024-09-27T18:30:09.353+0000] {logging_mixin.py:190} INFO -  Previous state of the Task instance: running
[2024-09-27T18:30:09.354+0000] {logging_mixin.py:190} INFO - Dag name:scrape_and_save_share_prices_with_company_data queued_at:2024-09-27 18:28:07.669214+00:00
[2024-09-27T18:30:09.355+0000] {logging_mixin.py:190} INFO - Task hostname:13b5797a93ab operator:PythonOperator
[2024-09-27T18:30:09.417+0000] {local_task_job_runner.py:266} INFO - Task exited with return code 0
[2024-09-27T18:30:09.528+0000] {taskinstance.py:3900} INFO - 1 downstream tasks scheduled from follow-on schedule check
[2024-09-27T18:30:09.536+0000] {local_task_job_runner.py:245} INFO - ::endgroup::
[2024-09-27T22:19:16.727+0000] {local_task_job_runner.py:123} INFO - ::group::Pre task execution logs
[2024-09-27T22:19:16.755+0000] {taskinstance.py:2612} INFO - Dependencies all met for dep_context=non-requeueable deps ti=<TaskInstance: scrape_and_save_share_prices_with_company_data.create_share_prices_table scheduled__2023-12-25T00:00:00+00:00 [queued]>
[2024-09-27T22:19:16.767+0000] {taskinstance.py:2612} INFO - Dependencies all met for dep_context=requeueable deps ti=<TaskInstance: scrape_and_save_share_prices_with_company_data.create_share_prices_table scheduled__2023-12-25T00:00:00+00:00 [queued]>
[2024-09-27T22:19:16.768+0000] {taskinstance.py:2865} INFO - Starting attempt 1 of 2
[2024-09-27T22:19:16.793+0000] {taskinstance.py:2888} INFO - Executing <Task(PythonOperator): create_share_prices_table> on 2023-12-25 00:00:00+00:00
[2024-09-27T22:19:16.803+0000] {warnings.py:112} WARNING - /home/***/.local/lib/python3.12/site-packages/***/task/task_runner/standard_task_runner.py:70: DeprecationWarning: This process (pid=2198) is multi-threaded, use of fork() may lead to deadlocks in the child.
  pid = os.fork()

[2024-09-27T22:19:16.806+0000] {standard_task_runner.py:72} INFO - Started process 2208 to run task
[2024-09-27T22:19:16.807+0000] {standard_task_runner.py:104} INFO - Running: ['***', 'tasks', 'run', 'scrape_and_save_share_prices_with_company_data', 'create_share_prices_table', 'scheduled__2023-12-25T00:00:00+00:00', '--job-id', '2514', '--raw', '--subdir', 'DAGS_FOLDER/dag.py', '--cfg-path', '/tmp/tmpnv23v90_']
[2024-09-27T22:19:16.809+0000] {standard_task_runner.py:105} INFO - Job 2514: Subtask create_share_prices_table
[2024-09-27T22:19:16.898+0000] {task_command.py:467} INFO - Running <TaskInstance: scrape_and_save_share_prices_with_company_data.create_share_prices_table scheduled__2023-12-25T00:00:00+00:00 [running]> on host fd62fe12432d
[2024-09-27T22:19:17.062+0000] {taskinstance.py:3131} INFO - Exporting env vars: AIRFLOW_CTX_DAG_OWNER='***' AIRFLOW_CTX_DAG_ID='scrape_and_save_share_prices_with_company_data' AIRFLOW_CTX_TASK_ID='create_share_prices_table' AIRFLOW_CTX_EXECUTION_DATE='2023-12-25T00:00:00+00:00' AIRFLOW_CTX_TRY_NUMBER='1' AIRFLOW_CTX_DAG_RUN_ID='scheduled__2023-12-25T00:00:00+00:00'
[2024-09-27T22:19:17.066+0000] {logging_mixin.py:190} INFO - Task instance is in running state
[2024-09-27T22:19:17.067+0000] {logging_mixin.py:190} INFO -  Previous state of the Task instance: queued
[2024-09-27T22:19:17.068+0000] {logging_mixin.py:190} INFO - Current task name:create_share_prices_table state:running start_date:2024-09-27 22:19:16.756553+00:00
[2024-09-27T22:19:17.069+0000] {logging_mixin.py:190} INFO - Dag name:scrape_and_save_share_prices_with_company_data and current dag run status:running
[2024-09-27T22:19:17.070+0000] {taskinstance.py:731} INFO - ::endgroup::
[2024-09-27T22:19:17.086+0000] {base.py:84} INFO - Retrieving connection 'dse_connection'
[2024-09-27T22:19:17.093+0000] {sql.py:509} INFO - Running statement: 
        CREATE TABLE IF NOT EXISTS company_share_prices (
            id SERIAL,
            company_id INTEGER NOT NULL,
            date DATE,
            latest_trading_price VARCHAR(50),
            low_price VARCHAR(50),
            high_price VARCHAR(50),
            closing_price VARCHAR(50),
            ycp VARCHAR(50),
            change VARCHAR(10),
            trade VARCHAR(50),
            value VARCHAR(50),
            volume VARCHAR(50),
            PRIMARY KEY(company_id, id),
            FOREIGN KEY(company_id)
                REFERENCES company_list(company_id)
                ON UPDATE CASCADE ON DELETE CASCADE
        );
    , parameters: None
[2024-09-27T22:19:17.096+0000] {python.py:240} INFO - Done. Returned value was: None
[2024-09-27T22:19:17.117+0000] {taskinstance.py:340} INFO - ::group::Post task execution logs
[2024-09-27T22:19:17.118+0000] {taskinstance.py:352} INFO - Marking task as SUCCESS. dag_id=scrape_and_save_share_prices_with_company_data, task_id=create_share_prices_table, run_id=scheduled__2023-12-25T00:00:00+00:00, execution_date=20231225T000000, start_date=20240927T221916, end_date=20240927T221917
[2024-09-27T22:19:17.151+0000] {logging_mixin.py:190} INFO - Task instance in success state
[2024-09-27T22:19:17.153+0000] {logging_mixin.py:190} INFO -  Previous state of the Task instance: running
[2024-09-27T22:19:17.154+0000] {logging_mixin.py:190} INFO - Dag name:scrape_and_save_share_prices_with_company_data queued_at:2024-09-27 22:17:02.108147+00:00
[2024-09-27T22:19:17.155+0000] {logging_mixin.py:190} INFO - Task hostname:fd62fe12432d operator:PythonOperator
[2024-09-27T22:19:17.185+0000] {local_task_job_runner.py:266} INFO - Task exited with return code 0
[2024-09-27T22:19:17.276+0000] {taskinstance.py:3900} INFO - 1 downstream tasks scheduled from follow-on schedule check
[2024-09-27T22:19:17.283+0000] {local_task_job_runner.py:245} INFO - ::endgroup::
[2024-09-27T22:56:49.866+0000] {local_task_job_runner.py:123} INFO - ::group::Pre task execution logs
[2024-09-27T22:56:49.913+0000] {taskinstance.py:2612} INFO - Dependencies all met for dep_context=non-requeueable deps ti=<TaskInstance: scrape_and_save_share_prices_with_company_data.create_share_prices_table scheduled__2023-12-25T00:00:00+00:00 [queued]>
[2024-09-27T22:56:49.936+0000] {taskinstance.py:2612} INFO - Dependencies all met for dep_context=requeueable deps ti=<TaskInstance: scrape_and_save_share_prices_with_company_data.create_share_prices_table scheduled__2023-12-25T00:00:00+00:00 [queued]>
[2024-09-27T22:56:49.938+0000] {taskinstance.py:2865} INFO - Starting attempt 1 of 2
[2024-09-27T22:56:49.995+0000] {taskinstance.py:2888} INFO - Executing <Task(PythonOperator): create_share_prices_table> on 2023-12-25 00:00:00+00:00
[2024-09-27T22:56:50.018+0000] {warnings.py:112} WARNING - /home/***/.local/lib/python3.12/site-packages/***/task/task_runner/standard_task_runner.py:70: DeprecationWarning: This process (pid=1897) is multi-threaded, use of fork() may lead to deadlocks in the child.
  pid = os.fork()

[2024-09-27T22:56:50.025+0000] {standard_task_runner.py:72} INFO - Started process 1903 to run task
[2024-09-27T22:56:50.027+0000] {standard_task_runner.py:104} INFO - Running: ['***', 'tasks', 'run', 'scrape_and_save_share_prices_with_company_data', 'create_share_prices_table', 'scheduled__2023-12-25T00:00:00+00:00', '--job-id', '2975', '--raw', '--subdir', 'DAGS_FOLDER/dag.py', '--cfg-path', '/tmp/tmpunyqg3m5']
[2024-09-27T22:56:50.031+0000] {standard_task_runner.py:105} INFO - Job 2975: Subtask create_share_prices_table
[2024-09-27T22:56:50.211+0000] {task_command.py:467} INFO - Running <TaskInstance: scrape_and_save_share_prices_with_company_data.create_share_prices_table scheduled__2023-12-25T00:00:00+00:00 [running]> on host 7746de5121f6
[2024-09-27T22:56:50.487+0000] {taskinstance.py:3131} INFO - Exporting env vars: AIRFLOW_CTX_DAG_OWNER='***' AIRFLOW_CTX_DAG_ID='scrape_and_save_share_prices_with_company_data' AIRFLOW_CTX_TASK_ID='create_share_prices_table' AIRFLOW_CTX_EXECUTION_DATE='2023-12-25T00:00:00+00:00' AIRFLOW_CTX_TRY_NUMBER='1' AIRFLOW_CTX_DAG_RUN_ID='scheduled__2023-12-25T00:00:00+00:00'
[2024-09-27T22:56:50.490+0000] {logging_mixin.py:190} INFO - Task instance is in running state
[2024-09-27T22:56:50.491+0000] {logging_mixin.py:190} INFO -  Previous state of the Task instance: queued
[2024-09-27T22:56:50.493+0000] {logging_mixin.py:190} INFO - Current task name:create_share_prices_table state:running start_date:2024-09-27 22:56:49.914401+00:00
[2024-09-27T22:56:50.495+0000] {logging_mixin.py:190} INFO - Dag name:scrape_and_save_share_prices_with_company_data and current dag run status:running
[2024-09-27T22:56:50.497+0000] {taskinstance.py:731} INFO - ::endgroup::
[2024-09-27T22:56:50.523+0000] {base.py:84} INFO - Retrieving connection 'dse_connection'
[2024-09-27T22:56:50.534+0000] {sql.py:509} INFO - Running statement: 
        CREATE TABLE IF NOT EXISTS company_share_prices (
            id SERIAL,
            company_id INTEGER NOT NULL,
            date DATE,
            latest_trading_price VARCHAR(50),
            low_price VARCHAR(50),
            high_price VARCHAR(50),
            closing_price VARCHAR(50),
            ycp VARCHAR(50),
            change VARCHAR(10),
            trade VARCHAR(50),
            value VARCHAR(50),
            volume VARCHAR(50),
            PRIMARY KEY(company_id, id),
            FOREIGN KEY(company_id)
                REFERENCES company_list(company_id)
                ON UPDATE CASCADE ON DELETE CASCADE
        );
    , parameters: None
[2024-09-27T22:56:50.538+0000] {python.py:240} INFO - Done. Returned value was: None
[2024-09-27T22:56:50.568+0000] {taskinstance.py:340} INFO - ::group::Post task execution logs
[2024-09-27T22:56:50.570+0000] {taskinstance.py:352} INFO - Marking task as SUCCESS. dag_id=scrape_and_save_share_prices_with_company_data, task_id=create_share_prices_table, run_id=scheduled__2023-12-25T00:00:00+00:00, execution_date=20231225T000000, start_date=20240927T225649, end_date=20240927T225650
[2024-09-27T22:56:50.603+0000] {logging_mixin.py:190} INFO - Task instance in success state
[2024-09-27T22:56:50.609+0000] {logging_mixin.py:190} INFO -  Previous state of the Task instance: running
[2024-09-27T22:56:50.611+0000] {logging_mixin.py:190} INFO - Dag name:scrape_and_save_share_prices_with_company_data queued_at:2024-09-27 22:55:40.087253+00:00
[2024-09-27T22:56:50.615+0000] {logging_mixin.py:190} INFO - Task hostname:7746de5121f6 operator:PythonOperator
[2024-09-27T22:56:50.679+0000] {local_task_job_runner.py:266} INFO - Task exited with return code 0
[2024-09-27T22:56:50.734+0000] {taskinstance.py:3900} INFO - 1 downstream tasks scheduled from follow-on schedule check
[2024-09-27T22:56:50.738+0000] {local_task_job_runner.py:245} INFO - ::endgroup::
