[2024-09-27T18:35:17.063+0000] {local_task_job_runner.py:123} INFO - ::group::Pre task execution logs
[2024-09-27T18:35:17.179+0000] {taskinstance.py:2612} INFO - Dependencies all met for dep_context=non-requeueable deps ti=<TaskInstance: scrape_and_save_share_prices_with_company_data.create_share_prices_table scheduled__2024-01-20T00:00:00+00:00 [queued]>
[2024-09-27T18:35:17.252+0000] {taskinstance.py:2612} INFO - Dependencies all met for dep_context=requeueable deps ti=<TaskInstance: scrape_and_save_share_prices_with_company_data.create_share_prices_table scheduled__2024-01-20T00:00:00+00:00 [queued]>
[2024-09-27T18:35:17.259+0000] {taskinstance.py:2865} INFO - Starting attempt 1 of 2
[2024-09-27T18:35:17.393+0000] {taskinstance.py:2888} INFO - Executing <Task(PythonOperator): create_share_prices_table> on 2024-01-20 00:00:00+00:00
[2024-09-27T18:35:17.449+0000] {warnings.py:112} WARNING - /home/***/.local/lib/python3.12/site-packages/***/task/task_runner/standard_task_runner.py:70: DeprecationWarning: This process (pid=13850) is multi-threaded, use of fork() may lead to deadlocks in the child.
  pid = os.fork()

[2024-09-27T18:35:17.453+0000] {standard_task_runner.py:72} INFO - Started process 13881 to run task
[2024-09-27T18:35:17.469+0000] {standard_task_runner.py:104} INFO - Running: ['***', 'tasks', 'run', 'scrape_and_save_share_prices_with_company_data', 'create_share_prices_table', 'scheduled__2024-01-20T00:00:00+00:00', '--job-id', '1557', '--raw', '--subdir', 'DAGS_FOLDER/dag.py', '--cfg-path', '/tmp/tmppv1hodtm']
[2024-09-27T18:35:17.480+0000] {standard_task_runner.py:105} INFO - Job 1557: Subtask create_share_prices_table
[2024-09-27T18:35:17.683+0000] {task_command.py:467} INFO - Running <TaskInstance: scrape_and_save_share_prices_with_company_data.create_share_prices_table scheduled__2024-01-20T00:00:00+00:00 [running]> on host 13b5797a93ab
[2024-09-27T18:35:18.254+0000] {taskinstance.py:3131} INFO - Exporting env vars: AIRFLOW_CTX_DAG_OWNER='***' AIRFLOW_CTX_DAG_ID='scrape_and_save_share_prices_with_company_data' AIRFLOW_CTX_TASK_ID='create_share_prices_table' AIRFLOW_CTX_EXECUTION_DATE='2024-01-20T00:00:00+00:00' AIRFLOW_CTX_TRY_NUMBER='1' AIRFLOW_CTX_DAG_RUN_ID='scheduled__2024-01-20T00:00:00+00:00'
[2024-09-27T18:35:18.261+0000] {logging_mixin.py:190} INFO - Task instance is in running state
[2024-09-27T18:35:18.262+0000] {logging_mixin.py:190} INFO -  Previous state of the Task instance: queued
[2024-09-27T18:35:18.263+0000] {logging_mixin.py:190} INFO - Current task name:create_share_prices_table state:running start_date:2024-09-27 18:35:17.212043+00:00
[2024-09-27T18:35:18.264+0000] {logging_mixin.py:190} INFO - Dag name:scrape_and_save_share_prices_with_company_data and current dag run status:running
[2024-09-27T18:35:18.265+0000] {taskinstance.py:731} INFO - ::endgroup::
[2024-09-27T18:35:18.370+0000] {base.py:84} INFO - Retrieving connection 'dse_connection'
[2024-09-27T18:35:18.435+0000] {sql.py:509} INFO - Running statement: 
        CREATE TABLE IF NOT EXISTS company_share_prices (
            id SERIAL,
            company_id INTEGER NOT NULL,
            date DATE,
            latest_trading_price VARCHAR(50),
            low_price VARCHAR(50),
            high_price VARCHAR(50),
            closing_price VARCHAR(50),
            ycp VARCHAR(50),
            change VARCHAR(10),
            trade VARCHAR(50),
            value VARCHAR(50),
            volume VARCHAR(50),
            PRIMARY KEY(company_id, id),
            FOREIGN KEY(company_id)
                REFERENCES company_list(company_id)
                ON UPDATE CASCADE ON DELETE CASCADE
        );
    , parameters: None
[2024-09-27T18:35:18.469+0000] {python.py:240} INFO - Done. Returned value was: None
[2024-09-27T18:35:18.595+0000] {taskinstance.py:340} INFO - ::group::Post task execution logs
[2024-09-27T18:35:18.597+0000] {taskinstance.py:352} INFO - Marking task as SUCCESS. dag_id=scrape_and_save_share_prices_with_company_data, task_id=create_share_prices_table, run_id=scheduled__2024-01-20T00:00:00+00:00, execution_date=20240120T000000, start_date=20240927T183517, end_date=20240927T183518
[2024-09-27T18:35:18.692+0000] {logging_mixin.py:190} INFO - Task instance in success state
[2024-09-27T18:35:18.710+0000] {logging_mixin.py:190} INFO -  Previous state of the Task instance: running
[2024-09-27T18:35:18.711+0000] {logging_mixin.py:190} INFO - Dag name:scrape_and_save_share_prices_with_company_data queued_at:2024-09-27 18:33:49.025090+00:00
[2024-09-27T18:35:18.712+0000] {logging_mixin.py:190} INFO - Task hostname:13b5797a93ab operator:PythonOperator
[2024-09-27T18:35:18.853+0000] {local_task_job_runner.py:266} INFO - Task exited with return code 0
[2024-09-27T18:35:18.957+0000] {taskinstance.py:3900} INFO - 1 downstream tasks scheduled from follow-on schedule check
[2024-09-27T18:35:18.966+0000] {local_task_job_runner.py:245} INFO - ::endgroup::
[2024-09-27T23:01:09.984+0000] {local_task_job_runner.py:123} INFO - ::group::Pre task execution logs
[2024-09-27T23:01:10.158+0000] {taskinstance.py:2612} INFO - Dependencies all met for dep_context=non-requeueable deps ti=<TaskInstance: scrape_and_save_share_prices_with_company_data.create_share_prices_table scheduled__2024-01-20T00:00:00+00:00 [queued]>
[2024-09-27T23:01:10.205+0000] {taskinstance.py:2612} INFO - Dependencies all met for dep_context=requeueable deps ti=<TaskInstance: scrape_and_save_share_prices_with_company_data.create_share_prices_table scheduled__2024-01-20T00:00:00+00:00 [queued]>
[2024-09-27T23:01:10.212+0000] {taskinstance.py:2865} INFO - Starting attempt 1 of 2
[2024-09-27T23:01:10.330+0000] {taskinstance.py:2888} INFO - Executing <Task(PythonOperator): create_share_prices_table> on 2024-01-20 00:00:00+00:00
[2024-09-27T23:01:10.359+0000] {standard_task_runner.py:104} INFO - Running: ['***', 'tasks', 'run', 'scrape_and_save_share_prices_with_company_data', 'create_share_prices_table', 'scheduled__2024-01-20T00:00:00+00:00', '--job-id', '3073', '--raw', '--subdir', 'DAGS_FOLDER/dag.py', '--cfg-path', '/tmp/tmpd05sf25e']
[2024-09-27T23:01:10.373+0000] {standard_task_runner.py:105} INFO - Job 3073: Subtask create_share_prices_table
[2024-09-27T23:01:10.368+0000] {warnings.py:112} WARNING - /home/***/.local/lib/python3.12/site-packages/***/task/task_runner/standard_task_runner.py:70: DeprecationWarning: This process (pid=2333) is multi-threaded, use of fork() may lead to deadlocks in the child.
  pid = os.fork()

[2024-09-27T23:01:10.380+0000] {standard_task_runner.py:72} INFO - Started process 2344 to run task
[2024-09-27T23:01:10.580+0000] {task_command.py:467} INFO - Running <TaskInstance: scrape_and_save_share_prices_with_company_data.create_share_prices_table scheduled__2024-01-20T00:00:00+00:00 [running]> on host 7746de5121f6
[2024-09-27T23:01:10.978+0000] {taskinstance.py:3131} INFO - Exporting env vars: AIRFLOW_CTX_DAG_OWNER='***' AIRFLOW_CTX_DAG_ID='scrape_and_save_share_prices_with_company_data' AIRFLOW_CTX_TASK_ID='create_share_prices_table' AIRFLOW_CTX_EXECUTION_DATE='2024-01-20T00:00:00+00:00' AIRFLOW_CTX_TRY_NUMBER='1' AIRFLOW_CTX_DAG_RUN_ID='scheduled__2024-01-20T00:00:00+00:00'
[2024-09-27T23:01:10.999+0000] {logging_mixin.py:190} INFO - Task instance is in running state
[2024-09-27T23:01:11.011+0000] {logging_mixin.py:190} INFO -  Previous state of the Task instance: queued
[2024-09-27T23:01:11.012+0000] {logging_mixin.py:190} INFO - Current task name:create_share_prices_table state:running start_date:2024-09-27 23:01:10.160152+00:00
[2024-09-27T23:01:11.026+0000] {logging_mixin.py:190} INFO - Dag name:scrape_and_save_share_prices_with_company_data and current dag run status:running
[2024-09-27T23:01:11.029+0000] {taskinstance.py:731} INFO - ::endgroup::
[2024-09-27T23:01:11.068+0000] {base.py:84} INFO - Retrieving connection 'dse_connection'
[2024-09-27T23:01:11.088+0000] {sql.py:509} INFO - Running statement: 
        CREATE TABLE IF NOT EXISTS company_share_prices (
            id SERIAL,
            company_id INTEGER NOT NULL,
            date DATE,
            latest_trading_price VARCHAR(50),
            low_price VARCHAR(50),
            high_price VARCHAR(50),
            closing_price VARCHAR(50),
            ycp VARCHAR(50),
            change VARCHAR(10),
            trade VARCHAR(50),
            value VARCHAR(50),
            volume VARCHAR(50),
            PRIMARY KEY(company_id, id),
            FOREIGN KEY(company_id)
                REFERENCES company_list(company_id)
                ON UPDATE CASCADE ON DELETE CASCADE
        );
    , parameters: None
[2024-09-27T23:01:11.106+0000] {python.py:240} INFO - Done. Returned value was: None
[2024-09-27T23:01:11.149+0000] {taskinstance.py:340} INFO - ::group::Post task execution logs
[2024-09-27T23:01:11.155+0000] {taskinstance.py:352} INFO - Marking task as SUCCESS. dag_id=scrape_and_save_share_prices_with_company_data, task_id=create_share_prices_table, run_id=scheduled__2024-01-20T00:00:00+00:00, execution_date=20240120T000000, start_date=20240927T230110, end_date=20240927T230111
[2024-09-27T23:01:11.498+0000] {logging_mixin.py:190} INFO - Task instance in success state
[2024-09-27T23:01:11.500+0000] {logging_mixin.py:190} INFO -  Previous state of the Task instance: running
[2024-09-27T23:01:11.516+0000] {logging_mixin.py:190} INFO - Dag name:scrape_and_save_share_prices_with_company_data queued_at:2024-09-27 23:00:05.942942+00:00
[2024-09-27T23:01:11.517+0000] {logging_mixin.py:190} INFO - Task hostname:7746de5121f6 operator:PythonOperator
[2024-09-27T23:01:11.567+0000] {local_task_job_runner.py:266} INFO - Task exited with return code 0
[2024-09-27T23:01:11.665+0000] {taskinstance.py:3900} INFO - 1 downstream tasks scheduled from follow-on schedule check
[2024-09-27T23:01:11.673+0000] {local_task_job_runner.py:245} INFO - ::endgroup::
