[2024-09-27T18:07:27.903+0000] {local_task_job_runner.py:123} INFO - ::group::Pre task execution logs
[2024-09-27T18:07:28.070+0000] {taskinstance.py:2612} INFO - Dependencies all met for dep_context=non-requeueable deps ti=<TaskInstance: scrape_and_save_share_prices_with_company_data.create_company_table scheduled__2023-09-30T00:00:00+00:00 [queued]>
[2024-09-27T18:07:28.106+0000] {taskinstance.py:2612} INFO - Dependencies all met for dep_context=requeueable deps ti=<TaskInstance: scrape_and_save_share_prices_with_company_data.create_company_table scheduled__2023-09-30T00:00:00+00:00 [queued]>
[2024-09-27T18:07:28.120+0000] {taskinstance.py:2865} INFO - Starting attempt 1 of 2
[2024-09-27T18:07:30.054+0000] {taskinstance.py:2888} INFO - Executing <Task(PythonOperator): create_company_table> on 2023-09-30 00:00:00+00:00
[2024-09-27T18:07:30.491+0000] {warnings.py:112} WARNING - /home/***/.local/lib/python3.12/site-packages/***/task/task_runner/standard_task_runner.py:70: DeprecationWarning: This process (pid=11713) is multi-threaded, use of fork() may lead to deadlocks in the child.
  pid = os.fork()

[2024-09-27T18:07:31.055+0000] {standard_task_runner.py:72} INFO - Started process 11750 to run task
[2024-09-27T18:07:31.573+0000] {standard_task_runner.py:104} INFO - Running: ['***', 'tasks', 'run', 'scrape_and_save_share_prices_with_company_data', 'create_company_table', 'scheduled__2023-09-30T00:00:00+00:00', '--job-id', '1089', '--raw', '--subdir', 'DAGS_FOLDER/dag.py', '--cfg-path', '/tmp/tmp8ic5ezno']
[2024-09-27T18:07:31.596+0000] {standard_task_runner.py:105} INFO - Job 1089: Subtask create_company_table
[2024-09-27T18:07:32.653+0000] {task_command.py:467} INFO - Running <TaskInstance: scrape_and_save_share_prices_with_company_data.create_company_table scheduled__2023-09-30T00:00:00+00:00 [running]> on host 13b5797a93ab
[2024-09-27T18:07:33.914+0000] {taskinstance.py:3131} INFO - Exporting env vars: AIRFLOW_CTX_DAG_OWNER='***' AIRFLOW_CTX_DAG_ID='scrape_and_save_share_prices_with_company_data' AIRFLOW_CTX_TASK_ID='create_company_table' AIRFLOW_CTX_EXECUTION_DATE='2023-09-30T00:00:00+00:00' AIRFLOW_CTX_TRY_NUMBER='1' AIRFLOW_CTX_DAG_RUN_ID='scheduled__2023-09-30T00:00:00+00:00'
[2024-09-27T18:07:33.919+0000] {logging_mixin.py:190} INFO - Task instance is in running state
[2024-09-27T18:07:33.920+0000] {logging_mixin.py:190} INFO -  Previous state of the Task instance: queued
[2024-09-27T18:07:33.939+0000] {logging_mixin.py:190} INFO - Current task name:create_company_table state:running start_date:2024-09-27 18:07:28.077722+00:00
[2024-09-27T18:07:33.941+0000] {logging_mixin.py:190} INFO - Dag name:scrape_and_save_share_prices_with_company_data and current dag run status:running
[2024-09-27T18:07:33.957+0000] {taskinstance.py:731} INFO - ::endgroup::
[2024-09-27T18:07:34.075+0000] {base.py:84} INFO - Retrieving connection 'dse_connection'
[2024-09-27T18:07:34.131+0000] {sql.py:509} INFO - Running statement: 
        CREATE TABLE IF NOT EXISTS company_list (
            company_id SERIAL PRIMARY KEY,
            company_trade_name VARCHAR(255) NOT NULL,
            company_url VARCHAR(255) NOT NULL,
            UNIQUE(company_trade_name)
        );
    , parameters: None
[2024-09-27T18:07:34.166+0000] {python.py:240} INFO - Done. Returned value was: None
[2024-09-27T18:07:34.282+0000] {taskinstance.py:340} INFO - ::group::Post task execution logs
[2024-09-27T18:07:34.283+0000] {taskinstance.py:352} INFO - Marking task as SUCCESS. dag_id=scrape_and_save_share_prices_with_company_data, task_id=create_company_table, run_id=scheduled__2023-09-30T00:00:00+00:00, execution_date=20230930T000000, start_date=20240927T180728, end_date=20240927T180734
[2024-09-27T18:07:34.342+0000] {logging_mixin.py:190} INFO - Task instance in success state
[2024-09-27T18:07:34.351+0000] {logging_mixin.py:190} INFO -  Previous state of the Task instance: running
[2024-09-27T18:07:34.361+0000] {logging_mixin.py:190} INFO - Dag name:scrape_and_save_share_prices_with_company_data queued_at:2024-09-27 18:06:50.606719+00:00
[2024-09-27T18:07:34.364+0000] {logging_mixin.py:190} INFO - Task hostname:13b5797a93ab operator:PythonOperator
[2024-09-27T18:07:34.477+0000] {local_task_job_runner.py:266} INFO - Task exited with return code 0
[2024-09-27T18:07:34.551+0000] {local_task_job_runner.py:245} INFO - ::endgroup::
[2024-09-27T21:51:18.990+0000] {local_task_job_runner.py:123} INFO - ::group::Pre task execution logs
[2024-09-27T21:51:19.052+0000] {taskinstance.py:2612} INFO - Dependencies all met for dep_context=non-requeueable deps ti=<TaskInstance: scrape_and_save_share_prices_with_company_data.create_company_table scheduled__2023-09-30T00:00:00+00:00 [queued]>
[2024-09-27T21:51:19.080+0000] {taskinstance.py:2612} INFO - Dependencies all met for dep_context=requeueable deps ti=<TaskInstance: scrape_and_save_share_prices_with_company_data.create_company_table scheduled__2023-09-30T00:00:00+00:00 [queued]>
[2024-09-27T21:51:19.085+0000] {taskinstance.py:2865} INFO - Starting attempt 1 of 2
[2024-09-27T21:51:19.657+0000] {taskinstance.py:2888} INFO - Executing <Task(PythonOperator): create_company_table> on 2023-09-30 00:00:00+00:00
[2024-09-27T21:51:19.695+0000] {standard_task_runner.py:104} INFO - Running: ['***', 'tasks', 'run', 'scrape_and_save_share_prices_with_company_data', 'create_company_table', 'scheduled__2023-09-30T00:00:00+00:00', '--job-id', '2132', '--raw', '--subdir', 'DAGS_FOLDER/dag.py', '--cfg-path', '/tmp/tmpk9lhn18j']
[2024-09-27T21:51:19.698+0000] {standard_task_runner.py:105} INFO - Job 2132: Subtask create_company_table
[2024-09-27T21:51:19.681+0000] {warnings.py:112} WARNING - /home/***/.local/lib/python3.12/site-packages/***/task/task_runner/standard_task_runner.py:70: DeprecationWarning: This process (pid=387) is multi-threaded, use of fork() may lead to deadlocks in the child.
  pid = os.fork()

[2024-09-27T21:51:19.717+0000] {standard_task_runner.py:72} INFO - Started process 427 to run task
[2024-09-27T21:51:20.580+0000] {task_command.py:467} INFO - Running <TaskInstance: scrape_and_save_share_prices_with_company_data.create_company_table scheduled__2023-09-30T00:00:00+00:00 [running]> on host fd62fe12432d
[2024-09-27T21:51:21.837+0000] {taskinstance.py:3131} INFO - Exporting env vars: AIRFLOW_CTX_DAG_OWNER='***' AIRFLOW_CTX_DAG_ID='scrape_and_save_share_prices_with_company_data' AIRFLOW_CTX_TASK_ID='create_company_table' AIRFLOW_CTX_EXECUTION_DATE='2023-09-30T00:00:00+00:00' AIRFLOW_CTX_TRY_NUMBER='1' AIRFLOW_CTX_DAG_RUN_ID='scheduled__2023-09-30T00:00:00+00:00'
[2024-09-27T21:51:21.842+0000] {logging_mixin.py:190} INFO - Task instance is in running state
[2024-09-27T21:51:21.845+0000] {logging_mixin.py:190} INFO -  Previous state of the Task instance: queued
[2024-09-27T21:51:21.846+0000] {logging_mixin.py:190} INFO - Current task name:create_company_table state:running start_date:2024-09-27 21:51:19.053190+00:00
[2024-09-27T21:51:21.848+0000] {logging_mixin.py:190} INFO - Dag name:scrape_and_save_share_prices_with_company_data and current dag run status:running
[2024-09-27T21:51:21.849+0000] {taskinstance.py:731} INFO - ::endgroup::
[2024-09-27T21:51:21.886+0000] {base.py:84} INFO - Retrieving connection 'dse_connection'
[2024-09-27T21:51:32.966+0000] {job.py:229} INFO - Heartbeat recovered after 14.79 seconds
[2024-09-27T21:51:42.989+0000] {logging_mixin.py:190} INFO - Error creating company table: connection to server at "172.23.0.3", port 5432 failed: Connection refused
	Is the server running on that host and accepting TCP/IP connections?
[2024-09-27T21:51:42.990+0000] {python.py:240} INFO - Done. Returned value was: None
[2024-09-27T21:51:52.028+0000] {taskinstance.py:340} INFO - ::group::Post task execution logs
[2024-09-27T21:51:52.029+0000] {taskinstance.py:352} INFO - Marking task as SUCCESS. dag_id=scrape_and_save_share_prices_with_company_data, task_id=create_company_table, run_id=scheduled__2023-09-30T00:00:00+00:00, execution_date=20230930T000000, start_date=20240927T215119, end_date=20240927T215152
[2024-09-27T21:51:52.106+0000] {logging_mixin.py:190} INFO - Task instance in success state
[2024-09-27T21:51:52.117+0000] {logging_mixin.py:190} INFO -  Previous state of the Task instance: running
[2024-09-27T21:51:52.118+0000] {logging_mixin.py:190} INFO - Dag name:scrape_and_save_share_prices_with_company_data queued_at:2024-09-27 21:50:59.931904+00:00
[2024-09-27T21:51:52.128+0000] {logging_mixin.py:190} INFO - Task hostname:fd62fe12432d operator:PythonOperator
[2024-09-27T21:51:52.197+0000] {local_task_job_runner.py:266} INFO - Task exited with return code 0
[2024-09-27T21:51:52.276+0000] {taskinstance.py:3900} INFO - 1 downstream tasks scheduled from follow-on schedule check
[2024-09-27T21:51:52.306+0000] {local_task_job_runner.py:245} INFO - ::endgroup::
[2024-09-27T22:34:49.167+0000] {local_task_job_runner.py:123} INFO - ::group::Pre task execution logs
[2024-09-27T22:34:49.284+0000] {taskinstance.py:2612} INFO - Dependencies all met for dep_context=non-requeueable deps ti=<TaskInstance: scrape_and_save_share_prices_with_company_data.create_company_table scheduled__2023-09-30T00:00:00+00:00 [queued]>
[2024-09-27T22:34:49.308+0000] {taskinstance.py:2612} INFO - Dependencies all met for dep_context=requeueable deps ti=<TaskInstance: scrape_and_save_share_prices_with_company_data.create_company_table scheduled__2023-09-30T00:00:00+00:00 [queued]>
[2024-09-27T22:34:49.322+0000] {taskinstance.py:2865} INFO - Starting attempt 1 of 2
[2024-09-27T22:34:49.448+0000] {taskinstance.py:2888} INFO - Executing <Task(PythonOperator): create_company_table> on 2023-09-30 00:00:00+00:00
[2024-09-27T22:34:49.513+0000] {warnings.py:112} WARNING - /home/***/.local/lib/python3.12/site-packages/***/task/task_runner/standard_task_runner.py:70: DeprecationWarning: This process (pid=188) is multi-threaded, use of fork() may lead to deadlocks in the child.
  pid = os.fork()

[2024-09-27T22:34:49.518+0000] {standard_task_runner.py:72} INFO - Started process 220 to run task
[2024-09-27T22:34:49.545+0000] {standard_task_runner.py:104} INFO - Running: ['***', 'tasks', 'run', 'scrape_and_save_share_prices_with_company_data', 'create_company_table', 'scheduled__2023-09-30T00:00:00+00:00', '--job-id', '2597', '--raw', '--subdir', 'DAGS_FOLDER/dag.py', '--cfg-path', '/tmp/tmp0vdzj0l1']
[2024-09-27T22:34:49.559+0000] {standard_task_runner.py:105} INFO - Job 2597: Subtask create_company_table
[2024-09-27T22:34:49.870+0000] {task_command.py:467} INFO - Running <TaskInstance: scrape_and_save_share_prices_with_company_data.create_company_table scheduled__2023-09-30T00:00:00+00:00 [running]> on host 7746de5121f6
[2024-09-27T22:34:50.332+0000] {taskinstance.py:3131} INFO - Exporting env vars: AIRFLOW_CTX_DAG_OWNER='***' AIRFLOW_CTX_DAG_ID='scrape_and_save_share_prices_with_company_data' AIRFLOW_CTX_TASK_ID='create_company_table' AIRFLOW_CTX_EXECUTION_DATE='2023-09-30T00:00:00+00:00' AIRFLOW_CTX_TRY_NUMBER='1' AIRFLOW_CTX_DAG_RUN_ID='scheduled__2023-09-30T00:00:00+00:00'
[2024-09-27T22:34:50.343+0000] {logging_mixin.py:190} INFO - Task instance is in running state
[2024-09-27T22:34:50.345+0000] {logging_mixin.py:190} INFO -  Previous state of the Task instance: queued
[2024-09-27T22:34:50.351+0000] {logging_mixin.py:190} INFO - Current task name:create_company_table state:running start_date:2024-09-27 22:34:49.290628+00:00
[2024-09-27T22:34:50.361+0000] {logging_mixin.py:190} INFO - Dag name:scrape_and_save_share_prices_with_company_data and current dag run status:running
[2024-09-27T22:34:50.365+0000] {taskinstance.py:731} INFO - ::endgroup::
[2024-09-27T22:34:50.442+0000] {base.py:84} INFO - Retrieving connection 'dse_connection'
[2024-09-27T22:34:50.452+0000] {sql.py:509} INFO - Running statement: 
        CREATE TABLE IF NOT EXISTS company_list (
            company_id SERIAL PRIMARY KEY,
            company_trade_name VARCHAR(255) NOT NULL,
            company_url VARCHAR(255) NOT NULL,
            UNIQUE(company_trade_name)
        );
    , parameters: None
[2024-09-27T22:34:50.459+0000] {python.py:240} INFO - Done. Returned value was: None
[2024-09-27T22:34:50.527+0000] {taskinstance.py:340} INFO - ::group::Post task execution logs
[2024-09-27T22:34:50.531+0000] {taskinstance.py:352} INFO - Marking task as SUCCESS. dag_id=scrape_and_save_share_prices_with_company_data, task_id=create_company_table, run_id=scheduled__2023-09-30T00:00:00+00:00, execution_date=20230930T000000, start_date=20240927T223449, end_date=20240927T223450
[2024-09-27T22:34:50.614+0000] {logging_mixin.py:190} INFO - Task instance in success state
[2024-09-27T22:34:50.615+0000] {logging_mixin.py:190} INFO -  Previous state of the Task instance: running
[2024-09-27T22:34:50.617+0000] {logging_mixin.py:190} INFO - Dag name:scrape_and_save_share_prices_with_company_data queued_at:2024-09-27 22:34:36.589903+00:00
[2024-09-27T22:34:50.617+0000] {logging_mixin.py:190} INFO - Task hostname:7746de5121f6 operator:PythonOperator
[2024-09-27T22:34:50.643+0000] {local_task_job_runner.py:266} INFO - Task exited with return code 0
[2024-09-27T22:34:50.794+0000] {taskinstance.py:3900} INFO - 1 downstream tasks scheduled from follow-on schedule check
[2024-09-27T22:34:50.802+0000] {local_task_job_runner.py:245} INFO - ::endgroup::
