[2024-09-27T18:28:20.030+0000] {local_task_job_runner.py:123} INFO - ::group::Pre task execution logs
[2024-09-27T18:28:20.067+0000] {taskinstance.py:2612} INFO - Dependencies all met for dep_context=non-requeueable deps ti=<TaskInstance: scrape_and_save_share_prices_with_company_data.create_company_table scheduled__2023-12-25T00:00:00+00:00 [queued]>
[2024-09-27T18:28:20.084+0000] {taskinstance.py:2612} INFO - Dependencies all met for dep_context=requeueable deps ti=<TaskInstance: scrape_and_save_share_prices_with_company_data.create_company_table scheduled__2023-12-25T00:00:00+00:00 [queued]>
[2024-09-27T18:28:20.086+0000] {taskinstance.py:2865} INFO - Starting attempt 1 of 2
[2024-09-27T18:28:20.129+0000] {taskinstance.py:2888} INFO - Executing <Task(PythonOperator): create_company_table> on 2023-12-25 00:00:00+00:00
[2024-09-27T18:28:20.146+0000] {warnings.py:112} WARNING - /home/***/.local/lib/python3.12/site-packages/***/task/task_runner/standard_task_runner.py:70: DeprecationWarning: This process (pid=13306) is multi-threaded, use of fork() may lead to deadlocks in the child.
  pid = os.fork()

[2024-09-27T18:28:20.150+0000] {standard_task_runner.py:72} INFO - Started process 13312 to run task
[2024-09-27T18:28:20.150+0000] {standard_task_runner.py:104} INFO - Running: ['***', 'tasks', 'run', 'scrape_and_save_share_prices_with_company_data', 'create_company_table', 'scheduled__2023-12-25T00:00:00+00:00', '--job-id', '1435', '--raw', '--subdir', 'DAGS_FOLDER/dag.py', '--cfg-path', '/tmp/tmptgd9ad50']
[2024-09-27T18:28:20.152+0000] {standard_task_runner.py:105} INFO - Job 1435: Subtask create_company_table
[2024-09-27T18:28:20.268+0000] {task_command.py:467} INFO - Running <TaskInstance: scrape_and_save_share_prices_with_company_data.create_company_table scheduled__2023-12-25T00:00:00+00:00 [running]> on host 13b5797a93ab
[2024-09-27T18:28:20.559+0000] {taskinstance.py:3131} INFO - Exporting env vars: AIRFLOW_CTX_DAG_OWNER='***' AIRFLOW_CTX_DAG_ID='scrape_and_save_share_prices_with_company_data' AIRFLOW_CTX_TASK_ID='create_company_table' AIRFLOW_CTX_EXECUTION_DATE='2023-12-25T00:00:00+00:00' AIRFLOW_CTX_TRY_NUMBER='1' AIRFLOW_CTX_DAG_RUN_ID='scheduled__2023-12-25T00:00:00+00:00'
[2024-09-27T18:28:20.565+0000] {logging_mixin.py:190} INFO - Task instance is in running state
[2024-09-27T18:28:20.572+0000] {logging_mixin.py:190} INFO -  Previous state of the Task instance: queued
[2024-09-27T18:28:20.580+0000] {logging_mixin.py:190} INFO - Current task name:create_company_table state:running start_date:2024-09-27 18:28:20.068334+00:00
[2024-09-27T18:28:20.582+0000] {logging_mixin.py:190} INFO - Dag name:scrape_and_save_share_prices_with_company_data and current dag run status:running
[2024-09-27T18:28:20.585+0000] {taskinstance.py:731} INFO - ::endgroup::
[2024-09-27T18:28:20.613+0000] {base.py:84} INFO - Retrieving connection 'dse_connection'
[2024-09-27T18:28:20.624+0000] {sql.py:509} INFO - Running statement: 
        CREATE TABLE IF NOT EXISTS company_list (
            company_id SERIAL PRIMARY KEY,
            company_trade_name VARCHAR(255) NOT NULL,
            company_url VARCHAR(255) NOT NULL,
            UNIQUE(company_trade_name)
        );
    , parameters: None
[2024-09-27T18:28:20.627+0000] {python.py:240} INFO - Done. Returned value was: None
[2024-09-27T18:28:20.655+0000] {taskinstance.py:340} INFO - ::group::Post task execution logs
[2024-09-27T18:28:20.656+0000] {taskinstance.py:352} INFO - Marking task as SUCCESS. dag_id=scrape_and_save_share_prices_with_company_data, task_id=create_company_table, run_id=scheduled__2023-12-25T00:00:00+00:00, execution_date=20231225T000000, start_date=20240927T182820, end_date=20240927T182820
[2024-09-27T18:28:20.683+0000] {logging_mixin.py:190} INFO - Task instance in success state
[2024-09-27T18:28:20.684+0000] {logging_mixin.py:190} INFO -  Previous state of the Task instance: running
[2024-09-27T18:28:20.685+0000] {logging_mixin.py:190} INFO - Dag name:scrape_and_save_share_prices_with_company_data queued_at:2024-09-27 18:28:07.669214+00:00
[2024-09-27T18:28:20.688+0000] {logging_mixin.py:190} INFO - Task hostname:13b5797a93ab operator:PythonOperator
[2024-09-27T18:28:20.759+0000] {local_task_job_runner.py:266} INFO - Task exited with return code 0
[2024-09-27T18:28:20.780+0000] {local_task_job_runner.py:245} INFO - ::endgroup::
[2024-09-27T22:17:25.855+0000] {local_task_job_runner.py:123} INFO - ::group::Pre task execution logs
[2024-09-27T22:17:26.052+0000] {taskinstance.py:2612} INFO - Dependencies all met for dep_context=non-requeueable deps ti=<TaskInstance: scrape_and_save_share_prices_with_company_data.create_company_table scheduled__2023-12-25T00:00:00+00:00 [queued]>
[2024-09-27T22:17:26.210+0000] {taskinstance.py:2612} INFO - Dependencies all met for dep_context=requeueable deps ti=<TaskInstance: scrape_and_save_share_prices_with_company_data.create_company_table scheduled__2023-12-25T00:00:00+00:00 [queued]>
[2024-09-27T22:17:26.227+0000] {taskinstance.py:2865} INFO - Starting attempt 1 of 2
[2024-09-27T22:17:26.415+0000] {taskinstance.py:2888} INFO - Executing <Task(PythonOperator): create_company_table> on 2023-12-25 00:00:00+00:00
[2024-09-27T22:17:26.433+0000] {warnings.py:112} WARNING - /home/***/.local/lib/python3.12/site-packages/***/task/task_runner/standard_task_runner.py:70: DeprecationWarning: This process (pid=2090) is multi-threaded, use of fork() may lead to deadlocks in the child.
  pid = os.fork()

[2024-09-27T22:17:26.446+0000] {standard_task_runner.py:72} INFO - Started process 2150 to run task
[2024-09-27T22:17:26.462+0000] {standard_task_runner.py:104} INFO - Running: ['***', 'tasks', 'run', 'scrape_and_save_share_prices_with_company_data', 'create_company_table', 'scheduled__2023-12-25T00:00:00+00:00', '--job-id', '2496', '--raw', '--subdir', 'DAGS_FOLDER/dag.py', '--cfg-path', '/tmp/tmp3yc1z6g8']
[2024-09-27T22:17:26.480+0000] {standard_task_runner.py:105} INFO - Job 2496: Subtask create_company_table
[2024-09-27T22:17:26.852+0000] {task_command.py:467} INFO - Running <TaskInstance: scrape_and_save_share_prices_with_company_data.create_company_table scheduled__2023-12-25T00:00:00+00:00 [running]> on host fd62fe12432d
[2024-09-27T22:17:27.916+0000] {taskinstance.py:3131} INFO - Exporting env vars: AIRFLOW_CTX_DAG_OWNER='***' AIRFLOW_CTX_DAG_ID='scrape_and_save_share_prices_with_company_data' AIRFLOW_CTX_TASK_ID='create_company_table' AIRFLOW_CTX_EXECUTION_DATE='2023-12-25T00:00:00+00:00' AIRFLOW_CTX_TRY_NUMBER='1' AIRFLOW_CTX_DAG_RUN_ID='scheduled__2023-12-25T00:00:00+00:00'
[2024-09-27T22:17:27.958+0000] {logging_mixin.py:190} INFO - Task instance is in running state
[2024-09-27T22:17:27.964+0000] {logging_mixin.py:190} INFO -  Previous state of the Task instance: queued
[2024-09-27T22:17:27.978+0000] {logging_mixin.py:190} INFO - Current task name:create_company_table state:running start_date:2024-09-27 22:17:26.059831+00:00
[2024-09-27T22:17:27.993+0000] {logging_mixin.py:190} INFO - Dag name:scrape_and_save_share_prices_with_company_data and current dag run status:running
[2024-09-27T22:17:28.033+0000] {taskinstance.py:731} INFO - ::endgroup::
[2024-09-27T22:17:28.076+0000] {base.py:84} INFO - Retrieving connection 'dse_connection'
[2024-09-27T22:17:28.111+0000] {sql.py:509} INFO - Running statement: 
        CREATE TABLE IF NOT EXISTS company_list (
            company_id SERIAL PRIMARY KEY,
            company_trade_name VARCHAR(255) NOT NULL,
            company_url VARCHAR(255) NOT NULL,
            UNIQUE(company_trade_name)
        );
    , parameters: None
[2024-09-27T22:17:28.128+0000] {python.py:240} INFO - Done. Returned value was: None
[2024-09-27T22:17:28.204+0000] {taskinstance.py:340} INFO - ::group::Post task execution logs
[2024-09-27T22:17:28.206+0000] {taskinstance.py:352} INFO - Marking task as SUCCESS. dag_id=scrape_and_save_share_prices_with_company_data, task_id=create_company_table, run_id=scheduled__2023-12-25T00:00:00+00:00, execution_date=20231225T000000, start_date=20240927T221726, end_date=20240927T221728
[2024-09-27T22:17:28.889+0000] {logging_mixin.py:190} INFO - Task instance in success state
[2024-09-27T22:17:28.894+0000] {logging_mixin.py:190} INFO -  Previous state of the Task instance: running
[2024-09-27T22:17:28.901+0000] {logging_mixin.py:190} INFO - Dag name:scrape_and_save_share_prices_with_company_data queued_at:2024-09-27 22:17:02.108147+00:00
[2024-09-27T22:17:28.908+0000] {logging_mixin.py:190} INFO - Task hostname:fd62fe12432d operator:PythonOperator
[2024-09-27T22:17:28.960+0000] {local_task_job_runner.py:266} INFO - Task exited with return code 0
[2024-09-27T22:17:29.158+0000] {taskinstance.py:3900} INFO - 1 downstream tasks scheduled from follow-on schedule check
[2024-09-27T22:17:29.171+0000] {local_task_job_runner.py:245} INFO - ::endgroup::
[2024-09-27T22:55:48.957+0000] {local_task_job_runner.py:123} INFO - ::group::Pre task execution logs
[2024-09-27T22:55:49.025+0000] {taskinstance.py:2612} INFO - Dependencies all met for dep_context=non-requeueable deps ti=<TaskInstance: scrape_and_save_share_prices_with_company_data.create_company_table scheduled__2023-12-25T00:00:00+00:00 [queued]>
[2024-09-27T22:55:49.053+0000] {taskinstance.py:2612} INFO - Dependencies all met for dep_context=requeueable deps ti=<TaskInstance: scrape_and_save_share_prices_with_company_data.create_company_table scheduled__2023-12-25T00:00:00+00:00 [queued]>
[2024-09-27T22:55:49.056+0000] {taskinstance.py:2865} INFO - Starting attempt 1 of 2
[2024-09-27T22:55:49.338+0000] {taskinstance.py:2888} INFO - Executing <Task(PythonOperator): create_company_table> on 2023-12-25 00:00:00+00:00
[2024-09-27T22:55:49.370+0000] {warnings.py:112} WARNING - /home/***/.local/lib/python3.12/site-packages/***/task/task_runner/standard_task_runner.py:70: DeprecationWarning: This process (pid=1794) is multi-threaded, use of fork() may lead to deadlocks in the child.
  pid = os.fork()

[2024-09-27T22:55:49.382+0000] {standard_task_runner.py:72} INFO - Started process 1802 to run task
[2024-09-27T22:55:49.388+0000] {standard_task_runner.py:104} INFO - Running: ['***', 'tasks', 'run', 'scrape_and_save_share_prices_with_company_data', 'create_company_table', 'scheduled__2023-12-25T00:00:00+00:00', '--job-id', '2950', '--raw', '--subdir', 'DAGS_FOLDER/dag.py', '--cfg-path', '/tmp/tmpq1e6oae5']
[2024-09-27T22:55:49.402+0000] {standard_task_runner.py:105} INFO - Job 2950: Subtask create_company_table
[2024-09-27T22:55:49.628+0000] {task_command.py:467} INFO - Running <TaskInstance: scrape_and_save_share_prices_with_company_data.create_company_table scheduled__2023-12-25T00:00:00+00:00 [running]> on host 7746de5121f6
[2024-09-27T22:55:49.908+0000] {taskinstance.py:3131} INFO - Exporting env vars: AIRFLOW_CTX_DAG_OWNER='***' AIRFLOW_CTX_DAG_ID='scrape_and_save_share_prices_with_company_data' AIRFLOW_CTX_TASK_ID='create_company_table' AIRFLOW_CTX_EXECUTION_DATE='2023-12-25T00:00:00+00:00' AIRFLOW_CTX_TRY_NUMBER='1' AIRFLOW_CTX_DAG_RUN_ID='scheduled__2023-12-25T00:00:00+00:00'
[2024-09-27T22:55:49.912+0000] {logging_mixin.py:190} INFO - Task instance is in running state
[2024-09-27T22:55:49.915+0000] {logging_mixin.py:190} INFO -  Previous state of the Task instance: queued
[2024-09-27T22:55:49.917+0000] {logging_mixin.py:190} INFO - Current task name:create_company_table state:running start_date:2024-09-27 22:55:49.027575+00:00
[2024-09-27T22:55:49.919+0000] {logging_mixin.py:190} INFO - Dag name:scrape_and_save_share_prices_with_company_data and current dag run status:running
[2024-09-27T22:55:49.921+0000] {taskinstance.py:731} INFO - ::endgroup::
[2024-09-27T22:55:49.944+0000] {base.py:84} INFO - Retrieving connection 'dse_connection'
[2024-09-27T22:55:49.967+0000] {sql.py:509} INFO - Running statement: 
        CREATE TABLE IF NOT EXISTS company_list (
            company_id SERIAL PRIMARY KEY,
            company_trade_name VARCHAR(255) NOT NULL,
            company_url VARCHAR(255) NOT NULL,
            UNIQUE(company_trade_name)
        );
    , parameters: None
[2024-09-27T22:55:49.970+0000] {python.py:240} INFO - Done. Returned value was: None
[2024-09-27T22:55:50.006+0000] {taskinstance.py:340} INFO - ::group::Post task execution logs
[2024-09-27T22:55:50.008+0000] {taskinstance.py:352} INFO - Marking task as SUCCESS. dag_id=scrape_and_save_share_prices_with_company_data, task_id=create_company_table, run_id=scheduled__2023-12-25T00:00:00+00:00, execution_date=20231225T000000, start_date=20240927T225549, end_date=20240927T225550
[2024-09-27T22:55:50.041+0000] {logging_mixin.py:190} INFO - Task instance in success state
[2024-09-27T22:55:50.045+0000] {logging_mixin.py:190} INFO -  Previous state of the Task instance: running
[2024-09-27T22:55:50.060+0000] {logging_mixin.py:190} INFO - Dag name:scrape_and_save_share_prices_with_company_data queued_at:2024-09-27 22:55:40.087253+00:00
[2024-09-27T22:55:50.061+0000] {logging_mixin.py:190} INFO - Task hostname:7746de5121f6 operator:PythonOperator
[2024-09-27T22:55:50.124+0000] {local_task_job_runner.py:266} INFO - Task exited with return code 0
[2024-09-27T22:55:50.232+0000] {taskinstance.py:3900} INFO - 1 downstream tasks scheduled from follow-on schedule check
[2024-09-27T22:55:50.242+0000] {local_task_job_runner.py:245} INFO - ::endgroup::
