[2024-09-27T18:11:38.535+0000] {local_task_job_runner.py:123} INFO - ::group::Pre task execution logs
[2024-09-27T18:11:38.591+0000] {taskinstance.py:2612} INFO - Dependencies all met for dep_context=non-requeueable deps ti=<TaskInstance: scrape_and_save_share_prices_with_company_data.create_company_table scheduled__2023-10-11T00:00:00+00:00 [queued]>
[2024-09-27T18:11:38.614+0000] {taskinstance.py:2612} INFO - Dependencies all met for dep_context=requeueable deps ti=<TaskInstance: scrape_and_save_share_prices_with_company_data.create_company_table scheduled__2023-10-11T00:00:00+00:00 [queued]>
[2024-09-27T18:11:38.617+0000] {taskinstance.py:2865} INFO - Starting attempt 1 of 2
[2024-09-27T18:11:38.681+0000] {taskinstance.py:2888} INFO - Executing <Task(PythonOperator): create_company_table> on 2023-10-11 00:00:00+00:00
[2024-09-27T18:11:38.747+0000] {warnings.py:112} WARNING - /home/***/.local/lib/python3.12/site-packages/***/task/task_runner/standard_task_runner.py:70: DeprecationWarning: This process (pid=11975) is multi-threaded, use of fork() may lead to deadlocks in the child.
  pid = os.fork()

[2024-09-27T18:11:38.752+0000] {standard_task_runner.py:104} INFO - Running: ['***', 'tasks', 'run', 'scrape_and_save_share_prices_with_company_data', 'create_company_table', 'scheduled__2023-10-11T00:00:00+00:00', '--job-id', '1144', '--raw', '--subdir', 'DAGS_FOLDER/dag.py', '--cfg-path', '/tmp/tmp_jdfsqib']
[2024-09-27T18:11:38.754+0000] {standard_task_runner.py:72} INFO - Started process 11997 to run task
[2024-09-27T18:11:38.757+0000] {standard_task_runner.py:105} INFO - Job 1144: Subtask create_company_table
[2024-09-27T18:11:39.010+0000] {task_command.py:467} INFO - Running <TaskInstance: scrape_and_save_share_prices_with_company_data.create_company_table scheduled__2023-10-11T00:00:00+00:00 [running]> on host 13b5797a93ab
[2024-09-27T18:11:39.420+0000] {taskinstance.py:3131} INFO - Exporting env vars: AIRFLOW_CTX_DAG_OWNER='***' AIRFLOW_CTX_DAG_ID='scrape_and_save_share_prices_with_company_data' AIRFLOW_CTX_TASK_ID='create_company_table' AIRFLOW_CTX_EXECUTION_DATE='2023-10-11T00:00:00+00:00' AIRFLOW_CTX_TRY_NUMBER='1' AIRFLOW_CTX_DAG_RUN_ID='scheduled__2023-10-11T00:00:00+00:00'
[2024-09-27T18:11:39.426+0000] {logging_mixin.py:190} INFO - Task instance is in running state
[2024-09-27T18:11:39.428+0000] {logging_mixin.py:190} INFO -  Previous state of the Task instance: queued
[2024-09-27T18:11:39.430+0000] {logging_mixin.py:190} INFO - Current task name:create_company_table state:running start_date:2024-09-27 18:11:38.592926+00:00
[2024-09-27T18:11:39.431+0000] {logging_mixin.py:190} INFO - Dag name:scrape_and_save_share_prices_with_company_data and current dag run status:running
[2024-09-27T18:11:39.432+0000] {taskinstance.py:731} INFO - ::endgroup::
[2024-09-27T18:11:39.464+0000] {base.py:84} INFO - Retrieving connection 'dse_connection'
[2024-09-27T18:11:39.480+0000] {sql.py:509} INFO - Running statement: 
        CREATE TABLE IF NOT EXISTS company_list (
            company_id SERIAL PRIMARY KEY,
            company_trade_name VARCHAR(255) NOT NULL,
            company_url VARCHAR(255) NOT NULL,
            UNIQUE(company_trade_name)
        );
    , parameters: None
[2024-09-27T18:11:39.489+0000] {python.py:240} INFO - Done. Returned value was: None
[2024-09-27T18:11:39.526+0000] {taskinstance.py:340} INFO - ::group::Post task execution logs
[2024-09-27T18:11:39.527+0000] {taskinstance.py:352} INFO - Marking task as SUCCESS. dag_id=scrape_and_save_share_prices_with_company_data, task_id=create_company_table, run_id=scheduled__2023-10-11T00:00:00+00:00, execution_date=20231011T000000, start_date=20240927T181138, end_date=20240927T181139
[2024-09-27T18:11:39.563+0000] {logging_mixin.py:190} INFO - Task instance in success state
[2024-09-27T18:11:39.564+0000] {logging_mixin.py:190} INFO -  Previous state of the Task instance: running
[2024-09-27T18:11:39.566+0000] {logging_mixin.py:190} INFO - Dag name:scrape_and_save_share_prices_with_company_data queued_at:2024-09-27 18:11:31.702995+00:00
[2024-09-27T18:11:39.567+0000] {logging_mixin.py:190} INFO - Task hostname:13b5797a93ab operator:PythonOperator
[2024-09-27T18:11:39.630+0000] {local_task_job_runner.py:266} INFO - Task exited with return code 0
[2024-09-27T18:11:39.723+0000] {taskinstance.py:3900} INFO - 1 downstream tasks scheduled from follow-on schedule check
[2024-09-27T18:11:39.742+0000] {local_task_job_runner.py:245} INFO - ::endgroup::
[2024-09-27T21:57:58.748+0000] {local_task_job_runner.py:123} INFO - ::group::Pre task execution logs
[2024-09-27T21:57:58.772+0000] {taskinstance.py:2612} INFO - Dependencies all met for dep_context=non-requeueable deps ti=<TaskInstance: scrape_and_save_share_prices_with_company_data.create_company_table scheduled__2023-10-11T00:00:00+00:00 [queued]>
[2024-09-27T21:57:58.785+0000] {taskinstance.py:2612} INFO - Dependencies all met for dep_context=requeueable deps ti=<TaskInstance: scrape_and_save_share_prices_with_company_data.create_company_table scheduled__2023-10-11T00:00:00+00:00 [queued]>
[2024-09-27T21:57:58.785+0000] {taskinstance.py:2865} INFO - Starting attempt 1 of 2
[2024-09-27T21:57:58.803+0000] {taskinstance.py:2888} INFO - Executing <Task(PythonOperator): create_company_table> on 2023-10-11 00:00:00+00:00
[2024-09-27T21:57:58.812+0000] {warnings.py:112} WARNING - /home/***/.local/lib/python3.12/site-packages/***/task/task_runner/standard_task_runner.py:70: DeprecationWarning: This process (pid=653) is multi-threaded, use of fork() may lead to deadlocks in the child.
  pid = os.fork()

[2024-09-27T21:57:58.814+0000] {standard_task_runner.py:72} INFO - Started process 655 to run task
[2024-09-27T21:57:58.815+0000] {standard_task_runner.py:104} INFO - Running: ['***', 'tasks', 'run', 'scrape_and_save_share_prices_with_company_data', 'create_company_table', 'scheduled__2023-10-11T00:00:00+00:00', '--job-id', '2177', '--raw', '--subdir', 'DAGS_FOLDER/dag.py', '--cfg-path', '/tmp/tmpzx26vyfv']
[2024-09-27T21:57:58.817+0000] {standard_task_runner.py:105} INFO - Job 2177: Subtask create_company_table
[2024-09-27T21:57:58.876+0000] {task_command.py:467} INFO - Running <TaskInstance: scrape_and_save_share_prices_with_company_data.create_company_table scheduled__2023-10-11T00:00:00+00:00 [running]> on host fd62fe12432d
[2024-09-27T21:57:58.980+0000] {taskinstance.py:3131} INFO - Exporting env vars: AIRFLOW_CTX_DAG_OWNER='***' AIRFLOW_CTX_DAG_ID='scrape_and_save_share_prices_with_company_data' AIRFLOW_CTX_TASK_ID='create_company_table' AIRFLOW_CTX_EXECUTION_DATE='2023-10-11T00:00:00+00:00' AIRFLOW_CTX_TRY_NUMBER='1' AIRFLOW_CTX_DAG_RUN_ID='scheduled__2023-10-11T00:00:00+00:00'
[2024-09-27T21:57:58.982+0000] {logging_mixin.py:190} INFO - Task instance is in running state
[2024-09-27T21:57:58.983+0000] {logging_mixin.py:190} INFO -  Previous state of the Task instance: queued
[2024-09-27T21:57:58.984+0000] {logging_mixin.py:190} INFO - Current task name:create_company_table state:running start_date:2024-09-27 21:57:58.773327+00:00
[2024-09-27T21:57:58.984+0000] {logging_mixin.py:190} INFO - Dag name:scrape_and_save_share_prices_with_company_data and current dag run status:running
[2024-09-27T21:57:58.984+0000] {taskinstance.py:731} INFO - ::endgroup::
[2024-09-27T21:57:58.995+0000] {base.py:84} INFO - Retrieving connection 'dse_connection'
[2024-09-27T21:57:58.999+0000] {sql.py:509} INFO - Running statement: 
        CREATE TABLE IF NOT EXISTS company_list (
            company_id SERIAL PRIMARY KEY,
            company_trade_name VARCHAR(255) NOT NULL,
            company_url VARCHAR(255) NOT NULL,
            UNIQUE(company_trade_name)
        );
    , parameters: None
[2024-09-27T21:57:59.021+0000] {python.py:240} INFO - Done. Returned value was: None
[2024-09-27T21:57:59.032+0000] {taskinstance.py:340} INFO - ::group::Post task execution logs
[2024-09-27T21:57:59.033+0000] {taskinstance.py:352} INFO - Marking task as SUCCESS. dag_id=scrape_and_save_share_prices_with_company_data, task_id=create_company_table, run_id=scheduled__2023-10-11T00:00:00+00:00, execution_date=20231011T000000, start_date=20240927T215758, end_date=20240927T215759
[2024-09-27T21:57:59.045+0000] {logging_mixin.py:190} INFO - Task instance in success state
[2024-09-27T21:57:59.045+0000] {logging_mixin.py:190} INFO -  Previous state of the Task instance: running
[2024-09-27T21:57:59.046+0000] {logging_mixin.py:190} INFO - Dag name:scrape_and_save_share_prices_with_company_data queued_at:2024-09-27 21:57:56.812967+00:00
[2024-09-27T21:57:59.047+0000] {logging_mixin.py:190} INFO - Task hostname:fd62fe12432d operator:PythonOperator
[2024-09-27T21:57:59.071+0000] {local_task_job_runner.py:266} INFO - Task exited with return code 0
[2024-09-27T21:57:59.107+0000] {taskinstance.py:3900} INFO - 1 downstream tasks scheduled from follow-on schedule check
[2024-09-27T21:57:59.110+0000] {local_task_job_runner.py:245} INFO - ::endgroup::
[2024-09-27T22:39:11.475+0000] {local_task_job_runner.py:123} INFO - ::group::Pre task execution logs
[2024-09-27T22:39:11.517+0000] {taskinstance.py:2612} INFO - Dependencies all met for dep_context=non-requeueable deps ti=<TaskInstance: scrape_and_save_share_prices_with_company_data.create_company_table scheduled__2023-10-11T00:00:00+00:00 [queued]>
[2024-09-27T22:39:11.537+0000] {taskinstance.py:2612} INFO - Dependencies all met for dep_context=requeueable deps ti=<TaskInstance: scrape_and_save_share_prices_with_company_data.create_company_table scheduled__2023-10-11T00:00:00+00:00 [queued]>
[2024-09-27T22:39:11.538+0000] {taskinstance.py:2865} INFO - Starting attempt 1 of 2
[2024-09-27T22:39:11.579+0000] {taskinstance.py:2888} INFO - Executing <Task(PythonOperator): create_company_table> on 2023-10-11 00:00:00+00:00
[2024-09-27T22:39:11.599+0000] {warnings.py:112} WARNING - /home/***/.local/lib/python3.12/site-packages/***/task/task_runner/standard_task_runner.py:70: DeprecationWarning: This process (pid=397) is multi-threaded, use of fork() may lead to deadlocks in the child.
  pid = os.fork()

[2024-09-27T22:39:11.603+0000] {standard_task_runner.py:72} INFO - Started process 413 to run task
[2024-09-27T22:39:11.615+0000] {standard_task_runner.py:104} INFO - Running: ['***', 'tasks', 'run', 'scrape_and_save_share_prices_with_company_data', 'create_company_table', 'scheduled__2023-10-11T00:00:00+00:00', '--job-id', '2641', '--raw', '--subdir', 'DAGS_FOLDER/dag.py', '--cfg-path', '/tmp/tmp54ljaqm7']
[2024-09-27T22:39:11.617+0000] {standard_task_runner.py:105} INFO - Job 2641: Subtask create_company_table
[2024-09-27T22:39:11.730+0000] {task_command.py:467} INFO - Running <TaskInstance: scrape_and_save_share_prices_with_company_data.create_company_table scheduled__2023-10-11T00:00:00+00:00 [running]> on host 7746de5121f6
[2024-09-27T22:39:12.041+0000] {taskinstance.py:3131} INFO - Exporting env vars: AIRFLOW_CTX_DAG_OWNER='***' AIRFLOW_CTX_DAG_ID='scrape_and_save_share_prices_with_company_data' AIRFLOW_CTX_TASK_ID='create_company_table' AIRFLOW_CTX_EXECUTION_DATE='2023-10-11T00:00:00+00:00' AIRFLOW_CTX_TRY_NUMBER='1' AIRFLOW_CTX_DAG_RUN_ID='scheduled__2023-10-11T00:00:00+00:00'
[2024-09-27T22:39:12.054+0000] {logging_mixin.py:190} INFO - Task instance is in running state
[2024-09-27T22:39:12.060+0000] {logging_mixin.py:190} INFO -  Previous state of the Task instance: queued
[2024-09-27T22:39:12.064+0000] {logging_mixin.py:190} INFO - Current task name:create_company_table state:running start_date:2024-09-27 22:39:11.518947+00:00
[2024-09-27T22:39:12.065+0000] {logging_mixin.py:190} INFO - Dag name:scrape_and_save_share_prices_with_company_data and current dag run status:running
[2024-09-27T22:39:12.067+0000] {taskinstance.py:731} INFO - ::endgroup::
[2024-09-27T22:39:12.116+0000] {base.py:84} INFO - Retrieving connection 'dse_connection'
[2024-09-27T22:39:12.151+0000] {sql.py:509} INFO - Running statement: 
        CREATE TABLE IF NOT EXISTS company_list (
            company_id SERIAL PRIMARY KEY,
            company_trade_name VARCHAR(255) NOT NULL,
            company_url VARCHAR(255) NOT NULL,
            UNIQUE(company_trade_name)
        );
    , parameters: None
[2024-09-27T22:39:12.156+0000] {python.py:240} INFO - Done. Returned value was: None
[2024-09-27T22:39:12.200+0000] {taskinstance.py:340} INFO - ::group::Post task execution logs
[2024-09-27T22:39:12.203+0000] {taskinstance.py:352} INFO - Marking task as SUCCESS. dag_id=scrape_and_save_share_prices_with_company_data, task_id=create_company_table, run_id=scheduled__2023-10-11T00:00:00+00:00, execution_date=20231011T000000, start_date=20240927T223911, end_date=20240927T223912
[2024-09-27T22:39:12.242+0000] {logging_mixin.py:190} INFO - Task instance in success state
[2024-09-27T22:39:12.250+0000] {logging_mixin.py:190} INFO -  Previous state of the Task instance: running
[2024-09-27T22:39:12.252+0000] {logging_mixin.py:190} INFO - Dag name:scrape_and_save_share_prices_with_company_data queued_at:2024-09-27 22:39:06.030935+00:00
[2024-09-27T22:39:12.256+0000] {logging_mixin.py:190} INFO - Task hostname:7746de5121f6 operator:PythonOperator
[2024-09-27T22:39:12.323+0000] {local_task_job_runner.py:266} INFO - Task exited with return code 0
[2024-09-27T22:39:12.366+0000] {local_task_job_runner.py:245} INFO - ::endgroup::
