[2024-09-27T18:38:47.645+0000] {local_task_job_runner.py:123} INFO - ::group::Pre task execution logs
[2024-09-27T18:38:47.956+0000] {taskinstance.py:2612} INFO - Dependencies all met for dep_context=non-requeueable deps ti=<TaskInstance: scrape_and_save_share_prices_with_company_data.create_share_prices_table scheduled__2024-01-29T00:00:00+00:00 [queued]>
[2024-09-27T18:38:48.054+0000] {taskinstance.py:2612} INFO - Dependencies all met for dep_context=requeueable deps ti=<TaskInstance: scrape_and_save_share_prices_with_company_data.create_share_prices_table scheduled__2024-01-29T00:00:00+00:00 [queued]>
[2024-09-27T18:38:48.059+0000] {taskinstance.py:2865} INFO - Starting attempt 1 of 2
[2024-09-27T18:38:48.173+0000] {taskinstance.py:2888} INFO - Executing <Task(PythonOperator): create_share_prices_table> on 2024-01-29 00:00:00+00:00
[2024-09-27T18:38:48.256+0000] {warnings.py:112} WARNING - /home/***/.local/lib/python3.12/site-packages/***/task/task_runner/standard_task_runner.py:70: DeprecationWarning: This process (pid=14113) is multi-threaded, use of fork() may lead to deadlocks in the child.
  pid = os.fork()

[2024-09-27T18:38:48.273+0000] {standard_task_runner.py:72} INFO - Started process 14135 to run task
[2024-09-27T18:38:48.280+0000] {standard_task_runner.py:104} INFO - Running: ['***', 'tasks', 'run', 'scrape_and_save_share_prices_with_company_data', 'create_share_prices_table', 'scheduled__2024-01-29T00:00:00+00:00', '--job-id', '1615', '--raw', '--subdir', 'DAGS_FOLDER/dag.py', '--cfg-path', '/tmp/tmp1jx6mk8b']
[2024-09-27T18:38:48.286+0000] {standard_task_runner.py:105} INFO - Job 1615: Subtask create_share_prices_table
[2024-09-27T18:38:48.741+0000] {task_command.py:467} INFO - Running <TaskInstance: scrape_and_save_share_prices_with_company_data.create_share_prices_table scheduled__2024-01-29T00:00:00+00:00 [running]> on host 13b5797a93ab
[2024-09-27T18:38:49.380+0000] {taskinstance.py:3131} INFO - Exporting env vars: AIRFLOW_CTX_DAG_OWNER='***' AIRFLOW_CTX_DAG_ID='scrape_and_save_share_prices_with_company_data' AIRFLOW_CTX_TASK_ID='create_share_prices_table' AIRFLOW_CTX_EXECUTION_DATE='2024-01-29T00:00:00+00:00' AIRFLOW_CTX_TRY_NUMBER='1' AIRFLOW_CTX_DAG_RUN_ID='scheduled__2024-01-29T00:00:00+00:00'
[2024-09-27T18:38:49.403+0000] {logging_mixin.py:190} INFO - Task instance is in running state
[2024-09-27T18:38:49.419+0000] {logging_mixin.py:190} INFO -  Previous state of the Task instance: queued
[2024-09-27T18:38:49.424+0000] {logging_mixin.py:190} INFO - Current task name:create_share_prices_table state:running start_date:2024-09-27 18:38:47.963511+00:00
[2024-09-27T18:38:49.425+0000] {logging_mixin.py:190} INFO - Dag name:scrape_and_save_share_prices_with_company_data and current dag run status:running
[2024-09-27T18:38:49.438+0000] {taskinstance.py:731} INFO - ::endgroup::
[2024-09-27T18:38:49.497+0000] {base.py:84} INFO - Retrieving connection 'dse_connection'
[2024-09-27T18:38:49.578+0000] {sql.py:509} INFO - Running statement: 
        CREATE TABLE IF NOT EXISTS company_share_prices (
            id SERIAL,
            company_id INTEGER NOT NULL,
            date DATE,
            latest_trading_price VARCHAR(50),
            low_price VARCHAR(50),
            high_price VARCHAR(50),
            closing_price VARCHAR(50),
            ycp VARCHAR(50),
            change VARCHAR(10),
            trade VARCHAR(50),
            value VARCHAR(50),
            volume VARCHAR(50),
            PRIMARY KEY(company_id, id),
            FOREIGN KEY(company_id)
                REFERENCES company_list(company_id)
                ON UPDATE CASCADE ON DELETE CASCADE
        );
    , parameters: None
[2024-09-27T18:38:49.599+0000] {python.py:240} INFO - Done. Returned value was: None
[2024-09-27T18:38:49.673+0000] {taskinstance.py:340} INFO - ::group::Post task execution logs
[2024-09-27T18:38:49.682+0000] {taskinstance.py:352} INFO - Marking task as SUCCESS. dag_id=scrape_and_save_share_prices_with_company_data, task_id=create_share_prices_table, run_id=scheduled__2024-01-29T00:00:00+00:00, execution_date=20240129T000000, start_date=20240927T183847, end_date=20240927T183849
[2024-09-27T18:38:50.059+0000] {logging_mixin.py:190} INFO - Task instance in success state
[2024-09-27T18:38:50.067+0000] {logging_mixin.py:190} INFO -  Previous state of the Task instance: running
[2024-09-27T18:38:50.070+0000] {logging_mixin.py:190} INFO - Dag name:scrape_and_save_share_prices_with_company_data queued_at:2024-09-27 18:37:03.565108+00:00
[2024-09-27T18:38:50.072+0000] {logging_mixin.py:190} INFO - Task hostname:13b5797a93ab operator:PythonOperator
[2024-09-27T18:38:50.229+0000] {local_task_job_runner.py:266} INFO - Task exited with return code 0
[2024-09-27T18:38:50.420+0000] {taskinstance.py:3900} INFO - 1 downstream tasks scheduled from follow-on schedule check
[2024-09-27T18:38:50.433+0000] {local_task_job_runner.py:245} INFO - ::endgroup::
[2024-09-27T23:02:33.267+0000] {local_task_job_runner.py:123} INFO - ::group::Pre task execution logs
[2024-09-27T23:02:33.355+0000] {taskinstance.py:2612} INFO - Dependencies all met for dep_context=non-requeueable deps ti=<TaskInstance: scrape_and_save_share_prices_with_company_data.create_share_prices_table scheduled__2024-01-29T00:00:00+00:00 [queued]>
[2024-09-27T23:02:33.414+0000] {taskinstance.py:2612} INFO - Dependencies all met for dep_context=requeueable deps ti=<TaskInstance: scrape_and_save_share_prices_with_company_data.create_share_prices_table scheduled__2024-01-29T00:00:00+00:00 [queued]>
[2024-09-27T23:02:33.418+0000] {taskinstance.py:2865} INFO - Starting attempt 1 of 2
[2024-09-27T23:02:33.474+0000] {taskinstance.py:2888} INFO - Executing <Task(PythonOperator): create_share_prices_table> on 2024-01-29 00:00:00+00:00
[2024-09-27T23:02:33.501+0000] {warnings.py:112} WARNING - /home/***/.local/lib/python3.12/site-packages/***/task/task_runner/standard_task_runner.py:70: DeprecationWarning: This process (pid=2459) is multi-threaded, use of fork() may lead to deadlocks in the child.
  pid = os.fork()

[2024-09-27T23:02:33.509+0000] {standard_task_runner.py:72} INFO - Started process 2491 to run task
[2024-09-27T23:02:33.517+0000] {standard_task_runner.py:104} INFO - Running: ['***', 'tasks', 'run', 'scrape_and_save_share_prices_with_company_data', 'create_share_prices_table', 'scheduled__2024-01-29T00:00:00+00:00', '--job-id', '3105', '--raw', '--subdir', 'DAGS_FOLDER/dag.py', '--cfg-path', '/tmp/tmpt2pldj7x']
[2024-09-27T23:02:33.526+0000] {standard_task_runner.py:105} INFO - Job 3105: Subtask create_share_prices_table
[2024-09-27T23:02:33.824+0000] {task_command.py:467} INFO - Running <TaskInstance: scrape_and_save_share_prices_with_company_data.create_share_prices_table scheduled__2024-01-29T00:00:00+00:00 [running]> on host 7746de5121f6
[2024-09-27T23:02:34.183+0000] {taskinstance.py:3131} INFO - Exporting env vars: AIRFLOW_CTX_DAG_OWNER='***' AIRFLOW_CTX_DAG_ID='scrape_and_save_share_prices_with_company_data' AIRFLOW_CTX_TASK_ID='create_share_prices_table' AIRFLOW_CTX_EXECUTION_DATE='2024-01-29T00:00:00+00:00' AIRFLOW_CTX_TRY_NUMBER='1' AIRFLOW_CTX_DAG_RUN_ID='scheduled__2024-01-29T00:00:00+00:00'
[2024-09-27T23:02:34.193+0000] {logging_mixin.py:190} INFO - Task instance is in running state
[2024-09-27T23:02:34.195+0000] {logging_mixin.py:190} INFO -  Previous state of the Task instance: queued
[2024-09-27T23:02:34.197+0000] {logging_mixin.py:190} INFO - Current task name:create_share_prices_table state:running start_date:2024-09-27 23:02:33.358937+00:00
[2024-09-27T23:02:34.198+0000] {logging_mixin.py:190} INFO - Dag name:scrape_and_save_share_prices_with_company_data and current dag run status:running
[2024-09-27T23:02:34.200+0000] {taskinstance.py:731} INFO - ::endgroup::
[2024-09-27T23:02:34.247+0000] {base.py:84} INFO - Retrieving connection 'dse_connection'
[2024-09-27T23:02:34.283+0000] {sql.py:509} INFO - Running statement: 
        CREATE TABLE IF NOT EXISTS company_share_prices (
            id SERIAL,
            company_id INTEGER NOT NULL,
            date DATE,
            latest_trading_price VARCHAR(50),
            low_price VARCHAR(50),
            high_price VARCHAR(50),
            closing_price VARCHAR(50),
            ycp VARCHAR(50),
            change VARCHAR(10),
            trade VARCHAR(50),
            value VARCHAR(50),
            volume VARCHAR(50),
            PRIMARY KEY(company_id, id),
            FOREIGN KEY(company_id)
                REFERENCES company_list(company_id)
                ON UPDATE CASCADE ON DELETE CASCADE
        );
    , parameters: None
[2024-09-27T23:02:34.294+0000] {python.py:240} INFO - Done. Returned value was: None
[2024-09-27T23:02:34.335+0000] {taskinstance.py:340} INFO - ::group::Post task execution logs
[2024-09-27T23:02:34.341+0000] {taskinstance.py:352} INFO - Marking task as SUCCESS. dag_id=scrape_and_save_share_prices_with_company_data, task_id=create_share_prices_table, run_id=scheduled__2024-01-29T00:00:00+00:00, execution_date=20240129T000000, start_date=20240927T230233, end_date=20240927T230234
[2024-09-27T23:02:34.379+0000] {logging_mixin.py:190} INFO - Task instance in success state
[2024-09-27T23:02:34.382+0000] {logging_mixin.py:190} INFO -  Previous state of the Task instance: running
[2024-09-27T23:02:34.383+0000] {logging_mixin.py:190} INFO - Dag name:scrape_and_save_share_prices_with_company_data queued_at:2024-09-27 23:01:35.381734+00:00
[2024-09-27T23:02:34.389+0000] {logging_mixin.py:190} INFO - Task hostname:7746de5121f6 operator:PythonOperator
[2024-09-27T23:02:34.467+0000] {local_task_job_runner.py:266} INFO - Task exited with return code 0
[2024-09-27T23:02:34.509+0000] {local_task_job_runner.py:245} INFO - ::endgroup::
