[2024-09-27T22:27:28.448+0000] {local_task_job_runner.py:123} INFO - ::group::Pre task execution logs
[2024-09-27T22:27:28.522+0000] {taskinstance.py:2612} INFO - Dependencies all met for dep_context=non-requeueable deps ti=<TaskInstance: scrape_and_save_share_prices_with_company_data.save_share_prices_data scheduled__2023-12-23T00:00:00+00:00 [queued]>
[2024-09-27T22:27:28.561+0000] {taskinstance.py:2612} INFO - Dependencies all met for dep_context=requeueable deps ti=<TaskInstance: scrape_and_save_share_prices_with_company_data.save_share_prices_data scheduled__2023-12-23T00:00:00+00:00 [queued]>
[2024-09-27T22:27:28.569+0000] {taskinstance.py:2865} INFO - Starting attempt 2 of 2
[2024-09-27T22:27:28.620+0000] {taskinstance.py:2888} INFO - Executing <Task(PythonOperator): save_share_prices_data> on 2023-12-23 00:00:00+00:00
[2024-09-27T22:27:28.637+0000] {warnings.py:112} WARNING - /home/***/.local/lib/python3.12/site-packages/***/task/task_runner/standard_task_runner.py:70: DeprecationWarning: This process (pid=63) is multi-threaded, use of fork() may lead to deadlocks in the child.
  pid = os.fork()

[2024-09-27T22:27:28.655+0000] {standard_task_runner.py:72} INFO - Started process 82 to run task
[2024-09-27T22:27:28.655+0000] {standard_task_runner.py:104} INFO - Running: ['***', 'tasks', 'run', 'scrape_and_save_share_prices_with_company_data', 'save_share_prices_data', 'scheduled__2023-12-23T00:00:00+00:00', '--job-id', '2588', '--raw', '--subdir', 'DAGS_FOLDER/dag.py', '--cfg-path', '/tmp/tmps3nvo0ve']
[2024-09-27T22:27:28.668+0000] {standard_task_runner.py:105} INFO - Job 2588: Subtask save_share_prices_data
[2024-09-27T22:27:29.471+0000] {task_command.py:467} INFO - Running <TaskInstance: scrape_and_save_share_prices_with_company_data.save_share_prices_data scheduled__2023-12-23T00:00:00+00:00 [running]> on host 7746de5121f6
[2024-09-27T22:27:30.346+0000] {taskinstance.py:3131} INFO - Exporting env vars: AIRFLOW_CTX_DAG_OWNER='***' AIRFLOW_CTX_DAG_ID='scrape_and_save_share_prices_with_company_data' AIRFLOW_CTX_TASK_ID='save_share_prices_data' AIRFLOW_CTX_EXECUTION_DATE='2023-12-23T00:00:00+00:00' AIRFLOW_CTX_TRY_NUMBER='2' AIRFLOW_CTX_DAG_RUN_ID='scheduled__2023-12-23T00:00:00+00:00'
[2024-09-27T22:27:30.352+0000] {logging_mixin.py:190} INFO - Task instance is in running state
[2024-09-27T22:27:30.353+0000] {logging_mixin.py:190} INFO -  Previous state of the Task instance: queued
[2024-09-27T22:27:30.370+0000] {logging_mixin.py:190} INFO - Current task name:save_share_prices_data state:running start_date:2024-09-27 22:27:28.524061+00:00
[2024-09-27T22:27:30.371+0000] {logging_mixin.py:190} INFO - Dag name:scrape_and_save_share_prices_with_company_data and current dag run status:running
[2024-09-27T22:27:30.372+0000] {taskinstance.py:731} INFO - ::endgroup::
[2024-09-27T22:27:46.489+0000] {base.py:84} INFO - Retrieving connection 'dse_connection'
[2024-09-27T22:27:47.866+0000] {job.py:229} INFO - Heartbeat recovered after 14.04 seconds
[2024-09-27T22:28:07.526+0000] {logging_mixin.py:190} INFO - Error inserting share prices data: connection to server at "172.26.0.3", port 5432 failed: Connection refused
	Is the server running on that host and accepting TCP/IP connections?
[2024-09-27T22:28:07.540+0000] {base.py:84} INFO - Retrieving connection 'dse_connection'
[2024-09-27T22:28:28.594+0000] {logging_mixin.py:190} INFO - Error inserting share prices data: connection to server at "172.26.0.3", port 5432 failed: Connection refused
	Is the server running on that host and accepting TCP/IP connections?
[2024-09-27T22:28:28.613+0000] {base.py:84} INFO - Retrieving connection 'dse_connection'
[2024-09-27T22:28:49.659+0000] {logging_mixin.py:190} INFO - Error inserting share prices data: connection to server at "172.26.0.3", port 5432 failed: Connection refused
	Is the server running on that host and accepting TCP/IP connections?
[2024-09-27T22:28:49.668+0000] {base.py:84} INFO - Retrieving connection 'dse_connection'
[2024-09-27T22:29:10.717+0000] {logging_mixin.py:190} INFO - Error inserting share prices data: connection to server at "172.26.0.3", port 5432 failed: Connection refused
	Is the server running on that host and accepting TCP/IP connections?
[2024-09-27T22:29:10.747+0000] {base.py:84} INFO - Retrieving connection 'dse_connection'
[2024-09-27T22:29:31.813+0000] {logging_mixin.py:190} INFO - Error inserting share prices data: connection to server at "172.26.0.3", port 5432 failed: Connection refused
	Is the server running on that host and accepting TCP/IP connections?
[2024-09-27T22:29:31.839+0000] {base.py:84} INFO - Retrieving connection 'dse_connection'
[2024-09-27T22:29:53.139+0000] {logging_mixin.py:190} INFO - Error inserting share prices data: connection to server at "172.26.0.3", port 5432 failed: Connection refused
	Is the server running on that host and accepting TCP/IP connections?
[2024-09-27T22:29:53.167+0000] {base.py:84} INFO - Retrieving connection 'dse_connection'
[2024-09-27T22:30:12.715+0000] {job.py:229} INFO - Heartbeat recovered after 11.85 seconds
[2024-09-27T22:30:15.101+0000] {logging_mixin.py:190} INFO - Error inserting share prices data: connection to server at "172.26.0.3", port 5432 failed: Connection refused
	Is the server running on that host and accepting TCP/IP connections?
[2024-09-27T22:30:15.128+0000] {base.py:84} INFO - Retrieving connection 'dse_connection'
[2024-09-27T22:30:19.369+0000] {job.py:229} INFO - Heartbeat recovered after 12.55 seconds
[2024-09-27T22:30:36.764+0000] {logging_mixin.py:190} INFO - Error inserting share prices data: connection to server at "172.26.0.3", port 5432 failed: Connection refused
	Is the server running on that host and accepting TCP/IP connections?
[2024-09-27T22:30:36.773+0000] {base.py:84} INFO - Retrieving connection 'dse_connection'
[2024-09-27T22:30:57.805+0000] {logging_mixin.py:190} INFO - Error inserting share prices data: connection to server at "172.26.0.3", port 5432 failed: Connection refused
	Is the server running on that host and accepting TCP/IP connections?
[2024-09-27T22:30:57.813+0000] {base.py:84} INFO - Retrieving connection 'dse_connection'
[2024-09-27T22:31:18.853+0000] {logging_mixin.py:190} INFO - Error inserting share prices data: connection to server at "172.26.0.3", port 5432 failed: Connection refused
	Is the server running on that host and accepting TCP/IP connections?
[2024-09-27T22:31:18.861+0000] {base.py:84} INFO - Retrieving connection 'dse_connection'
[2024-09-27T22:31:39.903+0000] {logging_mixin.py:190} INFO - Error inserting share prices data: connection to server at "172.26.0.3", port 5432 failed: Connection refused
	Is the server running on that host and accepting TCP/IP connections?
[2024-09-27T22:31:39.914+0000] {base.py:84} INFO - Retrieving connection 'dse_connection'
[2024-09-27T22:31:50.795+0000] {local_task_job_runner.py:346} WARNING - State of this instance has been externally set to failed. Terminating instance.
[2024-09-27T22:31:50.796+0000] {local_task_job_runner.py:245} INFO - ::endgroup::
[2024-09-27T22:31:50.798+0000] {process_utils.py:132} INFO - Sending 15 to group 82. PIDs of all processes in the group: [82]
[2024-09-27T22:31:50.799+0000] {process_utils.py:87} INFO - Sending the signal 15 to group 82
[2024-09-27T22:32:00.965+0000] {taskinstance.py:3092} ERROR - Received SIGTERM. Terminating subprocesses.
[2024-09-27T22:32:01.006+0000] {taskinstance.py:340} INFO - ::group::Post task execution logs
[2024-09-27T22:32:01.083+0000] {process_utils.py:80} INFO - Process psutil.Process(pid=82, status='terminated', exitcode=0, started='22:27:27') (82) terminated with exit code 0
[2024-09-27T22:32:01.372+0000] {standard_task_runner.py:217} INFO - Process not found (most likely exited), stop collecting metrics
