[2024-09-27T18:52:37.693+0000] {local_task_job_runner.py:123} INFO - ::group::Pre task execution logs
[2024-09-27T18:52:37.710+0000] {taskinstance.py:2612} INFO - Dependencies all met for dep_context=non-requeueable deps ti=<TaskInstance: scrape_and_save_share_prices_with_company_data.create_company_table scheduled__2024-02-25T00:00:00+00:00 [queued]>
[2024-09-27T18:52:37.718+0000] {taskinstance.py:2612} INFO - Dependencies all met for dep_context=requeueable deps ti=<TaskInstance: scrape_and_save_share_prices_with_company_data.create_company_table scheduled__2024-02-25T00:00:00+00:00 [queued]>
[2024-09-27T18:52:37.719+0000] {taskinstance.py:2865} INFO - Starting attempt 1 of 2
[2024-09-27T18:52:37.734+0000] {taskinstance.py:2888} INFO - Executing <Task(PythonOperator): create_company_table> on 2024-02-25 00:00:00+00:00
[2024-09-27T18:52:37.740+0000] {warnings.py:112} WARNING - /home/***/.local/lib/python3.12/site-packages/***/task/task_runner/standard_task_runner.py:70: DeprecationWarning: This process (pid=14855) is multi-threaded, use of fork() may lead to deadlocks in the child.
  pid = os.fork()

[2024-09-27T18:52:37.742+0000] {standard_task_runner.py:72} INFO - Started process 14859 to run task
[2024-09-27T18:52:37.742+0000] {standard_task_runner.py:104} INFO - Running: ['***', 'tasks', 'run', 'scrape_and_save_share_prices_with_company_data', 'create_company_table', 'scheduled__2024-02-25T00:00:00+00:00', '--job-id', '1758', '--raw', '--subdir', 'DAGS_FOLDER/dag.py', '--cfg-path', '/tmp/tmpcll2pgl_']
[2024-09-27T18:52:37.744+0000] {standard_task_runner.py:105} INFO - Job 1758: Subtask create_company_table
[2024-09-27T18:52:37.793+0000] {task_command.py:467} INFO - Running <TaskInstance: scrape_and_save_share_prices_with_company_data.create_company_table scheduled__2024-02-25T00:00:00+00:00 [running]> on host 13b5797a93ab
[2024-09-27T18:52:37.884+0000] {taskinstance.py:3131} INFO - Exporting env vars: AIRFLOW_CTX_DAG_OWNER='***' AIRFLOW_CTX_DAG_ID='scrape_and_save_share_prices_with_company_data' AIRFLOW_CTX_TASK_ID='create_company_table' AIRFLOW_CTX_EXECUTION_DATE='2024-02-25T00:00:00+00:00' AIRFLOW_CTX_TRY_NUMBER='1' AIRFLOW_CTX_DAG_RUN_ID='scheduled__2024-02-25T00:00:00+00:00'
[2024-09-27T18:52:37.886+0000] {logging_mixin.py:190} INFO - Task instance is in running state
[2024-09-27T18:52:37.886+0000] {logging_mixin.py:190} INFO -  Previous state of the Task instance: queued
[2024-09-27T18:52:37.887+0000] {logging_mixin.py:190} INFO - Current task name:create_company_table state:running start_date:2024-09-27 18:52:37.710921+00:00
[2024-09-27T18:52:37.888+0000] {logging_mixin.py:190} INFO - Dag name:scrape_and_save_share_prices_with_company_data and current dag run status:running
[2024-09-27T18:52:37.888+0000] {taskinstance.py:731} INFO - ::endgroup::
[2024-09-27T18:52:37.899+0000] {base.py:84} INFO - Retrieving connection 'dse_connection'
[2024-09-27T18:52:37.904+0000] {sql.py:509} INFO - Running statement: 
        CREATE TABLE IF NOT EXISTS company_list (
            company_id SERIAL PRIMARY KEY,
            company_trade_name VARCHAR(255) NOT NULL,
            company_url VARCHAR(255) NOT NULL,
            UNIQUE(company_trade_name)
        );
    , parameters: None
[2024-09-27T18:52:37.906+0000] {python.py:240} INFO - Done. Returned value was: None
[2024-09-27T18:52:37.918+0000] {taskinstance.py:340} INFO - ::group::Post task execution logs
[2024-09-27T18:52:37.919+0000] {taskinstance.py:352} INFO - Marking task as SUCCESS. dag_id=scrape_and_save_share_prices_with_company_data, task_id=create_company_table, run_id=scheduled__2024-02-25T00:00:00+00:00, execution_date=20240225T000000, start_date=20240927T185237, end_date=20240927T185237
[2024-09-27T18:52:37.931+0000] {logging_mixin.py:190} INFO - Task instance in success state
[2024-09-27T18:52:37.931+0000] {logging_mixin.py:190} INFO -  Previous state of the Task instance: running
[2024-09-27T18:52:37.932+0000] {logging_mixin.py:190} INFO - Dag name:scrape_and_save_share_prices_with_company_data queued_at:2024-09-27 18:52:35.828511+00:00
[2024-09-27T18:52:37.933+0000] {logging_mixin.py:190} INFO - Task hostname:13b5797a93ab operator:PythonOperator
[2024-09-27T18:52:37.958+0000] {local_task_job_runner.py:266} INFO - Task exited with return code 0
[2024-09-27T18:52:37.996+0000] {taskinstance.py:3900} INFO - 1 downstream tasks scheduled from follow-on schedule check
[2024-09-27T18:52:38.002+0000] {local_task_job_runner.py:245} INFO - ::endgroup::
[2024-09-27T23:07:28.531+0000] {local_task_job_runner.py:123} INFO - ::group::Pre task execution logs
[2024-09-27T23:07:28.575+0000] {taskinstance.py:2612} INFO - Dependencies all met for dep_context=non-requeueable deps ti=<TaskInstance: scrape_and_save_share_prices_with_company_data.create_company_table scheduled__2024-02-25T00:00:00+00:00 [queued]>
[2024-09-27T23:07:28.593+0000] {taskinstance.py:2612} INFO - Dependencies all met for dep_context=requeueable deps ti=<TaskInstance: scrape_and_save_share_prices_with_company_data.create_company_table scheduled__2024-02-25T00:00:00+00:00 [queued]>
[2024-09-27T23:07:28.594+0000] {taskinstance.py:2865} INFO - Starting attempt 1 of 2
[2024-09-27T23:07:28.631+0000] {taskinstance.py:2888} INFO - Executing <Task(PythonOperator): create_company_table> on 2024-02-25 00:00:00+00:00
[2024-09-27T23:07:28.651+0000] {standard_task_runner.py:104} INFO - Running: ['***', 'tasks', 'run', 'scrape_and_save_share_prices_with_company_data', 'create_company_table', 'scheduled__2024-02-25T00:00:00+00:00', '--job-id', '3211', '--raw', '--subdir', 'DAGS_FOLDER/dag.py', '--cfg-path', '/tmp/tmpfj0nld6o']
[2024-09-27T23:07:28.655+0000] {standard_task_runner.py:105} INFO - Job 3211: Subtask create_company_table
[2024-09-27T23:07:28.646+0000] {warnings.py:112} WARNING - /home/***/.local/lib/python3.12/site-packages/***/task/task_runner/standard_task_runner.py:70: DeprecationWarning: This process (pid=2951) is multi-threaded, use of fork() may lead to deadlocks in the child.
  pid = os.fork()

[2024-09-27T23:07:28.669+0000] {standard_task_runner.py:72} INFO - Started process 2975 to run task
[2024-09-27T23:07:28.891+0000] {task_command.py:467} INFO - Running <TaskInstance: scrape_and_save_share_prices_with_company_data.create_company_table scheduled__2024-02-25T00:00:00+00:00 [running]> on host 7746de5121f6
[2024-09-27T23:07:29.276+0000] {taskinstance.py:3131} INFO - Exporting env vars: AIRFLOW_CTX_DAG_OWNER='***' AIRFLOW_CTX_DAG_ID='scrape_and_save_share_prices_with_company_data' AIRFLOW_CTX_TASK_ID='create_company_table' AIRFLOW_CTX_EXECUTION_DATE='2024-02-25T00:00:00+00:00' AIRFLOW_CTX_TRY_NUMBER='1' AIRFLOW_CTX_DAG_RUN_ID='scheduled__2024-02-25T00:00:00+00:00'
[2024-09-27T23:07:29.281+0000] {logging_mixin.py:190} INFO - Task instance is in running state
[2024-09-27T23:07:29.282+0000] {logging_mixin.py:190} INFO -  Previous state of the Task instance: queued
[2024-09-27T23:07:29.287+0000] {logging_mixin.py:190} INFO - Current task name:create_company_table state:running start_date:2024-09-27 23:07:28.576341+00:00
[2024-09-27T23:07:29.291+0000] {logging_mixin.py:190} INFO - Dag name:scrape_and_save_share_prices_with_company_data and current dag run status:running
[2024-09-27T23:07:29.292+0000] {taskinstance.py:731} INFO - ::endgroup::
[2024-09-27T23:07:29.342+0000] {base.py:84} INFO - Retrieving connection 'dse_connection'
[2024-09-27T23:07:29.350+0000] {sql.py:509} INFO - Running statement: 
        CREATE TABLE IF NOT EXISTS company_list (
            company_id SERIAL PRIMARY KEY,
            company_trade_name VARCHAR(255) NOT NULL,
            company_url VARCHAR(255) NOT NULL,
            UNIQUE(company_trade_name)
        );
    , parameters: None
[2024-09-27T23:07:29.364+0000] {python.py:240} INFO - Done. Returned value was: None
[2024-09-27T23:07:29.392+0000] {taskinstance.py:340} INFO - ::group::Post task execution logs
[2024-09-27T23:07:29.394+0000] {taskinstance.py:352} INFO - Marking task as SUCCESS. dag_id=scrape_and_save_share_prices_with_company_data, task_id=create_company_table, run_id=scheduled__2024-02-25T00:00:00+00:00, execution_date=20240225T000000, start_date=20240927T230728, end_date=20240927T230729
[2024-09-27T23:07:29.442+0000] {logging_mixin.py:190} INFO - Task instance in success state
[2024-09-27T23:07:29.451+0000] {logging_mixin.py:190} INFO -  Previous state of the Task instance: running
[2024-09-27T23:07:29.452+0000] {logging_mixin.py:190} INFO - Dag name:scrape_and_save_share_prices_with_company_data queued_at:2024-09-27 23:07:22.584364+00:00
[2024-09-27T23:07:29.458+0000] {logging_mixin.py:190} INFO - Task hostname:7746de5121f6 operator:PythonOperator
[2024-09-27T23:07:29.492+0000] {local_task_job_runner.py:266} INFO - Task exited with return code 0
[2024-09-27T23:07:29.556+0000] {taskinstance.py:3900} INFO - 1 downstream tasks scheduled from follow-on schedule check
[2024-09-27T23:07:29.563+0000] {local_task_job_runner.py:245} INFO - ::endgroup::
