[2024-09-27T19:11:34.055+0000] {local_task_job_runner.py:123} INFO - ::group::Pre task execution logs
[2024-09-27T19:11:34.098+0000] {taskinstance.py:2612} INFO - Dependencies all met for dep_context=non-requeueable deps ti=<TaskInstance: scrape_and_save_share_prices_with_company_data.create_company_table scheduled__2024-04-10T00:00:00+00:00 [queued]>
[2024-09-27T19:11:34.119+0000] {taskinstance.py:2612} INFO - Dependencies all met for dep_context=requeueable deps ti=<TaskInstance: scrape_and_save_share_prices_with_company_data.create_company_table scheduled__2024-04-10T00:00:00+00:00 [queued]>
[2024-09-27T19:11:34.156+0000] {taskinstance.py:2865} INFO - Starting attempt 1 of 2
[2024-09-27T19:11:34.705+0000] {taskinstance.py:2888} INFO - Executing <Task(PythonOperator): create_company_table> on 2024-04-10 00:00:00+00:00
[2024-09-27T19:11:34.732+0000] {warnings.py:112} WARNING - /home/***/.local/lib/python3.12/site-packages/***/task/task_runner/standard_task_runner.py:70: DeprecationWarning: This process (pid=176) is multi-threaded, use of fork() may lead to deadlocks in the child.
  pid = os.fork()

[2024-09-27T19:11:34.735+0000] {standard_task_runner.py:104} INFO - Running: ['***', 'tasks', 'run', 'scrape_and_save_share_prices_with_company_data', 'create_company_table', 'scheduled__2024-04-10T00:00:00+00:00', '--job-id', '1987', '--raw', '--subdir', 'DAGS_FOLDER/dag.py', '--cfg-path', '/tmp/tmpr62woles']
[2024-09-27T19:11:34.742+0000] {standard_task_runner.py:72} INFO - Started process 182 to run task
[2024-09-27T19:11:34.743+0000] {standard_task_runner.py:105} INFO - Job 1987: Subtask create_company_table
[2024-09-27T19:11:34.881+0000] {task_command.py:467} INFO - Running <TaskInstance: scrape_and_save_share_prices_with_company_data.create_company_table scheduled__2024-04-10T00:00:00+00:00 [running]> on host f199b4684a92
[2024-09-27T19:11:35.788+0000] {taskinstance.py:3131} INFO - Exporting env vars: AIRFLOW_CTX_DAG_OWNER='***' AIRFLOW_CTX_DAG_ID='scrape_and_save_share_prices_with_company_data' AIRFLOW_CTX_TASK_ID='create_company_table' AIRFLOW_CTX_EXECUTION_DATE='2024-04-10T00:00:00+00:00' AIRFLOW_CTX_TRY_NUMBER='1' AIRFLOW_CTX_DAG_RUN_ID='scheduled__2024-04-10T00:00:00+00:00'
[2024-09-27T19:11:35.818+0000] {logging_mixin.py:190} INFO - Task instance is in running state
[2024-09-27T19:11:35.819+0000] {logging_mixin.py:190} INFO -  Previous state of the Task instance: queued
[2024-09-27T19:11:35.820+0000] {logging_mixin.py:190} INFO - Current task name:create_company_table state:running start_date:2024-09-27 19:11:34.099445+00:00
[2024-09-27T19:11:35.821+0000] {logging_mixin.py:190} INFO - Dag name:scrape_and_save_share_prices_with_company_data and current dag run status:running
[2024-09-27T19:11:35.822+0000] {taskinstance.py:731} INFO - ::endgroup::
[2024-09-27T19:11:36.002+0000] {base.py:84} INFO - Retrieving connection 'dse_connection'
[2024-09-27T19:11:57.250+0000] {logging_mixin.py:190} INFO - Error creating company table: connection to server at "172.23.0.3", port 5432 failed: Connection refused
	Is the server running on that host and accepting TCP/IP connections?
[2024-09-27T19:11:57.269+0000] {python.py:240} INFO - Done. Returned value was: None
[2024-09-27T19:11:57.483+0000] {taskinstance.py:340} INFO - ::group::Post task execution logs
[2024-09-27T19:11:57.516+0000] {taskinstance.py:352} INFO - Marking task as SUCCESS. dag_id=scrape_and_save_share_prices_with_company_data, task_id=create_company_table, run_id=scheduled__2024-04-10T00:00:00+00:00, execution_date=20240410T000000, start_date=20240927T191134, end_date=20240927T191157
[2024-09-27T19:11:57.581+0000] {logging_mixin.py:190} INFO - Task instance in success state
[2024-09-27T19:11:57.605+0000] {logging_mixin.py:190} INFO -  Previous state of the Task instance: running
[2024-09-27T19:11:57.616+0000] {logging_mixin.py:190} INFO - Dag name:scrape_and_save_share_prices_with_company_data queued_at:2024-09-27 19:11:26.960016+00:00
[2024-09-27T19:11:57.617+0000] {logging_mixin.py:190} INFO - Task hostname:f199b4684a92 operator:PythonOperator
[2024-09-27T19:11:57.703+0000] {local_task_job_runner.py:266} INFO - Task exited with return code 0
[2024-09-27T19:11:57.881+0000] {taskinstance.py:3900} INFO - 1 downstream tasks scheduled from follow-on schedule check
[2024-09-27T19:11:57.928+0000] {local_task_job_runner.py:245} INFO - ::endgroup::
[2024-09-27T23:16:14.812+0000] {local_task_job_runner.py:123} INFO - ::group::Pre task execution logs
[2024-09-27T23:16:14.888+0000] {taskinstance.py:2612} INFO - Dependencies all met for dep_context=non-requeueable deps ti=<TaskInstance: scrape_and_save_share_prices_with_company_data.create_company_table scheduled__2024-04-10T00:00:00+00:00 [queued]>
[2024-09-27T23:16:14.926+0000] {taskinstance.py:2612} INFO - Dependencies all met for dep_context=requeueable deps ti=<TaskInstance: scrape_and_save_share_prices_with_company_data.create_company_table scheduled__2024-04-10T00:00:00+00:00 [queued]>
[2024-09-27T23:16:14.927+0000] {taskinstance.py:2865} INFO - Starting attempt 1 of 2
[2024-09-27T23:16:14.979+0000] {taskinstance.py:2888} INFO - Executing <Task(PythonOperator): create_company_table> on 2024-04-10 00:00:00+00:00
[2024-09-27T23:16:15.011+0000] {warnings.py:112} WARNING - /home/***/.local/lib/python3.12/site-packages/***/task/task_runner/standard_task_runner.py:70: DeprecationWarning: This process (pid=3764) is multi-threaded, use of fork() may lead to deadlocks in the child.
  pid = os.fork()

[2024-09-27T23:16:15.014+0000] {standard_task_runner.py:72} INFO - Started process 3776 to run task
[2024-09-27T23:16:15.011+0000] {standard_task_runner.py:104} INFO - Running: ['***', 'tasks', 'run', 'scrape_and_save_share_prices_with_company_data', 'create_company_table', 'scheduled__2024-04-10T00:00:00+00:00', '--job-id', '3392', '--raw', '--subdir', 'DAGS_FOLDER/dag.py', '--cfg-path', '/tmp/tmpjqhelwfg']
[2024-09-27T23:16:15.031+0000] {standard_task_runner.py:105} INFO - Job 3392: Subtask create_company_table
[2024-09-27T23:16:15.225+0000] {task_command.py:467} INFO - Running <TaskInstance: scrape_and_save_share_prices_with_company_data.create_company_table scheduled__2024-04-10T00:00:00+00:00 [running]> on host 7746de5121f6
[2024-09-27T23:16:15.788+0000] {taskinstance.py:3131} INFO - Exporting env vars: AIRFLOW_CTX_DAG_OWNER='***' AIRFLOW_CTX_DAG_ID='scrape_and_save_share_prices_with_company_data' AIRFLOW_CTX_TASK_ID='create_company_table' AIRFLOW_CTX_EXECUTION_DATE='2024-04-10T00:00:00+00:00' AIRFLOW_CTX_TRY_NUMBER='1' AIRFLOW_CTX_DAG_RUN_ID='scheduled__2024-04-10T00:00:00+00:00'
[2024-09-27T23:16:15.805+0000] {logging_mixin.py:190} INFO - Task instance is in running state
[2024-09-27T23:16:15.812+0000] {logging_mixin.py:190} INFO -  Previous state of the Task instance: queued
[2024-09-27T23:16:15.814+0000] {logging_mixin.py:190} INFO - Current task name:create_company_table state:running start_date:2024-09-27 23:16:14.889656+00:00
[2024-09-27T23:16:15.819+0000] {logging_mixin.py:190} INFO - Dag name:scrape_and_save_share_prices_with_company_data and current dag run status:running
[2024-09-27T23:16:15.822+0000] {taskinstance.py:731} INFO - ::endgroup::
[2024-09-27T23:16:15.847+0000] {base.py:84} INFO - Retrieving connection 'dse_connection'
[2024-09-27T23:16:15.888+0000] {sql.py:509} INFO - Running statement: 
        CREATE TABLE IF NOT EXISTS company_list (
            company_id SERIAL PRIMARY KEY,
            company_trade_name VARCHAR(255) NOT NULL,
            company_url VARCHAR(255) NOT NULL,
            UNIQUE(company_trade_name)
        );
    , parameters: None
[2024-09-27T23:16:15.891+0000] {python.py:240} INFO - Done. Returned value was: None
[2024-09-27T23:16:15.943+0000] {taskinstance.py:340} INFO - ::group::Post task execution logs
[2024-09-27T23:16:15.945+0000] {taskinstance.py:352} INFO - Marking task as SUCCESS. dag_id=scrape_and_save_share_prices_with_company_data, task_id=create_company_table, run_id=scheduled__2024-04-10T00:00:00+00:00, execution_date=20240410T000000, start_date=20240927T231614, end_date=20240927T231615
[2024-09-27T23:16:16.000+0000] {logging_mixin.py:190} INFO - Task instance in success state
[2024-09-27T23:16:16.006+0000] {logging_mixin.py:190} INFO -  Previous state of the Task instance: running
[2024-09-27T23:16:16.008+0000] {logging_mixin.py:190} INFO - Dag name:scrape_and_save_share_prices_with_company_data queued_at:2024-09-27 23:16:07.727355+00:00
[2024-09-27T23:16:16.009+0000] {logging_mixin.py:190} INFO - Task hostname:7746de5121f6 operator:PythonOperator
[2024-09-27T23:16:16.094+0000] {local_task_job_runner.py:266} INFO - Task exited with return code 0
[2024-09-27T23:16:16.250+0000] {taskinstance.py:3900} INFO - 1 downstream tasks scheduled from follow-on schedule check
[2024-09-27T23:16:16.268+0000] {local_task_job_runner.py:245} INFO - ::endgroup::
