[2024-09-27T19:43:59.284+0000] {local_task_job_runner.py:123} INFO - ::group::Pre task execution logs
[2024-09-27T19:43:59.328+0000] {taskinstance.py:2612} INFO - Dependencies all met for dep_context=non-requeueable deps ti=<TaskInstance: scrape_and_save_share_prices_with_company_data.create_company_table scheduled__2024-05-09T00:00:00+00:00 [queued]>
[2024-09-27T19:43:59.366+0000] {taskinstance.py:2612} INFO - Dependencies all met for dep_context=requeueable deps ti=<TaskInstance: scrape_and_save_share_prices_with_company_data.create_company_table scheduled__2024-05-09T00:00:00+00:00 [queued]>
[2024-09-27T19:43:59.367+0000] {taskinstance.py:2865} INFO - Starting attempt 1 of 2
[2024-09-27T19:43:59.404+0000] {taskinstance.py:2888} INFO - Executing <Task(PythonOperator): create_company_table> on 2024-05-09 00:00:00+00:00
[2024-09-27T19:43:59.427+0000] {warnings.py:112} WARNING - /home/***/.local/lib/python3.12/site-packages/***/task/task_runner/standard_task_runner.py:70: DeprecationWarning: This process (pid=701) is multi-threaded, use of fork() may lead to deadlocks in the child.
  pid = os.fork()

[2024-09-27T19:43:59.433+0000] {standard_task_runner.py:72} INFO - Started process 717 to run task
[2024-09-27T19:43:59.435+0000] {standard_task_runner.py:104} INFO - Running: ['***', 'tasks', 'run', 'scrape_and_save_share_prices_with_company_data', 'create_company_table', 'scheduled__2024-05-09T00:00:00+00:00', '--job-id', '2057', '--raw', '--subdir', 'DAGS_FOLDER/dag.py', '--cfg-path', '/tmp/tmpzi06i_cu']
[2024-09-27T19:43:59.438+0000] {standard_task_runner.py:105} INFO - Job 2057: Subtask create_company_table
[2024-09-27T19:43:59.558+0000] {task_command.py:467} INFO - Running <TaskInstance: scrape_and_save_share_prices_with_company_data.create_company_table scheduled__2024-05-09T00:00:00+00:00 [running]> on host f199b4684a92
[2024-09-27T19:43:59.805+0000] {taskinstance.py:3131} INFO - Exporting env vars: AIRFLOW_CTX_DAG_OWNER='***' AIRFLOW_CTX_DAG_ID='scrape_and_save_share_prices_with_company_data' AIRFLOW_CTX_TASK_ID='create_company_table' AIRFLOW_CTX_EXECUTION_DATE='2024-05-09T00:00:00+00:00' AIRFLOW_CTX_TRY_NUMBER='1' AIRFLOW_CTX_DAG_RUN_ID='scheduled__2024-05-09T00:00:00+00:00'
[2024-09-27T19:43:59.809+0000] {logging_mixin.py:190} INFO - Task instance is in running state
[2024-09-27T19:43:59.810+0000] {logging_mixin.py:190} INFO -  Previous state of the Task instance: queued
[2024-09-27T19:43:59.812+0000] {logging_mixin.py:190} INFO - Current task name:create_company_table state:running start_date:2024-09-27 19:43:59.329732+00:00
[2024-09-27T19:43:59.813+0000] {logging_mixin.py:190} INFO - Dag name:scrape_and_save_share_prices_with_company_data and current dag run status:running
[2024-09-27T19:43:59.814+0000] {taskinstance.py:731} INFO - ::endgroup::
[2024-09-27T19:43:59.841+0000] {base.py:84} INFO - Retrieving connection 'dse_connection'
[2024-09-27T19:44:20.884+0000] {logging_mixin.py:190} INFO - Error creating company table: connection to server at "172.23.0.3", port 5432 failed: Connection refused
	Is the server running on that host and accepting TCP/IP connections?
[2024-09-27T19:44:20.886+0000] {python.py:240} INFO - Done. Returned value was: None
[2024-09-27T19:44:20.905+0000] {taskinstance.py:340} INFO - ::group::Post task execution logs
[2024-09-27T19:44:20.906+0000] {taskinstance.py:352} INFO - Marking task as SUCCESS. dag_id=scrape_and_save_share_prices_with_company_data, task_id=create_company_table, run_id=scheduled__2024-05-09T00:00:00+00:00, execution_date=20240509T000000, start_date=20240927T194359, end_date=20240927T194420
[2024-09-27T19:44:20.948+0000] {logging_mixin.py:190} INFO - Task instance in success state
[2024-09-27T19:44:20.949+0000] {logging_mixin.py:190} INFO -  Previous state of the Task instance: running
[2024-09-27T19:44:20.950+0000] {logging_mixin.py:190} INFO - Dag name:scrape_and_save_share_prices_with_company_data queued_at:2024-09-27 19:43:53.454919+00:00
[2024-09-27T19:44:20.951+0000] {logging_mixin.py:190} INFO - Task hostname:f199b4684a92 operator:PythonOperator
[2024-09-27T19:44:21.000+0000] {local_task_job_runner.py:266} INFO - Task exited with return code 0
[2024-09-27T19:44:21.043+0000] {taskinstance.py:3900} INFO - 1 downstream tasks scheduled from follow-on schedule check
[2024-09-27T19:44:21.049+0000] {local_task_job_runner.py:245} INFO - ::endgroup::
[2024-09-27T23:20:54.803+0000] {local_task_job_runner.py:123} INFO - ::group::Pre task execution logs
[2024-09-27T23:20:54.882+0000] {taskinstance.py:2612} INFO - Dependencies all met for dep_context=non-requeueable deps ti=<TaskInstance: scrape_and_save_share_prices_with_company_data.create_company_table scheduled__2024-05-09T00:00:00+00:00 [queued]>
[2024-09-27T23:20:54.913+0000] {taskinstance.py:2612} INFO - Dependencies all met for dep_context=requeueable deps ti=<TaskInstance: scrape_and_save_share_prices_with_company_data.create_company_table scheduled__2024-05-09T00:00:00+00:00 [queued]>
[2024-09-27T23:20:54.914+0000] {taskinstance.py:2865} INFO - Starting attempt 1 of 2
[2024-09-27T23:20:54.940+0000] {taskinstance.py:2888} INFO - Executing <Task(PythonOperator): create_company_table> on 2024-05-09 00:00:00+00:00
[2024-09-27T23:20:54.961+0000] {warnings.py:112} WARNING - /home/***/.local/lib/python3.12/site-packages/***/task/task_runner/standard_task_runner.py:70: DeprecationWarning: This process (pid=4237) is multi-threaded, use of fork() may lead to deadlocks in the child.
  pid = os.fork()

[2024-09-27T23:20:54.964+0000] {standard_task_runner.py:72} INFO - Started process 4251 to run task
[2024-09-27T23:20:54.967+0000] {standard_task_runner.py:104} INFO - Running: ['***', 'tasks', 'run', 'scrape_and_save_share_prices_with_company_data', 'create_company_table', 'scheduled__2024-05-09T00:00:00+00:00', '--job-id', '3499', '--raw', '--subdir', 'DAGS_FOLDER/dag.py', '--cfg-path', '/tmp/tmp8_sh5oqs']
[2024-09-27T23:20:54.973+0000] {standard_task_runner.py:105} INFO - Job 3499: Subtask create_company_table
[2024-09-27T23:20:55.203+0000] {task_command.py:467} INFO - Running <TaskInstance: scrape_and_save_share_prices_with_company_data.create_company_table scheduled__2024-05-09T00:00:00+00:00 [running]> on host 7746de5121f6
[2024-09-27T23:20:55.682+0000] {taskinstance.py:3131} INFO - Exporting env vars: AIRFLOW_CTX_DAG_OWNER='***' AIRFLOW_CTX_DAG_ID='scrape_and_save_share_prices_with_company_data' AIRFLOW_CTX_TASK_ID='create_company_table' AIRFLOW_CTX_EXECUTION_DATE='2024-05-09T00:00:00+00:00' AIRFLOW_CTX_TRY_NUMBER='1' AIRFLOW_CTX_DAG_RUN_ID='scheduled__2024-05-09T00:00:00+00:00'
[2024-09-27T23:20:55.691+0000] {logging_mixin.py:190} INFO - Task instance is in running state
[2024-09-27T23:20:55.694+0000] {logging_mixin.py:190} INFO -  Previous state of the Task instance: queued
[2024-09-27T23:20:55.703+0000] {logging_mixin.py:190} INFO - Current task name:create_company_table state:running start_date:2024-09-27 23:20:54.884925+00:00
[2024-09-27T23:20:55.704+0000] {logging_mixin.py:190} INFO - Dag name:scrape_and_save_share_prices_with_company_data and current dag run status:running
[2024-09-27T23:20:55.710+0000] {taskinstance.py:731} INFO - ::endgroup::
[2024-09-27T23:20:55.764+0000] {base.py:84} INFO - Retrieving connection 'dse_connection'
[2024-09-27T23:20:55.790+0000] {sql.py:509} INFO - Running statement: 
        CREATE TABLE IF NOT EXISTS company_list (
            company_id SERIAL PRIMARY KEY,
            company_trade_name VARCHAR(255) NOT NULL,
            company_url VARCHAR(255) NOT NULL,
            UNIQUE(company_trade_name)
        );
    , parameters: None
[2024-09-27T23:20:55.794+0000] {python.py:240} INFO - Done. Returned value was: None
[2024-09-27T23:20:55.818+0000] {taskinstance.py:340} INFO - ::group::Post task execution logs
[2024-09-27T23:20:55.824+0000] {taskinstance.py:352} INFO - Marking task as SUCCESS. dag_id=scrape_and_save_share_prices_with_company_data, task_id=create_company_table, run_id=scheduled__2024-05-09T00:00:00+00:00, execution_date=20240509T000000, start_date=20240927T232054, end_date=20240927T232055
[2024-09-27T23:20:56.165+0000] {logging_mixin.py:190} INFO - Task instance in success state
[2024-09-27T23:20:56.171+0000] {logging_mixin.py:190} INFO -  Previous state of the Task instance: running
[2024-09-27T23:20:56.172+0000] {logging_mixin.py:190} INFO - Dag name:scrape_and_save_share_prices_with_company_data queued_at:2024-09-27 23:20:46.877038+00:00
[2024-09-27T23:20:56.173+0000] {logging_mixin.py:190} INFO - Task hostname:7746de5121f6 operator:PythonOperator
[2024-09-27T23:20:56.217+0000] {local_task_job_runner.py:266} INFO - Task exited with return code 0
[2024-09-27T23:20:56.345+0000] {taskinstance.py:3900} INFO - 1 downstream tasks scheduled from follow-on schedule check
[2024-09-27T23:20:56.357+0000] {local_task_job_runner.py:245} INFO - ::endgroup::
