[2024-09-27T18:18:32.015+0000] {local_task_job_runner.py:123} INFO - ::group::Pre task execution logs
[2024-09-27T18:18:32.239+0000] {taskinstance.py:2612} INFO - Dependencies all met for dep_context=non-requeueable deps ti=<TaskInstance: scrape_and_save_share_prices_with_company_data.create_share_prices_table scheduled__2023-11-07T00:00:00+00:00 [queued]>
[2024-09-27T18:18:32.290+0000] {taskinstance.py:2612} INFO - Dependencies all met for dep_context=requeueable deps ti=<TaskInstance: scrape_and_save_share_prices_with_company_data.create_share_prices_table scheduled__2023-11-07T00:00:00+00:00 [queued]>
[2024-09-27T18:18:32.315+0000] {taskinstance.py:2865} INFO - Starting attempt 1 of 2
[2024-09-27T18:18:32.590+0000] {taskinstance.py:2888} INFO - Executing <Task(PythonOperator): create_share_prices_table> on 2023-11-07 00:00:00+00:00
[2024-09-27T18:18:32.725+0000] {warnings.py:112} WARNING - /home/***/.local/lib/python3.12/site-packages/***/task/task_runner/standard_task_runner.py:70: DeprecationWarning: This process (pid=12563) is multi-threaded, use of fork() may lead to deadlocks in the child.
  pid = os.fork()

[2024-09-27T18:18:32.716+0000] {standard_task_runner.py:104} INFO - Running: ['***', 'tasks', 'run', 'scrape_and_save_share_prices_with_company_data', 'create_share_prices_table', 'scheduled__2023-11-07T00:00:00+00:00', '--job-id', '1276', '--raw', '--subdir', 'DAGS_FOLDER/dag.py', '--cfg-path', '/tmp/tmpdon590u6']
[2024-09-27T18:18:32.754+0000] {standard_task_runner.py:72} INFO - Started process 12593 to run task
[2024-09-27T18:18:32.757+0000] {standard_task_runner.py:105} INFO - Job 1276: Subtask create_share_prices_table
[2024-09-27T18:18:33.456+0000] {task_command.py:467} INFO - Running <TaskInstance: scrape_and_save_share_prices_with_company_data.create_share_prices_table scheduled__2023-11-07T00:00:00+00:00 [running]> on host 13b5797a93ab
[2024-09-27T18:18:34.507+0000] {taskinstance.py:3131} INFO - Exporting env vars: AIRFLOW_CTX_DAG_OWNER='***' AIRFLOW_CTX_DAG_ID='scrape_and_save_share_prices_with_company_data' AIRFLOW_CTX_TASK_ID='create_share_prices_table' AIRFLOW_CTX_EXECUTION_DATE='2023-11-07T00:00:00+00:00' AIRFLOW_CTX_TRY_NUMBER='1' AIRFLOW_CTX_DAG_RUN_ID='scheduled__2023-11-07T00:00:00+00:00'
[2024-09-27T18:18:34.562+0000] {logging_mixin.py:190} INFO - Task instance is in running state
[2024-09-27T18:18:34.566+0000] {logging_mixin.py:190} INFO -  Previous state of the Task instance: queued
[2024-09-27T18:18:34.598+0000] {logging_mixin.py:190} INFO - Current task name:create_share_prices_table state:running start_date:2024-09-27 18:18:32.246885+00:00
[2024-09-27T18:18:34.618+0000] {logging_mixin.py:190} INFO - Dag name:scrape_and_save_share_prices_with_company_data and current dag run status:running
[2024-09-27T18:18:34.638+0000] {taskinstance.py:731} INFO - ::endgroup::
[2024-09-27T18:18:34.732+0000] {base.py:84} INFO - Retrieving connection 'dse_connection'
[2024-09-27T18:18:34.774+0000] {sql.py:509} INFO - Running statement: 
        CREATE TABLE IF NOT EXISTS company_share_prices (
            id SERIAL,
            company_id INTEGER NOT NULL,
            date DATE,
            latest_trading_price VARCHAR(50),
            low_price VARCHAR(50),
            high_price VARCHAR(50),
            closing_price VARCHAR(50),
            ycp VARCHAR(50),
            change VARCHAR(10),
            trade VARCHAR(50),
            value VARCHAR(50),
            volume VARCHAR(50),
            PRIMARY KEY(company_id, id),
            FOREIGN KEY(company_id)
                REFERENCES company_list(company_id)
                ON UPDATE CASCADE ON DELETE CASCADE
        );
    , parameters: None
[2024-09-27T18:18:34.797+0000] {python.py:240} INFO - Done. Returned value was: None
[2024-09-27T18:18:34.974+0000] {taskinstance.py:340} INFO - ::group::Post task execution logs
[2024-09-27T18:18:34.992+0000] {taskinstance.py:352} INFO - Marking task as SUCCESS. dag_id=scrape_and_save_share_prices_with_company_data, task_id=create_share_prices_table, run_id=scheduled__2023-11-07T00:00:00+00:00, execution_date=20231107T000000, start_date=20240927T181832, end_date=20240927T181834
[2024-09-27T18:18:35.222+0000] {logging_mixin.py:190} INFO - Task instance in success state
[2024-09-27T18:18:35.238+0000] {logging_mixin.py:190} INFO -  Previous state of the Task instance: running
[2024-09-27T18:18:35.256+0000] {logging_mixin.py:190} INFO - Dag name:scrape_and_save_share_prices_with_company_data queued_at:2024-09-27 18:16:55.474419+00:00
[2024-09-27T18:18:35.273+0000] {logging_mixin.py:190} INFO - Task hostname:13b5797a93ab operator:PythonOperator
[2024-09-27T18:18:35.432+0000] {local_task_job_runner.py:266} INFO - Task exited with return code 0
[2024-09-27T18:18:35.527+0000] {local_task_job_runner.py:245} INFO - ::endgroup::
[2024-09-27T22:07:31.191+0000] {local_task_job_runner.py:123} INFO - ::group::Pre task execution logs
[2024-09-27T22:07:31.268+0000] {taskinstance.py:2612} INFO - Dependencies all met for dep_context=non-requeueable deps ti=<TaskInstance: scrape_and_save_share_prices_with_company_data.create_share_prices_table scheduled__2023-11-07T00:00:00+00:00 [queued]>
[2024-09-27T22:07:31.366+0000] {taskinstance.py:2612} INFO - Dependencies all met for dep_context=requeueable deps ti=<TaskInstance: scrape_and_save_share_prices_with_company_data.create_share_prices_table scheduled__2023-11-07T00:00:00+00:00 [queued]>
[2024-09-27T22:07:31.373+0000] {taskinstance.py:2865} INFO - Starting attempt 1 of 2
[2024-09-27T22:07:31.480+0000] {taskinstance.py:2888} INFO - Executing <Task(PythonOperator): create_share_prices_table> on 2023-11-07 00:00:00+00:00
[2024-09-27T22:07:31.516+0000] {warnings.py:112} WARNING - /home/***/.local/lib/python3.12/site-packages/***/task/task_runner/standard_task_runner.py:70: DeprecationWarning: This process (pid=1358) is multi-threaded, use of fork() may lead to deadlocks in the child.
  pid = os.fork()

[2024-09-27T22:07:31.523+0000] {standard_task_runner.py:72} INFO - Started process 1376 to run task
[2024-09-27T22:07:31.597+0000] {standard_task_runner.py:104} INFO - Running: ['***', 'tasks', 'run', 'scrape_and_save_share_prices_with_company_data', 'create_share_prices_table', 'scheduled__2023-11-07T00:00:00+00:00', '--job-id', '2331', '--raw', '--subdir', 'DAGS_FOLDER/dag.py', '--cfg-path', '/tmp/tmpx5_jyfzu']
[2024-09-27T22:07:31.606+0000] {standard_task_runner.py:105} INFO - Job 2331: Subtask create_share_prices_table
[2024-09-27T22:07:31.986+0000] {task_command.py:467} INFO - Running <TaskInstance: scrape_and_save_share_prices_with_company_data.create_share_prices_table scheduled__2023-11-07T00:00:00+00:00 [running]> on host fd62fe12432d
[2024-09-27T22:07:32.493+0000] {taskinstance.py:3131} INFO - Exporting env vars: AIRFLOW_CTX_DAG_OWNER='***' AIRFLOW_CTX_DAG_ID='scrape_and_save_share_prices_with_company_data' AIRFLOW_CTX_TASK_ID='create_share_prices_table' AIRFLOW_CTX_EXECUTION_DATE='2023-11-07T00:00:00+00:00' AIRFLOW_CTX_TRY_NUMBER='1' AIRFLOW_CTX_DAG_RUN_ID='scheduled__2023-11-07T00:00:00+00:00'
[2024-09-27T22:07:32.501+0000] {logging_mixin.py:190} INFO - Task instance is in running state
[2024-09-27T22:07:32.506+0000] {logging_mixin.py:190} INFO -  Previous state of the Task instance: queued
[2024-09-27T22:07:32.507+0000] {logging_mixin.py:190} INFO - Current task name:create_share_prices_table state:running start_date:2024-09-27 22:07:31.273048+00:00
[2024-09-27T22:07:32.512+0000] {logging_mixin.py:190} INFO - Dag name:scrape_and_save_share_prices_with_company_data and current dag run status:running
[2024-09-27T22:07:32.515+0000] {taskinstance.py:731} INFO - ::endgroup::
[2024-09-27T22:07:32.595+0000] {base.py:84} INFO - Retrieving connection 'dse_connection'
[2024-09-27T22:07:32.640+0000] {sql.py:509} INFO - Running statement: 
        CREATE TABLE IF NOT EXISTS company_share_prices (
            id SERIAL,
            company_id INTEGER NOT NULL,
            date DATE,
            latest_trading_price VARCHAR(50),
            low_price VARCHAR(50),
            high_price VARCHAR(50),
            closing_price VARCHAR(50),
            ycp VARCHAR(50),
            change VARCHAR(10),
            trade VARCHAR(50),
            value VARCHAR(50),
            volume VARCHAR(50),
            PRIMARY KEY(company_id, id),
            FOREIGN KEY(company_id)
                REFERENCES company_list(company_id)
                ON UPDATE CASCADE ON DELETE CASCADE
        );
    , parameters: None
[2024-09-27T22:07:32.659+0000] {python.py:240} INFO - Done. Returned value was: None
[2024-09-27T22:07:32.746+0000] {taskinstance.py:340} INFO - ::group::Post task execution logs
[2024-09-27T22:07:32.747+0000] {taskinstance.py:352} INFO - Marking task as SUCCESS. dag_id=scrape_and_save_share_prices_with_company_data, task_id=create_share_prices_table, run_id=scheduled__2023-11-07T00:00:00+00:00, execution_date=20231107T000000, start_date=20240927T220731, end_date=20240927T220732
[2024-09-27T22:07:32.865+0000] {logging_mixin.py:190} INFO - Task instance in success state
[2024-09-27T22:07:32.866+0000] {logging_mixin.py:190} INFO -  Previous state of the Task instance: running
[2024-09-27T22:07:32.868+0000] {logging_mixin.py:190} INFO - Dag name:scrape_and_save_share_prices_with_company_data queued_at:2024-09-27 22:05:40.064896+00:00
[2024-09-27T22:07:32.881+0000] {logging_mixin.py:190} INFO - Task hostname:fd62fe12432d operator:PythonOperator
[2024-09-27T22:07:32.983+0000] {local_task_job_runner.py:266} INFO - Task exited with return code 0
[2024-09-27T22:07:33.070+0000] {taskinstance.py:3900} INFO - 1 downstream tasks scheduled from follow-on schedule check
[2024-09-27T22:07:33.082+0000] {local_task_job_runner.py:245} INFO - ::endgroup::
[2024-09-27T22:47:22.103+0000] {local_task_job_runner.py:123} INFO - ::group::Pre task execution logs
[2024-09-27T22:47:22.171+0000] {taskinstance.py:2612} INFO - Dependencies all met for dep_context=non-requeueable deps ti=<TaskInstance: scrape_and_save_share_prices_with_company_data.create_share_prices_table scheduled__2023-11-07T00:00:00+00:00 [queued]>
[2024-09-27T22:47:22.218+0000] {taskinstance.py:2612} INFO - Dependencies all met for dep_context=requeueable deps ti=<TaskInstance: scrape_and_save_share_prices_with_company_data.create_share_prices_table scheduled__2023-11-07T00:00:00+00:00 [queued]>
[2024-09-27T22:47:22.219+0000] {taskinstance.py:2865} INFO - Starting attempt 1 of 2
[2024-09-27T22:47:22.260+0000] {taskinstance.py:2888} INFO - Executing <Task(PythonOperator): create_share_prices_table> on 2023-11-07 00:00:00+00:00
[2024-09-27T22:47:22.303+0000] {warnings.py:112} WARNING - /home/***/.local/lib/python3.12/site-packages/***/task/task_runner/standard_task_runner.py:70: DeprecationWarning: This process (pid=1066) is multi-threaded, use of fork() may lead to deadlocks in the child.
  pid = os.fork()

[2024-09-27T22:47:22.314+0000] {standard_task_runner.py:72} INFO - Started process 1089 to run task
[2024-09-27T22:47:22.312+0000] {standard_task_runner.py:104} INFO - Running: ['***', 'tasks', 'run', 'scrape_and_save_share_prices_with_company_data', 'create_share_prices_table', 'scheduled__2023-11-07T00:00:00+00:00', '--job-id', '2794', '--raw', '--subdir', 'DAGS_FOLDER/dag.py', '--cfg-path', '/tmp/tmpg0_em0n5']
[2024-09-27T22:47:22.322+0000] {standard_task_runner.py:105} INFO - Job 2794: Subtask create_share_prices_table
[2024-09-27T22:47:22.540+0000] {task_command.py:467} INFO - Running <TaskInstance: scrape_and_save_share_prices_with_company_data.create_share_prices_table scheduled__2023-11-07T00:00:00+00:00 [running]> on host 7746de5121f6
[2024-09-27T22:47:22.848+0000] {taskinstance.py:3131} INFO - Exporting env vars: AIRFLOW_CTX_DAG_OWNER='***' AIRFLOW_CTX_DAG_ID='scrape_and_save_share_prices_with_company_data' AIRFLOW_CTX_TASK_ID='create_share_prices_table' AIRFLOW_CTX_EXECUTION_DATE='2023-11-07T00:00:00+00:00' AIRFLOW_CTX_TRY_NUMBER='1' AIRFLOW_CTX_DAG_RUN_ID='scheduled__2023-11-07T00:00:00+00:00'
[2024-09-27T22:47:22.856+0000] {logging_mixin.py:190} INFO - Task instance is in running state
[2024-09-27T22:47:22.858+0000] {logging_mixin.py:190} INFO -  Previous state of the Task instance: queued
[2024-09-27T22:47:22.860+0000] {logging_mixin.py:190} INFO - Current task name:create_share_prices_table state:running start_date:2024-09-27 22:47:22.174383+00:00
[2024-09-27T22:47:22.861+0000] {logging_mixin.py:190} INFO - Dag name:scrape_and_save_share_prices_with_company_data and current dag run status:running
[2024-09-27T22:47:22.863+0000] {taskinstance.py:731} INFO - ::endgroup::
[2024-09-27T22:47:22.887+0000] {base.py:84} INFO - Retrieving connection 'dse_connection'
[2024-09-27T22:47:22.902+0000] {sql.py:509} INFO - Running statement: 
        CREATE TABLE IF NOT EXISTS company_share_prices (
            id SERIAL,
            company_id INTEGER NOT NULL,
            date DATE,
            latest_trading_price VARCHAR(50),
            low_price VARCHAR(50),
            high_price VARCHAR(50),
            closing_price VARCHAR(50),
            ycp VARCHAR(50),
            change VARCHAR(10),
            trade VARCHAR(50),
            value VARCHAR(50),
            volume VARCHAR(50),
            PRIMARY KEY(company_id, id),
            FOREIGN KEY(company_id)
                REFERENCES company_list(company_id)
                ON UPDATE CASCADE ON DELETE CASCADE
        );
    , parameters: None
[2024-09-27T22:47:22.904+0000] {python.py:240} INFO - Done. Returned value was: None
[2024-09-27T22:47:22.937+0000] {taskinstance.py:340} INFO - ::group::Post task execution logs
[2024-09-27T22:47:22.939+0000] {taskinstance.py:352} INFO - Marking task as SUCCESS. dag_id=scrape_and_save_share_prices_with_company_data, task_id=create_share_prices_table, run_id=scheduled__2023-11-07T00:00:00+00:00, execution_date=20231107T000000, start_date=20240927T224722, end_date=20240927T224722
[2024-09-27T22:47:22.961+0000] {logging_mixin.py:190} INFO - Task instance in success state
[2024-09-27T22:47:22.968+0000] {logging_mixin.py:190} INFO -  Previous state of the Task instance: running
[2024-09-27T22:47:22.971+0000] {logging_mixin.py:190} INFO - Dag name:scrape_and_save_share_prices_with_company_data queued_at:2024-09-27 22:45:47.808773+00:00
[2024-09-27T22:47:22.975+0000] {logging_mixin.py:190} INFO - Task hostname:7746de5121f6 operator:PythonOperator
[2024-09-27T22:47:23.004+0000] {local_task_job_runner.py:266} INFO - Task exited with return code 0
[2024-09-27T22:47:23.045+0000] {local_task_job_runner.py:245} INFO - ::endgroup::
