[2024-09-29T23:09:31.882+0000] {local_task_job_runner.py:123} INFO - ::group::Pre task execution logs
[2024-09-29T23:09:31.925+0000] {taskinstance.py:2612} INFO - Dependencies all met for dep_context=non-requeueable deps ti=<TaskInstance: scrape_and_save_share_prices_with_company_data.create_company_basic_table manual__2024-09-29T23:09:11.194304+00:00 [queued]>
[2024-09-29T23:09:31.943+0000] {taskinstance.py:2612} INFO - Dependencies all met for dep_context=requeueable deps ti=<TaskInstance: scrape_and_save_share_prices_with_company_data.create_company_basic_table manual__2024-09-29T23:09:11.194304+00:00 [queued]>
[2024-09-29T23:09:31.945+0000] {taskinstance.py:2865} INFO - Starting attempt 1 of 2
[2024-09-29T23:09:31.974+0000] {taskinstance.py:2888} INFO - Executing <Task(PythonOperator): create_company_basic_table> on 2024-09-29 23:09:11.194304+00:00
[2024-09-29T23:09:31.991+0000] {warnings.py:112} WARNING - /home/***/.local/lib/python3.12/site-packages/***/task/task_runner/standard_task_runner.py:70: DeprecationWarning: This process (pid=18495) is multi-threaded, use of fork() may lead to deadlocks in the child.
  pid = os.fork()

[2024-09-29T23:09:31.995+0000] {standard_task_runner.py:72} INFO - Started process 18508 to run task
[2024-09-29T23:09:31.997+0000] {standard_task_runner.py:104} INFO - Running: ['***', 'tasks', 'run', 'scrape_and_save_share_prices_with_company_data', 'create_company_basic_table', 'manual__2024-09-29T23:09:11.194304+00:00', '--job-id', '4220', '--raw', '--subdir', 'DAGS_FOLDER/dag.py', '--cfg-path', '/tmp/tmp_gbsdfte']
[2024-09-29T23:09:31.999+0000] {standard_task_runner.py:105} INFO - Job 4220: Subtask create_company_basic_table
[2024-09-29T23:09:32.141+0000] {task_command.py:467} INFO - Running <TaskInstance: scrape_and_save_share_prices_with_company_data.create_company_basic_table manual__2024-09-29T23:09:11.194304+00:00 [running]> on host 7746de5121f6
[2024-09-29T23:09:32.421+0000] {taskinstance.py:3131} INFO - Exporting env vars: AIRFLOW_CTX_DAG_OWNER='***' AIRFLOW_CTX_DAG_ID='scrape_and_save_share_prices_with_company_data' AIRFLOW_CTX_TASK_ID='create_company_basic_table' AIRFLOW_CTX_EXECUTION_DATE='2024-09-29T23:09:11.194304+00:00' AIRFLOW_CTX_TRY_NUMBER='1' AIRFLOW_CTX_DAG_RUN_ID='manual__2024-09-29T23:09:11.194304+00:00'
[2024-09-29T23:09:32.425+0000] {logging_mixin.py:190} INFO - Task instance is in running state
[2024-09-29T23:09:32.426+0000] {logging_mixin.py:190} INFO -  Previous state of the Task instance: queued
[2024-09-29T23:09:32.428+0000] {logging_mixin.py:190} INFO - Current task name:create_company_basic_table state:running start_date:2024-09-29 23:09:31.926067+00:00
[2024-09-29T23:09:32.430+0000] {logging_mixin.py:190} INFO - Dag name:scrape_and_save_share_prices_with_company_data and current dag run status:running
[2024-09-29T23:09:32.431+0000] {taskinstance.py:731} INFO - ::endgroup::
[2024-09-29T23:09:32.460+0000] {base.py:84} INFO - Retrieving connection 'dse_connection'
[2024-09-29T23:09:32.471+0000] {sql.py:509} INFO - Running statement: 
        CREATE TABLE IF NOT EXISTS company_basic_info (
            id SERIAL,
            company_id INTEGER NOT NULL,
            date DATE,
            authorized_capital VARCHAR(50),
            paid_up_capital VARCHAR(50),
            type_of_instrument VARCHAR(50),
            face_per_value VARCHAR(10),
            market_lot VARCHAR(50),
            total_no_outstanding_securities VARCHAR(50),
            sector VARCHAR(100),
            PRIMARY KEY (company_id,id),
            UNIQUE(company_id),
            FOREIGN KEY (company_id)
                REFERENCES company_list (company_id)
                ON UPDATE CASCADE ON DELETE CASCADE
            )
    , parameters: None
[2024-09-29T23:09:32.502+0000] {python.py:240} INFO - Done. Returned value was: None
[2024-09-29T23:09:32.531+0000] {taskinstance.py:340} INFO - ::group::Post task execution logs
[2024-09-29T23:09:32.533+0000] {taskinstance.py:352} INFO - Marking task as SUCCESS. dag_id=scrape_and_save_share_prices_with_company_data, task_id=create_company_basic_table, run_id=manual__2024-09-29T23:09:11.194304+00:00, execution_date=20240929T230911, start_date=20240929T230931, end_date=20240929T230932
[2024-09-29T23:09:32.555+0000] {logging_mixin.py:190} INFO - Task instance in success state
[2024-09-29T23:09:32.557+0000] {logging_mixin.py:190} INFO -  Previous state of the Task instance: running
[2024-09-29T23:09:32.559+0000] {logging_mixin.py:190} INFO - Dag name:scrape_and_save_share_prices_with_company_data queued_at:2024-09-29 23:09:11.233127+00:00
[2024-09-29T23:09:32.563+0000] {logging_mixin.py:190} INFO - Task hostname:7746de5121f6 operator:PythonOperator
[2024-09-29T23:09:32.618+0000] {local_task_job_runner.py:266} INFO - Task exited with return code 0
[2024-09-29T23:09:32.733+0000] {taskinstance.py:3900} INFO - 1 downstream tasks scheduled from follow-on schedule check
[2024-09-29T23:09:32.753+0000] {local_task_job_runner.py:245} INFO - ::endgroup::
