[2024-09-27T18:39:39.897+0000] {local_task_job_runner.py:123} INFO - ::group::Pre task execution logs
[2024-09-27T18:39:39.932+0000] {taskinstance.py:2612} INFO - Dependencies all met for dep_context=non-requeueable deps ti=<TaskInstance: scrape_and_save_share_prices_with_company_data.create_company_table scheduled__2024-02-08T00:00:00+00:00 [queued]>
[2024-09-27T18:39:39.953+0000] {taskinstance.py:2612} INFO - Dependencies all met for dep_context=requeueable deps ti=<TaskInstance: scrape_and_save_share_prices_with_company_data.create_company_table scheduled__2024-02-08T00:00:00+00:00 [queued]>
[2024-09-27T18:39:39.955+0000] {taskinstance.py:2865} INFO - Starting attempt 1 of 2
[2024-09-27T18:39:40.007+0000] {taskinstance.py:2888} INFO - Executing <Task(PythonOperator): create_company_table> on 2024-02-08 00:00:00+00:00
[2024-09-27T18:39:40.032+0000] {warnings.py:112} WARNING - /home/***/.local/lib/python3.12/site-packages/***/task/task_runner/standard_task_runner.py:70: DeprecationWarning: This process (pid=14177) is multi-threaded, use of fork() may lead to deadlocks in the child.
  pid = os.fork()

[2024-09-27T18:39:40.039+0000] {standard_task_runner.py:72} INFO - Started process 14206 to run task
[2024-09-27T18:39:40.037+0000] {standard_task_runner.py:104} INFO - Running: ['***', 'tasks', 'run', 'scrape_and_save_share_prices_with_company_data', 'create_company_table', 'scheduled__2024-02-08T00:00:00+00:00', '--job-id', '1631', '--raw', '--subdir', 'DAGS_FOLDER/dag.py', '--cfg-path', '/tmp/tmp6e1cqsb0']
[2024-09-27T18:39:40.042+0000] {standard_task_runner.py:105} INFO - Job 1631: Subtask create_company_table
[2024-09-27T18:39:40.259+0000] {task_command.py:467} INFO - Running <TaskInstance: scrape_and_save_share_prices_with_company_data.create_company_table scheduled__2024-02-08T00:00:00+00:00 [running]> on host 13b5797a93ab
[2024-09-27T18:39:40.528+0000] {taskinstance.py:3131} INFO - Exporting env vars: AIRFLOW_CTX_DAG_OWNER='***' AIRFLOW_CTX_DAG_ID='scrape_and_save_share_prices_with_company_data' AIRFLOW_CTX_TASK_ID='create_company_table' AIRFLOW_CTX_EXECUTION_DATE='2024-02-08T00:00:00+00:00' AIRFLOW_CTX_TRY_NUMBER='1' AIRFLOW_CTX_DAG_RUN_ID='scheduled__2024-02-08T00:00:00+00:00'
[2024-09-27T18:39:40.540+0000] {logging_mixin.py:190} INFO - Task instance is in running state
[2024-09-27T18:39:40.541+0000] {logging_mixin.py:190} INFO -  Previous state of the Task instance: queued
[2024-09-27T18:39:40.542+0000] {logging_mixin.py:190} INFO - Current task name:create_company_table state:running start_date:2024-09-27 18:39:39.933639+00:00
[2024-09-27T18:39:40.544+0000] {logging_mixin.py:190} INFO - Dag name:scrape_and_save_share_prices_with_company_data and current dag run status:running
[2024-09-27T18:39:40.545+0000] {taskinstance.py:731} INFO - ::endgroup::
[2024-09-27T18:39:40.572+0000] {base.py:84} INFO - Retrieving connection 'dse_connection'
[2024-09-27T18:39:40.580+0000] {sql.py:509} INFO - Running statement: 
        CREATE TABLE IF NOT EXISTS company_list (
            company_id SERIAL PRIMARY KEY,
            company_trade_name VARCHAR(255) NOT NULL,
            company_url VARCHAR(255) NOT NULL,
            UNIQUE(company_trade_name)
        );
    , parameters: None
[2024-09-27T18:39:40.589+0000] {python.py:240} INFO - Done. Returned value was: None
[2024-09-27T18:39:40.651+0000] {taskinstance.py:340} INFO - ::group::Post task execution logs
[2024-09-27T18:39:40.652+0000] {taskinstance.py:352} INFO - Marking task as SUCCESS. dag_id=scrape_and_save_share_prices_with_company_data, task_id=create_company_table, run_id=scheduled__2024-02-08T00:00:00+00:00, execution_date=20240208T000000, start_date=20240927T183939, end_date=20240927T183940
[2024-09-27T18:39:40.995+0000] {logging_mixin.py:190} INFO - Task instance in success state
[2024-09-27T18:39:40.998+0000] {logging_mixin.py:190} INFO -  Previous state of the Task instance: running
[2024-09-27T18:39:41.000+0000] {logging_mixin.py:190} INFO - Dag name:scrape_and_save_share_prices_with_company_data queued_at:2024-09-27 18:39:26.944798+00:00
[2024-09-27T18:39:41.001+0000] {logging_mixin.py:190} INFO - Task hostname:13b5797a93ab operator:PythonOperator
[2024-09-27T18:39:41.057+0000] {local_task_job_runner.py:266} INFO - Task exited with return code 0
[2024-09-27T18:39:41.172+0000] {taskinstance.py:3900} INFO - 1 downstream tasks scheduled from follow-on schedule check
[2024-09-27T18:39:41.176+0000] {local_task_job_runner.py:245} INFO - ::endgroup::
[2024-09-27T23:03:34.273+0000] {local_task_job_runner.py:123} INFO - ::group::Pre task execution logs
[2024-09-27T23:03:34.445+0000] {taskinstance.py:2612} INFO - Dependencies all met for dep_context=non-requeueable deps ti=<TaskInstance: scrape_and_save_share_prices_with_company_data.create_company_table scheduled__2024-02-08T00:00:00+00:00 [queued]>
[2024-09-27T23:03:34.542+0000] {taskinstance.py:2612} INFO - Dependencies all met for dep_context=requeueable deps ti=<TaskInstance: scrape_and_save_share_prices_with_company_data.create_company_table scheduled__2024-02-08T00:00:00+00:00 [queued]>
[2024-09-27T23:03:34.560+0000] {taskinstance.py:2865} INFO - Starting attempt 1 of 2
[2024-09-27T23:03:34.652+0000] {taskinstance.py:2888} INFO - Executing <Task(PythonOperator): create_company_table> on 2024-02-08 00:00:00+00:00
[2024-09-27T23:03:34.673+0000] {warnings.py:112} WARNING - /home/***/.local/lib/python3.12/site-packages/***/task/task_runner/standard_task_runner.py:70: DeprecationWarning: This process (pid=2572) is multi-threaded, use of fork() may lead to deadlocks in the child.
  pid = os.fork()

[2024-09-27T23:03:34.680+0000] {standard_task_runner.py:104} INFO - Running: ['***', 'tasks', 'run', 'scrape_and_save_share_prices_with_company_data', 'create_company_table', 'scheduled__2024-02-08T00:00:00+00:00', '--job-id', '3129', '--raw', '--subdir', 'DAGS_FOLDER/dag.py', '--cfg-path', '/tmp/tmpvbfz1c2k']
[2024-09-27T23:03:34.683+0000] {standard_task_runner.py:105} INFO - Job 3129: Subtask create_company_table
[2024-09-27T23:03:34.682+0000] {standard_task_runner.py:72} INFO - Started process 2594 to run task
[2024-09-27T23:03:34.912+0000] {task_command.py:467} INFO - Running <TaskInstance: scrape_and_save_share_prices_with_company_data.create_company_table scheduled__2024-02-08T00:00:00+00:00 [running]> on host 7746de5121f6
[2024-09-27T23:03:35.248+0000] {taskinstance.py:3131} INFO - Exporting env vars: AIRFLOW_CTX_DAG_OWNER='***' AIRFLOW_CTX_DAG_ID='scrape_and_save_share_prices_with_company_data' AIRFLOW_CTX_TASK_ID='create_company_table' AIRFLOW_CTX_EXECUTION_DATE='2024-02-08T00:00:00+00:00' AIRFLOW_CTX_TRY_NUMBER='1' AIRFLOW_CTX_DAG_RUN_ID='scheduled__2024-02-08T00:00:00+00:00'
[2024-09-27T23:03:35.256+0000] {logging_mixin.py:190} INFO - Task instance is in running state
[2024-09-27T23:03:35.257+0000] {logging_mixin.py:190} INFO -  Previous state of the Task instance: queued
[2024-09-27T23:03:35.259+0000] {logging_mixin.py:190} INFO - Current task name:create_company_table state:running start_date:2024-09-27 23:03:34.453208+00:00
[2024-09-27T23:03:35.269+0000] {logging_mixin.py:190} INFO - Dag name:scrape_and_save_share_prices_with_company_data and current dag run status:running
[2024-09-27T23:03:35.270+0000] {taskinstance.py:731} INFO - ::endgroup::
[2024-09-27T23:03:35.304+0000] {base.py:84} INFO - Retrieving connection 'dse_connection'
[2024-09-27T23:03:35.313+0000] {sql.py:509} INFO - Running statement: 
        CREATE TABLE IF NOT EXISTS company_list (
            company_id SERIAL PRIMARY KEY,
            company_trade_name VARCHAR(255) NOT NULL,
            company_url VARCHAR(255) NOT NULL,
            UNIQUE(company_trade_name)
        );
    , parameters: None
[2024-09-27T23:03:35.322+0000] {python.py:240} INFO - Done. Returned value was: None
[2024-09-27T23:03:35.363+0000] {taskinstance.py:340} INFO - ::group::Post task execution logs
[2024-09-27T23:03:35.372+0000] {taskinstance.py:352} INFO - Marking task as SUCCESS. dag_id=scrape_and_save_share_prices_with_company_data, task_id=create_company_table, run_id=scheduled__2024-02-08T00:00:00+00:00, execution_date=20240208T000000, start_date=20240927T230334, end_date=20240927T230335
[2024-09-27T23:03:35.421+0000] {logging_mixin.py:190} INFO - Task instance in success state
[2024-09-27T23:03:35.422+0000] {logging_mixin.py:190} INFO -  Previous state of the Task instance: running
[2024-09-27T23:03:35.423+0000] {logging_mixin.py:190} INFO - Dag name:scrape_and_save_share_prices_with_company_data queued_at:2024-09-27 23:03:26.605311+00:00
[2024-09-27T23:03:35.424+0000] {logging_mixin.py:190} INFO - Task hostname:7746de5121f6 operator:PythonOperator
[2024-09-27T23:03:35.466+0000] {local_task_job_runner.py:266} INFO - Task exited with return code 0
[2024-09-27T23:03:35.617+0000] {taskinstance.py:3900} INFO - 1 downstream tasks scheduled from follow-on schedule check
[2024-09-27T23:03:35.632+0000] {local_task_job_runner.py:245} INFO - ::endgroup::
