[2024-09-27T18:46:43.316+0000] {local_task_job_runner.py:123} INFO - ::group::Pre task execution logs
[2024-09-27T18:46:43.360+0000] {taskinstance.py:2612} INFO - Dependencies all met for dep_context=non-requeueable deps ti=<TaskInstance: scrape_and_save_share_prices_with_company_data.create_share_prices_table scheduled__2024-02-19T00:00:00+00:00 [queued]>
[2024-09-27T18:46:43.386+0000] {taskinstance.py:2612} INFO - Dependencies all met for dep_context=requeueable deps ti=<TaskInstance: scrape_and_save_share_prices_with_company_data.create_share_prices_table scheduled__2024-02-19T00:00:00+00:00 [queued]>
[2024-09-27T18:46:43.389+0000] {taskinstance.py:2865} INFO - Starting attempt 1 of 2
[2024-09-27T18:46:43.423+0000] {taskinstance.py:2888} INFO - Executing <Task(PythonOperator): create_share_prices_table> on 2024-02-19 00:00:00+00:00
[2024-09-27T18:46:43.436+0000] {warnings.py:112} WARNING - /home/***/.local/lib/python3.12/site-packages/***/task/task_runner/standard_task_runner.py:70: DeprecationWarning: This process (pid=14537) is multi-threaded, use of fork() may lead to deadlocks in the child.
  pid = os.fork()

[2024-09-27T18:46:43.439+0000] {standard_task_runner.py:72} INFO - Started process 14541 to run task
[2024-09-27T18:46:43.441+0000] {standard_task_runner.py:104} INFO - Running: ['***', 'tasks', 'run', 'scrape_and_save_share_prices_with_company_data', 'create_share_prices_table', 'scheduled__2024-02-19T00:00:00+00:00', '--job-id', '1695', '--raw', '--subdir', 'DAGS_FOLDER/dag.py', '--cfg-path', '/tmp/tmp8o6_cge2']
[2024-09-27T18:46:43.443+0000] {standard_task_runner.py:105} INFO - Job 1695: Subtask create_share_prices_table
[2024-09-27T18:46:43.565+0000] {task_command.py:467} INFO - Running <TaskInstance: scrape_and_save_share_prices_with_company_data.create_share_prices_table scheduled__2024-02-19T00:00:00+00:00 [running]> on host 13b5797a93ab
[2024-09-27T18:46:43.827+0000] {taskinstance.py:3131} INFO - Exporting env vars: AIRFLOW_CTX_DAG_OWNER='***' AIRFLOW_CTX_DAG_ID='scrape_and_save_share_prices_with_company_data' AIRFLOW_CTX_TASK_ID='create_share_prices_table' AIRFLOW_CTX_EXECUTION_DATE='2024-02-19T00:00:00+00:00' AIRFLOW_CTX_TRY_NUMBER='1' AIRFLOW_CTX_DAG_RUN_ID='scheduled__2024-02-19T00:00:00+00:00'
[2024-09-27T18:46:43.830+0000] {logging_mixin.py:190} INFO - Task instance is in running state
[2024-09-27T18:46:43.832+0000] {logging_mixin.py:190} INFO -  Previous state of the Task instance: queued
[2024-09-27T18:46:43.833+0000] {logging_mixin.py:190} INFO - Current task name:create_share_prices_table state:running start_date:2024-09-27 18:46:43.362332+00:00
[2024-09-27T18:46:43.834+0000] {logging_mixin.py:190} INFO - Dag name:scrape_and_save_share_prices_with_company_data and current dag run status:running
[2024-09-27T18:46:43.835+0000] {taskinstance.py:731} INFO - ::endgroup::
[2024-09-27T18:46:43.856+0000] {base.py:84} INFO - Retrieving connection 'dse_connection'
[2024-09-27T18:46:43.867+0000] {sql.py:509} INFO - Running statement: 
        CREATE TABLE IF NOT EXISTS company_share_prices (
            id SERIAL,
            company_id INTEGER NOT NULL,
            date DATE,
            latest_trading_price VARCHAR(50),
            low_price VARCHAR(50),
            high_price VARCHAR(50),
            closing_price VARCHAR(50),
            ycp VARCHAR(50),
            change VARCHAR(10),
            trade VARCHAR(50),
            value VARCHAR(50),
            volume VARCHAR(50),
            PRIMARY KEY(company_id, id),
            FOREIGN KEY(company_id)
                REFERENCES company_list(company_id)
                ON UPDATE CASCADE ON DELETE CASCADE
        );
    , parameters: None
[2024-09-27T18:46:43.878+0000] {python.py:240} INFO - Done. Returned value was: None
[2024-09-27T18:46:43.922+0000] {taskinstance.py:340} INFO - ::group::Post task execution logs
[2024-09-27T18:46:43.924+0000] {taskinstance.py:352} INFO - Marking task as SUCCESS. dag_id=scrape_and_save_share_prices_with_company_data, task_id=create_share_prices_table, run_id=scheduled__2024-02-19T00:00:00+00:00, execution_date=20240219T000000, start_date=20240927T184643, end_date=20240927T184643
[2024-09-27T18:46:43.952+0000] {logging_mixin.py:190} INFO - Task instance in success state
[2024-09-27T18:46:43.955+0000] {logging_mixin.py:190} INFO -  Previous state of the Task instance: running
[2024-09-27T18:46:43.956+0000] {logging_mixin.py:190} INFO - Dag name:scrape_and_save_share_prices_with_company_data queued_at:2024-09-27 18:46:19.762901+00:00
[2024-09-27T18:46:43.959+0000] {logging_mixin.py:190} INFO - Task hostname:13b5797a93ab operator:PythonOperator
[2024-09-27T18:46:43.989+0000] {local_task_job_runner.py:266} INFO - Task exited with return code 0
[2024-09-27T18:46:44.054+0000] {taskinstance.py:3900} INFO - 1 downstream tasks scheduled from follow-on schedule check
[2024-09-27T18:46:44.059+0000] {local_task_job_runner.py:245} INFO - ::endgroup::
[2024-09-27T23:06:31.279+0000] {local_task_job_runner.py:123} INFO - ::group::Pre task execution logs
[2024-09-27T23:06:31.353+0000] {taskinstance.py:2612} INFO - Dependencies all met for dep_context=non-requeueable deps ti=<TaskInstance: scrape_and_save_share_prices_with_company_data.create_share_prices_table scheduled__2024-02-19T00:00:00+00:00 [queued]>
[2024-09-27T23:06:31.414+0000] {taskinstance.py:2612} INFO - Dependencies all met for dep_context=requeueable deps ti=<TaskInstance: scrape_and_save_share_prices_with_company_data.create_share_prices_table scheduled__2024-02-19T00:00:00+00:00 [queued]>
[2024-09-27T23:06:31.416+0000] {taskinstance.py:2865} INFO - Starting attempt 1 of 2
[2024-09-27T23:06:31.485+0000] {taskinstance.py:2888} INFO - Executing <Task(PythonOperator): create_share_prices_table> on 2024-02-19 00:00:00+00:00
[2024-09-27T23:06:31.516+0000] {warnings.py:112} WARNING - /home/***/.local/lib/python3.12/site-packages/***/task/task_runner/standard_task_runner.py:70: DeprecationWarning: This process (pid=2858) is multi-threaded, use of fork() may lead to deadlocks in the child.
  pid = os.fork()

[2024-09-27T23:06:31.529+0000] {standard_task_runner.py:104} INFO - Running: ['***', 'tasks', 'run', 'scrape_and_save_share_prices_with_company_data', 'create_share_prices_table', 'scheduled__2024-02-19T00:00:00+00:00', '--job-id', '3195', '--raw', '--subdir', 'DAGS_FOLDER/dag.py', '--cfg-path', '/tmp/tmpwbw8hquo']
[2024-09-27T23:06:31.533+0000] {standard_task_runner.py:105} INFO - Job 3195: Subtask create_share_prices_table
[2024-09-27T23:06:31.533+0000] {standard_task_runner.py:72} INFO - Started process 2896 to run task
[2024-09-27T23:06:31.692+0000] {task_command.py:467} INFO - Running <TaskInstance: scrape_and_save_share_prices_with_company_data.create_share_prices_table scheduled__2024-02-19T00:00:00+00:00 [running]> on host 7746de5121f6
[2024-09-27T23:06:32.013+0000] {taskinstance.py:3131} INFO - Exporting env vars: AIRFLOW_CTX_DAG_OWNER='***' AIRFLOW_CTX_DAG_ID='scrape_and_save_share_prices_with_company_data' AIRFLOW_CTX_TASK_ID='create_share_prices_table' AIRFLOW_CTX_EXECUTION_DATE='2024-02-19T00:00:00+00:00' AIRFLOW_CTX_TRY_NUMBER='1' AIRFLOW_CTX_DAG_RUN_ID='scheduled__2024-02-19T00:00:00+00:00'
[2024-09-27T23:06:32.017+0000] {logging_mixin.py:190} INFO - Task instance is in running state
[2024-09-27T23:06:32.020+0000] {logging_mixin.py:190} INFO -  Previous state of the Task instance: queued
[2024-09-27T23:06:32.023+0000] {logging_mixin.py:190} INFO - Current task name:create_share_prices_table state:running start_date:2024-09-27 23:06:31.359259+00:00
[2024-09-27T23:06:32.025+0000] {logging_mixin.py:190} INFO - Dag name:scrape_and_save_share_prices_with_company_data and current dag run status:running
[2024-09-27T23:06:32.026+0000] {taskinstance.py:731} INFO - ::endgroup::
[2024-09-27T23:06:32.074+0000] {base.py:84} INFO - Retrieving connection 'dse_connection'
[2024-09-27T23:06:32.092+0000] {sql.py:509} INFO - Running statement: 
        CREATE TABLE IF NOT EXISTS company_share_prices (
            id SERIAL,
            company_id INTEGER NOT NULL,
            date DATE,
            latest_trading_price VARCHAR(50),
            low_price VARCHAR(50),
            high_price VARCHAR(50),
            closing_price VARCHAR(50),
            ycp VARCHAR(50),
            change VARCHAR(10),
            trade VARCHAR(50),
            value VARCHAR(50),
            volume VARCHAR(50),
            PRIMARY KEY(company_id, id),
            FOREIGN KEY(company_id)
                REFERENCES company_list(company_id)
                ON UPDATE CASCADE ON DELETE CASCADE
        );
    , parameters: None
[2024-09-27T23:06:32.100+0000] {python.py:240} INFO - Done. Returned value was: None
[2024-09-27T23:06:32.172+0000] {taskinstance.py:340} INFO - ::group::Post task execution logs
[2024-09-27T23:06:32.175+0000] {taskinstance.py:352} INFO - Marking task as SUCCESS. dag_id=scrape_and_save_share_prices_with_company_data, task_id=create_share_prices_table, run_id=scheduled__2024-02-19T00:00:00+00:00, execution_date=20240219T000000, start_date=20240927T230631, end_date=20240927T230632
[2024-09-27T23:06:32.308+0000] {logging_mixin.py:190} INFO - Task instance in success state
[2024-09-27T23:06:32.313+0000] {logging_mixin.py:190} INFO -  Previous state of the Task instance: running
[2024-09-27T23:06:32.314+0000] {logging_mixin.py:190} INFO - Dag name:scrape_and_save_share_prices_with_company_data queued_at:2024-09-27 23:05:29.563238+00:00
[2024-09-27T23:06:32.315+0000] {logging_mixin.py:190} INFO - Task hostname:7746de5121f6 operator:PythonOperator
[2024-09-27T23:06:32.401+0000] {local_task_job_runner.py:266} INFO - Task exited with return code 0
[2024-09-27T23:06:32.563+0000] {taskinstance.py:3900} INFO - 1 downstream tasks scheduled from follow-on schedule check
[2024-09-27T23:06:32.574+0000] {local_task_job_runner.py:245} INFO - ::endgroup::
