[2024-09-27T19:06:01.671+0000] {local_task_job_runner.py:123} INFO - ::group::Pre task execution logs
[2024-09-27T19:06:01.688+0000] {taskinstance.py:2612} INFO - Dependencies all met for dep_context=non-requeueable deps ti=<TaskInstance: scrape_and_save_share_prices_with_company_data.create_company_table scheduled__2024-03-28T00:00:00+00:00 [queued]>
[2024-09-27T19:06:01.697+0000] {taskinstance.py:2612} INFO - Dependencies all met for dep_context=requeueable deps ti=<TaskInstance: scrape_and_save_share_prices_with_company_data.create_company_table scheduled__2024-03-28T00:00:00+00:00 [queued]>
[2024-09-27T19:06:01.700+0000] {taskinstance.py:2865} INFO - Starting attempt 1 of 2
[2024-09-27T19:06:01.719+0000] {taskinstance.py:2888} INFO - Executing <Task(PythonOperator): create_company_table> on 2024-03-28 00:00:00+00:00
[2024-09-27T19:06:01.727+0000] {warnings.py:112} WARNING - /home/***/.local/lib/python3.12/site-packages/***/task/task_runner/standard_task_runner.py:70: DeprecationWarning: This process (pid=15787) is multi-threaded, use of fork() may lead to deadlocks in the child.
  pid = os.fork()

[2024-09-27T19:06:01.729+0000] {standard_task_runner.py:72} INFO - Started process 15789 to run task
[2024-09-27T19:06:01.729+0000] {standard_task_runner.py:104} INFO - Running: ['***', 'tasks', 'run', 'scrape_and_save_share_prices_with_company_data', 'create_company_table', 'scheduled__2024-03-28T00:00:00+00:00', '--job-id', '1954', '--raw', '--subdir', 'DAGS_FOLDER/dag.py', '--cfg-path', '/tmp/tmplxyt2kj5']
[2024-09-27T19:06:01.731+0000] {standard_task_runner.py:105} INFO - Job 1954: Subtask create_company_table
[2024-09-27T19:06:01.783+0000] {task_command.py:467} INFO - Running <TaskInstance: scrape_and_save_share_prices_with_company_data.create_company_table scheduled__2024-03-28T00:00:00+00:00 [running]> on host 13b5797a93ab
[2024-09-27T19:06:01.875+0000] {taskinstance.py:3131} INFO - Exporting env vars: AIRFLOW_CTX_DAG_OWNER='***' AIRFLOW_CTX_DAG_ID='scrape_and_save_share_prices_with_company_data' AIRFLOW_CTX_TASK_ID='create_company_table' AIRFLOW_CTX_EXECUTION_DATE='2024-03-28T00:00:00+00:00' AIRFLOW_CTX_TRY_NUMBER='1' AIRFLOW_CTX_DAG_RUN_ID='scheduled__2024-03-28T00:00:00+00:00'
[2024-09-27T19:06:01.876+0000] {logging_mixin.py:190} INFO - Task instance is in running state
[2024-09-27T19:06:01.877+0000] {logging_mixin.py:190} INFO -  Previous state of the Task instance: queued
[2024-09-27T19:06:01.878+0000] {logging_mixin.py:190} INFO - Current task name:create_company_table state:running start_date:2024-09-27 19:06:01.689808+00:00
[2024-09-27T19:06:01.879+0000] {logging_mixin.py:190} INFO - Dag name:scrape_and_save_share_prices_with_company_data and current dag run status:running
[2024-09-27T19:06:01.879+0000] {taskinstance.py:731} INFO - ::endgroup::
[2024-09-27T19:06:01.891+0000] {base.py:84} INFO - Retrieving connection 'dse_connection'
[2024-09-27T19:06:01.896+0000] {sql.py:509} INFO - Running statement: 
        CREATE TABLE IF NOT EXISTS company_list (
            company_id SERIAL PRIMARY KEY,
            company_trade_name VARCHAR(255) NOT NULL,
            company_url VARCHAR(255) NOT NULL,
            UNIQUE(company_trade_name)
        );
    , parameters: None
[2024-09-27T19:06:01.898+0000] {python.py:240} INFO - Done. Returned value was: None
[2024-09-27T19:06:01.910+0000] {taskinstance.py:340} INFO - ::group::Post task execution logs
[2024-09-27T19:06:01.911+0000] {taskinstance.py:352} INFO - Marking task as SUCCESS. dag_id=scrape_and_save_share_prices_with_company_data, task_id=create_company_table, run_id=scheduled__2024-03-28T00:00:00+00:00, execution_date=20240328T000000, start_date=20240927T190601, end_date=20240927T190601
[2024-09-27T19:06:01.922+0000] {logging_mixin.py:190} INFO - Task instance in success state
[2024-09-27T19:06:01.923+0000] {logging_mixin.py:190} INFO -  Previous state of the Task instance: running
[2024-09-27T19:06:01.924+0000] {logging_mixin.py:190} INFO - Dag name:scrape_and_save_share_prices_with_company_data queued_at:2024-09-27 19:05:59.736631+00:00
[2024-09-27T19:06:01.925+0000] {logging_mixin.py:190} INFO - Task hostname:13b5797a93ab operator:PythonOperator
[2024-09-27T19:06:01.945+0000] {local_task_job_runner.py:266} INFO - Task exited with return code 0
[2024-09-27T19:06:01.955+0000] {local_task_job_runner.py:245} INFO - ::endgroup::
[2024-09-27T23:12:31.254+0000] {local_task_job_runner.py:123} INFO - ::group::Pre task execution logs
[2024-09-27T23:12:31.296+0000] {taskinstance.py:2612} INFO - Dependencies all met for dep_context=non-requeueable deps ti=<TaskInstance: scrape_and_save_share_prices_with_company_data.create_company_table scheduled__2024-03-28T00:00:00+00:00 [queued]>
[2024-09-27T23:12:31.314+0000] {taskinstance.py:2612} INFO - Dependencies all met for dep_context=requeueable deps ti=<TaskInstance: scrape_and_save_share_prices_with_company_data.create_company_table scheduled__2024-03-28T00:00:00+00:00 [queued]>
[2024-09-27T23:12:31.315+0000] {taskinstance.py:2865} INFO - Starting attempt 1 of 2
[2024-09-27T23:12:31.342+0000] {taskinstance.py:2888} INFO - Executing <Task(PythonOperator): create_company_table> on 2024-03-28 00:00:00+00:00
[2024-09-27T23:12:31.355+0000] {warnings.py:112} WARNING - /home/***/.local/lib/python3.12/site-packages/***/task/task_runner/standard_task_runner.py:70: DeprecationWarning: This process (pid=3487) is multi-threaded, use of fork() may lead to deadlocks in the child.
  pid = os.fork()

[2024-09-27T23:12:31.359+0000] {standard_task_runner.py:72} INFO - Started process 3509 to run task
[2024-09-27T23:12:31.360+0000] {standard_task_runner.py:104} INFO - Running: ['***', 'tasks', 'run', 'scrape_and_save_share_prices_with_company_data', 'create_company_table', 'scheduled__2024-03-28T00:00:00+00:00', '--job-id', '3335', '--raw', '--subdir', 'DAGS_FOLDER/dag.py', '--cfg-path', '/tmp/tmpw32_myzu']
[2024-09-27T23:12:31.362+0000] {standard_task_runner.py:105} INFO - Job 3335: Subtask create_company_table
[2024-09-27T23:12:31.484+0000] {task_command.py:467} INFO - Running <TaskInstance: scrape_and_save_share_prices_with_company_data.create_company_table scheduled__2024-03-28T00:00:00+00:00 [running]> on host 7746de5121f6
[2024-09-27T23:12:31.787+0000] {taskinstance.py:3131} INFO - Exporting env vars: AIRFLOW_CTX_DAG_OWNER='***' AIRFLOW_CTX_DAG_ID='scrape_and_save_share_prices_with_company_data' AIRFLOW_CTX_TASK_ID='create_company_table' AIRFLOW_CTX_EXECUTION_DATE='2024-03-28T00:00:00+00:00' AIRFLOW_CTX_TRY_NUMBER='1' AIRFLOW_CTX_DAG_RUN_ID='scheduled__2024-03-28T00:00:00+00:00'
[2024-09-27T23:12:31.790+0000] {logging_mixin.py:190} INFO - Task instance is in running state
[2024-09-27T23:12:31.791+0000] {logging_mixin.py:190} INFO -  Previous state of the Task instance: queued
[2024-09-27T23:12:31.792+0000] {logging_mixin.py:190} INFO - Current task name:create_company_table state:running start_date:2024-09-27 23:12:31.297966+00:00
[2024-09-27T23:12:31.793+0000] {logging_mixin.py:190} INFO - Dag name:scrape_and_save_share_prices_with_company_data and current dag run status:running
[2024-09-27T23:12:31.795+0000] {taskinstance.py:731} INFO - ::endgroup::
[2024-09-27T23:12:31.822+0000] {base.py:84} INFO - Retrieving connection 'dse_connection'
[2024-09-27T23:12:31.832+0000] {sql.py:509} INFO - Running statement: 
        CREATE TABLE IF NOT EXISTS company_list (
            company_id SERIAL PRIMARY KEY,
            company_trade_name VARCHAR(255) NOT NULL,
            company_url VARCHAR(255) NOT NULL,
            UNIQUE(company_trade_name)
        );
    , parameters: None
[2024-09-27T23:12:31.835+0000] {python.py:240} INFO - Done. Returned value was: None
[2024-09-27T23:12:31.865+0000] {taskinstance.py:340} INFO - ::group::Post task execution logs
[2024-09-27T23:12:31.867+0000] {taskinstance.py:352} INFO - Marking task as SUCCESS. dag_id=scrape_and_save_share_prices_with_company_data, task_id=create_company_table, run_id=scheduled__2024-03-28T00:00:00+00:00, execution_date=20240328T000000, start_date=20240927T231231, end_date=20240927T231231
[2024-09-27T23:12:31.889+0000] {logging_mixin.py:190} INFO - Task instance in success state
[2024-09-27T23:12:31.890+0000] {logging_mixin.py:190} INFO -  Previous state of the Task instance: running
[2024-09-27T23:12:31.891+0000] {logging_mixin.py:190} INFO - Dag name:scrape_and_save_share_prices_with_company_data queued_at:2024-09-27 23:12:23.272922+00:00
[2024-09-27T23:12:31.893+0000] {logging_mixin.py:190} INFO - Task hostname:7746de5121f6 operator:PythonOperator
[2024-09-27T23:12:31.941+0000] {local_task_job_runner.py:266} INFO - Task exited with return code 0
[2024-09-27T23:12:32.024+0000] {taskinstance.py:3900} INFO - 1 downstream tasks scheduled from follow-on schedule check
[2024-09-27T23:12:32.027+0000] {local_task_job_runner.py:245} INFO - ::endgroup::
