[2024-09-27T19:43:58.695+0000] {local_task_job_runner.py:123} INFO - ::group::Pre task execution logs
[2024-09-27T19:43:58.752+0000] {taskinstance.py:2612} INFO - Dependencies all met for dep_context=non-requeueable deps ti=<TaskInstance: scrape_and_save_share_prices_with_company_data.create_company_table scheduled__2024-05-08T00:00:00+00:00 [queued]>
[2024-09-27T19:43:58.781+0000] {taskinstance.py:2612} INFO - Dependencies all met for dep_context=requeueable deps ti=<TaskInstance: scrape_and_save_share_prices_with_company_data.create_company_table scheduled__2024-05-08T00:00:00+00:00 [queued]>
[2024-09-27T19:43:58.786+0000] {taskinstance.py:2865} INFO - Starting attempt 1 of 2
[2024-09-27T19:43:58.827+0000] {taskinstance.py:2888} INFO - Executing <Task(PythonOperator): create_company_table> on 2024-05-08 00:00:00+00:00
[2024-09-27T19:43:58.845+0000] {warnings.py:112} WARNING - /home/***/.local/lib/python3.12/site-packages/***/task/task_runner/standard_task_runner.py:70: DeprecationWarning: This process (pid=699) is multi-threaded, use of fork() may lead to deadlocks in the child.
  pid = os.fork()

[2024-09-27T19:43:58.848+0000] {standard_task_runner.py:72} INFO - Started process 713 to run task
[2024-09-27T19:43:58.849+0000] {standard_task_runner.py:104} INFO - Running: ['***', 'tasks', 'run', 'scrape_and_save_share_prices_with_company_data', 'create_company_table', 'scheduled__2024-05-08T00:00:00+00:00', '--job-id', '2055', '--raw', '--subdir', 'DAGS_FOLDER/dag.py', '--cfg-path', '/tmp/tmpqegblcqn']
[2024-09-27T19:43:58.854+0000] {standard_task_runner.py:105} INFO - Job 2055: Subtask create_company_table
[2024-09-27T19:43:58.992+0000] {task_command.py:467} INFO - Running <TaskInstance: scrape_and_save_share_prices_with_company_data.create_company_table scheduled__2024-05-08T00:00:00+00:00 [running]> on host f199b4684a92
[2024-09-27T19:43:59.221+0000] {taskinstance.py:3131} INFO - Exporting env vars: AIRFLOW_CTX_DAG_OWNER='***' AIRFLOW_CTX_DAG_ID='scrape_and_save_share_prices_with_company_data' AIRFLOW_CTX_TASK_ID='create_company_table' AIRFLOW_CTX_EXECUTION_DATE='2024-05-08T00:00:00+00:00' AIRFLOW_CTX_TRY_NUMBER='1' AIRFLOW_CTX_DAG_RUN_ID='scheduled__2024-05-08T00:00:00+00:00'
[2024-09-27T19:43:59.224+0000] {logging_mixin.py:190} INFO - Task instance is in running state
[2024-09-27T19:43:59.226+0000] {logging_mixin.py:190} INFO -  Previous state of the Task instance: queued
[2024-09-27T19:43:59.228+0000] {logging_mixin.py:190} INFO - Current task name:create_company_table state:running start_date:2024-09-27 19:43:58.756591+00:00
[2024-09-27T19:43:59.229+0000] {logging_mixin.py:190} INFO - Dag name:scrape_and_save_share_prices_with_company_data and current dag run status:running
[2024-09-27T19:43:59.230+0000] {taskinstance.py:731} INFO - ::endgroup::
[2024-09-27T19:43:59.256+0000] {base.py:84} INFO - Retrieving connection 'dse_connection'
[2024-09-27T19:44:20.292+0000] {logging_mixin.py:190} INFO - Error creating company table: connection to server at "172.23.0.3", port 5432 failed: Connection refused
	Is the server running on that host and accepting TCP/IP connections?
[2024-09-27T19:44:20.293+0000] {python.py:240} INFO - Done. Returned value was: None
[2024-09-27T19:44:20.313+0000] {taskinstance.py:340} INFO - ::group::Post task execution logs
[2024-09-27T19:44:20.314+0000] {taskinstance.py:352} INFO - Marking task as SUCCESS. dag_id=scrape_and_save_share_prices_with_company_data, task_id=create_company_table, run_id=scheduled__2024-05-08T00:00:00+00:00, execution_date=20240508T000000, start_date=20240927T194358, end_date=20240927T194420
[2024-09-27T19:44:20.515+0000] {logging_mixin.py:190} INFO - Task instance in success state
[2024-09-27T19:44:20.515+0000] {logging_mixin.py:190} INFO -  Previous state of the Task instance: running
[2024-09-27T19:44:20.516+0000] {logging_mixin.py:190} INFO - Dag name:scrape_and_save_share_prices_with_company_data queued_at:2024-09-27 19:43:53.091289+00:00
[2024-09-27T19:44:20.517+0000] {logging_mixin.py:190} INFO - Task hostname:f199b4684a92 operator:PythonOperator
[2024-09-27T19:44:20.557+0000] {local_task_job_runner.py:266} INFO - Task exited with return code 0
[2024-09-27T19:44:20.608+0000] {taskinstance.py:3900} INFO - 1 downstream tasks scheduled from follow-on schedule check
[2024-09-27T19:44:20.618+0000] {local_task_job_runner.py:245} INFO - ::endgroup::
[2024-09-27T23:20:53.936+0000] {local_task_job_runner.py:123} INFO - ::group::Pre task execution logs
[2024-09-27T23:20:54.049+0000] {taskinstance.py:2612} INFO - Dependencies all met for dep_context=non-requeueable deps ti=<TaskInstance: scrape_and_save_share_prices_with_company_data.create_company_table scheduled__2024-05-08T00:00:00+00:00 [queued]>
[2024-09-27T23:20:54.109+0000] {taskinstance.py:2612} INFO - Dependencies all met for dep_context=requeueable deps ti=<TaskInstance: scrape_and_save_share_prices_with_company_data.create_company_table scheduled__2024-05-08T00:00:00+00:00 [queued]>
[2024-09-27T23:20:54.112+0000] {taskinstance.py:2865} INFO - Starting attempt 1 of 2
[2024-09-27T23:20:54.512+0000] {taskinstance.py:2888} INFO - Executing <Task(PythonOperator): create_company_table> on 2024-05-08 00:00:00+00:00
[2024-09-27T23:20:54.554+0000] {warnings.py:112} WARNING - /home/***/.local/lib/python3.12/site-packages/***/task/task_runner/standard_task_runner.py:70: DeprecationWarning: This process (pid=4235) is multi-threaded, use of fork() may lead to deadlocks in the child.
  pid = os.fork()

[2024-09-27T23:20:54.566+0000] {standard_task_runner.py:72} INFO - Started process 4249 to run task
[2024-09-27T23:20:54.569+0000] {standard_task_runner.py:104} INFO - Running: ['***', 'tasks', 'run', 'scrape_and_save_share_prices_with_company_data', 'create_company_table', 'scheduled__2024-05-08T00:00:00+00:00', '--job-id', '3498', '--raw', '--subdir', 'DAGS_FOLDER/dag.py', '--cfg-path', '/tmp/tmps7e8o1zs']
[2024-09-27T23:20:54.578+0000] {standard_task_runner.py:105} INFO - Job 3498: Subtask create_company_table
[2024-09-27T23:20:54.882+0000] {task_command.py:467} INFO - Running <TaskInstance: scrape_and_save_share_prices_with_company_data.create_company_table scheduled__2024-05-08T00:00:00+00:00 [running]> on host 7746de5121f6
[2024-09-27T23:20:55.442+0000] {taskinstance.py:3131} INFO - Exporting env vars: AIRFLOW_CTX_DAG_OWNER='***' AIRFLOW_CTX_DAG_ID='scrape_and_save_share_prices_with_company_data' AIRFLOW_CTX_TASK_ID='create_company_table' AIRFLOW_CTX_EXECUTION_DATE='2024-05-08T00:00:00+00:00' AIRFLOW_CTX_TRY_NUMBER='1' AIRFLOW_CTX_DAG_RUN_ID='scheduled__2024-05-08T00:00:00+00:00'
[2024-09-27T23:20:55.453+0000] {logging_mixin.py:190} INFO - Task instance is in running state
[2024-09-27T23:20:55.455+0000] {logging_mixin.py:190} INFO -  Previous state of the Task instance: queued
[2024-09-27T23:20:55.456+0000] {logging_mixin.py:190} INFO - Current task name:create_company_table state:running start_date:2024-09-27 23:20:54.068717+00:00
[2024-09-27T23:20:55.460+0000] {logging_mixin.py:190} INFO - Dag name:scrape_and_save_share_prices_with_company_data and current dag run status:running
[2024-09-27T23:20:55.462+0000] {taskinstance.py:731} INFO - ::endgroup::
[2024-09-27T23:20:55.521+0000] {base.py:84} INFO - Retrieving connection 'dse_connection'
[2024-09-27T23:20:55.534+0000] {sql.py:509} INFO - Running statement: 
        CREATE TABLE IF NOT EXISTS company_list (
            company_id SERIAL PRIMARY KEY,
            company_trade_name VARCHAR(255) NOT NULL,
            company_url VARCHAR(255) NOT NULL,
            UNIQUE(company_trade_name)
        );
    , parameters: None
[2024-09-27T23:20:55.536+0000] {python.py:240} INFO - Done. Returned value was: None
[2024-09-27T23:20:55.579+0000] {taskinstance.py:340} INFO - ::group::Post task execution logs
[2024-09-27T23:20:55.584+0000] {taskinstance.py:352} INFO - Marking task as SUCCESS. dag_id=scrape_and_save_share_prices_with_company_data, task_id=create_company_table, run_id=scheduled__2024-05-08T00:00:00+00:00, execution_date=20240508T000000, start_date=20240927T232054, end_date=20240927T232055
[2024-09-27T23:20:55.640+0000] {logging_mixin.py:190} INFO - Task instance in success state
[2024-09-27T23:20:55.646+0000] {logging_mixin.py:190} INFO -  Previous state of the Task instance: running
[2024-09-27T23:20:55.647+0000] {logging_mixin.py:190} INFO - Dag name:scrape_and_save_share_prices_with_company_data queued_at:2024-09-27 23:20:45.951671+00:00
[2024-09-27T23:20:55.650+0000] {logging_mixin.py:190} INFO - Task hostname:7746de5121f6 operator:PythonOperator
[2024-09-27T23:20:55.715+0000] {local_task_job_runner.py:266} INFO - Task exited with return code 0
[2024-09-27T23:20:55.777+0000] {local_task_job_runner.py:245} INFO - ::endgroup::
