[2024-09-27T18:17:09.783+0000] {local_task_job_runner.py:123} INFO - ::group::Pre task execution logs
[2024-09-27T18:17:09.896+0000] {taskinstance.py:2612} INFO - Dependencies all met for dep_context=non-requeueable deps ti=<TaskInstance: scrape_and_save_share_prices_with_company_data.create_company_table scheduled__2023-11-07T00:00:00+00:00 [queued]>
[2024-09-27T18:17:09.939+0000] {taskinstance.py:2612} INFO - Dependencies all met for dep_context=requeueable deps ti=<TaskInstance: scrape_and_save_share_prices_with_company_data.create_company_table scheduled__2023-11-07T00:00:00+00:00 [queued]>
[2024-09-27T18:17:09.951+0000] {taskinstance.py:2865} INFO - Starting attempt 1 of 2
[2024-09-27T18:17:10.034+0000] {taskinstance.py:2888} INFO - Executing <Task(PythonOperator): create_company_table> on 2023-11-07 00:00:00+00:00
[2024-09-27T18:17:10.086+0000] {standard_task_runner.py:104} INFO - Running: ['***', 'tasks', 'run', 'scrape_and_save_share_prices_with_company_data', 'create_company_table', 'scheduled__2023-11-07T00:00:00+00:00', '--job-id', '1251', '--raw', '--subdir', 'DAGS_FOLDER/dag.py', '--cfg-path', '/tmp/tmpl0_uzneu']
[2024-09-27T18:17:10.093+0000] {standard_task_runner.py:105} INFO - Job 1251: Subtask create_company_table
[2024-09-27T18:17:10.078+0000] {warnings.py:112} WARNING - /home/***/.local/lib/python3.12/site-packages/***/task/task_runner/standard_task_runner.py:70: DeprecationWarning: This process (pid=12442) is multi-threaded, use of fork() may lead to deadlocks in the child.
  pid = os.fork()

[2024-09-27T18:17:10.104+0000] {standard_task_runner.py:72} INFO - Started process 12482 to run task
[2024-09-27T18:17:10.273+0000] {task_command.py:467} INFO - Running <TaskInstance: scrape_and_save_share_prices_with_company_data.create_company_table scheduled__2023-11-07T00:00:00+00:00 [running]> on host 13b5797a93ab
[2024-09-27T18:17:10.743+0000] {taskinstance.py:3131} INFO - Exporting env vars: AIRFLOW_CTX_DAG_OWNER='***' AIRFLOW_CTX_DAG_ID='scrape_and_save_share_prices_with_company_data' AIRFLOW_CTX_TASK_ID='create_company_table' AIRFLOW_CTX_EXECUTION_DATE='2023-11-07T00:00:00+00:00' AIRFLOW_CTX_TRY_NUMBER='1' AIRFLOW_CTX_DAG_RUN_ID='scheduled__2023-11-07T00:00:00+00:00'
[2024-09-27T18:17:10.755+0000] {logging_mixin.py:190} INFO - Task instance is in running state
[2024-09-27T18:17:10.757+0000] {logging_mixin.py:190} INFO -  Previous state of the Task instance: queued
[2024-09-27T18:17:10.761+0000] {logging_mixin.py:190} INFO - Current task name:create_company_table state:running start_date:2024-09-27 18:17:09.898120+00:00
[2024-09-27T18:17:10.766+0000] {logging_mixin.py:190} INFO - Dag name:scrape_and_save_share_prices_with_company_data and current dag run status:running
[2024-09-27T18:17:10.767+0000] {taskinstance.py:731} INFO - ::endgroup::
[2024-09-27T18:17:10.798+0000] {base.py:84} INFO - Retrieving connection 'dse_connection'
[2024-09-27T18:17:10.820+0000] {sql.py:509} INFO - Running statement: 
        CREATE TABLE IF NOT EXISTS company_list (
            company_id SERIAL PRIMARY KEY,
            company_trade_name VARCHAR(255) NOT NULL,
            company_url VARCHAR(255) NOT NULL,
            UNIQUE(company_trade_name)
        );
    , parameters: None
[2024-09-27T18:17:10.862+0000] {python.py:240} INFO - Done. Returned value was: None
[2024-09-27T18:17:10.911+0000] {taskinstance.py:340} INFO - ::group::Post task execution logs
[2024-09-27T18:17:10.925+0000] {taskinstance.py:352} INFO - Marking task as SUCCESS. dag_id=scrape_and_save_share_prices_with_company_data, task_id=create_company_table, run_id=scheduled__2023-11-07T00:00:00+00:00, execution_date=20231107T000000, start_date=20240927T181709, end_date=20240927T181710
[2024-09-27T18:17:11.426+0000] {logging_mixin.py:190} INFO - Task instance in success state
[2024-09-27T18:17:11.440+0000] {logging_mixin.py:190} INFO -  Previous state of the Task instance: running
[2024-09-27T18:17:11.446+0000] {logging_mixin.py:190} INFO - Dag name:scrape_and_save_share_prices_with_company_data queued_at:2024-09-27 18:16:55.474419+00:00
[2024-09-27T18:17:11.460+0000] {logging_mixin.py:190} INFO - Task hostname:13b5797a93ab operator:PythonOperator
[2024-09-27T18:17:11.550+0000] {local_task_job_runner.py:266} INFO - Task exited with return code 0
[2024-09-27T18:17:11.764+0000] {taskinstance.py:3900} INFO - 1 downstream tasks scheduled from follow-on schedule check
[2024-09-27T18:17:11.806+0000] {local_task_job_runner.py:245} INFO - ::endgroup::
[2024-09-27T22:06:15.899+0000] {local_task_job_runner.py:123} INFO - ::group::Pre task execution logs
[2024-09-27T22:06:15.945+0000] {taskinstance.py:2612} INFO - Dependencies all met for dep_context=non-requeueable deps ti=<TaskInstance: scrape_and_save_share_prices_with_company_data.create_company_table scheduled__2023-11-07T00:00:00+00:00 [queued]>
[2024-09-27T22:06:15.968+0000] {taskinstance.py:2612} INFO - Dependencies all met for dep_context=requeueable deps ti=<TaskInstance: scrape_and_save_share_prices_with_company_data.create_company_table scheduled__2023-11-07T00:00:00+00:00 [queued]>
[2024-09-27T22:06:15.970+0000] {taskinstance.py:2865} INFO - Starting attempt 1 of 2
[2024-09-27T22:06:16.041+0000] {taskinstance.py:2888} INFO - Executing <Task(PythonOperator): create_company_table> on 2023-11-07 00:00:00+00:00
[2024-09-27T22:06:16.061+0000] {warnings.py:112} WARNING - /home/***/.local/lib/python3.12/site-packages/***/task/task_runner/standard_task_runner.py:70: DeprecationWarning: This process (pid=1202) is multi-threaded, use of fork() may lead to deadlocks in the child.
  pid = os.fork()

[2024-09-27T22:06:16.068+0000] {standard_task_runner.py:72} INFO - Started process 1239 to run task
[2024-09-27T22:06:16.083+0000] {standard_task_runner.py:104} INFO - Running: ['***', 'tasks', 'run', 'scrape_and_save_share_prices_with_company_data', 'create_company_table', 'scheduled__2023-11-07T00:00:00+00:00', '--job-id', '2299', '--raw', '--subdir', 'DAGS_FOLDER/dag.py', '--cfg-path', '/tmp/tmpgcv4gm6q']
[2024-09-27T22:06:16.088+0000] {standard_task_runner.py:105} INFO - Job 2299: Subtask create_company_table
[2024-09-27T22:06:16.270+0000] {task_command.py:467} INFO - Running <TaskInstance: scrape_and_save_share_prices_with_company_data.create_company_table scheduled__2023-11-07T00:00:00+00:00 [running]> on host fd62fe12432d
[2024-09-27T22:06:17.024+0000] {taskinstance.py:3131} INFO - Exporting env vars: AIRFLOW_CTX_DAG_OWNER='***' AIRFLOW_CTX_DAG_ID='scrape_and_save_share_prices_with_company_data' AIRFLOW_CTX_TASK_ID='create_company_table' AIRFLOW_CTX_EXECUTION_DATE='2023-11-07T00:00:00+00:00' AIRFLOW_CTX_TRY_NUMBER='1' AIRFLOW_CTX_DAG_RUN_ID='scheduled__2023-11-07T00:00:00+00:00'
[2024-09-27T22:06:17.030+0000] {logging_mixin.py:190} INFO - Task instance is in running state
[2024-09-27T22:06:17.032+0000] {logging_mixin.py:190} INFO -  Previous state of the Task instance: queued
[2024-09-27T22:06:17.034+0000] {logging_mixin.py:190} INFO - Current task name:create_company_table state:running start_date:2024-09-27 22:06:15.948039+00:00
[2024-09-27T22:06:17.036+0000] {logging_mixin.py:190} INFO - Dag name:scrape_and_save_share_prices_with_company_data and current dag run status:running
[2024-09-27T22:06:17.038+0000] {taskinstance.py:731} INFO - ::endgroup::
[2024-09-27T22:06:17.119+0000] {base.py:84} INFO - Retrieving connection 'dse_connection'
[2024-09-27T22:06:17.181+0000] {sql.py:509} INFO - Running statement: 
        CREATE TABLE IF NOT EXISTS company_list (
            company_id SERIAL PRIMARY KEY,
            company_trade_name VARCHAR(255) NOT NULL,
            company_url VARCHAR(255) NOT NULL,
            UNIQUE(company_trade_name)
        );
    , parameters: None
[2024-09-27T22:06:17.215+0000] {python.py:240} INFO - Done. Returned value was: None
[2024-09-27T22:06:17.340+0000] {taskinstance.py:340} INFO - ::group::Post task execution logs
[2024-09-27T22:06:17.342+0000] {taskinstance.py:352} INFO - Marking task as SUCCESS. dag_id=scrape_and_save_share_prices_with_company_data, task_id=create_company_table, run_id=scheduled__2023-11-07T00:00:00+00:00, execution_date=20231107T000000, start_date=20240927T220615, end_date=20240927T220617
[2024-09-27T22:06:17.447+0000] {logging_mixin.py:190} INFO - Task instance in success state
[2024-09-27T22:06:17.455+0000] {logging_mixin.py:190} INFO -  Previous state of the Task instance: running
[2024-09-27T22:06:17.456+0000] {logging_mixin.py:190} INFO - Dag name:scrape_and_save_share_prices_with_company_data queued_at:2024-09-27 22:05:40.064896+00:00
[2024-09-27T22:06:17.458+0000] {logging_mixin.py:190} INFO - Task hostname:fd62fe12432d operator:PythonOperator
[2024-09-27T22:06:17.544+0000] {local_task_job_runner.py:266} INFO - Task exited with return code 0
[2024-09-27T22:06:17.813+0000] {taskinstance.py:3900} INFO - 1 downstream tasks scheduled from follow-on schedule check
[2024-09-27T22:06:17.844+0000] {local_task_job_runner.py:245} INFO - ::endgroup::
[2024-09-27T22:46:10.286+0000] {local_task_job_runner.py:123} INFO - ::group::Pre task execution logs
[2024-09-27T22:46:10.377+0000] {taskinstance.py:2612} INFO - Dependencies all met for dep_context=non-requeueable deps ti=<TaskInstance: scrape_and_save_share_prices_with_company_data.create_company_table scheduled__2023-11-07T00:00:00+00:00 [queued]>
[2024-09-27T22:46:10.413+0000] {taskinstance.py:2612} INFO - Dependencies all met for dep_context=requeueable deps ti=<TaskInstance: scrape_and_save_share_prices_with_company_data.create_company_table scheduled__2023-11-07T00:00:00+00:00 [queued]>
[2024-09-27T22:46:10.415+0000] {taskinstance.py:2865} INFO - Starting attempt 1 of 2
[2024-09-27T22:46:10.514+0000] {taskinstance.py:2888} INFO - Executing <Task(PythonOperator): create_company_table> on 2023-11-07 00:00:00+00:00
[2024-09-27T22:46:10.542+0000] {warnings.py:112} WARNING - /home/***/.local/lib/python3.12/site-packages/***/task/task_runner/standard_task_runner.py:70: DeprecationWarning: This process (pid=960) is multi-threaded, use of fork() may lead to deadlocks in the child.
  pid = os.fork()

[2024-09-27T22:46:10.548+0000] {standard_task_runner.py:72} INFO - Started process 963 to run task
[2024-09-27T22:46:10.573+0000] {standard_task_runner.py:104} INFO - Running: ['***', 'tasks', 'run', 'scrape_and_save_share_prices_with_company_data', 'create_company_table', 'scheduled__2023-11-07T00:00:00+00:00', '--job-id', '2766', '--raw', '--subdir', 'DAGS_FOLDER/dag.py', '--cfg-path', '/tmp/tmp8wfnvreu']
[2024-09-27T22:46:10.586+0000] {standard_task_runner.py:105} INFO - Job 2766: Subtask create_company_table
[2024-09-27T22:46:10.908+0000] {task_command.py:467} INFO - Running <TaskInstance: scrape_and_save_share_prices_with_company_data.create_company_table scheduled__2023-11-07T00:00:00+00:00 [running]> on host 7746de5121f6
[2024-09-27T22:46:11.289+0000] {taskinstance.py:3131} INFO - Exporting env vars: AIRFLOW_CTX_DAG_OWNER='***' AIRFLOW_CTX_DAG_ID='scrape_and_save_share_prices_with_company_data' AIRFLOW_CTX_TASK_ID='create_company_table' AIRFLOW_CTX_EXECUTION_DATE='2023-11-07T00:00:00+00:00' AIRFLOW_CTX_TRY_NUMBER='1' AIRFLOW_CTX_DAG_RUN_ID='scheduled__2023-11-07T00:00:00+00:00'
[2024-09-27T22:46:11.294+0000] {logging_mixin.py:190} INFO - Task instance is in running state
[2024-09-27T22:46:11.297+0000] {logging_mixin.py:190} INFO -  Previous state of the Task instance: queued
[2024-09-27T22:46:11.300+0000] {logging_mixin.py:190} INFO - Current task name:create_company_table state:running start_date:2024-09-27 22:46:10.378739+00:00
[2024-09-27T22:46:11.301+0000] {logging_mixin.py:190} INFO - Dag name:scrape_and_save_share_prices_with_company_data and current dag run status:running
[2024-09-27T22:46:11.314+0000] {taskinstance.py:731} INFO - ::endgroup::
[2024-09-27T22:46:11.364+0000] {base.py:84} INFO - Retrieving connection 'dse_connection'
[2024-09-27T22:46:11.391+0000] {sql.py:509} INFO - Running statement: 
        CREATE TABLE IF NOT EXISTS company_list (
            company_id SERIAL PRIMARY KEY,
            company_trade_name VARCHAR(255) NOT NULL,
            company_url VARCHAR(255) NOT NULL,
            UNIQUE(company_trade_name)
        );
    , parameters: None
[2024-09-27T22:46:11.405+0000] {python.py:240} INFO - Done. Returned value was: None
[2024-09-27T22:46:11.487+0000] {taskinstance.py:340} INFO - ::group::Post task execution logs
[2024-09-27T22:46:11.492+0000] {taskinstance.py:352} INFO - Marking task as SUCCESS. dag_id=scrape_and_save_share_prices_with_company_data, task_id=create_company_table, run_id=scheduled__2023-11-07T00:00:00+00:00, execution_date=20231107T000000, start_date=20240927T224610, end_date=20240927T224611
[2024-09-27T22:46:11.551+0000] {logging_mixin.py:190} INFO - Task instance in success state
[2024-09-27T22:46:11.555+0000] {logging_mixin.py:190} INFO -  Previous state of the Task instance: running
[2024-09-27T22:46:11.557+0000] {logging_mixin.py:190} INFO - Dag name:scrape_and_save_share_prices_with_company_data queued_at:2024-09-27 22:45:47.808773+00:00
[2024-09-27T22:46:11.560+0000] {logging_mixin.py:190} INFO - Task hostname:7746de5121f6 operator:PythonOperator
[2024-09-27T22:46:11.596+0000] {local_task_job_runner.py:266} INFO - Task exited with return code 0
[2024-09-27T22:46:11.723+0000] {taskinstance.py:3900} INFO - 1 downstream tasks scheduled from follow-on schedule check
[2024-09-27T22:46:11.731+0000] {local_task_job_runner.py:245} INFO - ::endgroup::
