[2024-10-10T17:40:35.542+0000] {local_task_job_runner.py:123} INFO - ::group::Pre task execution logs
[2024-10-10T17:40:35.762+0000] {taskinstance.py:2612} INFO - Dependencies all met for dep_context=non-requeueable deps ti=<TaskInstance: scrape_and_save_share_prices_with_company_data.create_company_market_data_table scheduled__2024-10-01T00:00:00+00:00 [queued]>
[2024-10-10T17:40:35.857+0000] {taskinstance.py:2612} INFO - Dependencies all met for dep_context=requeueable deps ti=<TaskInstance: scrape_and_save_share_prices_with_company_data.create_company_market_data_table scheduled__2024-10-01T00:00:00+00:00 [queued]>
[2024-10-10T17:40:35.858+0000] {taskinstance.py:2865} INFO - Starting attempt 1 of 2
[2024-10-10T17:40:36.022+0000] {taskinstance.py:2888} INFO - Executing <Task(PythonOperator): create_company_market_data_table> on 2024-10-01 00:00:00+00:00
[2024-10-10T17:40:36.060+0000] {warnings.py:112} WARNING - /home/***/.local/lib/python3.12/site-packages/***/task/task_runner/standard_task_runner.py:70: DeprecationWarning: This process (pid=1364) is multi-threaded, use of fork() may lead to deadlocks in the child.
  pid = os.fork()

[2024-10-10T17:40:36.075+0000] {standard_task_runner.py:72} INFO - Started process 1417 to run task
[2024-10-10T17:40:36.105+0000] {standard_task_runner.py:104} INFO - Running: ['***', 'tasks', 'run', 'scrape_and_save_share_prices_with_company_data', 'create_company_market_data_table', 'scheduled__2024-10-01T00:00:00+00:00', '--job-id', '4297', '--raw', '--subdir', 'DAGS_FOLDER/dag.py', '--cfg-path', '/tmp/tmpod1bjebq']
[2024-10-10T17:40:36.155+0000] {standard_task_runner.py:105} INFO - Job 4297: Subtask create_company_market_data_table
[2024-10-10T17:40:36.713+0000] {task_command.py:467} INFO - Running <TaskInstance: scrape_and_save_share_prices_with_company_data.create_company_market_data_table scheduled__2024-10-01T00:00:00+00:00 [running]> on host 7746de5121f6
[2024-10-10T17:40:37.544+0000] {taskinstance.py:3131} INFO - Exporting env vars: AIRFLOW_CTX_DAG_OWNER='***' AIRFLOW_CTX_DAG_ID='scrape_and_save_share_prices_with_company_data' AIRFLOW_CTX_TASK_ID='create_company_market_data_table' AIRFLOW_CTX_EXECUTION_DATE='2024-10-01T00:00:00+00:00' AIRFLOW_CTX_TRY_NUMBER='1' AIRFLOW_CTX_DAG_RUN_ID='scheduled__2024-10-01T00:00:00+00:00'
[2024-10-10T17:40:37.552+0000] {logging_mixin.py:190} INFO - Task instance is in running state
[2024-10-10T17:40:37.553+0000] {logging_mixin.py:190} INFO -  Previous state of the Task instance: queued
[2024-10-10T17:40:37.554+0000] {logging_mixin.py:190} INFO - Current task name:create_company_market_data_table state:running start_date:2024-10-10 17:40:35.767195+00:00
[2024-10-10T17:40:37.555+0000] {logging_mixin.py:190} INFO - Dag name:scrape_and_save_share_prices_with_company_data and current dag run status:running
[2024-10-10T17:40:37.557+0000] {taskinstance.py:731} INFO - ::endgroup::
[2024-10-10T17:40:37.602+0000] {base.py:84} INFO - Retrieving connection 'dse_connection'
[2024-10-10T17:40:37.646+0000] {sql.py:509} INFO - Running statement: 
        CREATE TABLE IF NOT EXISTS company_market_info (
            id SERIAL,
            company_id INTEGER NOT NULL,
            date DATE,
            last_trading_price VARCHAR(50),
            closing_price VARCHAR(50),
            last_update VARCHAR(20),
            day_range VARCHAR(20),
            change VARCHAR(20),
            change_percentage VARCHAR(20),
            day_value VARCHAR(20),
            weeks_moving_range VARCHAR(20),
            opening_price VARCHAR(20),
            day_volume VARCHAR(50),
            adjusted_opening_price VARCHAR(50),
            day_trade VARCHAR(20),
            yesterday_closing_price VARCHAR(20),
            market_capitalization VARCHAR(50),
            PRIMARY KEY(company_id, id),
            FOREIGN KEY (company_id)
                REFERENCES company_list(company_id)
                ON UPDATE CASCADE ON DELETE CASCADE
            )
        , parameters: None
[2024-10-10T17:40:37.671+0000] {python.py:240} INFO - Done. Returned value was: None
[2024-10-10T17:40:37.807+0000] {taskinstance.py:340} INFO - ::group::Post task execution logs
[2024-10-10T17:40:37.855+0000] {taskinstance.py:352} INFO - Marking task as SUCCESS. dag_id=scrape_and_save_share_prices_with_company_data, task_id=create_company_market_data_table, run_id=scheduled__2024-10-01T00:00:00+00:00, execution_date=20241001T000000, start_date=20241010T174035, end_date=20241010T174037
[2024-10-10T17:40:38.011+0000] {logging_mixin.py:190} INFO - Task instance in success state
[2024-10-10T17:40:38.015+0000] {logging_mixin.py:190} INFO -  Previous state of the Task instance: running
[2024-10-10T17:40:38.017+0000] {logging_mixin.py:190} INFO - Dag name:scrape_and_save_share_prices_with_company_data queued_at:2024-10-10 17:36:01.916274+00:00
[2024-10-10T17:40:38.018+0000] {logging_mixin.py:190} INFO - Task hostname:7746de5121f6 operator:PythonOperator
[2024-10-10T17:40:38.147+0000] {local_task_job_runner.py:266} INFO - Task exited with return code 0
[2024-10-10T17:40:38.344+0000] {taskinstance.py:3900} INFO - 1 downstream tasks scheduled from follow-on schedule check
[2024-10-10T17:40:38.379+0000] {local_task_job_runner.py:245} INFO - ::endgroup::
