[2024-09-27T18:12:45.291+0000] {local_task_job_runner.py:123} INFO - ::group::Pre task execution logs
[2024-09-27T18:12:45.356+0000] {taskinstance.py:2612} INFO - Dependencies all met for dep_context=non-requeueable deps ti=<TaskInstance: scrape_and_save_share_prices_with_company_data.create_share_prices_table scheduled__2023-10-16T00:00:00+00:00 [queued]>
[2024-09-27T18:12:45.381+0000] {taskinstance.py:2612} INFO - Dependencies all met for dep_context=requeueable deps ti=<TaskInstance: scrape_and_save_share_prices_with_company_data.create_share_prices_table scheduled__2023-10-16T00:00:00+00:00 [queued]>
[2024-09-27T18:12:45.382+0000] {taskinstance.py:2865} INFO - Starting attempt 1 of 2
[2024-09-27T18:12:45.442+0000] {taskinstance.py:2888} INFO - Executing <Task(PythonOperator): create_share_prices_table> on 2023-10-16 00:00:00+00:00
[2024-09-27T18:12:45.472+0000] {warnings.py:112} WARNING - /home/***/.local/lib/python3.12/site-packages/***/task/task_runner/standard_task_runner.py:70: DeprecationWarning: This process (pid=12091) is multi-threaded, use of fork() may lead to deadlocks in the child.
  pid = os.fork()

[2024-09-27T18:12:45.475+0000] {standard_task_runner.py:72} INFO - Started process 12130 to run task
[2024-09-27T18:12:45.478+0000] {standard_task_runner.py:104} INFO - Running: ['***', 'tasks', 'run', 'scrape_and_save_share_prices_with_company_data', 'create_share_prices_table', 'scheduled__2023-10-16T00:00:00+00:00', '--job-id', '1176', '--raw', '--subdir', 'DAGS_FOLDER/dag.py', '--cfg-path', '/tmp/tmpigoi0krn']
[2024-09-27T18:12:45.496+0000] {standard_task_runner.py:105} INFO - Job 1176: Subtask create_share_prices_table
[2024-09-27T18:12:45.692+0000] {task_command.py:467} INFO - Running <TaskInstance: scrape_and_save_share_prices_with_company_data.create_share_prices_table scheduled__2023-10-16T00:00:00+00:00 [running]> on host 13b5797a93ab
[2024-09-27T18:12:46.045+0000] {taskinstance.py:3131} INFO - Exporting env vars: AIRFLOW_CTX_DAG_OWNER='***' AIRFLOW_CTX_DAG_ID='scrape_and_save_share_prices_with_company_data' AIRFLOW_CTX_TASK_ID='create_share_prices_table' AIRFLOW_CTX_EXECUTION_DATE='2023-10-16T00:00:00+00:00' AIRFLOW_CTX_TRY_NUMBER='1' AIRFLOW_CTX_DAG_RUN_ID='scheduled__2023-10-16T00:00:00+00:00'
[2024-09-27T18:12:46.054+0000] {logging_mixin.py:190} INFO - Task instance is in running state
[2024-09-27T18:12:46.059+0000] {logging_mixin.py:190} INFO -  Previous state of the Task instance: queued
[2024-09-27T18:12:46.061+0000] {logging_mixin.py:190} INFO - Current task name:create_share_prices_table state:running start_date:2024-09-27 18:12:45.357281+00:00
[2024-09-27T18:12:46.062+0000] {logging_mixin.py:190} INFO - Dag name:scrape_and_save_share_prices_with_company_data and current dag run status:running
[2024-09-27T18:12:46.069+0000] {taskinstance.py:731} INFO - ::endgroup::
[2024-09-27T18:12:46.105+0000] {base.py:84} INFO - Retrieving connection 'dse_connection'
[2024-09-27T18:12:46.134+0000] {sql.py:509} INFO - Running statement: 
        CREATE TABLE IF NOT EXISTS company_share_prices (
            id SERIAL,
            company_id INTEGER NOT NULL,
            date DATE,
            latest_trading_price VARCHAR(50),
            low_price VARCHAR(50),
            high_price VARCHAR(50),
            closing_price VARCHAR(50),
            ycp VARCHAR(50),
            change VARCHAR(10),
            trade VARCHAR(50),
            value VARCHAR(50),
            volume VARCHAR(50),
            PRIMARY KEY(company_id, id),
            FOREIGN KEY(company_id)
                REFERENCES company_list(company_id)
                ON UPDATE CASCADE ON DELETE CASCADE
        );
    , parameters: None
[2024-09-27T18:12:46.136+0000] {python.py:240} INFO - Done. Returned value was: None
[2024-09-27T18:12:46.197+0000] {taskinstance.py:340} INFO - ::group::Post task execution logs
[2024-09-27T18:12:46.198+0000] {taskinstance.py:352} INFO - Marking task as SUCCESS. dag_id=scrape_and_save_share_prices_with_company_data, task_id=create_share_prices_table, run_id=scheduled__2023-10-16T00:00:00+00:00, execution_date=20231016T000000, start_date=20240927T181245, end_date=20240927T181246
[2024-09-27T18:12:46.240+0000] {logging_mixin.py:190} INFO - Task instance in success state
[2024-09-27T18:12:46.241+0000] {logging_mixin.py:190} INFO -  Previous state of the Task instance: running
[2024-09-27T18:12:46.242+0000] {logging_mixin.py:190} INFO - Dag name:scrape_and_save_share_prices_with_company_data queued_at:2024-09-27 18:11:32.983608+00:00
[2024-09-27T18:12:46.243+0000] {logging_mixin.py:190} INFO - Task hostname:13b5797a93ab operator:PythonOperator
[2024-09-27T18:12:46.300+0000] {local_task_job_runner.py:266} INFO - Task exited with return code 0
[2024-09-27T18:12:46.363+0000] {taskinstance.py:3900} INFO - 1 downstream tasks scheduled from follow-on schedule check
[2024-09-27T18:12:46.378+0000] {local_task_job_runner.py:245} INFO - ::endgroup::
[2024-09-27T22:00:37.822+0000] {local_task_job_runner.py:123} INFO - ::group::Pre task execution logs
[2024-09-27T22:00:37.857+0000] {taskinstance.py:2612} INFO - Dependencies all met for dep_context=non-requeueable deps ti=<TaskInstance: scrape_and_save_share_prices_with_company_data.create_share_prices_table scheduled__2023-10-16T00:00:00+00:00 [queued]>
[2024-09-27T22:00:37.870+0000] {taskinstance.py:2612} INFO - Dependencies all met for dep_context=requeueable deps ti=<TaskInstance: scrape_and_save_share_prices_with_company_data.create_share_prices_table scheduled__2023-10-16T00:00:00+00:00 [queued]>
[2024-09-27T22:00:37.871+0000] {taskinstance.py:2865} INFO - Starting attempt 1 of 2
[2024-09-27T22:00:37.893+0000] {taskinstance.py:2888} INFO - Executing <Task(PythonOperator): create_share_prices_table> on 2023-10-16 00:00:00+00:00
[2024-09-27T22:00:37.904+0000] {warnings.py:112} WARNING - /home/***/.local/lib/python3.12/site-packages/***/task/task_runner/standard_task_runner.py:70: DeprecationWarning: This process (pid=769) is multi-threaded, use of fork() may lead to deadlocks in the child.
  pid = os.fork()

[2024-09-27T22:00:37.906+0000] {standard_task_runner.py:72} INFO - Started process 771 to run task
[2024-09-27T22:00:37.907+0000] {standard_task_runner.py:104} INFO - Running: ['***', 'tasks', 'run', 'scrape_and_save_share_prices_with_company_data', 'create_share_prices_table', 'scheduled__2023-10-16T00:00:00+00:00', '--job-id', '2199', '--raw', '--subdir', 'DAGS_FOLDER/dag.py', '--cfg-path', '/tmp/tmpb4haubyq']
[2024-09-27T22:00:37.908+0000] {standard_task_runner.py:105} INFO - Job 2199: Subtask create_share_prices_table
[2024-09-27T22:00:37.983+0000] {task_command.py:467} INFO - Running <TaskInstance: scrape_and_save_share_prices_with_company_data.create_share_prices_table scheduled__2023-10-16T00:00:00+00:00 [running]> on host fd62fe12432d
[2024-09-27T22:00:38.117+0000] {taskinstance.py:3131} INFO - Exporting env vars: AIRFLOW_CTX_DAG_OWNER='***' AIRFLOW_CTX_DAG_ID='scrape_and_save_share_prices_with_company_data' AIRFLOW_CTX_TASK_ID='create_share_prices_table' AIRFLOW_CTX_EXECUTION_DATE='2023-10-16T00:00:00+00:00' AIRFLOW_CTX_TRY_NUMBER='1' AIRFLOW_CTX_DAG_RUN_ID='scheduled__2023-10-16T00:00:00+00:00'
[2024-09-27T22:00:38.119+0000] {logging_mixin.py:190} INFO - Task instance is in running state
[2024-09-27T22:00:38.120+0000] {logging_mixin.py:190} INFO -  Previous state of the Task instance: queued
[2024-09-27T22:00:38.121+0000] {logging_mixin.py:190} INFO - Current task name:create_share_prices_table state:running start_date:2024-09-27 22:00:37.858486+00:00
[2024-09-27T22:00:38.121+0000] {logging_mixin.py:190} INFO - Dag name:scrape_and_save_share_prices_with_company_data and current dag run status:running
[2024-09-27T22:00:38.122+0000] {taskinstance.py:731} INFO - ::endgroup::
[2024-09-27T22:00:38.134+0000] {base.py:84} INFO - Retrieving connection 'dse_connection'
[2024-09-27T22:00:38.140+0000] {sql.py:509} INFO - Running statement: 
        CREATE TABLE IF NOT EXISTS company_share_prices (
            id SERIAL,
            company_id INTEGER NOT NULL,
            date DATE,
            latest_trading_price VARCHAR(50),
            low_price VARCHAR(50),
            high_price VARCHAR(50),
            closing_price VARCHAR(50),
            ycp VARCHAR(50),
            change VARCHAR(10),
            trade VARCHAR(50),
            value VARCHAR(50),
            volume VARCHAR(50),
            PRIMARY KEY(company_id, id),
            FOREIGN KEY(company_id)
                REFERENCES company_list(company_id)
                ON UPDATE CASCADE ON DELETE CASCADE
        );
    , parameters: None
[2024-09-27T22:00:38.142+0000] {python.py:240} INFO - Done. Returned value was: None
[2024-09-27T22:00:38.155+0000] {taskinstance.py:340} INFO - ::group::Post task execution logs
[2024-09-27T22:00:38.156+0000] {taskinstance.py:352} INFO - Marking task as SUCCESS. dag_id=scrape_and_save_share_prices_with_company_data, task_id=create_share_prices_table, run_id=scheduled__2023-10-16T00:00:00+00:00, execution_date=20231016T000000, start_date=20240927T220037, end_date=20240927T220038
[2024-09-27T22:00:38.177+0000] {logging_mixin.py:190} INFO - Task instance in success state
[2024-09-27T22:00:38.178+0000] {logging_mixin.py:190} INFO -  Previous state of the Task instance: running
[2024-09-27T22:00:38.179+0000] {logging_mixin.py:190} INFO - Dag name:scrape_and_save_share_prices_with_company_data queued_at:2024-09-27 22:00:20.611683+00:00
[2024-09-27T22:00:38.180+0000] {logging_mixin.py:190} INFO - Task hostname:fd62fe12432d operator:PythonOperator
[2024-09-27T22:00:38.203+0000] {local_task_job_runner.py:266} INFO - Task exited with return code 0
[2024-09-27T22:00:38.232+0000] {taskinstance.py:3900} INFO - 1 downstream tasks scheduled from follow-on schedule check
[2024-09-27T22:00:38.237+0000] {local_task_job_runner.py:245} INFO - ::endgroup::
[2024-09-27T22:40:11.956+0000] {local_task_job_runner.py:123} INFO - ::group::Pre task execution logs
[2024-09-27T22:40:12.000+0000] {taskinstance.py:2612} INFO - Dependencies all met for dep_context=non-requeueable deps ti=<TaskInstance: scrape_and_save_share_prices_with_company_data.create_share_prices_table scheduled__2023-10-16T00:00:00+00:00 [queued]>
[2024-09-27T22:40:12.018+0000] {taskinstance.py:2612} INFO - Dependencies all met for dep_context=requeueable deps ti=<TaskInstance: scrape_and_save_share_prices_with_company_data.create_share_prices_table scheduled__2023-10-16T00:00:00+00:00 [queued]>
[2024-09-27T22:40:12.020+0000] {taskinstance.py:2865} INFO - Starting attempt 1 of 2
[2024-09-27T22:40:12.073+0000] {taskinstance.py:2888} INFO - Executing <Task(PythonOperator): create_share_prices_table> on 2023-10-16 00:00:00+00:00
[2024-09-27T22:40:12.095+0000] {warnings.py:112} WARNING - /home/***/.local/lib/python3.12/site-packages/***/task/task_runner/standard_task_runner.py:70: DeprecationWarning: This process (pid=476) is multi-threaded, use of fork() may lead to deadlocks in the child.
  pid = os.fork()

[2024-09-27T22:40:12.099+0000] {standard_task_runner.py:72} INFO - Started process 484 to run task
[2024-09-27T22:40:12.114+0000] {standard_task_runner.py:104} INFO - Running: ['***', 'tasks', 'run', 'scrape_and_save_share_prices_with_company_data', 'create_share_prices_table', 'scheduled__2023-10-16T00:00:00+00:00', '--job-id', '2657', '--raw', '--subdir', 'DAGS_FOLDER/dag.py', '--cfg-path', '/tmp/tmpqbev5gl1']
[2024-09-27T22:40:12.124+0000] {standard_task_runner.py:105} INFO - Job 2657: Subtask create_share_prices_table
[2024-09-27T22:40:12.339+0000] {task_command.py:467} INFO - Running <TaskInstance: scrape_and_save_share_prices_with_company_data.create_share_prices_table scheduled__2023-10-16T00:00:00+00:00 [running]> on host 7746de5121f6
[2024-09-27T22:40:12.734+0000] {taskinstance.py:3131} INFO - Exporting env vars: AIRFLOW_CTX_DAG_OWNER='***' AIRFLOW_CTX_DAG_ID='scrape_and_save_share_prices_with_company_data' AIRFLOW_CTX_TASK_ID='create_share_prices_table' AIRFLOW_CTX_EXECUTION_DATE='2023-10-16T00:00:00+00:00' AIRFLOW_CTX_TRY_NUMBER='1' AIRFLOW_CTX_DAG_RUN_ID='scheduled__2023-10-16T00:00:00+00:00'
[2024-09-27T22:40:12.736+0000] {logging_mixin.py:190} INFO - Task instance is in running state
[2024-09-27T22:40:12.738+0000] {logging_mixin.py:190} INFO -  Previous state of the Task instance: queued
[2024-09-27T22:40:12.740+0000] {logging_mixin.py:190} INFO - Current task name:create_share_prices_table state:running start_date:2024-09-27 22:40:12.001232+00:00
[2024-09-27T22:40:12.744+0000] {logging_mixin.py:190} INFO - Dag name:scrape_and_save_share_prices_with_company_data and current dag run status:running
[2024-09-27T22:40:12.767+0000] {taskinstance.py:731} INFO - ::endgroup::
[2024-09-27T22:40:12.840+0000] {base.py:84} INFO - Retrieving connection 'dse_connection'
[2024-09-27T22:40:12.873+0000] {sql.py:509} INFO - Running statement: 
        CREATE TABLE IF NOT EXISTS company_share_prices (
            id SERIAL,
            company_id INTEGER NOT NULL,
            date DATE,
            latest_trading_price VARCHAR(50),
            low_price VARCHAR(50),
            high_price VARCHAR(50),
            closing_price VARCHAR(50),
            ycp VARCHAR(50),
            change VARCHAR(10),
            trade VARCHAR(50),
            value VARCHAR(50),
            volume VARCHAR(50),
            PRIMARY KEY(company_id, id),
            FOREIGN KEY(company_id)
                REFERENCES company_list(company_id)
                ON UPDATE CASCADE ON DELETE CASCADE
        );
    , parameters: None
[2024-09-27T22:40:12.878+0000] {python.py:240} INFO - Done. Returned value was: None
[2024-09-27T22:40:12.930+0000] {taskinstance.py:340} INFO - ::group::Post task execution logs
[2024-09-27T22:40:12.931+0000] {taskinstance.py:352} INFO - Marking task as SUCCESS. dag_id=scrape_and_save_share_prices_with_company_data, task_id=create_share_prices_table, run_id=scheduled__2023-10-16T00:00:00+00:00, execution_date=20231016T000000, start_date=20240927T224012, end_date=20240927T224012
[2024-09-27T22:40:12.962+0000] {logging_mixin.py:190} INFO - Task instance in success state
[2024-09-27T22:40:12.963+0000] {logging_mixin.py:190} INFO -  Previous state of the Task instance: running
[2024-09-27T22:40:12.964+0000] {logging_mixin.py:190} INFO - Dag name:scrape_and_save_share_prices_with_company_data queued_at:2024-09-27 22:39:08.224467+00:00
[2024-09-27T22:40:12.964+0000] {logging_mixin.py:190} INFO - Task hostname:7746de5121f6 operator:PythonOperator
[2024-09-27T22:40:13.009+0000] {local_task_job_runner.py:266} INFO - Task exited with return code 0
[2024-09-27T22:40:13.037+0000] {local_task_job_runner.py:245} INFO - ::endgroup::
