[2024-09-27T18:28:44.037+0000] {local_task_job_runner.py:123} INFO - ::group::Pre task execution logs
[2024-09-27T18:28:44.115+0000] {taskinstance.py:2612} INFO - Dependencies all met for dep_context=non-requeueable deps ti=<TaskInstance: scrape_and_save_share_prices_with_company_data.create_company_table scheduled__2023-12-28T00:00:00+00:00 [queued]>
[2024-09-27T18:28:44.150+0000] {taskinstance.py:2612} INFO - Dependencies all met for dep_context=requeueable deps ti=<TaskInstance: scrape_and_save_share_prices_with_company_data.create_company_table scheduled__2023-12-28T00:00:00+00:00 [queued]>
[2024-09-27T18:28:44.170+0000] {taskinstance.py:2865} INFO - Starting attempt 1 of 2
[2024-09-27T18:28:44.362+0000] {taskinstance.py:2888} INFO - Executing <Task(PythonOperator): create_company_table> on 2023-12-28 00:00:00+00:00
[2024-09-27T18:28:44.456+0000] {standard_task_runner.py:104} INFO - Running: ['***', 'tasks', 'run', 'scrape_and_save_share_prices_with_company_data', 'create_company_table', 'scheduled__2023-12-28T00:00:00+00:00', '--job-id', '1452', '--raw', '--subdir', 'DAGS_FOLDER/dag.py', '--cfg-path', '/tmp/tmpddmejnm5']
[2024-09-27T18:28:44.486+0000] {standard_task_runner.py:105} INFO - Job 1452: Subtask create_company_table
[2024-09-27T18:28:44.434+0000] {warnings.py:112} WARNING - /home/***/.local/lib/python3.12/site-packages/***/task/task_runner/standard_task_runner.py:70: DeprecationWarning: This process (pid=13367) is multi-threaded, use of fork() may lead to deadlocks in the child.
  pid = os.fork()

[2024-09-27T18:28:44.493+0000] {standard_task_runner.py:72} INFO - Started process 13392 to run task
[2024-09-27T18:28:44.904+0000] {task_command.py:467} INFO - Running <TaskInstance: scrape_and_save_share_prices_with_company_data.create_company_table scheduled__2023-12-28T00:00:00+00:00 [running]> on host 13b5797a93ab
[2024-09-27T18:28:46.370+0000] {taskinstance.py:3131} INFO - Exporting env vars: AIRFLOW_CTX_DAG_OWNER='***' AIRFLOW_CTX_DAG_ID='scrape_and_save_share_prices_with_company_data' AIRFLOW_CTX_TASK_ID='create_company_table' AIRFLOW_CTX_EXECUTION_DATE='2023-12-28T00:00:00+00:00' AIRFLOW_CTX_TRY_NUMBER='1' AIRFLOW_CTX_DAG_RUN_ID='scheduled__2023-12-28T00:00:00+00:00'
[2024-09-27T18:28:46.463+0000] {logging_mixin.py:190} INFO - Task instance is in running state
[2024-09-27T18:28:46.464+0000] {logging_mixin.py:190} INFO -  Previous state of the Task instance: queued
[2024-09-27T18:28:46.465+0000] {logging_mixin.py:190} INFO - Current task name:create_company_table state:running start_date:2024-09-27 18:28:44.116315+00:00
[2024-09-27T18:28:46.469+0000] {logging_mixin.py:190} INFO - Dag name:scrape_and_save_share_prices_with_company_data and current dag run status:running
[2024-09-27T18:28:46.471+0000] {taskinstance.py:731} INFO - ::endgroup::
[2024-09-27T18:28:46.519+0000] {base.py:84} INFO - Retrieving connection 'dse_connection'
[2024-09-27T18:28:46.536+0000] {sql.py:509} INFO - Running statement: 
        CREATE TABLE IF NOT EXISTS company_list (
            company_id SERIAL PRIMARY KEY,
            company_trade_name VARCHAR(255) NOT NULL,
            company_url VARCHAR(255) NOT NULL,
            UNIQUE(company_trade_name)
        );
    , parameters: None
[2024-09-27T18:28:46.544+0000] {python.py:240} INFO - Done. Returned value was: None
[2024-09-27T18:28:46.620+0000] {taskinstance.py:340} INFO - ::group::Post task execution logs
[2024-09-27T18:28:46.625+0000] {taskinstance.py:352} INFO - Marking task as SUCCESS. dag_id=scrape_and_save_share_prices_with_company_data, task_id=create_company_table, run_id=scheduled__2023-12-28T00:00:00+00:00, execution_date=20231228T000000, start_date=20240927T182844, end_date=20240927T182846
[2024-09-27T18:28:46.683+0000] {logging_mixin.py:190} INFO - Task instance in success state
[2024-09-27T18:28:46.690+0000] {logging_mixin.py:190} INFO -  Previous state of the Task instance: running
[2024-09-27T18:28:46.692+0000] {logging_mixin.py:190} INFO - Dag name:scrape_and_save_share_prices_with_company_data queued_at:2024-09-27 18:28:31.177971+00:00
[2024-09-27T18:28:46.695+0000] {logging_mixin.py:190} INFO - Task hostname:13b5797a93ab operator:PythonOperator
[2024-09-27T18:28:46.801+0000] {local_task_job_runner.py:266} INFO - Task exited with return code 0
[2024-09-27T18:28:46.863+0000] {local_task_job_runner.py:245} INFO - ::endgroup::
[2024-09-27T22:19:27.963+0000] {local_task_job_runner.py:123} INFO - ::group::Pre task execution logs
[2024-09-27T22:19:28.046+0000] {taskinstance.py:2612} INFO - Dependencies all met for dep_context=non-requeueable deps ti=<TaskInstance: scrape_and_save_share_prices_with_company_data.create_company_table scheduled__2023-12-28T00:00:00+00:00 [queued]>
[2024-09-27T22:19:28.103+0000] {taskinstance.py:2612} INFO - Dependencies all met for dep_context=requeueable deps ti=<TaskInstance: scrape_and_save_share_prices_with_company_data.create_company_table scheduled__2023-12-28T00:00:00+00:00 [queued]>
[2024-09-27T22:19:28.124+0000] {taskinstance.py:2865} INFO - Starting attempt 1 of 2
[2024-09-27T22:19:28.301+0000] {taskinstance.py:2888} INFO - Executing <Task(PythonOperator): create_company_table> on 2023-12-28 00:00:00+00:00
[2024-09-27T22:19:28.329+0000] {warnings.py:112} WARNING - /home/***/.local/lib/python3.12/site-packages/***/task/task_runner/standard_task_runner.py:70: DeprecationWarning: This process (pid=2219) is multi-threaded, use of fork() may lead to deadlocks in the child.
  pid = os.fork()

[2024-09-27T22:19:28.333+0000] {standard_task_runner.py:72} INFO - Started process 2251 to run task
[2024-09-27T22:19:28.344+0000] {standard_task_runner.py:104} INFO - Running: ['***', 'tasks', 'run', 'scrape_and_save_share_prices_with_company_data', 'create_company_table', 'scheduled__2023-12-28T00:00:00+00:00', '--job-id', '2519', '--raw', '--subdir', 'DAGS_FOLDER/dag.py', '--cfg-path', '/tmp/tmpdjcu_ysx']
[2024-09-27T22:19:28.347+0000] {standard_task_runner.py:105} INFO - Job 2519: Subtask create_company_table
[2024-09-27T22:19:28.609+0000] {task_command.py:467} INFO - Running <TaskInstance: scrape_and_save_share_prices_with_company_data.create_company_table scheduled__2023-12-28T00:00:00+00:00 [running]> on host fd62fe12432d
[2024-09-27T22:19:28.949+0000] {taskinstance.py:3131} INFO - Exporting env vars: AIRFLOW_CTX_DAG_OWNER='***' AIRFLOW_CTX_DAG_ID='scrape_and_save_share_prices_with_company_data' AIRFLOW_CTX_TASK_ID='create_company_table' AIRFLOW_CTX_EXECUTION_DATE='2023-12-28T00:00:00+00:00' AIRFLOW_CTX_TRY_NUMBER='1' AIRFLOW_CTX_DAG_RUN_ID='scheduled__2023-12-28T00:00:00+00:00'
[2024-09-27T22:19:28.952+0000] {logging_mixin.py:190} INFO - Task instance is in running state
[2024-09-27T22:19:28.953+0000] {logging_mixin.py:190} INFO -  Previous state of the Task instance: queued
[2024-09-27T22:19:28.955+0000] {logging_mixin.py:190} INFO - Current task name:create_company_table state:running start_date:2024-09-27 22:19:28.048229+00:00
[2024-09-27T22:19:28.957+0000] {logging_mixin.py:190} INFO - Dag name:scrape_and_save_share_prices_with_company_data and current dag run status:running
[2024-09-27T22:19:28.960+0000] {taskinstance.py:731} INFO - ::endgroup::
[2024-09-27T22:19:29.019+0000] {base.py:84} INFO - Retrieving connection 'dse_connection'
[2024-09-27T22:19:29.030+0000] {sql.py:509} INFO - Running statement: 
        CREATE TABLE IF NOT EXISTS company_list (
            company_id SERIAL PRIMARY KEY,
            company_trade_name VARCHAR(255) NOT NULL,
            company_url VARCHAR(255) NOT NULL,
            UNIQUE(company_trade_name)
        );
    , parameters: None
[2024-09-27T22:19:29.032+0000] {python.py:240} INFO - Done. Returned value was: None
[2024-09-27T22:19:29.071+0000] {taskinstance.py:340} INFO - ::group::Post task execution logs
[2024-09-27T22:19:29.084+0000] {taskinstance.py:352} INFO - Marking task as SUCCESS. dag_id=scrape_and_save_share_prices_with_company_data, task_id=create_company_table, run_id=scheduled__2023-12-28T00:00:00+00:00, execution_date=20231228T000000, start_date=20240927T221928, end_date=20240927T221929
[2024-09-27T22:19:29.151+0000] {logging_mixin.py:190} INFO - Task instance in success state
[2024-09-27T22:19:29.153+0000] {logging_mixin.py:190} INFO -  Previous state of the Task instance: running
[2024-09-27T22:19:29.154+0000] {logging_mixin.py:190} INFO - Dag name:scrape_and_save_share_prices_with_company_data queued_at:2024-09-27 22:19:17.476382+00:00
[2024-09-27T22:19:29.156+0000] {logging_mixin.py:190} INFO - Task hostname:fd62fe12432d operator:PythonOperator
[2024-09-27T22:19:29.219+0000] {local_task_job_runner.py:266} INFO - Task exited with return code 0
[2024-09-27T22:19:29.257+0000] {local_task_job_runner.py:245} INFO - ::endgroup::
[2024-09-27T22:56:15.328+0000] {local_task_job_runner.py:123} INFO - ::group::Pre task execution logs
[2024-09-27T22:56:15.509+0000] {taskinstance.py:2612} INFO - Dependencies all met for dep_context=non-requeueable deps ti=<TaskInstance: scrape_and_save_share_prices_with_company_data.create_company_table scheduled__2023-12-28T00:00:00+00:00 [queued]>
[2024-09-27T22:56:15.595+0000] {taskinstance.py:2612} INFO - Dependencies all met for dep_context=requeueable deps ti=<TaskInstance: scrape_and_save_share_prices_with_company_data.create_company_table scheduled__2023-12-28T00:00:00+00:00 [queued]>
[2024-09-27T22:56:15.596+0000] {taskinstance.py:2865} INFO - Starting attempt 1 of 2
[2024-09-27T22:56:15.675+0000] {taskinstance.py:2888} INFO - Executing <Task(PythonOperator): create_company_table> on 2023-12-28 00:00:00+00:00
[2024-09-27T22:56:15.715+0000] {warnings.py:112} WARNING - /home/***/.local/lib/python3.12/site-packages/***/task/task_runner/standard_task_runner.py:70: DeprecationWarning: This process (pid=1866) is multi-threaded, use of fork() may lead to deadlocks in the child.
  pid = os.fork()

[2024-09-27T22:56:15.731+0000] {standard_task_runner.py:72} INFO - Started process 1885 to run task
[2024-09-27T22:56:15.755+0000] {standard_task_runner.py:104} INFO - Running: ['***', 'tasks', 'run', 'scrape_and_save_share_prices_with_company_data', 'create_company_table', 'scheduled__2023-12-28T00:00:00+00:00', '--job-id', '2970', '--raw', '--subdir', 'DAGS_FOLDER/dag.py', '--cfg-path', '/tmp/tmpmynhnicc']
[2024-09-27T22:56:15.766+0000] {standard_task_runner.py:105} INFO - Job 2970: Subtask create_company_table
[2024-09-27T22:56:16.045+0000] {task_command.py:467} INFO - Running <TaskInstance: scrape_and_save_share_prices_with_company_data.create_company_table scheduled__2023-12-28T00:00:00+00:00 [running]> on host 7746de5121f6
[2024-09-27T22:56:16.585+0000] {taskinstance.py:3131} INFO - Exporting env vars: AIRFLOW_CTX_DAG_OWNER='***' AIRFLOW_CTX_DAG_ID='scrape_and_save_share_prices_with_company_data' AIRFLOW_CTX_TASK_ID='create_company_table' AIRFLOW_CTX_EXECUTION_DATE='2023-12-28T00:00:00+00:00' AIRFLOW_CTX_TRY_NUMBER='1' AIRFLOW_CTX_DAG_RUN_ID='scheduled__2023-12-28T00:00:00+00:00'
[2024-09-27T22:56:16.588+0000] {logging_mixin.py:190} INFO - Task instance is in running state
[2024-09-27T22:56:16.592+0000] {logging_mixin.py:190} INFO -  Previous state of the Task instance: queued
[2024-09-27T22:56:16.594+0000] {logging_mixin.py:190} INFO - Current task name:create_company_table state:running start_date:2024-09-27 22:56:15.518783+00:00
[2024-09-27T22:56:16.595+0000] {logging_mixin.py:190} INFO - Dag name:scrape_and_save_share_prices_with_company_data and current dag run status:running
[2024-09-27T22:56:16.597+0000] {taskinstance.py:731} INFO - ::endgroup::
[2024-09-27T22:56:16.692+0000] {base.py:84} INFO - Retrieving connection 'dse_connection'
[2024-09-27T22:56:16.713+0000] {sql.py:509} INFO - Running statement: 
        CREATE TABLE IF NOT EXISTS company_list (
            company_id SERIAL PRIMARY KEY,
            company_trade_name VARCHAR(255) NOT NULL,
            company_url VARCHAR(255) NOT NULL,
            UNIQUE(company_trade_name)
        );
    , parameters: None
[2024-09-27T22:56:16.738+0000] {python.py:240} INFO - Done. Returned value was: None
[2024-09-27T22:56:16.879+0000] {taskinstance.py:340} INFO - ::group::Post task execution logs
[2024-09-27T22:56:16.883+0000] {taskinstance.py:352} INFO - Marking task as SUCCESS. dag_id=scrape_and_save_share_prices_with_company_data, task_id=create_company_table, run_id=scheduled__2023-12-28T00:00:00+00:00, execution_date=20231228T000000, start_date=20240927T225615, end_date=20240927T225616
[2024-09-27T22:56:17.030+0000] {logging_mixin.py:190} INFO - Task instance in success state
[2024-09-27T22:56:17.036+0000] {logging_mixin.py:190} INFO -  Previous state of the Task instance: running
[2024-09-27T22:56:17.042+0000] {logging_mixin.py:190} INFO - Dag name:scrape_and_save_share_prices_with_company_data queued_at:2024-09-27 22:56:09.078127+00:00
[2024-09-27T22:56:17.044+0000] {logging_mixin.py:190} INFO - Task hostname:7746de5121f6 operator:PythonOperator
[2024-09-27T22:56:17.165+0000] {local_task_job_runner.py:266} INFO - Task exited with return code 0
[2024-09-27T22:56:17.339+0000] {taskinstance.py:3900} INFO - 1 downstream tasks scheduled from follow-on schedule check
[2024-09-27T22:56:17.366+0000] {local_task_job_runner.py:245} INFO - ::endgroup::
