[2024-09-27T18:47:50.191+0000] {local_task_job_runner.py:123} INFO - ::group::Pre task execution logs
[2024-09-27T18:47:50.230+0000] {taskinstance.py:2612} INFO - Dependencies all met for dep_context=non-requeueable deps ti=<TaskInstance: scrape_and_save_share_prices_with_company_data.create_company_table scheduled__2024-02-22T00:00:00+00:00 [queued]>
[2024-09-27T18:47:50.249+0000] {taskinstance.py:2612} INFO - Dependencies all met for dep_context=requeueable deps ti=<TaskInstance: scrape_and_save_share_prices_with_company_data.create_company_table scheduled__2024-02-22T00:00:00+00:00 [queued]>
[2024-09-27T18:47:50.250+0000] {taskinstance.py:2865} INFO - Starting attempt 1 of 2
[2024-09-27T18:47:50.292+0000] {taskinstance.py:2888} INFO - Executing <Task(PythonOperator): create_company_table> on 2024-02-22 00:00:00+00:00
[2024-09-27T18:47:50.312+0000] {warnings.py:112} WARNING - /home/***/.local/lib/python3.12/site-packages/***/task/task_runner/standard_task_runner.py:70: DeprecationWarning: This process (pid=14650) is multi-threaded, use of fork() may lead to deadlocks in the child.
  pid = os.fork()

[2024-09-27T18:47:50.322+0000] {standard_task_runner.py:72} INFO - Started process 14668 to run task
[2024-09-27T18:47:50.334+0000] {standard_task_runner.py:104} INFO - Running: ['***', 'tasks', 'run', 'scrape_and_save_share_prices_with_company_data', 'create_company_table', 'scheduled__2024-02-22T00:00:00+00:00', '--job-id', '1724', '--raw', '--subdir', 'DAGS_FOLDER/dag.py', '--cfg-path', '/tmp/tmpt0vrk8qw']
[2024-09-27T18:47:50.337+0000] {standard_task_runner.py:105} INFO - Job 1724: Subtask create_company_table
[2024-09-27T18:47:50.608+0000] {task_command.py:467} INFO - Running <TaskInstance: scrape_and_save_share_prices_with_company_data.create_company_table scheduled__2024-02-22T00:00:00+00:00 [running]> on host 13b5797a93ab
[2024-09-27T18:47:51.151+0000] {taskinstance.py:3131} INFO - Exporting env vars: AIRFLOW_CTX_DAG_OWNER='***' AIRFLOW_CTX_DAG_ID='scrape_and_save_share_prices_with_company_data' AIRFLOW_CTX_TASK_ID='create_company_table' AIRFLOW_CTX_EXECUTION_DATE='2024-02-22T00:00:00+00:00' AIRFLOW_CTX_TRY_NUMBER='1' AIRFLOW_CTX_DAG_RUN_ID='scheduled__2024-02-22T00:00:00+00:00'
[2024-09-27T18:47:51.193+0000] {logging_mixin.py:190} INFO - Task instance is in running state
[2024-09-27T18:47:51.274+0000] {logging_mixin.py:190} INFO -  Previous state of the Task instance: queued
[2024-09-27T18:47:51.358+0000] {logging_mixin.py:190} INFO - Current task name:create_company_table state:running start_date:2024-09-27 18:47:50.231457+00:00
[2024-09-27T18:47:51.395+0000] {logging_mixin.py:190} INFO - Dag name:scrape_and_save_share_prices_with_company_data and current dag run status:running
[2024-09-27T18:47:51.423+0000] {taskinstance.py:731} INFO - ::endgroup::
[2024-09-27T18:47:51.513+0000] {base.py:84} INFO - Retrieving connection 'dse_connection'
[2024-09-27T18:47:51.564+0000] {sql.py:509} INFO - Running statement: 
        CREATE TABLE IF NOT EXISTS company_list (
            company_id SERIAL PRIMARY KEY,
            company_trade_name VARCHAR(255) NOT NULL,
            company_url VARCHAR(255) NOT NULL,
            UNIQUE(company_trade_name)
        );
    , parameters: None
[2024-09-27T18:47:51.593+0000] {python.py:240} INFO - Done. Returned value was: None
[2024-09-27T18:47:51.729+0000] {taskinstance.py:340} INFO - ::group::Post task execution logs
[2024-09-27T18:47:51.736+0000] {taskinstance.py:352} INFO - Marking task as SUCCESS. dag_id=scrape_and_save_share_prices_with_company_data, task_id=create_company_table, run_id=scheduled__2024-02-22T00:00:00+00:00, execution_date=20240222T000000, start_date=20240927T184750, end_date=20240927T184751
[2024-09-27T18:47:51.881+0000] {logging_mixin.py:190} INFO - Task instance in success state
[2024-09-27T18:47:51.883+0000] {logging_mixin.py:190} INFO -  Previous state of the Task instance: running
[2024-09-27T18:47:51.884+0000] {logging_mixin.py:190} INFO - Dag name:scrape_and_save_share_prices_with_company_data queued_at:2024-09-27 18:47:45.046244+00:00
[2024-09-27T18:47:51.908+0000] {logging_mixin.py:190} INFO - Task hostname:13b5797a93ab operator:PythonOperator
[2024-09-27T18:47:51.995+0000] {local_task_job_runner.py:266} INFO - Task exited with return code 0
[2024-09-27T18:47:52.184+0000] {taskinstance.py:3900} INFO - 1 downstream tasks scheduled from follow-on schedule check
[2024-09-27T18:47:52.200+0000] {local_task_job_runner.py:245} INFO - ::endgroup::
[2024-09-27T23:05:38.059+0000] {local_task_job_runner.py:123} INFO - ::group::Pre task execution logs
[2024-09-27T23:05:38.169+0000] {taskinstance.py:2612} INFO - Dependencies all met for dep_context=non-requeueable deps ti=<TaskInstance: scrape_and_save_share_prices_with_company_data.create_company_table scheduled__2024-02-22T00:00:00+00:00 [queued]>
[2024-09-27T23:05:38.204+0000] {taskinstance.py:2612} INFO - Dependencies all met for dep_context=requeueable deps ti=<TaskInstance: scrape_and_save_share_prices_with_company_data.create_company_table scheduled__2024-02-22T00:00:00+00:00 [queued]>
[2024-09-27T23:05:38.206+0000] {taskinstance.py:2865} INFO - Starting attempt 1 of 2
[2024-09-27T23:05:38.278+0000] {taskinstance.py:2888} INFO - Executing <Task(PythonOperator): create_company_table> on 2024-02-22 00:00:00+00:00
[2024-09-27T23:05:38.300+0000] {warnings.py:112} WARNING - /home/***/.local/lib/python3.12/site-packages/***/task/task_runner/standard_task_runner.py:70: DeprecationWarning: This process (pid=2783) is multi-threaded, use of fork() may lead to deadlocks in the child.
  pid = os.fork()

[2024-09-27T23:05:38.311+0000] {standard_task_runner.py:72} INFO - Started process 2811 to run task
[2024-09-27T23:05:38.326+0000] {standard_task_runner.py:104} INFO - Running: ['***', 'tasks', 'run', 'scrape_and_save_share_prices_with_company_data', 'create_company_table', 'scheduled__2024-02-22T00:00:00+00:00', '--job-id', '3178', '--raw', '--subdir', 'DAGS_FOLDER/dag.py', '--cfg-path', '/tmp/tmprep1fg2v']
[2024-09-27T23:05:38.331+0000] {standard_task_runner.py:105} INFO - Job 3178: Subtask create_company_table
[2024-09-27T23:05:38.518+0000] {task_command.py:467} INFO - Running <TaskInstance: scrape_and_save_share_prices_with_company_data.create_company_table scheduled__2024-02-22T00:00:00+00:00 [running]> on host 7746de5121f6
[2024-09-27T23:05:38.963+0000] {taskinstance.py:3131} INFO - Exporting env vars: AIRFLOW_CTX_DAG_OWNER='***' AIRFLOW_CTX_DAG_ID='scrape_and_save_share_prices_with_company_data' AIRFLOW_CTX_TASK_ID='create_company_table' AIRFLOW_CTX_EXECUTION_DATE='2024-02-22T00:00:00+00:00' AIRFLOW_CTX_TRY_NUMBER='1' AIRFLOW_CTX_DAG_RUN_ID='scheduled__2024-02-22T00:00:00+00:00'
[2024-09-27T23:05:38.976+0000] {logging_mixin.py:190} INFO - Task instance is in running state
[2024-09-27T23:05:38.992+0000] {logging_mixin.py:190} INFO -  Previous state of the Task instance: queued
[2024-09-27T23:05:39.009+0000] {logging_mixin.py:190} INFO - Current task name:create_company_table state:running start_date:2024-09-27 23:05:38.171383+00:00
[2024-09-27T23:05:39.022+0000] {logging_mixin.py:190} INFO - Dag name:scrape_and_save_share_prices_with_company_data and current dag run status:running
[2024-09-27T23:05:39.026+0000] {taskinstance.py:731} INFO - ::endgroup::
[2024-09-27T23:05:39.084+0000] {base.py:84} INFO - Retrieving connection 'dse_connection'
[2024-09-27T23:05:39.135+0000] {sql.py:509} INFO - Running statement: 
        CREATE TABLE IF NOT EXISTS company_list (
            company_id SERIAL PRIMARY KEY,
            company_trade_name VARCHAR(255) NOT NULL,
            company_url VARCHAR(255) NOT NULL,
            UNIQUE(company_trade_name)
        );
    , parameters: None
[2024-09-27T23:05:39.163+0000] {python.py:240} INFO - Done. Returned value was: None
[2024-09-27T23:05:39.244+0000] {taskinstance.py:340} INFO - ::group::Post task execution logs
[2024-09-27T23:05:39.250+0000] {taskinstance.py:352} INFO - Marking task as SUCCESS. dag_id=scrape_and_save_share_prices_with_company_data, task_id=create_company_table, run_id=scheduled__2024-02-22T00:00:00+00:00, execution_date=20240222T000000, start_date=20240927T230538, end_date=20240927T230539
[2024-09-27T23:05:39.349+0000] {logging_mixin.py:190} INFO - Task instance in success state
[2024-09-27T23:05:39.356+0000] {logging_mixin.py:190} INFO -  Previous state of the Task instance: running
[2024-09-27T23:05:39.358+0000] {logging_mixin.py:190} INFO - Dag name:scrape_and_save_share_prices_with_company_data queued_at:2024-09-27 23:05:31.395682+00:00
[2024-09-27T23:05:39.360+0000] {logging_mixin.py:190} INFO - Task hostname:7746de5121f6 operator:PythonOperator
[2024-09-27T23:05:39.484+0000] {local_task_job_runner.py:266} INFO - Task exited with return code 0
[2024-09-27T23:05:39.550+0000] {local_task_job_runner.py:245} INFO - ::endgroup::
