[2024-10-11T21:48:18.843+0000] {processor.py:186} INFO - Started process (PID=88) to work on /home/airflow/.local/lib/python3.12/site-packages/airflow/example_dags/example_subdag_operator.py
[2024-10-11T21:48:18.845+0000] {processor.py:914} INFO - Processing file /home/airflow/.local/lib/python3.12/site-packages/airflow/example_dags/example_subdag_operator.py for tasks to queue
[2024-10-11T21:48:18.849+0000] {logging_mixin.py:190} INFO - [2024-10-11T21:48:18.849+0000] {dagbag.py:588} INFO - Filling up the DagBag from /home/airflow/.local/lib/python3.12/site-packages/airflow/example_dags/example_subdag_operator.py
[2024-10-11T21:48:18.883+0000] {processor.py:925} INFO - DAG(s) 'example_subdag_operator.section-1', 'example_subdag_operator.section-2', 'example_subdag_operator' retrieved from /home/airflow/.local/lib/python3.12/site-packages/airflow/example_dags/example_subdag_operator.py
[2024-10-11T21:48:18.922+0000] {logging_mixin.py:190} INFO - [2024-10-11T21:48:18.922+0000] {dag.py:3239} INFO - Sync 3 DAGs
[2024-10-11T21:48:18.971+0000] {logging_mixin.py:190} INFO - [2024-10-11T21:48:18.971+0000] {dag.py:4180} INFO - Setting next_dagrun for example_subdag_operator to 2022-01-01 00:00:00+00:00, run_after=2022-01-01 00:00:00+00:00
[2024-10-11T21:48:18.976+0000] {logging_mixin.py:190} INFO - [2024-10-11T21:48:18.976+0000] {dag.py:4180} INFO - Setting next_dagrun for example_subdag_operator.section-1 to None, run_after=None
[2024-10-11T21:48:18.979+0000] {logging_mixin.py:190} INFO - [2024-10-11T21:48:18.978+0000] {dag.py:4180} INFO - Setting next_dagrun for example_subdag_operator.section-2 to None, run_after=None
[2024-10-11T21:48:18.988+0000] {logging_mixin.py:190} INFO - [2024-10-11T21:48:18.988+0000] {dag.py:3239} INFO - Sync 2 DAGs
[2024-10-11T21:48:18.996+0000] {logging_mixin.py:190} INFO - [2024-10-11T21:48:18.996+0000] {dag.py:4180} INFO - Setting next_dagrun for example_subdag_operator.section-1 to None, run_after=None
[2024-10-11T21:48:18.997+0000] {logging_mixin.py:190} INFO - [2024-10-11T21:48:18.997+0000] {dag.py:4180} INFO - Setting next_dagrun for example_subdag_operator.section-2 to None, run_after=None
[2024-10-11T21:48:19.013+0000] {processor.py:208} INFO - Processing /home/airflow/.local/lib/python3.12/site-packages/airflow/example_dags/example_subdag_operator.py took 0.182 seconds
[2024-10-11T21:48:49.150+0000] {processor.py:186} INFO - Started process (PID=156) to work on /home/airflow/.local/lib/python3.12/site-packages/airflow/example_dags/example_subdag_operator.py
[2024-10-11T21:48:49.152+0000] {processor.py:914} INFO - Processing file /home/airflow/.local/lib/python3.12/site-packages/airflow/example_dags/example_subdag_operator.py for tasks to queue
[2024-10-11T21:48:49.154+0000] {logging_mixin.py:190} INFO - [2024-10-11T21:48:49.154+0000] {dagbag.py:588} INFO - Filling up the DagBag from /home/airflow/.local/lib/python3.12/site-packages/airflow/example_dags/example_subdag_operator.py
[2024-10-11T21:48:49.191+0000] {processor.py:925} INFO - DAG(s) 'example_subdag_operator.section-1', 'example_subdag_operator.section-2', 'example_subdag_operator' retrieved from /home/airflow/.local/lib/python3.12/site-packages/airflow/example_dags/example_subdag_operator.py
[2024-10-11T21:48:49.213+0000] {logging_mixin.py:190} INFO - [2024-10-11T21:48:49.213+0000] {dag.py:3239} INFO - Sync 3 DAGs
[2024-10-11T21:48:49.243+0000] {logging_mixin.py:190} INFO - [2024-10-11T21:48:49.243+0000] {dag.py:4180} INFO - Setting next_dagrun for example_subdag_operator to 2022-01-01 00:00:00+00:00, run_after=2022-01-01 00:00:00+00:00
[2024-10-11T21:48:49.249+0000] {logging_mixin.py:190} INFO - [2024-10-11T21:48:49.249+0000] {dag.py:4180} INFO - Setting next_dagrun for example_subdag_operator.section-1 to None, run_after=None
[2024-10-11T21:48:49.251+0000] {logging_mixin.py:190} INFO - [2024-10-11T21:48:49.251+0000] {dag.py:4180} INFO - Setting next_dagrun for example_subdag_operator.section-2 to None, run_after=None
[2024-10-11T21:48:49.269+0000] {logging_mixin.py:190} INFO - [2024-10-11T21:48:49.268+0000] {dag.py:3239} INFO - Sync 2 DAGs
[2024-10-11T21:48:49.285+0000] {logging_mixin.py:190} INFO - [2024-10-11T21:48:49.285+0000] {dag.py:4180} INFO - Setting next_dagrun for example_subdag_operator.section-1 to None, run_after=None
[2024-10-11T21:48:49.287+0000] {logging_mixin.py:190} INFO - [2024-10-11T21:48:49.286+0000] {dag.py:4180} INFO - Setting next_dagrun for example_subdag_operator.section-2 to None, run_after=None
[2024-10-11T21:48:49.306+0000] {processor.py:208} INFO - Processing /home/airflow/.local/lib/python3.12/site-packages/airflow/example_dags/example_subdag_operator.py took 0.163 seconds
