[2024-09-27T21:34:58.047+0000] {local_task_job_runner.py:123} INFO - ::group::Pre task execution logs
[2024-09-27T21:34:58.089+0000] {taskinstance.py:2612} INFO - Dependencies all met for dep_context=non-requeueable deps ti=<TaskInstance: scrape_and_save_share_prices_with_company_data.create_company_table scheduled__2024-05-26T00:00:00+00:00 [queued]>
[2024-09-27T21:34:58.103+0000] {taskinstance.py:2612} INFO - Dependencies all met for dep_context=requeueable deps ti=<TaskInstance: scrape_and_save_share_prices_with_company_data.create_company_table scheduled__2024-05-26T00:00:00+00:00 [queued]>
[2024-09-27T21:34:58.104+0000] {taskinstance.py:2865} INFO - Starting attempt 1 of 2
[2024-09-27T21:34:58.132+0000] {taskinstance.py:2888} INFO - Executing <Task(PythonOperator): create_company_table> on 2024-05-26 00:00:00+00:00
[2024-09-27T21:34:58.156+0000] {standard_task_runner.py:104} INFO - Running: ['***', 'tasks', 'run', 'scrape_and_save_share_prices_with_company_data', 'create_company_table', 'scheduled__2024-05-26T00:00:00+00:00', '--job-id', '2118', '--raw', '--subdir', 'DAGS_FOLDER/dag.py', '--cfg-path', '/tmp/tmp2eteef0x']
[2024-09-27T21:34:58.159+0000] {standard_task_runner.py:105} INFO - Job 2118: Subtask create_company_table
[2024-09-27T21:34:58.155+0000] {warnings.py:112} WARNING - /home/***/.local/lib/python3.12/site-packages/***/task/task_runner/standard_task_runner.py:70: DeprecationWarning: This process (pid=194) is multi-threaded, use of fork() may lead to deadlocks in the child.
  pid = os.fork()

[2024-09-27T21:34:58.161+0000] {standard_task_runner.py:72} INFO - Started process 199 to run task
[2024-09-27T21:35:01.489+0000] {task_command.py:467} INFO - Running <TaskInstance: scrape_and_save_share_prices_with_company_data.create_company_table scheduled__2024-05-26T00:00:00+00:00 [running]> on host fd62fe12432d
[2024-09-27T21:35:02.814+0000] {taskinstance.py:3131} INFO - Exporting env vars: AIRFLOW_CTX_DAG_OWNER='***' AIRFLOW_CTX_DAG_ID='scrape_and_save_share_prices_with_company_data' AIRFLOW_CTX_TASK_ID='create_company_table' AIRFLOW_CTX_EXECUTION_DATE='2024-05-26T00:00:00+00:00' AIRFLOW_CTX_TRY_NUMBER='1' AIRFLOW_CTX_DAG_RUN_ID='scheduled__2024-05-26T00:00:00+00:00'
[2024-09-27T21:35:02.820+0000] {logging_mixin.py:190} INFO - Task instance is in running state
[2024-09-27T21:35:02.822+0000] {logging_mixin.py:190} INFO -  Previous state of the Task instance: queued
[2024-09-27T21:35:02.823+0000] {logging_mixin.py:190} INFO - Current task name:create_company_table state:running start_date:2024-09-27 21:34:58.090682+00:00
[2024-09-27T21:35:02.825+0000] {logging_mixin.py:190} INFO - Dag name:scrape_and_save_share_prices_with_company_data and current dag run status:running
[2024-09-27T21:35:02.826+0000] {taskinstance.py:731} INFO - ::endgroup::
[2024-09-27T21:35:06.459+0000] {base.py:84} INFO - Retrieving connection 'dse_connection'
[2024-09-27T21:35:27.705+0000] {logging_mixin.py:190} INFO - Error creating company table: connection to server at "172.23.0.3", port 5432 failed: Connection refused
	Is the server running on that host and accepting TCP/IP connections?
[2024-09-27T21:35:27.761+0000] {python.py:240} INFO - Done. Returned value was: None
[2024-09-27T21:35:43.506+0000] {taskinstance.py:340} INFO - ::group::Post task execution logs
[2024-09-27T21:35:43.512+0000] {taskinstance.py:352} INFO - Marking task as SUCCESS. dag_id=scrape_and_save_share_prices_with_company_data, task_id=create_company_table, run_id=scheduled__2024-05-26T00:00:00+00:00, execution_date=20240526T000000, start_date=20240927T213458, end_date=20240927T213543
[2024-09-27T21:35:43.527+0000] {job.py:229} INFO - Heartbeat recovered after 30.55 seconds
[2024-09-27T21:35:43.593+0000] {logging_mixin.py:190} INFO - Task instance in success state
[2024-09-27T21:35:43.623+0000] {logging_mixin.py:190} INFO -  Previous state of the Task instance: running
[2024-09-27T21:35:43.668+0000] {logging_mixin.py:190} INFO - Dag name:scrape_and_save_share_prices_with_company_data queued_at:2024-09-27 21:34:49.210155+00:00
[2024-09-27T21:35:43.673+0000] {logging_mixin.py:190} INFO - Task hostname:fd62fe12432d operator:PythonOperator
[2024-09-27T21:35:43.725+0000] {local_task_job_runner.py:266} INFO - Task exited with return code 0
[2024-09-27T21:35:43.907+0000] {taskinstance.py:3900} INFO - 1 downstream tasks scheduled from follow-on schedule check
[2024-09-27T21:35:43.915+0000] {standard_task_runner.py:217} INFO - Process not found (most likely exited), stop collecting metrics
[2024-09-27T21:35:43.939+0000] {local_task_job_runner.py:245} INFO - ::endgroup::
[2024-09-27T23:24:53.593+0000] {local_task_job_runner.py:123} INFO - ::group::Pre task execution logs
[2024-09-27T23:24:53.686+0000] {taskinstance.py:2612} INFO - Dependencies all met for dep_context=non-requeueable deps ti=<TaskInstance: scrape_and_save_share_prices_with_company_data.create_company_table scheduled__2024-05-26T00:00:00+00:00 [queued]>
[2024-09-27T23:24:53.740+0000] {taskinstance.py:2612} INFO - Dependencies all met for dep_context=requeueable deps ti=<TaskInstance: scrape_and_save_share_prices_with_company_data.create_company_table scheduled__2024-05-26T00:00:00+00:00 [queued]>
[2024-09-27T23:24:53.746+0000] {taskinstance.py:2865} INFO - Starting attempt 1 of 2
[2024-09-27T23:24:53.804+0000] {taskinstance.py:2888} INFO - Executing <Task(PythonOperator): create_company_table> on 2024-05-26 00:00:00+00:00
[2024-09-27T23:24:53.838+0000] {warnings.py:112} WARNING - /home/***/.local/lib/python3.12/site-packages/***/task/task_runner/standard_task_runner.py:70: DeprecationWarning: This process (pid=4560) is multi-threaded, use of fork() may lead to deadlocks in the child.
  pid = os.fork()

[2024-09-27T23:24:53.859+0000] {standard_task_runner.py:72} INFO - Started process 4570 to run task
[2024-09-27T23:24:53.895+0000] {standard_task_runner.py:104} INFO - Running: ['***', 'tasks', 'run', 'scrape_and_save_share_prices_with_company_data', 'create_company_table', 'scheduled__2024-05-26T00:00:00+00:00', '--job-id', '3568', '--raw', '--subdir', 'DAGS_FOLDER/dag.py', '--cfg-path', '/tmp/tmprk9fl35l']
[2024-09-27T23:24:53.899+0000] {standard_task_runner.py:105} INFO - Job 3568: Subtask create_company_table
[2024-09-27T23:24:54.107+0000] {task_command.py:467} INFO - Running <TaskInstance: scrape_and_save_share_prices_with_company_data.create_company_table scheduled__2024-05-26T00:00:00+00:00 [running]> on host 7746de5121f6
[2024-09-27T23:24:54.635+0000] {taskinstance.py:3131} INFO - Exporting env vars: AIRFLOW_CTX_DAG_OWNER='***' AIRFLOW_CTX_DAG_ID='scrape_and_save_share_prices_with_company_data' AIRFLOW_CTX_TASK_ID='create_company_table' AIRFLOW_CTX_EXECUTION_DATE='2024-05-26T00:00:00+00:00' AIRFLOW_CTX_TRY_NUMBER='1' AIRFLOW_CTX_DAG_RUN_ID='scheduled__2024-05-26T00:00:00+00:00'
[2024-09-27T23:24:54.649+0000] {logging_mixin.py:190} INFO - Task instance is in running state
[2024-09-27T23:24:54.672+0000] {logging_mixin.py:190} INFO -  Previous state of the Task instance: queued
[2024-09-27T23:24:54.674+0000] {logging_mixin.py:190} INFO - Current task name:create_company_table state:running start_date:2024-09-27 23:24:53.700448+00:00
[2024-09-27T23:24:54.675+0000] {logging_mixin.py:190} INFO - Dag name:scrape_and_save_share_prices_with_company_data and current dag run status:running
[2024-09-27T23:24:54.680+0000] {taskinstance.py:731} INFO - ::endgroup::
[2024-09-27T23:24:54.729+0000] {base.py:84} INFO - Retrieving connection 'dse_connection'
[2024-09-27T23:24:54.744+0000] {sql.py:509} INFO - Running statement: 
        CREATE TABLE IF NOT EXISTS company_list (
            company_id SERIAL PRIMARY KEY,
            company_trade_name VARCHAR(255) NOT NULL,
            company_url VARCHAR(255) NOT NULL,
            UNIQUE(company_trade_name)
        );
    , parameters: None
[2024-09-27T23:24:54.747+0000] {python.py:240} INFO - Done. Returned value was: None
[2024-09-27T23:24:54.782+0000] {taskinstance.py:340} INFO - ::group::Post task execution logs
[2024-09-27T23:24:54.784+0000] {taskinstance.py:352} INFO - Marking task as SUCCESS. dag_id=scrape_and_save_share_prices_with_company_data, task_id=create_company_table, run_id=scheduled__2024-05-26T00:00:00+00:00, execution_date=20240526T000000, start_date=20240927T232453, end_date=20240927T232454
[2024-09-27T23:24:54.831+0000] {logging_mixin.py:190} INFO - Task instance in success state
[2024-09-27T23:24:54.835+0000] {logging_mixin.py:190} INFO -  Previous state of the Task instance: running
[2024-09-27T23:24:54.839+0000] {logging_mixin.py:190} INFO - Dag name:scrape_and_save_share_prices_with_company_data queued_at:2024-09-27 23:24:41.934060+00:00
[2024-09-27T23:24:54.841+0000] {logging_mixin.py:190} INFO - Task hostname:7746de5121f6 operator:PythonOperator
[2024-09-27T23:24:54.911+0000] {local_task_job_runner.py:266} INFO - Task exited with return code 0
[2024-09-27T23:24:55.007+0000] {taskinstance.py:3900} INFO - 1 downstream tasks scheduled from follow-on schedule check
[2024-09-27T23:24:55.040+0000] {local_task_job_runner.py:245} INFO - ::endgroup::
