[2024-09-27T18:21:40.116+0000] {local_task_job_runner.py:123} INFO - ::group::Pre task execution logs
[2024-09-27T18:21:40.151+0000] {taskinstance.py:2612} INFO - Dependencies all met for dep_context=non-requeueable deps ti=<TaskInstance: scrape_and_save_share_prices_with_company_data.create_share_prices_table scheduled__2023-11-01T00:00:00+00:00 [queued]>
[2024-09-27T18:21:40.170+0000] {taskinstance.py:2612} INFO - Dependencies all met for dep_context=requeueable deps ti=<TaskInstance: scrape_and_save_share_prices_with_company_data.create_share_prices_table scheduled__2023-11-01T00:00:00+00:00 [queued]>
[2024-09-27T18:21:40.535+0000] {taskinstance.py:2865} INFO - Starting attempt 1 of 2
[2024-09-27T18:21:42.752+0000] {taskinstance.py:2888} INFO - Executing <Task(PythonOperator): create_share_prices_table> on 2023-11-01 00:00:00+00:00
[2024-09-27T18:21:42.771+0000] {standard_task_runner.py:104} INFO - Running: ['***', 'tasks', 'run', 'scrape_and_save_share_prices_with_company_data', 'create_share_prices_table', 'scheduled__2023-11-01T00:00:00+00:00', '--job-id', '1326', '--raw', '--subdir', 'DAGS_FOLDER/dag.py', '--cfg-path', '/tmp/tmp98kr2s4z']
[2024-09-27T18:21:42.778+0000] {standard_task_runner.py:105} INFO - Job 1326: Subtask create_share_prices_table
[2024-09-27T18:21:42.893+0000] {warnings.py:112} WARNING - /home/***/.local/lib/python3.12/site-packages/***/task/task_runner/standard_task_runner.py:70: DeprecationWarning: This process (pid=12804) is multi-threaded, use of fork() may lead to deadlocks in the child.
  pid = os.fork()

[2024-09-27T18:21:42.894+0000] {standard_task_runner.py:72} INFO - Started process 12809 to run task
[2024-09-27T18:21:46.789+0000] {task_command.py:467} INFO - Running <TaskInstance: scrape_and_save_share_prices_with_company_data.create_share_prices_table scheduled__2023-11-01T00:00:00+00:00 [running]> on host 13b5797a93ab
[2024-09-27T18:21:50.954+0000] {job.py:229} INFO - Heartbeat recovered after 14.32 seconds
[2024-09-27T18:21:54.694+0000] {taskinstance.py:3131} INFO - Exporting env vars: AIRFLOW_CTX_DAG_OWNER='***' AIRFLOW_CTX_DAG_ID='scrape_and_save_share_prices_with_company_data' AIRFLOW_CTX_TASK_ID='create_share_prices_table' AIRFLOW_CTX_EXECUTION_DATE='2023-11-01T00:00:00+00:00' AIRFLOW_CTX_TRY_NUMBER='1' AIRFLOW_CTX_DAG_RUN_ID='scheduled__2023-11-01T00:00:00+00:00'
[2024-09-27T18:21:54.806+0000] {logging_mixin.py:190} INFO - Task instance is in running state
[2024-09-27T18:21:54.807+0000] {logging_mixin.py:190} INFO -  Previous state of the Task instance: queued
[2024-09-27T18:21:54.808+0000] {logging_mixin.py:190} INFO - Current task name:create_share_prices_table state:running start_date:2024-09-27 18:21:40.152647+00:00
[2024-09-27T18:21:54.809+0000] {logging_mixin.py:190} INFO - Dag name:scrape_and_save_share_prices_with_company_data and current dag run status:running
[2024-09-27T18:21:54.810+0000] {taskinstance.py:731} INFO - ::endgroup::
[2024-09-27T18:21:54.826+0000] {base.py:84} INFO - Retrieving connection 'dse_connection'
[2024-09-27T18:21:54.838+0000] {sql.py:509} INFO - Running statement: 
        CREATE TABLE IF NOT EXISTS company_share_prices (
            id SERIAL,
            company_id INTEGER NOT NULL,
            date DATE,
            latest_trading_price VARCHAR(50),
            low_price VARCHAR(50),
            high_price VARCHAR(50),
            closing_price VARCHAR(50),
            ycp VARCHAR(50),
            change VARCHAR(10),
            trade VARCHAR(50),
            value VARCHAR(50),
            volume VARCHAR(50),
            PRIMARY KEY(company_id, id),
            FOREIGN KEY(company_id)
                REFERENCES company_list(company_id)
                ON UPDATE CASCADE ON DELETE CASCADE
        );
    , parameters: None
[2024-09-27T18:21:54.840+0000] {python.py:240} INFO - Done. Returned value was: None
[2024-09-27T18:21:54.855+0000] {taskinstance.py:340} INFO - ::group::Post task execution logs
[2024-09-27T18:21:54.856+0000] {taskinstance.py:352} INFO - Marking task as SUCCESS. dag_id=scrape_and_save_share_prices_with_company_data, task_id=create_share_prices_table, run_id=scheduled__2023-11-01T00:00:00+00:00, execution_date=20231101T000000, start_date=20240927T182140, end_date=20240927T182154
[2024-09-27T18:21:58.749+0000] {job.py:229} INFO - Heartbeat recovered after 11.05 seconds
[2024-09-27T18:21:58.750+0000] {logging_mixin.py:190} INFO - Task instance in success state
[2024-09-27T18:21:58.758+0000] {logging_mixin.py:190} INFO -  Previous state of the Task instance: running
[2024-09-27T18:21:58.761+0000] {logging_mixin.py:190} INFO - Dag name:scrape_and_save_share_prices_with_company_data queued_at:2024-09-27 18:13:40.307318+00:00
[2024-09-27T18:21:58.762+0000] {logging_mixin.py:190} INFO - Task hostname:13b5797a93ab operator:PythonOperator
[2024-09-27T18:21:58.806+0000] {local_task_job_runner.py:266} INFO - Task exited with return code 0
[2024-09-27T18:21:58.895+0000] {taskinstance.py:3900} INFO - 1 downstream tasks scheduled from follow-on schedule check
[2024-09-27T18:21:58.972+0000] {local_task_job_runner.py:245} INFO - ::endgroup::
[2024-09-27T22:05:25.880+0000] {local_task_job_runner.py:123} INFO - ::group::Pre task execution logs
[2024-09-27T22:05:26.104+0000] {taskinstance.py:2612} INFO - Dependencies all met for dep_context=non-requeueable deps ti=<TaskInstance: scrape_and_save_share_prices_with_company_data.create_share_prices_table scheduled__2023-11-01T00:00:00+00:00 [queued]>
[2024-09-27T22:05:26.160+0000] {taskinstance.py:2612} INFO - Dependencies all met for dep_context=requeueable deps ti=<TaskInstance: scrape_and_save_share_prices_with_company_data.create_share_prices_table scheduled__2023-11-01T00:00:00+00:00 [queued]>
[2024-09-27T22:05:26.162+0000] {taskinstance.py:2865} INFO - Starting attempt 1 of 2
[2024-09-27T22:05:26.959+0000] {taskinstance.py:2888} INFO - Executing <Task(PythonOperator): create_share_prices_table> on 2023-11-01 00:00:00+00:00
[2024-09-27T22:05:26.990+0000] {warnings.py:112} WARNING - /home/***/.local/lib/python3.12/site-packages/***/task/task_runner/standard_task_runner.py:70: DeprecationWarning: This process (pid=1151) is multi-threaded, use of fork() may lead to deadlocks in the child.
  pid = os.fork()

[2024-09-27T22:05:27.003+0000] {standard_task_runner.py:72} INFO - Started process 1175 to run task
[2024-09-27T22:05:27.010+0000] {standard_task_runner.py:104} INFO - Running: ['***', 'tasks', 'run', 'scrape_and_save_share_prices_with_company_data', 'create_share_prices_table', 'scheduled__2023-11-01T00:00:00+00:00', '--job-id', '2286', '--raw', '--subdir', 'DAGS_FOLDER/dag.py', '--cfg-path', '/tmp/tmpc4wct4k6']
[2024-09-27T22:05:27.015+0000] {standard_task_runner.py:105} INFO - Job 2286: Subtask create_share_prices_table
[2024-09-27T22:05:27.136+0000] {task_command.py:467} INFO - Running <TaskInstance: scrape_and_save_share_prices_with_company_data.create_share_prices_table scheduled__2023-11-01T00:00:00+00:00 [running]> on host fd62fe12432d
[2024-09-27T22:05:28.330+0000] {taskinstance.py:3131} INFO - Exporting env vars: AIRFLOW_CTX_DAG_OWNER='***' AIRFLOW_CTX_DAG_ID='scrape_and_save_share_prices_with_company_data' AIRFLOW_CTX_TASK_ID='create_share_prices_table' AIRFLOW_CTX_EXECUTION_DATE='2023-11-01T00:00:00+00:00' AIRFLOW_CTX_TRY_NUMBER='1' AIRFLOW_CTX_DAG_RUN_ID='scheduled__2023-11-01T00:00:00+00:00'
[2024-09-27T22:05:28.333+0000] {logging_mixin.py:190} INFO - Task instance is in running state
[2024-09-27T22:05:28.334+0000] {logging_mixin.py:190} INFO -  Previous state of the Task instance: queued
[2024-09-27T22:05:28.336+0000] {logging_mixin.py:190} INFO - Current task name:create_share_prices_table state:running start_date:2024-09-27 22:05:26.105797+00:00
[2024-09-27T22:05:28.337+0000] {logging_mixin.py:190} INFO - Dag name:scrape_and_save_share_prices_with_company_data and current dag run status:running
[2024-09-27T22:05:28.338+0000] {taskinstance.py:731} INFO - ::endgroup::
[2024-09-27T22:05:28.357+0000] {base.py:84} INFO - Retrieving connection 'dse_connection'
[2024-09-27T22:05:28.368+0000] {sql.py:509} INFO - Running statement: 
        CREATE TABLE IF NOT EXISTS company_share_prices (
            id SERIAL,
            company_id INTEGER NOT NULL,
            date DATE,
            latest_trading_price VARCHAR(50),
            low_price VARCHAR(50),
            high_price VARCHAR(50),
            closing_price VARCHAR(50),
            ycp VARCHAR(50),
            change VARCHAR(10),
            trade VARCHAR(50),
            value VARCHAR(50),
            volume VARCHAR(50),
            PRIMARY KEY(company_id, id),
            FOREIGN KEY(company_id)
                REFERENCES company_list(company_id)
                ON UPDATE CASCADE ON DELETE CASCADE
        );
    , parameters: None
[2024-09-27T22:05:28.374+0000] {python.py:240} INFO - Done. Returned value was: None
[2024-09-27T22:05:28.402+0000] {taskinstance.py:340} INFO - ::group::Post task execution logs
[2024-09-27T22:05:28.403+0000] {taskinstance.py:352} INFO - Marking task as SUCCESS. dag_id=scrape_and_save_share_prices_with_company_data, task_id=create_share_prices_table, run_id=scheduled__2023-11-01T00:00:00+00:00, execution_date=20231101T000000, start_date=20240927T220526, end_date=20240927T220528
[2024-09-27T22:05:28.455+0000] {logging_mixin.py:190} INFO - Task instance in success state
[2024-09-27T22:05:28.463+0000] {logging_mixin.py:190} INFO -  Previous state of the Task instance: running
[2024-09-27T22:05:28.467+0000] {logging_mixin.py:190} INFO - Dag name:scrape_and_save_share_prices_with_company_data queued_at:2024-09-27 22:03:31.854586+00:00
[2024-09-27T22:05:28.469+0000] {logging_mixin.py:190} INFO - Task hostname:fd62fe12432d operator:PythonOperator
[2024-09-27T22:05:28.500+0000] {local_task_job_runner.py:266} INFO - Task exited with return code 0
[2024-09-27T22:05:28.533+0000] {local_task_job_runner.py:245} INFO - ::endgroup::
[2024-09-27T22:45:29.478+0000] {local_task_job_runner.py:123} INFO - ::group::Pre task execution logs
[2024-09-27T22:45:29.575+0000] {taskinstance.py:2612} INFO - Dependencies all met for dep_context=non-requeueable deps ti=<TaskInstance: scrape_and_save_share_prices_with_company_data.create_share_prices_table scheduled__2023-11-01T00:00:00+00:00 [queued]>
[2024-09-27T22:45:29.606+0000] {taskinstance.py:2612} INFO - Dependencies all met for dep_context=requeueable deps ti=<TaskInstance: scrape_and_save_share_prices_with_company_data.create_share_prices_table scheduled__2023-11-01T00:00:00+00:00 [queued]>
[2024-09-27T22:45:29.607+0000] {taskinstance.py:2865} INFO - Starting attempt 1 of 2
[2024-09-27T22:45:29.739+0000] {taskinstance.py:2888} INFO - Executing <Task(PythonOperator): create_share_prices_table> on 2023-11-01 00:00:00+00:00
[2024-09-27T22:45:29.774+0000] {standard_task_runner.py:104} INFO - Running: ['***', 'tasks', 'run', 'scrape_and_save_share_prices_with_company_data', 'create_share_prices_table', 'scheduled__2023-11-01T00:00:00+00:00', '--job-id', '2752', '--raw', '--subdir', 'DAGS_FOLDER/dag.py', '--cfg-path', '/tmp/tmpwns4c42l']
[2024-09-27T22:45:29.777+0000] {standard_task_runner.py:105} INFO - Job 2752: Subtask create_share_prices_table
[2024-09-27T22:45:29.772+0000] {warnings.py:112} WARNING - /home/***/.local/lib/python3.12/site-packages/***/task/task_runner/standard_task_runner.py:70: DeprecationWarning: This process (pid=861) is multi-threaded, use of fork() may lead to deadlocks in the child.
  pid = os.fork()

[2024-09-27T22:45:29.794+0000] {standard_task_runner.py:72} INFO - Started process 906 to run task
[2024-09-27T22:45:30.093+0000] {task_command.py:467} INFO - Running <TaskInstance: scrape_and_save_share_prices_with_company_data.create_share_prices_table scheduled__2023-11-01T00:00:00+00:00 [running]> on host 7746de5121f6
[2024-09-27T22:45:30.688+0000] {taskinstance.py:3131} INFO - Exporting env vars: AIRFLOW_CTX_DAG_OWNER='***' AIRFLOW_CTX_DAG_ID='scrape_and_save_share_prices_with_company_data' AIRFLOW_CTX_TASK_ID='create_share_prices_table' AIRFLOW_CTX_EXECUTION_DATE='2023-11-01T00:00:00+00:00' AIRFLOW_CTX_TRY_NUMBER='1' AIRFLOW_CTX_DAG_RUN_ID='scheduled__2023-11-01T00:00:00+00:00'
[2024-09-27T22:45:30.701+0000] {logging_mixin.py:190} INFO - Task instance is in running state
[2024-09-27T22:45:30.708+0000] {logging_mixin.py:190} INFO -  Previous state of the Task instance: queued
[2024-09-27T22:45:30.729+0000] {logging_mixin.py:190} INFO - Current task name:create_share_prices_table state:running start_date:2024-09-27 22:45:29.576715+00:00
[2024-09-27T22:45:30.733+0000] {logging_mixin.py:190} INFO - Dag name:scrape_and_save_share_prices_with_company_data and current dag run status:running
[2024-09-27T22:45:30.734+0000] {taskinstance.py:731} INFO - ::endgroup::
[2024-09-27T22:45:30.749+0000] {base.py:84} INFO - Retrieving connection 'dse_connection'
[2024-09-27T22:45:30.767+0000] {sql.py:509} INFO - Running statement: 
        CREATE TABLE IF NOT EXISTS company_share_prices (
            id SERIAL,
            company_id INTEGER NOT NULL,
            date DATE,
            latest_trading_price VARCHAR(50),
            low_price VARCHAR(50),
            high_price VARCHAR(50),
            closing_price VARCHAR(50),
            ycp VARCHAR(50),
            change VARCHAR(10),
            trade VARCHAR(50),
            value VARCHAR(50),
            volume VARCHAR(50),
            PRIMARY KEY(company_id, id),
            FOREIGN KEY(company_id)
                REFERENCES company_list(company_id)
                ON UPDATE CASCADE ON DELETE CASCADE
        );
    , parameters: None
[2024-09-27T22:45:30.771+0000] {python.py:240} INFO - Done. Returned value was: None
[2024-09-27T22:45:30.823+0000] {taskinstance.py:340} INFO - ::group::Post task execution logs
[2024-09-27T22:45:30.826+0000] {taskinstance.py:352} INFO - Marking task as SUCCESS. dag_id=scrape_and_save_share_prices_with_company_data, task_id=create_share_prices_table, run_id=scheduled__2023-11-01T00:00:00+00:00, execution_date=20231101T000000, start_date=20240927T224529, end_date=20240927T224530
[2024-09-27T22:45:30.900+0000] {logging_mixin.py:190} INFO - Task instance in success state
[2024-09-27T22:45:30.911+0000] {logging_mixin.py:190} INFO -  Previous state of the Task instance: running
[2024-09-27T22:45:30.920+0000] {logging_mixin.py:190} INFO - Dag name:scrape_and_save_share_prices_with_company_data queued_at:2024-09-27 22:42:52.559357+00:00
[2024-09-27T22:45:30.922+0000] {logging_mixin.py:190} INFO - Task hostname:7746de5121f6 operator:PythonOperator
[2024-09-27T22:45:31.046+0000] {local_task_job_runner.py:266} INFO - Task exited with return code 0
[2024-09-27T22:45:31.114+0000] {taskinstance.py:3900} INFO - 0 downstream tasks scheduled from follow-on schedule check
[2024-09-27T22:45:31.124+0000] {local_task_job_runner.py:245} INFO - ::endgroup::
