[2024-09-27T19:00:17.817+0000] {local_task_job_runner.py:123} INFO - ::group::Pre task execution logs
[2024-09-27T19:00:17.870+0000] {taskinstance.py:2612} INFO - Dependencies all met for dep_context=non-requeueable deps ti=<TaskInstance: scrape_and_save_share_prices_with_company_data.create_company_table scheduled__2024-03-17T00:00:00+00:00 [queued]>
[2024-09-27T19:00:17.909+0000] {taskinstance.py:2612} INFO - Dependencies all met for dep_context=requeueable deps ti=<TaskInstance: scrape_and_save_share_prices_with_company_data.create_company_table scheduled__2024-03-17T00:00:00+00:00 [queued]>
[2024-09-27T19:00:17.915+0000] {taskinstance.py:2865} INFO - Starting attempt 1 of 2
[2024-09-27T19:00:17.961+0000] {taskinstance.py:2888} INFO - Executing <Task(PythonOperator): create_company_table> on 2024-03-17 00:00:00+00:00
[2024-09-27T19:00:17.978+0000] {warnings.py:112} WARNING - /home/***/.local/lib/python3.12/site-packages/***/task/task_runner/standard_task_runner.py:70: DeprecationWarning: This process (pid=15390) is multi-threaded, use of fork() may lead to deadlocks in the child.
  pid = os.fork()

[2024-09-27T19:00:17.989+0000] {standard_task_runner.py:72} INFO - Started process 15412 to run task
[2024-09-27T19:00:17.985+0000] {standard_task_runner.py:104} INFO - Running: ['***', 'tasks', 'run', 'scrape_and_save_share_prices_with_company_data', 'create_company_table', 'scheduled__2024-03-17T00:00:00+00:00', '--job-id', '1871', '--raw', '--subdir', 'DAGS_FOLDER/dag.py', '--cfg-path', '/tmp/tmp08pfu02j']
[2024-09-27T19:00:17.997+0000] {standard_task_runner.py:105} INFO - Job 1871: Subtask create_company_table
[2024-09-27T19:00:18.218+0000] {task_command.py:467} INFO - Running <TaskInstance: scrape_and_save_share_prices_with_company_data.create_company_table scheduled__2024-03-17T00:00:00+00:00 [running]> on host 13b5797a93ab
[2024-09-27T19:00:18.491+0000] {taskinstance.py:3131} INFO - Exporting env vars: AIRFLOW_CTX_DAG_OWNER='***' AIRFLOW_CTX_DAG_ID='scrape_and_save_share_prices_with_company_data' AIRFLOW_CTX_TASK_ID='create_company_table' AIRFLOW_CTX_EXECUTION_DATE='2024-03-17T00:00:00+00:00' AIRFLOW_CTX_TRY_NUMBER='1' AIRFLOW_CTX_DAG_RUN_ID='scheduled__2024-03-17T00:00:00+00:00'
[2024-09-27T19:00:18.494+0000] {logging_mixin.py:190} INFO - Task instance is in running state
[2024-09-27T19:00:18.495+0000] {logging_mixin.py:190} INFO -  Previous state of the Task instance: queued
[2024-09-27T19:00:18.499+0000] {logging_mixin.py:190} INFO - Current task name:create_company_table state:running start_date:2024-09-27 19:00:17.872325+00:00
[2024-09-27T19:00:18.501+0000] {logging_mixin.py:190} INFO - Dag name:scrape_and_save_share_prices_with_company_data and current dag run status:running
[2024-09-27T19:00:18.502+0000] {taskinstance.py:731} INFO - ::endgroup::
[2024-09-27T19:00:18.558+0000] {base.py:84} INFO - Retrieving connection 'dse_connection'
[2024-09-27T19:00:18.564+0000] {sql.py:509} INFO - Running statement: 
        CREATE TABLE IF NOT EXISTS company_list (
            company_id SERIAL PRIMARY KEY,
            company_trade_name VARCHAR(255) NOT NULL,
            company_url VARCHAR(255) NOT NULL,
            UNIQUE(company_trade_name)
        );
    , parameters: None
[2024-09-27T19:00:18.569+0000] {python.py:240} INFO - Done. Returned value was: None
[2024-09-27T19:00:18.594+0000] {taskinstance.py:340} INFO - ::group::Post task execution logs
[2024-09-27T19:00:18.595+0000] {taskinstance.py:352} INFO - Marking task as SUCCESS. dag_id=scrape_and_save_share_prices_with_company_data, task_id=create_company_table, run_id=scheduled__2024-03-17T00:00:00+00:00, execution_date=20240317T000000, start_date=20240927T190017, end_date=20240927T190018
[2024-09-27T19:00:18.627+0000] {logging_mixin.py:190} INFO - Task instance in success state
[2024-09-27T19:00:18.629+0000] {logging_mixin.py:190} INFO -  Previous state of the Task instance: running
[2024-09-27T19:00:18.632+0000] {logging_mixin.py:190} INFO - Dag name:scrape_and_save_share_prices_with_company_data queued_at:2024-09-27 19:00:12.957843+00:00
[2024-09-27T19:00:18.633+0000] {logging_mixin.py:190} INFO - Task hostname:13b5797a93ab operator:PythonOperator
[2024-09-27T19:00:18.662+0000] {local_task_job_runner.py:266} INFO - Task exited with return code 0
[2024-09-27T19:00:18.751+0000] {taskinstance.py:3900} INFO - 1 downstream tasks scheduled from follow-on schedule check
[2024-09-27T19:00:18.756+0000] {local_task_job_runner.py:245} INFO - ::endgroup::
[2024-09-27T23:10:37.583+0000] {local_task_job_runner.py:123} INFO - ::group::Pre task execution logs
[2024-09-27T23:10:37.634+0000] {taskinstance.py:2612} INFO - Dependencies all met for dep_context=non-requeueable deps ti=<TaskInstance: scrape_and_save_share_prices_with_company_data.create_company_table scheduled__2024-03-17T00:00:00+00:00 [queued]>
[2024-09-27T23:10:37.660+0000] {taskinstance.py:2612} INFO - Dependencies all met for dep_context=requeueable deps ti=<TaskInstance: scrape_and_save_share_prices_with_company_data.create_company_table scheduled__2024-03-17T00:00:00+00:00 [queued]>
[2024-09-27T23:10:37.662+0000] {taskinstance.py:2865} INFO - Starting attempt 1 of 2
[2024-09-27T23:10:37.697+0000] {taskinstance.py:2888} INFO - Executing <Task(PythonOperator): create_company_table> on 2024-03-17 00:00:00+00:00
[2024-09-27T23:10:37.712+0000] {warnings.py:112} WARNING - /home/***/.local/lib/python3.12/site-packages/***/task/task_runner/standard_task_runner.py:70: DeprecationWarning: This process (pid=3295) is multi-threaded, use of fork() may lead to deadlocks in the child.
  pid = os.fork()

[2024-09-27T23:10:37.715+0000] {standard_task_runner.py:72} INFO - Started process 3324 to run task
[2024-09-27T23:10:37.717+0000] {standard_task_runner.py:104} INFO - Running: ['***', 'tasks', 'run', 'scrape_and_save_share_prices_with_company_data', 'create_company_table', 'scheduled__2024-03-17T00:00:00+00:00', '--job-id', '3294', '--raw', '--subdir', 'DAGS_FOLDER/dag.py', '--cfg-path', '/tmp/tmpoeadu80g']
[2024-09-27T23:10:37.721+0000] {standard_task_runner.py:105} INFO - Job 3294: Subtask create_company_table
[2024-09-27T23:10:37.814+0000] {task_command.py:467} INFO - Running <TaskInstance: scrape_and_save_share_prices_with_company_data.create_company_table scheduled__2024-03-17T00:00:00+00:00 [running]> on host 7746de5121f6
[2024-09-27T23:10:38.043+0000] {taskinstance.py:3131} INFO - Exporting env vars: AIRFLOW_CTX_DAG_OWNER='***' AIRFLOW_CTX_DAG_ID='scrape_and_save_share_prices_with_company_data' AIRFLOW_CTX_TASK_ID='create_company_table' AIRFLOW_CTX_EXECUTION_DATE='2024-03-17T00:00:00+00:00' AIRFLOW_CTX_TRY_NUMBER='1' AIRFLOW_CTX_DAG_RUN_ID='scheduled__2024-03-17T00:00:00+00:00'
[2024-09-27T23:10:38.045+0000] {logging_mixin.py:190} INFO - Task instance is in running state
[2024-09-27T23:10:38.046+0000] {logging_mixin.py:190} INFO -  Previous state of the Task instance: queued
[2024-09-27T23:10:38.047+0000] {logging_mixin.py:190} INFO - Current task name:create_company_table state:running start_date:2024-09-27 23:10:37.636072+00:00
[2024-09-27T23:10:38.048+0000] {logging_mixin.py:190} INFO - Dag name:scrape_and_save_share_prices_with_company_data and current dag run status:running
[2024-09-27T23:10:38.049+0000] {taskinstance.py:731} INFO - ::endgroup::
[2024-09-27T23:10:38.070+0000] {base.py:84} INFO - Retrieving connection 'dse_connection'
[2024-09-27T23:10:38.078+0000] {sql.py:509} INFO - Running statement: 
        CREATE TABLE IF NOT EXISTS company_list (
            company_id SERIAL PRIMARY KEY,
            company_trade_name VARCHAR(255) NOT NULL,
            company_url VARCHAR(255) NOT NULL,
            UNIQUE(company_trade_name)
        );
    , parameters: None
[2024-09-27T23:10:38.082+0000] {python.py:240} INFO - Done. Returned value was: None
[2024-09-27T23:10:38.110+0000] {taskinstance.py:340} INFO - ::group::Post task execution logs
[2024-09-27T23:10:38.111+0000] {taskinstance.py:352} INFO - Marking task as SUCCESS. dag_id=scrape_and_save_share_prices_with_company_data, task_id=create_company_table, run_id=scheduled__2024-03-17T00:00:00+00:00, execution_date=20240317T000000, start_date=20240927T231037, end_date=20240927T231038
[2024-09-27T23:10:38.137+0000] {logging_mixin.py:190} INFO - Task instance in success state
[2024-09-27T23:10:38.140+0000] {logging_mixin.py:190} INFO -  Previous state of the Task instance: running
[2024-09-27T23:10:38.142+0000] {logging_mixin.py:190} INFO - Dag name:scrape_and_save_share_prices_with_company_data queued_at:2024-09-27 23:10:29.547510+00:00
[2024-09-27T23:10:38.143+0000] {logging_mixin.py:190} INFO - Task hostname:7746de5121f6 operator:PythonOperator
[2024-09-27T23:10:38.176+0000] {local_task_job_runner.py:266} INFO - Task exited with return code 0
[2024-09-27T23:10:38.197+0000] {local_task_job_runner.py:245} INFO - ::endgroup::
