[2024-09-27T18:33:31.881+0000] {local_task_job_runner.py:123} INFO - ::group::Pre task execution logs
[2024-09-27T18:33:31.931+0000] {taskinstance.py:2612} INFO - Dependencies all met for dep_context=non-requeueable deps ti=<TaskInstance: scrape_and_save_share_prices_with_company_data.create_share_prices_table scheduled__2024-01-10T00:00:00+00:00 [queued]>
[2024-09-27T18:33:31.949+0000] {taskinstance.py:2612} INFO - Dependencies all met for dep_context=requeueable deps ti=<TaskInstance: scrape_and_save_share_prices_with_company_data.create_share_prices_table scheduled__2024-01-10T00:00:00+00:00 [queued]>
[2024-09-27T18:33:31.951+0000] {taskinstance.py:2865} INFO - Starting attempt 1 of 2
[2024-09-27T18:33:31.991+0000] {taskinstance.py:2888} INFO - Executing <Task(PythonOperator): create_share_prices_table> on 2024-01-10 00:00:00+00:00
[2024-09-27T18:33:32.007+0000] {warnings.py:112} WARNING - /home/***/.local/lib/python3.12/site-packages/***/task/task_runner/standard_task_runner.py:70: DeprecationWarning: This process (pid=13707) is multi-threaded, use of fork() may lead to deadlocks in the child.
  pid = os.fork()

[2024-09-27T18:33:32.011+0000] {standard_task_runner.py:104} INFO - Running: ['***', 'tasks', 'run', 'scrape_and_save_share_prices_with_company_data', 'create_share_prices_table', 'scheduled__2024-01-10T00:00:00+00:00', '--job-id', '1523', '--raw', '--subdir', 'DAGS_FOLDER/dag.py', '--cfg-path', '/tmp/tmpn9ao4nni']
[2024-09-27T18:33:32.020+0000] {standard_task_runner.py:105} INFO - Job 1523: Subtask create_share_prices_table
[2024-09-27T18:33:32.020+0000] {standard_task_runner.py:72} INFO - Started process 13717 to run task
[2024-09-27T18:33:32.155+0000] {task_command.py:467} INFO - Running <TaskInstance: scrape_and_save_share_prices_with_company_data.create_share_prices_table scheduled__2024-01-10T00:00:00+00:00 [running]> on host 13b5797a93ab
[2024-09-27T18:33:32.385+0000] {taskinstance.py:3131} INFO - Exporting env vars: AIRFLOW_CTX_DAG_OWNER='***' AIRFLOW_CTX_DAG_ID='scrape_and_save_share_prices_with_company_data' AIRFLOW_CTX_TASK_ID='create_share_prices_table' AIRFLOW_CTX_EXECUTION_DATE='2024-01-10T00:00:00+00:00' AIRFLOW_CTX_TRY_NUMBER='1' AIRFLOW_CTX_DAG_RUN_ID='scheduled__2024-01-10T00:00:00+00:00'
[2024-09-27T18:33:32.390+0000] {logging_mixin.py:190} INFO - Task instance is in running state
[2024-09-27T18:33:32.391+0000] {logging_mixin.py:190} INFO -  Previous state of the Task instance: queued
[2024-09-27T18:33:32.392+0000] {logging_mixin.py:190} INFO - Current task name:create_share_prices_table state:running start_date:2024-09-27 18:33:31.932157+00:00
[2024-09-27T18:33:32.393+0000] {logging_mixin.py:190} INFO - Dag name:scrape_and_save_share_prices_with_company_data and current dag run status:running
[2024-09-27T18:33:32.395+0000] {taskinstance.py:731} INFO - ::endgroup::
[2024-09-27T18:33:32.415+0000] {base.py:84} INFO - Retrieving connection 'dse_connection'
[2024-09-27T18:33:32.422+0000] {sql.py:509} INFO - Running statement: 
        CREATE TABLE IF NOT EXISTS company_share_prices (
            id SERIAL,
            company_id INTEGER NOT NULL,
            date DATE,
            latest_trading_price VARCHAR(50),
            low_price VARCHAR(50),
            high_price VARCHAR(50),
            closing_price VARCHAR(50),
            ycp VARCHAR(50),
            change VARCHAR(10),
            trade VARCHAR(50),
            value VARCHAR(50),
            volume VARCHAR(50),
            PRIMARY KEY(company_id, id),
            FOREIGN KEY(company_id)
                REFERENCES company_list(company_id)
                ON UPDATE CASCADE ON DELETE CASCADE
        );
    , parameters: None
[2024-09-27T18:33:32.450+0000] {python.py:240} INFO - Done. Returned value was: None
[2024-09-27T18:33:32.479+0000] {taskinstance.py:340} INFO - ::group::Post task execution logs
[2024-09-27T18:33:32.481+0000] {taskinstance.py:352} INFO - Marking task as SUCCESS. dag_id=scrape_and_save_share_prices_with_company_data, task_id=create_share_prices_table, run_id=scheduled__2024-01-10T00:00:00+00:00, execution_date=20240110T000000, start_date=20240927T183331, end_date=20240927T183332
[2024-09-27T18:33:32.509+0000] {logging_mixin.py:190} INFO - Task instance in success state
[2024-09-27T18:33:32.511+0000] {logging_mixin.py:190} INFO -  Previous state of the Task instance: running
[2024-09-27T18:33:32.516+0000] {logging_mixin.py:190} INFO - Dag name:scrape_and_save_share_prices_with_company_data queued_at:2024-09-27 18:31:40.885769+00:00
[2024-09-27T18:33:32.517+0000] {logging_mixin.py:190} INFO - Task hostname:13b5797a93ab operator:PythonOperator
[2024-09-27T18:33:32.540+0000] {local_task_job_runner.py:266} INFO - Task exited with return code 0
[2024-09-27T18:33:32.572+0000] {local_task_job_runner.py:245} INFO - ::endgroup::
[2024-09-27T22:59:29.852+0000] {local_task_job_runner.py:123} INFO - ::group::Pre task execution logs
[2024-09-27T22:59:29.889+0000] {taskinstance.py:2612} INFO - Dependencies all met for dep_context=non-requeueable deps ti=<TaskInstance: scrape_and_save_share_prices_with_company_data.create_share_prices_table scheduled__2024-01-10T00:00:00+00:00 [queued]>
[2024-09-27T22:59:29.907+0000] {taskinstance.py:2612} INFO - Dependencies all met for dep_context=requeueable deps ti=<TaskInstance: scrape_and_save_share_prices_with_company_data.create_share_prices_table scheduled__2024-01-10T00:00:00+00:00 [queued]>
[2024-09-27T22:59:29.909+0000] {taskinstance.py:2865} INFO - Starting attempt 1 of 2
[2024-09-27T22:59:29.941+0000] {taskinstance.py:2888} INFO - Executing <Task(PythonOperator): create_share_prices_table> on 2024-01-10 00:00:00+00:00
[2024-09-27T22:59:29.954+0000] {warnings.py:112} WARNING - /home/***/.local/lib/python3.12/site-packages/***/task/task_runner/standard_task_runner.py:70: DeprecationWarning: This process (pid=2159) is multi-threaded, use of fork() may lead to deadlocks in the child.
  pid = os.fork()

[2024-09-27T22:59:29.957+0000] {standard_task_runner.py:72} INFO - Started process 2161 to run task
[2024-09-27T22:59:29.959+0000] {standard_task_runner.py:104} INFO - Running: ['***', 'tasks', 'run', 'scrape_and_save_share_prices_with_company_data', 'create_share_prices_table', 'scheduled__2024-01-10T00:00:00+00:00', '--job-id', '3033', '--raw', '--subdir', 'DAGS_FOLDER/dag.py', '--cfg-path', '/tmp/tmp3p9h6aa4']
[2024-09-27T22:59:29.961+0000] {standard_task_runner.py:105} INFO - Job 3033: Subtask create_share_prices_table
[2024-09-27T22:59:30.051+0000] {task_command.py:467} INFO - Running <TaskInstance: scrape_and_save_share_prices_with_company_data.create_share_prices_table scheduled__2024-01-10T00:00:00+00:00 [running]> on host 7746de5121f6
[2024-09-27T22:59:30.230+0000] {taskinstance.py:3131} INFO - Exporting env vars: AIRFLOW_CTX_DAG_OWNER='***' AIRFLOW_CTX_DAG_ID='scrape_and_save_share_prices_with_company_data' AIRFLOW_CTX_TASK_ID='create_share_prices_table' AIRFLOW_CTX_EXECUTION_DATE='2024-01-10T00:00:00+00:00' AIRFLOW_CTX_TRY_NUMBER='1' AIRFLOW_CTX_DAG_RUN_ID='scheduled__2024-01-10T00:00:00+00:00'
[2024-09-27T22:59:30.233+0000] {logging_mixin.py:190} INFO - Task instance is in running state
[2024-09-27T22:59:30.234+0000] {logging_mixin.py:190} INFO -  Previous state of the Task instance: queued
[2024-09-27T22:59:30.235+0000] {logging_mixin.py:190} INFO - Current task name:create_share_prices_table state:running start_date:2024-09-27 22:59:29.890613+00:00
[2024-09-27T22:59:30.236+0000] {logging_mixin.py:190} INFO - Dag name:scrape_and_save_share_prices_with_company_data and current dag run status:running
[2024-09-27T22:59:30.238+0000] {taskinstance.py:731} INFO - ::endgroup::
[2024-09-27T22:59:30.263+0000] {base.py:84} INFO - Retrieving connection 'dse_connection'
[2024-09-27T22:59:30.271+0000] {sql.py:509} INFO - Running statement: 
        CREATE TABLE IF NOT EXISTS company_share_prices (
            id SERIAL,
            company_id INTEGER NOT NULL,
            date DATE,
            latest_trading_price VARCHAR(50),
            low_price VARCHAR(50),
            high_price VARCHAR(50),
            closing_price VARCHAR(50),
            ycp VARCHAR(50),
            change VARCHAR(10),
            trade VARCHAR(50),
            value VARCHAR(50),
            volume VARCHAR(50),
            PRIMARY KEY(company_id, id),
            FOREIGN KEY(company_id)
                REFERENCES company_list(company_id)
                ON UPDATE CASCADE ON DELETE CASCADE
        );
    , parameters: None
[2024-09-27T22:59:30.274+0000] {python.py:240} INFO - Done. Returned value was: None
[2024-09-27T22:59:30.293+0000] {taskinstance.py:340} INFO - ::group::Post task execution logs
[2024-09-27T22:59:30.294+0000] {taskinstance.py:352} INFO - Marking task as SUCCESS. dag_id=scrape_and_save_share_prices_with_company_data, task_id=create_share_prices_table, run_id=scheduled__2024-01-10T00:00:00+00:00, execution_date=20240110T000000, start_date=20240927T225929, end_date=20240927T225930
[2024-09-27T22:59:30.307+0000] {logging_mixin.py:190} INFO - Task instance in success state
[2024-09-27T22:59:30.308+0000] {logging_mixin.py:190} INFO -  Previous state of the Task instance: running
[2024-09-27T22:59:30.309+0000] {logging_mixin.py:190} INFO - Dag name:scrape_and_save_share_prices_with_company_data queued_at:2024-09-27 22:58:30.614335+00:00
[2024-09-27T22:59:30.309+0000] {logging_mixin.py:190} INFO - Task hostname:7746de5121f6 operator:PythonOperator
[2024-09-27T22:59:30.425+0000] {local_task_job_runner.py:266} INFO - Task exited with return code 0
[2024-09-27T22:59:30.478+0000] {taskinstance.py:3900} INFO - 1 downstream tasks scheduled from follow-on schedule check
[2024-09-27T22:59:30.482+0000] {local_task_job_runner.py:245} INFO - ::endgroup::
