[2024-09-27T18:27:03.566+0000] {local_task_job_runner.py:123} INFO - ::group::Pre task execution logs
[2024-09-27T18:27:03.616+0000] {taskinstance.py:2612} INFO - Dependencies all met for dep_context=non-requeueable deps ti=<TaskInstance: scrape_and_save_share_prices_with_company_data.create_share_prices_table scheduled__2023-12-12T00:00:00+00:00 [queued]>
[2024-09-27T18:27:03.637+0000] {taskinstance.py:2612} INFO - Dependencies all met for dep_context=requeueable deps ti=<TaskInstance: scrape_and_save_share_prices_with_company_data.create_share_prices_table scheduled__2023-12-12T00:00:00+00:00 [queued]>
[2024-09-27T18:27:03.640+0000] {taskinstance.py:2865} INFO - Starting attempt 1 of 2
[2024-09-27T18:27:03.686+0000] {taskinstance.py:2888} INFO - Executing <Task(PythonOperator): create_share_prices_table> on 2023-12-12 00:00:00+00:00
[2024-09-27T18:27:03.729+0000] {warnings.py:112} WARNING - /home/***/.local/lib/python3.12/site-packages/***/task/task_runner/standard_task_runner.py:70: DeprecationWarning: This process (pid=13188) is multi-threaded, use of fork() may lead to deadlocks in the child.
  pid = os.fork()

[2024-09-27T18:27:03.733+0000] {standard_task_runner.py:72} INFO - Started process 13198 to run task
[2024-09-27T18:27:03.733+0000] {standard_task_runner.py:104} INFO - Running: ['***', 'tasks', 'run', 'scrape_and_save_share_prices_with_company_data', 'create_share_prices_table', 'scheduled__2023-12-12T00:00:00+00:00', '--job-id', '1412', '--raw', '--subdir', 'DAGS_FOLDER/dag.py', '--cfg-path', '/tmp/tmpvxg6b_jg']
[2024-09-27T18:27:03.736+0000] {standard_task_runner.py:105} INFO - Job 1412: Subtask create_share_prices_table
[2024-09-27T18:27:03.844+0000] {task_command.py:467} INFO - Running <TaskInstance: scrape_and_save_share_prices_with_company_data.create_share_prices_table scheduled__2023-12-12T00:00:00+00:00 [running]> on host 13b5797a93ab
[2024-09-27T18:27:04.200+0000] {taskinstance.py:3131} INFO - Exporting env vars: AIRFLOW_CTX_DAG_OWNER='***' AIRFLOW_CTX_DAG_ID='scrape_and_save_share_prices_with_company_data' AIRFLOW_CTX_TASK_ID='create_share_prices_table' AIRFLOW_CTX_EXECUTION_DATE='2023-12-12T00:00:00+00:00' AIRFLOW_CTX_TRY_NUMBER='1' AIRFLOW_CTX_DAG_RUN_ID='scheduled__2023-12-12T00:00:00+00:00'
[2024-09-27T18:27:04.203+0000] {logging_mixin.py:190} INFO - Task instance is in running state
[2024-09-27T18:27:04.207+0000] {logging_mixin.py:190} INFO -  Previous state of the Task instance: queued
[2024-09-27T18:27:04.211+0000] {logging_mixin.py:190} INFO - Current task name:create_share_prices_table state:running start_date:2024-09-27 18:27:03.617592+00:00
[2024-09-27T18:27:04.212+0000] {logging_mixin.py:190} INFO - Dag name:scrape_and_save_share_prices_with_company_data and current dag run status:running
[2024-09-27T18:27:04.214+0000] {taskinstance.py:731} INFO - ::endgroup::
[2024-09-27T18:27:04.270+0000] {base.py:84} INFO - Retrieving connection 'dse_connection'
[2024-09-27T18:27:04.290+0000] {sql.py:509} INFO - Running statement: 
        CREATE TABLE IF NOT EXISTS company_share_prices (
            id SERIAL,
            company_id INTEGER NOT NULL,
            date DATE,
            latest_trading_price VARCHAR(50),
            low_price VARCHAR(50),
            high_price VARCHAR(50),
            closing_price VARCHAR(50),
            ycp VARCHAR(50),
            change VARCHAR(10),
            trade VARCHAR(50),
            value VARCHAR(50),
            volume VARCHAR(50),
            PRIMARY KEY(company_id, id),
            FOREIGN KEY(company_id)
                REFERENCES company_list(company_id)
                ON UPDATE CASCADE ON DELETE CASCADE
        );
    , parameters: None
[2024-09-27T18:27:04.318+0000] {python.py:240} INFO - Done. Returned value was: None
[2024-09-27T18:27:04.373+0000] {taskinstance.py:340} INFO - ::group::Post task execution logs
[2024-09-27T18:27:04.375+0000] {taskinstance.py:352} INFO - Marking task as SUCCESS. dag_id=scrape_and_save_share_prices_with_company_data, task_id=create_share_prices_table, run_id=scheduled__2023-12-12T00:00:00+00:00, execution_date=20231212T000000, start_date=20240927T182703, end_date=20240927T182704
[2024-09-27T18:27:04.419+0000] {logging_mixin.py:190} INFO - Task instance in success state
[2024-09-27T18:27:04.420+0000] {logging_mixin.py:190} INFO -  Previous state of the Task instance: running
[2024-09-27T18:27:04.421+0000] {logging_mixin.py:190} INFO - Dag name:scrape_and_save_share_prices_with_company_data queued_at:2024-09-27 18:25:25.011001+00:00
[2024-09-27T18:27:04.422+0000] {logging_mixin.py:190} INFO - Task hostname:13b5797a93ab operator:PythonOperator
[2024-09-27T18:27:04.473+0000] {local_task_job_runner.py:266} INFO - Task exited with return code 0
[2024-09-27T18:27:04.507+0000] {local_task_job_runner.py:245} INFO - ::endgroup::
[2024-09-27T22:15:08.764+0000] {local_task_job_runner.py:123} INFO - ::group::Pre task execution logs
[2024-09-27T22:15:08.806+0000] {taskinstance.py:2612} INFO - Dependencies all met for dep_context=non-requeueable deps ti=<TaskInstance: scrape_and_save_share_prices_with_company_data.create_share_prices_table scheduled__2023-12-12T00:00:00+00:00 [queued]>
[2024-09-27T22:15:08.828+0000] {taskinstance.py:2612} INFO - Dependencies all met for dep_context=requeueable deps ti=<TaskInstance: scrape_and_save_share_prices_with_company_data.create_share_prices_table scheduled__2023-12-12T00:00:00+00:00 [queued]>
[2024-09-27T22:15:08.830+0000] {taskinstance.py:2865} INFO - Starting attempt 1 of 2
[2024-09-27T22:15:09.031+0000] {taskinstance.py:2888} INFO - Executing <Task(PythonOperator): create_share_prices_table> on 2023-12-12 00:00:00+00:00
[2024-09-27T22:15:09.044+0000] {warnings.py:112} WARNING - /home/***/.local/lib/python3.12/site-packages/***/task/task_runner/standard_task_runner.py:70: DeprecationWarning: This process (pid=1933) is multi-threaded, use of fork() may lead to deadlocks in the child.
  pid = os.fork()

[2024-09-27T22:15:09.059+0000] {standard_task_runner.py:72} INFO - Started process 1948 to run task
[2024-09-27T22:15:09.087+0000] {standard_task_runner.py:104} INFO - Running: ['***', 'tasks', 'run', 'scrape_and_save_share_prices_with_company_data', 'create_share_prices_table', 'scheduled__2023-12-12T00:00:00+00:00', '--job-id', '2455', '--raw', '--subdir', 'DAGS_FOLDER/dag.py', '--cfg-path', '/tmp/tmp4ul6hb6v']
[2024-09-27T22:15:09.100+0000] {standard_task_runner.py:105} INFO - Job 2455: Subtask create_share_prices_table
[2024-09-27T22:15:09.274+0000] {task_command.py:467} INFO - Running <TaskInstance: scrape_and_save_share_prices_with_company_data.create_share_prices_table scheduled__2023-12-12T00:00:00+00:00 [running]> on host fd62fe12432d
[2024-09-27T22:15:09.620+0000] {taskinstance.py:3131} INFO - Exporting env vars: AIRFLOW_CTX_DAG_OWNER='***' AIRFLOW_CTX_DAG_ID='scrape_and_save_share_prices_with_company_data' AIRFLOW_CTX_TASK_ID='create_share_prices_table' AIRFLOW_CTX_EXECUTION_DATE='2023-12-12T00:00:00+00:00' AIRFLOW_CTX_TRY_NUMBER='1' AIRFLOW_CTX_DAG_RUN_ID='scheduled__2023-12-12T00:00:00+00:00'
[2024-09-27T22:15:09.622+0000] {logging_mixin.py:190} INFO - Task instance is in running state
[2024-09-27T22:15:09.623+0000] {logging_mixin.py:190} INFO -  Previous state of the Task instance: queued
[2024-09-27T22:15:09.625+0000] {logging_mixin.py:190} INFO - Current task name:create_share_prices_table state:running start_date:2024-09-27 22:15:08.807758+00:00
[2024-09-27T22:15:09.625+0000] {logging_mixin.py:190} INFO - Dag name:scrape_and_save_share_prices_with_company_data and current dag run status:running
[2024-09-27T22:15:09.626+0000] {taskinstance.py:731} INFO - ::endgroup::
[2024-09-27T22:15:09.669+0000] {base.py:84} INFO - Retrieving connection 'dse_connection'
[2024-09-27T22:15:09.695+0000] {sql.py:509} INFO - Running statement: 
        CREATE TABLE IF NOT EXISTS company_share_prices (
            id SERIAL,
            company_id INTEGER NOT NULL,
            date DATE,
            latest_trading_price VARCHAR(50),
            low_price VARCHAR(50),
            high_price VARCHAR(50),
            closing_price VARCHAR(50),
            ycp VARCHAR(50),
            change VARCHAR(10),
            trade VARCHAR(50),
            value VARCHAR(50),
            volume VARCHAR(50),
            PRIMARY KEY(company_id, id),
            FOREIGN KEY(company_id)
                REFERENCES company_list(company_id)
                ON UPDATE CASCADE ON DELETE CASCADE
        );
    , parameters: None
[2024-09-27T22:15:09.722+0000] {python.py:240} INFO - Done. Returned value was: None
[2024-09-27T22:15:09.749+0000] {taskinstance.py:340} INFO - ::group::Post task execution logs
[2024-09-27T22:15:09.752+0000] {taskinstance.py:352} INFO - Marking task as SUCCESS. dag_id=scrape_and_save_share_prices_with_company_data, task_id=create_share_prices_table, run_id=scheduled__2023-12-12T00:00:00+00:00, execution_date=20231212T000000, start_date=20240927T221508, end_date=20240927T221509
[2024-09-27T22:15:09.796+0000] {logging_mixin.py:190} INFO - Task instance in success state
[2024-09-27T22:15:09.798+0000] {logging_mixin.py:190} INFO -  Previous state of the Task instance: running
[2024-09-27T22:15:09.799+0000] {logging_mixin.py:190} INFO - Dag name:scrape_and_save_share_prices_with_company_data queued_at:2024-09-27 22:13:28.771875+00:00
[2024-09-27T22:15:09.800+0000] {logging_mixin.py:190} INFO - Task hostname:fd62fe12432d operator:PythonOperator
[2024-09-27T22:15:09.830+0000] {local_task_job_runner.py:266} INFO - Task exited with return code 0
[2024-09-27T22:15:09.896+0000] {taskinstance.py:3900} INFO - 1 downstream tasks scheduled from follow-on schedule check
[2024-09-27T22:15:09.905+0000] {local_task_job_runner.py:245} INFO - ::endgroup::
[2024-09-27T22:54:05.664+0000] {local_task_job_runner.py:123} INFO - ::group::Pre task execution logs
[2024-09-27T22:54:05.727+0000] {taskinstance.py:2612} INFO - Dependencies all met for dep_context=non-requeueable deps ti=<TaskInstance: scrape_and_save_share_prices_with_company_data.create_share_prices_table scheduled__2023-12-12T00:00:00+00:00 [queued]>
[2024-09-27T22:54:05.754+0000] {taskinstance.py:2612} INFO - Dependencies all met for dep_context=requeueable deps ti=<TaskInstance: scrape_and_save_share_prices_with_company_data.create_share_prices_table scheduled__2023-12-12T00:00:00+00:00 [queued]>
[2024-09-27T22:54:05.756+0000] {taskinstance.py:2865} INFO - Starting attempt 1 of 2
[2024-09-27T22:54:05.797+0000] {taskinstance.py:2888} INFO - Executing <Task(PythonOperator): create_share_prices_table> on 2023-12-12 00:00:00+00:00
[2024-09-27T22:54:05.825+0000] {warnings.py:112} WARNING - /home/***/.local/lib/python3.12/site-packages/***/task/task_runner/standard_task_runner.py:70: DeprecationWarning: This process (pid=1617) is multi-threaded, use of fork() may lead to deadlocks in the child.
  pid = os.fork()

[2024-09-27T22:54:05.835+0000] {standard_task_runner.py:72} INFO - Started process 1634 to run task
[2024-09-27T22:54:05.846+0000] {standard_task_runner.py:104} INFO - Running: ['***', 'tasks', 'run', 'scrape_and_save_share_prices_with_company_data', 'create_share_prices_table', 'scheduled__2023-12-12T00:00:00+00:00', '--job-id', '2914', '--raw', '--subdir', 'DAGS_FOLDER/dag.py', '--cfg-path', '/tmp/tmpr4j4mdv3']
[2024-09-27T22:54:05.854+0000] {standard_task_runner.py:105} INFO - Job 2914: Subtask create_share_prices_table
[2024-09-27T22:54:06.051+0000] {task_command.py:467} INFO - Running <TaskInstance: scrape_and_save_share_prices_with_company_data.create_share_prices_table scheduled__2023-12-12T00:00:00+00:00 [running]> on host 7746de5121f6
[2024-09-27T22:54:06.338+0000] {taskinstance.py:3131} INFO - Exporting env vars: AIRFLOW_CTX_DAG_OWNER='***' AIRFLOW_CTX_DAG_ID='scrape_and_save_share_prices_with_company_data' AIRFLOW_CTX_TASK_ID='create_share_prices_table' AIRFLOW_CTX_EXECUTION_DATE='2023-12-12T00:00:00+00:00' AIRFLOW_CTX_TRY_NUMBER='1' AIRFLOW_CTX_DAG_RUN_ID='scheduled__2023-12-12T00:00:00+00:00'
[2024-09-27T22:54:06.342+0000] {logging_mixin.py:190} INFO - Task instance is in running state
[2024-09-27T22:54:06.348+0000] {logging_mixin.py:190} INFO -  Previous state of the Task instance: queued
[2024-09-27T22:54:06.350+0000] {logging_mixin.py:190} INFO - Current task name:create_share_prices_table state:running start_date:2024-09-27 22:54:05.728469+00:00
[2024-09-27T22:54:06.362+0000] {logging_mixin.py:190} INFO - Dag name:scrape_and_save_share_prices_with_company_data and current dag run status:running
[2024-09-27T22:54:06.363+0000] {taskinstance.py:731} INFO - ::endgroup::
[2024-09-27T22:54:06.386+0000] {base.py:84} INFO - Retrieving connection 'dse_connection'
[2024-09-27T22:54:06.398+0000] {sql.py:509} INFO - Running statement: 
        CREATE TABLE IF NOT EXISTS company_share_prices (
            id SERIAL,
            company_id INTEGER NOT NULL,
            date DATE,
            latest_trading_price VARCHAR(50),
            low_price VARCHAR(50),
            high_price VARCHAR(50),
            closing_price VARCHAR(50),
            ycp VARCHAR(50),
            change VARCHAR(10),
            trade VARCHAR(50),
            value VARCHAR(50),
            volume VARCHAR(50),
            PRIMARY KEY(company_id, id),
            FOREIGN KEY(company_id)
                REFERENCES company_list(company_id)
                ON UPDATE CASCADE ON DELETE CASCADE
        );
    , parameters: None
[2024-09-27T22:54:06.404+0000] {python.py:240} INFO - Done. Returned value was: None
[2024-09-27T22:54:06.442+0000] {taskinstance.py:340} INFO - ::group::Post task execution logs
[2024-09-27T22:54:06.443+0000] {taskinstance.py:352} INFO - Marking task as SUCCESS. dag_id=scrape_and_save_share_prices_with_company_data, task_id=create_share_prices_table, run_id=scheduled__2023-12-12T00:00:00+00:00, execution_date=20231212T000000, start_date=20240927T225405, end_date=20240927T225406
[2024-09-27T22:54:06.472+0000] {logging_mixin.py:190} INFO - Task instance in success state
[2024-09-27T22:54:06.473+0000] {logging_mixin.py:190} INFO -  Previous state of the Task instance: running
[2024-09-27T22:54:06.474+0000] {logging_mixin.py:190} INFO - Dag name:scrape_and_save_share_prices_with_company_data queued_at:2024-09-27 22:53:04.959086+00:00
[2024-09-27T22:54:06.475+0000] {logging_mixin.py:190} INFO - Task hostname:7746de5121f6 operator:PythonOperator
[2024-09-27T22:54:06.539+0000] {local_task_job_runner.py:266} INFO - Task exited with return code 0
[2024-09-27T22:54:06.619+0000] {taskinstance.py:3900} INFO - 1 downstream tasks scheduled from follow-on schedule check
[2024-09-27T22:54:06.622+0000] {local_task_job_runner.py:245} INFO - ::endgroup::
