[2024-09-27T23:42:03.035+0000] {local_task_job_runner.py:123} INFO - ::group::Pre task execution logs
[2024-09-27T23:42:03.145+0000] {taskinstance.py:2612} INFO - Dependencies all met for dep_context=non-requeueable deps ti=<TaskInstance: scrape_and_save_share_prices_with_company_data.insert_company_data scheduled__2024-08-10T00:00:00+00:00 [queued]>
[2024-09-27T23:42:03.183+0000] {taskinstance.py:2612} INFO - Dependencies all met for dep_context=requeueable deps ti=<TaskInstance: scrape_and_save_share_prices_with_company_data.insert_company_data scheduled__2024-08-10T00:00:00+00:00 [queued]>
[2024-09-27T23:42:03.184+0000] {taskinstance.py:2865} INFO - Starting attempt 1 of 2
[2024-09-27T23:42:03.251+0000] {taskinstance.py:2888} INFO - Executing <Task(PythonOperator): insert_company_data> on 2024-08-10 00:00:00+00:00
[2024-09-27T23:42:03.272+0000] {warnings.py:112} WARNING - /home/***/.local/lib/python3.12/site-packages/***/task/task_runner/standard_task_runner.py:70: DeprecationWarning: This process (pid=5979) is multi-threaded, use of fork() may lead to deadlocks in the child.
  pid = os.fork()

[2024-09-27T23:42:03.290+0000] {standard_task_runner.py:72} INFO - Started process 5989 to run task
[2024-09-27T23:42:03.332+0000] {standard_task_runner.py:104} INFO - Running: ['***', 'tasks', 'run', 'scrape_and_save_share_prices_with_company_data', 'insert_company_data', 'scheduled__2024-08-10T00:00:00+00:00', '--job-id', '3884', '--raw', '--subdir', 'DAGS_FOLDER/dag.py', '--cfg-path', '/tmp/tmpu1r2e8wo']
[2024-09-27T23:42:03.351+0000] {standard_task_runner.py:105} INFO - Job 3884: Subtask insert_company_data
[2024-09-27T23:42:03.706+0000] {task_command.py:467} INFO - Running <TaskInstance: scrape_and_save_share_prices_with_company_data.insert_company_data scheduled__2024-08-10T00:00:00+00:00 [running]> on host 7746de5121f6
[2024-09-27T23:42:04.342+0000] {taskinstance.py:3131} INFO - Exporting env vars: AIRFLOW_CTX_DAG_OWNER='***' AIRFLOW_CTX_DAG_ID='scrape_and_save_share_prices_with_company_data' AIRFLOW_CTX_TASK_ID='insert_company_data' AIRFLOW_CTX_EXECUTION_DATE='2024-08-10T00:00:00+00:00' AIRFLOW_CTX_TRY_NUMBER='1' AIRFLOW_CTX_DAG_RUN_ID='scheduled__2024-08-10T00:00:00+00:00'
[2024-09-27T23:42:04.344+0000] {logging_mixin.py:190} INFO - Task instance is in running state
[2024-09-27T23:42:04.346+0000] {logging_mixin.py:190} INFO -  Previous state of the Task instance: queued
[2024-09-27T23:42:04.347+0000] {logging_mixin.py:190} INFO - Current task name:insert_company_data state:running start_date:2024-09-27 23:42:03.146247+00:00
[2024-09-27T23:42:04.353+0000] {logging_mixin.py:190} INFO - Dag name:scrape_and_save_share_prices_with_company_data and current dag run status:running
[2024-09-27T23:42:04.357+0000] {taskinstance.py:731} INFO - ::endgroup::
[2024-09-27T23:42:06.116+0000] {python.py:240} INFO - Done. Returned value was: None
[2024-09-27T23:42:06.180+0000] {taskinstance.py:340} INFO - ::group::Post task execution logs
[2024-09-27T23:42:06.182+0000] {taskinstance.py:352} INFO - Marking task as SUCCESS. dag_id=scrape_and_save_share_prices_with_company_data, task_id=insert_company_data, run_id=scheduled__2024-08-10T00:00:00+00:00, execution_date=20240810T000000, start_date=20240927T234203, end_date=20240927T234206
[2024-09-27T23:42:06.257+0000] {logging_mixin.py:190} INFO - Task instance in success state
[2024-09-27T23:42:06.260+0000] {logging_mixin.py:190} INFO -  Previous state of the Task instance: running
[2024-09-27T23:42:06.265+0000] {logging_mixin.py:190} INFO - Dag name:scrape_and_save_share_prices_with_company_data queued_at:2024-09-27 23:41:38.006941+00:00
[2024-09-27T23:42:06.278+0000] {logging_mixin.py:190} INFO - Task hostname:7746de5121f6 operator:PythonOperator
[2024-09-27T23:42:06.381+0000] {local_task_job_runner.py:266} INFO - Task exited with return code 0
[2024-09-27T23:42:06.565+0000] {taskinstance.py:3900} INFO - 1 downstream tasks scheduled from follow-on schedule check
[2024-09-27T23:42:06.577+0000] {local_task_job_runner.py:245} INFO - ::endgroup::
