[2024-09-27T18:35:19.110+0000] {local_task_job_runner.py:123} INFO - ::group::Pre task execution logs
[2024-09-27T18:35:19.178+0000] {taskinstance.py:2612} INFO - Dependencies all met for dep_context=non-requeueable deps ti=<TaskInstance: scrape_and_save_share_prices_with_company_data.save_share_prices_data scheduled__2023-12-17T00:00:00+00:00 [queued]>
[2024-09-27T18:35:19.209+0000] {taskinstance.py:2612} INFO - Dependencies all met for dep_context=requeueable deps ti=<TaskInstance: scrape_and_save_share_prices_with_company_data.save_share_prices_data scheduled__2023-12-17T00:00:00+00:00 [queued]>
[2024-09-27T18:35:19.222+0000] {taskinstance.py:2865} INFO - Starting attempt 2 of 2
[2024-09-27T18:35:19.583+0000] {taskinstance.py:2888} INFO - Executing <Task(PythonOperator): save_share_prices_data> on 2023-12-17 00:00:00+00:00
[2024-09-27T18:35:19.614+0000] {warnings.py:112} WARNING - /home/***/.local/lib/python3.12/site-packages/***/task/task_runner/standard_task_runner.py:70: DeprecationWarning: This process (pid=13858) is multi-threaded, use of fork() may lead to deadlocks in the child.
  pid = os.fork()

[2024-09-27T18:35:19.619+0000] {standard_task_runner.py:72} INFO - Started process 13895 to run task
[2024-09-27T18:35:19.656+0000] {standard_task_runner.py:104} INFO - Running: ['***', 'tasks', 'run', 'scrape_and_save_share_prices_with_company_data', 'save_share_prices_data', 'scheduled__2023-12-17T00:00:00+00:00', '--job-id', '1562', '--raw', '--subdir', 'DAGS_FOLDER/dag.py', '--cfg-path', '/tmp/tmpofvpfy1z']
[2024-09-27T18:35:19.688+0000] {standard_task_runner.py:105} INFO - Job 1562: Subtask save_share_prices_data
[2024-09-27T18:35:20.095+0000] {task_command.py:467} INFO - Running <TaskInstance: scrape_and_save_share_prices_with_company_data.save_share_prices_data scheduled__2023-12-17T00:00:00+00:00 [running]> on host 13b5797a93ab
[2024-09-27T18:35:21.124+0000] {taskinstance.py:3131} INFO - Exporting env vars: AIRFLOW_CTX_DAG_OWNER='***' AIRFLOW_CTX_DAG_ID='scrape_and_save_share_prices_with_company_data' AIRFLOW_CTX_TASK_ID='save_share_prices_data' AIRFLOW_CTX_EXECUTION_DATE='2023-12-17T00:00:00+00:00' AIRFLOW_CTX_TRY_NUMBER='2' AIRFLOW_CTX_DAG_RUN_ID='scheduled__2023-12-17T00:00:00+00:00'
[2024-09-27T18:35:21.127+0000] {logging_mixin.py:190} INFO - Task instance is in running state
[2024-09-27T18:35:21.130+0000] {logging_mixin.py:190} INFO -  Previous state of the Task instance: queued
[2024-09-27T18:35:21.131+0000] {logging_mixin.py:190} INFO - Current task name:save_share_prices_data state:running start_date:2024-09-27 18:35:19.179372+00:00
[2024-09-27T18:35:21.132+0000] {logging_mixin.py:190} INFO - Dag name:scrape_and_save_share_prices_with_company_data and current dag run status:running
[2024-09-27T18:35:21.133+0000] {taskinstance.py:731} INFO - ::endgroup::
[2024-09-27T18:35:31.871+0000] {base.py:84} INFO - Retrieving connection 'dse_connection'
[2024-09-27T18:35:31.889+0000] {sql.py:509} INFO - Running statement: 
        INSERT INTO company_share_prices (
            company_id, date, latest_trading_price, high_price, low_price, closing_price, ycp, change, trade, value, volume
        ) VALUES (
            (SELECT company_id FROM company_list WHERE company_trade_name LIKE %s), %s, %s, %s, %s, %s, %s, %s, %s, %s
        );
    , parameters: ('1JANATAMF', datetime.datetime(2024, 9, 27, 18, 35, 31, 829959), '3.4', '3.5', '3.4', '3.4', '3.4', '0', '71', '1.187', '348,619')
[2024-09-27T18:35:31.898+0000] {logging_mixin.py:190} INFO - Error inserting share prices data: not all arguments converted during string formatting
[2024-09-27T18:35:31.920+0000] {base.py:84} INFO - Retrieving connection 'dse_connection'
[2024-09-27T18:35:31.960+0000] {sql.py:509} INFO - Running statement: 
        INSERT INTO company_share_prices (
            company_id, date, latest_trading_price, high_price, low_price, closing_price, ycp, change, trade, value, volume
        ) VALUES (
            (SELECT company_id FROM company_list WHERE company_trade_name LIKE %s), %s, %s, %s, %s, %s, %s, %s, %s, %s
        );
    , parameters: ('1STPRIMFMF', datetime.datetime(2024, 9, 27, 18, 35, 31, 904575), '33', '34.7', '32.7', '33', '33.7', '-0.7', '227', '4.555', '137,870')
[2024-09-27T18:35:31.962+0000] {logging_mixin.py:190} INFO - Error inserting share prices data: not all arguments converted during string formatting
[2024-09-27T18:35:32.012+0000] {base.py:84} INFO - Retrieving connection 'dse_connection'
[2024-09-27T18:35:32.036+0000] {sql.py:509} INFO - Running statement: 
        INSERT INTO company_share_prices (
            company_id, date, latest_trading_price, high_price, low_price, closing_price, ycp, change, trade, value, volume
        ) VALUES (
            (SELECT company_id FROM company_list WHERE company_trade_name LIKE %s), %s, %s, %s, %s, %s, %s, %s, %s, %s
        );
    , parameters: ('AAMRANET', datetime.datetime(2024, 9, 27, 18, 35, 31, 974432), '32', '32.5', '29', '32', '32', '0', '509', '9.749', '305,898')
[2024-09-27T18:35:32.039+0000] {logging_mixin.py:190} INFO - Error inserting share prices data: not all arguments converted during string formatting
[2024-09-27T18:35:32.113+0000] {base.py:84} INFO - Retrieving connection 'dse_connection'
[2024-09-27T18:35:32.165+0000] {sql.py:509} INFO - Running statement: 
        INSERT INTO company_share_prices (
            company_id, date, latest_trading_price, high_price, low_price, closing_price, ycp, change, trade, value, volume
        ) VALUES (
            (SELECT company_id FROM company_list WHERE company_trade_name LIKE %s), %s, %s, %s, %s, %s, %s, %s, %s, %s
        );
    , parameters: ('AAMRATECH', datetime.datetime(2024, 9, 27, 18, 35, 32, 45939), '20.1', '21.4', '19.7', '20.1', '20.4', '-0.3', '171', '1.134', '56,708')
[2024-09-27T18:35:32.207+0000] {logging_mixin.py:190} INFO - Error inserting share prices data: not all arguments converted during string formatting
[2024-09-27T18:35:32.254+0000] {base.py:84} INFO - Retrieving connection 'dse_connection'
[2024-09-27T18:35:32.287+0000] {sql.py:509} INFO - Running statement: 
        INSERT INTO company_share_prices (
            company_id, date, latest_trading_price, high_price, low_price, closing_price, ycp, change, trade, value, volume
        ) VALUES (
            (SELECT company_id FROM company_list WHERE company_trade_name LIKE %s), %s, %s, %s, %s, %s, %s, %s, %s, %s
        );
    , parameters: ('ABB1STMF', datetime.datetime(2024, 9, 27, 18, 35, 32, 215642), '3.7', '3.7', '3.5', '3.6', '3.6', '0.1', '57', '1.869', '524,999')
[2024-09-27T18:35:32.295+0000] {logging_mixin.py:190} INFO - Error inserting share prices data: not all arguments converted during string formatting
[2024-09-27T18:35:32.325+0000] {base.py:84} INFO - Retrieving connection 'dse_connection'
[2024-09-27T18:35:32.361+0000] {sql.py:509} INFO - Running statement: 
        INSERT INTO company_share_prices (
            company_id, date, latest_trading_price, high_price, low_price, closing_price, ycp, change, trade, value, volume
        ) VALUES (
            (SELECT company_id FROM company_list WHERE company_trade_name LIKE %s), %s, %s, %s, %s, %s, %s, %s, %s, %s
        );
    , parameters: ('ABBANK', datetime.datetime(2024, 9, 27, 18, 35, 32, 302466), '9.9', '10.1', '9.1', '9.9', '9.2', '0.7', '1,927', '77.017', '7,843,367')
[2024-09-27T18:35:32.366+0000] {logging_mixin.py:190} INFO - Error inserting share prices data: not all arguments converted during string formatting
[2024-09-27T18:35:32.434+0000] {base.py:84} INFO - Retrieving connection 'dse_connection'
[2024-09-27T18:35:32.469+0000] {sql.py:509} INFO - Running statement: 
        INSERT INTO company_share_prices (
            company_id, date, latest_trading_price, high_price, low_price, closing_price, ycp, change, trade, value, volume
        ) VALUES (
            (SELECT company_id FROM company_list WHERE company_trade_name LIKE %s), %s, %s, %s, %s, %s, %s, %s, %s, %s
        );
    , parameters: ('ACFL', datetime.datetime(2024, 9, 27, 18, 35, 32, 371095), '17.8', '18.9', '16.5', '17.2', '18.3', '-0.5', '62', '0.977', '58,018')
[2024-09-27T18:35:32.476+0000] {logging_mixin.py:190} INFO - Error inserting share prices data: not all arguments converted during string formatting
[2024-09-27T18:35:32.571+0000] {base.py:84} INFO - Retrieving connection 'dse_connection'
[2024-09-27T18:35:32.647+0000] {sql.py:509} INFO - Running statement: 
        INSERT INTO company_share_prices (
            company_id, date, latest_trading_price, high_price, low_price, closing_price, ycp, change, trade, value, volume
        ) VALUES (
            (SELECT company_id FROM company_list WHERE company_trade_name LIKE %s), %s, %s, %s, %s, %s, %s, %s, %s, %s
        );
    , parameters: ('ACI', datetime.datetime(2024, 9, 27, 18, 35, 32, 484570), '145.8', '146.5', '144.2', '145.8', '145.6', '0.2', '169', '1.705', '11,696')
[2024-09-27T18:35:32.656+0000] {logging_mixin.py:190} INFO - Error inserting share prices data: not all arguments converted during string formatting
[2024-09-27T18:35:32.718+0000] {base.py:84} INFO - Retrieving connection 'dse_connection'
[2024-09-27T18:35:32.754+0000] {sql.py:509} INFO - Running statement: 
        INSERT INTO company_share_prices (
            company_id, date, latest_trading_price, high_price, low_price, closing_price, ycp, change, trade, value, volume
        ) VALUES (
            (SELECT company_id FROM company_list WHERE company_trade_name LIKE %s), %s, %s, %s, %s, %s, %s, %s, %s, %s
        );
    , parameters: ('ACIFORMULA', datetime.datetime(2024, 9, 27, 18, 35, 32, 666696), '133', '135.2', '131.7', '131.9', '134.5', '-1.5', '236', '2.97', '22,350')
[2024-09-27T18:35:32.785+0000] {logging_mixin.py:190} INFO - Error inserting share prices data: not all arguments converted during string formatting
[2024-09-27T18:35:32.844+0000] {base.py:84} INFO - Retrieving connection 'dse_connection'
[2024-09-27T18:35:32.905+0000] {sql.py:509} INFO - Running statement: 
        INSERT INTO company_share_prices (
            company_id, date, latest_trading_price, high_price, low_price, closing_price, ycp, change, trade, value, volume
        ) VALUES (
            (SELECT company_id FROM company_list WHERE company_trade_name LIKE %s), %s, %s, %s, %s, %s, %s, %s, %s, %s
        );
    , parameters: ('ACMELAB', datetime.datetime(2024, 9, 27, 18, 35, 32, 793842), '85.7', '87', '84.7', '85.7', '86.5', '-0.8', '1,109', '36.903', '431,425')
[2024-09-27T18:35:32.939+0000] {logging_mixin.py:190} INFO - Error inserting share prices data: not all arguments converted during string formatting
[2024-09-27T18:35:33.013+0000] {base.py:84} INFO - Retrieving connection 'dse_connection'
[2024-09-27T18:35:33.048+0000] {sql.py:509} INFO - Running statement: 
        INSERT INTO company_share_prices (
            company_id, date, latest_trading_price, high_price, low_price, closing_price, ycp, change, trade, value, volume
        ) VALUES (
            (SELECT company_id FROM company_list WHERE company_trade_name LIKE %s), %s, %s, %s, %s, %s, %s, %s, %s, %s
        );
    , parameters: ('ACMEPL', datetime.datetime(2024, 9, 27, 18, 35, 32, 946182), '14', '14.7', '13.6', '14', '14.7', '-0.7', '511', '9.93', '710,863')
[2024-09-27T18:35:33.050+0000] {logging_mixin.py:190} INFO - Error inserting share prices data: not all arguments converted during string formatting
[2024-09-27T18:35:33.127+0000] {base.py:84} INFO - Retrieving connection 'dse_connection'
[2024-09-27T18:35:33.213+0000] {sql.py:509} INFO - Running statement: 
        INSERT INTO company_share_prices (
            company_id, date, latest_trading_price, high_price, low_price, closing_price, ycp, change, trade, value, volume
        ) VALUES (
            (SELECT company_id FROM company_list WHERE company_trade_name LIKE %s), %s, %s, %s, %s, %s, %s, %s, %s, %s
        );
    , parameters: ('ACTIVEFINE', datetime.datetime(2024, 9, 27, 18, 35, 33, 59295), '9.7', '10.7', '8.9', '9.5', '9.8', '-0.1', '141', '1.573', '166,515')
[2024-09-27T18:35:33.234+0000] {logging_mixin.py:190} INFO - Error inserting share prices data: not all arguments converted during string formatting
[2024-09-27T18:35:33.350+0000] {base.py:84} INFO - Retrieving connection 'dse_connection'
[2024-09-27T18:35:33.421+0000] {sql.py:509} INFO - Running statement: 
        INSERT INTO company_share_prices (
            company_id, date, latest_trading_price, high_price, low_price, closing_price, ycp, change, trade, value, volume
        ) VALUES (
            (SELECT company_id FROM company_list WHERE company_trade_name LIKE %s), %s, %s, %s, %s, %s, %s, %s, %s, %s
        );
    , parameters: ('ADNTEL', datetime.datetime(2024, 9, 27, 18, 35, 33, 239286), '91.4', '92.1', '85.2', '91.4', '83.8', '7.6', '1,600', '53.622', '594,540')
[2024-09-27T18:35:33.427+0000] {logging_mixin.py:190} INFO - Error inserting share prices data: not all arguments converted during string formatting
[2024-09-27T18:35:33.472+0000] {base.py:84} INFO - Retrieving connection 'dse_connection'
[2024-09-27T18:35:33.535+0000] {sql.py:509} INFO - Running statement: 
        INSERT INTO company_share_prices (
            company_id, date, latest_trading_price, high_price, low_price, closing_price, ycp, change, trade, value, volume
        ) VALUES (
            (SELECT company_id FROM company_list WHERE company_trade_name LIKE %s), %s, %s, %s, %s, %s, %s, %s, %s, %s
        );
    , parameters: ('ADVENT', datetime.datetime(2024, 9, 27, 18, 35, 33, 436287), '19.9', '19.9', '19.9', '19.9', '22.1', '-2.2', '87', '1.156', '58,103')
[2024-09-27T18:35:33.564+0000] {logging_mixin.py:190} INFO - Error inserting share prices data: not all arguments converted during string formatting
[2024-09-27T18:35:33.640+0000] {base.py:84} INFO - Retrieving connection 'dse_connection'
[2024-09-27T18:35:33.664+0000] {sql.py:509} INFO - Running statement: 
        INSERT INTO company_share_prices (
            company_id, date, latest_trading_price, high_price, low_price, closing_price, ycp, change, trade, value, volume
        ) VALUES (
            (SELECT company_id FROM company_list WHERE company_trade_name LIKE %s), %s, %s, %s, %s, %s, %s, %s, %s, %s
        );
    , parameters: ('AFCAGRO', datetime.datetime(2024, 9, 27, 18, 35, 33, 588520), '9.6', '10.5', '9.4', '9.6', '10.2', '-0.6', '105', '0.657', '68,419')
[2024-09-27T18:35:33.689+0000] {logging_mixin.py:190} INFO - Error inserting share prices data: not all arguments converted during string formatting
[2024-09-27T18:35:33.795+0000] {base.py:84} INFO - Retrieving connection 'dse_connection'
[2024-09-27T18:35:33.815+0000] {sql.py:509} INFO - Running statement: 
        INSERT INTO company_share_prices (
            company_id, date, latest_trading_price, high_price, low_price, closing_price, ycp, change, trade, value, volume
        ) VALUES (
            (SELECT company_id FROM company_list WHERE company_trade_name LIKE %s), %s, %s, %s, %s, %s, %s, %s, %s, %s
        );
    , parameters: ('AFTABAUTO', datetime.datetime(2024, 9, 27, 18, 35, 33, 705528), '29.9', '30.9', '29.7', '29.9', '31', '-1.1', '811', '15.361', '509,675')
[2024-09-27T18:35:33.821+0000] {logging_mixin.py:190} INFO - Error inserting share prices data: not all arguments converted during string formatting
[2024-09-27T18:35:33.879+0000] {base.py:84} INFO - Retrieving connection 'dse_connection'
[2024-09-27T18:35:33.933+0000] {sql.py:509} INFO - Running statement: 
        INSERT INTO company_share_prices (
            company_id, date, latest_trading_price, high_price, low_price, closing_price, ycp, change, trade, value, volume
        ) VALUES (
            (SELECT company_id FROM company_list WHERE company_trade_name LIKE %s), %s, %s, %s, %s, %s, %s, %s, %s, %s
        );
    , parameters: ('AGNISYSL', datetime.datetime(2024, 9, 27, 18, 35, 33, 824355), '33.5', '34.1', '33.3', '33.5', '33.4', '0.1', '835', '52.974', '1,578,007')
[2024-09-27T18:35:33.936+0000] {logging_mixin.py:190} INFO - Error inserting share prices data: not all arguments converted during string formatting
[2024-09-27T18:35:34.021+0000] {base.py:84} INFO - Retrieving connection 'dse_connection'
[2024-09-27T18:35:34.069+0000] {sql.py:509} INFO - Running statement: 
        INSERT INTO company_share_prices (
            company_id, date, latest_trading_price, high_price, low_price, closing_price, ycp, change, trade, value, volume
        ) VALUES (
            (SELECT company_id FROM company_list WHERE company_trade_name LIKE %s), %s, %s, %s, %s, %s, %s, %s, %s, %s
        );
    , parameters: ('AGRANINS', datetime.datetime(2024, 9, 27, 18, 35, 33, 948739), '27.5', '30.1', '26.5', '27.3', '27.6', '-0.1', '71', '0.813', '29,262')
[2024-09-27T18:35:34.103+0000] {logging_mixin.py:190} INFO - Error inserting share prices data: not all arguments converted during string formatting
[2024-09-27T18:35:34.209+0000] {base.py:84} INFO - Retrieving connection 'dse_connection'
[2024-09-27T18:35:34.242+0000] {sql.py:509} INFO - Running statement: 
        INSERT INTO company_share_prices (
            company_id, date, latest_trading_price, high_price, low_price, closing_price, ycp, change, trade, value, volume
        ) VALUES (
            (SELECT company_id FROM company_list WHERE company_trade_name LIKE %s), %s, %s, %s, %s, %s, %s, %s, %s, %s
        );
    , parameters: ('AIBL1STIMF', datetime.datetime(2024, 9, 27, 18, 35, 34, 144175), '7.5', '7.8', '7.4', '7.5', '7.7', '-0.2', '36', '1.108', '147,625')
[2024-09-27T18:35:34.257+0000] {logging_mixin.py:190} INFO - Error inserting share prices data: not all arguments converted during string formatting
[2024-09-27T18:35:34.301+0000] {base.py:84} INFO - Retrieving connection 'dse_connection'
[2024-09-27T18:35:34.368+0000] {sql.py:509} INFO - Running statement: 
        INSERT INTO company_share_prices (
            company_id, date, latest_trading_price, high_price, low_price, closing_price, ycp, change, trade, value, volume
        ) VALUES (
            (SELECT company_id FROM company_list WHERE company_trade_name LIKE %s), %s, %s, %s, %s, %s, %s, %s, %s, %s
        );
    , parameters: ('AIL', datetime.datetime(2024, 9, 27, 18, 35, 34, 268977), '97.7', '104', '97', '97.7', '101.8', '-4.1', '931', '47.221', '471,722')
[2024-09-27T18:35:34.371+0000] {logging_mixin.py:190} INFO - Error inserting share prices data: not all arguments converted during string formatting
[2024-09-27T18:35:34.442+0000] {base.py:84} INFO - Retrieving connection 'dse_connection'
[2024-09-27T18:35:34.457+0000] {sql.py:509} INFO - Running statement: 
        INSERT INTO company_share_prices (
            company_id, date, latest_trading_price, high_price, low_price, closing_price, ycp, change, trade, value, volume
        ) VALUES (
            (SELECT company_id FROM company_list WHERE company_trade_name LIKE %s), %s, %s, %s, %s, %s, %s, %s, %s, %s
        );
    , parameters: ('AL-HAJTEX', datetime.datetime(2024, 9, 27, 18, 35, 34, 374628), '135.2', '145', '135', '135.2', '144.6', '-9.4', '357', '14.304', '102,773')
[2024-09-27T18:35:34.459+0000] {logging_mixin.py:190} INFO - Error inserting share prices data: not all arguments converted during string formatting
[2024-09-27T18:35:34.561+0000] {base.py:84} INFO - Retrieving connection 'dse_connection'
[2024-09-27T18:35:34.583+0000] {sql.py:509} INFO - Running statement: 
        INSERT INTO company_share_prices (
            company_id, date, latest_trading_price, high_price, low_price, closing_price, ycp, change, trade, value, volume
        ) VALUES (
            (SELECT company_id FROM company_list WHERE company_trade_name LIKE %s), %s, %s, %s, %s, %s, %s, %s, %s, %s
        );
    , parameters: ('ALARABANK', datetime.datetime(2024, 9, 27, 18, 35, 34, 462871), '23.8', '24.3', '23.2', '23.5', '23.4', '0.4', '255', '4.492', '189,343')
[2024-09-27T18:35:34.585+0000] {logging_mixin.py:190} INFO - Error inserting share prices data: not all arguments converted during string formatting
[2024-09-27T18:35:34.610+0000] {base.py:84} INFO - Retrieving connection 'dse_connection'
[2024-09-27T18:35:34.652+0000] {sql.py:509} INFO - Running statement: 
        INSERT INTO company_share_prices (
            company_id, date, latest_trading_price, high_price, low_price, closing_price, ycp, change, trade, value, volume
        ) VALUES (
            (SELECT company_id FROM company_list WHERE company_trade_name LIKE %s), %s, %s, %s, %s, %s, %s, %s, %s, %s
        );
    , parameters: ('ALIF', datetime.datetime(2024, 9, 27, 18, 35, 34, 589437), '7.8', '8.2', '7.5', '7.8', '8.3', '-0.5', '336', '3.836', '493,732')
[2024-09-27T18:35:34.654+0000] {logging_mixin.py:190} INFO - Error inserting share prices data: not all arguments converted during string formatting
[2024-09-27T18:35:34.727+0000] {base.py:84} INFO - Retrieving connection 'dse_connection'
[2024-09-27T18:35:34.748+0000] {sql.py:509} INFO - Running statement: 
        INSERT INTO company_share_prices (
            company_id, date, latest_trading_price, high_price, low_price, closing_price, ycp, change, trade, value, volume
        ) VALUES (
            (SELECT company_id FROM company_list WHERE company_trade_name LIKE %s), %s, %s, %s, %s, %s, %s, %s, %s, %s
        );
    , parameters: ('ALLTEX', datetime.datetime(2024, 9, 27, 18, 35, 34, 655476), '12.5', '13', '12.2', '12.5', '13', '-0.5', '84', '1.024', '82,139')
[2024-09-27T18:35:34.761+0000] {logging_mixin.py:190} INFO - Error inserting share prices data: not all arguments converted during string formatting
[2024-09-27T18:35:34.807+0000] {base.py:84} INFO - Retrieving connection 'dse_connection'
[2024-09-27T18:35:34.830+0000] {sql.py:509} INFO - Running statement: 
        INSERT INTO company_share_prices (
            company_id, date, latest_trading_price, high_price, low_price, closing_price, ycp, change, trade, value, volume
        ) VALUES (
            (SELECT company_id FROM company_list WHERE company_trade_name LIKE %s), %s, %s, %s, %s, %s, %s, %s, %s, %s
        );
    , parameters: ('AMANFEED', datetime.datetime(2024, 9, 27, 18, 35, 34, 762354), '24.7', '24.9', '22.5', '24.7', '22.7', '2', '234', '3.848', '161,503')
[2024-09-27T18:35:34.841+0000] {logging_mixin.py:190} INFO - Error inserting share prices data: not all arguments converted during string formatting
[2024-09-27T18:35:34.868+0000] {base.py:84} INFO - Retrieving connection 'dse_connection'
[2024-09-27T18:35:34.885+0000] {sql.py:509} INFO - Running statement: 
        INSERT INTO company_share_prices (
            company_id, date, latest_trading_price, high_price, low_price, closing_price, ycp, change, trade, value, volume
        ) VALUES (
            (SELECT company_id FROM company_list WHERE company_trade_name LIKE %s), %s, %s, %s, %s, %s, %s, %s, %s, %s
        );
    , parameters: ('AMBEEPHA', datetime.datetime(2024, 9, 27, 18, 35, 34, 846422), '858.2', '865', '832', '856', '877.8', '-19.6', '223', '2.783', '3,295')
[2024-09-27T18:35:34.904+0000] {logging_mixin.py:190} INFO - Error inserting share prices data: not all arguments converted during string formatting
[2024-09-27T18:35:34.945+0000] {base.py:84} INFO - Retrieving connection 'dse_connection'
[2024-09-27T18:35:35.008+0000] {sql.py:509} INFO - Running statement: 
        INSERT INTO company_share_prices (
            company_id, date, latest_trading_price, high_price, low_price, closing_price, ycp, change, trade, value, volume
        ) VALUES (
            (SELECT company_id FROM company_list WHERE company_trade_name LIKE %s), %s, %s, %s, %s, %s, %s, %s, %s, %s
        );
    , parameters: ('AMCL(PRAN)', datetime.datetime(2024, 9, 27, 18, 35, 34, 907927), '236', '237', '234', '235', '238.8', '-2.8', '17', '0.145', '618')
[2024-09-27T18:35:35.010+0000] {logging_mixin.py:190} INFO - Error inserting share prices data: not all arguments converted during string formatting
[2024-09-27T18:35:35.058+0000] {base.py:84} INFO - Retrieving connection 'dse_connection'
[2024-09-27T18:35:35.082+0000] {sql.py:509} INFO - Running statement: 
        INSERT INTO company_share_prices (
            company_id, date, latest_trading_price, high_price, low_price, closing_price, ycp, change, trade, value, volume
        ) VALUES (
            (SELECT company_id FROM company_list WHERE company_trade_name LIKE %s), %s, %s, %s, %s, %s, %s, %s, %s, %s
        );
    , parameters: ('ANLIMAYARN', datetime.datetime(2024, 9, 27, 18, 35, 35, 12053), '27', '27', '27', '27', '29.9', '-2.9', '59', '0.856', '31,720')
[2024-09-27T18:35:35.090+0000] {logging_mixin.py:190} INFO - Error inserting share prices data: not all arguments converted during string formatting
[2024-09-27T18:35:35.159+0000] {base.py:84} INFO - Retrieving connection 'dse_connection'
[2024-09-27T18:35:35.181+0000] {sql.py:509} INFO - Running statement: 
        INSERT INTO company_share_prices (
            company_id, date, latest_trading_price, high_price, low_price, closing_price, ycp, change, trade, value, volume
        ) VALUES (
            (SELECT company_id FROM company_list WHERE company_trade_name LIKE %s), %s, %s, %s, %s, %s, %s, %s, %s, %s
        );
    , parameters: ('ANWARGALV', datetime.datetime(2024, 9, 27, 18, 35, 35, 105434), '114.9', '117', '113.1', '114.9', '116', '-1.1', '390', '4.88', '42,490')
[2024-09-27T18:35:35.191+0000] {logging_mixin.py:190} INFO - Error inserting share prices data: not all arguments converted during string formatting
[2024-09-27T18:35:35.227+0000] {base.py:84} INFO - Retrieving connection 'dse_connection'
[2024-09-27T18:35:35.277+0000] {sql.py:509} INFO - Running statement: 
        INSERT INTO company_share_prices (
            company_id, date, latest_trading_price, high_price, low_price, closing_price, ycp, change, trade, value, volume
        ) VALUES (
            (SELECT company_id FROM company_list WHERE company_trade_name LIKE %s), %s, %s, %s, %s, %s, %s, %s, %s, %s
        );
    , parameters: ('AOL', datetime.datetime(2024, 9, 27, 18, 35, 35, 194917), '16.9', '16.9', '16.9', '16.9', '18.7', '-1.8', '78', '0.758', '44,873')
[2024-09-27T18:35:35.284+0000] {logging_mixin.py:190} INFO - Error inserting share prices data: not all arguments converted during string formatting
[2024-09-27T18:35:35.315+0000] {base.py:84} INFO - Retrieving connection 'dse_connection'
[2024-09-27T18:35:35.351+0000] {sql.py:509} INFO - Running statement: 
        INSERT INTO company_share_prices (
            company_id, date, latest_trading_price, high_price, low_price, closing_price, ycp, change, trade, value, volume
        ) VALUES (
            (SELECT company_id FROM company_list WHERE company_trade_name LIKE %s), %s, %s, %s, %s, %s, %s, %s, %s, %s
        );
    , parameters: ('APEXFOODS', datetime.datetime(2024, 9, 27, 18, 35, 35, 287554), '238.2', '240', '235', '238.2', '235.9', '2.3', '117', '1.306', '5,533')
[2024-09-27T18:35:35.358+0000] {logging_mixin.py:190} INFO - Error inserting share prices data: not all arguments converted during string formatting
[2024-09-27T18:35:35.404+0000] {base.py:84} INFO - Retrieving connection 'dse_connection'
[2024-09-27T18:35:35.420+0000] {sql.py:509} INFO - Running statement: 
        INSERT INTO company_share_prices (
            company_id, date, latest_trading_price, high_price, low_price, closing_price, ycp, change, trade, value, volume
        ) VALUES (
            (SELECT company_id FROM company_list WHERE company_trade_name LIKE %s), %s, %s, %s, %s, %s, %s, %s, %s, %s
        );
    , parameters: ('APEXFOOT', datetime.datetime(2024, 9, 27, 18, 35, 35, 362865), '234.1', '249.9', '229', '234.1', '236.2', '-2.1', '392', '5.458', '23,277')
[2024-09-27T18:35:35.425+0000] {logging_mixin.py:190} INFO - Error inserting share prices data: not all arguments converted during string formatting
[2024-09-27T18:35:35.447+0000] {base.py:84} INFO - Retrieving connection 'dse_connection'
[2024-09-27T18:35:35.478+0000] {sql.py:509} INFO - Running statement: 
        INSERT INTO company_share_prices (
            company_id, date, latest_trading_price, high_price, low_price, closing_price, ycp, change, trade, value, volume
        ) VALUES (
            (SELECT company_id FROM company_list WHERE company_trade_name LIKE %s), %s, %s, %s, %s, %s, %s, %s, %s, %s
        );
    , parameters: ('APEXSPINN', datetime.datetime(2024, 9, 27, 18, 35, 35, 426398), '114.7', '116', '112', '114.7', '115.2', '-0.5', '511', '6.768', '59,373')
[2024-09-27T18:35:35.484+0000] {logging_mixin.py:190} INFO - Error inserting share prices data: not all arguments converted during string formatting
[2024-09-27T18:35:35.508+0000] {base.py:84} INFO - Retrieving connection 'dse_connection'
[2024-09-27T18:35:35.529+0000] {sql.py:509} INFO - Running statement: 
        INSERT INTO company_share_prices (
            company_id, date, latest_trading_price, high_price, low_price, closing_price, ycp, change, trade, value, volume
        ) VALUES (
            (SELECT company_id FROM company_list WHERE company_trade_name LIKE %s), %s, %s, %s, %s, %s, %s, %s, %s, %s
        );
    , parameters: ('APEXTANRY', datetime.datetime(2024, 9, 27, 18, 35, 35, 489312), '86.6', '91.8', '86.2', '86.8', '87.6', '-1', '80', '0.563', '6,430')
[2024-09-27T18:35:35.532+0000] {logging_mixin.py:190} INFO - Error inserting share prices data: not all arguments converted during string formatting
[2024-09-27T18:35:35.552+0000] {base.py:84} INFO - Retrieving connection 'dse_connection'
[2024-09-27T18:35:35.575+0000] {sql.py:509} INFO - Running statement: 
        INSERT INTO company_share_prices (
            company_id, date, latest_trading_price, high_price, low_price, closing_price, ycp, change, trade, value, volume
        ) VALUES (
            (SELECT company_id FROM company_list WHERE company_trade_name LIKE %s), %s, %s, %s, %s, %s, %s, %s, %s, %s
        );
    , parameters: ('APOLOISPAT', datetime.datetime(2024, 9, 27, 18, 35, 35, 533354), '4', '4.1', '3.8', '4', '4', '0', '94', '0.447', '112,508')
[2024-09-27T18:35:35.579+0000] {logging_mixin.py:190} INFO - Error inserting share prices data: not all arguments converted during string formatting
[2024-09-27T18:35:35.603+0000] {base.py:84} INFO - Retrieving connection 'dse_connection'
[2024-09-27T18:35:35.615+0000] {sql.py:509} INFO - Running statement: 
        INSERT INTO company_share_prices (
            company_id, date, latest_trading_price, high_price, low_price, closing_price, ycp, change, trade, value, volume
        ) VALUES (
            (SELECT company_id FROM company_list WHERE company_trade_name LIKE %s), %s, %s, %s, %s, %s, %s, %s, %s, %s
        );
    , parameters: ('ARAMIT', datetime.datetime(2024, 9, 27, 18, 35, 35, 580772), '211', '214.9', '210', '211', '212.1', '-1.1', '157', '2.021', '9,544')
[2024-09-27T18:35:35.617+0000] {logging_mixin.py:190} INFO - Error inserting share prices data: not all arguments converted during string formatting
[2024-09-27T18:35:35.636+0000] {base.py:84} INFO - Retrieving connection 'dse_connection'
[2024-09-27T18:35:35.650+0000] {sql.py:509} INFO - Running statement: 
        INSERT INTO company_share_prices (
            company_id, date, latest_trading_price, high_price, low_price, closing_price, ycp, change, trade, value, volume
        ) VALUES (
            (SELECT company_id FROM company_list WHERE company_trade_name LIKE %s), %s, %s, %s, %s, %s, %s, %s, %s, %s
        );
    , parameters: ('ARAMITCEM', datetime.datetime(2024, 9, 27, 18, 35, 35, 618469), '13.4', '14.6', '13.2', '13.4', '14.4', '-1', '64', '0.389', '28,674')
[2024-09-27T18:35:35.652+0000] {logging_mixin.py:190} INFO - Error inserting share prices data: not all arguments converted during string formatting
[2024-09-27T18:35:35.669+0000] {base.py:84} INFO - Retrieving connection 'dse_connection'
[2024-09-27T18:35:35.694+0000] {sql.py:509} INFO - Running statement: 
        INSERT INTO company_share_prices (
            company_id, date, latest_trading_price, high_price, low_price, closing_price, ycp, change, trade, value, volume
        ) VALUES (
            (SELECT company_id FROM company_list WHERE company_trade_name LIKE %s), %s, %s, %s, %s, %s, %s, %s, %s, %s
        );
    , parameters: ('ARGONDENIM', datetime.datetime(2024, 9, 27, 18, 35, 35, 657130), '16.6', '17.1', '16.1', '16.4', '16.6', '0', '65', '0.546', '32,991')
[2024-09-27T18:35:35.698+0000] {logging_mixin.py:190} INFO - Error inserting share prices data: not all arguments converted during string formatting
[2024-09-27T18:35:35.729+0000] {base.py:84} INFO - Retrieving connection 'dse_connection'
[2024-09-27T18:35:35.771+0000] {sql.py:509} INFO - Running statement: 
        INSERT INTO company_share_prices (
            company_id, date, latest_trading_price, high_price, low_price, closing_price, ycp, change, trade, value, volume
        ) VALUES (
            (SELECT company_id FROM company_list WHERE company_trade_name LIKE %s), %s, %s, %s, %s, %s, %s, %s, %s, %s
        );
    , parameters: ('ASIAINS', datetime.datetime(2024, 9, 27, 18, 35, 35, 703364), '28.5', '31.6', '28.1', '28.8', '30.1', '-1.6', '80', '0.695', '23,788')
[2024-09-27T18:35:35.777+0000] {logging_mixin.py:190} INFO - Error inserting share prices data: not all arguments converted during string formatting
[2024-09-27T18:35:35.800+0000] {base.py:84} INFO - Retrieving connection 'dse_connection'
[2024-09-27T18:35:35.811+0000] {sql.py:509} INFO - Running statement: 
        INSERT INTO company_share_prices (
            company_id, date, latest_trading_price, high_price, low_price, closing_price, ycp, change, trade, value, volume
        ) VALUES (
            (SELECT company_id FROM company_list WHERE company_trade_name LIKE %s), %s, %s, %s, %s, %s, %s, %s, %s, %s
        );
    , parameters: ('ASIAPACINS', datetime.datetime(2024, 9, 27, 18, 35, 35, 779710), '36.3', '38.7', '35', '36.3', '37.6', '-1.3', '62', '1.314', '36,153')
[2024-09-27T18:35:35.819+0000] {logging_mixin.py:190} INFO - Error inserting share prices data: not all arguments converted during string formatting
[2024-09-27T18:35:35.838+0000] {base.py:84} INFO - Retrieving connection 'dse_connection'
[2024-09-27T18:35:35.902+0000] {sql.py:509} INFO - Running statement: 
        INSERT INTO company_share_prices (
            company_id, date, latest_trading_price, high_price, low_price, closing_price, ycp, change, trade, value, volume
        ) VALUES (
            (SELECT company_id FROM company_list WHERE company_trade_name LIKE %s), %s, %s, %s, %s, %s, %s, %s, %s, %s
        );
    , parameters: ('ASIATICLAB', datetime.datetime(2024, 9, 27, 18, 35, 35, 820697), '34', '34.5', '32.5', '34', '34.1', '-0.1', '1,211', '23.826', '711,689')
[2024-09-27T18:35:35.904+0000] {logging_mixin.py:190} INFO - Error inserting share prices data: not all arguments converted during string formatting
[2024-09-27T18:35:35.924+0000] {base.py:84} INFO - Retrieving connection 'dse_connection'
[2024-09-27T18:35:35.938+0000] {sql.py:509} INFO - Running statement: 
        INSERT INTO company_share_prices (
            company_id, date, latest_trading_price, high_price, low_price, closing_price, ycp, change, trade, value, volume
        ) VALUES (
            (SELECT company_id FROM company_list WHERE company_trade_name LIKE %s), %s, %s, %s, %s, %s, %s, %s, %s, %s
        );
    , parameters: ('ATCSLGF', datetime.datetime(2024, 9, 27, 18, 35, 35, 907584), '6', '6.3', '5.9', '6', '6.3', '-0.3', '144', '1.911', '314,514')
[2024-09-27T18:35:35.944+0000] {logging_mixin.py:190} INFO - Error inserting share prices data: not all arguments converted during string formatting
[2024-09-27T18:35:35.965+0000] {base.py:84} INFO - Retrieving connection 'dse_connection'
[2024-09-27T18:35:35.974+0000] {sql.py:509} INFO - Running statement: 
        INSERT INTO company_share_prices (
            company_id, date, latest_trading_price, high_price, low_price, closing_price, ycp, change, trade, value, volume
        ) VALUES (
            (SELECT company_id FROM company_list WHERE company_trade_name LIKE %s), %s, %s, %s, %s, %s, %s, %s, %s, %s
        );
    , parameters: ('ATLASBANG', datetime.datetime(2024, 9, 27, 18, 35, 35, 949145), '59', '64', '58.4', '58.7', '64.8', '-5.8', '58', '0.534', '9,039')
[2024-09-27T18:35:35.976+0000] {logging_mixin.py:190} INFO - Error inserting share prices data: not all arguments converted during string formatting
[2024-09-27T18:35:36.001+0000] {base.py:84} INFO - Retrieving connection 'dse_connection'
[2024-09-27T18:35:36.014+0000] {sql.py:509} INFO - Running statement: 
        INSERT INTO company_share_prices (
            company_id, date, latest_trading_price, high_price, low_price, closing_price, ycp, change, trade, value, volume
        ) VALUES (
            (SELECT company_id FROM company_list WHERE company_trade_name LIKE %s), %s, %s, %s, %s, %s, %s, %s, %s, %s
        );
    , parameters: ('AZIZPIPES', datetime.datetime(2024, 9, 27, 18, 35, 35, 982780), '64.8', '65.2', '61.6', '64.8', '65.2', '-0.4', '57', '0.38', '6,063')
[2024-09-27T18:35:36.015+0000] {logging_mixin.py:190} INFO - Error inserting share prices data: not all arguments converted during string formatting
[2024-09-27T18:35:36.038+0000] {base.py:84} INFO - Retrieving connection 'dse_connection'
[2024-09-27T18:35:36.055+0000] {sql.py:509} INFO - Running statement: 
        INSERT INTO company_share_prices (
            company_id, date, latest_trading_price, high_price, low_price, closing_price, ycp, change, trade, value, volume
        ) VALUES (
            (SELECT company_id FROM company_list WHERE company_trade_name LIKE %s), %s, %s, %s, %s, %s, %s, %s, %s, %s
        );
    , parameters: ('BANGAS', datetime.datetime(2024, 9, 27, 18, 35, 36, 16949), '113', '114.5', '111.1', '113', '113.3', '-0.3', '484', '7.835', '69,618')
[2024-09-27T18:35:36.057+0000] {logging_mixin.py:190} INFO - Error inserting share prices data: not all arguments converted during string formatting
[2024-09-27T18:35:36.071+0000] {base.py:84} INFO - Retrieving connection 'dse_connection'
[2024-09-27T18:35:36.087+0000] {sql.py:509} INFO - Running statement: 
        INSERT INTO company_share_prices (
            company_id, date, latest_trading_price, high_price, low_price, closing_price, ycp, change, trade, value, volume
        ) VALUES (
            (SELECT company_id FROM company_list WHERE company_trade_name LIKE %s), %s, %s, %s, %s, %s, %s, %s, %s, %s
        );
    , parameters: ('BANKASIA', datetime.datetime(2024, 9, 27, 18, 35, 36, 58650), '19', '19.2', '18.6', '19', '18.9', '0.1', '43', '0.817', '42,876')
[2024-09-27T18:35:36.092+0000] {logging_mixin.py:190} INFO - Error inserting share prices data: not all arguments converted during string formatting
[2024-09-27T18:35:36.119+0000] {base.py:84} INFO - Retrieving connection 'dse_connection'
[2024-09-27T18:35:36.134+0000] {sql.py:509} INFO - Running statement: 
        INSERT INTO company_share_prices (
            company_id, date, latest_trading_price, high_price, low_price, closing_price, ycp, change, trade, value, volume
        ) VALUES (
            (SELECT company_id FROM company_list WHERE company_trade_name LIKE %s), %s, %s, %s, %s, %s, %s, %s, %s, %s
        );
    , parameters: ('BARKAPOWER', datetime.datetime(2024, 9, 27, 18, 35, 36, 94227), '12.4', '12.6', '12.2', '12.4', '12.5', '-0.1', '146', '2.561', '206,902')
[2024-09-27T18:35:36.137+0000] {logging_mixin.py:190} INFO - Error inserting share prices data: not all arguments converted during string formatting
[2024-09-27T18:35:36.163+0000] {base.py:84} INFO - Retrieving connection 'dse_connection'
[2024-09-27T18:35:36.180+0000] {sql.py:509} INFO - Running statement: 
        INSERT INTO company_share_prices (
            company_id, date, latest_trading_price, high_price, low_price, closing_price, ycp, change, trade, value, volume
        ) VALUES (
            (SELECT company_id FROM company_list WHERE company_trade_name LIKE %s), %s, %s, %s, %s, %s, %s, %s, %s, %s
        );
    , parameters: ('BATASHOE', datetime.datetime(2024, 9, 27, 18, 35, 36, 139250), '930', '930', '920', '928.4', '928.6', '1.4', '33', '0.158', '170')
[2024-09-27T18:35:36.182+0000] {logging_mixin.py:190} INFO - Error inserting share prices data: not all arguments converted during string formatting
[2024-09-27T18:35:36.206+0000] {base.py:84} INFO - Retrieving connection 'dse_connection'
[2024-09-27T18:35:36.231+0000] {sql.py:509} INFO - Running statement: 
        INSERT INTO company_share_prices (
            company_id, date, latest_trading_price, high_price, low_price, closing_price, ycp, change, trade, value, volume
        ) VALUES (
            (SELECT company_id FROM company_list WHERE company_trade_name LIKE %s), %s, %s, %s, %s, %s, %s, %s, %s, %s
        );
    , parameters: ('BATBC', datetime.datetime(2024, 9, 27, 18, 35, 36, 183642), '397', '402', '395.4', '397', '400.7', '-3.7', '1,748', '50.056', '125,479')
[2024-09-27T18:35:36.235+0000] {logging_mixin.py:190} INFO - Error inserting share prices data: not all arguments converted during string formatting
[2024-09-27T18:35:36.266+0000] {base.py:84} INFO - Retrieving connection 'dse_connection'
[2024-09-27T18:35:36.277+0000] {sql.py:509} INFO - Running statement: 
        INSERT INTO company_share_prices (
            company_id, date, latest_trading_price, high_price, low_price, closing_price, ycp, change, trade, value, volume
        ) VALUES (
            (SELECT company_id FROM company_list WHERE company_trade_name LIKE %s), %s, %s, %s, %s, %s, %s, %s, %s, %s
        );
    , parameters: ('BAYLEASING', datetime.datetime(2024, 9, 27, 18, 35, 36, 243949), '9.2', '9.2', '9.2', '9.2', '10.2', '-1', '76', '2.703', '293,822')
[2024-09-27T18:35:36.279+0000] {logging_mixin.py:190} INFO - Error inserting share prices data: not all arguments converted during string formatting
[2024-09-27T18:35:36.326+0000] {base.py:84} INFO - Retrieving connection 'dse_connection'
[2024-09-27T18:35:36.341+0000] {sql.py:509} INFO - Running statement: 
        INSERT INTO company_share_prices (
            company_id, date, latest_trading_price, high_price, low_price, closing_price, ycp, change, trade, value, volume
        ) VALUES (
            (SELECT company_id FROM company_list WHERE company_trade_name LIKE %s), %s, %s, %s, %s, %s, %s, %s, %s, %s
        );
    , parameters: ('BBS', datetime.datetime(2024, 9, 27, 18, 35, 36, 284099), '10.8', '12.8', '10.7', '10.8', '11.8', '-1', '553', '9.235', '841,710')
[2024-09-27T18:35:36.343+0000] {logging_mixin.py:190} INFO - Error inserting share prices data: not all arguments converted during string formatting
[2024-09-27T18:35:36.388+0000] {base.py:84} INFO - Retrieving connection 'dse_connection'
[2024-09-27T18:35:36.441+0000] {sql.py:509} INFO - Running statement: 
        INSERT INTO company_share_prices (
            company_id, date, latest_trading_price, high_price, low_price, closing_price, ycp, change, trade, value, volume
        ) VALUES (
            (SELECT company_id FROM company_list WHERE company_trade_name LIKE %s), %s, %s, %s, %s, %s, %s, %s, %s, %s
        );
    , parameters: ('BBSCABLES', datetime.datetime(2024, 9, 27, 18, 35, 36, 347636), '21', '21.2', '19.9', '21', '21.4', '-0.4', '408', '6.22', '305,447')
[2024-09-27T18:35:36.443+0000] {logging_mixin.py:190} INFO - Error inserting share prices data: not all arguments converted during string formatting
[2024-09-27T18:35:36.472+0000] {base.py:84} INFO - Retrieving connection 'dse_connection'
[2024-09-27T18:35:36.506+0000] {sql.py:509} INFO - Running statement: 
        INSERT INTO company_share_prices (
            company_id, date, latest_trading_price, high_price, low_price, closing_price, ycp, change, trade, value, volume
        ) VALUES (
            (SELECT company_id FROM company_list WHERE company_trade_name LIKE %s), %s, %s, %s, %s, %s, %s, %s, %s, %s
        );
    , parameters: ('BDAUTOCA', datetime.datetime(2024, 9, 27, 18, 35, 36, 448835), '102.5', '107', '100.2', '102.5', '103.3', '-0.8', '151', '1.344', '13,224')
[2024-09-27T18:35:36.508+0000] {logging_mixin.py:190} INFO - Error inserting share prices data: not all arguments converted during string formatting
[2024-09-27T18:35:36.583+0000] {base.py:84} INFO - Retrieving connection 'dse_connection'
[2024-09-27T18:35:36.628+0000] {sql.py:509} INFO - Running statement: 
        INSERT INTO company_share_prices (
            company_id, date, latest_trading_price, high_price, low_price, closing_price, ycp, change, trade, value, volume
        ) VALUES (
            (SELECT company_id FROM company_list WHERE company_trade_name LIKE %s), %s, %s, %s, %s, %s, %s, %s, %s, %s
        );
    , parameters: ('BDCOM', datetime.datetime(2024, 9, 27, 18, 35, 36, 509105), '23.9', '25.3', '23.4', '23.7', '24.9', '-1', '216', '2.206', '92,158')
[2024-09-27T18:35:36.631+0000] {logging_mixin.py:190} INFO - Error inserting share prices data: not all arguments converted during string formatting
[2024-09-27T18:35:36.704+0000] {base.py:84} INFO - Retrieving connection 'dse_connection'
[2024-09-27T18:35:36.783+0000] {sql.py:509} INFO - Running statement: 
        INSERT INTO company_share_prices (
            company_id, date, latest_trading_price, high_price, low_price, closing_price, ycp, change, trade, value, volume
        ) VALUES (
            (SELECT company_id FROM company_list WHERE company_trade_name LIKE %s), %s, %s, %s, %s, %s, %s, %s, %s, %s
        );
    , parameters: ('BDFINANCE', datetime.datetime(2024, 9, 27, 18, 35, 36, 642776), '16.7', '17.3', '15.3', '16.7', '16.9', '-0.2', '220', '2.824', '167,942')
[2024-09-27T18:35:36.793+0000] {logging_mixin.py:190} INFO - Error inserting share prices data: not all arguments converted during string formatting
[2024-09-27T18:35:36.902+0000] {base.py:84} INFO - Retrieving connection 'dse_connection'
[2024-09-27T18:35:36.963+0000] {sql.py:509} INFO - Running statement: 
        INSERT INTO company_share_prices (
            company_id, date, latest_trading_price, high_price, low_price, closing_price, ycp, change, trade, value, volume
        ) VALUES (
            (SELECT company_id FROM company_list WHERE company_trade_name LIKE %s), %s, %s, %s, %s, %s, %s, %s, %s, %s
        );
    , parameters: ('BDLAMPS', datetime.datetime(2024, 9, 27, 18, 35, 36, 798451), '122.7', '125.7', '122', '122.8', '123.9', '-1.2', '98', '1.312', '10,695')
[2024-09-27T18:35:36.967+0000] {logging_mixin.py:190} INFO - Error inserting share prices data: not all arguments converted during string formatting
[2024-09-27T18:35:37.012+0000] {base.py:84} INFO - Retrieving connection 'dse_connection'
[2024-09-27T18:35:37.041+0000] {sql.py:509} INFO - Running statement: 
        INSERT INTO company_share_prices (
            company_id, date, latest_trading_price, high_price, low_price, closing_price, ycp, change, trade, value, volume
        ) VALUES (
            (SELECT company_id FROM company_list WHERE company_trade_name LIKE %s), %s, %s, %s, %s, %s, %s, %s, %s, %s
        );
    , parameters: ('BDSERVICE', datetime.datetime(2024, 9, 27, 18, 35, 36, 968842), '0', '0', '0', '5.2', '5.2', '--', '0', '0', '0')
[2024-09-27T18:35:37.043+0000] {logging_mixin.py:190} INFO - Error inserting share prices data: not all arguments converted during string formatting
[2024-09-27T18:35:37.097+0000] {base.py:84} INFO - Retrieving connection 'dse_connection'
[2024-09-27T18:35:37.126+0000] {sql.py:509} INFO - Running statement: 
        INSERT INTO company_share_prices (
            company_id, date, latest_trading_price, high_price, low_price, closing_price, ycp, change, trade, value, volume
        ) VALUES (
            (SELECT company_id FROM company_list WHERE company_trade_name LIKE %s), %s, %s, %s, %s, %s, %s, %s, %s, %s
        );
    , parameters: ('BDTHAI', datetime.datetime(2024, 9, 27, 18, 35, 37, 58884), '12', '12', '12', '12', '13.3', '-1.3', '146', '1.98', '164,980')
[2024-09-27T18:35:37.130+0000] {logging_mixin.py:190} INFO - Error inserting share prices data: not all arguments converted during string formatting
[2024-09-27T18:35:37.171+0000] {base.py:84} INFO - Retrieving connection 'dse_connection'
[2024-09-27T18:35:37.196+0000] {sql.py:509} INFO - Running statement: 
        INSERT INTO company_share_prices (
            company_id, date, latest_trading_price, high_price, low_price, closing_price, ycp, change, trade, value, volume
        ) VALUES (
            (SELECT company_id FROM company_list WHERE company_trade_name LIKE %s), %s, %s, %s, %s, %s, %s, %s, %s, %s
        );
    , parameters: ('BDTHAIFOOD', datetime.datetime(2024, 9, 27, 18, 35, 37, 139266), '17.8', '18.9', '17.1', '17.6', '18.9', '-1.1', '207', '1.207', '68,511')
[2024-09-27T18:35:37.201+0000] {logging_mixin.py:190} INFO - Error inserting share prices data: not all arguments converted during string formatting
[2024-09-27T18:35:37.239+0000] {base.py:84} INFO - Retrieving connection 'dse_connection'
[2024-09-27T18:35:37.256+0000] {sql.py:509} INFO - Running statement: 
        INSERT INTO company_share_prices (
            company_id, date, latest_trading_price, high_price, low_price, closing_price, ycp, change, trade, value, volume
        ) VALUES (
            (SELECT company_id FROM company_list WHERE company_trade_name LIKE %s), %s, %s, %s, %s, %s, %s, %s, %s, %s
        );
    , parameters: ('BDWELDING', datetime.datetime(2024, 9, 27, 18, 35, 37, 206311), '13.2', '13.3', '12', '12.3', '13.3', '-0.1', '69', '0.96', '78,049')
[2024-09-27T18:35:37.260+0000] {logging_mixin.py:190} INFO - Error inserting share prices data: not all arguments converted during string formatting
[2024-09-27T18:35:37.279+0000] {base.py:84} INFO - Retrieving connection 'dse_connection'
[2024-09-27T18:35:37.338+0000] {sql.py:509} INFO - Running statement: 
        INSERT INTO company_share_prices (
            company_id, date, latest_trading_price, high_price, low_price, closing_price, ycp, change, trade, value, volume
        ) VALUES (
            (SELECT company_id FROM company_list WHERE company_trade_name LIKE %s), %s, %s, %s, %s, %s, %s, %s, %s, %s
        );
    , parameters: ('BEACHHATCH', datetime.datetime(2024, 9, 27, 18, 35, 37, 266159), '80.6', '80.6', '80.6', '80.6', '89.5', '-8.9', '82', '6.939', '86,096')
[2024-09-27T18:35:37.342+0000] {logging_mixin.py:190} INFO - Error inserting share prices data: not all arguments converted during string formatting
[2024-09-27T18:35:37.431+0000] {base.py:84} INFO - Retrieving connection 'dse_connection'
[2024-09-27T18:35:37.582+0000] {sql.py:509} INFO - Running statement: 
        INSERT INTO company_share_prices (
            company_id, date, latest_trading_price, high_price, low_price, closing_price, ycp, change, trade, value, volume
        ) VALUES (
            (SELECT company_id FROM company_list WHERE company_trade_name LIKE %s), %s, %s, %s, %s, %s, %s, %s, %s, %s
        );
    , parameters: ('BEACONPHAR', datetime.datetime(2024, 9, 27, 18, 35, 37, 349612), '134.6', '140', '133.1', '134.6', '139.4', '-4.8', '934', '29.54', '217,959')
[2024-09-27T18:35:37.586+0000] {logging_mixin.py:190} INFO - Error inserting share prices data: not all arguments converted during string formatting
[2024-09-27T18:35:37.689+0000] {base.py:84} INFO - Retrieving connection 'dse_connection'
[2024-09-27T18:35:37.741+0000] {sql.py:509} INFO - Running statement: 
        INSERT INTO company_share_prices (
            company_id, date, latest_trading_price, high_price, low_price, closing_price, ycp, change, trade, value, volume
        ) VALUES (
            (SELECT company_id FROM company_list WHERE company_trade_name LIKE %s), %s, %s, %s, %s, %s, %s, %s, %s, %s
        );
    , parameters: ('BENGALWTL', datetime.datetime(2024, 9, 27, 18, 35, 37, 592282), '17.1', '18', '16.9', '17.1', '17.5', '-0.4', '71', '0.744', '43,240')
[2024-09-27T18:35:37.744+0000] {logging_mixin.py:190} INFO - Error inserting share prices data: not all arguments converted during string formatting
[2024-09-27T18:35:37.792+0000] {base.py:84} INFO - Retrieving connection 'dse_connection'
[2024-09-27T18:35:37.833+0000] {sql.py:509} INFO - Running statement: 
        INSERT INTO company_share_prices (
            company_id, date, latest_trading_price, high_price, low_price, closing_price, ycp, change, trade, value, volume
        ) VALUES (
            (SELECT company_id FROM company_list WHERE company_trade_name LIKE %s), %s, %s, %s, %s, %s, %s, %s, %s, %s
        );
    , parameters: ('BERGERPBL', datetime.datetime(2024, 9, 27, 18, 35, 37, 771774), '1,771.5', '1,780', '1,770', '1,773.3', '1,775', '-3.5', '27', '0.525', '296')
[2024-09-27T18:35:37.839+0000] {logging_mixin.py:190} INFO - Error inserting share prices data: not all arguments converted during string formatting
[2024-09-27T18:35:37.908+0000] {base.py:84} INFO - Retrieving connection 'dse_connection'
[2024-09-27T18:35:37.945+0000] {sql.py:509} INFO - Running statement: 
        INSERT INTO company_share_prices (
            company_id, date, latest_trading_price, high_price, low_price, closing_price, ycp, change, trade, value, volume
        ) VALUES (
            (SELECT company_id FROM company_list WHERE company_trade_name LIKE %s), %s, %s, %s, %s, %s, %s, %s, %s, %s
        );
    , parameters: ('BESTHLDNG', datetime.datetime(2024, 9, 27, 18, 35, 37, 856699), '22.5', '23', '22', '22.5', '22.9', '-0.4', '936', '21.36', '950,530')
[2024-09-27T18:35:37.947+0000] {logging_mixin.py:190} INFO - Error inserting share prices data: not all arguments converted during string formatting
[2024-09-27T18:35:37.978+0000] {base.py:84} INFO - Retrieving connection 'dse_connection'
[2024-09-27T18:35:37.996+0000] {sql.py:509} INFO - Running statement: 
        INSERT INTO company_share_prices (
            company_id, date, latest_trading_price, high_price, low_price, closing_price, ycp, change, trade, value, volume
        ) VALUES (
            (SELECT company_id FROM company_list WHERE company_trade_name LIKE %s), %s, %s, %s, %s, %s, %s, %s, %s, %s
        );
    , parameters: ('BEXIMCO', datetime.datetime(2024, 9, 27, 18, 35, 37, 948921), '115.6', '115.6', '115.6', '115.6', '115.6', '0', '2', '0.049', '427')
[2024-09-27T18:35:37.998+0000] {logging_mixin.py:190} INFO - Error inserting share prices data: not all arguments converted during string formatting
[2024-09-27T18:35:38.076+0000] {base.py:84} INFO - Retrieving connection 'dse_connection'
[2024-09-27T18:35:38.111+0000] {sql.py:509} INFO - Running statement: 
        INSERT INTO company_share_prices (
            company_id, date, latest_trading_price, high_price, low_price, closing_price, ycp, change, trade, value, volume
        ) VALUES (
            (SELECT company_id FROM company_list WHERE company_trade_name LIKE %s), %s, %s, %s, %s, %s, %s, %s, %s, %s
        );
    , parameters: ('BGIC', datetime.datetime(2024, 9, 27, 18, 35, 38, 185), '35.3', '35.6', '34', '34.8', '35.2', '0.1', '53', '0.378', '10,779')
[2024-09-27T18:35:38.114+0000] {logging_mixin.py:190} INFO - Error inserting share prices data: not all arguments converted during string formatting
[2024-09-27T18:35:38.156+0000] {base.py:84} INFO - Retrieving connection 'dse_connection'
[2024-09-27T18:35:38.176+0000] {sql.py:509} INFO - Running statement: 
        INSERT INTO company_share_prices (
            company_id, date, latest_trading_price, high_price, low_price, closing_price, ycp, change, trade, value, volume
        ) VALUES (
            (SELECT company_id FROM company_list WHERE company_trade_name LIKE %s), %s, %s, %s, %s, %s, %s, %s, %s, %s
        );
    , parameters: ('BIFC', datetime.datetime(2024, 9, 27, 18, 35, 38, 116872), '7', '7.2', '7', '7.1', '7.2', '-0.2', '9', '0.054', '7,575')
[2024-09-27T18:35:38.195+0000] {logging_mixin.py:190} INFO - Error inserting share prices data: not all arguments converted during string formatting
[2024-09-27T18:35:38.225+0000] {base.py:84} INFO - Retrieving connection 'dse_connection'
[2024-09-27T18:35:38.244+0000] {sql.py:509} INFO - Running statement: 
        INSERT INTO company_share_prices (
            company_id, date, latest_trading_price, high_price, low_price, closing_price, ycp, change, trade, value, volume
        ) VALUES (
            (SELECT company_id FROM company_list WHERE company_trade_name LIKE %s), %s, %s, %s, %s, %s, %s, %s, %s, %s
        );
    , parameters: ('BNICL', datetime.datetime(2024, 9, 27, 18, 35, 38, 198801), '42.3', '43.7', '40.2', '42.3', '41.9', '0.4', '90', '1.237', '29,482')
[2024-09-27T18:35:38.251+0000] {logging_mixin.py:190} INFO - Error inserting share prices data: not all arguments converted during string formatting
[2024-09-27T18:35:38.320+0000] {base.py:84} INFO - Retrieving connection 'dse_connection'
[2024-09-27T18:35:38.336+0000] {sql.py:509} INFO - Running statement: 
        INSERT INTO company_share_prices (
            company_id, date, latest_trading_price, high_price, low_price, closing_price, ycp, change, trade, value, volume
        ) VALUES (
            (SELECT company_id FROM company_list WHERE company_trade_name LIKE %s), %s, %s, %s, %s, %s, %s, %s, %s, %s
        );
    , parameters: ('BPML', datetime.datetime(2024, 9, 27, 18, 35, 38, 259801), '38.1', '39.4', '37.7', '38.1', '38.4', '-0.3', '543', '6.42', '166,131')
[2024-09-27T18:35:38.344+0000] {logging_mixin.py:190} INFO - Error inserting share prices data: not all arguments converted during string formatting
[2024-09-27T18:35:38.376+0000] {base.py:84} INFO - Retrieving connection 'dse_connection'
[2024-09-27T18:35:38.407+0000] {sql.py:509} INFO - Running statement: 
        INSERT INTO company_share_prices (
            company_id, date, latest_trading_price, high_price, low_price, closing_price, ycp, change, trade, value, volume
        ) VALUES (
            (SELECT company_id FROM company_list WHERE company_trade_name LIKE %s), %s, %s, %s, %s, %s, %s, %s, %s, %s
        );
    , parameters: ('BPPL', datetime.datetime(2024, 9, 27, 18, 35, 38, 349608), '13.2', '13.5', '12.4', '13.2', '12.6', '0.6', '291', '5.492', '427,778')
[2024-09-27T18:35:38.421+0000] {logging_mixin.py:190} INFO - Error inserting share prices data: not all arguments converted during string formatting
[2024-09-27T18:35:38.520+0000] {base.py:84} INFO - Retrieving connection 'dse_connection'
[2024-09-27T18:35:38.549+0000] {sql.py:509} INFO - Running statement: 
        INSERT INTO company_share_prices (
            company_id, date, latest_trading_price, high_price, low_price, closing_price, ycp, change, trade, value, volume
        ) VALUES (
            (SELECT company_id FROM company_list WHERE company_trade_name LIKE %s), %s, %s, %s, %s, %s, %s, %s, %s, %s
        );
    , parameters: ('BRACBANK', datetime.datetime(2024, 9, 27, 18, 35, 38, 459844), '55.1', '56.8', '54.6', '55.1', '56.7', '-1.6', '2,669', '243.663', '4,374,793')
[2024-09-27T18:35:38.551+0000] {logging_mixin.py:190} INFO - Error inserting share prices data: not all arguments converted during string formatting
[2024-09-27T18:35:38.590+0000] {base.py:84} INFO - Retrieving connection 'dse_connection'
[2024-09-27T18:35:38.635+0000] {sql.py:509} INFO - Running statement: 
        INSERT INTO company_share_prices (
            company_id, date, latest_trading_price, high_price, low_price, closing_price, ycp, change, trade, value, volume
        ) VALUES (
            (SELECT company_id FROM company_list WHERE company_trade_name LIKE %s), %s, %s, %s, %s, %s, %s, %s, %s, %s
        );
    , parameters: ('BSC', datetime.datetime(2024, 9, 27, 18, 35, 38, 552659), '87.3', '89.5', '86.7', '87.3', '87.7', '-0.4', '1,311', '25.787', '294,298')
[2024-09-27T18:35:38.637+0000] {logging_mixin.py:190} INFO - Error inserting share prices data: not all arguments converted during string formatting
[2024-09-27T18:35:38.661+0000] {base.py:84} INFO - Retrieving connection 'dse_connection'
[2024-09-27T18:35:38.710+0000] {sql.py:509} INFO - Running statement: 
        INSERT INTO company_share_prices (
            company_id, date, latest_trading_price, high_price, low_price, closing_price, ycp, change, trade, value, volume
        ) VALUES (
            (SELECT company_id FROM company_list WHERE company_trade_name LIKE %s), %s, %s, %s, %s, %s, %s, %s, %s, %s
        );
    , parameters: ('BSCPLC', datetime.datetime(2024, 9, 27, 18, 35, 38, 638482), '146.3', '151.2', '144', '146.3', '152.4', '-6.1', '858', '18.127', '123,166')
[2024-09-27T18:35:38.714+0000] {logging_mixin.py:190} INFO - Error inserting share prices data: not all arguments converted during string formatting
[2024-09-27T18:35:38.742+0000] {base.py:84} INFO - Retrieving connection 'dse_connection'
[2024-09-27T18:35:38.781+0000] {sql.py:509} INFO - Running statement: 
        INSERT INTO company_share_prices (
            company_id, date, latest_trading_price, high_price, low_price, closing_price, ycp, change, trade, value, volume
        ) VALUES (
            (SELECT company_id FROM company_list WHERE company_trade_name LIKE %s), %s, %s, %s, %s, %s, %s, %s, %s, %s
        );
    , parameters: ('BSRMLTD', datetime.datetime(2024, 9, 27, 18, 35, 38, 723218), '79', '84.8', '78.3', '79', '82.4', '-3.4', '366', '6.628', '83,053')
[2024-09-27T18:35:38.783+0000] {logging_mixin.py:190} INFO - Error inserting share prices data: not all arguments converted during string formatting
[2024-09-27T18:35:38.810+0000] {base.py:84} INFO - Retrieving connection 'dse_connection'
[2024-09-27T18:35:38.835+0000] {sql.py:509} INFO - Running statement: 
        INSERT INTO company_share_prices (
            company_id, date, latest_trading_price, high_price, low_price, closing_price, ycp, change, trade, value, volume
        ) VALUES (
            (SELECT company_id FROM company_list WHERE company_trade_name LIKE %s), %s, %s, %s, %s, %s, %s, %s, %s, %s
        );
    , parameters: ('BSRMSTEEL', datetime.datetime(2024, 9, 27, 18, 35, 38, 789402), '57.8', '59.1', '53.2', '56.9', '59.1', '-1.3', '231', '5.88', '102,892')
[2024-09-27T18:35:38.841+0000] {logging_mixin.py:190} INFO - Error inserting share prices data: not all arguments converted during string formatting
[2024-09-27T18:35:38.877+0000] {base.py:84} INFO - Retrieving connection 'dse_connection'
[2024-09-27T18:35:38.919+0000] {sql.py:509} INFO - Running statement: 
        INSERT INTO company_share_prices (
            company_id, date, latest_trading_price, high_price, low_price, closing_price, ycp, change, trade, value, volume
        ) VALUES (
            (SELECT company_id FROM company_list WHERE company_trade_name LIKE %s), %s, %s, %s, %s, %s, %s, %s, %s, %s
        );
    , parameters: ('BXPHARMA', datetime.datetime(2024, 9, 27, 18, 35, 38, 843088), '71.3', '72.7', '70.8', '71.3', '71.9', '-0.6', '1,054', '25.057', '350,601')
[2024-09-27T18:35:38.926+0000] {logging_mixin.py:190} INFO - Error inserting share prices data: not all arguments converted during string formatting
[2024-09-27T18:35:38.967+0000] {base.py:84} INFO - Retrieving connection 'dse_connection'
[2024-09-27T18:35:39.001+0000] {sql.py:509} INFO - Running statement: 
        INSERT INTO company_share_prices (
            company_id, date, latest_trading_price, high_price, low_price, closing_price, ycp, change, trade, value, volume
        ) VALUES (
            (SELECT company_id FROM company_list WHERE company_trade_name LIKE %s), %s, %s, %s, %s, %s, %s, %s, %s, %s
        );
    , parameters: ('CAPITECGBF', datetime.datetime(2024, 9, 27, 18, 35, 38, 942790), '9.5', '10.1', '9.3', '9.5', '10', '-0.5', '567', '17.291', '1,780,237')
[2024-09-27T18:35:39.005+0000] {logging_mixin.py:190} INFO - Error inserting share prices data: not all arguments converted during string formatting
[2024-09-27T18:35:39.049+0000] {base.py:84} INFO - Retrieving connection 'dse_connection'
[2024-09-27T18:35:39.065+0000] {sql.py:509} INFO - Running statement: 
        INSERT INTO company_share_prices (
            company_id, date, latest_trading_price, high_price, low_price, closing_price, ycp, change, trade, value, volume
        ) VALUES (
            (SELECT company_id FROM company_list WHERE company_trade_name LIKE %s), %s, %s, %s, %s, %s, %s, %s, %s, %s
        );
    , parameters: ('CAPMBDBLMF', datetime.datetime(2024, 9, 27, 18, 35, 39, 8010), '6.5', '6.6', '6.4', '6.5', '6.6', '-0.1', '21', '0.159', '24,429')
[2024-09-27T18:35:39.067+0000] {logging_mixin.py:190} INFO - Error inserting share prices data: not all arguments converted during string formatting
[2024-09-27T18:35:39.135+0000] {base.py:84} INFO - Retrieving connection 'dse_connection'
[2024-09-27T18:35:39.152+0000] {sql.py:509} INFO - Running statement: 
        INSERT INTO company_share_prices (
            company_id, date, latest_trading_price, high_price, low_price, closing_price, ycp, change, trade, value, volume
        ) VALUES (
            (SELECT company_id FROM company_list WHERE company_trade_name LIKE %s), %s, %s, %s, %s, %s, %s, %s, %s, %s
        );
    , parameters: ('CAPMIBBLMF', datetime.datetime(2024, 9, 27, 18, 35, 39, 72633), '8.6', '8.9', '8.1', '8.3', '8.8', '-0.2', '121', '1.846', '219,014')
[2024-09-27T18:35:39.154+0000] {logging_mixin.py:190} INFO - Error inserting share prices data: not all arguments converted during string formatting
[2024-09-27T18:35:39.260+0000] {base.py:84} INFO - Retrieving connection 'dse_connection'
[2024-09-27T18:35:39.286+0000] {sql.py:509} INFO - Running statement: 
        INSERT INTO company_share_prices (
            company_id, date, latest_trading_price, high_price, low_price, closing_price, ycp, change, trade, value, volume
        ) VALUES (
            (SELECT company_id FROM company_list WHERE company_trade_name LIKE %s), %s, %s, %s, %s, %s, %s, %s, %s, %s
        );
    , parameters: ('CENTRALINS', datetime.datetime(2024, 9, 27, 18, 35, 39, 155776), '44.7', '47.3', '43', '44.7', '46.2', '-1.5', '50', '0.821', '18,410')
[2024-09-27T18:35:39.291+0000] {logging_mixin.py:190} INFO - Error inserting share prices data: not all arguments converted during string formatting
[2024-09-27T18:35:39.330+0000] {base.py:84} INFO - Retrieving connection 'dse_connection'
[2024-09-27T18:35:39.356+0000] {sql.py:509} INFO - Running statement: 
        INSERT INTO company_share_prices (
            company_id, date, latest_trading_price, high_price, low_price, closing_price, ycp, change, trade, value, volume
        ) VALUES (
            (SELECT company_id FROM company_list WHERE company_trade_name LIKE %s), %s, %s, %s, %s, %s, %s, %s, %s, %s
        );
    , parameters: ('CENTRALPHL', datetime.datetime(2024, 9, 27, 18, 35, 39, 293680), '12.2', '12.2', '12.2', '12.2', '13.5', '-1.3', '128', '1.856', '152,107')
[2024-09-27T18:35:39.371+0000] {logging_mixin.py:190} INFO - Error inserting share prices data: not all arguments converted during string formatting
[2024-09-27T18:35:39.441+0000] {base.py:84} INFO - Retrieving connection 'dse_connection'
[2024-09-27T18:35:39.473+0000] {sql.py:509} INFO - Running statement: 
        INSERT INTO company_share_prices (
            company_id, date, latest_trading_price, high_price, low_price, closing_price, ycp, change, trade, value, volume
        ) VALUES (
            (SELECT company_id FROM company_list WHERE company_trade_name LIKE %s), %s, %s, %s, %s, %s, %s, %s, %s, %s
        );
    , parameters: ('CITYBANK', datetime.datetime(2024, 9, 27, 18, 35, 39, 376731), '23.1', '23.5', '22.7', '23.1', '23', '0.1', '807', '25.222', '1,088,596')
[2024-09-27T18:35:39.479+0000] {logging_mixin.py:190} INFO - Error inserting share prices data: not all arguments converted during string formatting
[2024-09-27T18:35:39.531+0000] {base.py:84} INFO - Retrieving connection 'dse_connection'
[2024-09-27T18:35:39.691+0000] {sql.py:509} INFO - Running statement: 
        INSERT INTO company_share_prices (
            company_id, date, latest_trading_price, high_price, low_price, closing_price, ycp, change, trade, value, volume
        ) VALUES (
            (SELECT company_id FROM company_list WHERE company_trade_name LIKE %s), %s, %s, %s, %s, %s, %s, %s, %s, %s
        );
    , parameters: ('CITYGENINS', datetime.datetime(2024, 9, 27, 18, 35, 39, 480841), '58.4', '62', '57.3', '58.4', '58.4', '0', '46', '0.502', '8,658')
[2024-09-27T18:35:39.708+0000] {logging_mixin.py:190} INFO - Error inserting share prices data: not all arguments converted during string formatting
[2024-09-27T18:35:39.824+0000] {base.py:84} INFO - Retrieving connection 'dse_connection'
[2024-09-27T18:35:39.937+0000] {sql.py:509} INFO - Running statement: 
        INSERT INTO company_share_prices (
            company_id, date, latest_trading_price, high_price, low_price, closing_price, ycp, change, trade, value, volume
        ) VALUES (
            (SELECT company_id FROM company_list WHERE company_trade_name LIKE %s), %s, %s, %s, %s, %s, %s, %s, %s, %s
        );
    , parameters: ('CLICL', datetime.datetime(2024, 9, 27, 18, 35, 39, 726545), '40.1', '41', '38', '40.1', '38.9', '1.2', '74', '1.229', '31,000')
[2024-09-27T18:35:40.025+0000] {logging_mixin.py:190} INFO - Error inserting share prices data: not all arguments converted during string formatting
[2024-09-27T18:35:40.105+0000] {base.py:84} INFO - Retrieving connection 'dse_connection'
[2024-09-27T18:35:40.161+0000] {sql.py:509} INFO - Running statement: 
        INSERT INTO company_share_prices (
            company_id, date, latest_trading_price, high_price, low_price, closing_price, ycp, change, trade, value, volume
        ) VALUES (
            (SELECT company_id FROM company_list WHERE company_trade_name LIKE %s), %s, %s, %s, %s, %s, %s, %s, %s, %s
        );
    , parameters: ('CNATEX', datetime.datetime(2024, 9, 27, 18, 35, 40, 64315), '5.4', '5.4', '5', '5.4', '5.5', '-0.1', '321', '5.608', '1,068,141')
[2024-09-27T18:35:40.171+0000] {logging_mixin.py:190} INFO - Error inserting share prices data: not all arguments converted during string formatting
[2024-09-27T18:35:40.270+0000] {base.py:84} INFO - Retrieving connection 'dse_connection'
[2024-09-27T18:35:40.361+0000] {sql.py:509} INFO - Running statement: 
        INSERT INTO company_share_prices (
            company_id, date, latest_trading_price, high_price, low_price, closing_price, ycp, change, trade, value, volume
        ) VALUES (
            (SELECT company_id FROM company_list WHERE company_trade_name LIKE %s), %s, %s, %s, %s, %s, %s, %s, %s, %s
        );
    , parameters: ('CONFIDCEM', datetime.datetime(2024, 9, 27, 18, 35, 40, 188283), '58.8', '61.9', '58.2', '58.8', '61.1', '-2.3', '821', '14.789', '249,249')
[2024-09-27T18:35:40.375+0000] {logging_mixin.py:190} INFO - Error inserting share prices data: not all arguments converted during string formatting
[2024-09-27T18:35:40.455+0000] {base.py:84} INFO - Retrieving connection 'dse_connection'
[2024-09-27T18:35:40.561+0000] {sql.py:509} INFO - Running statement: 
        INSERT INTO company_share_prices (
            company_id, date, latest_trading_price, high_price, low_price, closing_price, ycp, change, trade, value, volume
        ) VALUES (
            (SELECT company_id FROM company_list WHERE company_trade_name LIKE %s), %s, %s, %s, %s, %s, %s, %s, %s, %s
        );
    , parameters: ('CONTININS', datetime.datetime(2024, 9, 27, 18, 35, 40, 376214), '26.5', '27.8', '26.2', '26.5', '27.2', '-0.7', '170', '2.687', '100,180')
[2024-09-27T18:35:40.566+0000] {logging_mixin.py:190} INFO - Error inserting share prices data: not all arguments converted during string formatting
[2024-09-27T18:35:40.647+0000] {base.py:84} INFO - Retrieving connection 'dse_connection'
[2024-09-27T18:35:40.731+0000] {sql.py:509} INFO - Running statement: 
        INSERT INTO company_share_prices (
            company_id, date, latest_trading_price, high_price, low_price, closing_price, ycp, change, trade, value, volume
        ) VALUES (
            (SELECT company_id FROM company_list WHERE company_trade_name LIKE %s), %s, %s, %s, %s, %s, %s, %s, %s, %s
        );
    , parameters: ('COPPERTECH', datetime.datetime(2024, 9, 27, 18, 35, 40, 572382), '18.2', '18.5', '18', '18.2', '18.6', '-0.4', '170', '2.925', '160,991')
[2024-09-27T18:35:40.763+0000] {logging_mixin.py:190} INFO - Error inserting share prices data: not all arguments converted during string formatting
[2024-09-27T18:35:40.880+0000] {base.py:84} INFO - Retrieving connection 'dse_connection'
[2024-09-27T18:35:40.935+0000] {sql.py:509} INFO - Running statement: 
        INSERT INTO company_share_prices (
            company_id, date, latest_trading_price, high_price, low_price, closing_price, ycp, change, trade, value, volume
        ) VALUES (
            (SELECT company_id FROM company_list WHERE company_trade_name LIKE %s), %s, %s, %s, %s, %s, %s, %s, %s, %s
        );
    , parameters: ('CROWNCEMNT', datetime.datetime(2024, 9, 27, 18, 35, 40, 776434), '57.5', '57.5', '56', '56.7', '56.8', '0.7', '59', '0.358', '6,319')
[2024-09-27T18:35:40.949+0000] {logging_mixin.py:190} INFO - Error inserting share prices data: not all arguments converted during string formatting
[2024-09-27T18:35:41.010+0000] {base.py:84} INFO - Retrieving connection 'dse_connection'
[2024-09-27T18:35:41.075+0000] {sql.py:509} INFO - Running statement: 
        INSERT INTO company_share_prices (
            company_id, date, latest_trading_price, high_price, low_price, closing_price, ycp, change, trade, value, volume
        ) VALUES (
            (SELECT company_id FROM company_list WHERE company_trade_name LIKE %s), %s, %s, %s, %s, %s, %s, %s, %s, %s
        );
    , parameters: ('CRYSTALINS', datetime.datetime(2024, 9, 27, 18, 35, 40, 951876), '51.4', '54.8', '50.6', '51.4', '53.4', '-2', '868', '13.07', '248,490')
[2024-09-27T18:35:41.085+0000] {logging_mixin.py:190} INFO - Error inserting share prices data: not all arguments converted during string formatting
[2024-09-27T18:35:41.157+0000] {base.py:84} INFO - Retrieving connection 'dse_connection'
[2024-09-27T18:35:41.196+0000] {sql.py:509} INFO - Running statement: 
        INSERT INTO company_share_prices (
            company_id, date, latest_trading_price, high_price, low_price, closing_price, ycp, change, trade, value, volume
        ) VALUES (
            (SELECT company_id FROM company_list WHERE company_trade_name LIKE %s), %s, %s, %s, %s, %s, %s, %s, %s, %s
        );
    , parameters: ('CVOPRL', datetime.datetime(2024, 9, 27, 18, 35, 41, 113740), '131.9', '137', '131', '131.9', '133.7', '-1.8', '516', '8.746', '66,137')
[2024-09-27T18:35:41.206+0000] {logging_mixin.py:190} INFO - Error inserting share prices data: not all arguments converted during string formatting
[2024-09-27T18:35:41.283+0000] {base.py:84} INFO - Retrieving connection 'dse_connection'
[2024-09-27T18:35:41.315+0000] {sql.py:509} INFO - Running statement: 
        INSERT INTO company_share_prices (
            company_id, date, latest_trading_price, high_price, low_price, closing_price, ycp, change, trade, value, volume
        ) VALUES (
            (SELECT company_id FROM company_list WHERE company_trade_name LIKE %s), %s, %s, %s, %s, %s, %s, %s, %s, %s
        );
    , parameters: ('DACCADYE', datetime.datetime(2024, 9, 27, 18, 35, 41, 215652), '12.9', '13.4', '12.6', '12.9', '13.3', '-0.4', '181', '3.942', '305,411')
[2024-09-27T18:35:41.318+0000] {logging_mixin.py:190} INFO - Error inserting share prices data: not all arguments converted during string formatting
[2024-09-27T18:35:41.452+0000] {base.py:84} INFO - Retrieving connection 'dse_connection'
[2024-09-27T18:35:41.499+0000] {sql.py:509} INFO - Running statement: 
        INSERT INTO company_share_prices (
            company_id, date, latest_trading_price, high_price, low_price, closing_price, ycp, change, trade, value, volume
        ) VALUES (
            (SELECT company_id FROM company_list WHERE company_trade_name LIKE %s), %s, %s, %s, %s, %s, %s, %s, %s, %s
        );
    , parameters: ('DAFODILCOM', datetime.datetime(2024, 9, 27, 18, 35, 41, 332009), '82.8', '84.9', '75', '82.8', '79.7', '3.1', '489', '29.076', '380,575')
[2024-09-27T18:35:41.509+0000] {logging_mixin.py:190} INFO - Error inserting share prices data: not all arguments converted during string formatting
[2024-09-27T18:35:41.643+0000] {base.py:84} INFO - Retrieving connection 'dse_connection'
[2024-09-27T18:35:41.662+0000] {sql.py:509} INFO - Running statement: 
        INSERT INTO company_share_prices (
            company_id, date, latest_trading_price, high_price, low_price, closing_price, ycp, change, trade, value, volume
        ) VALUES (
            (SELECT company_id FROM company_list WHERE company_trade_name LIKE %s), %s, %s, %s, %s, %s, %s, %s, %s, %s
        );
    , parameters: ('DBH', datetime.datetime(2024, 9, 27, 18, 35, 41, 512025), '39.4', '40.2', '39.1', '39.4', '39.9', '-0.5', '383', '11.334', '287,196')
[2024-09-27T18:35:41.693+0000] {logging_mixin.py:190} INFO - Error inserting share prices data: not all arguments converted during string formatting
[2024-09-27T18:35:41.790+0000] {base.py:84} INFO - Retrieving connection 'dse_connection'
[2024-09-27T18:35:41.829+0000] {sql.py:509} INFO - Running statement: 
        INSERT INTO company_share_prices (
            company_id, date, latest_trading_price, high_price, low_price, closing_price, ycp, change, trade, value, volume
        ) VALUES (
            (SELECT company_id FROM company_list WHERE company_trade_name LIKE %s), %s, %s, %s, %s, %s, %s, %s, %s, %s
        );
    , parameters: ('DBH1STMF', datetime.datetime(2024, 9, 27, 18, 35, 41, 705699), '5', '5.2', '5', '5.1', '5.3', '-0.3', '20', '0.207', '40,694')
[2024-09-27T18:35:41.839+0000] {logging_mixin.py:190} INFO - Error inserting share prices data: not all arguments converted during string formatting
[2024-09-27T18:35:41.918+0000] {base.py:84} INFO - Retrieving connection 'dse_connection'
[2024-09-27T18:35:41.956+0000] {sql.py:509} INFO - Running statement: 
        INSERT INTO company_share_prices (
            company_id, date, latest_trading_price, high_price, low_price, closing_price, ycp, change, trade, value, volume
        ) VALUES (
            (SELECT company_id FROM company_list WHERE company_trade_name LIKE %s), %s, %s, %s, %s, %s, %s, %s, %s, %s
        );
    , parameters: ('DELTALIFE', datetime.datetime(2024, 9, 27, 18, 35, 41, 849498), '92.3', '94.9', '90', '92.2', '93.9', '-1.6', '373', '7.763', '84,638')
[2024-09-27T18:35:41.960+0000] {logging_mixin.py:190} INFO - Error inserting share prices data: not all arguments converted during string formatting
[2024-09-27T18:35:42.051+0000] {base.py:84} INFO - Retrieving connection 'dse_connection'
[2024-09-27T18:35:42.108+0000] {sql.py:509} INFO - Running statement: 
        INSERT INTO company_share_prices (
            company_id, date, latest_trading_price, high_price, low_price, closing_price, ycp, change, trade, value, volume
        ) VALUES (
            (SELECT company_id FROM company_list WHERE company_trade_name LIKE %s), %s, %s, %s, %s, %s, %s, %s, %s, %s
        );
    , parameters: ('DELTASPINN', datetime.datetime(2024, 9, 27, 18, 35, 41, 967614), '4.9', '5.2', '4.6', '4.8', '4.9', '0', '72', '0.491', '102,650')
[2024-09-27T18:35:42.110+0000] {logging_mixin.py:190} INFO - Error inserting share prices data: not all arguments converted during string formatting
[2024-09-27T18:35:42.186+0000] {base.py:84} INFO - Retrieving connection 'dse_connection'
[2024-09-27T18:35:42.232+0000] {sql.py:509} INFO - Running statement: 
        INSERT INTO company_share_prices (
            company_id, date, latest_trading_price, high_price, low_price, closing_price, ycp, change, trade, value, volume
        ) VALUES (
            (SELECT company_id FROM company_list WHERE company_trade_name LIKE %s), %s, %s, %s, %s, %s, %s, %s, %s, %s
        );
    , parameters: ('DESCO', datetime.datetime(2024, 9, 27, 18, 35, 42, 118867), '26.5', '27', '25', '26.1', '26.1', '0.4', '35', '0.231', '9,103')
[2024-09-27T18:35:42.249+0000] {logging_mixin.py:190} INFO - Error inserting share prices data: not all arguments converted during string formatting
[2024-09-27T18:35:42.320+0000] {base.py:84} INFO - Retrieving connection 'dse_connection'
[2024-09-27T18:35:42.359+0000] {sql.py:509} INFO - Running statement: 
        INSERT INTO company_share_prices (
            company_id, date, latest_trading_price, high_price, low_price, closing_price, ycp, change, trade, value, volume
        ) VALUES (
            (SELECT company_id FROM company_list WHERE company_trade_name LIKE %s), %s, %s, %s, %s, %s, %s, %s, %s, %s
        );
    , parameters: ('DESHBANDHU', datetime.datetime(2024, 9, 27, 18, 35, 42, 250941), '20.2', '21.5', '19.3', '20.2', '21.4', '-1.2', '589', '10.854', '537,384')
[2024-09-27T18:35:42.365+0000] {logging_mixin.py:190} INFO - Error inserting share prices data: not all arguments converted during string formatting
[2024-09-27T18:35:42.445+0000] {base.py:84} INFO - Retrieving connection 'dse_connection'
[2024-09-27T18:35:42.455+0000] {sql.py:509} INFO - Running statement: 
        INSERT INTO company_share_prices (
            company_id, date, latest_trading_price, high_price, low_price, closing_price, ycp, change, trade, value, volume
        ) VALUES (
            (SELECT company_id FROM company_list WHERE company_trade_name LIKE %s), %s, %s, %s, %s, %s, %s, %s, %s, %s
        );
    , parameters: ('DGIC', datetime.datetime(2024, 9, 27, 18, 35, 42, 382468), '24.5', '25.9', '23.5', '23.8', '24.4', '0.1', '17', '0.041', '1,721')
[2024-09-27T18:35:42.457+0000] {logging_mixin.py:190} INFO - Error inserting share prices data: not all arguments converted during string formatting
[2024-09-27T18:35:42.500+0000] {base.py:84} INFO - Retrieving connection 'dse_connection'
[2024-09-27T18:35:42.539+0000] {sql.py:509} INFO - Running statement: 
        INSERT INTO company_share_prices (
            company_id, date, latest_trading_price, high_price, low_price, closing_price, ycp, change, trade, value, volume
        ) VALUES (
            (SELECT company_id FROM company_list WHERE company_trade_name LIKE %s), %s, %s, %s, %s, %s, %s, %s, %s, %s
        );
    , parameters: ('DHAKABANK', datetime.datetime(2024, 9, 27, 18, 35, 42, 469352), '12.5', '12.8', '11.8', '12.5', '12.1', '0.4', '882', '38.059', '3,045,568')
[2024-09-27T18:35:42.541+0000] {logging_mixin.py:190} INFO - Error inserting share prices data: not all arguments converted during string formatting
[2024-09-27T18:35:42.567+0000] {base.py:84} INFO - Retrieving connection 'dse_connection'
[2024-09-27T18:35:42.599+0000] {sql.py:509} INFO - Running statement: 
        INSERT INTO company_share_prices (
            company_id, date, latest_trading_price, high_price, low_price, closing_price, ycp, change, trade, value, volume
        ) VALUES (
            (SELECT company_id FROM company_list WHERE company_trade_name LIKE %s), %s, %s, %s, %s, %s, %s, %s, %s, %s
        );
    , parameters: ('DHAKAINS', datetime.datetime(2024, 9, 27, 18, 35, 42, 550223), '42.7', '44.9', '41', '42', '42.3', '0.4', '132', '1.031', '24,290')
[2024-09-27T18:35:42.604+0000] {logging_mixin.py:190} INFO - Error inserting share prices data: not all arguments converted during string formatting
[2024-09-27T18:35:42.661+0000] {base.py:84} INFO - Retrieving connection 'dse_connection'
[2024-09-27T18:35:42.736+0000] {sql.py:509} INFO - Running statement: 
        INSERT INTO company_share_prices (
            company_id, date, latest_trading_price, high_price, low_price, closing_price, ycp, change, trade, value, volume
        ) VALUES (
            (SELECT company_id FROM company_list WHERE company_trade_name LIKE %s), %s, %s, %s, %s, %s, %s, %s, %s, %s
        );
    , parameters: ('DOMINAGE', datetime.datetime(2024, 9, 27, 18, 35, 42, 606025), '11.7', '12.1', '11.6', '11.7', '11.9', '-0.2', '344', '4.198', '355,878')
[2024-09-27T18:35:42.759+0000] {logging_mixin.py:190} INFO - Error inserting share prices data: not all arguments converted during string formatting
[2024-09-27T18:35:42.806+0000] {base.py:84} INFO - Retrieving connection 'dse_connection'
[2024-09-27T18:35:42.857+0000] {sql.py:509} INFO - Running statement: 
        INSERT INTO company_share_prices (
            company_id, date, latest_trading_price, high_price, low_price, closing_price, ycp, change, trade, value, volume
        ) VALUES (
            (SELECT company_id FROM company_list WHERE company_trade_name LIKE %s), %s, %s, %s, %s, %s, %s, %s, %s, %s
        );
    , parameters: ('DOREENPWR', datetime.datetime(2024, 9, 27, 18, 35, 42, 764030), '21.6', '22.9', '21.1', '21.6', '22.1', '-0.5', '107', '0.927', '42,906')
[2024-09-27T18:35:42.867+0000] {logging_mixin.py:190} INFO - Error inserting share prices data: not all arguments converted during string formatting
[2024-09-27T18:35:42.977+0000] {base.py:84} INFO - Retrieving connection 'dse_connection'
[2024-09-27T18:35:43.082+0000] {sql.py:509} INFO - Running statement: 
        INSERT INTO company_share_prices (
            company_id, date, latest_trading_price, high_price, low_price, closing_price, ycp, change, trade, value, volume
        ) VALUES (
            (SELECT company_id FROM company_list WHERE company_trade_name LIKE %s), %s, %s, %s, %s, %s, %s, %s, %s, %s
        );
    , parameters: ('DSHGARME', datetime.datetime(2024, 9, 27, 18, 35, 42, 879088), '78.4', '78.4', '78.4', '78.4', '87.1', '-8.7', '57', '0.683', '8,713')
[2024-09-27T18:35:43.084+0000] {logging_mixin.py:190} INFO - Error inserting share prices data: not all arguments converted during string formatting
[2024-09-27T18:35:43.162+0000] {base.py:84} INFO - Retrieving connection 'dse_connection'
[2024-09-27T18:35:43.184+0000] {sql.py:509} INFO - Running statement: 
        INSERT INTO company_share_prices (
            company_id, date, latest_trading_price, high_price, low_price, closing_price, ycp, change, trade, value, volume
        ) VALUES (
            (SELECT company_id FROM company_list WHERE company_trade_name LIKE %s), %s, %s, %s, %s, %s, %s, %s, %s, %s
        );
    , parameters: ('DSSL', datetime.datetime(2024, 9, 27, 18, 35, 43, 85730), '9', '9.3', '8.6', '9', '9.4', '-0.4', '317', '8.377', '934,284')
[2024-09-27T18:35:43.187+0000] {logging_mixin.py:190} INFO - Error inserting share prices data: not all arguments converted during string formatting
[2024-09-27T18:35:43.235+0000] {base.py:84} INFO - Retrieving connection 'dse_connection'
[2024-09-27T18:35:43.273+0000] {sql.py:509} INFO - Running statement: 
        INSERT INTO company_share_prices (
            company_id, date, latest_trading_price, high_price, low_price, closing_price, ycp, change, trade, value, volume
        ) VALUES (
            (SELECT company_id FROM company_list WHERE company_trade_name LIKE %s), %s, %s, %s, %s, %s, %s, %s, %s, %s
        );
    , parameters: ('DULAMIACOT', datetime.datetime(2024, 9, 27, 18, 35, 43, 198748), '69.9', '69.9', '67.9', '68.8', '65.8', '4.1', '24', '0.148', '2,158')
[2024-09-27T18:35:43.276+0000] {logging_mixin.py:190} INFO - Error inserting share prices data: not all arguments converted during string formatting
[2024-09-27T18:35:43.329+0000] {base.py:84} INFO - Retrieving connection 'dse_connection'
[2024-09-27T18:35:43.344+0000] {sql.py:509} INFO - Running statement: 
        INSERT INTO company_share_prices (
            company_id, date, latest_trading_price, high_price, low_price, closing_price, ycp, change, trade, value, volume
        ) VALUES (
            (SELECT company_id FROM company_list WHERE company_trade_name LIKE %s), %s, %s, %s, %s, %s, %s, %s, %s, %s
        );
    , parameters: ('DUTCHBANGL', datetime.datetime(2024, 9, 27, 18, 35, 43, 287130), '54', '54.9', '53.8', '54', '54.1', '-0.1', '229', '6.263', '115,337')
[2024-09-27T18:35:43.346+0000] {logging_mixin.py:190} INFO - Error inserting share prices data: not all arguments converted during string formatting
[2024-09-27T18:35:43.437+0000] {base.py:84} INFO - Retrieving connection 'dse_connection'
[2024-09-27T18:35:43.460+0000] {sql.py:509} INFO - Running statement: 
        INSERT INTO company_share_prices (
            company_id, date, latest_trading_price, high_price, low_price, closing_price, ycp, change, trade, value, volume
        ) VALUES (
            (SELECT company_id FROM company_list WHERE company_trade_name LIKE %s), %s, %s, %s, %s, %s, %s, %s, %s, %s
        );
    , parameters: ('EASTERNINS', datetime.datetime(2024, 9, 27, 18, 35, 43, 351865), '43.7', '45.7', '42.1', '43.7', '46', '-2.3', '143', '2.635', '60,696')
[2024-09-27T18:35:43.462+0000] {logging_mixin.py:190} INFO - Error inserting share prices data: not all arguments converted during string formatting
[2024-09-27T18:35:43.519+0000] {base.py:84} INFO - Retrieving connection 'dse_connection'
[2024-09-27T18:35:43.574+0000] {sql.py:509} INFO - Running statement: 
        INSERT INTO company_share_prices (
            company_id, date, latest_trading_price, high_price, low_price, closing_price, ycp, change, trade, value, volume
        ) VALUES (
            (SELECT company_id FROM company_list WHERE company_trade_name LIKE %s), %s, %s, %s, %s, %s, %s, %s, %s, %s
        );
    , parameters: ('EASTLAND', datetime.datetime(2024, 9, 27, 18, 35, 43, 472158), '21.5', '22.5', '20.8', '21.5', '21.5', '0', '89', '1.08', '50,309')
[2024-09-27T18:35:43.585+0000] {logging_mixin.py:190} INFO - Error inserting share prices data: not all arguments converted during string formatting
[2024-09-27T18:35:43.661+0000] {base.py:84} INFO - Retrieving connection 'dse_connection'
[2024-09-27T18:35:43.707+0000] {sql.py:509} INFO - Running statement: 
        INSERT INTO company_share_prices (
            company_id, date, latest_trading_price, high_price, low_price, closing_price, ycp, change, trade, value, volume
        ) VALUES (
            (SELECT company_id FROM company_list WHERE company_trade_name LIKE %s), %s, %s, %s, %s, %s, %s, %s, %s, %s
        );
    , parameters: ('EASTRNLUB', datetime.datetime(2024, 9, 27, 18, 35, 43, 596822), '1,442.7', '1,516', '1,428', '1,442.7', '1,522.7', '-80', '385', '5.989', '4,098')
[2024-09-27T18:35:43.711+0000] {logging_mixin.py:190} INFO - Error inserting share prices data: not all arguments converted during string formatting
[2024-09-27T18:35:43.802+0000] {base.py:84} INFO - Retrieving connection 'dse_connection'
[2024-09-27T18:35:43.827+0000] {sql.py:509} INFO - Running statement: 
        INSERT INTO company_share_prices (
            company_id, date, latest_trading_price, high_price, low_price, closing_price, ycp, change, trade, value, volume
        ) VALUES (
            (SELECT company_id FROM company_list WHERE company_trade_name LIKE %s), %s, %s, %s, %s, %s, %s, %s, %s, %s
        );
    , parameters: ('EBL', datetime.datetime(2024, 9, 27, 18, 35, 43, 722207), '25.9', '26', '25.8', '25.9', '25.9', '0', '167', '13.968', '538,858')
[2024-09-27T18:35:43.836+0000] {logging_mixin.py:190} INFO - Error inserting share prices data: not all arguments converted during string formatting
[2024-09-27T18:35:43.921+0000] {base.py:84} INFO - Retrieving connection 'dse_connection'
[2024-09-27T18:35:43.951+0000] {sql.py:509} INFO - Running statement: 
        INSERT INTO company_share_prices (
            company_id, date, latest_trading_price, high_price, low_price, closing_price, ycp, change, trade, value, volume
        ) VALUES (
            (SELECT company_id FROM company_list WHERE company_trade_name LIKE %s), %s, %s, %s, %s, %s, %s, %s, %s, %s
        );
    , parameters: ('EBL1STMF', datetime.datetime(2024, 9, 27, 18, 35, 43, 839419), '3.7', '3.8', '3.6', '3.6', '3.9', '-0.2', '52', '1.072', '289,889')
[2024-09-27T18:35:43.953+0000] {logging_mixin.py:190} INFO - Error inserting share prices data: not all arguments converted during string formatting
[2024-09-27T18:35:43.988+0000] {base.py:84} INFO - Retrieving connection 'dse_connection'
[2024-09-27T18:35:44.012+0000] {sql.py:509} INFO - Running statement: 
        INSERT INTO company_share_prices (
            company_id, date, latest_trading_price, high_price, low_price, closing_price, ycp, change, trade, value, volume
        ) VALUES (
            (SELECT company_id FROM company_list WHERE company_trade_name LIKE %s), %s, %s, %s, %s, %s, %s, %s, %s, %s
        );
    , parameters: ('EBLNRBMF', datetime.datetime(2024, 9, 27, 18, 35, 43, 954653), '3.6', '3.7', '3.4', '3.5', '3.6', '0', '103', '1.33', '379,483')
[2024-09-27T18:35:44.018+0000] {logging_mixin.py:190} INFO - Error inserting share prices data: not all arguments converted during string formatting
[2024-09-27T18:35:44.121+0000] {base.py:84} INFO - Retrieving connection 'dse_connection'
[2024-09-27T18:35:44.197+0000] {sql.py:509} INFO - Running statement: 
        INSERT INTO company_share_prices (
            company_id, date, latest_trading_price, high_price, low_price, closing_price, ycp, change, trade, value, volume
        ) VALUES (
            (SELECT company_id FROM company_list WHERE company_trade_name LIKE %s), %s, %s, %s, %s, %s, %s, %s, %s, %s
        );
    , parameters: ('ECABLES', datetime.datetime(2024, 9, 27, 18, 35, 44, 30684), '122.1', '133.9', '120.1', '120.8', '125.5', '-3.4', '103', '0.843', '6,812')
[2024-09-27T18:35:44.199+0000] {logging_mixin.py:190} INFO - Error inserting share prices data: not all arguments converted during string formatting
[2024-09-27T18:35:44.239+0000] {base.py:84} INFO - Retrieving connection 'dse_connection'
[2024-09-27T18:35:44.289+0000] {sql.py:509} INFO - Running statement: 
        INSERT INTO company_share_prices (
            company_id, date, latest_trading_price, high_price, low_price, closing_price, ycp, change, trade, value, volume
        ) VALUES (
            (SELECT company_id FROM company_list WHERE company_trade_name LIKE %s), %s, %s, %s, %s, %s, %s, %s, %s, %s
        );
    , parameters: ('EGEN', datetime.datetime(2024, 9, 27, 18, 35, 44, 205956), '26.1', '27.4', '24.9', '26.1', '27.3', '-1.2', '806', '16.791', '643,123')
[2024-09-27T18:35:44.291+0000] {logging_mixin.py:190} INFO - Error inserting share prices data: not all arguments converted during string formatting
[2024-09-27T18:35:44.349+0000] {base.py:84} INFO - Retrieving connection 'dse_connection'
[2024-09-27T18:35:44.399+0000] {sql.py:509} INFO - Running statement: 
        INSERT INTO company_share_prices (
            company_id, date, latest_trading_price, high_price, low_price, closing_price, ycp, change, trade, value, volume
        ) VALUES (
            (SELECT company_id FROM company_list WHERE company_trade_name LIKE %s), %s, %s, %s, %s, %s, %s, %s, %s, %s
        );
    , parameters: ('EHL', datetime.datetime(2024, 9, 27, 18, 35, 44, 293076), '64.9', '66.3', '64.2', '64.9', '65.8', '-0.9', '644', '12.796', '195,763')
[2024-09-27T18:35:44.403+0000] {logging_mixin.py:190} INFO - Error inserting share prices data: not all arguments converted during string formatting
[2024-09-27T18:35:44.478+0000] {base.py:84} INFO - Retrieving connection 'dse_connection'
[2024-09-27T18:35:44.505+0000] {sql.py:509} INFO - Running statement: 
        INSERT INTO company_share_prices (
            company_id, date, latest_trading_price, high_price, low_price, closing_price, ycp, change, trade, value, volume
        ) VALUES (
            (SELECT company_id FROM company_list WHERE company_trade_name LIKE %s), %s, %s, %s, %s, %s, %s, %s, %s, %s
        );
    , parameters: ('EIL', datetime.datetime(2024, 9, 27, 18, 35, 44, 409306), '49.3', '51.1', '48.7', '49.3', '49.1', '0.2', '917', '25.407', '513,807')
[2024-09-27T18:35:44.507+0000] {logging_mixin.py:190} INFO - Error inserting share prices data: not all arguments converted during string formatting
[2024-09-27T18:35:44.585+0000] {base.py:84} INFO - Retrieving connection 'dse_connection'
[2024-09-27T18:35:44.639+0000] {sql.py:509} INFO - Running statement: 
        INSERT INTO company_share_prices (
            company_id, date, latest_trading_price, high_price, low_price, closing_price, ycp, change, trade, value, volume
        ) VALUES (
            (SELECT company_id FROM company_list WHERE company_trade_name LIKE %s), %s, %s, %s, %s, %s, %s, %s, %s, %s
        );
    , parameters: ('EMERALDOIL', datetime.datetime(2024, 9, 27, 18, 35, 44, 508208), '29.6', '30.2', '28.6', '29.6', '29.9', '-0.3', '806', '15.233', '517,832')
[2024-09-27T18:35:44.641+0000] {logging_mixin.py:190} INFO - Error inserting share prices data: not all arguments converted during string formatting
[2024-09-27T18:35:44.974+0000] {base.py:84} INFO - Retrieving connection 'dse_connection'
[2024-09-27T18:35:45.061+0000] {sql.py:509} INFO - Running statement: 
        INSERT INTO company_share_prices (
            company_id, date, latest_trading_price, high_price, low_price, closing_price, ycp, change, trade, value, volume
        ) VALUES (
            (SELECT company_id FROM company_list WHERE company_trade_name LIKE %s), %s, %s, %s, %s, %s, %s, %s, %s, %s
        );
    , parameters: ('ENVOYTEX', datetime.datetime(2024, 9, 27, 18, 35, 44, 642633), '43.8', '45.1', '42.5', '43.2', '45.5', '-1.7', '159', '3.359', '77,441')
[2024-09-27T18:35:45.064+0000] {logging_mixin.py:190} INFO - Error inserting share prices data: not all arguments converted during string formatting
[2024-09-27T18:35:45.250+0000] {base.py:84} INFO - Retrieving connection 'dse_connection'
[2024-09-27T18:35:45.368+0000] {sql.py:509} INFO - Running statement: 
        INSERT INTO company_share_prices (
            company_id, date, latest_trading_price, high_price, low_price, closing_price, ycp, change, trade, value, volume
        ) VALUES (
            (SELECT company_id FROM company_list WHERE company_trade_name LIKE %s), %s, %s, %s, %s, %s, %s, %s, %s, %s
        );
    , parameters: ('EPGL', datetime.datetime(2024, 9, 27, 18, 35, 45, 94071), '16.8', '17.2', '16.8', '16.8', '18.6', '-1.8', '208', '4.449', '263,956')
[2024-09-27T18:35:45.396+0000] {logging_mixin.py:190} INFO - Error inserting share prices data: not all arguments converted during string formatting
[2024-09-27T18:36:04.244+0000] {job.py:229} INFO - Heartbeat recovered after 23.92 seconds
[2024-09-27T18:36:05.543+0000] {local_task_job_runner.py:266} INFO - Task exited with return code -9For more information, see https://***.apache.org/docs/apache-***/stable/troubleshooting.html#LocalTaskJob-killed
[2024-09-27T18:36:05.863+0000] {taskinstance.py:3900} INFO - 0 downstream tasks scheduled from follow-on schedule check
[2024-09-27T18:36:05.867+0000] {local_task_job_runner.py:245} INFO - ::endgroup::
