[2024-09-27T18:22:15.503+0000] {local_task_job_runner.py:123} INFO - ::group::Pre task execution logs
[2024-09-27T18:22:15.612+0000] {taskinstance.py:2612} INFO - Dependencies all met for dep_context=non-requeueable deps ti=<TaskInstance: scrape_and_save_share_prices_with_company_data.create_company_table scheduled__2023-12-01T00:00:00+00:00 [queued]>
[2024-09-27T18:22:15.684+0000] {taskinstance.py:2612} INFO - Dependencies all met for dep_context=requeueable deps ti=<TaskInstance: scrape_and_save_share_prices_with_company_data.create_company_table scheduled__2023-12-01T00:00:00+00:00 [queued]>
[2024-09-27T18:22:15.690+0000] {taskinstance.py:2865} INFO - Starting attempt 1 of 2
[2024-09-27T18:22:15.785+0000] {taskinstance.py:2888} INFO - Executing <Task(PythonOperator): create_company_table> on 2023-12-01 00:00:00+00:00
[2024-09-27T18:22:15.883+0000] {warnings.py:112} WARNING - /home/***/.local/lib/python3.12/site-packages/***/task/task_runner/standard_task_runner.py:70: DeprecationWarning: This process (pid=12829) is multi-threaded, use of fork() may lead to deadlocks in the child.
  pid = os.fork()

[2024-09-27T18:22:15.897+0000] {standard_task_runner.py:72} INFO - Started process 12851 to run task
[2024-09-27T18:22:15.858+0000] {standard_task_runner.py:104} INFO - Running: ['***', 'tasks', 'run', 'scrape_and_save_share_prices_with_company_data', 'create_company_table', 'scheduled__2023-12-01T00:00:00+00:00', '--job-id', '1332', '--raw', '--subdir', 'DAGS_FOLDER/dag.py', '--cfg-path', '/tmp/tmpwbn9nj4r']
[2024-09-27T18:22:15.925+0000] {standard_task_runner.py:105} INFO - Job 1332: Subtask create_company_table
[2024-09-27T18:22:16.305+0000] {task_command.py:467} INFO - Running <TaskInstance: scrape_and_save_share_prices_with_company_data.create_company_table scheduled__2023-12-01T00:00:00+00:00 [running]> on host 13b5797a93ab
[2024-09-27T18:22:16.883+0000] {taskinstance.py:3131} INFO - Exporting env vars: AIRFLOW_CTX_DAG_OWNER='***' AIRFLOW_CTX_DAG_ID='scrape_and_save_share_prices_with_company_data' AIRFLOW_CTX_TASK_ID='create_company_table' AIRFLOW_CTX_EXECUTION_DATE='2023-12-01T00:00:00+00:00' AIRFLOW_CTX_TRY_NUMBER='1' AIRFLOW_CTX_DAG_RUN_ID='scheduled__2023-12-01T00:00:00+00:00'
[2024-09-27T18:22:16.891+0000] {logging_mixin.py:190} INFO - Task instance is in running state
[2024-09-27T18:22:16.893+0000] {logging_mixin.py:190} INFO -  Previous state of the Task instance: queued
[2024-09-27T18:22:16.896+0000] {logging_mixin.py:190} INFO - Current task name:create_company_table state:running start_date:2024-09-27 18:22:15.618171+00:00
[2024-09-27T18:22:16.899+0000] {logging_mixin.py:190} INFO - Dag name:scrape_and_save_share_prices_with_company_data and current dag run status:running
[2024-09-27T18:22:16.900+0000] {taskinstance.py:731} INFO - ::endgroup::
[2024-09-27T18:22:16.932+0000] {base.py:84} INFO - Retrieving connection 'dse_connection'
[2024-09-27T18:22:16.962+0000] {sql.py:509} INFO - Running statement: 
        CREATE TABLE IF NOT EXISTS company_list (
            company_id SERIAL PRIMARY KEY,
            company_trade_name VARCHAR(255) NOT NULL,
            company_url VARCHAR(255) NOT NULL,
            UNIQUE(company_trade_name)
        );
    , parameters: None
[2024-09-27T18:22:16.970+0000] {python.py:240} INFO - Done. Returned value was: None
[2024-09-27T18:22:17.033+0000] {taskinstance.py:340} INFO - ::group::Post task execution logs
[2024-09-27T18:22:17.046+0000] {taskinstance.py:352} INFO - Marking task as SUCCESS. dag_id=scrape_and_save_share_prices_with_company_data, task_id=create_company_table, run_id=scheduled__2023-12-01T00:00:00+00:00, execution_date=20231201T000000, start_date=20240927T182215, end_date=20240927T182217
[2024-09-27T18:22:17.124+0000] {logging_mixin.py:190} INFO - Task instance in success state
[2024-09-27T18:22:17.125+0000] {logging_mixin.py:190} INFO -  Previous state of the Task instance: running
[2024-09-27T18:22:17.126+0000] {logging_mixin.py:190} INFO - Dag name:scrape_and_save_share_prices_with_company_data queued_at:2024-09-27 18:21:58.805130+00:00
[2024-09-27T18:22:17.127+0000] {logging_mixin.py:190} INFO - Task hostname:13b5797a93ab operator:PythonOperator
[2024-09-27T18:22:17.250+0000] {local_task_job_runner.py:266} INFO - Task exited with return code 0
[2024-09-27T18:22:17.432+0000] {taskinstance.py:3900} INFO - 1 downstream tasks scheduled from follow-on schedule check
[2024-09-27T18:22:17.461+0000] {local_task_job_runner.py:245} INFO - ::endgroup::
[2024-09-27T22:11:33.257+0000] {local_task_job_runner.py:123} INFO - ::group::Pre task execution logs
[2024-09-27T22:11:33.334+0000] {taskinstance.py:2612} INFO - Dependencies all met for dep_context=non-requeueable deps ti=<TaskInstance: scrape_and_save_share_prices_with_company_data.create_company_table scheduled__2023-12-01T00:00:00+00:00 [queued]>
[2024-09-27T22:11:33.370+0000] {taskinstance.py:2612} INFO - Dependencies all met for dep_context=requeueable deps ti=<TaskInstance: scrape_and_save_share_prices_with_company_data.create_company_table scheduled__2023-12-01T00:00:00+00:00 [queued]>
[2024-09-27T22:11:33.371+0000] {taskinstance.py:2865} INFO - Starting attempt 1 of 2
[2024-09-27T22:11:33.417+0000] {taskinstance.py:2888} INFO - Executing <Task(PythonOperator): create_company_table> on 2023-12-01 00:00:00+00:00
[2024-09-27T22:11:33.527+0000] {warnings.py:112} WARNING - /home/***/.local/lib/python3.12/site-packages/***/task/task_runner/standard_task_runner.py:70: DeprecationWarning: This process (pid=1656) is multi-threaded, use of fork() may lead to deadlocks in the child.
  pid = os.fork()

[2024-09-27T22:11:33.534+0000] {standard_task_runner.py:72} INFO - Started process 1672 to run task
[2024-09-27T22:11:33.564+0000] {standard_task_runner.py:104} INFO - Running: ['***', 'tasks', 'run', 'scrape_and_save_share_prices_with_company_data', 'create_company_table', 'scheduled__2023-12-01T00:00:00+00:00', '--job-id', '2397', '--raw', '--subdir', 'DAGS_FOLDER/dag.py', '--cfg-path', '/tmp/tmpii9rspz_']
[2024-09-27T22:11:33.572+0000] {standard_task_runner.py:105} INFO - Job 2397: Subtask create_company_table
[2024-09-27T22:11:33.916+0000] {task_command.py:467} INFO - Running <TaskInstance: scrape_and_save_share_prices_with_company_data.create_company_table scheduled__2023-12-01T00:00:00+00:00 [running]> on host fd62fe12432d
[2024-09-27T22:11:34.297+0000] {taskinstance.py:3131} INFO - Exporting env vars: AIRFLOW_CTX_DAG_OWNER='***' AIRFLOW_CTX_DAG_ID='scrape_and_save_share_prices_with_company_data' AIRFLOW_CTX_TASK_ID='create_company_table' AIRFLOW_CTX_EXECUTION_DATE='2023-12-01T00:00:00+00:00' AIRFLOW_CTX_TRY_NUMBER='1' AIRFLOW_CTX_DAG_RUN_ID='scheduled__2023-12-01T00:00:00+00:00'
[2024-09-27T22:11:34.319+0000] {logging_mixin.py:190} INFO - Task instance is in running state
[2024-09-27T22:11:34.319+0000] {logging_mixin.py:190} INFO -  Previous state of the Task instance: queued
[2024-09-27T22:11:34.321+0000] {logging_mixin.py:190} INFO - Current task name:create_company_table state:running start_date:2024-09-27 22:11:33.335422+00:00
[2024-09-27T22:11:34.322+0000] {logging_mixin.py:190} INFO - Dag name:scrape_and_save_share_prices_with_company_data and current dag run status:running
[2024-09-27T22:11:34.323+0000] {taskinstance.py:731} INFO - ::endgroup::
[2024-09-27T22:11:34.386+0000] {base.py:84} INFO - Retrieving connection 'dse_connection'
[2024-09-27T22:11:34.446+0000] {sql.py:509} INFO - Running statement: 
        CREATE TABLE IF NOT EXISTS company_list (
            company_id SERIAL PRIMARY KEY,
            company_trade_name VARCHAR(255) NOT NULL,
            company_url VARCHAR(255) NOT NULL,
            UNIQUE(company_trade_name)
        );
    , parameters: None
[2024-09-27T22:11:34.464+0000] {python.py:240} INFO - Done. Returned value was: None
[2024-09-27T22:11:34.517+0000] {taskinstance.py:340} INFO - ::group::Post task execution logs
[2024-09-27T22:11:34.523+0000] {taskinstance.py:352} INFO - Marking task as SUCCESS. dag_id=scrape_and_save_share_prices_with_company_data, task_id=create_company_table, run_id=scheduled__2023-12-01T00:00:00+00:00, execution_date=20231201T000000, start_date=20240927T221133, end_date=20240927T221134
[2024-09-27T22:11:34.586+0000] {logging_mixin.py:190} INFO - Task instance in success state
[2024-09-27T22:11:34.590+0000] {logging_mixin.py:190} INFO -  Previous state of the Task instance: running
[2024-09-27T22:11:34.591+0000] {logging_mixin.py:190} INFO - Dag name:scrape_and_save_share_prices_with_company_data queued_at:2024-09-27 22:11:23.890710+00:00
[2024-09-27T22:11:34.592+0000] {logging_mixin.py:190} INFO - Task hostname:fd62fe12432d operator:PythonOperator
[2024-09-27T22:11:34.649+0000] {local_task_job_runner.py:266} INFO - Task exited with return code 0
[2024-09-27T22:11:34.857+0000] {taskinstance.py:3900} INFO - 1 downstream tasks scheduled from follow-on schedule check
[2024-09-27T22:11:34.880+0000] {local_task_job_runner.py:245} INFO - ::endgroup::
[2024-09-27T22:51:27.600+0000] {local_task_job_runner.py:123} INFO - ::group::Pre task execution logs
[2024-09-27T22:51:27.860+0000] {taskinstance.py:2612} INFO - Dependencies all met for dep_context=non-requeueable deps ti=<TaskInstance: scrape_and_save_share_prices_with_company_data.create_company_table scheduled__2023-12-01T00:00:00+00:00 [queued]>
[2024-09-27T22:51:27.931+0000] {taskinstance.py:2612} INFO - Dependencies all met for dep_context=requeueable deps ti=<TaskInstance: scrape_and_save_share_prices_with_company_data.create_company_table scheduled__2023-12-01T00:00:00+00:00 [queued]>
[2024-09-27T22:51:27.937+0000] {taskinstance.py:2865} INFO - Starting attempt 1 of 2
[2024-09-27T22:51:28.021+0000] {taskinstance.py:2888} INFO - Executing <Task(PythonOperator): create_company_table> on 2023-12-01 00:00:00+00:00
[2024-09-27T22:51:28.047+0000] {warnings.py:112} WARNING - /home/***/.local/lib/python3.12/site-packages/***/task/task_runner/standard_task_runner.py:70: DeprecationWarning: This process (pid=1360) is multi-threaded, use of fork() may lead to deadlocks in the child.
  pid = os.fork()

[2024-09-27T22:51:28.076+0000] {standard_task_runner.py:72} INFO - Started process 1399 to run task
[2024-09-27T22:51:28.079+0000] {standard_task_runner.py:104} INFO - Running: ['***', 'tasks', 'run', 'scrape_and_save_share_prices_with_company_data', 'create_company_table', 'scheduled__2023-12-01T00:00:00+00:00', '--job-id', '2856', '--raw', '--subdir', 'DAGS_FOLDER/dag.py', '--cfg-path', '/tmp/tmpixo03jki']
[2024-09-27T22:51:28.082+0000] {standard_task_runner.py:105} INFO - Job 2856: Subtask create_company_table
[2024-09-27T22:51:28.552+0000] {task_command.py:467} INFO - Running <TaskInstance: scrape_and_save_share_prices_with_company_data.create_company_table scheduled__2023-12-01T00:00:00+00:00 [running]> on host 7746de5121f6
[2024-09-27T22:51:29.037+0000] {taskinstance.py:3131} INFO - Exporting env vars: AIRFLOW_CTX_DAG_OWNER='***' AIRFLOW_CTX_DAG_ID='scrape_and_save_share_prices_with_company_data' AIRFLOW_CTX_TASK_ID='create_company_table' AIRFLOW_CTX_EXECUTION_DATE='2023-12-01T00:00:00+00:00' AIRFLOW_CTX_TRY_NUMBER='1' AIRFLOW_CTX_DAG_RUN_ID='scheduled__2023-12-01T00:00:00+00:00'
[2024-09-27T22:51:29.051+0000] {logging_mixin.py:190} INFO - Task instance is in running state
[2024-09-27T22:51:29.052+0000] {logging_mixin.py:190} INFO -  Previous state of the Task instance: queued
[2024-09-27T22:51:29.054+0000] {logging_mixin.py:190} INFO - Current task name:create_company_table state:running start_date:2024-09-27 22:51:27.862206+00:00
[2024-09-27T22:51:29.057+0000] {logging_mixin.py:190} INFO - Dag name:scrape_and_save_share_prices_with_company_data and current dag run status:running
[2024-09-27T22:51:29.105+0000] {taskinstance.py:731} INFO - ::endgroup::
[2024-09-27T22:51:29.159+0000] {base.py:84} INFO - Retrieving connection 'dse_connection'
[2024-09-27T22:51:29.187+0000] {sql.py:509} INFO - Running statement: 
        CREATE TABLE IF NOT EXISTS company_list (
            company_id SERIAL PRIMARY KEY,
            company_trade_name VARCHAR(255) NOT NULL,
            company_url VARCHAR(255) NOT NULL,
            UNIQUE(company_trade_name)
        );
    , parameters: None
[2024-09-27T22:51:29.201+0000] {python.py:240} INFO - Done. Returned value was: None
[2024-09-27T22:51:29.265+0000] {taskinstance.py:340} INFO - ::group::Post task execution logs
[2024-09-27T22:51:29.268+0000] {taskinstance.py:352} INFO - Marking task as SUCCESS. dag_id=scrape_and_save_share_prices_with_company_data, task_id=create_company_table, run_id=scheduled__2023-12-01T00:00:00+00:00, execution_date=20231201T000000, start_date=20240927T225127, end_date=20240927T225129
[2024-09-27T22:51:29.388+0000] {logging_mixin.py:190} INFO - Task instance in success state
[2024-09-27T22:51:29.400+0000] {logging_mixin.py:190} INFO -  Previous state of the Task instance: running
[2024-09-27T22:51:29.411+0000] {logging_mixin.py:190} INFO - Dag name:scrape_and_save_share_prices_with_company_data queued_at:2024-09-27 22:51:14.241631+00:00
[2024-09-27T22:51:29.414+0000] {logging_mixin.py:190} INFO - Task hostname:7746de5121f6 operator:PythonOperator
[2024-09-27T22:51:29.500+0000] {local_task_job_runner.py:266} INFO - Task exited with return code 0
[2024-09-27T22:51:29.954+0000] {taskinstance.py:3900} INFO - 1 downstream tasks scheduled from follow-on schedule check
[2024-09-27T22:51:29.976+0000] {local_task_job_runner.py:245} INFO - ::endgroup::
