[2024-09-27T18:20:46.985+0000] {local_task_job_runner.py:123} INFO - ::group::Pre task execution logs
[2024-09-27T18:20:47.074+0000] {taskinstance.py:2612} INFO - Dependencies all met for dep_context=non-requeueable deps ti=<TaskInstance: scrape_and_save_share_prices_with_company_data.create_company_table scheduled__2023-11-27T00:00:00+00:00 [queued]>
[2024-09-27T18:20:47.093+0000] {taskinstance.py:2612} INFO - Dependencies all met for dep_context=requeueable deps ti=<TaskInstance: scrape_and_save_share_prices_with_company_data.create_company_table scheduled__2023-11-27T00:00:00+00:00 [queued]>
[2024-09-27T18:20:47.100+0000] {taskinstance.py:2865} INFO - Starting attempt 1 of 2
[2024-09-27T18:20:47.184+0000] {taskinstance.py:2888} INFO - Executing <Task(PythonOperator): create_company_table> on 2023-11-27 00:00:00+00:00
[2024-09-27T18:20:47.255+0000] {warnings.py:112} WARNING - /home/***/.local/lib/python3.12/site-packages/***/task/task_runner/standard_task_runner.py:70: DeprecationWarning: This process (pid=12738) is multi-threaded, use of fork() may lead to deadlocks in the child.
  pid = os.fork()

[2024-09-27T18:20:47.270+0000] {standard_task_runner.py:72} INFO - Started process 12758 to run task
[2024-09-27T18:20:47.278+0000] {standard_task_runner.py:104} INFO - Running: ['***', 'tasks', 'run', 'scrape_and_save_share_prices_with_company_data', 'create_company_table', 'scheduled__2023-11-27T00:00:00+00:00', '--job-id', '1311', '--raw', '--subdir', 'DAGS_FOLDER/dag.py', '--cfg-path', '/tmp/tmp77enwisb']
[2024-09-27T18:20:47.305+0000] {standard_task_runner.py:105} INFO - Job 1311: Subtask create_company_table
[2024-09-27T18:20:47.628+0000] {task_command.py:467} INFO - Running <TaskInstance: scrape_and_save_share_prices_with_company_data.create_company_table scheduled__2023-11-27T00:00:00+00:00 [running]> on host 13b5797a93ab
[2024-09-27T18:20:48.260+0000] {taskinstance.py:3131} INFO - Exporting env vars: AIRFLOW_CTX_DAG_OWNER='***' AIRFLOW_CTX_DAG_ID='scrape_and_save_share_prices_with_company_data' AIRFLOW_CTX_TASK_ID='create_company_table' AIRFLOW_CTX_EXECUTION_DATE='2023-11-27T00:00:00+00:00' AIRFLOW_CTX_TRY_NUMBER='1' AIRFLOW_CTX_DAG_RUN_ID='scheduled__2023-11-27T00:00:00+00:00'
[2024-09-27T18:20:48.263+0000] {logging_mixin.py:190} INFO - Task instance is in running state
[2024-09-27T18:20:48.274+0000] {logging_mixin.py:190} INFO -  Previous state of the Task instance: queued
[2024-09-27T18:20:48.276+0000] {logging_mixin.py:190} INFO - Current task name:create_company_table state:running start_date:2024-09-27 18:20:47.075814+00:00
[2024-09-27T18:20:48.280+0000] {logging_mixin.py:190} INFO - Dag name:scrape_and_save_share_prices_with_company_data and current dag run status:running
[2024-09-27T18:20:48.282+0000] {taskinstance.py:731} INFO - ::endgroup::
[2024-09-27T18:20:48.324+0000] {base.py:84} INFO - Retrieving connection 'dse_connection'
[2024-09-27T18:20:48.352+0000] {sql.py:509} INFO - Running statement: 
        CREATE TABLE IF NOT EXISTS company_list (
            company_id SERIAL PRIMARY KEY,
            company_trade_name VARCHAR(255) NOT NULL,
            company_url VARCHAR(255) NOT NULL,
            UNIQUE(company_trade_name)
        );
    , parameters: None
[2024-09-27T18:20:48.362+0000] {python.py:240} INFO - Done. Returned value was: None
[2024-09-27T18:20:48.406+0000] {taskinstance.py:340} INFO - ::group::Post task execution logs
[2024-09-27T18:20:48.420+0000] {taskinstance.py:352} INFO - Marking task as SUCCESS. dag_id=scrape_and_save_share_prices_with_company_data, task_id=create_company_table, run_id=scheduled__2023-11-27T00:00:00+00:00, execution_date=20231127T000000, start_date=20240927T182047, end_date=20240927T182048
[2024-09-27T18:20:48.483+0000] {logging_mixin.py:190} INFO - Task instance in success state
[2024-09-27T18:20:48.487+0000] {logging_mixin.py:190} INFO -  Previous state of the Task instance: running
[2024-09-27T18:20:48.488+0000] {logging_mixin.py:190} INFO - Dag name:scrape_and_save_share_prices_with_company_data queued_at:2024-09-27 18:20:36.665767+00:00
[2024-09-27T18:20:48.489+0000] {logging_mixin.py:190} INFO - Task hostname:13b5797a93ab operator:PythonOperator
[2024-09-27T18:20:48.572+0000] {local_task_job_runner.py:266} INFO - Task exited with return code 0
[2024-09-27T18:20:48.690+0000] {taskinstance.py:3900} INFO - 1 downstream tasks scheduled from follow-on schedule check
[2024-09-27T18:20:48.707+0000] {local_task_job_runner.py:245} INFO - ::endgroup::
[2024-09-27T22:10:10.381+0000] {local_task_job_runner.py:123} INFO - ::group::Pre task execution logs
[2024-09-27T22:10:10.467+0000] {taskinstance.py:2612} INFO - Dependencies all met for dep_context=non-requeueable deps ti=<TaskInstance: scrape_and_save_share_prices_with_company_data.create_company_table scheduled__2023-11-27T00:00:00+00:00 [queued]>
[2024-09-27T22:10:10.487+0000] {taskinstance.py:2612} INFO - Dependencies all met for dep_context=requeueable deps ti=<TaskInstance: scrape_and_save_share_prices_with_company_data.create_company_table scheduled__2023-11-27T00:00:00+00:00 [queued]>
[2024-09-27T22:10:10.488+0000] {taskinstance.py:2865} INFO - Starting attempt 1 of 2
[2024-09-27T22:10:10.791+0000] {taskinstance.py:2888} INFO - Executing <Task(PythonOperator): create_company_table> on 2023-11-27 00:00:00+00:00
[2024-09-27T22:10:10.803+0000] {warnings.py:112} WARNING - /home/***/.local/lib/python3.12/site-packages/***/task/task_runner/standard_task_runner.py:70: DeprecationWarning: This process (pid=1528) is multi-threaded, use of fork() may lead to deadlocks in the child.
  pid = os.fork()

[2024-09-27T22:10:10.807+0000] {standard_task_runner.py:104} INFO - Running: ['***', 'tasks', 'run', 'scrape_and_save_share_prices_with_company_data', 'create_company_table', 'scheduled__2023-11-27T00:00:00+00:00', '--job-id', '2369', '--raw', '--subdir', 'DAGS_FOLDER/dag.py', '--cfg-path', '/tmp/tmpy3mr2c91']
[2024-09-27T22:10:10.810+0000] {standard_task_runner.py:105} INFO - Job 2369: Subtask create_company_table
[2024-09-27T22:10:10.807+0000] {standard_task_runner.py:72} INFO - Started process 1550 to run task
[2024-09-27T22:10:10.987+0000] {task_command.py:467} INFO - Running <TaskInstance: scrape_and_save_share_prices_with_company_data.create_company_table scheduled__2023-11-27T00:00:00+00:00 [running]> on host fd62fe12432d
[2024-09-27T22:10:11.478+0000] {taskinstance.py:3131} INFO - Exporting env vars: AIRFLOW_CTX_DAG_OWNER='***' AIRFLOW_CTX_DAG_ID='scrape_and_save_share_prices_with_company_data' AIRFLOW_CTX_TASK_ID='create_company_table' AIRFLOW_CTX_EXECUTION_DATE='2023-11-27T00:00:00+00:00' AIRFLOW_CTX_TRY_NUMBER='1' AIRFLOW_CTX_DAG_RUN_ID='scheduled__2023-11-27T00:00:00+00:00'
[2024-09-27T22:10:11.485+0000] {logging_mixin.py:190} INFO - Task instance is in running state
[2024-09-27T22:10:11.486+0000] {logging_mixin.py:190} INFO -  Previous state of the Task instance: queued
[2024-09-27T22:10:11.487+0000] {logging_mixin.py:190} INFO - Current task name:create_company_table state:running start_date:2024-09-27 22:10:10.469205+00:00
[2024-09-27T22:10:11.489+0000] {logging_mixin.py:190} INFO - Dag name:scrape_and_save_share_prices_with_company_data and current dag run status:running
[2024-09-27T22:10:11.490+0000] {taskinstance.py:731} INFO - ::endgroup::
[2024-09-27T22:10:11.522+0000] {base.py:84} INFO - Retrieving connection 'dse_connection'
[2024-09-27T22:10:11.550+0000] {sql.py:509} INFO - Running statement: 
        CREATE TABLE IF NOT EXISTS company_list (
            company_id SERIAL PRIMARY KEY,
            company_trade_name VARCHAR(255) NOT NULL,
            company_url VARCHAR(255) NOT NULL,
            UNIQUE(company_trade_name)
        );
    , parameters: None
[2024-09-27T22:10:11.556+0000] {python.py:240} INFO - Done. Returned value was: None
[2024-09-27T22:10:11.604+0000] {taskinstance.py:340} INFO - ::group::Post task execution logs
[2024-09-27T22:10:11.610+0000] {taskinstance.py:352} INFO - Marking task as SUCCESS. dag_id=scrape_and_save_share_prices_with_company_data, task_id=create_company_table, run_id=scheduled__2023-11-27T00:00:00+00:00, execution_date=20231127T000000, start_date=20240927T221010, end_date=20240927T221011
[2024-09-27T22:10:11.700+0000] {logging_mixin.py:190} INFO - Task instance in success state
[2024-09-27T22:10:11.707+0000] {logging_mixin.py:190} INFO -  Previous state of the Task instance: running
[2024-09-27T22:10:11.710+0000] {logging_mixin.py:190} INFO - Dag name:scrape_and_save_share_prices_with_company_data queued_at:2024-09-27 22:09:59.936374+00:00
[2024-09-27T22:10:11.715+0000] {logging_mixin.py:190} INFO - Task hostname:fd62fe12432d operator:PythonOperator
[2024-09-27T22:10:11.768+0000] {local_task_job_runner.py:266} INFO - Task exited with return code 0
[2024-09-27T22:10:11.825+0000] {local_task_job_runner.py:245} INFO - ::endgroup::
[2024-09-27T22:50:22.500+0000] {local_task_job_runner.py:123} INFO - ::group::Pre task execution logs
[2024-09-27T22:50:22.643+0000] {taskinstance.py:2612} INFO - Dependencies all met for dep_context=non-requeueable deps ti=<TaskInstance: scrape_and_save_share_prices_with_company_data.create_company_table scheduled__2023-11-27T00:00:00+00:00 [queued]>
[2024-09-27T22:50:22.677+0000] {taskinstance.py:2612} INFO - Dependencies all met for dep_context=requeueable deps ti=<TaskInstance: scrape_and_save_share_prices_with_company_data.create_company_table scheduled__2023-11-27T00:00:00+00:00 [queued]>
[2024-09-27T22:50:22.713+0000] {taskinstance.py:2865} INFO - Starting attempt 1 of 2
[2024-09-27T22:50:22.814+0000] {taskinstance.py:2888} INFO - Executing <Task(PythonOperator): create_company_table> on 2023-11-27 00:00:00+00:00
[2024-09-27T22:50:22.856+0000] {warnings.py:112} WARNING - /home/***/.local/lib/python3.12/site-packages/***/task/task_runner/standard_task_runner.py:70: DeprecationWarning: This process (pid=1275) is multi-threaded, use of fork() may lead to deadlocks in the child.
  pid = os.fork()

[2024-09-27T22:50:22.887+0000] {standard_task_runner.py:72} INFO - Started process 1302 to run task
[2024-09-27T22:50:22.876+0000] {standard_task_runner.py:104} INFO - Running: ['***', 'tasks', 'run', 'scrape_and_save_share_prices_with_company_data', 'create_company_table', 'scheduled__2023-11-27T00:00:00+00:00', '--job-id', '2838', '--raw', '--subdir', 'DAGS_FOLDER/dag.py', '--cfg-path', '/tmp/tmpvp7pf1rn']
[2024-09-27T22:50:22.922+0000] {standard_task_runner.py:105} INFO - Job 2838: Subtask create_company_table
[2024-09-27T22:50:23.345+0000] {task_command.py:467} INFO - Running <TaskInstance: scrape_and_save_share_prices_with_company_data.create_company_table scheduled__2023-11-27T00:00:00+00:00 [running]> on host 7746de5121f6
[2024-09-27T22:50:23.828+0000] {taskinstance.py:3131} INFO - Exporting env vars: AIRFLOW_CTX_DAG_OWNER='***' AIRFLOW_CTX_DAG_ID='scrape_and_save_share_prices_with_company_data' AIRFLOW_CTX_TASK_ID='create_company_table' AIRFLOW_CTX_EXECUTION_DATE='2023-11-27T00:00:00+00:00' AIRFLOW_CTX_TRY_NUMBER='1' AIRFLOW_CTX_DAG_RUN_ID='scheduled__2023-11-27T00:00:00+00:00'
[2024-09-27T22:50:23.833+0000] {logging_mixin.py:190} INFO - Task instance is in running state
[2024-09-27T22:50:23.834+0000] {logging_mixin.py:190} INFO -  Previous state of the Task instance: queued
[2024-09-27T22:50:23.835+0000] {logging_mixin.py:190} INFO - Current task name:create_company_table state:running start_date:2024-09-27 22:50:22.647324+00:00
[2024-09-27T22:50:23.836+0000] {logging_mixin.py:190} INFO - Dag name:scrape_and_save_share_prices_with_company_data and current dag run status:running
[2024-09-27T22:50:23.838+0000] {taskinstance.py:731} INFO - ::endgroup::
[2024-09-27T22:50:23.898+0000] {base.py:84} INFO - Retrieving connection 'dse_connection'
[2024-09-27T22:50:23.919+0000] {sql.py:509} INFO - Running statement: 
        CREATE TABLE IF NOT EXISTS company_list (
            company_id SERIAL PRIMARY KEY,
            company_trade_name VARCHAR(255) NOT NULL,
            company_url VARCHAR(255) NOT NULL,
            UNIQUE(company_trade_name)
        );
    , parameters: None
[2024-09-27T22:50:23.923+0000] {python.py:240} INFO - Done. Returned value was: None
[2024-09-27T22:50:23.988+0000] {taskinstance.py:340} INFO - ::group::Post task execution logs
[2024-09-27T22:50:23.999+0000] {taskinstance.py:352} INFO - Marking task as SUCCESS. dag_id=scrape_and_save_share_prices_with_company_data, task_id=create_company_table, run_id=scheduled__2023-11-27T00:00:00+00:00, execution_date=20231127T000000, start_date=20240927T225022, end_date=20240927T225023
[2024-09-27T22:50:24.183+0000] {logging_mixin.py:190} INFO - Task instance in success state
[2024-09-27T22:50:24.184+0000] {logging_mixin.py:190} INFO -  Previous state of the Task instance: running
[2024-09-27T22:50:24.186+0000] {logging_mixin.py:190} INFO - Dag name:scrape_and_save_share_prices_with_company_data queued_at:2024-09-27 22:50:10.910576+00:00
[2024-09-27T22:50:24.187+0000] {logging_mixin.py:190} INFO - Task hostname:7746de5121f6 operator:PythonOperator
[2024-09-27T22:50:24.307+0000] {local_task_job_runner.py:266} INFO - Task exited with return code 0
[2024-09-27T22:50:24.507+0000] {taskinstance.py:3900} INFO - 1 downstream tasks scheduled from follow-on schedule check
[2024-09-27T22:50:24.521+0000] {local_task_job_runner.py:245} INFO - ::endgroup::
