[2024-09-27T18:54:54.034+0000] {local_task_job_runner.py:123} INFO - ::group::Pre task execution logs
[2024-09-27T18:54:54.098+0000] {taskinstance.py:2612} INFO - Dependencies all met for dep_context=non-requeueable deps ti=<TaskInstance: scrape_and_save_share_prices_with_company_data.create_company_table scheduled__2024-03-05T00:00:00+00:00 [queued]>
[2024-09-27T18:54:54.121+0000] {taskinstance.py:2612} INFO - Dependencies all met for dep_context=requeueable deps ti=<TaskInstance: scrape_and_save_share_prices_with_company_data.create_company_table scheduled__2024-03-05T00:00:00+00:00 [queued]>
[2024-09-27T18:54:54.134+0000] {taskinstance.py:2865} INFO - Starting attempt 1 of 2
[2024-09-27T18:54:54.185+0000] {taskinstance.py:2888} INFO - Executing <Task(PythonOperator): create_company_table> on 2024-03-05 00:00:00+00:00
[2024-09-27T18:54:54.213+0000] {warnings.py:112} WARNING - /home/***/.local/lib/python3.12/site-packages/***/task/task_runner/standard_task_runner.py:70: DeprecationWarning: This process (pid=15118) is multi-threaded, use of fork() may lead to deadlocks in the child.
  pid = os.fork()

[2024-09-27T18:54:54.228+0000] {standard_task_runner.py:72} INFO - Started process 15130 to run task
[2024-09-27T18:54:54.266+0000] {standard_task_runner.py:104} INFO - Running: ['***', 'tasks', 'run', 'scrape_and_save_share_prices_with_company_data', 'create_company_table', 'scheduled__2024-03-05T00:00:00+00:00', '--job-id', '1817', '--raw', '--subdir', 'DAGS_FOLDER/dag.py', '--cfg-path', '/tmp/tmpwx3mlkpk']
[2024-09-27T18:54:54.271+0000] {standard_task_runner.py:105} INFO - Job 1817: Subtask create_company_table
[2024-09-27T18:54:54.517+0000] {task_command.py:467} INFO - Running <TaskInstance: scrape_and_save_share_prices_with_company_data.create_company_table scheduled__2024-03-05T00:00:00+00:00 [running]> on host 13b5797a93ab
[2024-09-27T18:54:55.000+0000] {taskinstance.py:3131} INFO - Exporting env vars: AIRFLOW_CTX_DAG_OWNER='***' AIRFLOW_CTX_DAG_ID='scrape_and_save_share_prices_with_company_data' AIRFLOW_CTX_TASK_ID='create_company_table' AIRFLOW_CTX_EXECUTION_DATE='2024-03-05T00:00:00+00:00' AIRFLOW_CTX_TRY_NUMBER='1' AIRFLOW_CTX_DAG_RUN_ID='scheduled__2024-03-05T00:00:00+00:00'
[2024-09-27T18:54:55.003+0000] {logging_mixin.py:190} INFO - Task instance is in running state
[2024-09-27T18:54:55.004+0000] {logging_mixin.py:190} INFO -  Previous state of the Task instance: queued
[2024-09-27T18:54:55.005+0000] {logging_mixin.py:190} INFO - Current task name:create_company_table state:running start_date:2024-09-27 18:54:54.099510+00:00
[2024-09-27T18:54:55.006+0000] {logging_mixin.py:190} INFO - Dag name:scrape_and_save_share_prices_with_company_data and current dag run status:running
[2024-09-27T18:54:55.009+0000] {taskinstance.py:731} INFO - ::endgroup::
[2024-09-27T18:54:55.075+0000] {base.py:84} INFO - Retrieving connection 'dse_connection'
[2024-09-27T18:54:55.107+0000] {sql.py:509} INFO - Running statement: 
        CREATE TABLE IF NOT EXISTS company_list (
            company_id SERIAL PRIMARY KEY,
            company_trade_name VARCHAR(255) NOT NULL,
            company_url VARCHAR(255) NOT NULL,
            UNIQUE(company_trade_name)
        );
    , parameters: None
[2024-09-27T18:54:55.114+0000] {python.py:240} INFO - Done. Returned value was: None
[2024-09-27T18:54:55.162+0000] {taskinstance.py:340} INFO - ::group::Post task execution logs
[2024-09-27T18:54:55.164+0000] {taskinstance.py:352} INFO - Marking task as SUCCESS. dag_id=scrape_and_save_share_prices_with_company_data, task_id=create_company_table, run_id=scheduled__2024-03-05T00:00:00+00:00, execution_date=20240305T000000, start_date=20240927T185454, end_date=20240927T185455
[2024-09-27T18:54:55.197+0000] {logging_mixin.py:190} INFO - Task instance in success state
[2024-09-27T18:54:55.199+0000] {logging_mixin.py:190} INFO -  Previous state of the Task instance: running
[2024-09-27T18:54:55.204+0000] {logging_mixin.py:190} INFO - Dag name:scrape_and_save_share_prices_with_company_data queued_at:2024-09-27 18:54:45.156111+00:00
[2024-09-27T18:54:55.206+0000] {logging_mixin.py:190} INFO - Task hostname:13b5797a93ab operator:PythonOperator
[2024-09-27T18:54:55.252+0000] {local_task_job_runner.py:266} INFO - Task exited with return code 0
[2024-09-27T18:54:55.291+0000] {local_task_job_runner.py:245} INFO - ::endgroup::
[2024-09-27T23:08:29.074+0000] {local_task_job_runner.py:123} INFO - ::group::Pre task execution logs
[2024-09-27T23:08:29.192+0000] {taskinstance.py:2612} INFO - Dependencies all met for dep_context=non-requeueable deps ti=<TaskInstance: scrape_and_save_share_prices_with_company_data.create_company_table scheduled__2024-03-05T00:00:00+00:00 [queued]>
[2024-09-27T23:08:29.226+0000] {taskinstance.py:2612} INFO - Dependencies all met for dep_context=requeueable deps ti=<TaskInstance: scrape_and_save_share_prices_with_company_data.create_company_table scheduled__2024-03-05T00:00:00+00:00 [queued]>
[2024-09-27T23:08:29.227+0000] {taskinstance.py:2865} INFO - Starting attempt 1 of 2
[2024-09-27T23:08:29.301+0000] {taskinstance.py:2888} INFO - Executing <Task(PythonOperator): create_company_table> on 2024-03-05 00:00:00+00:00
[2024-09-27T23:08:29.341+0000] {warnings.py:112} WARNING - /home/***/.local/lib/python3.12/site-packages/***/task/task_runner/standard_task_runner.py:70: DeprecationWarning: This process (pid=3056) is multi-threaded, use of fork() may lead to deadlocks in the child.
  pid = os.fork()

[2024-09-27T23:08:29.345+0000] {standard_task_runner.py:72} INFO - Started process 3084 to run task
[2024-09-27T23:08:29.369+0000] {standard_task_runner.py:104} INFO - Running: ['***', 'tasks', 'run', 'scrape_and_save_share_prices_with_company_data', 'create_company_table', 'scheduled__2024-03-05T00:00:00+00:00', '--job-id', '3238', '--raw', '--subdir', 'DAGS_FOLDER/dag.py', '--cfg-path', '/tmp/tmpj9j994b3']
[2024-09-27T23:08:29.383+0000] {standard_task_runner.py:105} INFO - Job 3238: Subtask create_company_table
[2024-09-27T23:08:29.669+0000] {task_command.py:467} INFO - Running <TaskInstance: scrape_and_save_share_prices_with_company_data.create_company_table scheduled__2024-03-05T00:00:00+00:00 [running]> on host 7746de5121f6
[2024-09-27T23:08:30.260+0000] {taskinstance.py:3131} INFO - Exporting env vars: AIRFLOW_CTX_DAG_OWNER='***' AIRFLOW_CTX_DAG_ID='scrape_and_save_share_prices_with_company_data' AIRFLOW_CTX_TASK_ID='create_company_table' AIRFLOW_CTX_EXECUTION_DATE='2024-03-05T00:00:00+00:00' AIRFLOW_CTX_TRY_NUMBER='1' AIRFLOW_CTX_DAG_RUN_ID='scheduled__2024-03-05T00:00:00+00:00'
[2024-09-27T23:08:30.268+0000] {logging_mixin.py:190} INFO - Task instance is in running state
[2024-09-27T23:08:30.281+0000] {logging_mixin.py:190} INFO -  Previous state of the Task instance: queued
[2024-09-27T23:08:30.303+0000] {logging_mixin.py:190} INFO - Current task name:create_company_table state:running start_date:2024-09-27 23:08:29.201213+00:00
[2024-09-27T23:08:30.308+0000] {logging_mixin.py:190} INFO - Dag name:scrape_and_save_share_prices_with_company_data and current dag run status:running
[2024-09-27T23:08:30.312+0000] {taskinstance.py:731} INFO - ::endgroup::
[2024-09-27T23:08:30.401+0000] {base.py:84} INFO - Retrieving connection 'dse_connection'
[2024-09-27T23:08:30.444+0000] {sql.py:509} INFO - Running statement: 
        CREATE TABLE IF NOT EXISTS company_list (
            company_id SERIAL PRIMARY KEY,
            company_trade_name VARCHAR(255) NOT NULL,
            company_url VARCHAR(255) NOT NULL,
            UNIQUE(company_trade_name)
        );
    , parameters: None
[2024-09-27T23:08:30.457+0000] {python.py:240} INFO - Done. Returned value was: None
[2024-09-27T23:08:30.549+0000] {taskinstance.py:340} INFO - ::group::Post task execution logs
[2024-09-27T23:08:30.551+0000] {taskinstance.py:352} INFO - Marking task as SUCCESS. dag_id=scrape_and_save_share_prices_with_company_data, task_id=create_company_table, run_id=scheduled__2024-03-05T00:00:00+00:00, execution_date=20240305T000000, start_date=20240927T230829, end_date=20240927T230830
[2024-09-27T23:08:30.697+0000] {logging_mixin.py:190} INFO - Task instance in success state
[2024-09-27T23:08:30.707+0000] {logging_mixin.py:190} INFO -  Previous state of the Task instance: running
[2024-09-27T23:08:30.717+0000] {logging_mixin.py:190} INFO - Dag name:scrape_and_save_share_prices_with_company_data queued_at:2024-09-27 23:08:20.626049+00:00
[2024-09-27T23:08:30.722+0000] {logging_mixin.py:190} INFO - Task hostname:7746de5121f6 operator:PythonOperator
[2024-09-27T23:08:30.812+0000] {local_task_job_runner.py:266} INFO - Task exited with return code 0
[2024-09-27T23:08:31.036+0000] {taskinstance.py:3900} INFO - 1 downstream tasks scheduled from follow-on schedule check
[2024-09-27T23:08:31.061+0000] {local_task_job_runner.py:245} INFO - ::endgroup::
