[2024-09-27T18:29:43.291+0000] {local_task_job_runner.py:123} INFO - ::group::Pre task execution logs
[2024-09-27T18:29:43.386+0000] {taskinstance.py:2612} INFO - Dependencies all met for dep_context=non-requeueable deps ti=<TaskInstance: scrape_and_save_share_prices_with_company_data.create_company_table scheduled__2023-12-31T00:00:00+00:00 [queued]>
[2024-09-27T18:29:43.452+0000] {taskinstance.py:2612} INFO - Dependencies all met for dep_context=requeueable deps ti=<TaskInstance: scrape_and_save_share_prices_with_company_data.create_company_table scheduled__2023-12-31T00:00:00+00:00 [queued]>
[2024-09-27T18:29:43.457+0000] {taskinstance.py:2865} INFO - Starting attempt 1 of 2
[2024-09-27T18:29:43.564+0000] {taskinstance.py:2888} INFO - Executing <Task(PythonOperator): create_company_table> on 2023-12-31 00:00:00+00:00
[2024-09-27T18:29:43.602+0000] {warnings.py:112} WARNING - /home/***/.local/lib/python3.12/site-packages/***/task/task_runner/standard_task_runner.py:70: DeprecationWarning: This process (pid=13438) is multi-threaded, use of fork() may lead to deadlocks in the child.
  pid = os.fork()

[2024-09-27T18:29:43.621+0000] {standard_task_runner.py:72} INFO - Started process 13441 to run task
[2024-09-27T18:29:43.625+0000] {standard_task_runner.py:104} INFO - Running: ['***', 'tasks', 'run', 'scrape_and_save_share_prices_with_company_data', 'create_company_table', 'scheduled__2023-12-31T00:00:00+00:00', '--job-id', '1464', '--raw', '--subdir', 'DAGS_FOLDER/dag.py', '--cfg-path', '/tmp/tmp7hpe4lk1']
[2024-09-27T18:29:43.643+0000] {standard_task_runner.py:105} INFO - Job 1464: Subtask create_company_table
[2024-09-27T18:29:43.846+0000] {task_command.py:467} INFO - Running <TaskInstance: scrape_and_save_share_prices_with_company_data.create_company_table scheduled__2023-12-31T00:00:00+00:00 [running]> on host 13b5797a93ab
[2024-09-27T18:29:44.247+0000] {taskinstance.py:3131} INFO - Exporting env vars: AIRFLOW_CTX_DAG_OWNER='***' AIRFLOW_CTX_DAG_ID='scrape_and_save_share_prices_with_company_data' AIRFLOW_CTX_TASK_ID='create_company_table' AIRFLOW_CTX_EXECUTION_DATE='2023-12-31T00:00:00+00:00' AIRFLOW_CTX_TRY_NUMBER='1' AIRFLOW_CTX_DAG_RUN_ID='scheduled__2023-12-31T00:00:00+00:00'
[2024-09-27T18:29:44.254+0000] {logging_mixin.py:190} INFO - Task instance is in running state
[2024-09-27T18:29:44.259+0000] {logging_mixin.py:190} INFO -  Previous state of the Task instance: queued
[2024-09-27T18:29:44.269+0000] {logging_mixin.py:190} INFO - Current task name:create_company_table state:running start_date:2024-09-27 18:29:43.389488+00:00
[2024-09-27T18:29:44.275+0000] {logging_mixin.py:190} INFO - Dag name:scrape_and_save_share_prices_with_company_data and current dag run status:running
[2024-09-27T18:29:44.281+0000] {taskinstance.py:731} INFO - ::endgroup::
[2024-09-27T18:29:44.337+0000] {base.py:84} INFO - Retrieving connection 'dse_connection'
[2024-09-27T18:29:44.354+0000] {sql.py:509} INFO - Running statement: 
        CREATE TABLE IF NOT EXISTS company_list (
            company_id SERIAL PRIMARY KEY,
            company_trade_name VARCHAR(255) NOT NULL,
            company_url VARCHAR(255) NOT NULL,
            UNIQUE(company_trade_name)
        );
    , parameters: None
[2024-09-27T18:29:44.357+0000] {python.py:240} INFO - Done. Returned value was: None
[2024-09-27T18:29:44.388+0000] {taskinstance.py:340} INFO - ::group::Post task execution logs
[2024-09-27T18:29:44.390+0000] {taskinstance.py:352} INFO - Marking task as SUCCESS. dag_id=scrape_and_save_share_prices_with_company_data, task_id=create_company_table, run_id=scheduled__2023-12-31T00:00:00+00:00, execution_date=20231231T000000, start_date=20240927T182943, end_date=20240927T182944
[2024-09-27T18:29:44.438+0000] {logging_mixin.py:190} INFO - Task instance in success state
[2024-09-27T18:29:44.443+0000] {logging_mixin.py:190} INFO -  Previous state of the Task instance: running
[2024-09-27T18:29:44.445+0000] {logging_mixin.py:190} INFO - Dag name:scrape_and_save_share_prices_with_company_data queued_at:2024-09-27 18:29:15.719631+00:00
[2024-09-27T18:29:44.447+0000] {logging_mixin.py:190} INFO - Task hostname:13b5797a93ab operator:PythonOperator
[2024-09-27T18:29:44.498+0000] {local_task_job_runner.py:266} INFO - Task exited with return code 0
[2024-09-27T18:29:44.567+0000] {taskinstance.py:3900} INFO - 1 downstream tasks scheduled from follow-on schedule check
[2024-09-27T18:29:44.577+0000] {local_task_job_runner.py:245} INFO - ::endgroup::
[2024-09-27T22:19:32.769+0000] {local_task_job_runner.py:123} INFO - ::group::Pre task execution logs
[2024-09-27T22:19:32.820+0000] {taskinstance.py:2612} INFO - Dependencies all met for dep_context=non-requeueable deps ti=<TaskInstance: scrape_and_save_share_prices_with_company_data.create_company_table scheduled__2023-12-31T00:00:00+00:00 [queued]>
[2024-09-27T22:19:32.944+0000] {taskinstance.py:2612} INFO - Dependencies all met for dep_context=requeueable deps ti=<TaskInstance: scrape_and_save_share_prices_with_company_data.create_company_table scheduled__2023-12-31T00:00:00+00:00 [queued]>
[2024-09-27T22:19:32.983+0000] {taskinstance.py:2865} INFO - Starting attempt 1 of 2
[2024-09-27T22:19:33.157+0000] {taskinstance.py:2888} INFO - Executing <Task(PythonOperator): create_company_table> on 2023-12-31 00:00:00+00:00
[2024-09-27T22:19:33.310+0000] {standard_task_runner.py:104} INFO - Running: ['***', 'tasks', 'run', 'scrape_and_save_share_prices_with_company_data', 'create_company_table', 'scheduled__2023-12-31T00:00:00+00:00', '--job-id', '2523', '--raw', '--subdir', 'DAGS_FOLDER/dag.py', '--cfg-path', '/tmp/tmp26436mzq']
[2024-09-27T22:19:33.331+0000] {standard_task_runner.py:105} INFO - Job 2523: Subtask create_company_table
[2024-09-27T22:19:33.271+0000] {warnings.py:112} WARNING - /home/***/.local/lib/python3.12/site-packages/***/task/task_runner/standard_task_runner.py:70: DeprecationWarning: This process (pid=2232) is multi-threaded, use of fork() may lead to deadlocks in the child.
  pid = os.fork()

[2024-09-27T22:19:33.337+0000] {standard_task_runner.py:72} INFO - Started process 2261 to run task
[2024-09-27T22:19:33.780+0000] {task_command.py:467} INFO - Running <TaskInstance: scrape_and_save_share_prices_with_company_data.create_company_table scheduled__2023-12-31T00:00:00+00:00 [running]> on host fd62fe12432d
[2024-09-27T22:19:34.866+0000] {taskinstance.py:3131} INFO - Exporting env vars: AIRFLOW_CTX_DAG_OWNER='***' AIRFLOW_CTX_DAG_ID='scrape_and_save_share_prices_with_company_data' AIRFLOW_CTX_TASK_ID='create_company_table' AIRFLOW_CTX_EXECUTION_DATE='2023-12-31T00:00:00+00:00' AIRFLOW_CTX_TRY_NUMBER='1' AIRFLOW_CTX_DAG_RUN_ID='scheduled__2023-12-31T00:00:00+00:00'
[2024-09-27T22:19:34.882+0000] {logging_mixin.py:190} INFO - Task instance is in running state
[2024-09-27T22:19:34.898+0000] {logging_mixin.py:190} INFO -  Previous state of the Task instance: queued
[2024-09-27T22:19:34.904+0000] {logging_mixin.py:190} INFO - Current task name:create_company_table state:running start_date:2024-09-27 22:19:32.851022+00:00
[2024-09-27T22:19:34.908+0000] {logging_mixin.py:190} INFO - Dag name:scrape_and_save_share_prices_with_company_data and current dag run status:running
[2024-09-27T22:19:34.939+0000] {taskinstance.py:731} INFO - ::endgroup::
[2024-09-27T22:19:35.035+0000] {base.py:84} INFO - Retrieving connection 'dse_connection'
[2024-09-27T22:19:35.064+0000] {sql.py:509} INFO - Running statement: 
        CREATE TABLE IF NOT EXISTS company_list (
            company_id SERIAL PRIMARY KEY,
            company_trade_name VARCHAR(255) NOT NULL,
            company_url VARCHAR(255) NOT NULL,
            UNIQUE(company_trade_name)
        );
    , parameters: None
[2024-09-27T22:19:35.084+0000] {python.py:240} INFO - Done. Returned value was: None
[2024-09-27T22:19:35.133+0000] {taskinstance.py:340} INFO - ::group::Post task execution logs
[2024-09-27T22:19:35.150+0000] {taskinstance.py:352} INFO - Marking task as SUCCESS. dag_id=scrape_and_save_share_prices_with_company_data, task_id=create_company_table, run_id=scheduled__2023-12-31T00:00:00+00:00, execution_date=20231231T000000, start_date=20240927T221932, end_date=20240927T221935
[2024-09-27T22:19:35.339+0000] {logging_mixin.py:190} INFO - Task instance in success state
[2024-09-27T22:19:35.340+0000] {logging_mixin.py:190} INFO -  Previous state of the Task instance: running
[2024-09-27T22:19:35.342+0000] {logging_mixin.py:190} INFO - Dag name:scrape_and_save_share_prices_with_company_data queued_at:2024-09-27 22:19:18.931212+00:00
[2024-09-27T22:19:35.343+0000] {logging_mixin.py:190} INFO - Task hostname:fd62fe12432d operator:PythonOperator
[2024-09-27T22:19:35.436+0000] {local_task_job_runner.py:266} INFO - Task exited with return code 0
[2024-09-27T22:19:35.727+0000] {taskinstance.py:3900} INFO - 1 downstream tasks scheduled from follow-on schedule check
[2024-09-27T22:19:35.759+0000] {local_task_job_runner.py:245} INFO - ::endgroup::
[2024-09-27T22:57:00.647+0000] {local_task_job_runner.py:123} INFO - ::group::Pre task execution logs
[2024-09-27T22:57:00.746+0000] {taskinstance.py:2612} INFO - Dependencies all met for dep_context=non-requeueable deps ti=<TaskInstance: scrape_and_save_share_prices_with_company_data.create_company_table scheduled__2023-12-31T00:00:00+00:00 [queued]>
[2024-09-27T22:57:00.766+0000] {taskinstance.py:2612} INFO - Dependencies all met for dep_context=requeueable deps ti=<TaskInstance: scrape_and_save_share_prices_with_company_data.create_company_table scheduled__2023-12-31T00:00:00+00:00 [queued]>
[2024-09-27T22:57:00.768+0000] {taskinstance.py:2865} INFO - Starting attempt 1 of 2
[2024-09-27T22:57:01.155+0000] {taskinstance.py:2888} INFO - Executing <Task(PythonOperator): create_company_table> on 2023-12-31 00:00:00+00:00
[2024-09-27T22:57:01.185+0000] {warnings.py:112} WARNING - /home/***/.local/lib/python3.12/site-packages/***/task/task_runner/standard_task_runner.py:70: DeprecationWarning: This process (pid=1917) is multi-threaded, use of fork() may lead to deadlocks in the child.
  pid = os.fork()

[2024-09-27T22:57:01.188+0000] {standard_task_runner.py:72} INFO - Started process 1946 to run task
[2024-09-27T22:57:01.189+0000] {standard_task_runner.py:104} INFO - Running: ['***', 'tasks', 'run', 'scrape_and_save_share_prices_with_company_data', 'create_company_table', 'scheduled__2023-12-31T00:00:00+00:00', '--job-id', '2981', '--raw', '--subdir', 'DAGS_FOLDER/dag.py', '--cfg-path', '/tmp/tmpexs9yx_y']
[2024-09-27T22:57:01.201+0000] {standard_task_runner.py:105} INFO - Job 2981: Subtask create_company_table
[2024-09-27T22:57:01.383+0000] {task_command.py:467} INFO - Running <TaskInstance: scrape_and_save_share_prices_with_company_data.create_company_table scheduled__2023-12-31T00:00:00+00:00 [running]> on host 7746de5121f6
[2024-09-27T22:57:01.795+0000] {taskinstance.py:3131} INFO - Exporting env vars: AIRFLOW_CTX_DAG_OWNER='***' AIRFLOW_CTX_DAG_ID='scrape_and_save_share_prices_with_company_data' AIRFLOW_CTX_TASK_ID='create_company_table' AIRFLOW_CTX_EXECUTION_DATE='2023-12-31T00:00:00+00:00' AIRFLOW_CTX_TRY_NUMBER='1' AIRFLOW_CTX_DAG_RUN_ID='scheduled__2023-12-31T00:00:00+00:00'
[2024-09-27T22:57:01.804+0000] {logging_mixin.py:190} INFO - Task instance is in running state
[2024-09-27T22:57:01.805+0000] {logging_mixin.py:190} INFO -  Previous state of the Task instance: queued
[2024-09-27T22:57:01.808+0000] {logging_mixin.py:190} INFO - Current task name:create_company_table state:running start_date:2024-09-27 22:57:00.747890+00:00
[2024-09-27T22:57:01.811+0000] {logging_mixin.py:190} INFO - Dag name:scrape_and_save_share_prices_with_company_data and current dag run status:running
[2024-09-27T22:57:01.821+0000] {taskinstance.py:731} INFO - ::endgroup::
[2024-09-27T22:57:01.861+0000] {base.py:84} INFO - Retrieving connection 'dse_connection'
[2024-09-27T22:57:01.895+0000] {sql.py:509} INFO - Running statement: 
        CREATE TABLE IF NOT EXISTS company_list (
            company_id SERIAL PRIMARY KEY,
            company_trade_name VARCHAR(255) NOT NULL,
            company_url VARCHAR(255) NOT NULL,
            UNIQUE(company_trade_name)
        );
    , parameters: None
[2024-09-27T22:57:01.910+0000] {python.py:240} INFO - Done. Returned value was: None
[2024-09-27T22:57:01.961+0000] {taskinstance.py:340} INFO - ::group::Post task execution logs
[2024-09-27T22:57:01.965+0000] {taskinstance.py:352} INFO - Marking task as SUCCESS. dag_id=scrape_and_save_share_prices_with_company_data, task_id=create_company_table, run_id=scheduled__2023-12-31T00:00:00+00:00, execution_date=20231231T000000, start_date=20240927T225700, end_date=20240927T225701
[2024-09-27T22:57:02.021+0000] {logging_mixin.py:190} INFO - Task instance in success state
[2024-09-27T22:57:02.029+0000] {logging_mixin.py:190} INFO -  Previous state of the Task instance: running
[2024-09-27T22:57:02.045+0000] {logging_mixin.py:190} INFO - Dag name:scrape_and_save_share_prices_with_company_data queued_at:2024-09-27 22:56:51.972589+00:00
[2024-09-27T22:57:02.047+0000] {logging_mixin.py:190} INFO - Task hostname:7746de5121f6 operator:PythonOperator
[2024-09-27T22:57:02.126+0000] {local_task_job_runner.py:266} INFO - Task exited with return code 0
[2024-09-27T22:57:02.450+0000] {taskinstance.py:3900} INFO - 1 downstream tasks scheduled from follow-on schedule check
[2024-09-27T22:57:02.458+0000] {local_task_job_runner.py:245} INFO - ::endgroup::
