[2024-09-27T19:43:59.794+0000] {local_task_job_runner.py:123} INFO - ::group::Pre task execution logs
[2024-09-27T19:43:59.855+0000] {taskinstance.py:2612} INFO - Dependencies all met for dep_context=non-requeueable deps ti=<TaskInstance: scrape_and_save_share_prices_with_company_data.create_company_table scheduled__2024-05-10T00:00:00+00:00 [queued]>
[2024-09-27T19:43:59.888+0000] {taskinstance.py:2612} INFO - Dependencies all met for dep_context=requeueable deps ti=<TaskInstance: scrape_and_save_share_prices_with_company_data.create_company_table scheduled__2024-05-10T00:00:00+00:00 [queued]>
[2024-09-27T19:43:59.889+0000] {taskinstance.py:2865} INFO - Starting attempt 1 of 2
[2024-09-27T19:43:59.947+0000] {taskinstance.py:2888} INFO - Executing <Task(PythonOperator): create_company_table> on 2024-05-10 00:00:00+00:00
[2024-09-27T19:43:59.974+0000] {warnings.py:112} WARNING - /home/***/.local/lib/python3.12/site-packages/***/task/task_runner/standard_task_runner.py:70: DeprecationWarning: This process (pid=703) is multi-threaded, use of fork() may lead to deadlocks in the child.
  pid = os.fork()

[2024-09-27T19:43:59.979+0000] {standard_task_runner.py:72} INFO - Started process 719 to run task
[2024-09-27T19:43:59.980+0000] {standard_task_runner.py:104} INFO - Running: ['***', 'tasks', 'run', 'scrape_and_save_share_prices_with_company_data', 'create_company_table', 'scheduled__2024-05-10T00:00:00+00:00', '--job-id', '2058', '--raw', '--subdir', 'DAGS_FOLDER/dag.py', '--cfg-path', '/tmp/tmp3va25jjj']
[2024-09-27T19:43:59.985+0000] {standard_task_runner.py:105} INFO - Job 2058: Subtask create_company_table
[2024-09-27T19:44:00.222+0000] {task_command.py:467} INFO - Running <TaskInstance: scrape_and_save_share_prices_with_company_data.create_company_table scheduled__2024-05-10T00:00:00+00:00 [running]> on host f199b4684a92
[2024-09-27T19:44:00.639+0000] {taskinstance.py:3131} INFO - Exporting env vars: AIRFLOW_CTX_DAG_OWNER='***' AIRFLOW_CTX_DAG_ID='scrape_and_save_share_prices_with_company_data' AIRFLOW_CTX_TASK_ID='create_company_table' AIRFLOW_CTX_EXECUTION_DATE='2024-05-10T00:00:00+00:00' AIRFLOW_CTX_TRY_NUMBER='1' AIRFLOW_CTX_DAG_RUN_ID='scheduled__2024-05-10T00:00:00+00:00'
[2024-09-27T19:44:00.644+0000] {logging_mixin.py:190} INFO - Task instance is in running state
[2024-09-27T19:44:00.645+0000] {logging_mixin.py:190} INFO -  Previous state of the Task instance: queued
[2024-09-27T19:44:00.646+0000] {logging_mixin.py:190} INFO - Current task name:create_company_table state:running start_date:2024-09-27 19:43:59.859274+00:00
[2024-09-27T19:44:00.648+0000] {logging_mixin.py:190} INFO - Dag name:scrape_and_save_share_prices_with_company_data and current dag run status:running
[2024-09-27T19:44:00.649+0000] {taskinstance.py:731} INFO - ::endgroup::
[2024-09-27T19:44:00.683+0000] {base.py:84} INFO - Retrieving connection 'dse_connection'
[2024-09-27T19:44:21.733+0000] {logging_mixin.py:190} INFO - Error creating company table: connection to server at "172.23.0.3", port 5432 failed: Connection refused
	Is the server running on that host and accepting TCP/IP connections?
[2024-09-27T19:44:21.734+0000] {python.py:240} INFO - Done. Returned value was: None
[2024-09-27T19:44:21.749+0000] {taskinstance.py:340} INFO - ::group::Post task execution logs
[2024-09-27T19:44:21.750+0000] {taskinstance.py:352} INFO - Marking task as SUCCESS. dag_id=scrape_and_save_share_prices_with_company_data, task_id=create_company_table, run_id=scheduled__2024-05-10T00:00:00+00:00, execution_date=20240510T000000, start_date=20240927T194359, end_date=20240927T194421
[2024-09-27T19:44:21.849+0000] {logging_mixin.py:190} INFO - Task instance in success state
[2024-09-27T19:44:21.850+0000] {logging_mixin.py:190} INFO -  Previous state of the Task instance: running
[2024-09-27T19:44:21.851+0000] {logging_mixin.py:190} INFO - Dag name:scrape_and_save_share_prices_with_company_data queued_at:2024-09-27 19:43:53.969401+00:00
[2024-09-27T19:44:21.851+0000] {logging_mixin.py:190} INFO - Task hostname:f199b4684a92 operator:PythonOperator
[2024-09-27T19:44:21.904+0000] {local_task_job_runner.py:266} INFO - Task exited with return code 0
[2024-09-27T19:44:21.953+0000] {taskinstance.py:3900} INFO - 1 downstream tasks scheduled from follow-on schedule check
[2024-09-27T19:44:21.987+0000] {local_task_job_runner.py:245} INFO - ::endgroup::
[2024-09-27T23:20:55.528+0000] {local_task_job_runner.py:123} INFO - ::group::Pre task execution logs
[2024-09-27T23:20:55.614+0000] {taskinstance.py:2612} INFO - Dependencies all met for dep_context=non-requeueable deps ti=<TaskInstance: scrape_and_save_share_prices_with_company_data.create_company_table scheduled__2024-05-10T00:00:00+00:00 [queued]>
[2024-09-27T23:20:55.662+0000] {taskinstance.py:2612} INFO - Dependencies all met for dep_context=requeueable deps ti=<TaskInstance: scrape_and_save_share_prices_with_company_data.create_company_table scheduled__2024-05-10T00:00:00+00:00 [queued]>
[2024-09-27T23:20:55.670+0000] {taskinstance.py:2865} INFO - Starting attempt 1 of 2
[2024-09-27T23:20:56.157+0000] {taskinstance.py:2888} INFO - Executing <Task(PythonOperator): create_company_table> on 2024-05-10 00:00:00+00:00
[2024-09-27T23:20:56.177+0000] {warnings.py:112} WARNING - /home/***/.local/lib/python3.12/site-packages/***/task/task_runner/standard_task_runner.py:70: DeprecationWarning: This process (pid=4239) is multi-threaded, use of fork() may lead to deadlocks in the child.
  pid = os.fork()

[2024-09-27T23:20:56.204+0000] {standard_task_runner.py:104} INFO - Running: ['***', 'tasks', 'run', 'scrape_and_save_share_prices_with_company_data', 'create_company_table', 'scheduled__2024-05-10T00:00:00+00:00', '--job-id', '3500', '--raw', '--subdir', 'DAGS_FOLDER/dag.py', '--cfg-path', '/tmp/tmpr9k6m4ph']
[2024-09-27T23:20:56.215+0000] {standard_task_runner.py:105} INFO - Job 3500: Subtask create_company_table
[2024-09-27T23:20:56.215+0000] {standard_task_runner.py:72} INFO - Started process 4255 to run task
[2024-09-27T23:20:56.444+0000] {task_command.py:467} INFO - Running <TaskInstance: scrape_and_save_share_prices_with_company_data.create_company_table scheduled__2024-05-10T00:00:00+00:00 [running]> on host 7746de5121f6
[2024-09-27T23:20:56.782+0000] {taskinstance.py:3131} INFO - Exporting env vars: AIRFLOW_CTX_DAG_OWNER='***' AIRFLOW_CTX_DAG_ID='scrape_and_save_share_prices_with_company_data' AIRFLOW_CTX_TASK_ID='create_company_table' AIRFLOW_CTX_EXECUTION_DATE='2024-05-10T00:00:00+00:00' AIRFLOW_CTX_TRY_NUMBER='1' AIRFLOW_CTX_DAG_RUN_ID='scheduled__2024-05-10T00:00:00+00:00'
[2024-09-27T23:20:56.785+0000] {logging_mixin.py:190} INFO - Task instance is in running state
[2024-09-27T23:20:56.787+0000] {logging_mixin.py:190} INFO -  Previous state of the Task instance: queued
[2024-09-27T23:20:56.799+0000] {logging_mixin.py:190} INFO - Current task name:create_company_table state:running start_date:2024-09-27 23:20:55.630471+00:00
[2024-09-27T23:20:56.808+0000] {logging_mixin.py:190} INFO - Dag name:scrape_and_save_share_prices_with_company_data and current dag run status:running
[2024-09-27T23:20:56.817+0000] {taskinstance.py:731} INFO - ::endgroup::
[2024-09-27T23:20:56.867+0000] {base.py:84} INFO - Retrieving connection 'dse_connection'
[2024-09-27T23:20:56.906+0000] {sql.py:509} INFO - Running statement: 
        CREATE TABLE IF NOT EXISTS company_list (
            company_id SERIAL PRIMARY KEY,
            company_trade_name VARCHAR(255) NOT NULL,
            company_url VARCHAR(255) NOT NULL,
            UNIQUE(company_trade_name)
        );
    , parameters: None
[2024-09-27T23:20:56.917+0000] {python.py:240} INFO - Done. Returned value was: None
[2024-09-27T23:20:56.980+0000] {taskinstance.py:340} INFO - ::group::Post task execution logs
[2024-09-27T23:20:56.983+0000] {taskinstance.py:352} INFO - Marking task as SUCCESS. dag_id=scrape_and_save_share_prices_with_company_data, task_id=create_company_table, run_id=scheduled__2024-05-10T00:00:00+00:00, execution_date=20240510T000000, start_date=20240927T232055, end_date=20240927T232056
[2024-09-27T23:20:57.044+0000] {logging_mixin.py:190} INFO - Task instance in success state
[2024-09-27T23:20:57.045+0000] {logging_mixin.py:190} INFO -  Previous state of the Task instance: running
[2024-09-27T23:20:57.046+0000] {logging_mixin.py:190} INFO - Dag name:scrape_and_save_share_prices_with_company_data queued_at:2024-09-27 23:20:47.633771+00:00
[2024-09-27T23:20:57.047+0000] {logging_mixin.py:190} INFO - Task hostname:7746de5121f6 operator:PythonOperator
[2024-09-27T23:20:57.143+0000] {local_task_job_runner.py:266} INFO - Task exited with return code 0
[2024-09-27T23:20:57.311+0000] {taskinstance.py:3900} INFO - 1 downstream tasks scheduled from follow-on schedule check
[2024-09-27T23:20:57.319+0000] {local_task_job_runner.py:245} INFO - ::endgroup::
