[2024-09-27T23:42:26.370+0000] {local_task_job_runner.py:123} INFO - ::group::Pre task execution logs
[2024-09-27T23:42:26.583+0000] {taskinstance.py:2612} INFO - Dependencies all met for dep_context=non-requeueable deps ti=<TaskInstance: scrape_and_save_share_prices_with_company_data.create_company_table scheduled__2024-08-14T00:00:00+00:00 [queued]>
[2024-09-27T23:42:26.640+0000] {taskinstance.py:2612} INFO - Dependencies all met for dep_context=requeueable deps ti=<TaskInstance: scrape_and_save_share_prices_with_company_data.create_company_table scheduled__2024-08-14T00:00:00+00:00 [queued]>
[2024-09-27T23:42:26.652+0000] {taskinstance.py:2865} INFO - Starting attempt 1 of 2
[2024-09-27T23:42:27.239+0000] {taskinstance.py:2888} INFO - Executing <Task(PythonOperator): create_company_table> on 2024-08-14 00:00:00+00:00
[2024-09-27T23:42:27.291+0000] {warnings.py:112} WARNING - /home/***/.local/lib/python3.12/site-packages/***/task/task_runner/standard_task_runner.py:70: DeprecationWarning: This process (pid=6008) is multi-threaded, use of fork() may lead to deadlocks in the child.
  pid = os.fork()

[2024-09-27T23:42:27.301+0000] {standard_task_runner.py:72} INFO - Started process 6038 to run task
[2024-09-27T23:42:27.315+0000] {standard_task_runner.py:104} INFO - Running: ['***', 'tasks', 'run', 'scrape_and_save_share_prices_with_company_data', 'create_company_table', 'scheduled__2024-08-14T00:00:00+00:00', '--job-id', '3893', '--raw', '--subdir', 'DAGS_FOLDER/dag.py', '--cfg-path', '/tmp/tmp2fulinr_']
[2024-09-27T23:42:27.335+0000] {standard_task_runner.py:105} INFO - Job 3893: Subtask create_company_table
[2024-09-27T23:42:27.881+0000] {task_command.py:467} INFO - Running <TaskInstance: scrape_and_save_share_prices_with_company_data.create_company_table scheduled__2024-08-14T00:00:00+00:00 [running]> on host 7746de5121f6
[2024-09-27T23:42:29.060+0000] {taskinstance.py:3131} INFO - Exporting env vars: AIRFLOW_CTX_DAG_OWNER='***' AIRFLOW_CTX_DAG_ID='scrape_and_save_share_prices_with_company_data' AIRFLOW_CTX_TASK_ID='create_company_table' AIRFLOW_CTX_EXECUTION_DATE='2024-08-14T00:00:00+00:00' AIRFLOW_CTX_TRY_NUMBER='1' AIRFLOW_CTX_DAG_RUN_ID='scheduled__2024-08-14T00:00:00+00:00'
[2024-09-27T23:42:29.088+0000] {logging_mixin.py:190} INFO - Task instance is in running state
[2024-09-27T23:42:29.105+0000] {logging_mixin.py:190} INFO -  Previous state of the Task instance: queued
[2024-09-27T23:42:29.124+0000] {logging_mixin.py:190} INFO - Current task name:create_company_table state:running start_date:2024-09-27 23:42:26.589432+00:00
[2024-09-27T23:42:29.136+0000] {logging_mixin.py:190} INFO - Dag name:scrape_and_save_share_prices_with_company_data and current dag run status:running
[2024-09-27T23:42:29.139+0000] {taskinstance.py:731} INFO - ::endgroup::
[2024-09-27T23:42:29.181+0000] {base.py:84} INFO - Retrieving connection 'dse_connection'
[2024-09-27T23:42:29.199+0000] {sql.py:509} INFO - Running statement: 
        CREATE TABLE IF NOT EXISTS company_list (
            company_id SERIAL PRIMARY KEY,
            company_trade_name VARCHAR(255) NOT NULL,
            company_url VARCHAR(255) NOT NULL,
            UNIQUE(company_trade_name)
        );
    , parameters: None
[2024-09-27T23:42:29.206+0000] {python.py:240} INFO - Done. Returned value was: None
[2024-09-27T23:42:29.244+0000] {taskinstance.py:340} INFO - ::group::Post task execution logs
[2024-09-27T23:42:29.256+0000] {taskinstance.py:352} INFO - Marking task as SUCCESS. dag_id=scrape_and_save_share_prices_with_company_data, task_id=create_company_table, run_id=scheduled__2024-08-14T00:00:00+00:00, execution_date=20240814T000000, start_date=20240927T234226, end_date=20240927T234229
[2024-09-27T23:42:29.329+0000] {logging_mixin.py:190} INFO - Task instance in success state
[2024-09-27T23:42:29.331+0000] {logging_mixin.py:190} INFO -  Previous state of the Task instance: running
[2024-09-27T23:42:29.332+0000] {logging_mixin.py:190} INFO - Dag name:scrape_and_save_share_prices_with_company_data queued_at:2024-09-27 23:42:12.253760+00:00
[2024-09-27T23:42:29.333+0000] {logging_mixin.py:190} INFO - Task hostname:7746de5121f6 operator:PythonOperator
[2024-09-27T23:42:29.420+0000] {local_task_job_runner.py:266} INFO - Task exited with return code 0
[2024-09-27T23:42:29.466+0000] {local_task_job_runner.py:245} INFO - ::endgroup::
