[2024-09-27T18:24:38.585+0000] {local_task_job_runner.py:123} INFO - ::group::Pre task execution logs
[2024-09-27T18:24:38.644+0000] {taskinstance.py:2612} INFO - Dependencies all met for dep_context=non-requeueable deps ti=<TaskInstance: scrape_and_save_share_prices_with_company_data.create_company_table scheduled__2023-12-10T00:00:00+00:00 [queued]>
[2024-09-27T18:24:38.787+0000] {taskinstance.py:2612} INFO - Dependencies all met for dep_context=requeueable deps ti=<TaskInstance: scrape_and_save_share_prices_with_company_data.create_company_table scheduled__2023-12-10T00:00:00+00:00 [queued]>
[2024-09-27T18:24:38.790+0000] {taskinstance.py:2865} INFO - Starting attempt 1 of 2
[2024-09-27T18:24:38.954+0000] {taskinstance.py:2888} INFO - Executing <Task(PythonOperator): create_company_table> on 2023-12-10 00:00:00+00:00
[2024-09-27T18:24:39.030+0000] {warnings.py:112} WARNING - /home/***/.local/lib/python3.12/site-packages/***/task/task_runner/standard_task_runner.py:70: DeprecationWarning: This process (pid=13022) is multi-threaded, use of fork() may lead to deadlocks in the child.
  pid = os.fork()

[2024-09-27T18:24:39.047+0000] {standard_task_runner.py:72} INFO - Started process 13042 to run task
[2024-09-27T18:24:39.061+0000] {standard_task_runner.py:104} INFO - Running: ['***', 'tasks', 'run', 'scrape_and_save_share_prices_with_company_data', 'create_company_table', 'scheduled__2023-12-10T00:00:00+00:00', '--job-id', '1376', '--raw', '--subdir', 'DAGS_FOLDER/dag.py', '--cfg-path', '/tmp/tmp4yrvc4ok']
[2024-09-27T18:24:39.084+0000] {standard_task_runner.py:105} INFO - Job 1376: Subtask create_company_table
[2024-09-27T18:24:39.448+0000] {task_command.py:467} INFO - Running <TaskInstance: scrape_and_save_share_prices_with_company_data.create_company_table scheduled__2023-12-10T00:00:00+00:00 [running]> on host 13b5797a93ab
[2024-09-27T18:24:40.191+0000] {taskinstance.py:3131} INFO - Exporting env vars: AIRFLOW_CTX_DAG_OWNER='***' AIRFLOW_CTX_DAG_ID='scrape_and_save_share_prices_with_company_data' AIRFLOW_CTX_TASK_ID='create_company_table' AIRFLOW_CTX_EXECUTION_DATE='2023-12-10T00:00:00+00:00' AIRFLOW_CTX_TRY_NUMBER='1' AIRFLOW_CTX_DAG_RUN_ID='scheduled__2023-12-10T00:00:00+00:00'
[2024-09-27T18:24:40.194+0000] {logging_mixin.py:190} INFO - Task instance is in running state
[2024-09-27T18:24:40.207+0000] {logging_mixin.py:190} INFO -  Previous state of the Task instance: queued
[2024-09-27T18:24:40.209+0000] {logging_mixin.py:190} INFO - Current task name:create_company_table state:running start_date:2024-09-27 18:24:38.648125+00:00
[2024-09-27T18:24:40.215+0000] {logging_mixin.py:190} INFO - Dag name:scrape_and_save_share_prices_with_company_data and current dag run status:running
[2024-09-27T18:24:40.222+0000] {taskinstance.py:731} INFO - ::endgroup::
[2024-09-27T18:24:40.314+0000] {base.py:84} INFO - Retrieving connection 'dse_connection'
[2024-09-27T18:24:40.357+0000] {sql.py:509} INFO - Running statement: 
        CREATE TABLE IF NOT EXISTS company_list (
            company_id SERIAL PRIMARY KEY,
            company_trade_name VARCHAR(255) NOT NULL,
            company_url VARCHAR(255) NOT NULL,
            UNIQUE(company_trade_name)
        );
    , parameters: None
[2024-09-27T18:24:40.360+0000] {python.py:240} INFO - Done. Returned value was: None
[2024-09-27T18:24:40.445+0000] {taskinstance.py:340} INFO - ::group::Post task execution logs
[2024-09-27T18:24:40.447+0000] {taskinstance.py:352} INFO - Marking task as SUCCESS. dag_id=scrape_and_save_share_prices_with_company_data, task_id=create_company_table, run_id=scheduled__2023-12-10T00:00:00+00:00, execution_date=20231210T000000, start_date=20240927T182438, end_date=20240927T182440
[2024-09-27T18:24:40.546+0000] {logging_mixin.py:190} INFO - Task instance in success state
[2024-09-27T18:24:40.556+0000] {logging_mixin.py:190} INFO -  Previous state of the Task instance: running
[2024-09-27T18:24:40.568+0000] {logging_mixin.py:190} INFO - Dag name:scrape_and_save_share_prices_with_company_data queued_at:2024-09-27 18:24:24.552150+00:00
[2024-09-27T18:24:40.570+0000] {logging_mixin.py:190} INFO - Task hostname:13b5797a93ab operator:PythonOperator
[2024-09-27T18:24:40.684+0000] {local_task_job_runner.py:266} INFO - Task exited with return code 0
[2024-09-27T18:24:40.872+0000] {taskinstance.py:3900} INFO - 1 downstream tasks scheduled from follow-on schedule check
[2024-09-27T18:24:40.918+0000] {local_task_job_runner.py:245} INFO - ::endgroup::
[2024-09-27T22:13:47.907+0000] {local_task_job_runner.py:123} INFO - ::group::Pre task execution logs
[2024-09-27T22:13:47.973+0000] {taskinstance.py:2612} INFO - Dependencies all met for dep_context=non-requeueable deps ti=<TaskInstance: scrape_and_save_share_prices_with_company_data.create_company_table scheduled__2023-12-10T00:00:00+00:00 [queued]>
[2024-09-27T22:13:47.997+0000] {taskinstance.py:2612} INFO - Dependencies all met for dep_context=requeueable deps ti=<TaskInstance: scrape_and_save_share_prices_with_company_data.create_company_table scheduled__2023-12-10T00:00:00+00:00 [queued]>
[2024-09-27T22:13:47.999+0000] {taskinstance.py:2865} INFO - Starting attempt 1 of 2
[2024-09-27T22:13:48.114+0000] {taskinstance.py:2888} INFO - Executing <Task(PythonOperator): create_company_table> on 2023-12-10 00:00:00+00:00
[2024-09-27T22:13:48.170+0000] {warnings.py:112} WARNING - /home/***/.local/lib/python3.12/site-packages/***/task/task_runner/standard_task_runner.py:70: DeprecationWarning: This process (pid=1837) is multi-threaded, use of fork() may lead to deadlocks in the child.
  pid = os.fork()

[2024-09-27T22:13:48.183+0000] {standard_task_runner.py:72} INFO - Started process 1896 to run task
[2024-09-27T22:13:48.155+0000] {standard_task_runner.py:104} INFO - Running: ['***', 'tasks', 'run', 'scrape_and_save_share_prices_with_company_data', 'create_company_table', 'scheduled__2023-12-10T00:00:00+00:00', '--job-id', '2445', '--raw', '--subdir', 'DAGS_FOLDER/dag.py', '--cfg-path', '/tmp/tmpj9m_jzvs']
[2024-09-27T22:13:48.224+0000] {standard_task_runner.py:105} INFO - Job 2445: Subtask create_company_table
[2024-09-27T22:13:48.579+0000] {task_command.py:467} INFO - Running <TaskInstance: scrape_and_save_share_prices_with_company_data.create_company_table scheduled__2023-12-10T00:00:00+00:00 [running]> on host fd62fe12432d
[2024-09-27T22:13:49.279+0000] {taskinstance.py:3131} INFO - Exporting env vars: AIRFLOW_CTX_DAG_OWNER='***' AIRFLOW_CTX_DAG_ID='scrape_and_save_share_prices_with_company_data' AIRFLOW_CTX_TASK_ID='create_company_table' AIRFLOW_CTX_EXECUTION_DATE='2023-12-10T00:00:00+00:00' AIRFLOW_CTX_TRY_NUMBER='1' AIRFLOW_CTX_DAG_RUN_ID='scheduled__2023-12-10T00:00:00+00:00'
[2024-09-27T22:13:49.284+0000] {logging_mixin.py:190} INFO - Task instance is in running state
[2024-09-27T22:13:49.296+0000] {logging_mixin.py:190} INFO -  Previous state of the Task instance: queued
[2024-09-27T22:13:49.301+0000] {logging_mixin.py:190} INFO - Current task name:create_company_table state:running start_date:2024-09-27 22:13:47.974484+00:00
[2024-09-27T22:13:49.305+0000] {logging_mixin.py:190} INFO - Dag name:scrape_and_save_share_prices_with_company_data and current dag run status:running
[2024-09-27T22:13:49.306+0000] {taskinstance.py:731} INFO - ::endgroup::
[2024-09-27T22:13:49.363+0000] {base.py:84} INFO - Retrieving connection 'dse_connection'
[2024-09-27T22:13:49.391+0000] {sql.py:509} INFO - Running statement: 
        CREATE TABLE IF NOT EXISTS company_list (
            company_id SERIAL PRIMARY KEY,
            company_trade_name VARCHAR(255) NOT NULL,
            company_url VARCHAR(255) NOT NULL,
            UNIQUE(company_trade_name)
        );
    , parameters: None
[2024-09-27T22:13:49.400+0000] {python.py:240} INFO - Done. Returned value was: None
[2024-09-27T22:13:49.445+0000] {taskinstance.py:340} INFO - ::group::Post task execution logs
[2024-09-27T22:13:49.455+0000] {taskinstance.py:352} INFO - Marking task as SUCCESS. dag_id=scrape_and_save_share_prices_with_company_data, task_id=create_company_table, run_id=scheduled__2023-12-10T00:00:00+00:00, execution_date=20231210T000000, start_date=20240927T221347, end_date=20240927T221349
[2024-09-27T22:13:49.780+0000] {logging_mixin.py:190} INFO - Task instance in success state
[2024-09-27T22:13:49.781+0000] {logging_mixin.py:190} INFO -  Previous state of the Task instance: running
[2024-09-27T22:13:49.783+0000] {logging_mixin.py:190} INFO - Dag name:scrape_and_save_share_prices_with_company_data queued_at:2024-09-27 22:13:26.728222+00:00
[2024-09-27T22:13:49.784+0000] {logging_mixin.py:190} INFO - Task hostname:fd62fe12432d operator:PythonOperator
[2024-09-27T22:13:49.839+0000] {local_task_job_runner.py:266} INFO - Task exited with return code 0
[2024-09-27T22:13:49.969+0000] {taskinstance.py:3900} INFO - 1 downstream tasks scheduled from follow-on schedule check
[2024-09-27T22:13:49.987+0000] {local_task_job_runner.py:245} INFO - ::endgroup::
[2024-09-27T22:53:11.353+0000] {local_task_job_runner.py:123} INFO - ::group::Pre task execution logs
[2024-09-27T22:53:11.434+0000] {taskinstance.py:2612} INFO - Dependencies all met for dep_context=non-requeueable deps ti=<TaskInstance: scrape_and_save_share_prices_with_company_data.create_company_table scheduled__2023-12-10T00:00:00+00:00 [queued]>
[2024-09-27T22:53:11.474+0000] {taskinstance.py:2612} INFO - Dependencies all met for dep_context=requeueable deps ti=<TaskInstance: scrape_and_save_share_prices_with_company_data.create_company_table scheduled__2023-12-10T00:00:00+00:00 [queued]>
[2024-09-27T22:53:11.475+0000] {taskinstance.py:2865} INFO - Starting attempt 1 of 2
[2024-09-27T22:53:11.564+0000] {taskinstance.py:2888} INFO - Executing <Task(PythonOperator): create_company_table> on 2023-12-10 00:00:00+00:00
[2024-09-27T22:53:11.591+0000] {warnings.py:112} WARNING - /home/***/.local/lib/python3.12/site-packages/***/task/task_runner/standard_task_runner.py:70: DeprecationWarning: This process (pid=1520) is multi-threaded, use of fork() may lead to deadlocks in the child.
  pid = os.fork()

[2024-09-27T22:53:11.604+0000] {standard_task_runner.py:72} INFO - Started process 1542 to run task
[2024-09-27T22:53:11.608+0000] {standard_task_runner.py:104} INFO - Running: ['***', 'tasks', 'run', 'scrape_and_save_share_prices_with_company_data', 'create_company_table', 'scheduled__2023-12-10T00:00:00+00:00', '--job-id', '2891', '--raw', '--subdir', 'DAGS_FOLDER/dag.py', '--cfg-path', '/tmp/tmprokpvvr6']
[2024-09-27T22:53:11.610+0000] {standard_task_runner.py:105} INFO - Job 2891: Subtask create_company_table
[2024-09-27T22:53:11.814+0000] {task_command.py:467} INFO - Running <TaskInstance: scrape_and_save_share_prices_with_company_data.create_company_table scheduled__2023-12-10T00:00:00+00:00 [running]> on host 7746de5121f6
[2024-09-27T22:53:12.217+0000] {taskinstance.py:3131} INFO - Exporting env vars: AIRFLOW_CTX_DAG_OWNER='***' AIRFLOW_CTX_DAG_ID='scrape_and_save_share_prices_with_company_data' AIRFLOW_CTX_TASK_ID='create_company_table' AIRFLOW_CTX_EXECUTION_DATE='2023-12-10T00:00:00+00:00' AIRFLOW_CTX_TRY_NUMBER='1' AIRFLOW_CTX_DAG_RUN_ID='scheduled__2023-12-10T00:00:00+00:00'
[2024-09-27T22:53:12.219+0000] {logging_mixin.py:190} INFO - Task instance is in running state
[2024-09-27T22:53:12.221+0000] {logging_mixin.py:190} INFO -  Previous state of the Task instance: queued
[2024-09-27T22:53:12.222+0000] {logging_mixin.py:190} INFO - Current task name:create_company_table state:running start_date:2024-09-27 22:53:11.435649+00:00
[2024-09-27T22:53:12.241+0000] {logging_mixin.py:190} INFO - Dag name:scrape_and_save_share_prices_with_company_data and current dag run status:running
[2024-09-27T22:53:12.242+0000] {taskinstance.py:731} INFO - ::endgroup::
[2024-09-27T22:53:12.296+0000] {base.py:84} INFO - Retrieving connection 'dse_connection'
[2024-09-27T22:53:12.311+0000] {sql.py:509} INFO - Running statement: 
        CREATE TABLE IF NOT EXISTS company_list (
            company_id SERIAL PRIMARY KEY,
            company_trade_name VARCHAR(255) NOT NULL,
            company_url VARCHAR(255) NOT NULL,
            UNIQUE(company_trade_name)
        );
    , parameters: None
[2024-09-27T22:53:12.331+0000] {python.py:240} INFO - Done. Returned value was: None
[2024-09-27T22:53:12.364+0000] {taskinstance.py:340} INFO - ::group::Post task execution logs
[2024-09-27T22:53:12.366+0000] {taskinstance.py:352} INFO - Marking task as SUCCESS. dag_id=scrape_and_save_share_prices_with_company_data, task_id=create_company_table, run_id=scheduled__2023-12-10T00:00:00+00:00, execution_date=20231210T000000, start_date=20240927T225311, end_date=20240927T225312
[2024-09-27T22:53:12.418+0000] {logging_mixin.py:190} INFO - Task instance in success state
[2024-09-27T22:53:12.420+0000] {logging_mixin.py:190} INFO -  Previous state of the Task instance: running
[2024-09-27T22:53:12.422+0000] {logging_mixin.py:190} INFO - Dag name:scrape_and_save_share_prices_with_company_data queued_at:2024-09-27 22:53:03.548113+00:00
[2024-09-27T22:53:12.423+0000] {logging_mixin.py:190} INFO - Task hostname:7746de5121f6 operator:PythonOperator
[2024-09-27T22:53:12.469+0000] {local_task_job_runner.py:266} INFO - Task exited with return code 0
[2024-09-27T22:53:12.541+0000] {taskinstance.py:3900} INFO - 1 downstream tasks scheduled from follow-on schedule check
[2024-09-27T22:53:12.552+0000] {local_task_job_runner.py:245} INFO - ::endgroup::
