[2024-09-27T18:30:50.376+0000] {local_task_job_runner.py:123} INFO - ::group::Pre task execution logs
[2024-09-27T18:30:50.471+0000] {taskinstance.py:2612} INFO - Dependencies all met for dep_context=non-requeueable deps ti=<TaskInstance: scrape_and_save_share_prices_with_company_data.create_company_table scheduled__2024-01-07T00:00:00+00:00 [queued]>
[2024-09-27T18:30:50.520+0000] {taskinstance.py:2612} INFO - Dependencies all met for dep_context=requeueable deps ti=<TaskInstance: scrape_and_save_share_prices_with_company_data.create_company_table scheduled__2024-01-07T00:00:00+00:00 [queued]>
[2024-09-27T18:30:50.524+0000] {taskinstance.py:2865} INFO - Starting attempt 1 of 2
[2024-09-27T18:30:50.662+0000] {taskinstance.py:2888} INFO - Executing <Task(PythonOperator): create_company_table> on 2024-01-07 00:00:00+00:00
[2024-09-27T18:30:50.684+0000] {warnings.py:112} WARNING - /home/***/.local/lib/python3.12/site-packages/***/task/task_runner/standard_task_runner.py:70: DeprecationWarning: This process (pid=13516) is multi-threaded, use of fork() may lead to deadlocks in the child.
  pid = os.fork()

[2024-09-27T18:30:50.710+0000] {standard_task_runner.py:72} INFO - Started process 13535 to run task
[2024-09-27T18:30:50.695+0000] {standard_task_runner.py:104} INFO - Running: ['***', 'tasks', 'run', 'scrape_and_save_share_prices_with_company_data', 'create_company_table', 'scheduled__2024-01-07T00:00:00+00:00', '--job-id', '1485', '--raw', '--subdir', 'DAGS_FOLDER/dag.py', '--cfg-path', '/tmp/tmpnhlz15ob']
[2024-09-27T18:30:50.716+0000] {standard_task_runner.py:105} INFO - Job 1485: Subtask create_company_table
[2024-09-27T18:30:51.103+0000] {task_command.py:467} INFO - Running <TaskInstance: scrape_and_save_share_prices_with_company_data.create_company_table scheduled__2024-01-07T00:00:00+00:00 [running]> on host 13b5797a93ab
[2024-09-27T18:30:51.538+0000] {taskinstance.py:3131} INFO - Exporting env vars: AIRFLOW_CTX_DAG_OWNER='***' AIRFLOW_CTX_DAG_ID='scrape_and_save_share_prices_with_company_data' AIRFLOW_CTX_TASK_ID='create_company_table' AIRFLOW_CTX_EXECUTION_DATE='2024-01-07T00:00:00+00:00' AIRFLOW_CTX_TRY_NUMBER='1' AIRFLOW_CTX_DAG_RUN_ID='scheduled__2024-01-07T00:00:00+00:00'
[2024-09-27T18:30:51.546+0000] {logging_mixin.py:190} INFO - Task instance is in running state
[2024-09-27T18:30:51.551+0000] {logging_mixin.py:190} INFO -  Previous state of the Task instance: queued
[2024-09-27T18:30:51.553+0000] {logging_mixin.py:190} INFO - Current task name:create_company_table state:running start_date:2024-09-27 18:30:50.474375+00:00
[2024-09-27T18:30:51.556+0000] {logging_mixin.py:190} INFO - Dag name:scrape_and_save_share_prices_with_company_data and current dag run status:running
[2024-09-27T18:30:51.570+0000] {taskinstance.py:731} INFO - ::endgroup::
[2024-09-27T18:30:51.626+0000] {base.py:84} INFO - Retrieving connection 'dse_connection'
[2024-09-27T18:30:51.641+0000] {sql.py:509} INFO - Running statement: 
        CREATE TABLE IF NOT EXISTS company_list (
            company_id SERIAL PRIMARY KEY,
            company_trade_name VARCHAR(255) NOT NULL,
            company_url VARCHAR(255) NOT NULL,
            UNIQUE(company_trade_name)
        );
    , parameters: None
[2024-09-27T18:30:51.667+0000] {python.py:240} INFO - Done. Returned value was: None
[2024-09-27T18:30:51.745+0000] {taskinstance.py:340} INFO - ::group::Post task execution logs
[2024-09-27T18:30:51.753+0000] {taskinstance.py:352} INFO - Marking task as SUCCESS. dag_id=scrape_and_save_share_prices_with_company_data, task_id=create_company_table, run_id=scheduled__2024-01-07T00:00:00+00:00, execution_date=20240107T000000, start_date=20240927T183050, end_date=20240927T183051
[2024-09-27T18:30:51.805+0000] {logging_mixin.py:190} INFO - Task instance in success state
[2024-09-27T18:30:51.815+0000] {logging_mixin.py:190} INFO -  Previous state of the Task instance: running
[2024-09-27T18:30:51.817+0000] {logging_mixin.py:190} INFO - Dag name:scrape_and_save_share_prices_with_company_data queued_at:2024-09-27 18:30:41.309093+00:00
[2024-09-27T18:30:51.830+0000] {logging_mixin.py:190} INFO - Task hostname:13b5797a93ab operator:PythonOperator
[2024-09-27T18:30:51.900+0000] {local_task_job_runner.py:266} INFO - Task exited with return code 0
[2024-09-27T18:30:52.086+0000] {taskinstance.py:3900} INFO - 1 downstream tasks scheduled from follow-on schedule check
[2024-09-27T18:30:52.095+0000] {local_task_job_runner.py:245} INFO - ::endgroup::
[2024-09-27T22:21:25.226+0000] {local_task_job_runner.py:123} INFO - ::group::Pre task execution logs
[2024-09-27T22:21:25.272+0000] {taskinstance.py:2612} INFO - Dependencies all met for dep_context=non-requeueable deps ti=<TaskInstance: scrape_and_save_share_prices_with_company_data.create_company_table scheduled__2024-01-07T00:00:00+00:00 [queued]>
[2024-09-27T22:21:25.299+0000] {taskinstance.py:2612} INFO - Dependencies all met for dep_context=requeueable deps ti=<TaskInstance: scrape_and_save_share_prices_with_company_data.create_company_table scheduled__2024-01-07T00:00:00+00:00 [queued]>
[2024-09-27T22:21:25.331+0000] {taskinstance.py:2865} INFO - Starting attempt 1 of 2
[2024-09-27T22:21:25.398+0000] {taskinstance.py:2888} INFO - Executing <Task(PythonOperator): create_company_table> on 2024-01-07 00:00:00+00:00
[2024-09-27T22:21:25.412+0000] {warnings.py:112} WARNING - /home/***/.local/lib/python3.12/site-packages/***/task/task_runner/standard_task_runner.py:70: DeprecationWarning: This process (pid=2375) is multi-threaded, use of fork() may lead to deadlocks in the child.
  pid = os.fork()

[2024-09-27T22:21:25.427+0000] {standard_task_runner.py:72} INFO - Started process 2401 to run task
[2024-09-27T22:21:25.466+0000] {standard_task_runner.py:104} INFO - Running: ['***', 'tasks', 'run', 'scrape_and_save_share_prices_with_company_data', 'create_company_table', 'scheduled__2024-01-07T00:00:00+00:00', '--job-id', '2555', '--raw', '--subdir', 'DAGS_FOLDER/dag.py', '--cfg-path', '/tmp/tmp8lqg8s_l']
[2024-09-27T22:21:25.469+0000] {standard_task_runner.py:105} INFO - Job 2555: Subtask create_company_table
[2024-09-27T22:21:25.765+0000] {task_command.py:467} INFO - Running <TaskInstance: scrape_and_save_share_prices_with_company_data.create_company_table scheduled__2024-01-07T00:00:00+00:00 [running]> on host fd62fe12432d
[2024-09-27T22:21:26.196+0000] {taskinstance.py:3131} INFO - Exporting env vars: AIRFLOW_CTX_DAG_OWNER='***' AIRFLOW_CTX_DAG_ID='scrape_and_save_share_prices_with_company_data' AIRFLOW_CTX_TASK_ID='create_company_table' AIRFLOW_CTX_EXECUTION_DATE='2024-01-07T00:00:00+00:00' AIRFLOW_CTX_TRY_NUMBER='1' AIRFLOW_CTX_DAG_RUN_ID='scheduled__2024-01-07T00:00:00+00:00'
[2024-09-27T22:21:26.210+0000] {logging_mixin.py:190} INFO - Task instance is in running state
[2024-09-27T22:21:26.221+0000] {logging_mixin.py:190} INFO -  Previous state of the Task instance: queued
[2024-09-27T22:21:26.224+0000] {logging_mixin.py:190} INFO - Current task name:create_company_table state:running start_date:2024-09-27 22:21:25.273934+00:00
[2024-09-27T22:21:26.228+0000] {logging_mixin.py:190} INFO - Dag name:scrape_and_save_share_prices_with_company_data and current dag run status:running
[2024-09-27T22:21:26.234+0000] {taskinstance.py:731} INFO - ::endgroup::
[2024-09-27T22:21:26.282+0000] {base.py:84} INFO - Retrieving connection 'dse_connection'
[2024-09-27T22:21:26.290+0000] {sql.py:509} INFO - Running statement: 
        CREATE TABLE IF NOT EXISTS company_list (
            company_id SERIAL PRIMARY KEY,
            company_trade_name VARCHAR(255) NOT NULL,
            company_url VARCHAR(255) NOT NULL,
            UNIQUE(company_trade_name)
        );
    , parameters: None
[2024-09-27T22:21:26.293+0000] {python.py:240} INFO - Done. Returned value was: None
[2024-09-27T22:21:26.346+0000] {taskinstance.py:340} INFO - ::group::Post task execution logs
[2024-09-27T22:21:26.348+0000] {taskinstance.py:352} INFO - Marking task as SUCCESS. dag_id=scrape_and_save_share_prices_with_company_data, task_id=create_company_table, run_id=scheduled__2024-01-07T00:00:00+00:00, execution_date=20240107T000000, start_date=20240927T222125, end_date=20240927T222126
[2024-09-27T22:21:26.379+0000] {logging_mixin.py:190} INFO - Task instance in success state
[2024-09-27T22:21:26.381+0000] {logging_mixin.py:190} INFO -  Previous state of the Task instance: running
[2024-09-27T22:21:26.382+0000] {logging_mixin.py:190} INFO - Dag name:scrape_and_save_share_prices_with_company_data queued_at:2024-09-27 22:21:15.054605+00:00
[2024-09-27T22:21:26.384+0000] {logging_mixin.py:190} INFO - Task hostname:fd62fe12432d operator:PythonOperator
[2024-09-27T22:21:26.424+0000] {local_task_job_runner.py:266} INFO - Task exited with return code 0
[2024-09-27T22:21:26.601+0000] {taskinstance.py:3900} INFO - 1 downstream tasks scheduled from follow-on schedule check
[2024-09-27T22:21:26.607+0000] {local_task_job_runner.py:245} INFO - ::endgroup::
[2024-09-27T22:58:09.408+0000] {local_task_job_runner.py:123} INFO - ::group::Pre task execution logs
[2024-09-27T22:58:09.500+0000] {taskinstance.py:2612} INFO - Dependencies all met for dep_context=non-requeueable deps ti=<TaskInstance: scrape_and_save_share_prices_with_company_data.create_company_table scheduled__2024-01-07T00:00:00+00:00 [queued]>
[2024-09-27T22:58:09.529+0000] {taskinstance.py:2612} INFO - Dependencies all met for dep_context=requeueable deps ti=<TaskInstance: scrape_and_save_share_prices_with_company_data.create_company_table scheduled__2024-01-07T00:00:00+00:00 [queued]>
[2024-09-27T22:58:09.533+0000] {taskinstance.py:2865} INFO - Starting attempt 1 of 2
[2024-09-27T22:58:09.579+0000] {taskinstance.py:2888} INFO - Executing <Task(PythonOperator): create_company_table> on 2024-01-07 00:00:00+00:00
[2024-09-27T22:58:09.608+0000] {warnings.py:112} WARNING - /home/***/.local/lib/python3.12/site-packages/***/task/task_runner/standard_task_runner.py:70: DeprecationWarning: This process (pid=2019) is multi-threaded, use of fork() may lead to deadlocks in the child.
  pid = os.fork()

[2024-09-27T22:58:09.613+0000] {standard_task_runner.py:72} INFO - Started process 2026 to run task
[2024-09-27T22:58:09.636+0000] {standard_task_runner.py:104} INFO - Running: ['***', 'tasks', 'run', 'scrape_and_save_share_prices_with_company_data', 'create_company_table', 'scheduled__2024-01-07T00:00:00+00:00', '--job-id', '3000', '--raw', '--subdir', 'DAGS_FOLDER/dag.py', '--cfg-path', '/tmp/tmps6iqdgyo']
[2024-09-27T22:58:09.647+0000] {standard_task_runner.py:105} INFO - Job 3000: Subtask create_company_table
[2024-09-27T22:58:09.978+0000] {task_command.py:467} INFO - Running <TaskInstance: scrape_and_save_share_prices_with_company_data.create_company_table scheduled__2024-01-07T00:00:00+00:00 [running]> on host 7746de5121f6
[2024-09-27T22:58:10.718+0000] {taskinstance.py:3131} INFO - Exporting env vars: AIRFLOW_CTX_DAG_OWNER='***' AIRFLOW_CTX_DAG_ID='scrape_and_save_share_prices_with_company_data' AIRFLOW_CTX_TASK_ID='create_company_table' AIRFLOW_CTX_EXECUTION_DATE='2024-01-07T00:00:00+00:00' AIRFLOW_CTX_TRY_NUMBER='1' AIRFLOW_CTX_DAG_RUN_ID='scheduled__2024-01-07T00:00:00+00:00'
[2024-09-27T22:58:10.724+0000] {logging_mixin.py:190} INFO - Task instance is in running state
[2024-09-27T22:58:10.725+0000] {logging_mixin.py:190} INFO -  Previous state of the Task instance: queued
[2024-09-27T22:58:10.726+0000] {logging_mixin.py:190} INFO - Current task name:create_company_table state:running start_date:2024-09-27 22:58:09.501881+00:00
[2024-09-27T22:58:10.729+0000] {logging_mixin.py:190} INFO - Dag name:scrape_and_save_share_prices_with_company_data and current dag run status:running
[2024-09-27T22:58:10.730+0000] {taskinstance.py:731} INFO - ::endgroup::
[2024-09-27T22:58:10.786+0000] {base.py:84} INFO - Retrieving connection 'dse_connection'
[2024-09-27T22:58:10.814+0000] {sql.py:509} INFO - Running statement: 
        CREATE TABLE IF NOT EXISTS company_list (
            company_id SERIAL PRIMARY KEY,
            company_trade_name VARCHAR(255) NOT NULL,
            company_url VARCHAR(255) NOT NULL,
            UNIQUE(company_trade_name)
        );
    , parameters: None
[2024-09-27T22:58:10.851+0000] {python.py:240} INFO - Done. Returned value was: None
[2024-09-27T22:58:10.936+0000] {taskinstance.py:340} INFO - ::group::Post task execution logs
[2024-09-27T22:58:10.952+0000] {taskinstance.py:352} INFO - Marking task as SUCCESS. dag_id=scrape_and_save_share_prices_with_company_data, task_id=create_company_table, run_id=scheduled__2024-01-07T00:00:00+00:00, execution_date=20240107T000000, start_date=20240927T225809, end_date=20240927T225810
[2024-09-27T22:58:11.002+0000] {logging_mixin.py:190} INFO - Task instance in success state
[2024-09-27T22:58:11.004+0000] {logging_mixin.py:190} INFO -  Previous state of the Task instance: running
[2024-09-27T22:58:11.005+0000] {logging_mixin.py:190} INFO - Dag name:scrape_and_save_share_prices_with_company_data queued_at:2024-09-27 22:57:59.932025+00:00
[2024-09-27T22:58:11.006+0000] {logging_mixin.py:190} INFO - Task hostname:7746de5121f6 operator:PythonOperator
[2024-09-27T22:58:11.067+0000] {local_task_job_runner.py:266} INFO - Task exited with return code 0
[2024-09-27T22:58:11.178+0000] {taskinstance.py:3900} INFO - 1 downstream tasks scheduled from follow-on schedule check
[2024-09-27T22:58:11.194+0000] {local_task_job_runner.py:245} INFO - ::endgroup::
