[2024-09-27T18:40:37.524+0000] {local_task_job_runner.py:123} INFO - ::group::Pre task execution logs
[2024-09-27T18:40:37.677+0000] {taskinstance.py:2612} INFO - Dependencies all met for dep_context=non-requeueable deps ti=<TaskInstance: scrape_and_save_share_prices_with_company_data.create_company_table scheduled__2024-02-18T00:00:00+00:00 [queued]>
[2024-09-27T18:40:37.765+0000] {taskinstance.py:2612} INFO - Dependencies all met for dep_context=requeueable deps ti=<TaskInstance: scrape_and_save_share_prices_with_company_data.create_company_table scheduled__2024-02-18T00:00:00+00:00 [queued]>
[2024-09-27T18:40:37.780+0000] {taskinstance.py:2865} INFO - Starting attempt 1 of 2
[2024-09-27T18:40:37.894+0000] {taskinstance.py:2888} INFO - Executing <Task(PythonOperator): create_company_table> on 2024-02-18 00:00:00+00:00
[2024-09-27T18:40:37.974+0000] {warnings.py:112} WARNING - /home/***/.local/lib/python3.12/site-packages/***/task/task_runner/standard_task_runner.py:70: DeprecationWarning: This process (pid=14275) is multi-threaded, use of fork() may lead to deadlocks in the child.
  pid = os.fork()

[2024-09-27T18:40:37.982+0000] {standard_task_runner.py:72} INFO - Started process 14293 to run task
[2024-09-27T18:40:37.981+0000] {standard_task_runner.py:104} INFO - Running: ['***', 'tasks', 'run', 'scrape_and_save_share_prices_with_company_data', 'create_company_table', 'scheduled__2024-02-18T00:00:00+00:00', '--job-id', '1651', '--raw', '--subdir', 'DAGS_FOLDER/dag.py', '--cfg-path', '/tmp/tmpuvwz66b2']
[2024-09-27T18:40:38.012+0000] {standard_task_runner.py:105} INFO - Job 1651: Subtask create_company_table
[2024-09-27T18:40:38.719+0000] {task_command.py:467} INFO - Running <TaskInstance: scrape_and_save_share_prices_with_company_data.create_company_table scheduled__2024-02-18T00:00:00+00:00 [running]> on host 13b5797a93ab
[2024-09-27T18:40:39.241+0000] {taskinstance.py:3131} INFO - Exporting env vars: AIRFLOW_CTX_DAG_OWNER='***' AIRFLOW_CTX_DAG_ID='scrape_and_save_share_prices_with_company_data' AIRFLOW_CTX_TASK_ID='create_company_table' AIRFLOW_CTX_EXECUTION_DATE='2024-02-18T00:00:00+00:00' AIRFLOW_CTX_TRY_NUMBER='1' AIRFLOW_CTX_DAG_RUN_ID='scheduled__2024-02-18T00:00:00+00:00'
[2024-09-27T18:40:39.252+0000] {logging_mixin.py:190} INFO - Task instance is in running state
[2024-09-27T18:40:39.258+0000] {logging_mixin.py:190} INFO -  Previous state of the Task instance: queued
[2024-09-27T18:40:39.260+0000] {logging_mixin.py:190} INFO - Current task name:create_company_table state:running start_date:2024-09-27 18:40:37.690468+00:00
[2024-09-27T18:40:39.263+0000] {logging_mixin.py:190} INFO - Dag name:scrape_and_save_share_prices_with_company_data and current dag run status:running
[2024-09-27T18:40:39.265+0000] {taskinstance.py:731} INFO - ::endgroup::
[2024-09-27T18:40:39.318+0000] {base.py:84} INFO - Retrieving connection 'dse_connection'
[2024-09-27T18:40:39.359+0000] {sql.py:509} INFO - Running statement: 
        CREATE TABLE IF NOT EXISTS company_list (
            company_id SERIAL PRIMARY KEY,
            company_trade_name VARCHAR(255) NOT NULL,
            company_url VARCHAR(255) NOT NULL,
            UNIQUE(company_trade_name)
        );
    , parameters: None
[2024-09-27T18:40:39.400+0000] {python.py:240} INFO - Done. Returned value was: None
[2024-09-27T18:40:39.475+0000] {taskinstance.py:340} INFO - ::group::Post task execution logs
[2024-09-27T18:40:39.486+0000] {taskinstance.py:352} INFO - Marking task as SUCCESS. dag_id=scrape_and_save_share_prices_with_company_data, task_id=create_company_table, run_id=scheduled__2024-02-18T00:00:00+00:00, execution_date=20240218T000000, start_date=20240927T184037, end_date=20240927T184039
[2024-09-27T18:40:39.541+0000] {logging_mixin.py:190} INFO - Task instance in success state
[2024-09-27T18:40:39.570+0000] {logging_mixin.py:190} INFO -  Previous state of the Task instance: running
[2024-09-27T18:40:39.580+0000] {logging_mixin.py:190} INFO - Dag name:scrape_and_save_share_prices_with_company_data queued_at:2024-09-27 18:40:29.530686+00:00
[2024-09-27T18:40:39.582+0000] {logging_mixin.py:190} INFO - Task hostname:13b5797a93ab operator:PythonOperator
[2024-09-27T18:40:39.653+0000] {local_task_job_runner.py:266} INFO - Task exited with return code 0
[2024-09-27T18:40:39.701+0000] {local_task_job_runner.py:245} INFO - ::endgroup::
[2024-09-27T23:05:35.137+0000] {local_task_job_runner.py:123} INFO - ::group::Pre task execution logs
[2024-09-27T23:05:35.197+0000] {taskinstance.py:2612} INFO - Dependencies all met for dep_context=non-requeueable deps ti=<TaskInstance: scrape_and_save_share_prices_with_company_data.create_company_table scheduled__2024-02-18T00:00:00+00:00 [queued]>
[2024-09-27T23:05:35.227+0000] {taskinstance.py:2612} INFO - Dependencies all met for dep_context=requeueable deps ti=<TaskInstance: scrape_and_save_share_prices_with_company_data.create_company_table scheduled__2024-02-18T00:00:00+00:00 [queued]>
[2024-09-27T23:05:35.228+0000] {taskinstance.py:2865} INFO - Starting attempt 1 of 2
[2024-09-27T23:05:35.262+0000] {taskinstance.py:2888} INFO - Executing <Task(PythonOperator): create_company_table> on 2024-02-18 00:00:00+00:00
[2024-09-27T23:05:35.282+0000] {warnings.py:112} WARNING - /home/***/.local/lib/python3.12/site-packages/***/task/task_runner/standard_task_runner.py:70: DeprecationWarning: This process (pid=2775) is multi-threaded, use of fork() may lead to deadlocks in the child.
  pid = os.fork()

[2024-09-27T23:05:35.297+0000] {standard_task_runner.py:72} INFO - Started process 2795 to run task
[2024-09-27T23:05:35.288+0000] {standard_task_runner.py:104} INFO - Running: ['***', 'tasks', 'run', 'scrape_and_save_share_prices_with_company_data', 'create_company_table', 'scheduled__2024-02-18T00:00:00+00:00', '--job-id', '3174', '--raw', '--subdir', 'DAGS_FOLDER/dag.py', '--cfg-path', '/tmp/tmp45412kmo']
[2024-09-27T23:05:35.314+0000] {standard_task_runner.py:105} INFO - Job 3174: Subtask create_company_table
[2024-09-27T23:05:35.487+0000] {task_command.py:467} INFO - Running <TaskInstance: scrape_and_save_share_prices_with_company_data.create_company_table scheduled__2024-02-18T00:00:00+00:00 [running]> on host 7746de5121f6
[2024-09-27T23:05:35.786+0000] {taskinstance.py:3131} INFO - Exporting env vars: AIRFLOW_CTX_DAG_OWNER='***' AIRFLOW_CTX_DAG_ID='scrape_and_save_share_prices_with_company_data' AIRFLOW_CTX_TASK_ID='create_company_table' AIRFLOW_CTX_EXECUTION_DATE='2024-02-18T00:00:00+00:00' AIRFLOW_CTX_TRY_NUMBER='1' AIRFLOW_CTX_DAG_RUN_ID='scheduled__2024-02-18T00:00:00+00:00'
[2024-09-27T23:05:35.792+0000] {logging_mixin.py:190} INFO - Task instance is in running state
[2024-09-27T23:05:35.793+0000] {logging_mixin.py:190} INFO -  Previous state of the Task instance: queued
[2024-09-27T23:05:35.794+0000] {logging_mixin.py:190} INFO - Current task name:create_company_table state:running start_date:2024-09-27 23:05:35.205758+00:00
[2024-09-27T23:05:35.796+0000] {logging_mixin.py:190} INFO - Dag name:scrape_and_save_share_prices_with_company_data and current dag run status:running
[2024-09-27T23:05:35.797+0000] {taskinstance.py:731} INFO - ::endgroup::
[2024-09-27T23:05:35.841+0000] {base.py:84} INFO - Retrieving connection 'dse_connection'
[2024-09-27T23:05:35.853+0000] {sql.py:509} INFO - Running statement: 
        CREATE TABLE IF NOT EXISTS company_list (
            company_id SERIAL PRIMARY KEY,
            company_trade_name VARCHAR(255) NOT NULL,
            company_url VARCHAR(255) NOT NULL,
            UNIQUE(company_trade_name)
        );
    , parameters: None
[2024-09-27T23:05:35.858+0000] {python.py:240} INFO - Done. Returned value was: None
[2024-09-27T23:05:35.905+0000] {taskinstance.py:340} INFO - ::group::Post task execution logs
[2024-09-27T23:05:35.907+0000] {taskinstance.py:352} INFO - Marking task as SUCCESS. dag_id=scrape_and_save_share_prices_with_company_data, task_id=create_company_table, run_id=scheduled__2024-02-18T00:00:00+00:00, execution_date=20240218T000000, start_date=20240927T230535, end_date=20240927T230535
[2024-09-27T23:05:35.944+0000] {logging_mixin.py:190} INFO - Task instance in success state
[2024-09-27T23:05:35.949+0000] {logging_mixin.py:190} INFO -  Previous state of the Task instance: running
[2024-09-27T23:05:35.957+0000] {logging_mixin.py:190} INFO - Dag name:scrape_and_save_share_prices_with_company_data queued_at:2024-09-27 23:05:28.767277+00:00
[2024-09-27T23:05:35.958+0000] {logging_mixin.py:190} INFO - Task hostname:7746de5121f6 operator:PythonOperator
[2024-09-27T23:05:35.984+0000] {local_task_job_runner.py:266} INFO - Task exited with return code 0
[2024-09-27T23:05:36.009+0000] {local_task_job_runner.py:245} INFO - ::endgroup::
