[2024-09-27T18:31:51.301+0000] {local_task_job_runner.py:123} INFO - ::group::Pre task execution logs
[2024-09-27T18:31:51.512+0000] {taskinstance.py:2612} INFO - Dependencies all met for dep_context=non-requeueable deps ti=<TaskInstance: scrape_and_save_share_prices_with_company_data.create_share_prices_table scheduled__2024-01-03T00:00:00+00:00 [queued]>
[2024-09-27T18:31:51.542+0000] {taskinstance.py:2612} INFO - Dependencies all met for dep_context=requeueable deps ti=<TaskInstance: scrape_and_save_share_prices_with_company_data.create_share_prices_table scheduled__2024-01-03T00:00:00+00:00 [queued]>
[2024-09-27T18:31:51.544+0000] {taskinstance.py:2865} INFO - Starting attempt 1 of 2
[2024-09-27T18:31:51.594+0000] {taskinstance.py:2888} INFO - Executing <Task(PythonOperator): create_share_prices_table> on 2024-01-03 00:00:00+00:00
[2024-09-27T18:31:51.646+0000] {warnings.py:112} WARNING - /home/***/.local/lib/python3.12/site-packages/***/task/task_runner/standard_task_runner.py:70: DeprecationWarning: This process (pid=13591) is multi-threaded, use of fork() may lead to deadlocks in the child.
  pid = os.fork()

[2024-09-27T18:31:51.672+0000] {standard_task_runner.py:72} INFO - Started process 13615 to run task
[2024-09-27T18:31:51.657+0000] {standard_task_runner.py:104} INFO - Running: ['***', 'tasks', 'run', 'scrape_and_save_share_prices_with_company_data', 'create_share_prices_table', 'scheduled__2024-01-03T00:00:00+00:00', '--job-id', '1500', '--raw', '--subdir', 'DAGS_FOLDER/dag.py', '--cfg-path', '/tmp/tmpvyvrk00j']
[2024-09-27T18:31:51.718+0000] {standard_task_runner.py:105} INFO - Job 1500: Subtask create_share_prices_table
[2024-09-27T18:31:51.942+0000] {task_command.py:467} INFO - Running <TaskInstance: scrape_and_save_share_prices_with_company_data.create_share_prices_table scheduled__2024-01-03T00:00:00+00:00 [running]> on host 13b5797a93ab
[2024-09-27T18:31:52.405+0000] {taskinstance.py:3131} INFO - Exporting env vars: AIRFLOW_CTX_DAG_OWNER='***' AIRFLOW_CTX_DAG_ID='scrape_and_save_share_prices_with_company_data' AIRFLOW_CTX_TASK_ID='create_share_prices_table' AIRFLOW_CTX_EXECUTION_DATE='2024-01-03T00:00:00+00:00' AIRFLOW_CTX_TRY_NUMBER='1' AIRFLOW_CTX_DAG_RUN_ID='scheduled__2024-01-03T00:00:00+00:00'
[2024-09-27T18:31:52.420+0000] {logging_mixin.py:190} INFO - Task instance is in running state
[2024-09-27T18:31:52.421+0000] {logging_mixin.py:190} INFO -  Previous state of the Task instance: queued
[2024-09-27T18:31:52.424+0000] {logging_mixin.py:190} INFO - Current task name:create_share_prices_table state:running start_date:2024-09-27 18:31:51.516698+00:00
[2024-09-27T18:31:52.427+0000] {logging_mixin.py:190} INFO - Dag name:scrape_and_save_share_prices_with_company_data and current dag run status:running
[2024-09-27T18:31:52.439+0000] {taskinstance.py:731} INFO - ::endgroup::
[2024-09-27T18:31:52.515+0000] {base.py:84} INFO - Retrieving connection 'dse_connection'
[2024-09-27T18:31:52.554+0000] {sql.py:509} INFO - Running statement: 
        CREATE TABLE IF NOT EXISTS company_share_prices (
            id SERIAL,
            company_id INTEGER NOT NULL,
            date DATE,
            latest_trading_price VARCHAR(50),
            low_price VARCHAR(50),
            high_price VARCHAR(50),
            closing_price VARCHAR(50),
            ycp VARCHAR(50),
            change VARCHAR(10),
            trade VARCHAR(50),
            value VARCHAR(50),
            volume VARCHAR(50),
            PRIMARY KEY(company_id, id),
            FOREIGN KEY(company_id)
                REFERENCES company_list(company_id)
                ON UPDATE CASCADE ON DELETE CASCADE
        );
    , parameters: None
[2024-09-27T18:31:52.574+0000] {python.py:240} INFO - Done. Returned value was: None
[2024-09-27T18:31:52.675+0000] {taskinstance.py:340} INFO - ::group::Post task execution logs
[2024-09-27T18:31:52.689+0000] {taskinstance.py:352} INFO - Marking task as SUCCESS. dag_id=scrape_and_save_share_prices_with_company_data, task_id=create_share_prices_table, run_id=scheduled__2024-01-03T00:00:00+00:00, execution_date=20240103T000000, start_date=20240927T183151, end_date=20240927T183152
[2024-09-27T18:31:52.740+0000] {logging_mixin.py:190} INFO - Task instance in success state
[2024-09-27T18:31:52.742+0000] {logging_mixin.py:190} INFO -  Previous state of the Task instance: running
[2024-09-27T18:31:52.745+0000] {logging_mixin.py:190} INFO - Dag name:scrape_and_save_share_prices_with_company_data queued_at:2024-09-27 18:30:37.950881+00:00
[2024-09-27T18:31:52.746+0000] {logging_mixin.py:190} INFO - Task hostname:13b5797a93ab operator:PythonOperator
[2024-09-27T18:31:52.805+0000] {local_task_job_runner.py:266} INFO - Task exited with return code 0
[2024-09-27T18:31:53.093+0000] {taskinstance.py:3900} INFO - 1 downstream tasks scheduled from follow-on schedule check
[2024-09-27T18:31:53.139+0000] {local_task_job_runner.py:245} INFO - ::endgroup::
[2024-09-27T22:21:11.001+0000] {local_task_job_runner.py:123} INFO - ::group::Pre task execution logs
[2024-09-27T22:21:11.080+0000] {taskinstance.py:2612} INFO - Dependencies all met for dep_context=non-requeueable deps ti=<TaskInstance: scrape_and_save_share_prices_with_company_data.create_share_prices_table scheduled__2024-01-03T00:00:00+00:00 [queued]>
[2024-09-27T22:21:11.129+0000] {taskinstance.py:2612} INFO - Dependencies all met for dep_context=requeueable deps ti=<TaskInstance: scrape_and_save_share_prices_with_company_data.create_share_prices_table scheduled__2024-01-03T00:00:00+00:00 [queued]>
[2024-09-27T22:21:11.133+0000] {taskinstance.py:2865} INFO - Starting attempt 1 of 2
[2024-09-27T22:21:11.197+0000] {taskinstance.py:2888} INFO - Executing <Task(PythonOperator): create_share_prices_table> on 2024-01-03 00:00:00+00:00
[2024-09-27T22:21:11.224+0000] {warnings.py:112} WARNING - /home/***/.local/lib/python3.12/site-packages/***/task/task_runner/standard_task_runner.py:70: DeprecationWarning: This process (pid=2320) is multi-threaded, use of fork() may lead to deadlocks in the child.
  pid = os.fork()

[2024-09-27T22:21:11.233+0000] {standard_task_runner.py:72} INFO - Started process 2346 to run task
[2024-09-27T22:21:11.239+0000] {standard_task_runner.py:104} INFO - Running: ['***', 'tasks', 'run', 'scrape_and_save_share_prices_with_company_data', 'create_share_prices_table', 'scheduled__2024-01-03T00:00:00+00:00', '--job-id', '2539', '--raw', '--subdir', 'DAGS_FOLDER/dag.py', '--cfg-path', '/tmp/tmpuvqjddj5']
[2024-09-27T22:21:11.245+0000] {standard_task_runner.py:105} INFO - Job 2539: Subtask create_share_prices_table
[2024-09-27T22:21:11.432+0000] {task_command.py:467} INFO - Running <TaskInstance: scrape_and_save_share_prices_with_company_data.create_share_prices_table scheduled__2024-01-03T00:00:00+00:00 [running]> on host fd62fe12432d
[2024-09-27T22:21:11.836+0000] {taskinstance.py:3131} INFO - Exporting env vars: AIRFLOW_CTX_DAG_OWNER='***' AIRFLOW_CTX_DAG_ID='scrape_and_save_share_prices_with_company_data' AIRFLOW_CTX_TASK_ID='create_share_prices_table' AIRFLOW_CTX_EXECUTION_DATE='2024-01-03T00:00:00+00:00' AIRFLOW_CTX_TRY_NUMBER='1' AIRFLOW_CTX_DAG_RUN_ID='scheduled__2024-01-03T00:00:00+00:00'
[2024-09-27T22:21:11.857+0000] {logging_mixin.py:190} INFO - Task instance is in running state
[2024-09-27T22:21:11.866+0000] {logging_mixin.py:190} INFO -  Previous state of the Task instance: queued
[2024-09-27T22:21:11.869+0000] {logging_mixin.py:190} INFO - Current task name:create_share_prices_table state:running start_date:2024-09-27 22:21:11.081741+00:00
[2024-09-27T22:21:11.870+0000] {logging_mixin.py:190} INFO - Dag name:scrape_and_save_share_prices_with_company_data and current dag run status:running
[2024-09-27T22:21:11.871+0000] {taskinstance.py:731} INFO - ::endgroup::
[2024-09-27T22:21:11.966+0000] {base.py:84} INFO - Retrieving connection 'dse_connection'
[2024-09-27T22:21:12.033+0000] {sql.py:509} INFO - Running statement: 
        CREATE TABLE IF NOT EXISTS company_share_prices (
            id SERIAL,
            company_id INTEGER NOT NULL,
            date DATE,
            latest_trading_price VARCHAR(50),
            low_price VARCHAR(50),
            high_price VARCHAR(50),
            closing_price VARCHAR(50),
            ycp VARCHAR(50),
            change VARCHAR(10),
            trade VARCHAR(50),
            value VARCHAR(50),
            volume VARCHAR(50),
            PRIMARY KEY(company_id, id),
            FOREIGN KEY(company_id)
                REFERENCES company_list(company_id)
                ON UPDATE CASCADE ON DELETE CASCADE
        );
    , parameters: None
[2024-09-27T22:21:12.046+0000] {python.py:240} INFO - Done. Returned value was: None
[2024-09-27T22:21:12.105+0000] {taskinstance.py:340} INFO - ::group::Post task execution logs
[2024-09-27T22:21:12.112+0000] {taskinstance.py:352} INFO - Marking task as SUCCESS. dag_id=scrape_and_save_share_prices_with_company_data, task_id=create_share_prices_table, run_id=scheduled__2024-01-03T00:00:00+00:00, execution_date=20240103T000000, start_date=20240927T222111, end_date=20240927T222112
[2024-09-27T22:21:12.170+0000] {logging_mixin.py:190} INFO - Task instance in success state
[2024-09-27T22:21:12.176+0000] {logging_mixin.py:190} INFO -  Previous state of the Task instance: running
[2024-09-27T22:21:12.177+0000] {logging_mixin.py:190} INFO - Dag name:scrape_and_save_share_prices_with_company_data queued_at:2024-09-27 22:19:21.195525+00:00
[2024-09-27T22:21:12.180+0000] {logging_mixin.py:190} INFO - Task hostname:fd62fe12432d operator:PythonOperator
[2024-09-27T22:21:12.328+0000] {local_task_job_runner.py:266} INFO - Task exited with return code 0
[2024-09-27T22:21:12.404+0000] {taskinstance.py:3900} INFO - 1 downstream tasks scheduled from follow-on schedule check
[2024-09-27T22:21:12.419+0000] {local_task_job_runner.py:245} INFO - ::endgroup::
[2024-09-27T22:58:23.176+0000] {local_task_job_runner.py:123} INFO - ::group::Pre task execution logs
[2024-09-27T22:58:23.286+0000] {taskinstance.py:2612} INFO - Dependencies all met for dep_context=non-requeueable deps ti=<TaskInstance: scrape_and_save_share_prices_with_company_data.create_share_prices_table scheduled__2024-01-03T00:00:00+00:00 [queued]>
[2024-09-27T22:58:23.378+0000] {taskinstance.py:2612} INFO - Dependencies all met for dep_context=requeueable deps ti=<TaskInstance: scrape_and_save_share_prices_with_company_data.create_share_prices_table scheduled__2024-01-03T00:00:00+00:00 [queued]>
[2024-09-27T22:58:23.381+0000] {taskinstance.py:2865} INFO - Starting attempt 1 of 2
[2024-09-27T22:58:23.548+0000] {taskinstance.py:2888} INFO - Executing <Task(PythonOperator): create_share_prices_table> on 2024-01-03 00:00:00+00:00
[2024-09-27T22:58:23.730+0000] {warnings.py:112} WARNING - /home/***/.local/lib/python3.12/site-packages/***/task/task_runner/standard_task_runner.py:70: DeprecationWarning: This process (pid=2038) is multi-threaded, use of fork() may lead to deadlocks in the child.
  pid = os.fork()

[2024-09-27T22:58:23.764+0000] {standard_task_runner.py:72} INFO - Started process 2066 to run task
[2024-09-27T22:58:23.770+0000] {standard_task_runner.py:104} INFO - Running: ['***', 'tasks', 'run', 'scrape_and_save_share_prices_with_company_data', 'create_share_prices_table', 'scheduled__2024-01-03T00:00:00+00:00', '--job-id', '3008', '--raw', '--subdir', 'DAGS_FOLDER/dag.py', '--cfg-path', '/tmp/tmp6x9whrxk']
[2024-09-27T22:58:23.778+0000] {standard_task_runner.py:105} INFO - Job 3008: Subtask create_share_prices_table
[2024-09-27T22:58:24.150+0000] {task_command.py:467} INFO - Running <TaskInstance: scrape_and_save_share_prices_with_company_data.create_share_prices_table scheduled__2024-01-03T00:00:00+00:00 [running]> on host 7746de5121f6
[2024-09-27T22:58:24.734+0000] {taskinstance.py:3131} INFO - Exporting env vars: AIRFLOW_CTX_DAG_OWNER='***' AIRFLOW_CTX_DAG_ID='scrape_and_save_share_prices_with_company_data' AIRFLOW_CTX_TASK_ID='create_share_prices_table' AIRFLOW_CTX_EXECUTION_DATE='2024-01-03T00:00:00+00:00' AIRFLOW_CTX_TRY_NUMBER='1' AIRFLOW_CTX_DAG_RUN_ID='scheduled__2024-01-03T00:00:00+00:00'
[2024-09-27T22:58:24.758+0000] {logging_mixin.py:190} INFO - Task instance is in running state
[2024-09-27T22:58:24.765+0000] {logging_mixin.py:190} INFO -  Previous state of the Task instance: queued
[2024-09-27T22:58:24.768+0000] {logging_mixin.py:190} INFO - Current task name:create_share_prices_table state:running start_date:2024-09-27 22:58:23.293462+00:00
[2024-09-27T22:58:24.774+0000] {logging_mixin.py:190} INFO - Dag name:scrape_and_save_share_prices_with_company_data and current dag run status:running
[2024-09-27T22:58:24.784+0000] {taskinstance.py:731} INFO - ::endgroup::
[2024-09-27T22:58:24.847+0000] {base.py:84} INFO - Retrieving connection 'dse_connection'
[2024-09-27T22:58:24.878+0000] {sql.py:509} INFO - Running statement: 
        CREATE TABLE IF NOT EXISTS company_share_prices (
            id SERIAL,
            company_id INTEGER NOT NULL,
            date DATE,
            latest_trading_price VARCHAR(50),
            low_price VARCHAR(50),
            high_price VARCHAR(50),
            closing_price VARCHAR(50),
            ycp VARCHAR(50),
            change VARCHAR(10),
            trade VARCHAR(50),
            value VARCHAR(50),
            volume VARCHAR(50),
            PRIMARY KEY(company_id, id),
            FOREIGN KEY(company_id)
                REFERENCES company_list(company_id)
                ON UPDATE CASCADE ON DELETE CASCADE
        );
    , parameters: None
[2024-09-27T22:58:24.888+0000] {python.py:240} INFO - Done. Returned value was: None
[2024-09-27T22:58:24.999+0000] {taskinstance.py:340} INFO - ::group::Post task execution logs
[2024-09-27T22:58:25.003+0000] {taskinstance.py:352} INFO - Marking task as SUCCESS. dag_id=scrape_and_save_share_prices_with_company_data, task_id=create_share_prices_table, run_id=scheduled__2024-01-03T00:00:00+00:00, execution_date=20240103T000000, start_date=20240927T225823, end_date=20240927T225825
[2024-09-27T22:58:25.061+0000] {logging_mixin.py:190} INFO - Task instance in success state
[2024-09-27T22:58:25.068+0000] {logging_mixin.py:190} INFO -  Previous state of the Task instance: running
[2024-09-27T22:58:25.076+0000] {logging_mixin.py:190} INFO - Dag name:scrape_and_save_share_prices_with_company_data queued_at:2024-09-27 22:56:53.942633+00:00
[2024-09-27T22:58:25.077+0000] {logging_mixin.py:190} INFO - Task hostname:7746de5121f6 operator:PythonOperator
[2024-09-27T22:58:25.190+0000] {local_task_job_runner.py:266} INFO - Task exited with return code 0
[2024-09-27T22:58:25.335+0000] {taskinstance.py:3900} INFO - 1 downstream tasks scheduled from follow-on schedule check
[2024-09-27T22:58:25.350+0000] {local_task_job_runner.py:245} INFO - ::endgroup::
