[2024-09-27T19:43:13.969+0000] {local_task_job_runner.py:123} INFO - ::group::Pre task execution logs
[2024-09-27T19:43:14.153+0000] {taskinstance.py:2612} INFO - Dependencies all met for dep_context=non-requeueable deps ti=<TaskInstance: scrape_and_save_share_prices_with_company_data.create_company_table scheduled__2024-04-30T00:00:00+00:00 [queued]>
[2024-09-27T19:43:14.212+0000] {taskinstance.py:2612} INFO - Dependencies all met for dep_context=requeueable deps ti=<TaskInstance: scrape_and_save_share_prices_with_company_data.create_company_table scheduled__2024-04-30T00:00:00+00:00 [queued]>
[2024-09-27T19:43:14.217+0000] {taskinstance.py:2865} INFO - Starting attempt 1 of 2
[2024-09-27T19:43:14.330+0000] {taskinstance.py:2888} INFO - Executing <Task(PythonOperator): create_company_table> on 2024-04-30 00:00:00+00:00
[2024-09-27T19:43:14.383+0000] {warnings.py:112} WARNING - /home/***/.local/lib/python3.12/site-packages/***/task/task_runner/standard_task_runner.py:70: DeprecationWarning: This process (pid=624) is multi-threaded, use of fork() may lead to deadlocks in the child.
  pid = os.fork()

[2024-09-27T19:43:14.392+0000] {standard_task_runner.py:72} INFO - Started process 657 to run task
[2024-09-27T19:43:14.400+0000] {standard_task_runner.py:104} INFO - Running: ['***', 'tasks', 'run', 'scrape_and_save_share_prices_with_company_data', 'create_company_table', 'scheduled__2024-04-30T00:00:00+00:00', '--job-id', '2042', '--raw', '--subdir', 'DAGS_FOLDER/dag.py', '--cfg-path', '/tmp/tmpw5u4v6eb']
[2024-09-27T19:43:14.419+0000] {standard_task_runner.py:105} INFO - Job 2042: Subtask create_company_table
[2024-09-27T19:43:14.817+0000] {task_command.py:467} INFO - Running <TaskInstance: scrape_and_save_share_prices_with_company_data.create_company_table scheduled__2024-04-30T00:00:00+00:00 [running]> on host f199b4684a92
[2024-09-27T19:43:15.451+0000] {taskinstance.py:3131} INFO - Exporting env vars: AIRFLOW_CTX_DAG_OWNER='***' AIRFLOW_CTX_DAG_ID='scrape_and_save_share_prices_with_company_data' AIRFLOW_CTX_TASK_ID='create_company_table' AIRFLOW_CTX_EXECUTION_DATE='2024-04-30T00:00:00+00:00' AIRFLOW_CTX_TRY_NUMBER='1' AIRFLOW_CTX_DAG_RUN_ID='scheduled__2024-04-30T00:00:00+00:00'
[2024-09-27T19:43:15.453+0000] {logging_mixin.py:190} INFO - Task instance is in running state
[2024-09-27T19:43:15.455+0000] {logging_mixin.py:190} INFO -  Previous state of the Task instance: queued
[2024-09-27T19:43:15.456+0000] {logging_mixin.py:190} INFO - Current task name:create_company_table state:running start_date:2024-09-27 19:43:14.178359+00:00
[2024-09-27T19:43:15.460+0000] {logging_mixin.py:190} INFO - Dag name:scrape_and_save_share_prices_with_company_data and current dag run status:running
[2024-09-27T19:43:15.464+0000] {taskinstance.py:731} INFO - ::endgroup::
[2024-09-27T19:43:15.498+0000] {base.py:84} INFO - Retrieving connection 'dse_connection'
[2024-09-27T19:43:36.545+0000] {logging_mixin.py:190} INFO - Error creating company table: connection to server at "172.23.0.3", port 5432 failed: Connection refused
	Is the server running on that host and accepting TCP/IP connections?
[2024-09-27T19:43:36.547+0000] {python.py:240} INFO - Done. Returned value was: None
[2024-09-27T19:43:36.562+0000] {taskinstance.py:340} INFO - ::group::Post task execution logs
[2024-09-27T19:43:36.564+0000] {taskinstance.py:352} INFO - Marking task as SUCCESS. dag_id=scrape_and_save_share_prices_with_company_data, task_id=create_company_table, run_id=scheduled__2024-04-30T00:00:00+00:00, execution_date=20240430T000000, start_date=20240927T194314, end_date=20240927T194336
[2024-09-27T19:43:36.581+0000] {logging_mixin.py:190} INFO - Task instance in success state
[2024-09-27T19:43:36.582+0000] {logging_mixin.py:190} INFO -  Previous state of the Task instance: running
[2024-09-27T19:43:36.583+0000] {logging_mixin.py:190} INFO - Dag name:scrape_and_save_share_prices_with_company_data queued_at:2024-09-27 19:42:48.014643+00:00
[2024-09-27T19:43:36.583+0000] {logging_mixin.py:190} INFO - Task hostname:f199b4684a92 operator:PythonOperator
[2024-09-27T19:43:36.595+0000] {local_task_job_runner.py:266} INFO - Task exited with return code 0
[2024-09-27T19:43:36.630+0000] {taskinstance.py:3900} INFO - 1 downstream tasks scheduled from follow-on schedule check
[2024-09-27T19:43:36.633+0000] {local_task_job_runner.py:245} INFO - ::endgroup::
[2024-09-27T23:19:21.158+0000] {local_task_job_runner.py:123} INFO - ::group::Pre task execution logs
[2024-09-27T23:19:21.292+0000] {taskinstance.py:2612} INFO - Dependencies all met for dep_context=non-requeueable deps ti=<TaskInstance: scrape_and_save_share_prices_with_company_data.create_company_table scheduled__2024-04-30T00:00:00+00:00 [queued]>
[2024-09-27T23:19:21.375+0000] {taskinstance.py:2612} INFO - Dependencies all met for dep_context=requeueable deps ti=<TaskInstance: scrape_and_save_share_prices_with_company_data.create_company_table scheduled__2024-04-30T00:00:00+00:00 [queued]>
[2024-09-27T23:19:21.379+0000] {taskinstance.py:2865} INFO - Starting attempt 1 of 2
[2024-09-27T23:19:21.506+0000] {taskinstance.py:2888} INFO - Executing <Task(PythonOperator): create_company_table> on 2024-04-30 00:00:00+00:00
[2024-09-27T23:19:21.533+0000] {warnings.py:112} WARNING - /home/***/.local/lib/python3.12/site-packages/***/task/task_runner/standard_task_runner.py:70: DeprecationWarning: This process (pid=4085) is multi-threaded, use of fork() may lead to deadlocks in the child.
  pid = os.fork()

[2024-09-27T23:19:21.539+0000] {standard_task_runner.py:72} INFO - Started process 4103 to run task
[2024-09-27T23:19:21.547+0000] {standard_task_runner.py:104} INFO - Running: ['***', 'tasks', 'run', 'scrape_and_save_share_prices_with_company_data', 'create_company_table', 'scheduled__2024-04-30T00:00:00+00:00', '--job-id', '3465', '--raw', '--subdir', 'DAGS_FOLDER/dag.py', '--cfg-path', '/tmp/tmpuirsace6']
[2024-09-27T23:19:21.553+0000] {standard_task_runner.py:105} INFO - Job 3465: Subtask create_company_table
[2024-09-27T23:19:21.815+0000] {task_command.py:467} INFO - Running <TaskInstance: scrape_and_save_share_prices_with_company_data.create_company_table scheduled__2024-04-30T00:00:00+00:00 [running]> on host 7746de5121f6
[2024-09-27T23:19:22.487+0000] {taskinstance.py:3131} INFO - Exporting env vars: AIRFLOW_CTX_DAG_OWNER='***' AIRFLOW_CTX_DAG_ID='scrape_and_save_share_prices_with_company_data' AIRFLOW_CTX_TASK_ID='create_company_table' AIRFLOW_CTX_EXECUTION_DATE='2024-04-30T00:00:00+00:00' AIRFLOW_CTX_TRY_NUMBER='1' AIRFLOW_CTX_DAG_RUN_ID='scheduled__2024-04-30T00:00:00+00:00'
[2024-09-27T23:19:22.490+0000] {logging_mixin.py:190} INFO - Task instance is in running state
[2024-09-27T23:19:22.494+0000] {logging_mixin.py:190} INFO -  Previous state of the Task instance: queued
[2024-09-27T23:19:22.495+0000] {logging_mixin.py:190} INFO - Current task name:create_company_table state:running start_date:2024-09-27 23:19:21.298032+00:00
[2024-09-27T23:19:22.500+0000] {logging_mixin.py:190} INFO - Dag name:scrape_and_save_share_prices_with_company_data and current dag run status:running
[2024-09-27T23:19:22.502+0000] {taskinstance.py:731} INFO - ::endgroup::
[2024-09-27T23:19:22.550+0000] {base.py:84} INFO - Retrieving connection 'dse_connection'
[2024-09-27T23:19:22.579+0000] {sql.py:509} INFO - Running statement: 
        CREATE TABLE IF NOT EXISTS company_list (
            company_id SERIAL PRIMARY KEY,
            company_trade_name VARCHAR(255) NOT NULL,
            company_url VARCHAR(255) NOT NULL,
            UNIQUE(company_trade_name)
        );
    , parameters: None
[2024-09-27T23:19:22.610+0000] {python.py:240} INFO - Done. Returned value was: None
[2024-09-27T23:19:22.649+0000] {taskinstance.py:340} INFO - ::group::Post task execution logs
[2024-09-27T23:19:22.660+0000] {taskinstance.py:352} INFO - Marking task as SUCCESS. dag_id=scrape_and_save_share_prices_with_company_data, task_id=create_company_table, run_id=scheduled__2024-04-30T00:00:00+00:00, execution_date=20240430T000000, start_date=20240927T231921, end_date=20240927T231922
[2024-09-27T23:19:22.706+0000] {logging_mixin.py:190} INFO - Task instance in success state
[2024-09-27T23:19:22.710+0000] {logging_mixin.py:190} INFO -  Previous state of the Task instance: running
[2024-09-27T23:19:22.711+0000] {logging_mixin.py:190} INFO - Dag name:scrape_and_save_share_prices_with_company_data queued_at:2024-09-27 23:19:10.126041+00:00
[2024-09-27T23:19:22.712+0000] {logging_mixin.py:190} INFO - Task hostname:7746de5121f6 operator:PythonOperator
[2024-09-27T23:19:22.753+0000] {local_task_job_runner.py:266} INFO - Task exited with return code 0
[2024-09-27T23:19:22.868+0000] {taskinstance.py:3900} INFO - 1 downstream tasks scheduled from follow-on schedule check
[2024-09-27T23:19:22.881+0000] {local_task_job_runner.py:245} INFO - ::endgroup::
