[2024-09-27T18:30:24.732+0000] {local_task_job_runner.py:123} INFO - ::group::Pre task execution logs
[2024-09-27T18:30:24.819+0000] {taskinstance.py:2612} INFO - Dependencies all met for dep_context=non-requeueable deps ti=<TaskInstance: scrape_and_save_share_prices_with_company_data.create_share_prices_table scheduled__2023-12-28T00:00:00+00:00 [queued]>
[2024-09-27T18:30:24.854+0000] {taskinstance.py:2612} INFO - Dependencies all met for dep_context=requeueable deps ti=<TaskInstance: scrape_and_save_share_prices_with_company_data.create_share_prices_table scheduled__2023-12-28T00:00:00+00:00 [queued]>
[2024-09-27T18:30:24.859+0000] {taskinstance.py:2865} INFO - Starting attempt 1 of 2
[2024-09-27T18:30:24.956+0000] {taskinstance.py:2888} INFO - Executing <Task(PythonOperator): create_share_prices_table> on 2023-12-28 00:00:00+00:00
[2024-09-27T18:30:24.977+0000] {warnings.py:112} WARNING - /home/***/.local/lib/python3.12/site-packages/***/task/task_runner/standard_task_runner.py:70: DeprecationWarning: This process (pid=13469) is multi-threaded, use of fork() may lead to deadlocks in the child.
  pid = os.fork()

[2024-09-27T18:30:24.986+0000] {standard_task_runner.py:72} INFO - Started process 13476 to run task
[2024-09-27T18:30:24.990+0000] {standard_task_runner.py:104} INFO - Running: ['***', 'tasks', 'run', 'scrape_and_save_share_prices_with_company_data', 'create_share_prices_table', 'scheduled__2023-12-28T00:00:00+00:00', '--job-id', '1471', '--raw', '--subdir', 'DAGS_FOLDER/dag.py', '--cfg-path', '/tmp/tmp1mw1ij18']
[2024-09-27T18:30:25.000+0000] {standard_task_runner.py:105} INFO - Job 1471: Subtask create_share_prices_table
[2024-09-27T18:30:25.262+0000] {task_command.py:467} INFO - Running <TaskInstance: scrape_and_save_share_prices_with_company_data.create_share_prices_table scheduled__2023-12-28T00:00:00+00:00 [running]> on host 13b5797a93ab
[2024-09-27T18:30:25.781+0000] {taskinstance.py:3131} INFO - Exporting env vars: AIRFLOW_CTX_DAG_OWNER='***' AIRFLOW_CTX_DAG_ID='scrape_and_save_share_prices_with_company_data' AIRFLOW_CTX_TASK_ID='create_share_prices_table' AIRFLOW_CTX_EXECUTION_DATE='2023-12-28T00:00:00+00:00' AIRFLOW_CTX_TRY_NUMBER='1' AIRFLOW_CTX_DAG_RUN_ID='scheduled__2023-12-28T00:00:00+00:00'
[2024-09-27T18:30:25.814+0000] {logging_mixin.py:190} INFO - Task instance is in running state
[2024-09-27T18:30:25.824+0000] {logging_mixin.py:190} INFO -  Previous state of the Task instance: queued
[2024-09-27T18:30:25.826+0000] {logging_mixin.py:190} INFO - Current task name:create_share_prices_table state:running start_date:2024-09-27 18:30:24.822657+00:00
[2024-09-27T18:30:25.827+0000] {logging_mixin.py:190} INFO - Dag name:scrape_and_save_share_prices_with_company_data and current dag run status:running
[2024-09-27T18:30:25.829+0000] {taskinstance.py:731} INFO - ::endgroup::
[2024-09-27T18:30:25.918+0000] {base.py:84} INFO - Retrieving connection 'dse_connection'
[2024-09-27T18:30:25.933+0000] {sql.py:509} INFO - Running statement: 
        CREATE TABLE IF NOT EXISTS company_share_prices (
            id SERIAL,
            company_id INTEGER NOT NULL,
            date DATE,
            latest_trading_price VARCHAR(50),
            low_price VARCHAR(50),
            high_price VARCHAR(50),
            closing_price VARCHAR(50),
            ycp VARCHAR(50),
            change VARCHAR(10),
            trade VARCHAR(50),
            value VARCHAR(50),
            volume VARCHAR(50),
            PRIMARY KEY(company_id, id),
            FOREIGN KEY(company_id)
                REFERENCES company_list(company_id)
                ON UPDATE CASCADE ON DELETE CASCADE
        );
    , parameters: None
[2024-09-27T18:30:25.943+0000] {python.py:240} INFO - Done. Returned value was: None
[2024-09-27T18:30:26.137+0000] {taskinstance.py:340} INFO - ::group::Post task execution logs
[2024-09-27T18:30:26.190+0000] {taskinstance.py:352} INFO - Marking task as SUCCESS. dag_id=scrape_and_save_share_prices_with_company_data, task_id=create_share_prices_table, run_id=scheduled__2023-12-28T00:00:00+00:00, execution_date=20231228T000000, start_date=20240927T183024, end_date=20240927T183026
[2024-09-27T18:30:26.334+0000] {logging_mixin.py:190} INFO - Task instance in success state
[2024-09-27T18:30:26.348+0000] {logging_mixin.py:190} INFO -  Previous state of the Task instance: running
[2024-09-27T18:30:26.354+0000] {logging_mixin.py:190} INFO - Dag name:scrape_and_save_share_prices_with_company_data queued_at:2024-09-27 18:28:31.177971+00:00
[2024-09-27T18:30:26.369+0000] {logging_mixin.py:190} INFO - Task hostname:13b5797a93ab operator:PythonOperator
[2024-09-27T18:30:26.468+0000] {local_task_job_runner.py:266} INFO - Task exited with return code 0
[2024-09-27T18:30:26.604+0000] {taskinstance.py:3900} INFO - 1 downstream tasks scheduled from follow-on schedule check
[2024-09-27T18:30:26.608+0000] {local_task_job_runner.py:245} INFO - ::endgroup::
[2024-09-27T22:21:11.112+0000] {local_task_job_runner.py:123} INFO - ::group::Pre task execution logs
[2024-09-27T22:21:11.206+0000] {taskinstance.py:2612} INFO - Dependencies all met for dep_context=non-requeueable deps ti=<TaskInstance: scrape_and_save_share_prices_with_company_data.create_share_prices_table scheduled__2023-12-28T00:00:00+00:00 [queued]>
[2024-09-27T22:21:11.237+0000] {taskinstance.py:2612} INFO - Dependencies all met for dep_context=requeueable deps ti=<TaskInstance: scrape_and_save_share_prices_with_company_data.create_share_prices_table scheduled__2023-12-28T00:00:00+00:00 [queued]>
[2024-09-27T22:21:11.238+0000] {taskinstance.py:2865} INFO - Starting attempt 1 of 2
[2024-09-27T22:21:11.282+0000] {taskinstance.py:2888} INFO - Executing <Task(PythonOperator): create_share_prices_table> on 2023-12-28 00:00:00+00:00
[2024-09-27T22:21:11.321+0000] {standard_task_runner.py:104} INFO - Running: ['***', 'tasks', 'run', 'scrape_and_save_share_prices_with_company_data', 'create_share_prices_table', 'scheduled__2023-12-28T00:00:00+00:00', '--job-id', '2542', '--raw', '--subdir', 'DAGS_FOLDER/dag.py', '--cfg-path', '/tmp/tmp03hyekmk']
[2024-09-27T22:21:11.325+0000] {standard_task_runner.py:105} INFO - Job 2542: Subtask create_share_prices_table
[2024-09-27T22:21:11.311+0000] {warnings.py:112} WARNING - /home/***/.local/lib/python3.12/site-packages/***/task/task_runner/standard_task_runner.py:70: DeprecationWarning: This process (pid=2318) is multi-threaded, use of fork() may lead to deadlocks in the child.
  pid = os.fork()

[2024-09-27T22:21:11.335+0000] {standard_task_runner.py:72} INFO - Started process 2349 to run task
[2024-09-27T22:21:11.613+0000] {task_command.py:467} INFO - Running <TaskInstance: scrape_and_save_share_prices_with_company_data.create_share_prices_table scheduled__2023-12-28T00:00:00+00:00 [running]> on host fd62fe12432d
[2024-09-27T22:21:11.987+0000] {taskinstance.py:3131} INFO - Exporting env vars: AIRFLOW_CTX_DAG_OWNER='***' AIRFLOW_CTX_DAG_ID='scrape_and_save_share_prices_with_company_data' AIRFLOW_CTX_TASK_ID='create_share_prices_table' AIRFLOW_CTX_EXECUTION_DATE='2023-12-28T00:00:00+00:00' AIRFLOW_CTX_TRY_NUMBER='1' AIRFLOW_CTX_DAG_RUN_ID='scheduled__2023-12-28T00:00:00+00:00'
[2024-09-27T22:21:11.990+0000] {logging_mixin.py:190} INFO - Task instance is in running state
[2024-09-27T22:21:11.991+0000] {logging_mixin.py:190} INFO -  Previous state of the Task instance: queued
[2024-09-27T22:21:11.995+0000] {logging_mixin.py:190} INFO - Current task name:create_share_prices_table state:running start_date:2024-09-27 22:21:11.207868+00:00
[2024-09-27T22:21:11.997+0000] {logging_mixin.py:190} INFO - Dag name:scrape_and_save_share_prices_with_company_data and current dag run status:running
[2024-09-27T22:21:11.999+0000] {taskinstance.py:731} INFO - ::endgroup::
[2024-09-27T22:21:12.114+0000] {base.py:84} INFO - Retrieving connection 'dse_connection'
[2024-09-27T22:21:12.154+0000] {sql.py:509} INFO - Running statement: 
        CREATE TABLE IF NOT EXISTS company_share_prices (
            id SERIAL,
            company_id INTEGER NOT NULL,
            date DATE,
            latest_trading_price VARCHAR(50),
            low_price VARCHAR(50),
            high_price VARCHAR(50),
            closing_price VARCHAR(50),
            ycp VARCHAR(50),
            change VARCHAR(10),
            trade VARCHAR(50),
            value VARCHAR(50),
            volume VARCHAR(50),
            PRIMARY KEY(company_id, id),
            FOREIGN KEY(company_id)
                REFERENCES company_list(company_id)
                ON UPDATE CASCADE ON DELETE CASCADE
        );
    , parameters: None
[2024-09-27T22:21:12.167+0000] {python.py:240} INFO - Done. Returned value was: None
[2024-09-27T22:21:12.211+0000] {taskinstance.py:340} INFO - ::group::Post task execution logs
[2024-09-27T22:21:12.212+0000] {taskinstance.py:352} INFO - Marking task as SUCCESS. dag_id=scrape_and_save_share_prices_with_company_data, task_id=create_share_prices_table, run_id=scheduled__2023-12-28T00:00:00+00:00, execution_date=20231228T000000, start_date=20240927T222111, end_date=20240927T222112
[2024-09-27T22:21:12.267+0000] {logging_mixin.py:190} INFO - Task instance in success state
[2024-09-27T22:21:12.270+0000] {logging_mixin.py:190} INFO -  Previous state of the Task instance: running
[2024-09-27T22:21:12.287+0000] {logging_mixin.py:190} INFO - Dag name:scrape_and_save_share_prices_with_company_data queued_at:2024-09-27 22:19:17.476382+00:00
[2024-09-27T22:21:12.311+0000] {logging_mixin.py:190} INFO - Task hostname:fd62fe12432d operator:PythonOperator
[2024-09-27T22:21:12.369+0000] {local_task_job_runner.py:266} INFO - Task exited with return code 0
[2024-09-27T22:21:12.409+0000] {local_task_job_runner.py:245} INFO - ::endgroup::
[2024-09-27T22:57:14.614+0000] {local_task_job_runner.py:123} INFO - ::group::Pre task execution logs
[2024-09-27T22:57:14.716+0000] {taskinstance.py:2612} INFO - Dependencies all met for dep_context=non-requeueable deps ti=<TaskInstance: scrape_and_save_share_prices_with_company_data.create_share_prices_table scheduled__2023-12-28T00:00:00+00:00 [queued]>
[2024-09-27T22:57:14.757+0000] {taskinstance.py:2612} INFO - Dependencies all met for dep_context=requeueable deps ti=<TaskInstance: scrape_and_save_share_prices_with_company_data.create_share_prices_table scheduled__2023-12-28T00:00:00+00:00 [queued]>
[2024-09-27T22:57:14.760+0000] {taskinstance.py:2865} INFO - Starting attempt 1 of 2
[2024-09-27T22:57:14.822+0000] {taskinstance.py:2888} INFO - Executing <Task(PythonOperator): create_share_prices_table> on 2023-12-28 00:00:00+00:00
[2024-09-27T22:57:14.844+0000] {warnings.py:112} WARNING - /home/***/.local/lib/python3.12/site-packages/***/task/task_runner/standard_task_runner.py:70: DeprecationWarning: This process (pid=1954) is multi-threaded, use of fork() may lead to deadlocks in the child.
  pid = os.fork()

[2024-09-27T22:57:14.848+0000] {standard_task_runner.py:72} INFO - Started process 1980 to run task
[2024-09-27T22:57:14.863+0000] {standard_task_runner.py:104} INFO - Running: ['***', 'tasks', 'run', 'scrape_and_save_share_prices_with_company_data', 'create_share_prices_table', 'scheduled__2023-12-28T00:00:00+00:00', '--job-id', '2990', '--raw', '--subdir', 'DAGS_FOLDER/dag.py', '--cfg-path', '/tmp/tmpcv7bsrl1']
[2024-09-27T22:57:14.878+0000] {standard_task_runner.py:105} INFO - Job 2990: Subtask create_share_prices_table
[2024-09-27T22:57:15.081+0000] {task_command.py:467} INFO - Running <TaskInstance: scrape_and_save_share_prices_with_company_data.create_share_prices_table scheduled__2023-12-28T00:00:00+00:00 [running]> on host 7746de5121f6
[2024-09-27T22:57:15.479+0000] {taskinstance.py:3131} INFO - Exporting env vars: AIRFLOW_CTX_DAG_OWNER='***' AIRFLOW_CTX_DAG_ID='scrape_and_save_share_prices_with_company_data' AIRFLOW_CTX_TASK_ID='create_share_prices_table' AIRFLOW_CTX_EXECUTION_DATE='2023-12-28T00:00:00+00:00' AIRFLOW_CTX_TRY_NUMBER='1' AIRFLOW_CTX_DAG_RUN_ID='scheduled__2023-12-28T00:00:00+00:00'
[2024-09-27T22:57:15.482+0000] {logging_mixin.py:190} INFO - Task instance is in running state
[2024-09-27T22:57:15.484+0000] {logging_mixin.py:190} INFO -  Previous state of the Task instance: queued
[2024-09-27T22:57:15.485+0000] {logging_mixin.py:190} INFO - Current task name:create_share_prices_table state:running start_date:2024-09-27 22:57:14.719454+00:00
[2024-09-27T22:57:15.487+0000] {logging_mixin.py:190} INFO - Dag name:scrape_and_save_share_prices_with_company_data and current dag run status:running
[2024-09-27T22:57:15.489+0000] {taskinstance.py:731} INFO - ::endgroup::
[2024-09-27T22:57:15.556+0000] {base.py:84} INFO - Retrieving connection 'dse_connection'
[2024-09-27T22:57:15.568+0000] {sql.py:509} INFO - Running statement: 
        CREATE TABLE IF NOT EXISTS company_share_prices (
            id SERIAL,
            company_id INTEGER NOT NULL,
            date DATE,
            latest_trading_price VARCHAR(50),
            low_price VARCHAR(50),
            high_price VARCHAR(50),
            closing_price VARCHAR(50),
            ycp VARCHAR(50),
            change VARCHAR(10),
            trade VARCHAR(50),
            value VARCHAR(50),
            volume VARCHAR(50),
            PRIMARY KEY(company_id, id),
            FOREIGN KEY(company_id)
                REFERENCES company_list(company_id)
                ON UPDATE CASCADE ON DELETE CASCADE
        );
    , parameters: None
[2024-09-27T22:57:15.571+0000] {python.py:240} INFO - Done. Returned value was: None
[2024-09-27T22:57:15.603+0000] {taskinstance.py:340} INFO - ::group::Post task execution logs
[2024-09-27T22:57:15.605+0000] {taskinstance.py:352} INFO - Marking task as SUCCESS. dag_id=scrape_and_save_share_prices_with_company_data, task_id=create_share_prices_table, run_id=scheduled__2023-12-28T00:00:00+00:00, execution_date=20231228T000000, start_date=20240927T225714, end_date=20240927T225715
[2024-09-27T22:57:15.635+0000] {logging_mixin.py:190} INFO - Task instance in success state
[2024-09-27T22:57:15.636+0000] {logging_mixin.py:190} INFO -  Previous state of the Task instance: running
[2024-09-27T22:57:15.638+0000] {logging_mixin.py:190} INFO - Dag name:scrape_and_save_share_prices_with_company_data queued_at:2024-09-27 22:56:09.078127+00:00
[2024-09-27T22:57:15.640+0000] {logging_mixin.py:190} INFO - Task hostname:7746de5121f6 operator:PythonOperator
[2024-09-27T22:57:15.673+0000] {local_task_job_runner.py:266} INFO - Task exited with return code 0
[2024-09-27T22:57:15.746+0000] {taskinstance.py:3900} INFO - 1 downstream tasks scheduled from follow-on schedule check
[2024-09-27T22:57:15.760+0000] {local_task_job_runner.py:245} INFO - ::endgroup::
