[2024-09-27T18:28:29.904+0000] {local_task_job_runner.py:123} INFO - ::group::Pre task execution logs
[2024-09-27T18:28:29.993+0000] {taskinstance.py:2612} INFO - Dependencies all met for dep_context=non-requeueable deps ti=<TaskInstance: scrape_and_save_share_prices_with_company_data.create_share_prices_table scheduled__2023-12-24T00:00:00+00:00 [queued]>
[2024-09-27T18:28:30.067+0000] {taskinstance.py:2612} INFO - Dependencies all met for dep_context=requeueable deps ti=<TaskInstance: scrape_and_save_share_prices_with_company_data.create_share_prices_table scheduled__2023-12-24T00:00:00+00:00 [queued]>
[2024-09-27T18:28:30.071+0000] {taskinstance.py:2865} INFO - Starting attempt 1 of 2
[2024-09-27T18:28:30.212+0000] {taskinstance.py:2888} INFO - Executing <Task(PythonOperator): create_share_prices_table> on 2023-12-24 00:00:00+00:00
[2024-09-27T18:28:30.234+0000] {warnings.py:112} WARNING - /home/***/.local/lib/python3.12/site-packages/***/task/task_runner/standard_task_runner.py:70: DeprecationWarning: This process (pid=13324) is multi-threaded, use of fork() may lead to deadlocks in the child.
  pid = os.fork()

[2024-09-27T18:28:30.270+0000] {standard_task_runner.py:72} INFO - Started process 13357 to run task
[2024-09-27T18:28:30.245+0000] {standard_task_runner.py:104} INFO - Running: ['***', 'tasks', 'run', 'scrape_and_save_share_prices_with_company_data', 'create_share_prices_table', 'scheduled__2023-12-24T00:00:00+00:00', '--job-id', '1444', '--raw', '--subdir', 'DAGS_FOLDER/dag.py', '--cfg-path', '/tmp/tmp2domwmnm']
[2024-09-27T18:28:30.277+0000] {standard_task_runner.py:105} INFO - Job 1444: Subtask create_share_prices_table
[2024-09-27T18:28:30.603+0000] {task_command.py:467} INFO - Running <TaskInstance: scrape_and_save_share_prices_with_company_data.create_share_prices_table scheduled__2023-12-24T00:00:00+00:00 [running]> on host 13b5797a93ab
[2024-09-27T18:28:31.090+0000] {taskinstance.py:3131} INFO - Exporting env vars: AIRFLOW_CTX_DAG_OWNER='***' AIRFLOW_CTX_DAG_ID='scrape_and_save_share_prices_with_company_data' AIRFLOW_CTX_TASK_ID='create_share_prices_table' AIRFLOW_CTX_EXECUTION_DATE='2023-12-24T00:00:00+00:00' AIRFLOW_CTX_TRY_NUMBER='1' AIRFLOW_CTX_DAG_RUN_ID='scheduled__2023-12-24T00:00:00+00:00'
[2024-09-27T18:28:31.105+0000] {logging_mixin.py:190} INFO - Task instance is in running state
[2024-09-27T18:28:31.116+0000] {logging_mixin.py:190} INFO -  Previous state of the Task instance: queued
[2024-09-27T18:28:31.118+0000] {logging_mixin.py:190} INFO - Current task name:create_share_prices_table state:running start_date:2024-09-27 18:28:29.997163+00:00
[2024-09-27T18:28:31.128+0000] {logging_mixin.py:190} INFO - Dag name:scrape_and_save_share_prices_with_company_data and current dag run status:running
[2024-09-27T18:28:31.130+0000] {taskinstance.py:731} INFO - ::endgroup::
[2024-09-27T18:28:31.174+0000] {base.py:84} INFO - Retrieving connection 'dse_connection'
[2024-09-27T18:28:31.181+0000] {sql.py:509} INFO - Running statement: 
        CREATE TABLE IF NOT EXISTS company_share_prices (
            id SERIAL,
            company_id INTEGER NOT NULL,
            date DATE,
            latest_trading_price VARCHAR(50),
            low_price VARCHAR(50),
            high_price VARCHAR(50),
            closing_price VARCHAR(50),
            ycp VARCHAR(50),
            change VARCHAR(10),
            trade VARCHAR(50),
            value VARCHAR(50),
            volume VARCHAR(50),
            PRIMARY KEY(company_id, id),
            FOREIGN KEY(company_id)
                REFERENCES company_list(company_id)
                ON UPDATE CASCADE ON DELETE CASCADE
        );
    , parameters: None
[2024-09-27T18:28:31.189+0000] {python.py:240} INFO - Done. Returned value was: None
[2024-09-27T18:28:31.230+0000] {taskinstance.py:340} INFO - ::group::Post task execution logs
[2024-09-27T18:28:31.232+0000] {taskinstance.py:352} INFO - Marking task as SUCCESS. dag_id=scrape_and_save_share_prices_with_company_data, task_id=create_share_prices_table, run_id=scheduled__2023-12-24T00:00:00+00:00, execution_date=20231224T000000, start_date=20240927T182829, end_date=20240927T182831
[2024-09-27T18:28:31.264+0000] {logging_mixin.py:190} INFO - Task instance in success state
[2024-09-27T18:28:31.266+0000] {logging_mixin.py:190} INFO -  Previous state of the Task instance: running
[2024-09-27T18:28:31.278+0000] {logging_mixin.py:190} INFO - Dag name:scrape_and_save_share_prices_with_company_data queued_at:2024-09-27 18:27:10.401441+00:00
[2024-09-27T18:28:31.280+0000] {logging_mixin.py:190} INFO - Task hostname:13b5797a93ab operator:PythonOperator
[2024-09-27T18:28:31.381+0000] {local_task_job_runner.py:266} INFO - Task exited with return code 0
[2024-09-27T18:28:31.404+0000] {local_task_job_runner.py:245} INFO - ::endgroup::
[2024-09-27T22:19:16.319+0000] {local_task_job_runner.py:123} INFO - ::group::Pre task execution logs
[2024-09-27T22:19:16.349+0000] {taskinstance.py:2612} INFO - Dependencies all met for dep_context=non-requeueable deps ti=<TaskInstance: scrape_and_save_share_prices_with_company_data.create_share_prices_table scheduled__2023-12-24T00:00:00+00:00 [queued]>
[2024-09-27T22:19:16.364+0000] {taskinstance.py:2612} INFO - Dependencies all met for dep_context=requeueable deps ti=<TaskInstance: scrape_and_save_share_prices_with_company_data.create_share_prices_table scheduled__2023-12-24T00:00:00+00:00 [queued]>
[2024-09-27T22:19:16.365+0000] {taskinstance.py:2865} INFO - Starting attempt 1 of 2
[2024-09-27T22:19:16.390+0000] {taskinstance.py:2888} INFO - Executing <Task(PythonOperator): create_share_prices_table> on 2023-12-24 00:00:00+00:00
[2024-09-27T22:19:16.403+0000] {warnings.py:112} WARNING - /home/***/.local/lib/python3.12/site-packages/***/task/task_runner/standard_task_runner.py:70: DeprecationWarning: This process (pid=2196) is multi-threaded, use of fork() may lead to deadlocks in the child.
  pid = os.fork()

[2024-09-27T22:19:16.406+0000] {standard_task_runner.py:72} INFO - Started process 2206 to run task
[2024-09-27T22:19:16.407+0000] {standard_task_runner.py:104} INFO - Running: ['***', 'tasks', 'run', 'scrape_and_save_share_prices_with_company_data', 'create_share_prices_table', 'scheduled__2023-12-24T00:00:00+00:00', '--job-id', '2513', '--raw', '--subdir', 'DAGS_FOLDER/dag.py', '--cfg-path', '/tmp/tmpd4w3ccno']
[2024-09-27T22:19:16.411+0000] {standard_task_runner.py:105} INFO - Job 2513: Subtask create_share_prices_table
[2024-09-27T22:19:16.497+0000] {task_command.py:467} INFO - Running <TaskInstance: scrape_and_save_share_prices_with_company_data.create_share_prices_table scheduled__2023-12-24T00:00:00+00:00 [running]> on host fd62fe12432d
[2024-09-27T22:19:16.661+0000] {taskinstance.py:3131} INFO - Exporting env vars: AIRFLOW_CTX_DAG_OWNER='***' AIRFLOW_CTX_DAG_ID='scrape_and_save_share_prices_with_company_data' AIRFLOW_CTX_TASK_ID='create_share_prices_table' AIRFLOW_CTX_EXECUTION_DATE='2023-12-24T00:00:00+00:00' AIRFLOW_CTX_TRY_NUMBER='1' AIRFLOW_CTX_DAG_RUN_ID='scheduled__2023-12-24T00:00:00+00:00'
[2024-09-27T22:19:16.664+0000] {logging_mixin.py:190} INFO - Task instance is in running state
[2024-09-27T22:19:16.665+0000] {logging_mixin.py:190} INFO -  Previous state of the Task instance: queued
[2024-09-27T22:19:16.665+0000] {logging_mixin.py:190} INFO - Current task name:create_share_prices_table state:running start_date:2024-09-27 22:19:16.350645+00:00
[2024-09-27T22:19:16.662+0000] {logging_mixin.py:190} INFO - Dag name:scrape_and_save_share_prices_with_company_data and current dag run status:running
[2024-09-27T22:19:16.663+0000] {taskinstance.py:731} INFO - ::endgroup::
[2024-09-27T22:19:16.678+0000] {base.py:84} INFO - Retrieving connection 'dse_connection'
[2024-09-27T22:19:16.684+0000] {sql.py:509} INFO - Running statement: 
        CREATE TABLE IF NOT EXISTS company_share_prices (
            id SERIAL,
            company_id INTEGER NOT NULL,
            date DATE,
            latest_trading_price VARCHAR(50),
            low_price VARCHAR(50),
            high_price VARCHAR(50),
            closing_price VARCHAR(50),
            ycp VARCHAR(50),
            change VARCHAR(10),
            trade VARCHAR(50),
            value VARCHAR(50),
            volume VARCHAR(50),
            PRIMARY KEY(company_id, id),
            FOREIGN KEY(company_id)
                REFERENCES company_list(company_id)
                ON UPDATE CASCADE ON DELETE CASCADE
        );
    , parameters: None
[2024-09-27T22:19:16.686+0000] {python.py:240} INFO - Done. Returned value was: None
[2024-09-27T22:19:16.701+0000] {taskinstance.py:340} INFO - ::group::Post task execution logs
[2024-09-27T22:19:16.702+0000] {taskinstance.py:352} INFO - Marking task as SUCCESS. dag_id=scrape_and_save_share_prices_with_company_data, task_id=create_share_prices_table, run_id=scheduled__2023-12-24T00:00:00+00:00, execution_date=20231224T000000, start_date=20240927T221916, end_date=20240927T221916
[2024-09-27T22:19:16.715+0000] {logging_mixin.py:190} INFO - Task instance in success state
[2024-09-27T22:19:16.716+0000] {logging_mixin.py:190} INFO -  Previous state of the Task instance: running
[2024-09-27T22:19:16.717+0000] {logging_mixin.py:190} INFO - Dag name:scrape_and_save_share_prices_with_company_data queued_at:2024-09-27 22:17:01.415666+00:00
[2024-09-27T22:19:16.718+0000] {logging_mixin.py:190} INFO - Task hostname:fd62fe12432d operator:PythonOperator
[2024-09-27T22:19:16.741+0000] {local_task_job_runner.py:266} INFO - Task exited with return code 0
[2024-09-27T22:19:16.777+0000] {taskinstance.py:3900} INFO - 1 downstream tasks scheduled from follow-on schedule check
[2024-09-27T22:19:16.781+0000] {local_task_job_runner.py:245} INFO - ::endgroup::
[2024-09-27T22:56:03.086+0000] {local_task_job_runner.py:123} INFO - ::group::Pre task execution logs
[2024-09-27T22:56:03.213+0000] {taskinstance.py:2612} INFO - Dependencies all met for dep_context=non-requeueable deps ti=<TaskInstance: scrape_and_save_share_prices_with_company_data.create_share_prices_table scheduled__2023-12-24T00:00:00+00:00 [queued]>
[2024-09-27T22:56:03.317+0000] {taskinstance.py:2612} INFO - Dependencies all met for dep_context=requeueable deps ti=<TaskInstance: scrape_and_save_share_prices_with_company_data.create_share_prices_table scheduled__2023-12-24T00:00:00+00:00 [queued]>
[2024-09-27T22:56:03.331+0000] {taskinstance.py:2865} INFO - Starting attempt 1 of 2
[2024-09-27T22:56:03.439+0000] {taskinstance.py:2888} INFO - Executing <Task(PythonOperator): create_share_prices_table> on 2023-12-24 00:00:00+00:00
[2024-09-27T22:56:03.486+0000] {warnings.py:112} WARNING - /home/***/.local/lib/python3.12/site-packages/***/task/task_runner/standard_task_runner.py:70: DeprecationWarning: This process (pid=1825) is multi-threaded, use of fork() may lead to deadlocks in the child.
  pid = os.fork()

[2024-09-27T22:56:03.503+0000] {standard_task_runner.py:72} INFO - Started process 1852 to run task
[2024-09-27T22:56:03.518+0000] {standard_task_runner.py:104} INFO - Running: ['***', 'tasks', 'run', 'scrape_and_save_share_prices_with_company_data', 'create_share_prices_table', 'scheduled__2023-12-24T00:00:00+00:00', '--job-id', '2963', '--raw', '--subdir', 'DAGS_FOLDER/dag.py', '--cfg-path', '/tmp/tmprpqomqxs']
[2024-09-27T22:56:03.540+0000] {standard_task_runner.py:105} INFO - Job 2963: Subtask create_share_prices_table
[2024-09-27T22:56:03.892+0000] {task_command.py:467} INFO - Running <TaskInstance: scrape_and_save_share_prices_with_company_data.create_share_prices_table scheduled__2023-12-24T00:00:00+00:00 [running]> on host 7746de5121f6
[2024-09-27T22:56:04.671+0000] {taskinstance.py:3131} INFO - Exporting env vars: AIRFLOW_CTX_DAG_OWNER='***' AIRFLOW_CTX_DAG_ID='scrape_and_save_share_prices_with_company_data' AIRFLOW_CTX_TASK_ID='create_share_prices_table' AIRFLOW_CTX_EXECUTION_DATE='2023-12-24T00:00:00+00:00' AIRFLOW_CTX_TRY_NUMBER='1' AIRFLOW_CTX_DAG_RUN_ID='scheduled__2023-12-24T00:00:00+00:00'
[2024-09-27T22:56:04.675+0000] {logging_mixin.py:190} INFO - Task instance is in running state
[2024-09-27T22:56:04.676+0000] {logging_mixin.py:190} INFO -  Previous state of the Task instance: queued
[2024-09-27T22:56:04.678+0000] {logging_mixin.py:190} INFO - Current task name:create_share_prices_table state:running start_date:2024-09-27 22:56:03.215050+00:00
[2024-09-27T22:56:04.681+0000] {logging_mixin.py:190} INFO - Dag name:scrape_and_save_share_prices_with_company_data and current dag run status:running
[2024-09-27T22:56:04.700+0000] {taskinstance.py:731} INFO - ::endgroup::
[2024-09-27T22:56:04.734+0000] {base.py:84} INFO - Retrieving connection 'dse_connection'
[2024-09-27T22:56:04.769+0000] {sql.py:509} INFO - Running statement: 
        CREATE TABLE IF NOT EXISTS company_share_prices (
            id SERIAL,
            company_id INTEGER NOT NULL,
            date DATE,
            latest_trading_price VARCHAR(50),
            low_price VARCHAR(50),
            high_price VARCHAR(50),
            closing_price VARCHAR(50),
            ycp VARCHAR(50),
            change VARCHAR(10),
            trade VARCHAR(50),
            value VARCHAR(50),
            volume VARCHAR(50),
            PRIMARY KEY(company_id, id),
            FOREIGN KEY(company_id)
                REFERENCES company_list(company_id)
                ON UPDATE CASCADE ON DELETE CASCADE
        );
    , parameters: None
[2024-09-27T22:56:04.781+0000] {python.py:240} INFO - Done. Returned value was: None
[2024-09-27T22:56:04.870+0000] {taskinstance.py:340} INFO - ::group::Post task execution logs
[2024-09-27T22:56:04.872+0000] {taskinstance.py:352} INFO - Marking task as SUCCESS. dag_id=scrape_and_save_share_prices_with_company_data, task_id=create_share_prices_table, run_id=scheduled__2023-12-24T00:00:00+00:00, execution_date=20231224T000000, start_date=20240927T225603, end_date=20240927T225604
[2024-09-27T22:56:04.913+0000] {logging_mixin.py:190} INFO - Task instance in success state
[2024-09-27T22:56:04.914+0000] {logging_mixin.py:190} INFO -  Previous state of the Task instance: running
[2024-09-27T22:56:04.915+0000] {logging_mixin.py:190} INFO - Dag name:scrape_and_save_share_prices_with_company_data queued_at:2024-09-27 22:55:02.680869+00:00
[2024-09-27T22:56:04.916+0000] {logging_mixin.py:190} INFO - Task hostname:7746de5121f6 operator:PythonOperator
[2024-09-27T22:56:04.971+0000] {local_task_job_runner.py:266} INFO - Task exited with return code 0
[2024-09-27T22:56:05.015+0000] {local_task_job_runner.py:245} INFO - ::endgroup::
