[2024-09-27T19:43:12.687+0000] {local_task_job_runner.py:123} INFO - ::group::Pre task execution logs
[2024-09-27T19:43:12.931+0000] {taskinstance.py:2612} INFO - Dependencies all met for dep_context=non-requeueable deps ti=<TaskInstance: scrape_and_save_share_prices_with_company_data.create_company_table scheduled__2024-04-28T00:00:00+00:00 [queued]>
[2024-09-27T19:43:12.990+0000] {taskinstance.py:2612} INFO - Dependencies all met for dep_context=requeueable deps ti=<TaskInstance: scrape_and_save_share_prices_with_company_data.create_company_table scheduled__2024-04-28T00:00:00+00:00 [queued]>
[2024-09-27T19:43:12.992+0000] {taskinstance.py:2865} INFO - Starting attempt 1 of 2
[2024-09-27T19:43:13.077+0000] {taskinstance.py:2888} INFO - Executing <Task(PythonOperator): create_company_table> on 2024-04-28 00:00:00+00:00
[2024-09-27T19:43:13.109+0000] {warnings.py:112} WARNING - /home/***/.local/lib/python3.12/site-packages/***/task/task_runner/standard_task_runner.py:70: DeprecationWarning: This process (pid=621) is multi-threaded, use of fork() may lead to deadlocks in the child.
  pid = os.fork()

[2024-09-27T19:43:13.118+0000] {standard_task_runner.py:72} INFO - Started process 653 to run task
[2024-09-27T19:43:13.118+0000] {standard_task_runner.py:104} INFO - Running: ['***', 'tasks', 'run', 'scrape_and_save_share_prices_with_company_data', 'create_company_table', 'scheduled__2024-04-28T00:00:00+00:00', '--job-id', '2040', '--raw', '--subdir', 'DAGS_FOLDER/dag.py', '--cfg-path', '/tmp/tmpsv9lojum']
[2024-09-27T19:43:13.137+0000] {standard_task_runner.py:105} INFO - Job 2040: Subtask create_company_table
[2024-09-27T19:43:13.459+0000] {task_command.py:467} INFO - Running <TaskInstance: scrape_and_save_share_prices_with_company_data.create_company_table scheduled__2024-04-28T00:00:00+00:00 [running]> on host f199b4684a92
[2024-09-27T19:43:14.033+0000] {taskinstance.py:3131} INFO - Exporting env vars: AIRFLOW_CTX_DAG_OWNER='***' AIRFLOW_CTX_DAG_ID='scrape_and_save_share_prices_with_company_data' AIRFLOW_CTX_TASK_ID='create_company_table' AIRFLOW_CTX_EXECUTION_DATE='2024-04-28T00:00:00+00:00' AIRFLOW_CTX_TRY_NUMBER='1' AIRFLOW_CTX_DAG_RUN_ID='scheduled__2024-04-28T00:00:00+00:00'
[2024-09-27T19:43:14.071+0000] {logging_mixin.py:190} INFO - Task instance is in running state
[2024-09-27T19:43:14.075+0000] {logging_mixin.py:190} INFO -  Previous state of the Task instance: queued
[2024-09-27T19:43:14.087+0000] {logging_mixin.py:190} INFO - Current task name:create_company_table state:running start_date:2024-09-27 19:43:12.936083+00:00
[2024-09-27T19:43:14.107+0000] {logging_mixin.py:190} INFO - Dag name:scrape_and_save_share_prices_with_company_data and current dag run status:running
[2024-09-27T19:43:14.108+0000] {taskinstance.py:731} INFO - ::endgroup::
[2024-09-27T19:43:14.223+0000] {base.py:84} INFO - Retrieving connection 'dse_connection'
[2024-09-27T19:43:33.394+0000] {local_task_job_runner.py:346} WARNING - State of this instance has been externally set to failed. Terminating instance.
[2024-09-27T19:43:33.394+0000] {local_task_job_runner.py:245} INFO - ::endgroup::
[2024-09-27T19:43:33.397+0000] {process_utils.py:132} INFO - Sending 15 to group 653. PIDs of all processes in the group: [653]
[2024-09-27T19:43:33.398+0000] {process_utils.py:87} INFO - Sending the signal 15 to group 653
[2024-09-27T19:43:35.283+0000] {taskinstance.py:3092} ERROR - Received SIGTERM. Terminating subprocesses.
[2024-09-27T19:43:35.328+0000] {taskinstance.py:340} INFO - ::group::Post task execution logs
[2024-09-27T19:43:35.355+0000] {process_utils.py:80} INFO - Process psutil.Process(pid=653, status='terminated', exitcode=0, started='19:43:12') (653) terminated with exit code 0
[2024-09-27T23:18:41.199+0000] {local_task_job_runner.py:123} INFO - ::group::Pre task execution logs
[2024-09-27T23:18:41.254+0000] {taskinstance.py:2612} INFO - Dependencies all met for dep_context=non-requeueable deps ti=<TaskInstance: scrape_and_save_share_prices_with_company_data.create_company_table scheduled__2024-04-28T00:00:00+00:00 [queued]>
[2024-09-27T23:18:41.286+0000] {taskinstance.py:2612} INFO - Dependencies all met for dep_context=requeueable deps ti=<TaskInstance: scrape_and_save_share_prices_with_company_data.create_company_table scheduled__2024-04-28T00:00:00+00:00 [queued]>
[2024-09-27T23:18:41.288+0000] {taskinstance.py:2865} INFO - Starting attempt 1 of 2
[2024-09-27T23:18:41.347+0000] {taskinstance.py:2888} INFO - Executing <Task(PythonOperator): create_company_table> on 2024-04-28 00:00:00+00:00
[2024-09-27T23:18:41.364+0000] {warnings.py:112} WARNING - /home/***/.local/lib/python3.12/site-packages/***/task/task_runner/standard_task_runner.py:70: DeprecationWarning: This process (pid=4026) is multi-threaded, use of fork() may lead to deadlocks in the child.
  pid = os.fork()

[2024-09-27T23:18:41.368+0000] {standard_task_runner.py:72} INFO - Started process 4038 to run task
[2024-09-27T23:18:41.372+0000] {standard_task_runner.py:104} INFO - Running: ['***', 'tasks', 'run', 'scrape_and_save_share_prices_with_company_data', 'create_company_table', 'scheduled__2024-04-28T00:00:00+00:00', '--job-id', '3452', '--raw', '--subdir', 'DAGS_FOLDER/dag.py', '--cfg-path', '/tmp/tmp0vixo0bi']
[2024-09-27T23:18:41.375+0000] {standard_task_runner.py:105} INFO - Job 3452: Subtask create_company_table
[2024-09-27T23:18:41.595+0000] {task_command.py:467} INFO - Running <TaskInstance: scrape_and_save_share_prices_with_company_data.create_company_table scheduled__2024-04-28T00:00:00+00:00 [running]> on host 7746de5121f6
[2024-09-27T23:18:41.909+0000] {taskinstance.py:3131} INFO - Exporting env vars: AIRFLOW_CTX_DAG_OWNER='***' AIRFLOW_CTX_DAG_ID='scrape_and_save_share_prices_with_company_data' AIRFLOW_CTX_TASK_ID='create_company_table' AIRFLOW_CTX_EXECUTION_DATE='2024-04-28T00:00:00+00:00' AIRFLOW_CTX_TRY_NUMBER='1' AIRFLOW_CTX_DAG_RUN_ID='scheduled__2024-04-28T00:00:00+00:00'
[2024-09-27T23:18:41.914+0000] {logging_mixin.py:190} INFO - Task instance is in running state
[2024-09-27T23:18:41.920+0000] {logging_mixin.py:190} INFO -  Previous state of the Task instance: queued
[2024-09-27T23:18:41.922+0000] {logging_mixin.py:190} INFO - Current task name:create_company_table state:running start_date:2024-09-27 23:18:41.256113+00:00
[2024-09-27T23:18:41.941+0000] {logging_mixin.py:190} INFO - Dag name:scrape_and_save_share_prices_with_company_data and current dag run status:running
[2024-09-27T23:18:41.942+0000] {taskinstance.py:731} INFO - ::endgroup::
[2024-09-27T23:18:41.963+0000] {base.py:84} INFO - Retrieving connection 'dse_connection'
[2024-09-27T23:18:41.988+0000] {sql.py:509} INFO - Running statement: 
        CREATE TABLE IF NOT EXISTS company_list (
            company_id SERIAL PRIMARY KEY,
            company_trade_name VARCHAR(255) NOT NULL,
            company_url VARCHAR(255) NOT NULL,
            UNIQUE(company_trade_name)
        );
    , parameters: None
[2024-09-27T23:18:42.000+0000] {python.py:240} INFO - Done. Returned value was: None
[2024-09-27T23:18:42.033+0000] {taskinstance.py:340} INFO - ::group::Post task execution logs
[2024-09-27T23:18:42.052+0000] {taskinstance.py:352} INFO - Marking task as SUCCESS. dag_id=scrape_and_save_share_prices_with_company_data, task_id=create_company_table, run_id=scheduled__2024-04-28T00:00:00+00:00, execution_date=20240428T000000, start_date=20240927T231841, end_date=20240927T231842
[2024-09-27T23:18:42.092+0000] {logging_mixin.py:190} INFO - Task instance in success state
[2024-09-27T23:18:42.094+0000] {logging_mixin.py:190} INFO -  Previous state of the Task instance: running
[2024-09-27T23:18:42.095+0000] {logging_mixin.py:190} INFO - Dag name:scrape_and_save_share_prices_with_company_data queued_at:2024-09-27 23:18:33.113453+00:00
[2024-09-27T23:18:42.096+0000] {logging_mixin.py:190} INFO - Task hostname:7746de5121f6 operator:PythonOperator
[2024-09-27T23:18:42.153+0000] {local_task_job_runner.py:266} INFO - Task exited with return code 0
[2024-09-27T23:18:42.247+0000] {taskinstance.py:3900} INFO - 1 downstream tasks scheduled from follow-on schedule check
[2024-09-27T23:18:42.258+0000] {local_task_job_runner.py:245} INFO - ::endgroup::
