[2024-09-27T23:24:55.065+0000] {local_task_job_runner.py:123} INFO - ::group::Pre task execution logs
[2024-09-27T23:24:55.104+0000] {taskinstance.py:2612} INFO - Dependencies all met for dep_context=non-requeueable deps ti=<TaskInstance: scrape_and_save_share_prices_with_company_data.create_company_table scheduled__2024-05-28T00:00:00+00:00 [queued]>
[2024-09-27T23:24:55.166+0000] {taskinstance.py:2612} INFO - Dependencies all met for dep_context=requeueable deps ti=<TaskInstance: scrape_and_save_share_prices_with_company_data.create_company_table scheduled__2024-05-28T00:00:00+00:00 [queued]>
[2024-09-27T23:24:55.176+0000] {taskinstance.py:2865} INFO - Starting attempt 1 of 2
[2024-09-27T23:24:55.331+0000] {taskinstance.py:2888} INFO - Executing <Task(PythonOperator): create_company_table> on 2024-05-28 00:00:00+00:00
[2024-09-27T23:24:55.448+0000] {warnings.py:112} WARNING - /home/***/.local/lib/python3.12/site-packages/***/task/task_runner/standard_task_runner.py:70: DeprecationWarning: This process (pid=4564) is multi-threaded, use of fork() may lead to deadlocks in the child.
  pid = os.fork()

[2024-09-27T23:24:55.462+0000] {standard_task_runner.py:104} INFO - Running: ['***', 'tasks', 'run', 'scrape_and_save_share_prices_with_company_data', 'create_company_table', 'scheduled__2024-05-28T00:00:00+00:00', '--job-id', '3571', '--raw', '--subdir', 'DAGS_FOLDER/dag.py', '--cfg-path', '/tmp/tmpg4jnn5cy']
[2024-09-27T23:24:55.463+0000] {standard_task_runner.py:72} INFO - Started process 4580 to run task
[2024-09-27T23:24:55.465+0000] {standard_task_runner.py:105} INFO - Job 3571: Subtask create_company_table
[2024-09-27T23:24:56.142+0000] {task_command.py:467} INFO - Running <TaskInstance: scrape_and_save_share_prices_with_company_data.create_company_table scheduled__2024-05-28T00:00:00+00:00 [running]> on host 7746de5121f6
[2024-09-27T23:24:56.857+0000] {taskinstance.py:3131} INFO - Exporting env vars: AIRFLOW_CTX_DAG_OWNER='***' AIRFLOW_CTX_DAG_ID='scrape_and_save_share_prices_with_company_data' AIRFLOW_CTX_TASK_ID='create_company_table' AIRFLOW_CTX_EXECUTION_DATE='2024-05-28T00:00:00+00:00' AIRFLOW_CTX_TRY_NUMBER='1' AIRFLOW_CTX_DAG_RUN_ID='scheduled__2024-05-28T00:00:00+00:00'
[2024-09-27T23:24:56.873+0000] {logging_mixin.py:190} INFO - Task instance is in running state
[2024-09-27T23:24:56.875+0000] {logging_mixin.py:190} INFO -  Previous state of the Task instance: queued
[2024-09-27T23:24:56.876+0000] {logging_mixin.py:190} INFO - Current task name:create_company_table state:running start_date:2024-09-27 23:24:55.105562+00:00
[2024-09-27T23:24:56.891+0000] {logging_mixin.py:190} INFO - Dag name:scrape_and_save_share_prices_with_company_data and current dag run status:running
[2024-09-27T23:24:56.896+0000] {taskinstance.py:731} INFO - ::endgroup::
[2024-09-27T23:24:56.970+0000] {base.py:84} INFO - Retrieving connection 'dse_connection'
[2024-09-27T23:24:56.995+0000] {sql.py:509} INFO - Running statement: 
        CREATE TABLE IF NOT EXISTS company_list (
            company_id SERIAL PRIMARY KEY,
            company_trade_name VARCHAR(255) NOT NULL,
            company_url VARCHAR(255) NOT NULL,
            UNIQUE(company_trade_name)
        );
    , parameters: None
[2024-09-27T23:24:57.002+0000] {python.py:240} INFO - Done. Returned value was: None
[2024-09-27T23:24:57.051+0000] {taskinstance.py:340} INFO - ::group::Post task execution logs
[2024-09-27T23:24:57.056+0000] {taskinstance.py:352} INFO - Marking task as SUCCESS. dag_id=scrape_and_save_share_prices_with_company_data, task_id=create_company_table, run_id=scheduled__2024-05-28T00:00:00+00:00, execution_date=20240528T000000, start_date=20240927T232455, end_date=20240927T232457
[2024-09-27T23:24:57.527+0000] {logging_mixin.py:190} INFO - Task instance in success state
[2024-09-27T23:24:57.541+0000] {logging_mixin.py:190} INFO -  Previous state of the Task instance: running
[2024-09-27T23:24:57.543+0000] {logging_mixin.py:190} INFO - Dag name:scrape_and_save_share_prices_with_company_data queued_at:2024-09-27 23:24:44.105815+00:00
[2024-09-27T23:24:57.545+0000] {logging_mixin.py:190} INFO - Task hostname:7746de5121f6 operator:PythonOperator
[2024-09-27T23:24:57.656+0000] {local_task_job_runner.py:266} INFO - Task exited with return code 0
[2024-09-27T23:24:57.844+0000] {taskinstance.py:3900} INFO - 1 downstream tasks scheduled from follow-on schedule check
[2024-09-27T23:24:57.852+0000] {local_task_job_runner.py:245} INFO - ::endgroup::
