[2024-09-27T18:37:17.237+0000] {local_task_job_runner.py:123} INFO - ::group::Pre task execution logs
[2024-09-27T18:37:17.401+0000] {taskinstance.py:2612} INFO - Dependencies all met for dep_context=non-requeueable deps ti=<TaskInstance: scrape_and_save_share_prices_with_company_data.create_company_table scheduled__2024-02-02T00:00:00+00:00 [queued]>
[2024-09-27T18:37:17.437+0000] {taskinstance.py:2612} INFO - Dependencies all met for dep_context=requeueable deps ti=<TaskInstance: scrape_and_save_share_prices_with_company_data.create_company_table scheduled__2024-02-02T00:00:00+00:00 [queued]>
[2024-09-27T18:37:17.445+0000] {taskinstance.py:2865} INFO - Starting attempt 1 of 2
[2024-09-27T18:37:17.613+0000] {taskinstance.py:2888} INFO - Executing <Task(PythonOperator): create_company_table> on 2024-02-02 00:00:00+00:00
[2024-09-27T18:37:17.645+0000] {standard_task_runner.py:104} INFO - Running: ['***', 'tasks', 'run', 'scrape_and_save_share_prices_with_company_data', 'create_company_table', 'scheduled__2024-02-02T00:00:00+00:00', '--job-id', '1591', '--raw', '--subdir', 'DAGS_FOLDER/dag.py', '--cfg-path', '/tmp/tmpq0631pav']
[2024-09-27T18:37:17.650+0000] {standard_task_runner.py:105} INFO - Job 1591: Subtask create_company_table
[2024-09-27T18:37:17.629+0000] {warnings.py:112} WARNING - /home/***/.local/lib/python3.12/site-packages/***/task/task_runner/standard_task_runner.py:70: DeprecationWarning: This process (pid=14003) is multi-threaded, use of fork() may lead to deadlocks in the child.
  pid = os.fork()

[2024-09-27T18:37:17.677+0000] {standard_task_runner.py:72} INFO - Started process 14030 to run task
[2024-09-27T18:37:17.989+0000] {task_command.py:467} INFO - Running <TaskInstance: scrape_and_save_share_prices_with_company_data.create_company_table scheduled__2024-02-02T00:00:00+00:00 [running]> on host 13b5797a93ab
[2024-09-27T18:37:18.876+0000] {taskinstance.py:3131} INFO - Exporting env vars: AIRFLOW_CTX_DAG_OWNER='***' AIRFLOW_CTX_DAG_ID='scrape_and_save_share_prices_with_company_data' AIRFLOW_CTX_TASK_ID='create_company_table' AIRFLOW_CTX_EXECUTION_DATE='2024-02-02T00:00:00+00:00' AIRFLOW_CTX_TRY_NUMBER='1' AIRFLOW_CTX_DAG_RUN_ID='scheduled__2024-02-02T00:00:00+00:00'
[2024-09-27T18:37:18.921+0000] {logging_mixin.py:190} INFO - Task instance is in running state
[2024-09-27T18:37:18.924+0000] {logging_mixin.py:190} INFO -  Previous state of the Task instance: queued
[2024-09-27T18:37:18.925+0000] {logging_mixin.py:190} INFO - Current task name:create_company_table state:running start_date:2024-09-27 18:37:17.404612+00:00
[2024-09-27T18:37:18.931+0000] {logging_mixin.py:190} INFO - Dag name:scrape_and_save_share_prices_with_company_data and current dag run status:running
[2024-09-27T18:37:18.932+0000] {taskinstance.py:731} INFO - ::endgroup::
[2024-09-27T18:37:19.031+0000] {base.py:84} INFO - Retrieving connection 'dse_connection'
[2024-09-27T18:37:19.081+0000] {sql.py:509} INFO - Running statement: 
        CREATE TABLE IF NOT EXISTS company_list (
            company_id SERIAL PRIMARY KEY,
            company_trade_name VARCHAR(255) NOT NULL,
            company_url VARCHAR(255) NOT NULL,
            UNIQUE(company_trade_name)
        );
    , parameters: None
[2024-09-27T18:37:19.100+0000] {python.py:240} INFO - Done. Returned value was: None
[2024-09-27T18:37:19.165+0000] {taskinstance.py:340} INFO - ::group::Post task execution logs
[2024-09-27T18:37:19.171+0000] {taskinstance.py:352} INFO - Marking task as SUCCESS. dag_id=scrape_and_save_share_prices_with_company_data, task_id=create_company_table, run_id=scheduled__2024-02-02T00:00:00+00:00, execution_date=20240202T000000, start_date=20240927T183717, end_date=20240927T183719
[2024-09-27T18:37:19.261+0000] {logging_mixin.py:190} INFO - Task instance in success state
[2024-09-27T18:37:19.265+0000] {logging_mixin.py:190} INFO -  Previous state of the Task instance: running
[2024-09-27T18:37:19.269+0000] {logging_mixin.py:190} INFO - Dag name:scrape_and_save_share_prices_with_company_data queued_at:2024-09-27 18:37:06.464077+00:00
[2024-09-27T18:37:19.280+0000] {logging_mixin.py:190} INFO - Task hostname:13b5797a93ab operator:PythonOperator
[2024-09-27T18:37:19.394+0000] {local_task_job_runner.py:266} INFO - Task exited with return code 0
[2024-09-27T18:37:19.591+0000] {taskinstance.py:3900} INFO - 1 downstream tasks scheduled from follow-on schedule check
[2024-09-27T18:37:19.613+0000] {local_task_job_runner.py:245} INFO - ::endgroup::
[2024-09-27T23:02:46.728+0000] {local_task_job_runner.py:123} INFO - ::group::Pre task execution logs
[2024-09-27T23:02:46.826+0000] {taskinstance.py:2612} INFO - Dependencies all met for dep_context=non-requeueable deps ti=<TaskInstance: scrape_and_save_share_prices_with_company_data.create_company_table scheduled__2024-02-02T00:00:00+00:00 [queued]>
[2024-09-27T23:02:46.891+0000] {taskinstance.py:2612} INFO - Dependencies all met for dep_context=requeueable deps ti=<TaskInstance: scrape_and_save_share_prices_with_company_data.create_company_table scheduled__2024-02-02T00:00:00+00:00 [queued]>
[2024-09-27T23:02:46.892+0000] {taskinstance.py:2865} INFO - Starting attempt 1 of 2
[2024-09-27T23:02:46.953+0000] {taskinstance.py:2888} INFO - Executing <Task(PythonOperator): create_company_table> on 2024-02-02 00:00:00+00:00
[2024-09-27T23:02:46.984+0000] {warnings.py:112} WARNING - /home/***/.local/lib/python3.12/site-packages/***/task/task_runner/standard_task_runner.py:70: DeprecationWarning: This process (pid=2517) is multi-threaded, use of fork() may lead to deadlocks in the child.
  pid = os.fork()

[2024-09-27T23:02:46.988+0000] {standard_task_runner.py:72} INFO - Started process 2533 to run task
[2024-09-27T23:02:47.006+0000] {standard_task_runner.py:104} INFO - Running: ['***', 'tasks', 'run', 'scrape_and_save_share_prices_with_company_data', 'create_company_table', 'scheduled__2024-02-02T00:00:00+00:00', '--job-id', '3117', '--raw', '--subdir', 'DAGS_FOLDER/dag.py', '--cfg-path', '/tmp/tmpm1upp9_q']
[2024-09-27T23:02:47.008+0000] {standard_task_runner.py:105} INFO - Job 3117: Subtask create_company_table
[2024-09-27T23:02:47.227+0000] {task_command.py:467} INFO - Running <TaskInstance: scrape_and_save_share_prices_with_company_data.create_company_table scheduled__2024-02-02T00:00:00+00:00 [running]> on host 7746de5121f6
[2024-09-27T23:02:47.711+0000] {taskinstance.py:3131} INFO - Exporting env vars: AIRFLOW_CTX_DAG_OWNER='***' AIRFLOW_CTX_DAG_ID='scrape_and_save_share_prices_with_company_data' AIRFLOW_CTX_TASK_ID='create_company_table' AIRFLOW_CTX_EXECUTION_DATE='2024-02-02T00:00:00+00:00' AIRFLOW_CTX_TRY_NUMBER='1' AIRFLOW_CTX_DAG_RUN_ID='scheduled__2024-02-02T00:00:00+00:00'
[2024-09-27T23:02:47.713+0000] {logging_mixin.py:190} INFO - Task instance is in running state
[2024-09-27T23:02:47.714+0000] {logging_mixin.py:190} INFO -  Previous state of the Task instance: queued
[2024-09-27T23:02:47.715+0000] {logging_mixin.py:190} INFO - Current task name:create_company_table state:running start_date:2024-09-27 23:02:46.827792+00:00
[2024-09-27T23:02:47.717+0000] {logging_mixin.py:190} INFO - Dag name:scrape_and_save_share_prices_with_company_data and current dag run status:running
[2024-09-27T23:02:47.718+0000] {taskinstance.py:731} INFO - ::endgroup::
[2024-09-27T23:02:47.780+0000] {base.py:84} INFO - Retrieving connection 'dse_connection'
[2024-09-27T23:02:47.812+0000] {sql.py:509} INFO - Running statement: 
        CREATE TABLE IF NOT EXISTS company_list (
            company_id SERIAL PRIMARY KEY,
            company_trade_name VARCHAR(255) NOT NULL,
            company_url VARCHAR(255) NOT NULL,
            UNIQUE(company_trade_name)
        );
    , parameters: None
[2024-09-27T23:02:47.850+0000] {python.py:240} INFO - Done. Returned value was: None
[2024-09-27T23:02:47.918+0000] {taskinstance.py:340} INFO - ::group::Post task execution logs
[2024-09-27T23:02:47.921+0000] {taskinstance.py:352} INFO - Marking task as SUCCESS. dag_id=scrape_and_save_share_prices_with_company_data, task_id=create_company_table, run_id=scheduled__2024-02-02T00:00:00+00:00, execution_date=20240202T000000, start_date=20240927T230246, end_date=20240927T230247
[2024-09-27T23:02:47.972+0000] {logging_mixin.py:190} INFO - Task instance in success state
[2024-09-27T23:02:47.978+0000] {logging_mixin.py:190} INFO -  Previous state of the Task instance: running
[2024-09-27T23:02:47.980+0000] {logging_mixin.py:190} INFO - Dag name:scrape_and_save_share_prices_with_company_data queued_at:2024-09-27 23:02:42.274722+00:00
[2024-09-27T23:02:47.982+0000] {logging_mixin.py:190} INFO - Task hostname:7746de5121f6 operator:PythonOperator
[2024-09-27T23:02:48.050+0000] {local_task_job_runner.py:266} INFO - Task exited with return code 0
[2024-09-27T23:02:48.144+0000] {taskinstance.py:3900} INFO - 1 downstream tasks scheduled from follow-on schedule check
[2024-09-27T23:02:48.160+0000] {local_task_job_runner.py:245} INFO - ::endgroup::
