[2024-09-27T18:12:40.133+0000] {local_task_job_runner.py:123} INFO - ::group::Pre task execution logs
[2024-09-27T18:12:40.242+0000] {taskinstance.py:2612} INFO - Dependencies all met for dep_context=non-requeueable deps ti=<TaskInstance: scrape_and_save_share_prices_with_company_data.create_share_prices_table scheduled__2023-10-17T00:00:00+00:00 [queued]>
[2024-09-27T18:12:40.271+0000] {taskinstance.py:2612} INFO - Dependencies all met for dep_context=requeueable deps ti=<TaskInstance: scrape_and_save_share_prices_with_company_data.create_share_prices_table scheduled__2023-10-17T00:00:00+00:00 [queued]>
[2024-09-27T18:12:40.272+0000] {taskinstance.py:2865} INFO - Starting attempt 1 of 2
[2024-09-27T18:12:40.358+0000] {taskinstance.py:2888} INFO - Executing <Task(PythonOperator): create_share_prices_table> on 2023-10-17 00:00:00+00:00
[2024-09-27T18:12:40.390+0000] {warnings.py:112} WARNING - /home/***/.local/lib/python3.12/site-packages/***/task/task_runner/standard_task_runner.py:70: DeprecationWarning: This process (pid=12086) is multi-threaded, use of fork() may lead to deadlocks in the child.
  pid = os.fork()

[2024-09-27T18:12:40.400+0000] {standard_task_runner.py:72} INFO - Started process 12108 to run task
[2024-09-27T18:12:40.403+0000] {standard_task_runner.py:104} INFO - Running: ['***', 'tasks', 'run', 'scrape_and_save_share_prices_with_company_data', 'create_share_prices_table', 'scheduled__2023-10-17T00:00:00+00:00', '--job-id', '1171', '--raw', '--subdir', 'DAGS_FOLDER/dag.py', '--cfg-path', '/tmp/tmps5p_qdx8']
[2024-09-27T18:12:40.414+0000] {standard_task_runner.py:105} INFO - Job 1171: Subtask create_share_prices_table
[2024-09-27T18:12:40.669+0000] {task_command.py:467} INFO - Running <TaskInstance: scrape_and_save_share_prices_with_company_data.create_share_prices_table scheduled__2023-10-17T00:00:00+00:00 [running]> on host 13b5797a93ab
[2024-09-27T18:12:41.110+0000] {taskinstance.py:3131} INFO - Exporting env vars: AIRFLOW_CTX_DAG_OWNER='***' AIRFLOW_CTX_DAG_ID='scrape_and_save_share_prices_with_company_data' AIRFLOW_CTX_TASK_ID='create_share_prices_table' AIRFLOW_CTX_EXECUTION_DATE='2023-10-17T00:00:00+00:00' AIRFLOW_CTX_TRY_NUMBER='1' AIRFLOW_CTX_DAG_RUN_ID='scheduled__2023-10-17T00:00:00+00:00'
[2024-09-27T18:12:41.125+0000] {logging_mixin.py:190} INFO - Task instance is in running state
[2024-09-27T18:12:41.127+0000] {logging_mixin.py:190} INFO -  Previous state of the Task instance: queued
[2024-09-27T18:12:41.132+0000] {logging_mixin.py:190} INFO - Current task name:create_share_prices_table state:running start_date:2024-09-27 18:12:40.243946+00:00
[2024-09-27T18:12:41.134+0000] {logging_mixin.py:190} INFO - Dag name:scrape_and_save_share_prices_with_company_data and current dag run status:running
[2024-09-27T18:12:41.135+0000] {taskinstance.py:731} INFO - ::endgroup::
[2024-09-27T18:12:41.186+0000] {base.py:84} INFO - Retrieving connection 'dse_connection'
[2024-09-27T18:12:41.206+0000] {sql.py:509} INFO - Running statement: 
        CREATE TABLE IF NOT EXISTS company_share_prices (
            id SERIAL,
            company_id INTEGER NOT NULL,
            date DATE,
            latest_trading_price VARCHAR(50),
            low_price VARCHAR(50),
            high_price VARCHAR(50),
            closing_price VARCHAR(50),
            ycp VARCHAR(50),
            change VARCHAR(10),
            trade VARCHAR(50),
            value VARCHAR(50),
            volume VARCHAR(50),
            PRIMARY KEY(company_id, id),
            FOREIGN KEY(company_id)
                REFERENCES company_list(company_id)
                ON UPDATE CASCADE ON DELETE CASCADE
        );
    , parameters: None
[2024-09-27T18:12:41.209+0000] {python.py:240} INFO - Done. Returned value was: None
[2024-09-27T18:12:41.279+0000] {taskinstance.py:340} INFO - ::group::Post task execution logs
[2024-09-27T18:12:41.285+0000] {taskinstance.py:352} INFO - Marking task as SUCCESS. dag_id=scrape_and_save_share_prices_with_company_data, task_id=create_share_prices_table, run_id=scheduled__2023-10-17T00:00:00+00:00, execution_date=20231017T000000, start_date=20240927T181240, end_date=20240927T181241
[2024-09-27T18:12:41.347+0000] {logging_mixin.py:190} INFO - Task instance in success state
[2024-09-27T18:12:41.365+0000] {logging_mixin.py:190} INFO -  Previous state of the Task instance: running
[2024-09-27T18:12:41.369+0000] {logging_mixin.py:190} INFO - Dag name:scrape_and_save_share_prices_with_company_data queued_at:2024-09-27 18:11:33.277724+00:00
[2024-09-27T18:12:41.370+0000] {logging_mixin.py:190} INFO - Task hostname:13b5797a93ab operator:PythonOperator
[2024-09-27T18:12:41.410+0000] {local_task_job_runner.py:266} INFO - Task exited with return code 0
[2024-09-27T18:12:41.455+0000] {local_task_job_runner.py:245} INFO - ::endgroup::
[2024-09-27T22:40:12.096+0000] {local_task_job_runner.py:123} INFO - ::group::Pre task execution logs
[2024-09-27T22:40:12.173+0000] {taskinstance.py:2612} INFO - Dependencies all met for dep_context=non-requeueable deps ti=<TaskInstance: scrape_and_save_share_prices_with_company_data.create_share_prices_table scheduled__2023-10-17T00:00:00+00:00 [queued]>
[2024-09-27T22:40:12.209+0000] {taskinstance.py:2612} INFO - Dependencies all met for dep_context=requeueable deps ti=<TaskInstance: scrape_and_save_share_prices_with_company_data.create_share_prices_table scheduled__2023-10-17T00:00:00+00:00 [queued]>
[2024-09-27T22:40:12.210+0000] {taskinstance.py:2865} INFO - Starting attempt 1 of 2
[2024-09-27T22:40:12.251+0000] {taskinstance.py:2888} INFO - Executing <Task(PythonOperator): create_share_prices_table> on 2023-10-17 00:00:00+00:00
[2024-09-27T22:40:12.274+0000] {standard_task_runner.py:104} INFO - Running: ['***', 'tasks', 'run', 'scrape_and_save_share_prices_with_company_data', 'create_share_prices_table', 'scheduled__2023-10-17T00:00:00+00:00', '--job-id', '2661', '--raw', '--subdir', 'DAGS_FOLDER/dag.py', '--cfg-path', '/tmp/tmper7b72x0']
[2024-09-27T22:40:12.284+0000] {standard_task_runner.py:105} INFO - Job 2661: Subtask create_share_prices_table
[2024-09-27T22:40:12.298+0000] {warnings.py:112} WARNING - /home/***/.local/lib/python3.12/site-packages/***/task/task_runner/standard_task_runner.py:70: DeprecationWarning: This process (pid=477) is multi-threaded, use of fork() may lead to deadlocks in the child.
  pid = os.fork()

[2024-09-27T22:40:12.301+0000] {standard_task_runner.py:72} INFO - Started process 489 to run task
[2024-09-27T22:40:12.479+0000] {task_command.py:467} INFO - Running <TaskInstance: scrape_and_save_share_prices_with_company_data.create_share_prices_table scheduled__2023-10-17T00:00:00+00:00 [running]> on host 7746de5121f6
[2024-09-27T22:40:12.828+0000] {taskinstance.py:3131} INFO - Exporting env vars: AIRFLOW_CTX_DAG_OWNER='***' AIRFLOW_CTX_DAG_ID='scrape_and_save_share_prices_with_company_data' AIRFLOW_CTX_TASK_ID='create_share_prices_table' AIRFLOW_CTX_EXECUTION_DATE='2023-10-17T00:00:00+00:00' AIRFLOW_CTX_TRY_NUMBER='1' AIRFLOW_CTX_DAG_RUN_ID='scheduled__2023-10-17T00:00:00+00:00'
[2024-09-27T22:40:12.839+0000] {logging_mixin.py:190} INFO - Task instance is in running state
[2024-09-27T22:40:12.841+0000] {logging_mixin.py:190} INFO -  Previous state of the Task instance: queued
[2024-09-27T22:40:12.842+0000] {logging_mixin.py:190} INFO - Current task name:create_share_prices_table state:running start_date:2024-09-27 22:40:12.174437+00:00
[2024-09-27T22:40:12.850+0000] {logging_mixin.py:190} INFO - Dag name:scrape_and_save_share_prices_with_company_data and current dag run status:running
[2024-09-27T22:40:12.854+0000] {taskinstance.py:731} INFO - ::endgroup::
[2024-09-27T22:40:12.899+0000] {base.py:84} INFO - Retrieving connection 'dse_connection'
[2024-09-27T22:40:12.918+0000] {sql.py:509} INFO - Running statement: 
        CREATE TABLE IF NOT EXISTS company_share_prices (
            id SERIAL,
            company_id INTEGER NOT NULL,
            date DATE,
            latest_trading_price VARCHAR(50),
            low_price VARCHAR(50),
            high_price VARCHAR(50),
            closing_price VARCHAR(50),
            ycp VARCHAR(50),
            change VARCHAR(10),
            trade VARCHAR(50),
            value VARCHAR(50),
            volume VARCHAR(50),
            PRIMARY KEY(company_id, id),
            FOREIGN KEY(company_id)
                REFERENCES company_list(company_id)
                ON UPDATE CASCADE ON DELETE CASCADE
        );
    , parameters: None
[2024-09-27T22:40:12.926+0000] {python.py:240} INFO - Done. Returned value was: None
[2024-09-27T22:40:13.010+0000] {taskinstance.py:340} INFO - ::group::Post task execution logs
[2024-09-27T22:40:13.012+0000] {taskinstance.py:352} INFO - Marking task as SUCCESS. dag_id=scrape_and_save_share_prices_with_company_data, task_id=create_share_prices_table, run_id=scheduled__2023-10-17T00:00:00+00:00, execution_date=20231017T000000, start_date=20240927T224012, end_date=20240927T224013
[2024-09-27T22:40:13.044+0000] {logging_mixin.py:190} INFO - Task instance in success state
[2024-09-27T22:40:13.045+0000] {logging_mixin.py:190} INFO -  Previous state of the Task instance: running
[2024-09-27T22:40:13.046+0000] {logging_mixin.py:190} INFO - Dag name:scrape_and_save_share_prices_with_company_data queued_at:2024-09-27 22:39:09.091329+00:00
[2024-09-27T22:40:13.050+0000] {logging_mixin.py:190} INFO - Task hostname:7746de5121f6 operator:PythonOperator
[2024-09-27T22:40:13.129+0000] {local_task_job_runner.py:266} INFO - Task exited with return code 0
[2024-09-27T22:40:13.168+0000] {local_task_job_runner.py:245} INFO - ::endgroup::
