[2024-09-27T18:22:14.551+0000] {local_task_job_runner.py:123} INFO - ::group::Pre task execution logs
[2024-09-27T18:22:14.740+0000] {taskinstance.py:2612} INFO - Dependencies all met for dep_context=non-requeueable deps ti=<TaskInstance: scrape_and_save_share_prices_with_company_data.create_share_prices_table scheduled__2023-11-23T00:00:00+00:00 [queued]>
[2024-09-27T18:22:14.863+0000] {taskinstance.py:2612} INFO - Dependencies all met for dep_context=requeueable deps ti=<TaskInstance: scrape_and_save_share_prices_with_company_data.create_share_prices_table scheduled__2023-11-23T00:00:00+00:00 [queued]>
[2024-09-27T18:22:14.908+0000] {taskinstance.py:2865} INFO - Starting attempt 1 of 2
[2024-09-27T18:22:15.031+0000] {taskinstance.py:2888} INFO - Executing <Task(PythonOperator): create_share_prices_table> on 2023-11-23 00:00:00+00:00
[2024-09-27T18:22:15.114+0000] {warnings.py:112} WARNING - /home/***/.local/lib/python3.12/site-packages/***/task/task_runner/standard_task_runner.py:70: DeprecationWarning: This process (pid=12820) is multi-threaded, use of fork() may lead to deadlocks in the child.
  pid = os.fork()

[2024-09-27T18:22:15.150+0000] {standard_task_runner.py:72} INFO - Started process 12847 to run task
[2024-09-27T18:22:15.211+0000] {standard_task_runner.py:104} INFO - Running: ['***', 'tasks', 'run', 'scrape_and_save_share_prices_with_company_data', 'create_share_prices_table', 'scheduled__2023-11-23T00:00:00+00:00', '--job-id', '1329', '--raw', '--subdir', 'DAGS_FOLDER/dag.py', '--cfg-path', '/tmp/tmpbo8uaiaq']
[2024-09-27T18:22:15.240+0000] {standard_task_runner.py:105} INFO - Job 1329: Subtask create_share_prices_table
[2024-09-27T18:22:15.624+0000] {task_command.py:467} INFO - Running <TaskInstance: scrape_and_save_share_prices_with_company_data.create_share_prices_table scheduled__2023-11-23T00:00:00+00:00 [running]> on host 13b5797a93ab
[2024-09-27T18:22:16.311+0000] {taskinstance.py:3131} INFO - Exporting env vars: AIRFLOW_CTX_DAG_OWNER='***' AIRFLOW_CTX_DAG_ID='scrape_and_save_share_prices_with_company_data' AIRFLOW_CTX_TASK_ID='create_share_prices_table' AIRFLOW_CTX_EXECUTION_DATE='2023-11-23T00:00:00+00:00' AIRFLOW_CTX_TRY_NUMBER='1' AIRFLOW_CTX_DAG_RUN_ID='scheduled__2023-11-23T00:00:00+00:00'
[2024-09-27T18:22:16.320+0000] {logging_mixin.py:190} INFO - Task instance is in running state
[2024-09-27T18:22:16.324+0000] {logging_mixin.py:190} INFO -  Previous state of the Task instance: queued
[2024-09-27T18:22:16.330+0000] {logging_mixin.py:190} INFO - Current task name:create_share_prices_table state:running start_date:2024-09-27 18:22:14.742514+00:00
[2024-09-27T18:22:16.332+0000] {logging_mixin.py:190} INFO - Dag name:scrape_and_save_share_prices_with_company_data and current dag run status:running
[2024-09-27T18:22:16.334+0000] {taskinstance.py:731} INFO - ::endgroup::
[2024-09-27T18:22:16.421+0000] {base.py:84} INFO - Retrieving connection 'dse_connection'
[2024-09-27T18:22:16.443+0000] {sql.py:509} INFO - Running statement: 
        CREATE TABLE IF NOT EXISTS company_share_prices (
            id SERIAL,
            company_id INTEGER NOT NULL,
            date DATE,
            latest_trading_price VARCHAR(50),
            low_price VARCHAR(50),
            high_price VARCHAR(50),
            closing_price VARCHAR(50),
            ycp VARCHAR(50),
            change VARCHAR(10),
            trade VARCHAR(50),
            value VARCHAR(50),
            volume VARCHAR(50),
            PRIMARY KEY(company_id, id),
            FOREIGN KEY(company_id)
                REFERENCES company_list(company_id)
                ON UPDATE CASCADE ON DELETE CASCADE
        );
    , parameters: None
[2024-09-27T18:22:16.453+0000] {python.py:240} INFO - Done. Returned value was: None
[2024-09-27T18:22:16.514+0000] {taskinstance.py:340} INFO - ::group::Post task execution logs
[2024-09-27T18:22:16.527+0000] {taskinstance.py:352} INFO - Marking task as SUCCESS. dag_id=scrape_and_save_share_prices_with_company_data, task_id=create_share_prices_table, run_id=scheduled__2023-11-23T00:00:00+00:00, execution_date=20231123T000000, start_date=20240927T182214, end_date=20240927T182216
[2024-09-27T18:22:17.020+0000] {logging_mixin.py:190} INFO - Task instance in success state
[2024-09-27T18:22:17.022+0000] {logging_mixin.py:190} INFO -  Previous state of the Task instance: running
[2024-09-27T18:22:17.028+0000] {logging_mixin.py:190} INFO - Dag name:scrape_and_save_share_prices_with_company_data queued_at:2024-09-27 18:20:33.828214+00:00
[2024-09-27T18:22:17.031+0000] {logging_mixin.py:190} INFO - Task hostname:13b5797a93ab operator:PythonOperator
[2024-09-27T18:22:17.091+0000] {local_task_job_runner.py:266} INFO - Task exited with return code 0
[2024-09-27T18:22:17.267+0000] {taskinstance.py:3900} INFO - 1 downstream tasks scheduled from follow-on schedule check
[2024-09-27T18:22:17.293+0000] {local_task_job_runner.py:245} INFO - ::endgroup::
[2024-09-27T22:11:10.846+0000] {local_task_job_runner.py:123} INFO - ::group::Pre task execution logs
[2024-09-27T22:11:10.966+0000] {taskinstance.py:2612} INFO - Dependencies all met for dep_context=non-requeueable deps ti=<TaskInstance: scrape_and_save_share_prices_with_company_data.create_share_prices_table scheduled__2023-11-23T00:00:00+00:00 [queued]>
[2024-09-27T22:11:11.041+0000] {taskinstance.py:2612} INFO - Dependencies all met for dep_context=requeueable deps ti=<TaskInstance: scrape_and_save_share_prices_with_company_data.create_share_prices_table scheduled__2023-11-23T00:00:00+00:00 [queued]>
[2024-09-27T22:11:11.059+0000] {taskinstance.py:2865} INFO - Starting attempt 1 of 2
[2024-09-27T22:11:11.198+0000] {taskinstance.py:2888} INFO - Executing <Task(PythonOperator): create_share_prices_table> on 2023-11-23 00:00:00+00:00
[2024-09-27T22:11:11.227+0000] {warnings.py:112} WARNING - /home/***/.local/lib/python3.12/site-packages/***/task/task_runner/standard_task_runner.py:70: DeprecationWarning: This process (pid=1610) is multi-threaded, use of fork() may lead to deadlocks in the child.
  pid = os.fork()

[2024-09-27T22:11:11.252+0000] {standard_task_runner.py:72} INFO - Started process 1618 to run task
[2024-09-27T22:11:11.242+0000] {standard_task_runner.py:104} INFO - Running: ['***', 'tasks', 'run', 'scrape_and_save_share_prices_with_company_data', 'create_share_prices_table', 'scheduled__2023-11-23T00:00:00+00:00', '--job-id', '2383', '--raw', '--subdir', 'DAGS_FOLDER/dag.py', '--cfg-path', '/tmp/tmp64zdyjlv']
[2024-09-27T22:11:11.256+0000] {standard_task_runner.py:105} INFO - Job 2383: Subtask create_share_prices_table
[2024-09-27T22:11:11.579+0000] {task_command.py:467} INFO - Running <TaskInstance: scrape_and_save_share_prices_with_company_data.create_share_prices_table scheduled__2023-11-23T00:00:00+00:00 [running]> on host fd62fe12432d
[2024-09-27T22:11:12.163+0000] {taskinstance.py:3131} INFO - Exporting env vars: AIRFLOW_CTX_DAG_OWNER='***' AIRFLOW_CTX_DAG_ID='scrape_and_save_share_prices_with_company_data' AIRFLOW_CTX_TASK_ID='create_share_prices_table' AIRFLOW_CTX_EXECUTION_DATE='2023-11-23T00:00:00+00:00' AIRFLOW_CTX_TRY_NUMBER='1' AIRFLOW_CTX_DAG_RUN_ID='scheduled__2023-11-23T00:00:00+00:00'
[2024-09-27T22:11:12.166+0000] {logging_mixin.py:190} INFO - Task instance is in running state
[2024-09-27T22:11:12.169+0000] {logging_mixin.py:190} INFO -  Previous state of the Task instance: queued
[2024-09-27T22:11:12.173+0000] {logging_mixin.py:190} INFO - Current task name:create_share_prices_table state:running start_date:2024-09-27 22:11:10.982394+00:00
[2024-09-27T22:11:12.174+0000] {logging_mixin.py:190} INFO - Dag name:scrape_and_save_share_prices_with_company_data and current dag run status:running
[2024-09-27T22:11:12.175+0000] {taskinstance.py:731} INFO - ::endgroup::
[2024-09-27T22:11:12.255+0000] {base.py:84} INFO - Retrieving connection 'dse_connection'
[2024-09-27T22:11:12.292+0000] {sql.py:509} INFO - Running statement: 
        CREATE TABLE IF NOT EXISTS company_share_prices (
            id SERIAL,
            company_id INTEGER NOT NULL,
            date DATE,
            latest_trading_price VARCHAR(50),
            low_price VARCHAR(50),
            high_price VARCHAR(50),
            closing_price VARCHAR(50),
            ycp VARCHAR(50),
            change VARCHAR(10),
            trade VARCHAR(50),
            value VARCHAR(50),
            volume VARCHAR(50),
            PRIMARY KEY(company_id, id),
            FOREIGN KEY(company_id)
                REFERENCES company_list(company_id)
                ON UPDATE CASCADE ON DELETE CASCADE
        );
    , parameters: None
[2024-09-27T22:11:12.295+0000] {python.py:240} INFO - Done. Returned value was: None
[2024-09-27T22:11:12.385+0000] {taskinstance.py:340} INFO - ::group::Post task execution logs
[2024-09-27T22:11:12.402+0000] {taskinstance.py:352} INFO - Marking task as SUCCESS. dag_id=scrape_and_save_share_prices_with_company_data, task_id=create_share_prices_table, run_id=scheduled__2023-11-23T00:00:00+00:00, execution_date=20231123T000000, start_date=20240927T221110, end_date=20240927T221112
[2024-09-27T22:11:12.544+0000] {logging_mixin.py:190} INFO - Task instance in success state
[2024-09-27T22:11:12.546+0000] {logging_mixin.py:190} INFO -  Previous state of the Task instance: running
[2024-09-27T22:11:12.551+0000] {logging_mixin.py:190} INFO - Dag name:scrape_and_save_share_prices_with_company_data queued_at:2024-09-27 22:09:51.455525+00:00
[2024-09-27T22:11:12.557+0000] {logging_mixin.py:190} INFO - Task hostname:fd62fe12432d operator:PythonOperator
[2024-09-27T22:11:12.625+0000] {local_task_job_runner.py:266} INFO - Task exited with return code 0
[2024-09-27T22:11:12.694+0000] {local_task_job_runner.py:245} INFO - ::endgroup::
[2024-09-27T22:51:17.988+0000] {local_task_job_runner.py:123} INFO - ::group::Pre task execution logs
[2024-09-27T22:51:18.110+0000] {taskinstance.py:2612} INFO - Dependencies all met for dep_context=non-requeueable deps ti=<TaskInstance: scrape_and_save_share_prices_with_company_data.create_share_prices_table scheduled__2023-11-23T00:00:00+00:00 [queued]>
[2024-09-27T22:51:18.165+0000] {taskinstance.py:2612} INFO - Dependencies all met for dep_context=requeueable deps ti=<TaskInstance: scrape_and_save_share_prices_with_company_data.create_share_prices_table scheduled__2023-11-23T00:00:00+00:00 [queued]>
[2024-09-27T22:51:18.181+0000] {taskinstance.py:2865} INFO - Starting attempt 1 of 2
[2024-09-27T22:51:18.254+0000] {taskinstance.py:2888} INFO - Executing <Task(PythonOperator): create_share_prices_table> on 2023-11-23 00:00:00+00:00
[2024-09-27T22:51:18.284+0000] {warnings.py:112} WARNING - /home/***/.local/lib/python3.12/site-packages/***/task/task_runner/standard_task_runner.py:70: DeprecationWarning: This process (pid=1355) is multi-threaded, use of fork() may lead to deadlocks in the child.
  pid = os.fork()

[2024-09-27T22:51:18.318+0000] {standard_task_runner.py:72} INFO - Started process 1376 to run task
[2024-09-27T22:51:18.297+0000] {standard_task_runner.py:104} INFO - Running: ['***', 'tasks', 'run', 'scrape_and_save_share_prices_with_company_data', 'create_share_prices_table', 'scheduled__2023-11-23T00:00:00+00:00', '--job-id', '2853', '--raw', '--subdir', 'DAGS_FOLDER/dag.py', '--cfg-path', '/tmp/tmpvktyn_n8']
[2024-09-27T22:51:18.326+0000] {standard_task_runner.py:105} INFO - Job 2853: Subtask create_share_prices_table
[2024-09-27T22:51:18.640+0000] {task_command.py:467} INFO - Running <TaskInstance: scrape_and_save_share_prices_with_company_data.create_share_prices_table scheduled__2023-11-23T00:00:00+00:00 [running]> on host 7746de5121f6
[2024-09-27T22:51:19.498+0000] {taskinstance.py:3131} INFO - Exporting env vars: AIRFLOW_CTX_DAG_OWNER='***' AIRFLOW_CTX_DAG_ID='scrape_and_save_share_prices_with_company_data' AIRFLOW_CTX_TASK_ID='create_share_prices_table' AIRFLOW_CTX_EXECUTION_DATE='2023-11-23T00:00:00+00:00' AIRFLOW_CTX_TRY_NUMBER='1' AIRFLOW_CTX_DAG_RUN_ID='scheduled__2023-11-23T00:00:00+00:00'
[2024-09-27T22:51:19.501+0000] {logging_mixin.py:190} INFO - Task instance is in running state
[2024-09-27T22:51:19.502+0000] {logging_mixin.py:190} INFO -  Previous state of the Task instance: queued
[2024-09-27T22:51:19.503+0000] {logging_mixin.py:190} INFO - Current task name:create_share_prices_table state:running start_date:2024-09-27 22:51:18.119130+00:00
[2024-09-27T22:51:19.504+0000] {logging_mixin.py:190} INFO - Dag name:scrape_and_save_share_prices_with_company_data and current dag run status:running
[2024-09-27T22:51:19.505+0000] {taskinstance.py:731} INFO - ::endgroup::
[2024-09-27T22:51:19.551+0000] {base.py:84} INFO - Retrieving connection 'dse_connection'
[2024-09-27T22:51:19.588+0000] {sql.py:509} INFO - Running statement: 
        CREATE TABLE IF NOT EXISTS company_share_prices (
            id SERIAL,
            company_id INTEGER NOT NULL,
            date DATE,
            latest_trading_price VARCHAR(50),
            low_price VARCHAR(50),
            high_price VARCHAR(50),
            closing_price VARCHAR(50),
            ycp VARCHAR(50),
            change VARCHAR(10),
            trade VARCHAR(50),
            value VARCHAR(50),
            volume VARCHAR(50),
            PRIMARY KEY(company_id, id),
            FOREIGN KEY(company_id)
                REFERENCES company_list(company_id)
                ON UPDATE CASCADE ON DELETE CASCADE
        );
    , parameters: None
[2024-09-27T22:51:19.603+0000] {python.py:240} INFO - Done. Returned value was: None
[2024-09-27T22:51:19.639+0000] {taskinstance.py:340} INFO - ::group::Post task execution logs
[2024-09-27T22:51:19.642+0000] {taskinstance.py:352} INFO - Marking task as SUCCESS. dag_id=scrape_and_save_share_prices_with_company_data, task_id=create_share_prices_table, run_id=scheduled__2023-11-23T00:00:00+00:00, execution_date=20231123T000000, start_date=20240927T225118, end_date=20240927T225119
[2024-09-27T22:51:19.688+0000] {logging_mixin.py:190} INFO - Task instance in success state
[2024-09-27T22:51:19.690+0000] {logging_mixin.py:190} INFO -  Previous state of the Task instance: running
[2024-09-27T22:51:19.691+0000] {logging_mixin.py:190} INFO - Dag name:scrape_and_save_share_prices_with_company_data queued_at:2024-09-27 22:50:07.344392+00:00
[2024-09-27T22:51:19.692+0000] {logging_mixin.py:190} INFO - Task hostname:7746de5121f6 operator:PythonOperator
[2024-09-27T22:51:19.788+0000] {local_task_job_runner.py:266} INFO - Task exited with return code 0
[2024-09-27T22:51:19.909+0000] {taskinstance.py:3900} INFO - 1 downstream tasks scheduled from follow-on schedule check
[2024-09-27T22:51:19.921+0000] {local_task_job_runner.py:245} INFO - ::endgroup::
