[2024-09-27T18:13:39.668+0000] {local_task_job_runner.py:123} INFO - ::group::Pre task execution logs
[2024-09-27T18:13:39.728+0000] {taskinstance.py:2612} INFO - Dependencies all met for dep_context=non-requeueable deps ti=<TaskInstance: scrape_and_save_share_prices_with_company_data.create_company_table scheduled__2023-10-22T00:00:00+00:00 [queued]>
[2024-09-27T18:13:39.835+0000] {taskinstance.py:2612} INFO - Dependencies all met for dep_context=requeueable deps ti=<TaskInstance: scrape_and_save_share_prices_with_company_data.create_company_table scheduled__2023-10-22T00:00:00+00:00 [queued]>
[2024-09-27T18:13:39.836+0000] {taskinstance.py:2865} INFO - Starting attempt 1 of 2
[2024-09-27T18:13:40.104+0000] {taskinstance.py:2888} INFO - Executing <Task(PythonOperator): create_company_table> on 2023-10-22 00:00:00+00:00
[2024-09-27T18:13:40.183+0000] {warnings.py:112} WARNING - /home/***/.local/lib/python3.12/site-packages/***/task/task_runner/standard_task_runner.py:70: DeprecationWarning: This process (pid=12173) is multi-threaded, use of fork() may lead to deadlocks in the child.
  pid = os.fork()

[2024-09-27T18:13:40.188+0000] {standard_task_runner.py:72} INFO - Started process 12193 to run task
[2024-09-27T18:13:40.192+0000] {standard_task_runner.py:104} INFO - Running: ['***', 'tasks', 'run', 'scrape_and_save_share_prices_with_company_data', 'create_company_table', 'scheduled__2023-10-22T00:00:00+00:00', '--job-id', '1189', '--raw', '--subdir', 'DAGS_FOLDER/dag.py', '--cfg-path', '/tmp/tmp5uf4n7ss']
[2024-09-27T18:13:40.196+0000] {standard_task_runner.py:105} INFO - Job 1189: Subtask create_company_table
[2024-09-27T18:13:40.387+0000] {task_command.py:467} INFO - Running <TaskInstance: scrape_and_save_share_prices_with_company_data.create_company_table scheduled__2023-10-22T00:00:00+00:00 [running]> on host 13b5797a93ab
[2024-09-27T18:13:40.967+0000] {taskinstance.py:3131} INFO - Exporting env vars: AIRFLOW_CTX_DAG_OWNER='***' AIRFLOW_CTX_DAG_ID='scrape_and_save_share_prices_with_company_data' AIRFLOW_CTX_TASK_ID='create_company_table' AIRFLOW_CTX_EXECUTION_DATE='2023-10-22T00:00:00+00:00' AIRFLOW_CTX_TRY_NUMBER='1' AIRFLOW_CTX_DAG_RUN_ID='scheduled__2023-10-22T00:00:00+00:00'
[2024-09-27T18:13:40.970+0000] {logging_mixin.py:190} INFO - Task instance is in running state
[2024-09-27T18:13:40.971+0000] {logging_mixin.py:190} INFO -  Previous state of the Task instance: queued
[2024-09-27T18:13:40.972+0000] {logging_mixin.py:190} INFO - Current task name:create_company_table state:running start_date:2024-09-27 18:13:39.740128+00:00
[2024-09-27T18:13:40.973+0000] {logging_mixin.py:190} INFO - Dag name:scrape_and_save_share_prices_with_company_data and current dag run status:running
[2024-09-27T18:13:40.974+0000] {taskinstance.py:731} INFO - ::endgroup::
[2024-09-27T18:13:41.033+0000] {base.py:84} INFO - Retrieving connection 'dse_connection'
[2024-09-27T18:13:41.057+0000] {sql.py:509} INFO - Running statement: 
        CREATE TABLE IF NOT EXISTS company_list (
            company_id SERIAL PRIMARY KEY,
            company_trade_name VARCHAR(255) NOT NULL,
            company_url VARCHAR(255) NOT NULL,
            UNIQUE(company_trade_name)
        );
    , parameters: None
[2024-09-27T18:13:41.087+0000] {python.py:240} INFO - Done. Returned value was: None
[2024-09-27T18:13:41.129+0000] {taskinstance.py:340} INFO - ::group::Post task execution logs
[2024-09-27T18:13:41.132+0000] {taskinstance.py:352} INFO - Marking task as SUCCESS. dag_id=scrape_and_save_share_prices_with_company_data, task_id=create_company_table, run_id=scheduled__2023-10-22T00:00:00+00:00, execution_date=20231022T000000, start_date=20240927T181339, end_date=20240927T181341
[2024-09-27T18:13:41.178+0000] {logging_mixin.py:190} INFO - Task instance in success state
[2024-09-27T18:13:41.193+0000] {logging_mixin.py:190} INFO -  Previous state of the Task instance: running
[2024-09-27T18:13:41.203+0000] {logging_mixin.py:190} INFO - Dag name:scrape_and_save_share_prices_with_company_data queued_at:2024-09-27 18:13:34.107187+00:00
[2024-09-27T18:13:41.213+0000] {logging_mixin.py:190} INFO - Task hostname:13b5797a93ab operator:PythonOperator
[2024-09-27T18:13:41.276+0000] {local_task_job_runner.py:266} INFO - Task exited with return code 0
[2024-09-27T18:13:41.342+0000] {local_task_job_runner.py:245} INFO - ::endgroup::
[2024-09-27T22:02:53.413+0000] {local_task_job_runner.py:123} INFO - ::group::Pre task execution logs
[2024-09-27T22:02:53.517+0000] {taskinstance.py:2612} INFO - Dependencies all met for dep_context=non-requeueable deps ti=<TaskInstance: scrape_and_save_share_prices_with_company_data.create_company_table scheduled__2023-10-22T00:00:00+00:00 [queued]>
[2024-09-27T22:02:53.569+0000] {taskinstance.py:2612} INFO - Dependencies all met for dep_context=requeueable deps ti=<TaskInstance: scrape_and_save_share_prices_with_company_data.create_company_table scheduled__2023-10-22T00:00:00+00:00 [queued]>
[2024-09-27T22:02:53.570+0000] {taskinstance.py:2865} INFO - Starting attempt 1 of 2
[2024-09-27T22:02:53.674+0000] {taskinstance.py:2888} INFO - Executing <Task(PythonOperator): create_company_table> on 2023-10-22 00:00:00+00:00
[2024-09-27T22:02:53.708+0000] {warnings.py:112} WARNING - /home/***/.local/lib/python3.12/site-packages/***/task/task_runner/standard_task_runner.py:70: DeprecationWarning: This process (pid=947) is multi-threaded, use of fork() may lead to deadlocks in the child.
  pid = os.fork()

[2024-09-27T22:02:53.737+0000] {standard_task_runner.py:72} INFO - Started process 954 to run task
[2024-09-27T22:02:53.729+0000] {standard_task_runner.py:104} INFO - Running: ['***', 'tasks', 'run', 'scrape_and_save_share_prices_with_company_data', 'create_company_table', 'scheduled__2023-10-22T00:00:00+00:00', '--job-id', '2239', '--raw', '--subdir', 'DAGS_FOLDER/dag.py', '--cfg-path', '/tmp/tmp8v16psb5']
[2024-09-27T22:02:53.748+0000] {standard_task_runner.py:105} INFO - Job 2239: Subtask create_company_table
[2024-09-27T22:02:54.040+0000] {task_command.py:467} INFO - Running <TaskInstance: scrape_and_save_share_prices_with_company_data.create_company_table scheduled__2023-10-22T00:00:00+00:00 [running]> on host fd62fe12432d
[2024-09-27T22:02:54.554+0000] {taskinstance.py:3131} INFO - Exporting env vars: AIRFLOW_CTX_DAG_OWNER='***' AIRFLOW_CTX_DAG_ID='scrape_and_save_share_prices_with_company_data' AIRFLOW_CTX_TASK_ID='create_company_table' AIRFLOW_CTX_EXECUTION_DATE='2023-10-22T00:00:00+00:00' AIRFLOW_CTX_TRY_NUMBER='1' AIRFLOW_CTX_DAG_RUN_ID='scheduled__2023-10-22T00:00:00+00:00'
[2024-09-27T22:02:54.557+0000] {logging_mixin.py:190} INFO - Task instance is in running state
[2024-09-27T22:02:54.568+0000] {logging_mixin.py:190} INFO -  Previous state of the Task instance: queued
[2024-09-27T22:02:54.571+0000] {logging_mixin.py:190} INFO - Current task name:create_company_table state:running start_date:2024-09-27 22:02:53.518939+00:00
[2024-09-27T22:02:54.576+0000] {logging_mixin.py:190} INFO - Dag name:scrape_and_save_share_prices_with_company_data and current dag run status:running
[2024-09-27T22:02:54.579+0000] {taskinstance.py:731} INFO - ::endgroup::
[2024-09-27T22:02:54.673+0000] {base.py:84} INFO - Retrieving connection 'dse_connection'
[2024-09-27T22:02:54.694+0000] {sql.py:509} INFO - Running statement: 
        CREATE TABLE IF NOT EXISTS company_list (
            company_id SERIAL PRIMARY KEY,
            company_trade_name VARCHAR(255) NOT NULL,
            company_url VARCHAR(255) NOT NULL,
            UNIQUE(company_trade_name)
        );
    , parameters: None
[2024-09-27T22:02:54.703+0000] {python.py:240} INFO - Done. Returned value was: None
[2024-09-27T22:02:54.771+0000] {taskinstance.py:340} INFO - ::group::Post task execution logs
[2024-09-27T22:02:54.778+0000] {taskinstance.py:352} INFO - Marking task as SUCCESS. dag_id=scrape_and_save_share_prices_with_company_data, task_id=create_company_table, run_id=scheduled__2023-10-22T00:00:00+00:00, execution_date=20231022T000000, start_date=20240927T220253, end_date=20240927T220254
[2024-09-27T22:02:54.811+0000] {logging_mixin.py:190} INFO - Task instance in success state
[2024-09-27T22:02:54.817+0000] {logging_mixin.py:190} INFO -  Previous state of the Task instance: running
[2024-09-27T22:02:54.820+0000] {logging_mixin.py:190} INFO - Dag name:scrape_and_save_share_prices_with_company_data queued_at:2024-09-27 22:02:31.312790+00:00
[2024-09-27T22:02:54.821+0000] {logging_mixin.py:190} INFO - Task hostname:fd62fe12432d operator:PythonOperator
[2024-09-27T22:02:54.890+0000] {local_task_job_runner.py:266} INFO - Task exited with return code 0
[2024-09-27T22:02:55.017+0000] {taskinstance.py:3900} INFO - 1 downstream tasks scheduled from follow-on schedule check
[2024-09-27T22:02:55.023+0000] {local_task_job_runner.py:245} INFO - ::endgroup::
[2024-09-27T22:41:10.344+0000] {local_task_job_runner.py:123} INFO - ::group::Pre task execution logs
[2024-09-27T22:41:10.416+0000] {taskinstance.py:2612} INFO - Dependencies all met for dep_context=non-requeueable deps ti=<TaskInstance: scrape_and_save_share_prices_with_company_data.create_company_table scheduled__2023-10-22T00:00:00+00:00 [queued]>
[2024-09-27T22:41:10.455+0000] {taskinstance.py:2612} INFO - Dependencies all met for dep_context=requeueable deps ti=<TaskInstance: scrape_and_save_share_prices_with_company_data.create_company_table scheduled__2023-10-22T00:00:00+00:00 [queued]>
[2024-09-27T22:41:10.457+0000] {taskinstance.py:2865} INFO - Starting attempt 1 of 2
[2024-09-27T22:41:10.505+0000] {taskinstance.py:2888} INFO - Executing <Task(PythonOperator): create_company_table> on 2023-10-22 00:00:00+00:00
[2024-09-27T22:41:10.522+0000] {warnings.py:112} WARNING - /home/***/.local/lib/python3.12/site-packages/***/task/task_runner/standard_task_runner.py:70: DeprecationWarning: This process (pid=552) is multi-threaded, use of fork() may lead to deadlocks in the child.
  pid = os.fork()

[2024-09-27T22:41:10.526+0000] {standard_task_runner.py:72} INFO - Started process 562 to run task
[2024-09-27T22:41:10.538+0000] {standard_task_runner.py:104} INFO - Running: ['***', 'tasks', 'run', 'scrape_and_save_share_prices_with_company_data', 'create_company_table', 'scheduled__2023-10-22T00:00:00+00:00', '--job-id', '2674', '--raw', '--subdir', 'DAGS_FOLDER/dag.py', '--cfg-path', '/tmp/tmphlukos6o']
[2024-09-27T22:41:10.543+0000] {standard_task_runner.py:105} INFO - Job 2674: Subtask create_company_table
[2024-09-27T22:41:10.710+0000] {task_command.py:467} INFO - Running <TaskInstance: scrape_and_save_share_prices_with_company_data.create_company_table scheduled__2023-10-22T00:00:00+00:00 [running]> on host 7746de5121f6
[2024-09-27T22:41:11.120+0000] {taskinstance.py:3131} INFO - Exporting env vars: AIRFLOW_CTX_DAG_OWNER='***' AIRFLOW_CTX_DAG_ID='scrape_and_save_share_prices_with_company_data' AIRFLOW_CTX_TASK_ID='create_company_table' AIRFLOW_CTX_EXECUTION_DATE='2023-10-22T00:00:00+00:00' AIRFLOW_CTX_TRY_NUMBER='1' AIRFLOW_CTX_DAG_RUN_ID='scheduled__2023-10-22T00:00:00+00:00'
[2024-09-27T22:41:11.140+0000] {logging_mixin.py:190} INFO - Task instance is in running state
[2024-09-27T22:41:11.147+0000] {logging_mixin.py:190} INFO -  Previous state of the Task instance: queued
[2024-09-27T22:41:11.148+0000] {logging_mixin.py:190} INFO - Current task name:create_company_table state:running start_date:2024-09-27 22:41:10.422557+00:00
[2024-09-27T22:41:11.149+0000] {logging_mixin.py:190} INFO - Dag name:scrape_and_save_share_prices_with_company_data and current dag run status:running
[2024-09-27T22:41:11.150+0000] {taskinstance.py:731} INFO - ::endgroup::
[2024-09-27T22:41:11.244+0000] {base.py:84} INFO - Retrieving connection 'dse_connection'
[2024-09-27T22:41:11.309+0000] {sql.py:509} INFO - Running statement: 
        CREATE TABLE IF NOT EXISTS company_list (
            company_id SERIAL PRIMARY KEY,
            company_trade_name VARCHAR(255) NOT NULL,
            company_url VARCHAR(255) NOT NULL,
            UNIQUE(company_trade_name)
        );
    , parameters: None
[2024-09-27T22:41:11.338+0000] {python.py:240} INFO - Done. Returned value was: None
[2024-09-27T22:41:11.402+0000] {taskinstance.py:340} INFO - ::group::Post task execution logs
[2024-09-27T22:41:11.405+0000] {taskinstance.py:352} INFO - Marking task as SUCCESS. dag_id=scrape_and_save_share_prices_with_company_data, task_id=create_company_table, run_id=scheduled__2023-10-22T00:00:00+00:00, execution_date=20231022T000000, start_date=20240927T224110, end_date=20240927T224111
[2024-09-27T22:41:11.487+0000] {logging_mixin.py:190} INFO - Task instance in success state
[2024-09-27T22:41:11.490+0000] {logging_mixin.py:190} INFO -  Previous state of the Task instance: running
[2024-09-27T22:41:11.491+0000] {logging_mixin.py:190} INFO - Dag name:scrape_and_save_share_prices_with_company_data queued_at:2024-09-27 22:41:03.931197+00:00
[2024-09-27T22:41:11.493+0000] {logging_mixin.py:190} INFO - Task hostname:7746de5121f6 operator:PythonOperator
[2024-09-27T22:41:11.546+0000] {local_task_job_runner.py:266} INFO - Task exited with return code 0
[2024-09-27T22:41:11.665+0000] {taskinstance.py:3900} INFO - 1 downstream tasks scheduled from follow-on schedule check
[2024-09-27T22:41:11.671+0000] {local_task_job_runner.py:245} INFO - ::endgroup::
