[2024-09-27T18:31:49.669+0000] {local_task_job_runner.py:123} INFO - ::group::Pre task execution logs
[2024-09-27T18:31:49.754+0000] {taskinstance.py:2612} INFO - Dependencies all met for dep_context=non-requeueable deps ti=<TaskInstance: scrape_and_save_share_prices_with_company_data.create_share_prices_table scheduled__2024-01-01T00:00:00+00:00 [queued]>
[2024-09-27T18:31:49.818+0000] {taskinstance.py:2612} INFO - Dependencies all met for dep_context=requeueable deps ti=<TaskInstance: scrape_and_save_share_prices_with_company_data.create_share_prices_table scheduled__2024-01-01T00:00:00+00:00 [queued]>
[2024-09-27T18:31:49.820+0000] {taskinstance.py:2865} INFO - Starting attempt 1 of 2
[2024-09-27T18:31:49.924+0000] {taskinstance.py:2888} INFO - Executing <Task(PythonOperator): create_share_prices_table> on 2024-01-01 00:00:00+00:00
[2024-09-27T18:31:49.946+0000] {standard_task_runner.py:104} INFO - Running: ['***', 'tasks', 'run', 'scrape_and_save_share_prices_with_company_data', 'create_share_prices_table', 'scheduled__2024-01-01T00:00:00+00:00', '--job-id', '1496', '--raw', '--subdir', 'DAGS_FOLDER/dag.py', '--cfg-path', '/tmp/tmpo3adeetp']
[2024-09-27T18:31:49.957+0000] {standard_task_runner.py:105} INFO - Job 1496: Subtask create_share_prices_table
[2024-09-27T18:31:49.958+0000] {warnings.py:112} WARNING - /home/***/.local/lib/python3.12/site-packages/***/task/task_runner/standard_task_runner.py:70: DeprecationWarning: This process (pid=13586) is multi-threaded, use of fork() may lead to deadlocks in the child.
  pid = os.fork()

[2024-09-27T18:31:49.969+0000] {standard_task_runner.py:72} INFO - Started process 13609 to run task
[2024-09-27T18:31:50.182+0000] {task_command.py:467} INFO - Running <TaskInstance: scrape_and_save_share_prices_with_company_data.create_share_prices_table scheduled__2024-01-01T00:00:00+00:00 [running]> on host 13b5797a93ab
[2024-09-27T18:31:50.686+0000] {taskinstance.py:3131} INFO - Exporting env vars: AIRFLOW_CTX_DAG_OWNER='***' AIRFLOW_CTX_DAG_ID='scrape_and_save_share_prices_with_company_data' AIRFLOW_CTX_TASK_ID='create_share_prices_table' AIRFLOW_CTX_EXECUTION_DATE='2024-01-01T00:00:00+00:00' AIRFLOW_CTX_TRY_NUMBER='1' AIRFLOW_CTX_DAG_RUN_ID='scheduled__2024-01-01T00:00:00+00:00'
[2024-09-27T18:31:50.693+0000] {logging_mixin.py:190} INFO - Task instance is in running state
[2024-09-27T18:31:50.694+0000] {logging_mixin.py:190} INFO -  Previous state of the Task instance: queued
[2024-09-27T18:31:50.702+0000] {logging_mixin.py:190} INFO - Current task name:create_share_prices_table state:running start_date:2024-09-27 18:31:49.768346+00:00
[2024-09-27T18:31:50.703+0000] {logging_mixin.py:190} INFO - Dag name:scrape_and_save_share_prices_with_company_data and current dag run status:running
[2024-09-27T18:31:50.715+0000] {taskinstance.py:731} INFO - ::endgroup::
[2024-09-27T18:31:50.769+0000] {base.py:84} INFO - Retrieving connection 'dse_connection'
[2024-09-27T18:31:50.820+0000] {sql.py:509} INFO - Running statement: 
        CREATE TABLE IF NOT EXISTS company_share_prices (
            id SERIAL,
            company_id INTEGER NOT NULL,
            date DATE,
            latest_trading_price VARCHAR(50),
            low_price VARCHAR(50),
            high_price VARCHAR(50),
            closing_price VARCHAR(50),
            ycp VARCHAR(50),
            change VARCHAR(10),
            trade VARCHAR(50),
            value VARCHAR(50),
            volume VARCHAR(50),
            PRIMARY KEY(company_id, id),
            FOREIGN KEY(company_id)
                REFERENCES company_list(company_id)
                ON UPDATE CASCADE ON DELETE CASCADE
        );
    , parameters: None
[2024-09-27T18:31:50.849+0000] {python.py:240} INFO - Done. Returned value was: None
[2024-09-27T18:31:50.877+0000] {taskinstance.py:340} INFO - ::group::Post task execution logs
[2024-09-27T18:31:50.882+0000] {taskinstance.py:352} INFO - Marking task as SUCCESS. dag_id=scrape_and_save_share_prices_with_company_data, task_id=create_share_prices_table, run_id=scheduled__2024-01-01T00:00:00+00:00, execution_date=20240101T000000, start_date=20240927T183149, end_date=20240927T183150
[2024-09-27T18:31:50.923+0000] {logging_mixin.py:190} INFO - Task instance in success state
[2024-09-27T18:31:50.929+0000] {logging_mixin.py:190} INFO -  Previous state of the Task instance: running
[2024-09-27T18:31:50.940+0000] {logging_mixin.py:190} INFO - Dag name:scrape_and_save_share_prices_with_company_data queued_at:2024-09-27 18:30:36.693017+00:00
[2024-09-27T18:31:50.941+0000] {logging_mixin.py:190} INFO - Task hostname:13b5797a93ab operator:PythonOperator
[2024-09-27T18:31:51.001+0000] {local_task_job_runner.py:266} INFO - Task exited with return code 0
[2024-09-27T18:31:51.074+0000] {local_task_job_runner.py:245} INFO - ::endgroup::
[2024-09-27T22:21:10.952+0000] {local_task_job_runner.py:123} INFO - ::group::Pre task execution logs
[2024-09-27T22:21:11.026+0000] {taskinstance.py:2612} INFO - Dependencies all met for dep_context=non-requeueable deps ti=<TaskInstance: scrape_and_save_share_prices_with_company_data.create_share_prices_table scheduled__2024-01-01T00:00:00+00:00 [queued]>
[2024-09-27T22:21:11.059+0000] {taskinstance.py:2612} INFO - Dependencies all met for dep_context=requeueable deps ti=<TaskInstance: scrape_and_save_share_prices_with_company_data.create_share_prices_table scheduled__2024-01-01T00:00:00+00:00 [queued]>
[2024-09-27T22:21:11.061+0000] {taskinstance.py:2865} INFO - Starting attempt 1 of 2
[2024-09-27T22:21:11.120+0000] {taskinstance.py:2888} INFO - Executing <Task(PythonOperator): create_share_prices_table> on 2024-01-01 00:00:00+00:00
[2024-09-27T22:21:11.137+0000] {warnings.py:112} WARNING - /home/***/.local/lib/python3.12/site-packages/***/task/task_runner/standard_task_runner.py:70: DeprecationWarning: This process (pid=2316) is multi-threaded, use of fork() may lead to deadlocks in the child.
  pid = os.fork()

[2024-09-27T22:21:11.141+0000] {standard_task_runner.py:72} INFO - Started process 2341 to run task
[2024-09-27T22:21:11.153+0000] {standard_task_runner.py:104} INFO - Running: ['***', 'tasks', 'run', 'scrape_and_save_share_prices_with_company_data', 'create_share_prices_table', 'scheduled__2024-01-01T00:00:00+00:00', '--job-id', '2540', '--raw', '--subdir', 'DAGS_FOLDER/dag.py', '--cfg-path', '/tmp/tmpbn4bb7e4']
[2024-09-27T22:21:11.157+0000] {standard_task_runner.py:105} INFO - Job 2540: Subtask create_share_prices_table
[2024-09-27T22:21:11.437+0000] {task_command.py:467} INFO - Running <TaskInstance: scrape_and_save_share_prices_with_company_data.create_share_prices_table scheduled__2024-01-01T00:00:00+00:00 [running]> on host fd62fe12432d
[2024-09-27T22:21:11.846+0000] {taskinstance.py:3131} INFO - Exporting env vars: AIRFLOW_CTX_DAG_OWNER='***' AIRFLOW_CTX_DAG_ID='scrape_and_save_share_prices_with_company_data' AIRFLOW_CTX_TASK_ID='create_share_prices_table' AIRFLOW_CTX_EXECUTION_DATE='2024-01-01T00:00:00+00:00' AIRFLOW_CTX_TRY_NUMBER='1' AIRFLOW_CTX_DAG_RUN_ID='scheduled__2024-01-01T00:00:00+00:00'
[2024-09-27T22:21:11.856+0000] {logging_mixin.py:190} INFO - Task instance is in running state
[2024-09-27T22:21:11.857+0000] {logging_mixin.py:190} INFO -  Previous state of the Task instance: queued
[2024-09-27T22:21:11.858+0000] {logging_mixin.py:190} INFO - Current task name:create_share_prices_table state:running start_date:2024-09-27 22:21:11.029262+00:00
[2024-09-27T22:21:11.870+0000] {logging_mixin.py:190} INFO - Dag name:scrape_and_save_share_prices_with_company_data and current dag run status:running
[2024-09-27T22:21:11.872+0000] {taskinstance.py:731} INFO - ::endgroup::
[2024-09-27T22:21:11.931+0000] {base.py:84} INFO - Retrieving connection 'dse_connection'
[2024-09-27T22:21:11.963+0000] {sql.py:509} INFO - Running statement: 
        CREATE TABLE IF NOT EXISTS company_share_prices (
            id SERIAL,
            company_id INTEGER NOT NULL,
            date DATE,
            latest_trading_price VARCHAR(50),
            low_price VARCHAR(50),
            high_price VARCHAR(50),
            closing_price VARCHAR(50),
            ycp VARCHAR(50),
            change VARCHAR(10),
            trade VARCHAR(50),
            value VARCHAR(50),
            volume VARCHAR(50),
            PRIMARY KEY(company_id, id),
            FOREIGN KEY(company_id)
                REFERENCES company_list(company_id)
                ON UPDATE CASCADE ON DELETE CASCADE
        );
    , parameters: None
[2024-09-27T22:21:11.976+0000] {python.py:240} INFO - Done. Returned value was: None
[2024-09-27T22:21:12.081+0000] {taskinstance.py:340} INFO - ::group::Post task execution logs
[2024-09-27T22:21:12.084+0000] {taskinstance.py:352} INFO - Marking task as SUCCESS. dag_id=scrape_and_save_share_prices_with_company_data, task_id=create_share_prices_table, run_id=scheduled__2024-01-01T00:00:00+00:00, execution_date=20240101T000000, start_date=20240927T222111, end_date=20240927T222112
[2024-09-27T22:21:12.163+0000] {logging_mixin.py:190} INFO - Task instance in success state
[2024-09-27T22:21:12.165+0000] {logging_mixin.py:190} INFO -  Previous state of the Task instance: running
[2024-09-27T22:21:12.167+0000] {logging_mixin.py:190} INFO - Dag name:scrape_and_save_share_prices_with_company_data queued_at:2024-09-27 22:19:19.628514+00:00
[2024-09-27T22:21:12.168+0000] {logging_mixin.py:190} INFO - Task hostname:fd62fe12432d operator:PythonOperator
[2024-09-27T22:21:12.206+0000] {local_task_job_runner.py:266} INFO - Task exited with return code 0
[2024-09-27T22:21:12.267+0000] {taskinstance.py:3900} INFO - 1 downstream tasks scheduled from follow-on schedule check
[2024-09-27T22:21:12.285+0000] {local_task_job_runner.py:245} INFO - ::endgroup::
[2024-09-27T22:58:24.250+0000] {local_task_job_runner.py:123} INFO - ::group::Pre task execution logs
[2024-09-27T22:58:24.385+0000] {taskinstance.py:2612} INFO - Dependencies all met for dep_context=non-requeueable deps ti=<TaskInstance: scrape_and_save_share_prices_with_company_data.create_share_prices_table scheduled__2024-01-01T00:00:00+00:00 [queued]>
[2024-09-27T22:58:24.467+0000] {taskinstance.py:2612} INFO - Dependencies all met for dep_context=requeueable deps ti=<TaskInstance: scrape_and_save_share_prices_with_company_data.create_share_prices_table scheduled__2024-01-01T00:00:00+00:00 [queued]>
[2024-09-27T22:58:24.481+0000] {taskinstance.py:2865} INFO - Starting attempt 1 of 2
[2024-09-27T22:58:24.620+0000] {taskinstance.py:2888} INFO - Executing <Task(PythonOperator): create_share_prices_table> on 2024-01-01 00:00:00+00:00
[2024-09-27T22:58:24.645+0000] {warnings.py:112} WARNING - /home/***/.local/lib/python3.12/site-packages/***/task/task_runner/standard_task_runner.py:70: DeprecationWarning: This process (pid=2049) is multi-threaded, use of fork() may lead to deadlocks in the child.
  pid = os.fork()

[2024-09-27T22:58:24.675+0000] {standard_task_runner.py:72} INFO - Started process 2079 to run task
[2024-09-27T22:58:24.662+0000] {standard_task_runner.py:104} INFO - Running: ['***', 'tasks', 'run', 'scrape_and_save_share_prices_with_company_data', 'create_share_prices_table', 'scheduled__2024-01-01T00:00:00+00:00', '--job-id', '3013', '--raw', '--subdir', 'DAGS_FOLDER/dag.py', '--cfg-path', '/tmp/tmp__lnlbdi']
[2024-09-27T22:58:24.715+0000] {standard_task_runner.py:105} INFO - Job 3013: Subtask create_share_prices_table
[2024-09-27T22:58:24.947+0000] {task_command.py:467} INFO - Running <TaskInstance: scrape_and_save_share_prices_with_company_data.create_share_prices_table scheduled__2024-01-01T00:00:00+00:00 [running]> on host 7746de5121f6
[2024-09-27T22:58:25.458+0000] {taskinstance.py:3131} INFO - Exporting env vars: AIRFLOW_CTX_DAG_OWNER='***' AIRFLOW_CTX_DAG_ID='scrape_and_save_share_prices_with_company_data' AIRFLOW_CTX_TASK_ID='create_share_prices_table' AIRFLOW_CTX_EXECUTION_DATE='2024-01-01T00:00:00+00:00' AIRFLOW_CTX_TRY_NUMBER='1' AIRFLOW_CTX_DAG_RUN_ID='scheduled__2024-01-01T00:00:00+00:00'
[2024-09-27T22:58:25.461+0000] {logging_mixin.py:190} INFO - Task instance is in running state
[2024-09-27T22:58:25.463+0000] {logging_mixin.py:190} INFO -  Previous state of the Task instance: queued
[2024-09-27T22:58:25.464+0000] {logging_mixin.py:190} INFO - Current task name:create_share_prices_table state:running start_date:2024-09-27 22:58:24.388839+00:00
[2024-09-27T22:58:25.465+0000] {logging_mixin.py:190} INFO - Dag name:scrape_and_save_share_prices_with_company_data and current dag run status:running
[2024-09-27T22:58:25.466+0000] {taskinstance.py:731} INFO - ::endgroup::
[2024-09-27T22:58:25.559+0000] {base.py:84} INFO - Retrieving connection 'dse_connection'
[2024-09-27T22:58:25.636+0000] {sql.py:509} INFO - Running statement: 
        CREATE TABLE IF NOT EXISTS company_share_prices (
            id SERIAL,
            company_id INTEGER NOT NULL,
            date DATE,
            latest_trading_price VARCHAR(50),
            low_price VARCHAR(50),
            high_price VARCHAR(50),
            closing_price VARCHAR(50),
            ycp VARCHAR(50),
            change VARCHAR(10),
            trade VARCHAR(50),
            value VARCHAR(50),
            volume VARCHAR(50),
            PRIMARY KEY(company_id, id),
            FOREIGN KEY(company_id)
                REFERENCES company_list(company_id)
                ON UPDATE CASCADE ON DELETE CASCADE
        );
    , parameters: None
[2024-09-27T22:58:25.651+0000] {python.py:240} INFO - Done. Returned value was: None
[2024-09-27T22:58:25.697+0000] {taskinstance.py:340} INFO - ::group::Post task execution logs
[2024-09-27T22:58:25.698+0000] {taskinstance.py:352} INFO - Marking task as SUCCESS. dag_id=scrape_and_save_share_prices_with_company_data, task_id=create_share_prices_table, run_id=scheduled__2024-01-01T00:00:00+00:00, execution_date=20240101T000000, start_date=20240927T225824, end_date=20240927T225825
[2024-09-27T22:58:25.791+0000] {logging_mixin.py:190} INFO - Task instance in success state
[2024-09-27T22:58:25.798+0000] {logging_mixin.py:190} INFO -  Previous state of the Task instance: running
[2024-09-27T22:58:25.801+0000] {logging_mixin.py:190} INFO - Dag name:scrape_and_save_share_prices_with_company_data queued_at:2024-09-27 22:56:52.414872+00:00
[2024-09-27T22:58:25.803+0000] {logging_mixin.py:190} INFO - Task hostname:7746de5121f6 operator:PythonOperator
[2024-09-27T22:58:25.878+0000] {local_task_job_runner.py:266} INFO - Task exited with return code 0
[2024-09-27T22:58:25.908+0000] {local_task_job_runner.py:245} INFO - ::endgroup::
