[2024-09-27T18:27:15.498+0000] {local_task_job_runner.py:123} INFO - ::group::Pre task execution logs
[2024-09-27T18:27:15.676+0000] {taskinstance.py:2612} INFO - Dependencies all met for dep_context=non-requeueable deps ti=<TaskInstance: scrape_and_save_share_prices_with_company_data.create_company_table scheduled__2023-12-18T00:00:00+00:00 [queued]>
[2024-09-27T18:27:15.879+0000] {taskinstance.py:2612} INFO - Dependencies all met for dep_context=requeueable deps ti=<TaskInstance: scrape_and_save_share_prices_with_company_data.create_company_table scheduled__2023-12-18T00:00:00+00:00 [queued]>
[2024-09-27T18:27:15.889+0000] {taskinstance.py:2865} INFO - Starting attempt 1 of 2
[2024-09-27T18:27:16.957+0000] {taskinstance.py:2888} INFO - Executing <Task(PythonOperator): create_company_table> on 2023-12-18 00:00:00+00:00
[2024-09-27T18:27:16.983+0000] {warnings.py:112} WARNING - /home/***/.local/lib/python3.12/site-packages/***/task/task_runner/standard_task_runner.py:70: DeprecationWarning: This process (pid=13208) is multi-threaded, use of fork() may lead to deadlocks in the child.
  pid = os.fork()

[2024-09-27T18:27:17.005+0000] {standard_task_runner.py:72} INFO - Started process 13243 to run task
[2024-09-27T18:27:16.997+0000] {standard_task_runner.py:104} INFO - Running: ['***', 'tasks', 'run', 'scrape_and_save_share_prices_with_company_data', 'create_company_table', 'scheduled__2023-12-18T00:00:00+00:00', '--job-id', '1415', '--raw', '--subdir', 'DAGS_FOLDER/dag.py', '--cfg-path', '/tmp/tmplqesoaci']
[2024-09-27T18:27:17.038+0000] {standard_task_runner.py:105} INFO - Job 1415: Subtask create_company_table
[2024-09-27T18:27:17.406+0000] {task_command.py:467} INFO - Running <TaskInstance: scrape_and_save_share_prices_with_company_data.create_company_table scheduled__2023-12-18T00:00:00+00:00 [running]> on host 13b5797a93ab
[2024-09-27T18:27:18.578+0000] {taskinstance.py:3131} INFO - Exporting env vars: AIRFLOW_CTX_DAG_OWNER='***' AIRFLOW_CTX_DAG_ID='scrape_and_save_share_prices_with_company_data' AIRFLOW_CTX_TASK_ID='create_company_table' AIRFLOW_CTX_EXECUTION_DATE='2023-12-18T00:00:00+00:00' AIRFLOW_CTX_TRY_NUMBER='1' AIRFLOW_CTX_DAG_RUN_ID='scheduled__2023-12-18T00:00:00+00:00'
[2024-09-27T18:27:18.611+0000] {logging_mixin.py:190} INFO - Task instance is in running state
[2024-09-27T18:27:18.627+0000] {logging_mixin.py:190} INFO -  Previous state of the Task instance: queued
[2024-09-27T18:27:18.631+0000] {logging_mixin.py:190} INFO - Current task name:create_company_table state:running start_date:2024-09-27 18:27:15.684099+00:00
[2024-09-27T18:27:18.635+0000] {logging_mixin.py:190} INFO - Dag name:scrape_and_save_share_prices_with_company_data and current dag run status:running
[2024-09-27T18:27:18.639+0000] {taskinstance.py:731} INFO - ::endgroup::
[2024-09-27T18:27:18.752+0000] {base.py:84} INFO - Retrieving connection 'dse_connection'
[2024-09-27T18:27:18.786+0000] {sql.py:509} INFO - Running statement: 
        CREATE TABLE IF NOT EXISTS company_list (
            company_id SERIAL PRIMARY KEY,
            company_trade_name VARCHAR(255) NOT NULL,
            company_url VARCHAR(255) NOT NULL,
            UNIQUE(company_trade_name)
        );
    , parameters: None
[2024-09-27T18:27:18.789+0000] {python.py:240} INFO - Done. Returned value was: None
[2024-09-27T18:27:18.888+0000] {taskinstance.py:340} INFO - ::group::Post task execution logs
[2024-09-27T18:27:18.897+0000] {taskinstance.py:352} INFO - Marking task as SUCCESS. dag_id=scrape_and_save_share_prices_with_company_data, task_id=create_company_table, run_id=scheduled__2023-12-18T00:00:00+00:00, execution_date=20231218T000000, start_date=20240927T182715, end_date=20240927T182718
[2024-09-27T18:27:19.041+0000] {logging_mixin.py:190} INFO - Task instance in success state
[2024-09-27T18:27:19.058+0000] {logging_mixin.py:190} INFO -  Previous state of the Task instance: running
[2024-09-27T18:27:19.062+0000] {logging_mixin.py:190} INFO - Dag name:scrape_and_save_share_prices_with_company_data queued_at:2024-09-27 18:27:04.171982+00:00
[2024-09-27T18:27:19.069+0000] {logging_mixin.py:190} INFO - Task hostname:13b5797a93ab operator:PythonOperator
[2024-09-27T18:27:19.182+0000] {local_task_job_runner.py:266} INFO - Task exited with return code 0
[2024-09-27T18:27:19.230+0000] {local_task_job_runner.py:245} INFO - ::endgroup::
[2024-09-27T22:15:22.620+0000] {local_task_job_runner.py:123} INFO - ::group::Pre task execution logs
[2024-09-27T22:15:22.755+0000] {taskinstance.py:2612} INFO - Dependencies all met for dep_context=non-requeueable deps ti=<TaskInstance: scrape_and_save_share_prices_with_company_data.create_company_table scheduled__2023-12-18T00:00:00+00:00 [queued]>
[2024-09-27T22:15:22.821+0000] {taskinstance.py:2612} INFO - Dependencies all met for dep_context=requeueable deps ti=<TaskInstance: scrape_and_save_share_prices_with_company_data.create_company_table scheduled__2023-12-18T00:00:00+00:00 [queued]>
[2024-09-27T22:15:22.821+0000] {taskinstance.py:2865} INFO - Starting attempt 1 of 2
[2024-09-27T22:15:23.004+0000] {taskinstance.py:2888} INFO - Executing <Task(PythonOperator): create_company_table> on 2023-12-18 00:00:00+00:00
[2024-09-27T22:15:23.051+0000] {warnings.py:112} WARNING - /home/***/.local/lib/python3.12/site-packages/***/task/task_runner/standard_task_runner.py:70: DeprecationWarning: This process (pid=1954) is multi-threaded, use of fork() may lead to deadlocks in the child.
  pid = os.fork()

[2024-09-27T22:15:23.058+0000] {standard_task_runner.py:72} INFO - Started process 2006 to run task
[2024-09-27T22:15:23.083+0000] {standard_task_runner.py:104} INFO - Running: ['***', 'tasks', 'run', 'scrape_and_save_share_prices_with_company_data', 'create_company_table', 'scheduled__2023-12-18T00:00:00+00:00', '--job-id', '2468', '--raw', '--subdir', 'DAGS_FOLDER/dag.py', '--cfg-path', '/tmp/tmpdbgziwyh']
[2024-09-27T22:15:23.100+0000] {standard_task_runner.py:105} INFO - Job 2468: Subtask create_company_table
[2024-09-27T22:15:23.439+0000] {task_command.py:467} INFO - Running <TaskInstance: scrape_and_save_share_prices_with_company_data.create_company_table scheduled__2023-12-18T00:00:00+00:00 [running]> on host fd62fe12432d
[2024-09-27T22:15:23.913+0000] {taskinstance.py:3131} INFO - Exporting env vars: AIRFLOW_CTX_DAG_OWNER='***' AIRFLOW_CTX_DAG_ID='scrape_and_save_share_prices_with_company_data' AIRFLOW_CTX_TASK_ID='create_company_table' AIRFLOW_CTX_EXECUTION_DATE='2023-12-18T00:00:00+00:00' AIRFLOW_CTX_TRY_NUMBER='1' AIRFLOW_CTX_DAG_RUN_ID='scheduled__2023-12-18T00:00:00+00:00'
[2024-09-27T22:15:23.918+0000] {logging_mixin.py:190} INFO - Task instance is in running state
[2024-09-27T22:15:23.929+0000] {logging_mixin.py:190} INFO -  Previous state of the Task instance: queued
[2024-09-27T22:15:23.940+0000] {logging_mixin.py:190} INFO - Current task name:create_company_table state:running start_date:2024-09-27 22:15:22.759278+00:00
[2024-09-27T22:15:23.979+0000] {logging_mixin.py:190} INFO - Dag name:scrape_and_save_share_prices_with_company_data and current dag run status:running
[2024-09-27T22:15:23.981+0000] {taskinstance.py:731} INFO - ::endgroup::
[2024-09-27T22:15:24.065+0000] {base.py:84} INFO - Retrieving connection 'dse_connection'
[2024-09-27T22:15:24.098+0000] {sql.py:509} INFO - Running statement: 
        CREATE TABLE IF NOT EXISTS company_list (
            company_id SERIAL PRIMARY KEY,
            company_trade_name VARCHAR(255) NOT NULL,
            company_url VARCHAR(255) NOT NULL,
            UNIQUE(company_trade_name)
        );
    , parameters: None
[2024-09-27T22:15:24.101+0000] {python.py:240} INFO - Done. Returned value was: None
[2024-09-27T22:15:24.150+0000] {taskinstance.py:340} INFO - ::group::Post task execution logs
[2024-09-27T22:15:24.154+0000] {taskinstance.py:352} INFO - Marking task as SUCCESS. dag_id=scrape_and_save_share_prices_with_company_data, task_id=create_company_table, run_id=scheduled__2023-12-18T00:00:00+00:00, execution_date=20231218T000000, start_date=20240927T221522, end_date=20240927T221524
[2024-09-27T22:15:24.200+0000] {logging_mixin.py:190} INFO - Task instance in success state
[2024-09-27T22:15:24.212+0000] {logging_mixin.py:190} INFO -  Previous state of the Task instance: running
[2024-09-27T22:15:24.229+0000] {logging_mixin.py:190} INFO - Dag name:scrape_and_save_share_prices_with_company_data queued_at:2024-09-27 22:15:09.266384+00:00
[2024-09-27T22:15:24.235+0000] {logging_mixin.py:190} INFO - Task hostname:fd62fe12432d operator:PythonOperator
[2024-09-27T22:15:24.310+0000] {local_task_job_runner.py:266} INFO - Task exited with return code 0
[2024-09-27T22:15:24.495+0000] {taskinstance.py:3900} INFO - 1 downstream tasks scheduled from follow-on schedule check
[2024-09-27T22:15:24.506+0000] {local_task_job_runner.py:245} INFO - ::endgroup::
[2024-09-27T22:54:51.156+0000] {local_task_job_runner.py:123} INFO - ::group::Pre task execution logs
[2024-09-27T22:54:51.190+0000] {taskinstance.py:2612} INFO - Dependencies all met for dep_context=non-requeueable deps ti=<TaskInstance: scrape_and_save_share_prices_with_company_data.create_company_table scheduled__2023-12-18T00:00:00+00:00 [queued]>
[2024-09-27T22:54:51.210+0000] {taskinstance.py:2612} INFO - Dependencies all met for dep_context=requeueable deps ti=<TaskInstance: scrape_and_save_share_prices_with_company_data.create_company_table scheduled__2023-12-18T00:00:00+00:00 [queued]>
[2024-09-27T22:54:51.211+0000] {taskinstance.py:2865} INFO - Starting attempt 1 of 2
[2024-09-27T22:54:51.249+0000] {taskinstance.py:2888} INFO - Executing <Task(PythonOperator): create_company_table> on 2023-12-18 00:00:00+00:00
[2024-09-27T22:54:51.264+0000] {warnings.py:112} WARNING - /home/***/.local/lib/python3.12/site-packages/***/task/task_runner/standard_task_runner.py:70: DeprecationWarning: This process (pid=1701) is multi-threaded, use of fork() may lead to deadlocks in the child.
  pid = os.fork()

[2024-09-27T22:54:51.267+0000] {standard_task_runner.py:72} INFO - Started process 1708 to run task
[2024-09-27T22:54:51.273+0000] {standard_task_runner.py:104} INFO - Running: ['***', 'tasks', 'run', 'scrape_and_save_share_prices_with_company_data', 'create_company_table', 'scheduled__2023-12-18T00:00:00+00:00', '--job-id', '2931', '--raw', '--subdir', 'DAGS_FOLDER/dag.py', '--cfg-path', '/tmp/tmpi15r7f5b']
[2024-09-27T22:54:51.276+0000] {standard_task_runner.py:105} INFO - Job 2931: Subtask create_company_table
[2024-09-27T22:54:51.392+0000] {task_command.py:467} INFO - Running <TaskInstance: scrape_and_save_share_prices_with_company_data.create_company_table scheduled__2023-12-18T00:00:00+00:00 [running]> on host 7746de5121f6
[2024-09-27T22:54:51.612+0000] {taskinstance.py:3131} INFO - Exporting env vars: AIRFLOW_CTX_DAG_OWNER='***' AIRFLOW_CTX_DAG_ID='scrape_and_save_share_prices_with_company_data' AIRFLOW_CTX_TASK_ID='create_company_table' AIRFLOW_CTX_EXECUTION_DATE='2023-12-18T00:00:00+00:00' AIRFLOW_CTX_TRY_NUMBER='1' AIRFLOW_CTX_DAG_RUN_ID='scheduled__2023-12-18T00:00:00+00:00'
[2024-09-27T22:54:51.615+0000] {logging_mixin.py:190} INFO - Task instance is in running state
[2024-09-27T22:54:51.616+0000] {logging_mixin.py:190} INFO -  Previous state of the Task instance: queued
[2024-09-27T22:54:51.617+0000] {logging_mixin.py:190} INFO - Current task name:create_company_table state:running start_date:2024-09-27 22:54:51.191984+00:00
[2024-09-27T22:54:51.618+0000] {logging_mixin.py:190} INFO - Dag name:scrape_and_save_share_prices_with_company_data and current dag run status:running
[2024-09-27T22:54:51.619+0000] {taskinstance.py:731} INFO - ::endgroup::
[2024-09-27T22:54:51.639+0000] {base.py:84} INFO - Retrieving connection 'dse_connection'
[2024-09-27T22:54:51.650+0000] {sql.py:509} INFO - Running statement: 
        CREATE TABLE IF NOT EXISTS company_list (
            company_id SERIAL PRIMARY KEY,
            company_trade_name VARCHAR(255) NOT NULL,
            company_url VARCHAR(255) NOT NULL,
            UNIQUE(company_trade_name)
        );
    , parameters: None
[2024-09-27T22:54:51.652+0000] {python.py:240} INFO - Done. Returned value was: None
[2024-09-27T22:54:51.674+0000] {taskinstance.py:340} INFO - ::group::Post task execution logs
[2024-09-27T22:54:51.675+0000] {taskinstance.py:352} INFO - Marking task as SUCCESS. dag_id=scrape_and_save_share_prices_with_company_data, task_id=create_company_table, run_id=scheduled__2023-12-18T00:00:00+00:00, execution_date=20231218T000000, start_date=20240927T225451, end_date=20240927T225451
[2024-09-27T22:54:51.694+0000] {logging_mixin.py:190} INFO - Task instance in success state
[2024-09-27T22:54:51.695+0000] {logging_mixin.py:190} INFO -  Previous state of the Task instance: running
[2024-09-27T22:54:51.696+0000] {logging_mixin.py:190} INFO - Dag name:scrape_and_save_share_prices_with_company_data queued_at:2024-09-27 22:54:46.191941+00:00
[2024-09-27T22:54:51.697+0000] {logging_mixin.py:190} INFO - Task hostname:7746de5121f6 operator:PythonOperator
[2024-09-27T22:54:51.737+0000] {local_task_job_runner.py:266} INFO - Task exited with return code 0
[2024-09-27T22:54:51.795+0000] {taskinstance.py:3900} INFO - 1 downstream tasks scheduled from follow-on schedule check
[2024-09-27T22:54:51.813+0000] {local_task_job_runner.py:245} INFO - ::endgroup::
