[2024-09-27T18:47:49.817+0000] {local_task_job_runner.py:123} INFO - ::group::Pre task execution logs
[2024-09-27T18:47:49.841+0000] {taskinstance.py:2612} INFO - Dependencies all met for dep_context=non-requeueable deps ti=<TaskInstance: scrape_and_save_share_prices_with_company_data.create_company_table scheduled__2024-02-21T00:00:00+00:00 [queued]>
[2024-09-27T18:47:49.853+0000] {taskinstance.py:2612} INFO - Dependencies all met for dep_context=requeueable deps ti=<TaskInstance: scrape_and_save_share_prices_with_company_data.create_company_table scheduled__2024-02-21T00:00:00+00:00 [queued]>
[2024-09-27T18:47:49.855+0000] {taskinstance.py:2865} INFO - Starting attempt 1 of 2
[2024-09-27T18:47:49.881+0000] {taskinstance.py:2888} INFO - Executing <Task(PythonOperator): create_company_table> on 2024-02-21 00:00:00+00:00
[2024-09-27T18:47:49.893+0000] {warnings.py:112} WARNING - /home/***/.local/lib/python3.12/site-packages/***/task/task_runner/standard_task_runner.py:70: DeprecationWarning: This process (pid=14648) is multi-threaded, use of fork() may lead to deadlocks in the child.
  pid = os.fork()

[2024-09-27T18:47:49.896+0000] {standard_task_runner.py:72} INFO - Started process 14666 to run task
[2024-09-27T18:47:49.897+0000] {standard_task_runner.py:104} INFO - Running: ['***', 'tasks', 'run', 'scrape_and_save_share_prices_with_company_data', 'create_company_table', 'scheduled__2024-02-21T00:00:00+00:00', '--job-id', '1723', '--raw', '--subdir', 'DAGS_FOLDER/dag.py', '--cfg-path', '/tmp/tmpn68auhi4']
[2024-09-27T18:47:49.899+0000] {standard_task_runner.py:105} INFO - Job 1723: Subtask create_company_table
[2024-09-27T18:47:49.986+0000] {task_command.py:467} INFO - Running <TaskInstance: scrape_and_save_share_prices_with_company_data.create_company_table scheduled__2024-02-21T00:00:00+00:00 [running]> on host 13b5797a93ab
[2024-09-27T18:47:50.195+0000] {taskinstance.py:3131} INFO - Exporting env vars: AIRFLOW_CTX_DAG_OWNER='***' AIRFLOW_CTX_DAG_ID='scrape_and_save_share_prices_with_company_data' AIRFLOW_CTX_TASK_ID='create_company_table' AIRFLOW_CTX_EXECUTION_DATE='2024-02-21T00:00:00+00:00' AIRFLOW_CTX_TRY_NUMBER='1' AIRFLOW_CTX_DAG_RUN_ID='scheduled__2024-02-21T00:00:00+00:00'
[2024-09-27T18:47:50.198+0000] {logging_mixin.py:190} INFO - Task instance is in running state
[2024-09-27T18:47:50.199+0000] {logging_mixin.py:190} INFO -  Previous state of the Task instance: queued
[2024-09-27T18:47:50.200+0000] {logging_mixin.py:190} INFO - Current task name:create_company_table state:running start_date:2024-09-27 18:47:49.842303+00:00
[2024-09-27T18:47:50.201+0000] {logging_mixin.py:190} INFO - Dag name:scrape_and_save_share_prices_with_company_data and current dag run status:running
[2024-09-27T18:47:50.202+0000] {taskinstance.py:731} INFO - ::endgroup::
[2024-09-27T18:47:50.222+0000] {base.py:84} INFO - Retrieving connection 'dse_connection'
[2024-09-27T18:47:50.230+0000] {sql.py:509} INFO - Running statement: 
        CREATE TABLE IF NOT EXISTS company_list (
            company_id SERIAL PRIMARY KEY,
            company_trade_name VARCHAR(255) NOT NULL,
            company_url VARCHAR(255) NOT NULL,
            UNIQUE(company_trade_name)
        );
    , parameters: None
[2024-09-27T18:47:50.233+0000] {python.py:240} INFO - Done. Returned value was: None
[2024-09-27T18:47:50.261+0000] {taskinstance.py:340} INFO - ::group::Post task execution logs
[2024-09-27T18:47:50.262+0000] {taskinstance.py:352} INFO - Marking task as SUCCESS. dag_id=scrape_and_save_share_prices_with_company_data, task_id=create_company_table, run_id=scheduled__2024-02-21T00:00:00+00:00, execution_date=20240221T000000, start_date=20240927T184749, end_date=20240927T184750
[2024-09-27T18:47:50.284+0000] {logging_mixin.py:190} INFO - Task instance in success state
[2024-09-27T18:47:50.285+0000] {logging_mixin.py:190} INFO -  Previous state of the Task instance: running
[2024-09-27T18:47:50.288+0000] {logging_mixin.py:190} INFO - Dag name:scrape_and_save_share_prices_with_company_data queued_at:2024-09-27 18:47:44.315867+00:00
[2024-09-27T18:47:50.290+0000] {logging_mixin.py:190} INFO - Task hostname:13b5797a93ab operator:PythonOperator
[2024-09-27T18:47:50.357+0000] {local_task_job_runner.py:266} INFO - Task exited with return code 0
[2024-09-27T18:47:50.480+0000] {taskinstance.py:3900} INFO - 1 downstream tasks scheduled from follow-on schedule check
[2024-09-27T18:47:50.510+0000] {local_task_job_runner.py:245} INFO - ::endgroup::
[2024-09-27T23:05:37.786+0000] {local_task_job_runner.py:123} INFO - ::group::Pre task execution logs
[2024-09-27T23:05:37.896+0000] {taskinstance.py:2612} INFO - Dependencies all met for dep_context=non-requeueable deps ti=<TaskInstance: scrape_and_save_share_prices_with_company_data.create_company_table scheduled__2024-02-21T00:00:00+00:00 [queued]>
[2024-09-27T23:05:37.930+0000] {taskinstance.py:2612} INFO - Dependencies all met for dep_context=requeueable deps ti=<TaskInstance: scrape_and_save_share_prices_with_company_data.create_company_table scheduled__2024-02-21T00:00:00+00:00 [queued]>
[2024-09-27T23:05:37.940+0000] {taskinstance.py:2865} INFO - Starting attempt 1 of 2
[2024-09-27T23:05:38.009+0000] {taskinstance.py:2888} INFO - Executing <Task(PythonOperator): create_company_table> on 2024-02-21 00:00:00+00:00
[2024-09-27T23:05:38.051+0000] {standard_task_runner.py:104} INFO - Running: ['***', 'tasks', 'run', 'scrape_and_save_share_prices_with_company_data', 'create_company_table', 'scheduled__2024-02-21T00:00:00+00:00', '--job-id', '3177', '--raw', '--subdir', 'DAGS_FOLDER/dag.py', '--cfg-path', '/tmp/tmpx5g5mdau']
[2024-09-27T23:05:38.068+0000] {standard_task_runner.py:105} INFO - Job 3177: Subtask create_company_table
[2024-09-27T23:05:38.031+0000] {warnings.py:112} WARNING - /home/***/.local/lib/python3.12/site-packages/***/task/task_runner/standard_task_runner.py:70: DeprecationWarning: This process (pid=2781) is multi-threaded, use of fork() may lead to deadlocks in the child.
  pid = os.fork()

[2024-09-27T23:05:38.094+0000] {standard_task_runner.py:72} INFO - Started process 2809 to run task
[2024-09-27T23:05:38.292+0000] {task_command.py:467} INFO - Running <TaskInstance: scrape_and_save_share_prices_with_company_data.create_company_table scheduled__2024-02-21T00:00:00+00:00 [running]> on host 7746de5121f6
[2024-09-27T23:05:38.707+0000] {taskinstance.py:3131} INFO - Exporting env vars: AIRFLOW_CTX_DAG_OWNER='***' AIRFLOW_CTX_DAG_ID='scrape_and_save_share_prices_with_company_data' AIRFLOW_CTX_TASK_ID='create_company_table' AIRFLOW_CTX_EXECUTION_DATE='2024-02-21T00:00:00+00:00' AIRFLOW_CTX_TRY_NUMBER='1' AIRFLOW_CTX_DAG_RUN_ID='scheduled__2024-02-21T00:00:00+00:00'
[2024-09-27T23:05:38.725+0000] {logging_mixin.py:190} INFO - Task instance is in running state
[2024-09-27T23:05:38.727+0000] {logging_mixin.py:190} INFO -  Previous state of the Task instance: queued
[2024-09-27T23:05:38.734+0000] {logging_mixin.py:190} INFO - Current task name:create_company_table state:running start_date:2024-09-27 23:05:37.897573+00:00
[2024-09-27T23:05:38.738+0000] {logging_mixin.py:190} INFO - Dag name:scrape_and_save_share_prices_with_company_data and current dag run status:running
[2024-09-27T23:05:38.744+0000] {taskinstance.py:731} INFO - ::endgroup::
[2024-09-27T23:05:38.838+0000] {base.py:84} INFO - Retrieving connection 'dse_connection'
[2024-09-27T23:05:38.867+0000] {sql.py:509} INFO - Running statement: 
        CREATE TABLE IF NOT EXISTS company_list (
            company_id SERIAL PRIMARY KEY,
            company_trade_name VARCHAR(255) NOT NULL,
            company_url VARCHAR(255) NOT NULL,
            UNIQUE(company_trade_name)
        );
    , parameters: None
[2024-09-27T23:05:38.946+0000] {python.py:240} INFO - Done. Returned value was: None
[2024-09-27T23:05:39.009+0000] {taskinstance.py:340} INFO - ::group::Post task execution logs
[2024-09-27T23:05:39.023+0000] {taskinstance.py:352} INFO - Marking task as SUCCESS. dag_id=scrape_and_save_share_prices_with_company_data, task_id=create_company_table, run_id=scheduled__2024-02-21T00:00:00+00:00, execution_date=20240221T000000, start_date=20240927T230537, end_date=20240927T230539
[2024-09-27T23:05:39.094+0000] {logging_mixin.py:190} INFO - Task instance in success state
[2024-09-27T23:05:39.096+0000] {logging_mixin.py:190} INFO -  Previous state of the Task instance: running
[2024-09-27T23:05:39.097+0000] {logging_mixin.py:190} INFO - Dag name:scrape_and_save_share_prices_with_company_data queued_at:2024-09-27 23:05:30.699930+00:00
[2024-09-27T23:05:39.098+0000] {logging_mixin.py:190} INFO - Task hostname:7746de5121f6 operator:PythonOperator
[2024-09-27T23:05:39.170+0000] {local_task_job_runner.py:266} INFO - Task exited with return code 0
[2024-09-27T23:05:39.242+0000] {local_task_job_runner.py:245} INFO - ::endgroup::
