[2024-09-27T23:28:17.474+0000] {local_task_job_runner.py:123} INFO - ::group::Pre task execution logs
[2024-09-27T23:28:17.566+0000] {taskinstance.py:2612} INFO - Dependencies all met for dep_context=non-requeueable deps ti=<TaskInstance: scrape_and_save_share_prices_with_company_data.create_share_prices_table scheduled__2024-06-02T00:00:00+00:00 [queued]>
[2024-09-27T23:28:17.607+0000] {taskinstance.py:2612} INFO - Dependencies all met for dep_context=requeueable deps ti=<TaskInstance: scrape_and_save_share_prices_with_company_data.create_share_prices_table scheduled__2024-06-02T00:00:00+00:00 [queued]>
[2024-09-27T23:28:17.619+0000] {taskinstance.py:2865} INFO - Starting attempt 1 of 2
[2024-09-27T23:28:18.093+0000] {taskinstance.py:2888} INFO - Executing <Task(PythonOperator): create_share_prices_table> on 2024-06-02 00:00:00+00:00
[2024-09-27T23:28:18.152+0000] {warnings.py:112} WARNING - /home/***/.local/lib/python3.12/site-packages/***/task/task_runner/standard_task_runner.py:70: DeprecationWarning: This process (pid=4811) is multi-threaded, use of fork() may lead to deadlocks in the child.
  pid = os.fork()

[2024-09-27T23:28:18.160+0000] {standard_task_runner.py:72} INFO - Started process 4838 to run task
[2024-09-27T23:28:18.167+0000] {standard_task_runner.py:104} INFO - Running: ['***', 'tasks', 'run', 'scrape_and_save_share_prices_with_company_data', 'create_share_prices_table', 'scheduled__2024-06-02T00:00:00+00:00', '--job-id', '3629', '--raw', '--subdir', 'DAGS_FOLDER/dag.py', '--cfg-path', '/tmp/tmpqddfbr_2']
[2024-09-27T23:28:18.180+0000] {standard_task_runner.py:105} INFO - Job 3629: Subtask create_share_prices_table
[2024-09-27T23:28:18.577+0000] {task_command.py:467} INFO - Running <TaskInstance: scrape_and_save_share_prices_with_company_data.create_share_prices_table scheduled__2024-06-02T00:00:00+00:00 [running]> on host 7746de5121f6
[2024-09-27T23:28:19.644+0000] {taskinstance.py:3131} INFO - Exporting env vars: AIRFLOW_CTX_DAG_OWNER='***' AIRFLOW_CTX_DAG_ID='scrape_and_save_share_prices_with_company_data' AIRFLOW_CTX_TASK_ID='create_share_prices_table' AIRFLOW_CTX_EXECUTION_DATE='2024-06-02T00:00:00+00:00' AIRFLOW_CTX_TRY_NUMBER='1' AIRFLOW_CTX_DAG_RUN_ID='scheduled__2024-06-02T00:00:00+00:00'
[2024-09-27T23:28:19.659+0000] {logging_mixin.py:190} INFO - Task instance is in running state
[2024-09-27T23:28:19.675+0000] {logging_mixin.py:190} INFO -  Previous state of the Task instance: queued
[2024-09-27T23:28:19.681+0000] {logging_mixin.py:190} INFO - Current task name:create_share_prices_table state:running start_date:2024-09-27 23:28:17.567738+00:00
[2024-09-27T23:28:19.728+0000] {logging_mixin.py:190} INFO - Dag name:scrape_and_save_share_prices_with_company_data and current dag run status:running
[2024-09-27T23:28:19.746+0000] {taskinstance.py:731} INFO - ::endgroup::
[2024-09-27T23:28:19.837+0000] {base.py:84} INFO - Retrieving connection 'dse_connection'
[2024-09-27T23:28:19.872+0000] {sql.py:509} INFO - Running statement: 
        CREATE TABLE IF NOT EXISTS company_share_prices (
            id SERIAL,
            company_id INTEGER NOT NULL,
            date DATE,
            latest_trading_price VARCHAR(50),
            low_price VARCHAR(50),
            high_price VARCHAR(50),
            closing_price VARCHAR(50),
            ycp VARCHAR(50),
            change VARCHAR(10),
            trade VARCHAR(50),
            value VARCHAR(50),
            volume VARCHAR(50),
            PRIMARY KEY(company_id, id),
            FOREIGN KEY(company_id)
                REFERENCES company_list(company_id)
                ON UPDATE CASCADE ON DELETE CASCADE
        );
    , parameters: None
[2024-09-27T23:28:19.891+0000] {python.py:240} INFO - Done. Returned value was: None
[2024-09-27T23:28:19.960+0000] {taskinstance.py:340} INFO - ::group::Post task execution logs
[2024-09-27T23:28:19.964+0000] {taskinstance.py:352} INFO - Marking task as SUCCESS. dag_id=scrape_and_save_share_prices_with_company_data, task_id=create_share_prices_table, run_id=scheduled__2024-06-02T00:00:00+00:00, execution_date=20240602T000000, start_date=20240927T232817, end_date=20240927T232819
[2024-09-27T23:28:20.021+0000] {logging_mixin.py:190} INFO - Task instance in success state
[2024-09-27T23:28:20.026+0000] {logging_mixin.py:190} INFO -  Previous state of the Task instance: running
[2024-09-27T23:28:20.027+0000] {logging_mixin.py:190} INFO - Dag name:scrape_and_save_share_prices_with_company_data queued_at:2024-09-27 23:26:40.356209+00:00
[2024-09-27T23:28:20.028+0000] {logging_mixin.py:190} INFO - Task hostname:7746de5121f6 operator:PythonOperator
[2024-09-27T23:28:20.096+0000] {local_task_job_runner.py:266} INFO - Task exited with return code 0
[2024-09-27T23:28:20.224+0000] {taskinstance.py:3900} INFO - 1 downstream tasks scheduled from follow-on schedule check
[2024-09-27T23:28:20.246+0000] {local_task_job_runner.py:245} INFO - ::endgroup::
