[2024-09-27T18:20:19.114+0000] {local_task_job_runner.py:123} INFO - ::group::Pre task execution logs
[2024-09-27T18:20:19.191+0000] {taskinstance.py:2612} INFO - Dependencies all met for dep_context=non-requeueable deps ti=<TaskInstance: scrape_and_save_share_prices_with_company_data.create_company_table scheduled__2023-11-21T00:00:00+00:00 [queued]>
[2024-09-27T18:20:19.221+0000] {taskinstance.py:2612} INFO - Dependencies all met for dep_context=requeueable deps ti=<TaskInstance: scrape_and_save_share_prices_with_company_data.create_company_table scheduled__2023-11-21T00:00:00+00:00 [queued]>
[2024-09-27T18:20:19.222+0000] {taskinstance.py:2865} INFO - Starting attempt 1 of 2
[2024-09-27T18:20:19.264+0000] {taskinstance.py:2888} INFO - Executing <Task(PythonOperator): create_company_table> on 2023-11-21 00:00:00+00:00
[2024-09-27T18:20:19.287+0000] {warnings.py:112} WARNING - /home/***/.local/lib/python3.12/site-packages/***/task/task_runner/standard_task_runner.py:70: DeprecationWarning: This process (pid=12685) is multi-threaded, use of fork() may lead to deadlocks in the child.
  pid = os.fork()

[2024-09-27T18:20:19.293+0000] {standard_task_runner.py:72} INFO - Started process 12706 to run task
[2024-09-27T18:20:19.293+0000] {standard_task_runner.py:104} INFO - Running: ['***', 'tasks', 'run', 'scrape_and_save_share_prices_with_company_data', 'create_company_table', 'scheduled__2023-11-21T00:00:00+00:00', '--job-id', '1301', '--raw', '--subdir', 'DAGS_FOLDER/dag.py', '--cfg-path', '/tmp/tmp96bc4oy9']
[2024-09-27T18:20:19.307+0000] {standard_task_runner.py:105} INFO - Job 1301: Subtask create_company_table
[2024-09-27T18:20:19.504+0000] {task_command.py:467} INFO - Running <TaskInstance: scrape_and_save_share_prices_with_company_data.create_company_table scheduled__2023-11-21T00:00:00+00:00 [running]> on host 13b5797a93ab
[2024-09-27T18:20:20.009+0000] {taskinstance.py:3131} INFO - Exporting env vars: AIRFLOW_CTX_DAG_OWNER='***' AIRFLOW_CTX_DAG_ID='scrape_and_save_share_prices_with_company_data' AIRFLOW_CTX_TASK_ID='create_company_table' AIRFLOW_CTX_EXECUTION_DATE='2023-11-21T00:00:00+00:00' AIRFLOW_CTX_TRY_NUMBER='1' AIRFLOW_CTX_DAG_RUN_ID='scheduled__2023-11-21T00:00:00+00:00'
[2024-09-27T18:20:20.016+0000] {logging_mixin.py:190} INFO - Task instance is in running state
[2024-09-27T18:20:20.028+0000] {logging_mixin.py:190} INFO -  Previous state of the Task instance: queued
[2024-09-27T18:20:20.038+0000] {logging_mixin.py:190} INFO - Current task name:create_company_table state:running start_date:2024-09-27 18:20:19.201072+00:00
[2024-09-27T18:20:20.043+0000] {logging_mixin.py:190} INFO - Dag name:scrape_and_save_share_prices_with_company_data and current dag run status:running
[2024-09-27T18:20:20.048+0000] {taskinstance.py:731} INFO - ::endgroup::
[2024-09-27T18:20:20.147+0000] {base.py:84} INFO - Retrieving connection 'dse_connection'
[2024-09-27T18:20:20.176+0000] {sql.py:509} INFO - Running statement: 
        CREATE TABLE IF NOT EXISTS company_list (
            company_id SERIAL PRIMARY KEY,
            company_trade_name VARCHAR(255) NOT NULL,
            company_url VARCHAR(255) NOT NULL,
            UNIQUE(company_trade_name)
        );
    , parameters: None
[2024-09-27T18:20:20.204+0000] {python.py:240} INFO - Done. Returned value was: None
[2024-09-27T18:20:20.287+0000] {taskinstance.py:340} INFO - ::group::Post task execution logs
[2024-09-27T18:20:20.369+0000] {taskinstance.py:352} INFO - Marking task as SUCCESS. dag_id=scrape_and_save_share_prices_with_company_data, task_id=create_company_table, run_id=scheduled__2023-11-21T00:00:00+00:00, execution_date=20231121T000000, start_date=20240927T182019, end_date=20240927T182020
[2024-09-27T18:20:20.480+0000] {logging_mixin.py:190} INFO - Task instance in success state
[2024-09-27T18:20:20.490+0000] {logging_mixin.py:190} INFO -  Previous state of the Task instance: running
[2024-09-27T18:20:20.499+0000] {logging_mixin.py:190} INFO - Dag name:scrape_and_save_share_prices_with_company_data queued_at:2024-09-27 18:20:08.382112+00:00
[2024-09-27T18:20:20.528+0000] {logging_mixin.py:190} INFO - Task hostname:13b5797a93ab operator:PythonOperator
[2024-09-27T18:20:20.667+0000] {local_task_job_runner.py:266} INFO - Task exited with return code 0
[2024-09-27T18:20:20.723+0000] {local_task_job_runner.py:245} INFO - ::endgroup::
[2024-09-27T22:09:11.004+0000] {local_task_job_runner.py:123} INFO - ::group::Pre task execution logs
[2024-09-27T22:09:11.055+0000] {taskinstance.py:2612} INFO - Dependencies all met for dep_context=non-requeueable deps ti=<TaskInstance: scrape_and_save_share_prices_with_company_data.create_company_table scheduled__2023-11-21T00:00:00+00:00 [queued]>
[2024-09-27T22:09:11.079+0000] {taskinstance.py:2612} INFO - Dependencies all met for dep_context=requeueable deps ti=<TaskInstance: scrape_and_save_share_prices_with_company_data.create_company_table scheduled__2023-11-21T00:00:00+00:00 [queued]>
[2024-09-27T22:09:11.084+0000] {taskinstance.py:2865} INFO - Starting attempt 1 of 2
[2024-09-27T22:09:11.134+0000] {taskinstance.py:2888} INFO - Executing <Task(PythonOperator): create_company_table> on 2023-11-21 00:00:00+00:00
[2024-09-27T22:09:11.158+0000] {warnings.py:112} WARNING - /home/***/.local/lib/python3.12/site-packages/***/task/task_runner/standard_task_runner.py:70: DeprecationWarning: This process (pid=1465) is multi-threaded, use of fork() may lead to deadlocks in the child.
  pid = os.fork()

[2024-09-27T22:09:11.170+0000] {standard_task_runner.py:72} INFO - Started process 1477 to run task
[2024-09-27T22:09:11.176+0000] {standard_task_runner.py:104} INFO - Running: ['***', 'tasks', 'run', 'scrape_and_save_share_prices_with_company_data', 'create_company_table', 'scheduled__2023-11-21T00:00:00+00:00', '--job-id', '2354', '--raw', '--subdir', 'DAGS_FOLDER/dag.py', '--cfg-path', '/tmp/tmp12b6_5ur']
[2024-09-27T22:09:11.179+0000] {standard_task_runner.py:105} INFO - Job 2354: Subtask create_company_table
[2024-09-27T22:09:11.339+0000] {task_command.py:467} INFO - Running <TaskInstance: scrape_and_save_share_prices_with_company_data.create_company_table scheduled__2023-11-21T00:00:00+00:00 [running]> on host fd62fe12432d
[2024-09-27T22:09:11.712+0000] {taskinstance.py:3131} INFO - Exporting env vars: AIRFLOW_CTX_DAG_OWNER='***' AIRFLOW_CTX_DAG_ID='scrape_and_save_share_prices_with_company_data' AIRFLOW_CTX_TASK_ID='create_company_table' AIRFLOW_CTX_EXECUTION_DATE='2023-11-21T00:00:00+00:00' AIRFLOW_CTX_TRY_NUMBER='1' AIRFLOW_CTX_DAG_RUN_ID='scheduled__2023-11-21T00:00:00+00:00'
[2024-09-27T22:09:11.715+0000] {logging_mixin.py:190} INFO - Task instance is in running state
[2024-09-27T22:09:11.718+0000] {logging_mixin.py:190} INFO -  Previous state of the Task instance: queued
[2024-09-27T22:09:11.722+0000] {logging_mixin.py:190} INFO - Current task name:create_company_table state:running start_date:2024-09-27 22:09:11.056886+00:00
[2024-09-27T22:09:11.724+0000] {logging_mixin.py:190} INFO - Dag name:scrape_and_save_share_prices_with_company_data and current dag run status:running
[2024-09-27T22:09:11.727+0000] {taskinstance.py:731} INFO - ::endgroup::
[2024-09-27T22:09:11.755+0000] {base.py:84} INFO - Retrieving connection 'dse_connection'
[2024-09-27T22:09:11.763+0000] {sql.py:509} INFO - Running statement: 
        CREATE TABLE IF NOT EXISTS company_list (
            company_id SERIAL PRIMARY KEY,
            company_trade_name VARCHAR(255) NOT NULL,
            company_url VARCHAR(255) NOT NULL,
            UNIQUE(company_trade_name)
        );
    , parameters: None
[2024-09-27T22:09:11.766+0000] {python.py:240} INFO - Done. Returned value was: None
[2024-09-27T22:09:11.802+0000] {taskinstance.py:340} INFO - ::group::Post task execution logs
[2024-09-27T22:09:11.805+0000] {taskinstance.py:352} INFO - Marking task as SUCCESS. dag_id=scrape_and_save_share_prices_with_company_data, task_id=create_company_table, run_id=scheduled__2023-11-21T00:00:00+00:00, execution_date=20231121T000000, start_date=20240927T220911, end_date=20240927T220911
[2024-09-27T22:09:11.832+0000] {logging_mixin.py:190} INFO - Task instance in success state
[2024-09-27T22:09:11.833+0000] {logging_mixin.py:190} INFO -  Previous state of the Task instance: running
[2024-09-27T22:09:11.837+0000] {logging_mixin.py:190} INFO - Dag name:scrape_and_save_share_prices_with_company_data queued_at:2024-09-27 22:09:00.833976+00:00
[2024-09-27T22:09:11.838+0000] {logging_mixin.py:190} INFO - Task hostname:fd62fe12432d operator:PythonOperator
[2024-09-27T22:09:11.884+0000] {local_task_job_runner.py:266} INFO - Task exited with return code 0
[2024-09-27T22:09:11.977+0000] {taskinstance.py:3900} INFO - 1 downstream tasks scheduled from follow-on schedule check
[2024-09-27T22:09:12.008+0000] {local_task_job_runner.py:245} INFO - ::endgroup::
[2024-09-27T22:48:34.277+0000] {local_task_job_runner.py:123} INFO - ::group::Pre task execution logs
[2024-09-27T22:48:34.329+0000] {taskinstance.py:2612} INFO - Dependencies all met for dep_context=non-requeueable deps ti=<TaskInstance: scrape_and_save_share_prices_with_company_data.create_company_table scheduled__2023-11-21T00:00:00+00:00 [queued]>
[2024-09-27T22:48:34.356+0000] {taskinstance.py:2612} INFO - Dependencies all met for dep_context=requeueable deps ti=<TaskInstance: scrape_and_save_share_prices_with_company_data.create_company_table scheduled__2023-11-21T00:00:00+00:00 [queued]>
[2024-09-27T22:48:34.357+0000] {taskinstance.py:2865} INFO - Starting attempt 1 of 2
[2024-09-27T22:48:34.396+0000] {taskinstance.py:2888} INFO - Executing <Task(PythonOperator): create_company_table> on 2023-11-21 00:00:00+00:00
[2024-09-27T22:48:34.418+0000] {warnings.py:112} WARNING - /home/***/.local/lib/python3.12/site-packages/***/task/task_runner/standard_task_runner.py:70: DeprecationWarning: This process (pid=1139) is multi-threaded, use of fork() may lead to deadlocks in the child.
  pid = os.fork()

[2024-09-27T22:48:34.433+0000] {standard_task_runner.py:72} INFO - Started process 1203 to run task
[2024-09-27T22:48:34.463+0000] {standard_task_runner.py:104} INFO - Running: ['***', 'tasks', 'run', 'scrape_and_save_share_prices_with_company_data', 'create_company_table', 'scheduled__2023-11-21T00:00:00+00:00', '--job-id', '2817', '--raw', '--subdir', 'DAGS_FOLDER/dag.py', '--cfg-path', '/tmp/tmpy3q18f6j']
[2024-09-27T22:48:34.468+0000] {standard_task_runner.py:105} INFO - Job 2817: Subtask create_company_table
[2024-09-27T22:48:34.689+0000] {task_command.py:467} INFO - Running <TaskInstance: scrape_and_save_share_prices_with_company_data.create_company_table scheduled__2023-11-21T00:00:00+00:00 [running]> on host 7746de5121f6
[2024-09-27T22:48:35.201+0000] {taskinstance.py:3131} INFO - Exporting env vars: AIRFLOW_CTX_DAG_OWNER='***' AIRFLOW_CTX_DAG_ID='scrape_and_save_share_prices_with_company_data' AIRFLOW_CTX_TASK_ID='create_company_table' AIRFLOW_CTX_EXECUTION_DATE='2023-11-21T00:00:00+00:00' AIRFLOW_CTX_TRY_NUMBER='1' AIRFLOW_CTX_DAG_RUN_ID='scheduled__2023-11-21T00:00:00+00:00'
[2024-09-27T22:48:35.208+0000] {logging_mixin.py:190} INFO - Task instance is in running state
[2024-09-27T22:48:35.211+0000] {logging_mixin.py:190} INFO -  Previous state of the Task instance: queued
[2024-09-27T22:48:35.212+0000] {logging_mixin.py:190} INFO - Current task name:create_company_table state:running start_date:2024-09-27 22:48:34.338069+00:00
[2024-09-27T22:48:35.213+0000] {logging_mixin.py:190} INFO - Dag name:scrape_and_save_share_prices_with_company_data and current dag run status:running
[2024-09-27T22:48:35.214+0000] {taskinstance.py:731} INFO - ::endgroup::
[2024-09-27T22:48:35.273+0000] {base.py:84} INFO - Retrieving connection 'dse_connection'
[2024-09-27T22:48:35.312+0000] {sql.py:509} INFO - Running statement: 
        CREATE TABLE IF NOT EXISTS company_list (
            company_id SERIAL PRIMARY KEY,
            company_trade_name VARCHAR(255) NOT NULL,
            company_url VARCHAR(255) NOT NULL,
            UNIQUE(company_trade_name)
        );
    , parameters: None
[2024-09-27T22:48:35.340+0000] {python.py:240} INFO - Done. Returned value was: None
[2024-09-27T22:48:35.365+0000] {taskinstance.py:340} INFO - ::group::Post task execution logs
[2024-09-27T22:48:35.369+0000] {taskinstance.py:352} INFO - Marking task as SUCCESS. dag_id=scrape_and_save_share_prices_with_company_data, task_id=create_company_table, run_id=scheduled__2023-11-21T00:00:00+00:00, execution_date=20231121T000000, start_date=20240927T224834, end_date=20240927T224835
[2024-09-27T22:48:35.406+0000] {logging_mixin.py:190} INFO - Task instance in success state
[2024-09-27T22:48:35.412+0000] {logging_mixin.py:190} INFO -  Previous state of the Task instance: running
[2024-09-27T22:48:35.420+0000] {logging_mixin.py:190} INFO - Dag name:scrape_and_save_share_prices_with_company_data queued_at:2024-09-27 22:48:14.541916+00:00
[2024-09-27T22:48:35.421+0000] {logging_mixin.py:190} INFO - Task hostname:7746de5121f6 operator:PythonOperator
[2024-09-27T22:48:35.460+0000] {local_task_job_runner.py:266} INFO - Task exited with return code 0
[2024-09-27T22:48:35.587+0000] {taskinstance.py:3900} INFO - 1 downstream tasks scheduled from follow-on schedule check
[2024-09-27T22:48:35.594+0000] {local_task_job_runner.py:245} INFO - ::endgroup::
