[2024-09-27T18:40:33.907+0000] {local_task_job_runner.py:123} INFO - ::group::Pre task execution logs
[2024-09-27T18:40:34.006+0000] {taskinstance.py:2612} INFO - Dependencies all met for dep_context=non-requeueable deps ti=<TaskInstance: scrape_and_save_share_prices_with_company_data.create_company_table scheduled__2024-02-14T00:00:00+00:00 [queued]>
[2024-09-27T18:40:34.083+0000] {taskinstance.py:2612} INFO - Dependencies all met for dep_context=requeueable deps ti=<TaskInstance: scrape_and_save_share_prices_with_company_data.create_company_table scheduled__2024-02-14T00:00:00+00:00 [queued]>
[2024-09-27T18:40:34.114+0000] {taskinstance.py:2865} INFO - Starting attempt 1 of 2
[2024-09-27T18:40:34.216+0000] {taskinstance.py:2888} INFO - Executing <Task(PythonOperator): create_company_table> on 2024-02-14 00:00:00+00:00
[2024-09-27T18:40:34.244+0000] {warnings.py:112} WARNING - /home/***/.local/lib/python3.12/site-packages/***/task/task_runner/standard_task_runner.py:70: DeprecationWarning: This process (pid=14267) is multi-threaded, use of fork() may lead to deadlocks in the child.
  pid = os.fork()

[2024-09-27T18:40:34.258+0000] {standard_task_runner.py:72} INFO - Started process 14281 to run task
[2024-09-27T18:40:34.266+0000] {standard_task_runner.py:104} INFO - Running: ['***', 'tasks', 'run', 'scrape_and_save_share_prices_with_company_data', 'create_company_table', 'scheduled__2024-02-14T00:00:00+00:00', '--job-id', '1647', '--raw', '--subdir', 'DAGS_FOLDER/dag.py', '--cfg-path', '/tmp/tmp7kf99v30']
[2024-09-27T18:40:34.278+0000] {standard_task_runner.py:105} INFO - Job 1647: Subtask create_company_table
[2024-09-27T18:40:34.526+0000] {task_command.py:467} INFO - Running <TaskInstance: scrape_and_save_share_prices_with_company_data.create_company_table scheduled__2024-02-14T00:00:00+00:00 [running]> on host 13b5797a93ab
[2024-09-27T18:40:34.904+0000] {taskinstance.py:3131} INFO - Exporting env vars: AIRFLOW_CTX_DAG_OWNER='***' AIRFLOW_CTX_DAG_ID='scrape_and_save_share_prices_with_company_data' AIRFLOW_CTX_TASK_ID='create_company_table' AIRFLOW_CTX_EXECUTION_DATE='2024-02-14T00:00:00+00:00' AIRFLOW_CTX_TRY_NUMBER='1' AIRFLOW_CTX_DAG_RUN_ID='scheduled__2024-02-14T00:00:00+00:00'
[2024-09-27T18:40:34.911+0000] {logging_mixin.py:190} INFO - Task instance is in running state
[2024-09-27T18:40:34.913+0000] {logging_mixin.py:190} INFO -  Previous state of the Task instance: queued
[2024-09-27T18:40:34.920+0000] {logging_mixin.py:190} INFO - Current task name:create_company_table state:running start_date:2024-09-27 18:40:34.010884+00:00
[2024-09-27T18:40:34.923+0000] {logging_mixin.py:190} INFO - Dag name:scrape_and_save_share_prices_with_company_data and current dag run status:running
[2024-09-27T18:40:34.924+0000] {taskinstance.py:731} INFO - ::endgroup::
[2024-09-27T18:40:34.959+0000] {base.py:84} INFO - Retrieving connection 'dse_connection'
[2024-09-27T18:40:34.985+0000] {sql.py:509} INFO - Running statement: 
        CREATE TABLE IF NOT EXISTS company_list (
            company_id SERIAL PRIMARY KEY,
            company_trade_name VARCHAR(255) NOT NULL,
            company_url VARCHAR(255) NOT NULL,
            UNIQUE(company_trade_name)
        );
    , parameters: None
[2024-09-27T18:40:35.008+0000] {python.py:240} INFO - Done. Returned value was: None
[2024-09-27T18:40:35.066+0000] {taskinstance.py:340} INFO - ::group::Post task execution logs
[2024-09-27T18:40:35.070+0000] {taskinstance.py:352} INFO - Marking task as SUCCESS. dag_id=scrape_and_save_share_prices_with_company_data, task_id=create_company_table, run_id=scheduled__2024-02-14T00:00:00+00:00, execution_date=20240214T000000, start_date=20240927T184034, end_date=20240927T184035
[2024-09-27T18:40:35.138+0000] {logging_mixin.py:190} INFO - Task instance in success state
[2024-09-27T18:40:35.139+0000] {logging_mixin.py:190} INFO -  Previous state of the Task instance: running
[2024-09-27T18:40:35.140+0000] {logging_mixin.py:190} INFO - Dag name:scrape_and_save_share_prices_with_company_data queued_at:2024-09-27 18:40:26.674486+00:00
[2024-09-27T18:40:35.141+0000] {logging_mixin.py:190} INFO - Task hostname:13b5797a93ab operator:PythonOperator
[2024-09-27T18:40:35.195+0000] {local_task_job_runner.py:266} INFO - Task exited with return code 0
[2024-09-27T18:40:35.293+0000] {taskinstance.py:3900} INFO - 1 downstream tasks scheduled from follow-on schedule check
[2024-09-27T18:40:35.315+0000] {local_task_job_runner.py:245} INFO - ::endgroup::
[2024-09-27T23:05:27.149+0000] {local_task_job_runner.py:123} INFO - ::group::Pre task execution logs
[2024-09-27T23:05:27.170+0000] {taskinstance.py:2612} INFO - Dependencies all met for dep_context=non-requeueable deps ti=<TaskInstance: scrape_and_save_share_prices_with_company_data.create_company_table scheduled__2024-02-14T00:00:00+00:00 [queued]>
[2024-09-27T23:05:27.181+0000] {taskinstance.py:2612} INFO - Dependencies all met for dep_context=requeueable deps ti=<TaskInstance: scrape_and_save_share_prices_with_company_data.create_company_table scheduled__2024-02-14T00:00:00+00:00 [queued]>
[2024-09-27T23:05:27.182+0000] {taskinstance.py:2865} INFO - Starting attempt 1 of 2
[2024-09-27T23:05:27.201+0000] {taskinstance.py:2888} INFO - Executing <Task(PythonOperator): create_company_table> on 2024-02-14 00:00:00+00:00
[2024-09-27T23:05:27.214+0000] {warnings.py:112} WARNING - /home/***/.local/lib/python3.12/site-packages/***/task/task_runner/standard_task_runner.py:70: DeprecationWarning: This process (pid=2755) is multi-threaded, use of fork() may lead to deadlocks in the child.
  pid = os.fork()

[2024-09-27T23:05:27.215+0000] {standard_task_runner.py:104} INFO - Running: ['***', 'tasks', 'run', 'scrape_and_save_share_prices_with_company_data', 'create_company_table', 'scheduled__2024-02-14T00:00:00+00:00', '--job-id', '3168', '--raw', '--subdir', 'DAGS_FOLDER/dag.py', '--cfg-path', '/tmp/tmp1s8trt25']
[2024-09-27T23:05:27.217+0000] {standard_task_runner.py:72} INFO - Started process 2762 to run task
[2024-09-27T23:05:27.217+0000] {standard_task_runner.py:105} INFO - Job 3168: Subtask create_company_table
[2024-09-27T23:05:27.288+0000] {task_command.py:467} INFO - Running <TaskInstance: scrape_and_save_share_prices_with_company_data.create_company_table scheduled__2024-02-14T00:00:00+00:00 [running]> on host 7746de5121f6
[2024-09-27T23:05:27.423+0000] {taskinstance.py:3131} INFO - Exporting env vars: AIRFLOW_CTX_DAG_OWNER='***' AIRFLOW_CTX_DAG_ID='scrape_and_save_share_prices_with_company_data' AIRFLOW_CTX_TASK_ID='create_company_table' AIRFLOW_CTX_EXECUTION_DATE='2024-02-14T00:00:00+00:00' AIRFLOW_CTX_TRY_NUMBER='1' AIRFLOW_CTX_DAG_RUN_ID='scheduled__2024-02-14T00:00:00+00:00'
[2024-09-27T23:05:27.425+0000] {logging_mixin.py:190} INFO - Task instance is in running state
[2024-09-27T23:05:27.425+0000] {logging_mixin.py:190} INFO -  Previous state of the Task instance: queued
[2024-09-27T23:05:27.426+0000] {logging_mixin.py:190} INFO - Current task name:create_company_table state:running start_date:2024-09-27 23:05:27.170930+00:00
[2024-09-27T23:05:27.427+0000] {logging_mixin.py:190} INFO - Dag name:scrape_and_save_share_prices_with_company_data and current dag run status:running
[2024-09-27T23:05:27.429+0000] {taskinstance.py:731} INFO - ::endgroup::
[2024-09-27T23:05:27.442+0000] {base.py:84} INFO - Retrieving connection 'dse_connection'
[2024-09-27T23:05:27.447+0000] {sql.py:509} INFO - Running statement: 
        CREATE TABLE IF NOT EXISTS company_list (
            company_id SERIAL PRIMARY KEY,
            company_trade_name VARCHAR(255) NOT NULL,
            company_url VARCHAR(255) NOT NULL,
            UNIQUE(company_trade_name)
        );
    , parameters: None
[2024-09-27T23:05:27.449+0000] {python.py:240} INFO - Done. Returned value was: None
[2024-09-27T23:05:27.462+0000] {taskinstance.py:340} INFO - ::group::Post task execution logs
[2024-09-27T23:05:27.463+0000] {taskinstance.py:352} INFO - Marking task as SUCCESS. dag_id=scrape_and_save_share_prices_with_company_data, task_id=create_company_table, run_id=scheduled__2024-02-14T00:00:00+00:00, execution_date=20240214T000000, start_date=20240927T230527, end_date=20240927T230527
[2024-09-27T23:05:27.478+0000] {logging_mixin.py:190} INFO - Task instance in success state
[2024-09-27T23:05:27.479+0000] {logging_mixin.py:190} INFO -  Previous state of the Task instance: running
[2024-09-27T23:05:27.480+0000] {logging_mixin.py:190} INFO - Dag name:scrape_and_save_share_prices_with_company_data queued_at:2024-09-27 23:05:24.403877+00:00
[2024-09-27T23:05:27.481+0000] {logging_mixin.py:190} INFO - Task hostname:7746de5121f6 operator:PythonOperator
[2024-09-27T23:05:27.515+0000] {local_task_job_runner.py:266} INFO - Task exited with return code 0
[2024-09-27T23:05:27.602+0000] {taskinstance.py:3900} INFO - 1 downstream tasks scheduled from follow-on schedule check
[2024-09-27T23:05:27.604+0000] {local_task_job_runner.py:245} INFO - ::endgroup::
