[2024-09-27T18:13:48.140+0000] {local_task_job_runner.py:123} INFO - ::group::Pre task execution logs
[2024-09-27T18:13:48.246+0000] {taskinstance.py:2612} INFO - Dependencies all met for dep_context=non-requeueable deps ti=<TaskInstance: scrape_and_save_share_prices_with_company_data.create_company_table scheduled__2023-10-30T00:00:00+00:00 [queued]>
[2024-09-27T18:13:48.267+0000] {taskinstance.py:2612} INFO - Dependencies all met for dep_context=requeueable deps ti=<TaskInstance: scrape_and_save_share_prices_with_company_data.create_company_table scheduled__2023-10-30T00:00:00+00:00 [queued]>
[2024-09-27T18:13:48.268+0000] {taskinstance.py:2865} INFO - Starting attempt 1 of 2
[2024-09-27T18:13:48.316+0000] {taskinstance.py:2888} INFO - Executing <Task(PythonOperator): create_company_table> on 2023-10-30 00:00:00+00:00
[2024-09-27T18:13:48.351+0000] {warnings.py:112} WARNING - /home/***/.local/lib/python3.12/site-packages/***/task/task_runner/standard_task_runner.py:70: DeprecationWarning: This process (pid=12191) is multi-threaded, use of fork() may lead to deadlocks in the child.
  pid = os.fork()

[2024-09-27T18:13:48.370+0000] {standard_task_runner.py:72} INFO - Started process 12232 to run task
[2024-09-27T18:13:48.368+0000] {standard_task_runner.py:104} INFO - Running: ['***', 'tasks', 'run', 'scrape_and_save_share_prices_with_company_data', 'create_company_table', 'scheduled__2023-10-30T00:00:00+00:00', '--job-id', '1197', '--raw', '--subdir', 'DAGS_FOLDER/dag.py', '--cfg-path', '/tmp/tmpt4m3ssqx']
[2024-09-27T18:13:48.376+0000] {standard_task_runner.py:105} INFO - Job 1197: Subtask create_company_table
[2024-09-27T18:13:48.621+0000] {task_command.py:467} INFO - Running <TaskInstance: scrape_and_save_share_prices_with_company_data.create_company_table scheduled__2023-10-30T00:00:00+00:00 [running]> on host 13b5797a93ab
[2024-09-27T18:13:48.918+0000] {taskinstance.py:3131} INFO - Exporting env vars: AIRFLOW_CTX_DAG_OWNER='***' AIRFLOW_CTX_DAG_ID='scrape_and_save_share_prices_with_company_data' AIRFLOW_CTX_TASK_ID='create_company_table' AIRFLOW_CTX_EXECUTION_DATE='2023-10-30T00:00:00+00:00' AIRFLOW_CTX_TRY_NUMBER='1' AIRFLOW_CTX_DAG_RUN_ID='scheduled__2023-10-30T00:00:00+00:00'
[2024-09-27T18:13:48.922+0000] {logging_mixin.py:190} INFO - Task instance is in running state
[2024-09-27T18:13:48.923+0000] {logging_mixin.py:190} INFO -  Previous state of the Task instance: queued
[2024-09-27T18:13:48.925+0000] {logging_mixin.py:190} INFO - Current task name:create_company_table state:running start_date:2024-09-27 18:13:48.247161+00:00
[2024-09-27T18:13:48.926+0000] {logging_mixin.py:190} INFO - Dag name:scrape_and_save_share_prices_with_company_data and current dag run status:running
[2024-09-27T18:13:48.928+0000] {taskinstance.py:731} INFO - ::endgroup::
[2024-09-27T18:13:48.979+0000] {base.py:84} INFO - Retrieving connection 'dse_connection'
[2024-09-27T18:13:48.992+0000] {sql.py:509} INFO - Running statement: 
        CREATE TABLE IF NOT EXISTS company_list (
            company_id SERIAL PRIMARY KEY,
            company_trade_name VARCHAR(255) NOT NULL,
            company_url VARCHAR(255) NOT NULL,
            UNIQUE(company_trade_name)
        );
    , parameters: None
[2024-09-27T18:13:48.995+0000] {python.py:240} INFO - Done. Returned value was: None
[2024-09-27T18:13:49.027+0000] {taskinstance.py:340} INFO - ::group::Post task execution logs
[2024-09-27T18:13:49.028+0000] {taskinstance.py:352} INFO - Marking task as SUCCESS. dag_id=scrape_and_save_share_prices_with_company_data, task_id=create_company_table, run_id=scheduled__2023-10-30T00:00:00+00:00, execution_date=20231030T000000, start_date=20240927T181348, end_date=20240927T181349
[2024-09-27T18:13:49.071+0000] {logging_mixin.py:190} INFO - Task instance in success state
[2024-09-27T18:13:49.076+0000] {logging_mixin.py:190} INFO -  Previous state of the Task instance: running
[2024-09-27T18:13:49.078+0000] {logging_mixin.py:190} INFO - Dag name:scrape_and_save_share_prices_with_company_data queued_at:2024-09-27 18:13:38.514793+00:00
[2024-09-27T18:13:49.094+0000] {logging_mixin.py:190} INFO - Task hostname:13b5797a93ab operator:PythonOperator
[2024-09-27T18:13:49.171+0000] {local_task_job_runner.py:266} INFO - Task exited with return code 0
[2024-09-27T18:13:49.270+0000] {taskinstance.py:3900} INFO - 1 downstream tasks scheduled from follow-on schedule check
[2024-09-27T18:13:49.274+0000] {local_task_job_runner.py:245} INFO - ::endgroup::
[2024-09-27T22:03:38.722+0000] {local_task_job_runner.py:123} INFO - ::group::Pre task execution logs
[2024-09-27T22:03:38.818+0000] {taskinstance.py:2612} INFO - Dependencies all met for dep_context=non-requeueable deps ti=<TaskInstance: scrape_and_save_share_prices_with_company_data.create_company_table scheduled__2023-10-30T00:00:00+00:00 [queued]>
[2024-09-27T22:03:38.885+0000] {taskinstance.py:2612} INFO - Dependencies all met for dep_context=requeueable deps ti=<TaskInstance: scrape_and_save_share_prices_with_company_data.create_company_table scheduled__2023-10-30T00:00:00+00:00 [queued]>
[2024-09-27T22:03:38.889+0000] {taskinstance.py:2865} INFO - Starting attempt 1 of 2
[2024-09-27T22:03:39.040+0000] {taskinstance.py:2888} INFO - Executing <Task(PythonOperator): create_company_table> on 2023-10-30 00:00:00+00:00
[2024-09-27T22:03:39.073+0000] {warnings.py:112} WARNING - /home/***/.local/lib/python3.12/site-packages/***/task/task_runner/standard_task_runner.py:70: DeprecationWarning: This process (pid=998) is multi-threaded, use of fork() may lead to deadlocks in the child.
  pid = os.fork()

[2024-09-27T22:03:39.090+0000] {standard_task_runner.py:72} INFO - Started process 1008 to run task
[2024-09-27T22:03:39.083+0000] {standard_task_runner.py:104} INFO - Running: ['***', 'tasks', 'run', 'scrape_and_save_share_prices_with_company_data', 'create_company_table', 'scheduled__2023-10-30T00:00:00+00:00', '--job-id', '2246', '--raw', '--subdir', 'DAGS_FOLDER/dag.py', '--cfg-path', '/tmp/tmpzgmdo0ac']
[2024-09-27T22:03:39.092+0000] {standard_task_runner.py:105} INFO - Job 2246: Subtask create_company_table
[2024-09-27T22:03:39.342+0000] {task_command.py:467} INFO - Running <TaskInstance: scrape_and_save_share_prices_with_company_data.create_company_table scheduled__2023-10-30T00:00:00+00:00 [running]> on host fd62fe12432d
[2024-09-27T22:03:39.980+0000] {taskinstance.py:3131} INFO - Exporting env vars: AIRFLOW_CTX_DAG_OWNER='***' AIRFLOW_CTX_DAG_ID='scrape_and_save_share_prices_with_company_data' AIRFLOW_CTX_TASK_ID='create_company_table' AIRFLOW_CTX_EXECUTION_DATE='2023-10-30T00:00:00+00:00' AIRFLOW_CTX_TRY_NUMBER='1' AIRFLOW_CTX_DAG_RUN_ID='scheduled__2023-10-30T00:00:00+00:00'
[2024-09-27T22:03:39.985+0000] {logging_mixin.py:190} INFO - Task instance is in running state
[2024-09-27T22:03:39.988+0000] {logging_mixin.py:190} INFO -  Previous state of the Task instance: queued
[2024-09-27T22:03:39.995+0000] {logging_mixin.py:190} INFO - Current task name:create_company_table state:running start_date:2024-09-27 22:03:38.835198+00:00
[2024-09-27T22:03:39.996+0000] {logging_mixin.py:190} INFO - Dag name:scrape_and_save_share_prices_with_company_data and current dag run status:running
[2024-09-27T22:03:39.997+0000] {taskinstance.py:731} INFO - ::endgroup::
[2024-09-27T22:03:40.091+0000] {base.py:84} INFO - Retrieving connection 'dse_connection'
[2024-09-27T22:03:40.120+0000] {sql.py:509} INFO - Running statement: 
        CREATE TABLE IF NOT EXISTS company_list (
            company_id SERIAL PRIMARY KEY,
            company_trade_name VARCHAR(255) NOT NULL,
            company_url VARCHAR(255) NOT NULL,
            UNIQUE(company_trade_name)
        );
    , parameters: None
[2024-09-27T22:03:40.132+0000] {python.py:240} INFO - Done. Returned value was: None
[2024-09-27T22:03:40.218+0000] {taskinstance.py:340} INFO - ::group::Post task execution logs
[2024-09-27T22:03:40.219+0000] {taskinstance.py:352} INFO - Marking task as SUCCESS. dag_id=scrape_and_save_share_prices_with_company_data, task_id=create_company_table, run_id=scheduled__2023-10-30T00:00:00+00:00, execution_date=20231030T000000, start_date=20240927T220338, end_date=20240927T220340
[2024-09-27T22:03:40.256+0000] {logging_mixin.py:190} INFO - Task instance in success state
[2024-09-27T22:03:40.263+0000] {logging_mixin.py:190} INFO -  Previous state of the Task instance: running
[2024-09-27T22:03:40.264+0000] {logging_mixin.py:190} INFO - Dag name:scrape_and_save_share_prices_with_company_data queued_at:2024-09-27 22:03:29.982110+00:00
[2024-09-27T22:03:40.265+0000] {logging_mixin.py:190} INFO - Task hostname:fd62fe12432d operator:PythonOperator
[2024-09-27T22:03:40.313+0000] {local_task_job_runner.py:266} INFO - Task exited with return code 0
[2024-09-27T22:03:40.357+0000] {local_task_job_runner.py:245} INFO - ::endgroup::
[2024-09-27T22:42:59.723+0000] {local_task_job_runner.py:123} INFO - ::group::Pre task execution logs
[2024-09-27T22:42:59.806+0000] {taskinstance.py:2612} INFO - Dependencies all met for dep_context=non-requeueable deps ti=<TaskInstance: scrape_and_save_share_prices_with_company_data.create_company_table scheduled__2023-10-30T00:00:00+00:00 [queued]>
[2024-09-27T22:42:59.848+0000] {taskinstance.py:2612} INFO - Dependencies all met for dep_context=requeueable deps ti=<TaskInstance: scrape_and_save_share_prices_with_company_data.create_company_table scheduled__2023-10-30T00:00:00+00:00 [queued]>
[2024-09-27T22:42:59.850+0000] {taskinstance.py:2865} INFO - Starting attempt 1 of 2
[2024-09-27T22:42:59.942+0000] {taskinstance.py:2888} INFO - Executing <Task(PythonOperator): create_company_table> on 2023-10-30 00:00:00+00:00
[2024-09-27T22:42:59.972+0000] {warnings.py:112} WARNING - /home/***/.local/lib/python3.12/site-packages/***/task/task_runner/standard_task_runner.py:70: DeprecationWarning: This process (pid=732) is multi-threaded, use of fork() may lead to deadlocks in the child.
  pid = os.fork()

[2024-09-27T22:42:59.983+0000] {standard_task_runner.py:72} INFO - Started process 755 to run task
[2024-09-27T22:42:59.974+0000] {standard_task_runner.py:104} INFO - Running: ['***', 'tasks', 'run', 'scrape_and_save_share_prices_with_company_data', 'create_company_table', 'scheduled__2023-10-30T00:00:00+00:00', '--job-id', '2716', '--raw', '--subdir', 'DAGS_FOLDER/dag.py', '--cfg-path', '/tmp/tmpdn1a5qm9']
[2024-09-27T22:42:59.993+0000] {standard_task_runner.py:105} INFO - Job 2716: Subtask create_company_table
[2024-09-27T22:43:00.289+0000] {task_command.py:467} INFO - Running <TaskInstance: scrape_and_save_share_prices_with_company_data.create_company_table scheduled__2023-10-30T00:00:00+00:00 [running]> on host 7746de5121f6
[2024-09-27T22:43:00.887+0000] {taskinstance.py:3131} INFO - Exporting env vars: AIRFLOW_CTX_DAG_OWNER='***' AIRFLOW_CTX_DAG_ID='scrape_and_save_share_prices_with_company_data' AIRFLOW_CTX_TASK_ID='create_company_table' AIRFLOW_CTX_EXECUTION_DATE='2023-10-30T00:00:00+00:00' AIRFLOW_CTX_TRY_NUMBER='1' AIRFLOW_CTX_DAG_RUN_ID='scheduled__2023-10-30T00:00:00+00:00'
[2024-09-27T22:43:00.890+0000] {logging_mixin.py:190} INFO - Task instance is in running state
[2024-09-27T22:43:00.896+0000] {logging_mixin.py:190} INFO -  Previous state of the Task instance: queued
[2024-09-27T22:43:00.897+0000] {logging_mixin.py:190} INFO - Current task name:create_company_table state:running start_date:2024-09-27 22:42:59.809383+00:00
[2024-09-27T22:43:00.900+0000] {logging_mixin.py:190} INFO - Dag name:scrape_and_save_share_prices_with_company_data and current dag run status:running
[2024-09-27T22:43:00.904+0000] {taskinstance.py:731} INFO - ::endgroup::
[2024-09-27T22:43:00.969+0000] {base.py:84} INFO - Retrieving connection 'dse_connection'
[2024-09-27T22:43:01.010+0000] {sql.py:509} INFO - Running statement: 
        CREATE TABLE IF NOT EXISTS company_list (
            company_id SERIAL PRIMARY KEY,
            company_trade_name VARCHAR(255) NOT NULL,
            company_url VARCHAR(255) NOT NULL,
            UNIQUE(company_trade_name)
        );
    , parameters: None
[2024-09-27T22:43:01.028+0000] {python.py:240} INFO - Done. Returned value was: None
[2024-09-27T22:43:01.067+0000] {taskinstance.py:340} INFO - ::group::Post task execution logs
[2024-09-27T22:43:01.070+0000] {taskinstance.py:352} INFO - Marking task as SUCCESS. dag_id=scrape_and_save_share_prices_with_company_data, task_id=create_company_table, run_id=scheduled__2023-10-30T00:00:00+00:00, execution_date=20231030T000000, start_date=20240927T224259, end_date=20240927T224301
[2024-09-27T22:43:01.108+0000] {logging_mixin.py:190} INFO - Task instance in success state
[2024-09-27T22:43:01.114+0000] {logging_mixin.py:190} INFO -  Previous state of the Task instance: running
[2024-09-27T22:43:01.115+0000] {logging_mixin.py:190} INFO - Dag name:scrape_and_save_share_prices_with_company_data queued_at:2024-09-27 22:42:50.576229+00:00
[2024-09-27T22:43:01.117+0000] {logging_mixin.py:190} INFO - Task hostname:7746de5121f6 operator:PythonOperator
[2024-09-27T22:43:01.253+0000] {local_task_job_runner.py:266} INFO - Task exited with return code 0
[2024-09-27T22:43:01.296+0000] {local_task_job_runner.py:245} INFO - ::endgroup::
