[2024-09-27T18:54:55.860+0000] {local_task_job_runner.py:123} INFO - ::group::Pre task execution logs
[2024-09-27T18:54:55.904+0000] {taskinstance.py:2612} INFO - Dependencies all met for dep_context=non-requeueable deps ti=<TaskInstance: scrape_and_save_share_prices_with_company_data.create_company_table scheduled__2024-03-08T00:00:00+00:00 [queued]>
[2024-09-27T18:54:55.922+0000] {taskinstance.py:2612} INFO - Dependencies all met for dep_context=requeueable deps ti=<TaskInstance: scrape_and_save_share_prices_with_company_data.create_company_table scheduled__2024-03-08T00:00:00+00:00 [queued]>
[2024-09-27T18:54:55.924+0000] {taskinstance.py:2865} INFO - Starting attempt 1 of 2
[2024-09-27T18:54:55.963+0000] {taskinstance.py:2888} INFO - Executing <Task(PythonOperator): create_company_table> on 2024-03-08 00:00:00+00:00
[2024-09-27T18:54:55.984+0000] {warnings.py:112} WARNING - /home/***/.local/lib/python3.12/site-packages/***/task/task_runner/standard_task_runner.py:70: DeprecationWarning: This process (pid=15126) is multi-threaded, use of fork() may lead to deadlocks in the child.
  pid = os.fork()

[2024-09-27T18:54:55.988+0000] {standard_task_runner.py:72} INFO - Started process 15136 to run task
[2024-09-27T18:54:55.990+0000] {standard_task_runner.py:104} INFO - Running: ['***', 'tasks', 'run', 'scrape_and_save_share_prices_with_company_data', 'create_company_table', 'scheduled__2024-03-08T00:00:00+00:00', '--job-id', '1820', '--raw', '--subdir', 'DAGS_FOLDER/dag.py', '--cfg-path', '/tmp/tmp6ljj9il5']
[2024-09-27T18:54:55.993+0000] {standard_task_runner.py:105} INFO - Job 1820: Subtask create_company_table
[2024-09-27T18:54:56.170+0000] {task_command.py:467} INFO - Running <TaskInstance: scrape_and_save_share_prices_with_company_data.create_company_table scheduled__2024-03-08T00:00:00+00:00 [running]> on host 13b5797a93ab
[2024-09-27T18:54:56.561+0000] {taskinstance.py:3131} INFO - Exporting env vars: AIRFLOW_CTX_DAG_OWNER='***' AIRFLOW_CTX_DAG_ID='scrape_and_save_share_prices_with_company_data' AIRFLOW_CTX_TASK_ID='create_company_table' AIRFLOW_CTX_EXECUTION_DATE='2024-03-08T00:00:00+00:00' AIRFLOW_CTX_TRY_NUMBER='1' AIRFLOW_CTX_DAG_RUN_ID='scheduled__2024-03-08T00:00:00+00:00'
[2024-09-27T18:54:56.564+0000] {logging_mixin.py:190} INFO - Task instance is in running state
[2024-09-27T18:54:56.566+0000] {logging_mixin.py:190} INFO -  Previous state of the Task instance: queued
[2024-09-27T18:54:56.568+0000] {logging_mixin.py:190} INFO - Current task name:create_company_table state:running start_date:2024-09-27 18:54:55.905814+00:00
[2024-09-27T18:54:56.570+0000] {logging_mixin.py:190} INFO - Dag name:scrape_and_save_share_prices_with_company_data and current dag run status:running
[2024-09-27T18:54:56.573+0000] {taskinstance.py:731} INFO - ::endgroup::
[2024-09-27T18:54:56.605+0000] {base.py:84} INFO - Retrieving connection 'dse_connection'
[2024-09-27T18:54:56.628+0000] {sql.py:509} INFO - Running statement: 
        CREATE TABLE IF NOT EXISTS company_list (
            company_id SERIAL PRIMARY KEY,
            company_trade_name VARCHAR(255) NOT NULL,
            company_url VARCHAR(255) NOT NULL,
            UNIQUE(company_trade_name)
        );
    , parameters: None
[2024-09-27T18:54:56.630+0000] {python.py:240} INFO - Done. Returned value was: None
[2024-09-27T18:54:56.661+0000] {taskinstance.py:340} INFO - ::group::Post task execution logs
[2024-09-27T18:54:56.662+0000] {taskinstance.py:352} INFO - Marking task as SUCCESS. dag_id=scrape_and_save_share_prices_with_company_data, task_id=create_company_table, run_id=scheduled__2024-03-08T00:00:00+00:00, execution_date=20240308T000000, start_date=20240927T185455, end_date=20240927T185456
[2024-09-27T18:54:56.693+0000] {logging_mixin.py:190} INFO - Task instance in success state
[2024-09-27T18:54:56.696+0000] {logging_mixin.py:190} INFO -  Previous state of the Task instance: running
[2024-09-27T18:54:56.699+0000] {logging_mixin.py:190} INFO - Dag name:scrape_and_save_share_prices_with_company_data queued_at:2024-09-27 18:54:47.147174+00:00
[2024-09-27T18:54:56.701+0000] {logging_mixin.py:190} INFO - Task hostname:13b5797a93ab operator:PythonOperator
[2024-09-27T18:54:56.755+0000] {local_task_job_runner.py:266} INFO - Task exited with return code 0
[2024-09-27T18:54:56.780+0000] {local_task_job_runner.py:245} INFO - ::endgroup::
[2024-09-27T23:09:25.898+0000] {local_task_job_runner.py:123} INFO - ::group::Pre task execution logs
[2024-09-27T23:09:26.076+0000] {taskinstance.py:2612} INFO - Dependencies all met for dep_context=non-requeueable deps ti=<TaskInstance: scrape_and_save_share_prices_with_company_data.create_company_table scheduled__2024-03-08T00:00:00+00:00 [queued]>
[2024-09-27T23:09:26.124+0000] {taskinstance.py:2612} INFO - Dependencies all met for dep_context=requeueable deps ti=<TaskInstance: scrape_and_save_share_prices_with_company_data.create_company_table scheduled__2024-03-08T00:00:00+00:00 [queued]>
[2024-09-27T23:09:26.125+0000] {taskinstance.py:2865} INFO - Starting attempt 1 of 2
[2024-09-27T23:09:26.221+0000] {taskinstance.py:2888} INFO - Executing <Task(PythonOperator): create_company_table> on 2024-03-08 00:00:00+00:00
[2024-09-27T23:09:26.239+0000] {warnings.py:112} WARNING - /home/***/.local/lib/python3.12/site-packages/***/task/task_runner/standard_task_runner.py:70: DeprecationWarning: This process (pid=3150) is multi-threaded, use of fork() may lead to deadlocks in the child.
  pid = os.fork()

[2024-09-27T23:09:26.242+0000] {standard_task_runner.py:72} INFO - Started process 3170 to run task
[2024-09-27T23:09:26.257+0000] {standard_task_runner.py:104} INFO - Running: ['***', 'tasks', 'run', 'scrape_and_save_share_prices_with_company_data', 'create_company_table', 'scheduled__2024-03-08T00:00:00+00:00', '--job-id', '3255', '--raw', '--subdir', 'DAGS_FOLDER/dag.py', '--cfg-path', '/tmp/tmpajn8c1ox']
[2024-09-27T23:09:26.279+0000] {standard_task_runner.py:105} INFO - Job 3255: Subtask create_company_table
[2024-09-27T23:09:26.539+0000] {task_command.py:467} INFO - Running <TaskInstance: scrape_and_save_share_prices_with_company_data.create_company_table scheduled__2024-03-08T00:00:00+00:00 [running]> on host 7746de5121f6
[2024-09-27T23:09:27.125+0000] {taskinstance.py:3131} INFO - Exporting env vars: AIRFLOW_CTX_DAG_OWNER='***' AIRFLOW_CTX_DAG_ID='scrape_and_save_share_prices_with_company_data' AIRFLOW_CTX_TASK_ID='create_company_table' AIRFLOW_CTX_EXECUTION_DATE='2024-03-08T00:00:00+00:00' AIRFLOW_CTX_TRY_NUMBER='1' AIRFLOW_CTX_DAG_RUN_ID='scheduled__2024-03-08T00:00:00+00:00'
[2024-09-27T23:09:27.135+0000] {logging_mixin.py:190} INFO - Task instance is in running state
[2024-09-27T23:09:27.147+0000] {logging_mixin.py:190} INFO -  Previous state of the Task instance: queued
[2024-09-27T23:09:27.154+0000] {logging_mixin.py:190} INFO - Current task name:create_company_table state:running start_date:2024-09-27 23:09:26.077141+00:00
[2024-09-27T23:09:27.155+0000] {logging_mixin.py:190} INFO - Dag name:scrape_and_save_share_prices_with_company_data and current dag run status:running
[2024-09-27T23:09:27.157+0000] {taskinstance.py:731} INFO - ::endgroup::
[2024-09-27T23:09:27.224+0000] {base.py:84} INFO - Retrieving connection 'dse_connection'
[2024-09-27T23:09:27.245+0000] {sql.py:509} INFO - Running statement: 
        CREATE TABLE IF NOT EXISTS company_list (
            company_id SERIAL PRIMARY KEY,
            company_trade_name VARCHAR(255) NOT NULL,
            company_url VARCHAR(255) NOT NULL,
            UNIQUE(company_trade_name)
        );
    , parameters: None
[2024-09-27T23:09:27.264+0000] {python.py:240} INFO - Done. Returned value was: None
[2024-09-27T23:09:27.340+0000] {taskinstance.py:340} INFO - ::group::Post task execution logs
[2024-09-27T23:09:27.342+0000] {taskinstance.py:352} INFO - Marking task as SUCCESS. dag_id=scrape_and_save_share_prices_with_company_data, task_id=create_company_table, run_id=scheduled__2024-03-08T00:00:00+00:00, execution_date=20240308T000000, start_date=20240927T230926, end_date=20240927T230927
[2024-09-27T23:09:27.420+0000] {logging_mixin.py:190} INFO - Task instance in success state
[2024-09-27T23:09:27.422+0000] {logging_mixin.py:190} INFO -  Previous state of the Task instance: running
[2024-09-27T23:09:27.423+0000] {logging_mixin.py:190} INFO - Dag name:scrape_and_save_share_prices_with_company_data queued_at:2024-09-27 23:09:19.469575+00:00
[2024-09-27T23:09:27.426+0000] {logging_mixin.py:190} INFO - Task hostname:7746de5121f6 operator:PythonOperator
[2024-09-27T23:09:27.490+0000] {local_task_job_runner.py:266} INFO - Task exited with return code 0
[2024-09-27T23:09:27.627+0000] {taskinstance.py:3900} INFO - 1 downstream tasks scheduled from follow-on schedule check
[2024-09-27T23:09:27.645+0000] {local_task_job_runner.py:245} INFO - ::endgroup::
