[2024-09-27T18:11:45.672+0000] {local_task_job_runner.py:123} INFO - ::group::Pre task execution logs
[2024-09-27T18:11:45.722+0000] {taskinstance.py:2612} INFO - Dependencies all met for dep_context=non-requeueable deps ti=<TaskInstance: scrape_and_save_share_prices_with_company_data.create_company_table scheduled__2023-10-16T00:00:00+00:00 [queued]>
[2024-09-27T18:11:45.765+0000] {taskinstance.py:2612} INFO - Dependencies all met for dep_context=requeueable deps ti=<TaskInstance: scrape_and_save_share_prices_with_company_data.create_company_table scheduled__2023-10-16T00:00:00+00:00 [queued]>
[2024-09-27T18:11:45.767+0000] {taskinstance.py:2865} INFO - Starting attempt 1 of 2
[2024-09-27T18:11:45.817+0000] {taskinstance.py:2888} INFO - Executing <Task(PythonOperator): create_company_table> on 2023-10-16 00:00:00+00:00
[2024-09-27T18:11:45.843+0000] {warnings.py:112} WARNING - /home/***/.local/lib/python3.12/site-packages/***/task/task_runner/standard_task_runner.py:70: DeprecationWarning: This process (pid=11984) is multi-threaded, use of fork() may lead to deadlocks in the child.
  pid = os.fork()

[2024-09-27T18:11:45.850+0000] {standard_task_runner.py:72} INFO - Started process 12023 to run task
[2024-09-27T18:11:45.934+0000] {standard_task_runner.py:104} INFO - Running: ['***', 'tasks', 'run', 'scrape_and_save_share_prices_with_company_data', 'create_company_table', 'scheduled__2023-10-16T00:00:00+00:00', '--job-id', '1151', '--raw', '--subdir', 'DAGS_FOLDER/dag.py', '--cfg-path', '/tmp/tmpgzyazraw']
[2024-09-27T18:11:45.945+0000] {standard_task_runner.py:105} INFO - Job 1151: Subtask create_company_table
[2024-09-27T18:11:46.268+0000] {task_command.py:467} INFO - Running <TaskInstance: scrape_and_save_share_prices_with_company_data.create_company_table scheduled__2023-10-16T00:00:00+00:00 [running]> on host 13b5797a93ab
[2024-09-27T18:11:46.645+0000] {taskinstance.py:3131} INFO - Exporting env vars: AIRFLOW_CTX_DAG_OWNER='***' AIRFLOW_CTX_DAG_ID='scrape_and_save_share_prices_with_company_data' AIRFLOW_CTX_TASK_ID='create_company_table' AIRFLOW_CTX_EXECUTION_DATE='2023-10-16T00:00:00+00:00' AIRFLOW_CTX_TRY_NUMBER='1' AIRFLOW_CTX_DAG_RUN_ID='scheduled__2023-10-16T00:00:00+00:00'
[2024-09-27T18:11:46.649+0000] {logging_mixin.py:190} INFO - Task instance is in running state
[2024-09-27T18:11:46.651+0000] {logging_mixin.py:190} INFO -  Previous state of the Task instance: queued
[2024-09-27T18:11:46.667+0000] {logging_mixin.py:190} INFO - Current task name:create_company_table state:running start_date:2024-09-27 18:11:45.724030+00:00
[2024-09-27T18:11:46.669+0000] {logging_mixin.py:190} INFO - Dag name:scrape_and_save_share_prices_with_company_data and current dag run status:running
[2024-09-27T18:11:46.675+0000] {taskinstance.py:731} INFO - ::endgroup::
[2024-09-27T18:11:46.740+0000] {base.py:84} INFO - Retrieving connection 'dse_connection'
[2024-09-27T18:11:46.772+0000] {sql.py:509} INFO - Running statement: 
        CREATE TABLE IF NOT EXISTS company_list (
            company_id SERIAL PRIMARY KEY,
            company_trade_name VARCHAR(255) NOT NULL,
            company_url VARCHAR(255) NOT NULL,
            UNIQUE(company_trade_name)
        );
    , parameters: None
[2024-09-27T18:11:46.780+0000] {python.py:240} INFO - Done. Returned value was: None
[2024-09-27T18:11:46.847+0000] {taskinstance.py:340} INFO - ::group::Post task execution logs
[2024-09-27T18:11:46.848+0000] {taskinstance.py:352} INFO - Marking task as SUCCESS. dag_id=scrape_and_save_share_prices_with_company_data, task_id=create_company_table, run_id=scheduled__2023-10-16T00:00:00+00:00, execution_date=20231016T000000, start_date=20240927T181145, end_date=20240927T181146
[2024-09-27T18:11:46.907+0000] {logging_mixin.py:190} INFO - Task instance in success state
[2024-09-27T18:11:46.911+0000] {logging_mixin.py:190} INFO -  Previous state of the Task instance: running
[2024-09-27T18:11:46.912+0000] {logging_mixin.py:190} INFO - Dag name:scrape_and_save_share_prices_with_company_data queued_at:2024-09-27 18:11:32.983608+00:00
[2024-09-27T18:11:46.918+0000] {logging_mixin.py:190} INFO - Task hostname:13b5797a93ab operator:PythonOperator
[2024-09-27T18:11:46.990+0000] {local_task_job_runner.py:266} INFO - Task exited with return code 0
[2024-09-27T18:11:47.041+0000] {local_task_job_runner.py:245} INFO - ::endgroup::
[2024-09-27T22:00:22.597+0000] {local_task_job_runner.py:123} INFO - ::group::Pre task execution logs
[2024-09-27T22:00:22.615+0000] {taskinstance.py:2612} INFO - Dependencies all met for dep_context=non-requeueable deps ti=<TaskInstance: scrape_and_save_share_prices_with_company_data.create_company_table scheduled__2023-10-16T00:00:00+00:00 [queued]>
[2024-09-27T22:00:22.623+0000] {taskinstance.py:2612} INFO - Dependencies all met for dep_context=requeueable deps ti=<TaskInstance: scrape_and_save_share_prices_with_company_data.create_company_table scheduled__2023-10-16T00:00:00+00:00 [queued]>
[2024-09-27T22:00:22.624+0000] {taskinstance.py:2865} INFO - Starting attempt 1 of 2
[2024-09-27T22:00:22.639+0000] {taskinstance.py:2888} INFO - Executing <Task(PythonOperator): create_company_table> on 2023-10-16 00:00:00+00:00
[2024-09-27T22:00:22.647+0000] {warnings.py:112} WARNING - /home/***/.local/lib/python3.12/site-packages/***/task/task_runner/standard_task_runner.py:70: DeprecationWarning: This process (pid=761) is multi-threaded, use of fork() may lead to deadlocks in the child.
  pid = os.fork()

[2024-09-27T22:00:22.648+0000] {standard_task_runner.py:72} INFO - Started process 763 to run task
[2024-09-27T22:00:22.649+0000] {standard_task_runner.py:104} INFO - Running: ['***', 'tasks', 'run', 'scrape_and_save_share_prices_with_company_data', 'create_company_table', 'scheduled__2023-10-16T00:00:00+00:00', '--job-id', '2197', '--raw', '--subdir', 'DAGS_FOLDER/dag.py', '--cfg-path', '/tmp/tmpotj65cmv']
[2024-09-27T22:00:22.650+0000] {standard_task_runner.py:105} INFO - Job 2197: Subtask create_company_table
[2024-09-27T22:00:22.701+0000] {task_command.py:467} INFO - Running <TaskInstance: scrape_and_save_share_prices_with_company_data.create_company_table scheduled__2023-10-16T00:00:00+00:00 [running]> on host fd62fe12432d
[2024-09-27T22:00:22.795+0000] {taskinstance.py:3131} INFO - Exporting env vars: AIRFLOW_CTX_DAG_OWNER='***' AIRFLOW_CTX_DAG_ID='scrape_and_save_share_prices_with_company_data' AIRFLOW_CTX_TASK_ID='create_company_table' AIRFLOW_CTX_EXECUTION_DATE='2023-10-16T00:00:00+00:00' AIRFLOW_CTX_TRY_NUMBER='1' AIRFLOW_CTX_DAG_RUN_ID='scheduled__2023-10-16T00:00:00+00:00'
[2024-09-27T22:00:22.797+0000] {logging_mixin.py:190} INFO - Task instance is in running state
[2024-09-27T22:00:22.798+0000] {logging_mixin.py:190} INFO -  Previous state of the Task instance: queued
[2024-09-27T22:00:22.798+0000] {logging_mixin.py:190} INFO - Current task name:create_company_table state:running start_date:2024-09-27 22:00:22.615738+00:00
[2024-09-27T22:00:22.799+0000] {logging_mixin.py:190} INFO - Dag name:scrape_and_save_share_prices_with_company_data and current dag run status:running
[2024-09-27T22:00:22.799+0000] {taskinstance.py:731} INFO - ::endgroup::
[2024-09-27T22:00:22.809+0000] {base.py:84} INFO - Retrieving connection 'dse_connection'
[2024-09-27T22:00:22.813+0000] {sql.py:509} INFO - Running statement: 
        CREATE TABLE IF NOT EXISTS company_list (
            company_id SERIAL PRIMARY KEY,
            company_trade_name VARCHAR(255) NOT NULL,
            company_url VARCHAR(255) NOT NULL,
            UNIQUE(company_trade_name)
        );
    , parameters: None
[2024-09-27T22:00:22.815+0000] {python.py:240} INFO - Done. Returned value was: None
[2024-09-27T22:00:22.826+0000] {taskinstance.py:340} INFO - ::group::Post task execution logs
[2024-09-27T22:00:22.827+0000] {taskinstance.py:352} INFO - Marking task as SUCCESS. dag_id=scrape_and_save_share_prices_with_company_data, task_id=create_company_table, run_id=scheduled__2023-10-16T00:00:00+00:00, execution_date=20231016T000000, start_date=20240927T220022, end_date=20240927T220022
[2024-09-27T22:00:22.841+0000] {logging_mixin.py:190} INFO - Task instance in success state
[2024-09-27T22:00:22.842+0000] {logging_mixin.py:190} INFO -  Previous state of the Task instance: running
[2024-09-27T22:00:22.843+0000] {logging_mixin.py:190} INFO - Dag name:scrape_and_save_share_prices_with_company_data queued_at:2024-09-27 22:00:20.611683+00:00
[2024-09-27T22:00:22.843+0000] {logging_mixin.py:190} INFO - Task hostname:fd62fe12432d operator:PythonOperator
[2024-09-27T22:00:22.865+0000] {local_task_job_runner.py:266} INFO - Task exited with return code 0
[2024-09-27T22:00:22.893+0000] {taskinstance.py:3900} INFO - 1 downstream tasks scheduled from follow-on schedule check
[2024-09-27T22:00:22.898+0000] {local_task_job_runner.py:245} INFO - ::endgroup::
[2024-09-27T22:39:14.660+0000] {local_task_job_runner.py:123} INFO - ::group::Pre task execution logs
[2024-09-27T22:39:14.711+0000] {taskinstance.py:2612} INFO - Dependencies all met for dep_context=non-requeueable deps ti=<TaskInstance: scrape_and_save_share_prices_with_company_data.create_company_table scheduled__2023-10-16T00:00:00+00:00 [queued]>
[2024-09-27T22:39:14.752+0000] {taskinstance.py:2612} INFO - Dependencies all met for dep_context=requeueable deps ti=<TaskInstance: scrape_and_save_share_prices_with_company_data.create_company_table scheduled__2023-10-16T00:00:00+00:00 [queued]>
[2024-09-27T22:39:14.755+0000] {taskinstance.py:2865} INFO - Starting attempt 1 of 2
[2024-09-27T22:39:14.788+0000] {taskinstance.py:2888} INFO - Executing <Task(PythonOperator): create_company_table> on 2023-10-16 00:00:00+00:00
[2024-09-27T22:39:14.812+0000] {warnings.py:112} WARNING - /home/***/.local/lib/python3.12/site-packages/***/task/task_runner/standard_task_runner.py:70: DeprecationWarning: This process (pid=407) is multi-threaded, use of fork() may lead to deadlocks in the child.
  pid = os.fork()

[2024-09-27T22:39:14.815+0000] {standard_task_runner.py:72} INFO - Started process 427 to run task
[2024-09-27T22:39:14.817+0000] {standard_task_runner.py:104} INFO - Running: ['***', 'tasks', 'run', 'scrape_and_save_share_prices_with_company_data', 'create_company_table', 'scheduled__2023-10-16T00:00:00+00:00', '--job-id', '2646', '--raw', '--subdir', 'DAGS_FOLDER/dag.py', '--cfg-path', '/tmp/tmphrts3wli']
[2024-09-27T22:39:14.823+0000] {standard_task_runner.py:105} INFO - Job 2646: Subtask create_company_table
[2024-09-27T22:39:15.023+0000] {task_command.py:467} INFO - Running <TaskInstance: scrape_and_save_share_prices_with_company_data.create_company_table scheduled__2023-10-16T00:00:00+00:00 [running]> on host 7746de5121f6
[2024-09-27T22:39:15.406+0000] {taskinstance.py:3131} INFO - Exporting env vars: AIRFLOW_CTX_DAG_OWNER='***' AIRFLOW_CTX_DAG_ID='scrape_and_save_share_prices_with_company_data' AIRFLOW_CTX_TASK_ID='create_company_table' AIRFLOW_CTX_EXECUTION_DATE='2023-10-16T00:00:00+00:00' AIRFLOW_CTX_TRY_NUMBER='1' AIRFLOW_CTX_DAG_RUN_ID='scheduled__2023-10-16T00:00:00+00:00'
[2024-09-27T22:39:15.410+0000] {logging_mixin.py:190} INFO - Task instance is in running state
[2024-09-27T22:39:15.412+0000] {logging_mixin.py:190} INFO -  Previous state of the Task instance: queued
[2024-09-27T22:39:15.414+0000] {logging_mixin.py:190} INFO - Current task name:create_company_table state:running start_date:2024-09-27 22:39:14.712220+00:00
[2024-09-27T22:39:15.416+0000] {logging_mixin.py:190} INFO - Dag name:scrape_and_save_share_prices_with_company_data and current dag run status:running
[2024-09-27T22:39:15.417+0000] {taskinstance.py:731} INFO - ::endgroup::
[2024-09-27T22:39:15.471+0000] {base.py:84} INFO - Retrieving connection 'dse_connection'
[2024-09-27T22:39:15.493+0000] {sql.py:509} INFO - Running statement: 
        CREATE TABLE IF NOT EXISTS company_list (
            company_id SERIAL PRIMARY KEY,
            company_trade_name VARCHAR(255) NOT NULL,
            company_url VARCHAR(255) NOT NULL,
            UNIQUE(company_trade_name)
        );
    , parameters: None
[2024-09-27T22:39:15.495+0000] {python.py:240} INFO - Done. Returned value was: None
[2024-09-27T22:39:15.530+0000] {taskinstance.py:340} INFO - ::group::Post task execution logs
[2024-09-27T22:39:15.537+0000] {taskinstance.py:352} INFO - Marking task as SUCCESS. dag_id=scrape_and_save_share_prices_with_company_data, task_id=create_company_table, run_id=scheduled__2023-10-16T00:00:00+00:00, execution_date=20231016T000000, start_date=20240927T223914, end_date=20240927T223915
[2024-09-27T22:39:15.575+0000] {logging_mixin.py:190} INFO - Task instance in success state
[2024-09-27T22:39:15.576+0000] {logging_mixin.py:190} INFO -  Previous state of the Task instance: running
[2024-09-27T22:39:15.577+0000] {logging_mixin.py:190} INFO - Dag name:scrape_and_save_share_prices_with_company_data queued_at:2024-09-27 22:39:08.224467+00:00
[2024-09-27T22:39:15.578+0000] {logging_mixin.py:190} INFO - Task hostname:7746de5121f6 operator:PythonOperator
[2024-09-27T22:39:15.607+0000] {local_task_job_runner.py:266} INFO - Task exited with return code 0
[2024-09-27T22:39:15.665+0000] {taskinstance.py:3900} INFO - 1 downstream tasks scheduled from follow-on schedule check
[2024-09-27T22:39:15.672+0000] {local_task_job_runner.py:245} INFO - ::endgroup::
