[2024-09-27T21:34:58.055+0000] {local_task_job_runner.py:123} INFO - ::group::Pre task execution logs
[2024-09-27T21:34:58.087+0000] {taskinstance.py:2612} INFO - Dependencies all met for dep_context=non-requeueable deps ti=<TaskInstance: scrape_and_save_share_prices_with_company_data.create_company_table scheduled__2024-05-24T00:00:00+00:00 [queued]>
[2024-09-27T21:34:58.102+0000] {taskinstance.py:2612} INFO - Dependencies all met for dep_context=requeueable deps ti=<TaskInstance: scrape_and_save_share_prices_with_company_data.create_company_table scheduled__2024-05-24T00:00:00+00:00 [queued]>
[2024-09-27T21:34:58.104+0000] {taskinstance.py:2865} INFO - Starting attempt 1 of 2
[2024-09-27T21:34:58.133+0000] {taskinstance.py:2888} INFO - Executing <Task(PythonOperator): create_company_table> on 2024-05-24 00:00:00+00:00
[2024-09-27T21:34:58.159+0000] {warnings.py:112} WARNING - /home/***/.local/lib/python3.12/site-packages/***/task/task_runner/standard_task_runner.py:70: DeprecationWarning: This process (pid=190) is multi-threaded, use of fork() may lead to deadlocks in the child.
  pid = os.fork()

[2024-09-27T21:34:58.156+0000] {standard_task_runner.py:104} INFO - Running: ['***', 'tasks', 'run', 'scrape_and_save_share_prices_with_company_data', 'create_company_table', 'scheduled__2024-05-24T00:00:00+00:00', '--job-id', '2120', '--raw', '--subdir', 'DAGS_FOLDER/dag.py', '--cfg-path', '/tmp/tmpl7fp8szg']
[2024-09-27T21:34:58.161+0000] {standard_task_runner.py:72} INFO - Started process 197 to run task
[2024-09-27T21:34:58.162+0000] {standard_task_runner.py:105} INFO - Job 2120: Subtask create_company_table
[2024-09-27T21:35:01.508+0000] {task_command.py:467} INFO - Running <TaskInstance: scrape_and_save_share_prices_with_company_data.create_company_table scheduled__2024-05-24T00:00:00+00:00 [running]> on host fd62fe12432d
[2024-09-27T21:35:02.800+0000] {taskinstance.py:3131} INFO - Exporting env vars: AIRFLOW_CTX_DAG_OWNER='***' AIRFLOW_CTX_DAG_ID='scrape_and_save_share_prices_with_company_data' AIRFLOW_CTX_TASK_ID='create_company_table' AIRFLOW_CTX_EXECUTION_DATE='2024-05-24T00:00:00+00:00' AIRFLOW_CTX_TRY_NUMBER='1' AIRFLOW_CTX_DAG_RUN_ID='scheduled__2024-05-24T00:00:00+00:00'
[2024-09-27T21:35:02.818+0000] {logging_mixin.py:190} INFO - Task instance is in running state
[2024-09-27T21:35:02.820+0000] {logging_mixin.py:190} INFO -  Previous state of the Task instance: queued
[2024-09-27T21:35:02.821+0000] {logging_mixin.py:190} INFO - Current task name:create_company_table state:running start_date:2024-09-27 21:34:58.088700+00:00
[2024-09-27T21:35:02.822+0000] {logging_mixin.py:190} INFO - Dag name:scrape_and_save_share_prices_with_company_data and current dag run status:running
[2024-09-27T21:35:02.823+0000] {taskinstance.py:731} INFO - ::endgroup::
[2024-09-27T21:35:06.462+0000] {base.py:84} INFO - Retrieving connection 'dse_connection'
[2024-09-27T21:35:27.705+0000] {logging_mixin.py:190} INFO - Error creating company table: connection to server at "172.23.0.3", port 5432 failed: Connection refused
	Is the server running on that host and accepting TCP/IP connections?
[2024-09-27T21:35:27.761+0000] {python.py:240} INFO - Done. Returned value was: None
[2024-09-27T21:35:43.526+0000] {taskinstance.py:340} INFO - ::group::Post task execution logs
[2024-09-27T21:35:43.528+0000] {taskinstance.py:352} INFO - Marking task as SUCCESS. dag_id=scrape_and_save_share_prices_with_company_data, task_id=create_company_table, run_id=scheduled__2024-05-24T00:00:00+00:00, execution_date=20240524T000000, start_date=20240927T213458, end_date=20240927T213543
[2024-09-27T21:35:43.545+0000] {job.py:229} INFO - Heartbeat recovered after 30.59 seconds
[2024-09-27T21:35:43.718+0000] {logging_mixin.py:190} INFO - Task instance in success state
[2024-09-27T21:35:43.724+0000] {logging_mixin.py:190} INFO -  Previous state of the Task instance: running
[2024-09-27T21:35:43.727+0000] {logging_mixin.py:190} INFO - Dag name:scrape_and_save_share_prices_with_company_data queued_at:2024-09-27 21:34:48.403558+00:00
[2024-09-27T21:35:43.737+0000] {logging_mixin.py:190} INFO - Task hostname:fd62fe12432d operator:PythonOperator
[2024-09-27T21:35:43.773+0000] {local_task_job_runner.py:266} INFO - Task exited with return code 0
[2024-09-27T21:35:43.910+0000] {taskinstance.py:3900} INFO - 1 downstream tasks scheduled from follow-on schedule check
[2024-09-27T21:35:43.927+0000] {standard_task_runner.py:217} INFO - Process not found (most likely exited), stop collecting metrics
[2024-09-27T21:35:43.928+0000] {local_task_job_runner.py:245} INFO - ::endgroup::
[2024-09-27T23:24:13.420+0000] {local_task_job_runner.py:123} INFO - ::group::Pre task execution logs
[2024-09-27T23:24:13.624+0000] {taskinstance.py:2612} INFO - Dependencies all met for dep_context=non-requeueable deps ti=<TaskInstance: scrape_and_save_share_prices_with_company_data.create_company_table scheduled__2024-05-24T00:00:00+00:00 [queued]>
[2024-09-27T23:24:13.671+0000] {taskinstance.py:2612} INFO - Dependencies all met for dep_context=requeueable deps ti=<TaskInstance: scrape_and_save_share_prices_with_company_data.create_company_table scheduled__2024-05-24T00:00:00+00:00 [queued]>
[2024-09-27T23:24:13.682+0000] {taskinstance.py:2865} INFO - Starting attempt 1 of 2
[2024-09-27T23:24:13.782+0000] {taskinstance.py:2888} INFO - Executing <Task(PythonOperator): create_company_table> on 2024-05-24 00:00:00+00:00
[2024-09-27T23:24:13.865+0000] {standard_task_runner.py:104} INFO - Running: ['***', 'tasks', 'run', 'scrape_and_save_share_prices_with_company_data', 'create_company_table', 'scheduled__2024-05-24T00:00:00+00:00', '--job-id', '3559', '--raw', '--subdir', 'DAGS_FOLDER/dag.py', '--cfg-path', '/tmp/tmp9fkboykq']
[2024-09-27T23:24:13.870+0000] {standard_task_runner.py:105} INFO - Job 3559: Subtask create_company_table
[2024-09-27T23:24:13.907+0000] {warnings.py:112} WARNING - /home/***/.local/lib/python3.12/site-packages/***/task/task_runner/standard_task_runner.py:70: DeprecationWarning: This process (pid=4507) is multi-threaded, use of fork() may lead to deadlocks in the child.
  pid = os.fork()

[2024-09-27T23:24:13.909+0000] {standard_task_runner.py:72} INFO - Started process 4519 to run task
[2024-09-27T23:24:14.135+0000] {task_command.py:467} INFO - Running <TaskInstance: scrape_and_save_share_prices_with_company_data.create_company_table scheduled__2024-05-24T00:00:00+00:00 [running]> on host 7746de5121f6
[2024-09-27T23:24:14.751+0000] {taskinstance.py:3131} INFO - Exporting env vars: AIRFLOW_CTX_DAG_OWNER='***' AIRFLOW_CTX_DAG_ID='scrape_and_save_share_prices_with_company_data' AIRFLOW_CTX_TASK_ID='create_company_table' AIRFLOW_CTX_EXECUTION_DATE='2024-05-24T00:00:00+00:00' AIRFLOW_CTX_TRY_NUMBER='1' AIRFLOW_CTX_DAG_RUN_ID='scheduled__2024-05-24T00:00:00+00:00'
[2024-09-27T23:24:14.754+0000] {logging_mixin.py:190} INFO - Task instance is in running state
[2024-09-27T23:24:14.756+0000] {logging_mixin.py:190} INFO -  Previous state of the Task instance: queued
[2024-09-27T23:24:14.757+0000] {logging_mixin.py:190} INFO - Current task name:create_company_table state:running start_date:2024-09-27 23:24:13.625363+00:00
[2024-09-27T23:24:14.758+0000] {logging_mixin.py:190} INFO - Dag name:scrape_and_save_share_prices_with_company_data and current dag run status:running
[2024-09-27T23:24:14.759+0000] {taskinstance.py:731} INFO - ::endgroup::
[2024-09-27T23:24:14.897+0000] {base.py:84} INFO - Retrieving connection 'dse_connection'
[2024-09-27T23:24:14.978+0000] {sql.py:509} INFO - Running statement: 
        CREATE TABLE IF NOT EXISTS company_list (
            company_id SERIAL PRIMARY KEY,
            company_trade_name VARCHAR(255) NOT NULL,
            company_url VARCHAR(255) NOT NULL,
            UNIQUE(company_trade_name)
        );
    , parameters: None
[2024-09-27T23:24:14.993+0000] {python.py:240} INFO - Done. Returned value was: None
[2024-09-27T23:24:15.144+0000] {taskinstance.py:340} INFO - ::group::Post task execution logs
[2024-09-27T23:24:15.145+0000] {taskinstance.py:352} INFO - Marking task as SUCCESS. dag_id=scrape_and_save_share_prices_with_company_data, task_id=create_company_table, run_id=scheduled__2024-05-24T00:00:00+00:00, execution_date=20240524T000000, start_date=20240927T232413, end_date=20240927T232415
[2024-09-27T23:24:15.241+0000] {logging_mixin.py:190} INFO - Task instance in success state
[2024-09-27T23:24:15.242+0000] {logging_mixin.py:190} INFO -  Previous state of the Task instance: running
[2024-09-27T23:24:15.245+0000] {logging_mixin.py:190} INFO - Dag name:scrape_and_save_share_prices_with_company_data queued_at:2024-09-27 23:23:57.686396+00:00
[2024-09-27T23:24:15.246+0000] {logging_mixin.py:190} INFO - Task hostname:7746de5121f6 operator:PythonOperator
[2024-09-27T23:24:15.337+0000] {local_task_job_runner.py:266} INFO - Task exited with return code 0
[2024-09-27T23:24:15.396+0000] {local_task_job_runner.py:245} INFO - ::endgroup::
