[2024-09-27T18:13:42.730+0000] {local_task_job_runner.py:123} INFO - ::group::Pre task execution logs
[2024-09-27T18:13:42.800+0000] {taskinstance.py:2612} INFO - Dependencies all met for dep_context=non-requeueable deps ti=<TaskInstance: scrape_and_save_share_prices_with_company_data.create_company_table scheduled__2023-10-26T00:00:00+00:00 [queued]>
[2024-09-27T18:13:42.837+0000] {taskinstance.py:2612} INFO - Dependencies all met for dep_context=requeueable deps ti=<TaskInstance: scrape_and_save_share_prices_with_company_data.create_company_table scheduled__2023-10-26T00:00:00+00:00 [queued]>
[2024-09-27T18:13:42.838+0000] {taskinstance.py:2865} INFO - Starting attempt 1 of 2
[2024-09-27T18:13:42.903+0000] {taskinstance.py:2888} INFO - Executing <Task(PythonOperator): create_company_table> on 2023-10-26 00:00:00+00:00
[2024-09-27T18:13:42.960+0000] {warnings.py:112} WARNING - /home/***/.local/lib/python3.12/site-packages/***/task/task_runner/standard_task_runner.py:70: DeprecationWarning: This process (pid=12181) is multi-threaded, use of fork() may lead to deadlocks in the child.
  pid = os.fork()

[2024-09-27T18:13:42.983+0000] {standard_task_runner.py:72} INFO - Started process 12208 to run task
[2024-09-27T18:13:42.987+0000] {standard_task_runner.py:104} INFO - Running: ['***', 'tasks', 'run', 'scrape_and_save_share_prices_with_company_data', 'create_company_table', 'scheduled__2023-10-26T00:00:00+00:00', '--job-id', '1193', '--raw', '--subdir', 'DAGS_FOLDER/dag.py', '--cfg-path', '/tmp/tmp9ytcq2nl']
[2024-09-27T18:13:43.046+0000] {standard_task_runner.py:105} INFO - Job 1193: Subtask create_company_table
[2024-09-27T18:13:43.504+0000] {task_command.py:467} INFO - Running <TaskInstance: scrape_and_save_share_prices_with_company_data.create_company_table scheduled__2023-10-26T00:00:00+00:00 [running]> on host 13b5797a93ab
[2024-09-27T18:13:43.988+0000] {taskinstance.py:3131} INFO - Exporting env vars: AIRFLOW_CTX_DAG_OWNER='***' AIRFLOW_CTX_DAG_ID='scrape_and_save_share_prices_with_company_data' AIRFLOW_CTX_TASK_ID='create_company_table' AIRFLOW_CTX_EXECUTION_DATE='2023-10-26T00:00:00+00:00' AIRFLOW_CTX_TRY_NUMBER='1' AIRFLOW_CTX_DAG_RUN_ID='scheduled__2023-10-26T00:00:00+00:00'
[2024-09-27T18:13:43.991+0000] {logging_mixin.py:190} INFO - Task instance is in running state
[2024-09-27T18:13:43.997+0000] {logging_mixin.py:190} INFO -  Previous state of the Task instance: queued
[2024-09-27T18:13:43.999+0000] {logging_mixin.py:190} INFO - Current task name:create_company_table state:running start_date:2024-09-27 18:13:42.801255+00:00
[2024-09-27T18:13:44.003+0000] {logging_mixin.py:190} INFO - Dag name:scrape_and_save_share_prices_with_company_data and current dag run status:running
[2024-09-27T18:13:44.004+0000] {taskinstance.py:731} INFO - ::endgroup::
[2024-09-27T18:13:44.063+0000] {base.py:84} INFO - Retrieving connection 'dse_connection'
[2024-09-27T18:13:44.085+0000] {sql.py:509} INFO - Running statement: 
        CREATE TABLE IF NOT EXISTS company_list (
            company_id SERIAL PRIMARY KEY,
            company_trade_name VARCHAR(255) NOT NULL,
            company_url VARCHAR(255) NOT NULL,
            UNIQUE(company_trade_name)
        );
    , parameters: None
[2024-09-27T18:13:44.113+0000] {python.py:240} INFO - Done. Returned value was: None
[2024-09-27T18:13:44.169+0000] {taskinstance.py:340} INFO - ::group::Post task execution logs
[2024-09-27T18:13:44.172+0000] {taskinstance.py:352} INFO - Marking task as SUCCESS. dag_id=scrape_and_save_share_prices_with_company_data, task_id=create_company_table, run_id=scheduled__2023-10-26T00:00:00+00:00, execution_date=20231026T000000, start_date=20240927T181342, end_date=20240927T181344
[2024-09-27T18:13:44.278+0000] {logging_mixin.py:190} INFO - Task instance in success state
[2024-09-27T18:13:44.279+0000] {logging_mixin.py:190} INFO -  Previous state of the Task instance: running
[2024-09-27T18:13:44.280+0000] {logging_mixin.py:190} INFO - Dag name:scrape_and_save_share_prices_with_company_data queued_at:2024-09-27 18:13:35.631226+00:00
[2024-09-27T18:13:44.281+0000] {logging_mixin.py:190} INFO - Task hostname:13b5797a93ab operator:PythonOperator
[2024-09-27T18:13:44.380+0000] {local_task_job_runner.py:266} INFO - Task exited with return code 0
[2024-09-27T18:13:44.568+0000] {taskinstance.py:3900} INFO - 1 downstream tasks scheduled from follow-on schedule check
[2024-09-27T18:13:44.600+0000] {local_task_job_runner.py:245} INFO - ::endgroup::
[2024-09-27T22:03:39.687+0000] {local_task_job_runner.py:123} INFO - ::group::Pre task execution logs
[2024-09-27T22:03:39.794+0000] {taskinstance.py:2612} INFO - Dependencies all met for dep_context=non-requeueable deps ti=<TaskInstance: scrape_and_save_share_prices_with_company_data.create_company_table scheduled__2023-10-26T00:00:00+00:00 [queued]>
[2024-09-27T22:03:39.873+0000] {taskinstance.py:2612} INFO - Dependencies all met for dep_context=requeueable deps ti=<TaskInstance: scrape_and_save_share_prices_with_company_data.create_company_table scheduled__2023-10-26T00:00:00+00:00 [queued]>
[2024-09-27T22:03:39.883+0000] {taskinstance.py:2865} INFO - Starting attempt 1 of 2
[2024-09-27T22:03:40.032+0000] {taskinstance.py:2888} INFO - Executing <Task(PythonOperator): create_company_table> on 2023-10-26 00:00:00+00:00
[2024-09-27T22:03:40.111+0000] {standard_task_runner.py:104} INFO - Running: ['***', 'tasks', 'run', 'scrape_and_save_share_prices_with_company_data', 'create_company_table', 'scheduled__2023-10-26T00:00:00+00:00', '--job-id', '2248', '--raw', '--subdir', 'DAGS_FOLDER/dag.py', '--cfg-path', '/tmp/tmpi034el58']
[2024-09-27T22:03:40.121+0000] {standard_task_runner.py:105} INFO - Job 2248: Subtask create_company_table
[2024-09-27T22:03:40.083+0000] {warnings.py:112} WARNING - /home/***/.local/lib/python3.12/site-packages/***/task/task_runner/standard_task_runner.py:70: DeprecationWarning: This process (pid=991) is multi-threaded, use of fork() may lead to deadlocks in the child.
  pid = os.fork()

[2024-09-27T22:03:40.125+0000] {standard_task_runner.py:72} INFO - Started process 1012 to run task
[2024-09-27T22:03:40.417+0000] {task_command.py:467} INFO - Running <TaskInstance: scrape_and_save_share_prices_with_company_data.create_company_table scheduled__2023-10-26T00:00:00+00:00 [running]> on host fd62fe12432d
[2024-09-27T22:03:41.362+0000] {taskinstance.py:3131} INFO - Exporting env vars: AIRFLOW_CTX_DAG_OWNER='***' AIRFLOW_CTX_DAG_ID='scrape_and_save_share_prices_with_company_data' AIRFLOW_CTX_TASK_ID='create_company_table' AIRFLOW_CTX_EXECUTION_DATE='2023-10-26T00:00:00+00:00' AIRFLOW_CTX_TRY_NUMBER='1' AIRFLOW_CTX_DAG_RUN_ID='scheduled__2023-10-26T00:00:00+00:00'
[2024-09-27T22:03:41.384+0000] {logging_mixin.py:190} INFO - Task instance is in running state
[2024-09-27T22:03:41.393+0000] {logging_mixin.py:190} INFO -  Previous state of the Task instance: queued
[2024-09-27T22:03:41.400+0000] {logging_mixin.py:190} INFO - Current task name:create_company_table state:running start_date:2024-09-27 22:03:39.807692+00:00
[2024-09-27T22:03:41.402+0000] {logging_mixin.py:190} INFO - Dag name:scrape_and_save_share_prices_with_company_data and current dag run status:running
[2024-09-27T22:03:41.403+0000] {taskinstance.py:731} INFO - ::endgroup::
[2024-09-27T22:03:41.580+0000] {base.py:84} INFO - Retrieving connection 'dse_connection'
[2024-09-27T22:03:41.663+0000] {sql.py:509} INFO - Running statement: 
        CREATE TABLE IF NOT EXISTS company_list (
            company_id SERIAL PRIMARY KEY,
            company_trade_name VARCHAR(255) NOT NULL,
            company_url VARCHAR(255) NOT NULL,
            UNIQUE(company_trade_name)
        );
    , parameters: None
[2024-09-27T22:03:41.669+0000] {python.py:240} INFO - Done. Returned value was: None
[2024-09-27T22:03:41.825+0000] {taskinstance.py:340} INFO - ::group::Post task execution logs
[2024-09-27T22:03:41.848+0000] {taskinstance.py:352} INFO - Marking task as SUCCESS. dag_id=scrape_and_save_share_prices_with_company_data, task_id=create_company_table, run_id=scheduled__2023-10-26T00:00:00+00:00, execution_date=20231026T000000, start_date=20240927T220339, end_date=20240927T220341
[2024-09-27T22:03:41.995+0000] {logging_mixin.py:190} INFO - Task instance in success state
[2024-09-27T22:03:42.020+0000] {logging_mixin.py:190} INFO -  Previous state of the Task instance: running
[2024-09-27T22:03:42.081+0000] {logging_mixin.py:190} INFO - Dag name:scrape_and_save_share_prices_with_company_data queued_at:2024-09-27 22:03:27.493220+00:00
[2024-09-27T22:03:42.105+0000] {logging_mixin.py:190} INFO - Task hostname:fd62fe12432d operator:PythonOperator
[2024-09-27T22:03:42.309+0000] {local_task_job_runner.py:266} INFO - Task exited with return code 0
[2024-09-27T22:03:42.479+0000] {taskinstance.py:3900} INFO - 1 downstream tasks scheduled from follow-on schedule check
[2024-09-27T22:03:42.516+0000] {local_task_job_runner.py:245} INFO - ::endgroup::
[2024-09-27T22:41:13.099+0000] {local_task_job_runner.py:123} INFO - ::group::Pre task execution logs
[2024-09-27T22:41:13.169+0000] {taskinstance.py:2612} INFO - Dependencies all met for dep_context=non-requeueable deps ti=<TaskInstance: scrape_and_save_share_prices_with_company_data.create_company_table scheduled__2023-10-26T00:00:00+00:00 [queued]>
[2024-09-27T22:41:13.193+0000] {taskinstance.py:2612} INFO - Dependencies all met for dep_context=requeueable deps ti=<TaskInstance: scrape_and_save_share_prices_with_company_data.create_company_table scheduled__2023-10-26T00:00:00+00:00 [queued]>
[2024-09-27T22:41:13.197+0000] {taskinstance.py:2865} INFO - Starting attempt 1 of 2
[2024-09-27T22:41:13.277+0000] {taskinstance.py:2888} INFO - Executing <Task(PythonOperator): create_company_table> on 2023-10-26 00:00:00+00:00
[2024-09-27T22:41:13.319+0000] {warnings.py:112} WARNING - /home/***/.local/lib/python3.12/site-packages/***/task/task_runner/standard_task_runner.py:70: DeprecationWarning: This process (pid=560) is multi-threaded, use of fork() may lead to deadlocks in the child.
  pid = os.fork()

[2024-09-27T22:41:13.324+0000] {standard_task_runner.py:72} INFO - Started process 588 to run task
[2024-09-27T22:41:13.325+0000] {standard_task_runner.py:104} INFO - Running: ['***', 'tasks', 'run', 'scrape_and_save_share_prices_with_company_data', 'create_company_table', 'scheduled__2023-10-26T00:00:00+00:00', '--job-id', '2680', '--raw', '--subdir', 'DAGS_FOLDER/dag.py', '--cfg-path', '/tmp/tmpjs0wam8p']
[2024-09-27T22:41:13.328+0000] {standard_task_runner.py:105} INFO - Job 2680: Subtask create_company_table
[2024-09-27T22:41:13.579+0000] {task_command.py:467} INFO - Running <TaskInstance: scrape_and_save_share_prices_with_company_data.create_company_table scheduled__2023-10-26T00:00:00+00:00 [running]> on host 7746de5121f6
[2024-09-27T22:41:14.047+0000] {taskinstance.py:3131} INFO - Exporting env vars: AIRFLOW_CTX_DAG_OWNER='***' AIRFLOW_CTX_DAG_ID='scrape_and_save_share_prices_with_company_data' AIRFLOW_CTX_TASK_ID='create_company_table' AIRFLOW_CTX_EXECUTION_DATE='2023-10-26T00:00:00+00:00' AIRFLOW_CTX_TRY_NUMBER='1' AIRFLOW_CTX_DAG_RUN_ID='scheduled__2023-10-26T00:00:00+00:00'
[2024-09-27T22:41:14.050+0000] {logging_mixin.py:190} INFO - Task instance is in running state
[2024-09-27T22:41:14.052+0000] {logging_mixin.py:190} INFO -  Previous state of the Task instance: queued
[2024-09-27T22:41:14.053+0000] {logging_mixin.py:190} INFO - Current task name:create_company_table state:running start_date:2024-09-27 22:41:13.170778+00:00
[2024-09-27T22:41:14.055+0000] {logging_mixin.py:190} INFO - Dag name:scrape_and_save_share_prices_with_company_data and current dag run status:running
[2024-09-27T22:41:14.065+0000] {taskinstance.py:731} INFO - ::endgroup::
[2024-09-27T22:41:14.088+0000] {base.py:84} INFO - Retrieving connection 'dse_connection'
[2024-09-27T22:41:14.189+0000] {sql.py:509} INFO - Running statement: 
        CREATE TABLE IF NOT EXISTS company_list (
            company_id SERIAL PRIMARY KEY,
            company_trade_name VARCHAR(255) NOT NULL,
            company_url VARCHAR(255) NOT NULL,
            UNIQUE(company_trade_name)
        );
    , parameters: None
[2024-09-27T22:41:14.193+0000] {python.py:240} INFO - Done. Returned value was: None
[2024-09-27T22:41:14.252+0000] {taskinstance.py:340} INFO - ::group::Post task execution logs
[2024-09-27T22:41:14.254+0000] {taskinstance.py:352} INFO - Marking task as SUCCESS. dag_id=scrape_and_save_share_prices_with_company_data, task_id=create_company_table, run_id=scheduled__2023-10-26T00:00:00+00:00, execution_date=20231026T000000, start_date=20240927T224113, end_date=20240927T224114
[2024-09-27T22:41:14.329+0000] {logging_mixin.py:190} INFO - Task instance in success state
[2024-09-27T22:41:14.331+0000] {logging_mixin.py:190} INFO -  Previous state of the Task instance: running
[2024-09-27T22:41:14.334+0000] {logging_mixin.py:190} INFO - Dag name:scrape_and_save_share_prices_with_company_data queued_at:2024-09-27 22:41:07.094650+00:00
[2024-09-27T22:41:14.336+0000] {logging_mixin.py:190} INFO - Task hostname:7746de5121f6 operator:PythonOperator
[2024-09-27T22:41:14.460+0000] {local_task_job_runner.py:266} INFO - Task exited with return code 0
[2024-09-27T22:41:14.506+0000] {local_task_job_runner.py:245} INFO - ::endgroup::
