[2024-09-27T19:11:23.320+0000] {local_task_job_runner.py:123} INFO - ::group::Pre task execution logs
[2024-09-27T19:11:23.362+0000] {taskinstance.py:2612} INFO - Dependencies all met for dep_context=non-requeueable deps ti=<TaskInstance: scrape_and_save_share_prices_with_company_data.create_company_table scheduled__2024-04-04T00:00:00+00:00 [queued]>
[2024-09-27T19:11:23.380+0000] {taskinstance.py:2612} INFO - Dependencies all met for dep_context=requeueable deps ti=<TaskInstance: scrape_and_save_share_prices_with_company_data.create_company_table scheduled__2024-04-04T00:00:00+00:00 [queued]>
[2024-09-27T19:11:23.417+0000] {taskinstance.py:2865} INFO - Starting attempt 1 of 2
[2024-09-27T19:11:23.769+0000] {taskinstance.py:2888} INFO - Executing <Task(PythonOperator): create_company_table> on 2024-04-04 00:00:00+00:00
[2024-09-27T19:11:23.782+0000] {warnings.py:112} WARNING - /home/***/.local/lib/python3.12/site-packages/***/task/task_runner/standard_task_runner.py:70: DeprecationWarning: This process (pid=140) is multi-threaded, use of fork() may lead to deadlocks in the child.
  pid = os.fork()

[2024-09-27T19:11:23.785+0000] {standard_task_runner.py:72} INFO - Started process 172 to run task
[2024-09-27T19:11:23.786+0000] {standard_task_runner.py:104} INFO - Running: ['***', 'tasks', 'run', 'scrape_and_save_share_prices_with_company_data', 'create_company_table', 'scheduled__2024-04-04T00:00:00+00:00', '--job-id', '1986', '--raw', '--subdir', 'DAGS_FOLDER/dag.py', '--cfg-path', '/tmp/tmp0r1lc61l']
[2024-09-27T19:11:23.788+0000] {standard_task_runner.py:105} INFO - Job 1986: Subtask create_company_table
[2024-09-27T19:11:24.122+0000] {task_command.py:467} INFO - Running <TaskInstance: scrape_and_save_share_prices_with_company_data.create_company_table scheduled__2024-04-04T00:00:00+00:00 [running]> on host f199b4684a92
[2024-09-27T19:11:24.720+0000] {taskinstance.py:3131} INFO - Exporting env vars: AIRFLOW_CTX_DAG_OWNER='***' AIRFLOW_CTX_DAG_ID='scrape_and_save_share_prices_with_company_data' AIRFLOW_CTX_TASK_ID='create_company_table' AIRFLOW_CTX_EXECUTION_DATE='2024-04-04T00:00:00+00:00' AIRFLOW_CTX_TRY_NUMBER='1' AIRFLOW_CTX_DAG_RUN_ID='scheduled__2024-04-04T00:00:00+00:00'
[2024-09-27T19:11:24.723+0000] {logging_mixin.py:190} INFO - Task instance is in running state
[2024-09-27T19:11:24.724+0000] {logging_mixin.py:190} INFO -  Previous state of the Task instance: queued
[2024-09-27T19:11:24.725+0000] {logging_mixin.py:190} INFO - Current task name:create_company_table state:running start_date:2024-09-27 19:11:23.363978+00:00
[2024-09-27T19:11:24.726+0000] {logging_mixin.py:190} INFO - Dag name:scrape_and_save_share_prices_with_company_data and current dag run status:running
[2024-09-27T19:11:24.727+0000] {taskinstance.py:731} INFO - ::endgroup::
[2024-09-27T19:11:24.746+0000] {base.py:84} INFO - Retrieving connection 'dse_connection'
[2024-09-27T19:11:45.791+0000] {logging_mixin.py:190} INFO - Error creating company table: connection to server at "172.23.0.3", port 5432 failed: Connection refused
	Is the server running on that host and accepting TCP/IP connections?
[2024-09-27T19:11:45.812+0000] {python.py:240} INFO - Done. Returned value was: None
[2024-09-27T19:11:45.889+0000] {taskinstance.py:340} INFO - ::group::Post task execution logs
[2024-09-27T19:11:45.904+0000] {taskinstance.py:352} INFO - Marking task as SUCCESS. dag_id=scrape_and_save_share_prices_with_company_data, task_id=create_company_table, run_id=scheduled__2024-04-04T00:00:00+00:00, execution_date=20240404T000000, start_date=20240927T191123, end_date=20240927T191145
[2024-09-27T19:11:47.125+0000] {logging_mixin.py:190} INFO - Task instance in success state
[2024-09-27T19:11:47.138+0000] {logging_mixin.py:190} INFO -  Previous state of the Task instance: running
[2024-09-27T19:11:47.146+0000] {logging_mixin.py:190} INFO - Dag name:scrape_and_save_share_prices_with_company_data queued_at:2024-09-27 19:11:00.400696+00:00
[2024-09-27T19:11:47.150+0000] {logging_mixin.py:190} INFO - Task hostname:f199b4684a92 operator:PythonOperator
[2024-09-27T19:11:47.328+0000] {local_task_job_runner.py:266} INFO - Task exited with return code 0
[2024-09-27T19:11:47.490+0000] {taskinstance.py:3900} INFO - 1 downstream tasks scheduled from follow-on schedule check
[2024-09-27T19:11:47.537+0000] {local_task_job_runner.py:245} INFO - ::endgroup::
[2024-09-27T23:13:24.435+0000] {local_task_job_runner.py:123} INFO - ::group::Pre task execution logs
[2024-09-27T23:13:24.509+0000] {taskinstance.py:2612} INFO - Dependencies all met for dep_context=non-requeueable deps ti=<TaskInstance: scrape_and_save_share_prices_with_company_data.create_company_table scheduled__2024-04-04T00:00:00+00:00 [queued]>
[2024-09-27T23:13:24.532+0000] {taskinstance.py:2612} INFO - Dependencies all met for dep_context=requeueable deps ti=<TaskInstance: scrape_and_save_share_prices_with_company_data.create_company_table scheduled__2024-04-04T00:00:00+00:00 [queued]>
[2024-09-27T23:13:24.550+0000] {taskinstance.py:2865} INFO - Starting attempt 1 of 2
[2024-09-27T23:13:24.651+0000] {taskinstance.py:2888} INFO - Executing <Task(PythonOperator): create_company_table> on 2024-04-04 00:00:00+00:00
[2024-09-27T23:13:24.690+0000] {warnings.py:112} WARNING - /home/***/.local/lib/python3.12/site-packages/***/task/task_runner/standard_task_runner.py:70: DeprecationWarning: This process (pid=3555) is multi-threaded, use of fork() may lead to deadlocks in the child.
  pid = os.fork()

[2024-09-27T23:13:24.700+0000] {standard_task_runner.py:72} INFO - Started process 3589 to run task
[2024-09-27T23:13:24.708+0000] {standard_task_runner.py:104} INFO - Running: ['***', 'tasks', 'run', 'scrape_and_save_share_prices_with_company_data', 'create_company_table', 'scheduled__2024-04-04T00:00:00+00:00', '--job-id', '3349', '--raw', '--subdir', 'DAGS_FOLDER/dag.py', '--cfg-path', '/tmp/tmpw0euf44l']
[2024-09-27T23:13:24.720+0000] {standard_task_runner.py:105} INFO - Job 3349: Subtask create_company_table
[2024-09-27T23:13:25.013+0000] {task_command.py:467} INFO - Running <TaskInstance: scrape_and_save_share_prices_with_company_data.create_company_table scheduled__2024-04-04T00:00:00+00:00 [running]> on host 7746de5121f6
[2024-09-27T23:13:25.371+0000] {taskinstance.py:3131} INFO - Exporting env vars: AIRFLOW_CTX_DAG_OWNER='***' AIRFLOW_CTX_DAG_ID='scrape_and_save_share_prices_with_company_data' AIRFLOW_CTX_TASK_ID='create_company_table' AIRFLOW_CTX_EXECUTION_DATE='2024-04-04T00:00:00+00:00' AIRFLOW_CTX_TRY_NUMBER='1' AIRFLOW_CTX_DAG_RUN_ID='scheduled__2024-04-04T00:00:00+00:00'
[2024-09-27T23:13:25.381+0000] {logging_mixin.py:190} INFO - Task instance is in running state
[2024-09-27T23:13:25.383+0000] {logging_mixin.py:190} INFO -  Previous state of the Task instance: queued
[2024-09-27T23:13:25.384+0000] {logging_mixin.py:190} INFO - Current task name:create_company_table state:running start_date:2024-09-27 23:13:24.511880+00:00
[2024-09-27T23:13:25.386+0000] {logging_mixin.py:190} INFO - Dag name:scrape_and_save_share_prices_with_company_data and current dag run status:running
[2024-09-27T23:13:25.387+0000] {taskinstance.py:731} INFO - ::endgroup::
[2024-09-27T23:13:25.481+0000] {base.py:84} INFO - Retrieving connection 'dse_connection'
[2024-09-27T23:13:25.502+0000] {sql.py:509} INFO - Running statement: 
        CREATE TABLE IF NOT EXISTS company_list (
            company_id SERIAL PRIMARY KEY,
            company_trade_name VARCHAR(255) NOT NULL,
            company_url VARCHAR(255) NOT NULL,
            UNIQUE(company_trade_name)
        );
    , parameters: None
[2024-09-27T23:13:25.507+0000] {python.py:240} INFO - Done. Returned value was: None
[2024-09-27T23:13:25.570+0000] {taskinstance.py:340} INFO - ::group::Post task execution logs
[2024-09-27T23:13:25.572+0000] {taskinstance.py:352} INFO - Marking task as SUCCESS. dag_id=scrape_and_save_share_prices_with_company_data, task_id=create_company_table, run_id=scheduled__2024-04-04T00:00:00+00:00, execution_date=20240404T000000, start_date=20240927T231324, end_date=20240927T231325
[2024-09-27T23:13:25.695+0000] {logging_mixin.py:190} INFO - Task instance in success state
[2024-09-27T23:13:25.710+0000] {logging_mixin.py:190} INFO -  Previous state of the Task instance: running
[2024-09-27T23:13:25.723+0000] {logging_mixin.py:190} INFO - Dag name:scrape_and_save_share_prices_with_company_data queued_at:2024-09-27 23:13:15.211952+00:00
[2024-09-27T23:13:25.730+0000] {logging_mixin.py:190} INFO - Task hostname:7746de5121f6 operator:PythonOperator
[2024-09-27T23:13:25.840+0000] {local_task_job_runner.py:266} INFO - Task exited with return code 0
[2024-09-27T23:13:25.971+0000] {taskinstance.py:3900} INFO - 1 downstream tasks scheduled from follow-on schedule check
[2024-09-27T23:13:26.009+0000] {local_task_job_runner.py:245} INFO - ::endgroup::
