[2024-09-27T18:23:01.734+0000] {local_task_job_runner.py:123} INFO - ::group::Pre task execution logs
[2024-09-27T18:23:01.816+0000] {taskinstance.py:2612} INFO - Dependencies all met for dep_context=non-requeueable deps ti=<TaskInstance: scrape_and_save_share_prices_with_company_data.create_share_prices_table scheduled__2023-11-25T00:00:00+00:00 [queued]>
[2024-09-27T18:23:01.892+0000] {taskinstance.py:2612} INFO - Dependencies all met for dep_context=requeueable deps ti=<TaskInstance: scrape_and_save_share_prices_with_company_data.create_share_prices_table scheduled__2023-11-25T00:00:00+00:00 [queued]>
[2024-09-27T18:23:01.895+0000] {taskinstance.py:2865} INFO - Starting attempt 1 of 2
[2024-09-27T18:23:01.975+0000] {taskinstance.py:2888} INFO - Executing <Task(PythonOperator): create_share_prices_table> on 2023-11-25 00:00:00+00:00
[2024-09-27T18:23:01.998+0000] {warnings.py:112} WARNING - /home/***/.local/lib/python3.12/site-packages/***/task/task_runner/standard_task_runner.py:70: DeprecationWarning: This process (pid=12905) is multi-threaded, use of fork() may lead to deadlocks in the child.
  pid = os.fork()

[2024-09-27T18:23:02.016+0000] {standard_task_runner.py:72} INFO - Started process 12930 to run task
[2024-09-27T18:23:02.039+0000] {standard_task_runner.py:104} INFO - Running: ['***', 'tasks', 'run', 'scrape_and_save_share_prices_with_company_data', 'create_share_prices_table', 'scheduled__2023-11-25T00:00:00+00:00', '--job-id', '1351', '--raw', '--subdir', 'DAGS_FOLDER/dag.py', '--cfg-path', '/tmp/tmp1b3bkmxb']
[2024-09-27T18:23:02.048+0000] {standard_task_runner.py:105} INFO - Job 1351: Subtask create_share_prices_table
[2024-09-27T18:23:02.355+0000] {task_command.py:467} INFO - Running <TaskInstance: scrape_and_save_share_prices_with_company_data.create_share_prices_table scheduled__2023-11-25T00:00:00+00:00 [running]> on host 13b5797a93ab
[2024-09-27T18:23:03.134+0000] {taskinstance.py:3131} INFO - Exporting env vars: AIRFLOW_CTX_DAG_OWNER='***' AIRFLOW_CTX_DAG_ID='scrape_and_save_share_prices_with_company_data' AIRFLOW_CTX_TASK_ID='create_share_prices_table' AIRFLOW_CTX_EXECUTION_DATE='2023-11-25T00:00:00+00:00' AIRFLOW_CTX_TRY_NUMBER='1' AIRFLOW_CTX_DAG_RUN_ID='scheduled__2023-11-25T00:00:00+00:00'
[2024-09-27T18:23:03.154+0000] {logging_mixin.py:190} INFO - Task instance is in running state
[2024-09-27T18:23:03.163+0000] {logging_mixin.py:190} INFO -  Previous state of the Task instance: queued
[2024-09-27T18:23:03.170+0000] {logging_mixin.py:190} INFO - Current task name:create_share_prices_table state:running start_date:2024-09-27 18:23:01.822618+00:00
[2024-09-27T18:23:03.178+0000] {logging_mixin.py:190} INFO - Dag name:scrape_and_save_share_prices_with_company_data and current dag run status:running
[2024-09-27T18:23:03.189+0000] {taskinstance.py:731} INFO - ::endgroup::
[2024-09-27T18:23:03.302+0000] {base.py:84} INFO - Retrieving connection 'dse_connection'
[2024-09-27T18:23:03.353+0000] {sql.py:509} INFO - Running statement: 
        CREATE TABLE IF NOT EXISTS company_share_prices (
            id SERIAL,
            company_id INTEGER NOT NULL,
            date DATE,
            latest_trading_price VARCHAR(50),
            low_price VARCHAR(50),
            high_price VARCHAR(50),
            closing_price VARCHAR(50),
            ycp VARCHAR(50),
            change VARCHAR(10),
            trade VARCHAR(50),
            value VARCHAR(50),
            volume VARCHAR(50),
            PRIMARY KEY(company_id, id),
            FOREIGN KEY(company_id)
                REFERENCES company_list(company_id)
                ON UPDATE CASCADE ON DELETE CASCADE
        );
    , parameters: None
[2024-09-27T18:23:03.359+0000] {python.py:240} INFO - Done. Returned value was: None
[2024-09-27T18:23:03.477+0000] {taskinstance.py:340} INFO - ::group::Post task execution logs
[2024-09-27T18:23:03.525+0000] {taskinstance.py:352} INFO - Marking task as SUCCESS. dag_id=scrape_and_save_share_prices_with_company_data, task_id=create_share_prices_table, run_id=scheduled__2023-11-25T00:00:00+00:00, execution_date=20231125T000000, start_date=20240927T182301, end_date=20240927T182303
[2024-09-27T18:23:03.609+0000] {logging_mixin.py:190} INFO - Task instance in success state
[2024-09-27T18:23:03.621+0000] {logging_mixin.py:190} INFO -  Previous state of the Task instance: running
[2024-09-27T18:23:03.631+0000] {logging_mixin.py:190} INFO - Dag name:scrape_and_save_share_prices_with_company_data queued_at:2024-09-27 18:20:35.139433+00:00
[2024-09-27T18:23:03.638+0000] {logging_mixin.py:190} INFO - Task hostname:13b5797a93ab operator:PythonOperator
[2024-09-27T18:23:03.777+0000] {local_task_job_runner.py:266} INFO - Task exited with return code 0
[2024-09-27T18:23:04.180+0000] {taskinstance.py:3900} INFO - 1 downstream tasks scheduled from follow-on schedule check
[2024-09-27T18:23:04.210+0000] {local_task_job_runner.py:245} INFO - ::endgroup::
[2024-09-27T22:11:17.722+0000] {local_task_job_runner.py:123} INFO - ::group::Pre task execution logs
[2024-09-27T22:11:17.797+0000] {taskinstance.py:2612} INFO - Dependencies all met for dep_context=non-requeueable deps ti=<TaskInstance: scrape_and_save_share_prices_with_company_data.create_share_prices_table scheduled__2023-11-25T00:00:00+00:00 [queued]>
[2024-09-27T22:11:17.819+0000] {taskinstance.py:2612} INFO - Dependencies all met for dep_context=requeueable deps ti=<TaskInstance: scrape_and_save_share_prices_with_company_data.create_share_prices_table scheduled__2023-11-25T00:00:00+00:00 [queued]>
[2024-09-27T22:11:17.820+0000] {taskinstance.py:2865} INFO - Starting attempt 1 of 2
[2024-09-27T22:11:17.886+0000] {taskinstance.py:2888} INFO - Executing <Task(PythonOperator): create_share_prices_table> on 2023-11-25 00:00:00+00:00
[2024-09-27T22:11:17.912+0000] {warnings.py:112} WARNING - /home/***/.local/lib/python3.12/site-packages/***/task/task_runner/standard_task_runner.py:70: DeprecationWarning: This process (pid=1616) is multi-threaded, use of fork() may lead to deadlocks in the child.
  pid = os.fork()

[2024-09-27T22:11:17.918+0000] {standard_task_runner.py:72} INFO - Started process 1632 to run task
[2024-09-27T22:11:17.924+0000] {standard_task_runner.py:104} INFO - Running: ['***', 'tasks', 'run', 'scrape_and_save_share_prices_with_company_data', 'create_share_prices_table', 'scheduled__2023-11-25T00:00:00+00:00', '--job-id', '2386', '--raw', '--subdir', 'DAGS_FOLDER/dag.py', '--cfg-path', '/tmp/tmponnqaybz']
[2024-09-27T22:11:17.929+0000] {standard_task_runner.py:105} INFO - Job 2386: Subtask create_share_prices_table
[2024-09-27T22:11:18.126+0000] {task_command.py:467} INFO - Running <TaskInstance: scrape_and_save_share_prices_with_company_data.create_share_prices_table scheduled__2023-11-25T00:00:00+00:00 [running]> on host fd62fe12432d
[2024-09-27T22:11:18.508+0000] {taskinstance.py:3131} INFO - Exporting env vars: AIRFLOW_CTX_DAG_OWNER='***' AIRFLOW_CTX_DAG_ID='scrape_and_save_share_prices_with_company_data' AIRFLOW_CTX_TASK_ID='create_share_prices_table' AIRFLOW_CTX_EXECUTION_DATE='2023-11-25T00:00:00+00:00' AIRFLOW_CTX_TRY_NUMBER='1' AIRFLOW_CTX_DAG_RUN_ID='scheduled__2023-11-25T00:00:00+00:00'
[2024-09-27T22:11:18.512+0000] {logging_mixin.py:190} INFO - Task instance is in running state
[2024-09-27T22:11:18.513+0000] {logging_mixin.py:190} INFO -  Previous state of the Task instance: queued
[2024-09-27T22:11:18.514+0000] {logging_mixin.py:190} INFO - Current task name:create_share_prices_table state:running start_date:2024-09-27 22:11:17.798215+00:00
[2024-09-27T22:11:18.516+0000] {logging_mixin.py:190} INFO - Dag name:scrape_and_save_share_prices_with_company_data and current dag run status:running
[2024-09-27T22:11:18.517+0000] {taskinstance.py:731} INFO - ::endgroup::
[2024-09-27T22:11:18.558+0000] {base.py:84} INFO - Retrieving connection 'dse_connection'
[2024-09-27T22:11:18.584+0000] {sql.py:509} INFO - Running statement: 
        CREATE TABLE IF NOT EXISTS company_share_prices (
            id SERIAL,
            company_id INTEGER NOT NULL,
            date DATE,
            latest_trading_price VARCHAR(50),
            low_price VARCHAR(50),
            high_price VARCHAR(50),
            closing_price VARCHAR(50),
            ycp VARCHAR(50),
            change VARCHAR(10),
            trade VARCHAR(50),
            value VARCHAR(50),
            volume VARCHAR(50),
            PRIMARY KEY(company_id, id),
            FOREIGN KEY(company_id)
                REFERENCES company_list(company_id)
                ON UPDATE CASCADE ON DELETE CASCADE
        );
    , parameters: None
[2024-09-27T22:11:18.601+0000] {python.py:240} INFO - Done. Returned value was: None
[2024-09-27T22:11:18.665+0000] {taskinstance.py:340} INFO - ::group::Post task execution logs
[2024-09-27T22:11:18.666+0000] {taskinstance.py:352} INFO - Marking task as SUCCESS. dag_id=scrape_and_save_share_prices_with_company_data, task_id=create_share_prices_table, run_id=scheduled__2023-11-25T00:00:00+00:00, execution_date=20231125T000000, start_date=20240927T221117, end_date=20240927T221118
[2024-09-27T22:11:18.968+0000] {logging_mixin.py:190} INFO - Task instance in success state
[2024-09-27T22:11:18.977+0000] {logging_mixin.py:190} INFO -  Previous state of the Task instance: running
[2024-09-27T22:11:18.992+0000] {logging_mixin.py:190} INFO - Dag name:scrape_and_save_share_prices_with_company_data queued_at:2024-09-27 22:09:55.347582+00:00
[2024-09-27T22:11:18.993+0000] {logging_mixin.py:190} INFO - Task hostname:fd62fe12432d operator:PythonOperator
[2024-09-27T22:11:19.049+0000] {local_task_job_runner.py:266} INFO - Task exited with return code 0
[2024-09-27T22:11:19.136+0000] {taskinstance.py:3900} INFO - 1 downstream tasks scheduled from follow-on schedule check
[2024-09-27T22:11:19.141+0000] {local_task_job_runner.py:245} INFO - ::endgroup::
[2024-09-27T22:51:28.654+0000] {local_task_job_runner.py:123} INFO - ::group::Pre task execution logs
[2024-09-27T22:51:28.770+0000] {taskinstance.py:2612} INFO - Dependencies all met for dep_context=non-requeueable deps ti=<TaskInstance: scrape_and_save_share_prices_with_company_data.create_share_prices_table scheduled__2023-11-25T00:00:00+00:00 [queued]>
[2024-09-27T22:51:28.834+0000] {taskinstance.py:2612} INFO - Dependencies all met for dep_context=requeueable deps ti=<TaskInstance: scrape_and_save_share_prices_with_company_data.create_share_prices_table scheduled__2023-11-25T00:00:00+00:00 [queued]>
[2024-09-27T22:51:28.841+0000] {taskinstance.py:2865} INFO - Starting attempt 1 of 2
[2024-09-27T22:51:29.142+0000] {taskinstance.py:2888} INFO - Executing <Task(PythonOperator): create_share_prices_table> on 2023-11-25 00:00:00+00:00
[2024-09-27T22:51:29.204+0000] {warnings.py:112} WARNING - /home/***/.local/lib/python3.12/site-packages/***/task/task_runner/standard_task_runner.py:70: DeprecationWarning: This process (pid=1365) is multi-threaded, use of fork() may lead to deadlocks in the child.
  pid = os.fork()

[2024-09-27T22:51:29.224+0000] {standard_task_runner.py:72} INFO - Started process 1401 to run task
[2024-09-27T22:51:29.213+0000] {standard_task_runner.py:104} INFO - Running: ['***', 'tasks', 'run', 'scrape_and_save_share_prices_with_company_data', 'create_share_prices_table', 'scheduled__2023-11-25T00:00:00+00:00', '--job-id', '2857', '--raw', '--subdir', 'DAGS_FOLDER/dag.py', '--cfg-path', '/tmp/tmpvmgvvkfh']
[2024-09-27T22:51:29.236+0000] {standard_task_runner.py:105} INFO - Job 2857: Subtask create_share_prices_table
[2024-09-27T22:51:29.592+0000] {task_command.py:467} INFO - Running <TaskInstance: scrape_and_save_share_prices_with_company_data.create_share_prices_table scheduled__2023-11-25T00:00:00+00:00 [running]> on host 7746de5121f6
[2024-09-27T22:51:30.468+0000] {taskinstance.py:3131} INFO - Exporting env vars: AIRFLOW_CTX_DAG_OWNER='***' AIRFLOW_CTX_DAG_ID='scrape_and_save_share_prices_with_company_data' AIRFLOW_CTX_TASK_ID='create_share_prices_table' AIRFLOW_CTX_EXECUTION_DATE='2023-11-25T00:00:00+00:00' AIRFLOW_CTX_TRY_NUMBER='1' AIRFLOW_CTX_DAG_RUN_ID='scheduled__2023-11-25T00:00:00+00:00'
[2024-09-27T22:51:30.484+0000] {logging_mixin.py:190} INFO - Task instance is in running state
[2024-09-27T22:51:30.486+0000] {logging_mixin.py:190} INFO -  Previous state of the Task instance: queued
[2024-09-27T22:51:30.491+0000] {logging_mixin.py:190} INFO - Current task name:create_share_prices_table state:running start_date:2024-09-27 22:51:28.781369+00:00
[2024-09-27T22:51:30.521+0000] {logging_mixin.py:190} INFO - Dag name:scrape_and_save_share_prices_with_company_data and current dag run status:running
[2024-09-27T22:51:30.524+0000] {taskinstance.py:731} INFO - ::endgroup::
[2024-09-27T22:51:30.666+0000] {base.py:84} INFO - Retrieving connection 'dse_connection'
[2024-09-27T22:51:30.759+0000] {sql.py:509} INFO - Running statement: 
        CREATE TABLE IF NOT EXISTS company_share_prices (
            id SERIAL,
            company_id INTEGER NOT NULL,
            date DATE,
            latest_trading_price VARCHAR(50),
            low_price VARCHAR(50),
            high_price VARCHAR(50),
            closing_price VARCHAR(50),
            ycp VARCHAR(50),
            change VARCHAR(10),
            trade VARCHAR(50),
            value VARCHAR(50),
            volume VARCHAR(50),
            PRIMARY KEY(company_id, id),
            FOREIGN KEY(company_id)
                REFERENCES company_list(company_id)
                ON UPDATE CASCADE ON DELETE CASCADE
        );
    , parameters: None
[2024-09-27T22:51:30.794+0000] {python.py:240} INFO - Done. Returned value was: None
[2024-09-27T22:51:30.867+0000] {taskinstance.py:340} INFO - ::group::Post task execution logs
[2024-09-27T22:51:30.868+0000] {taskinstance.py:352} INFO - Marking task as SUCCESS. dag_id=scrape_and_save_share_prices_with_company_data, task_id=create_share_prices_table, run_id=scheduled__2023-11-25T00:00:00+00:00, execution_date=20231125T000000, start_date=20240927T225128, end_date=20240927T225130
[2024-09-27T22:51:31.336+0000] {logging_mixin.py:190} INFO - Task instance in success state
[2024-09-27T22:51:31.338+0000] {logging_mixin.py:190} INFO -  Previous state of the Task instance: running
[2024-09-27T22:51:31.351+0000] {logging_mixin.py:190} INFO - Dag name:scrape_and_save_share_prices_with_company_data queued_at:2024-09-27 22:50:09.169287+00:00
[2024-09-27T22:51:31.361+0000] {logging_mixin.py:190} INFO - Task hostname:7746de5121f6 operator:PythonOperator
[2024-09-27T22:51:31.501+0000] {local_task_job_runner.py:266} INFO - Task exited with return code 0
[2024-09-27T22:51:31.809+0000] {taskinstance.py:3900} INFO - 1 downstream tasks scheduled from follow-on schedule check
[2024-09-27T22:51:31.871+0000] {local_task_job_runner.py:245} INFO - ::endgroup::
