[2024-09-27T18:37:15.415+0000] {local_task_job_runner.py:123} INFO - ::group::Pre task execution logs
[2024-09-27T18:37:15.562+0000] {taskinstance.py:2612} INFO - Dependencies all met for dep_context=non-requeueable deps ti=<TaskInstance: scrape_and_save_share_prices_with_company_data.create_company_table scheduled__2024-01-31T00:00:00+00:00 [queued]>
[2024-09-27T18:37:15.600+0000] {taskinstance.py:2612} INFO - Dependencies all met for dep_context=requeueable deps ti=<TaskInstance: scrape_and_save_share_prices_with_company_data.create_company_table scheduled__2024-01-31T00:00:00+00:00 [queued]>
[2024-09-27T18:37:15.601+0000] {taskinstance.py:2865} INFO - Starting attempt 1 of 2
[2024-09-27T18:37:15.687+0000] {taskinstance.py:2888} INFO - Executing <Task(PythonOperator): create_company_table> on 2024-01-31 00:00:00+00:00
[2024-09-27T18:37:15.766+0000] {warnings.py:112} WARNING - /home/***/.local/lib/python3.12/site-packages/***/task/task_runner/standard_task_runner.py:70: DeprecationWarning: This process (pid=13999) is multi-threaded, use of fork() may lead to deadlocks in the child.
  pid = os.fork()

[2024-09-27T18:37:15.813+0000] {standard_task_runner.py:72} INFO - Started process 14019 to run task
[2024-09-27T18:37:15.781+0000] {standard_task_runner.py:104} INFO - Running: ['***', 'tasks', 'run', 'scrape_and_save_share_prices_with_company_data', 'create_company_table', 'scheduled__2024-01-31T00:00:00+00:00', '--job-id', '1589', '--raw', '--subdir', 'DAGS_FOLDER/dag.py', '--cfg-path', '/tmp/tmpq9faohi5']
[2024-09-27T18:37:15.827+0000] {standard_task_runner.py:105} INFO - Job 1589: Subtask create_company_table
[2024-09-27T18:37:16.335+0000] {task_command.py:467} INFO - Running <TaskInstance: scrape_and_save_share_prices_with_company_data.create_company_table scheduled__2024-01-31T00:00:00+00:00 [running]> on host 13b5797a93ab
[2024-09-27T18:37:17.221+0000] {taskinstance.py:3131} INFO - Exporting env vars: AIRFLOW_CTX_DAG_OWNER='***' AIRFLOW_CTX_DAG_ID='scrape_and_save_share_prices_with_company_data' AIRFLOW_CTX_TASK_ID='create_company_table' AIRFLOW_CTX_EXECUTION_DATE='2024-01-31T00:00:00+00:00' AIRFLOW_CTX_TRY_NUMBER='1' AIRFLOW_CTX_DAG_RUN_ID='scheduled__2024-01-31T00:00:00+00:00'
[2024-09-27T18:37:17.232+0000] {logging_mixin.py:190} INFO - Task instance is in running state
[2024-09-27T18:37:17.236+0000] {logging_mixin.py:190} INFO -  Previous state of the Task instance: queued
[2024-09-27T18:37:17.260+0000] {logging_mixin.py:190} INFO - Current task name:create_company_table state:running start_date:2024-09-27 18:37:15.563866+00:00
[2024-09-27T18:37:17.270+0000] {logging_mixin.py:190} INFO - Dag name:scrape_and_save_share_prices_with_company_data and current dag run status:running
[2024-09-27T18:37:17.281+0000] {taskinstance.py:731} INFO - ::endgroup::
[2024-09-27T18:37:17.352+0000] {base.py:84} INFO - Retrieving connection 'dse_connection'
[2024-09-27T18:37:17.386+0000] {sql.py:509} INFO - Running statement: 
        CREATE TABLE IF NOT EXISTS company_list (
            company_id SERIAL PRIMARY KEY,
            company_trade_name VARCHAR(255) NOT NULL,
            company_url VARCHAR(255) NOT NULL,
            UNIQUE(company_trade_name)
        );
    , parameters: None
[2024-09-27T18:37:17.404+0000] {python.py:240} INFO - Done. Returned value was: None
[2024-09-27T18:37:17.480+0000] {taskinstance.py:340} INFO - ::group::Post task execution logs
[2024-09-27T18:37:17.482+0000] {taskinstance.py:352} INFO - Marking task as SUCCESS. dag_id=scrape_and_save_share_prices_with_company_data, task_id=create_company_table, run_id=scheduled__2024-01-31T00:00:00+00:00, execution_date=20240131T000000, start_date=20240927T183715, end_date=20240927T183717
[2024-09-27T18:37:17.577+0000] {logging_mixin.py:190} INFO - Task instance in success state
[2024-09-27T18:37:17.630+0000] {logging_mixin.py:190} INFO -  Previous state of the Task instance: running
[2024-09-27T18:37:17.636+0000] {logging_mixin.py:190} INFO - Dag name:scrape_and_save_share_prices_with_company_data queued_at:2024-09-27 18:37:04.660076+00:00
[2024-09-27T18:37:17.638+0000] {logging_mixin.py:190} INFO - Task hostname:13b5797a93ab operator:PythonOperator
[2024-09-27T18:37:17.777+0000] {local_task_job_runner.py:266} INFO - Task exited with return code 0
[2024-09-27T18:37:17.832+0000] {local_task_job_runner.py:245} INFO - ::endgroup::
[2024-09-27T23:02:03.128+0000] {local_task_job_runner.py:123} INFO - ::group::Pre task execution logs
[2024-09-27T23:02:03.173+0000] {taskinstance.py:2612} INFO - Dependencies all met for dep_context=non-requeueable deps ti=<TaskInstance: scrape_and_save_share_prices_with_company_data.create_company_table scheduled__2024-01-31T00:00:00+00:00 [queued]>
[2024-09-27T23:02:03.202+0000] {taskinstance.py:2612} INFO - Dependencies all met for dep_context=requeueable deps ti=<TaskInstance: scrape_and_save_share_prices_with_company_data.create_company_table scheduled__2024-01-31T00:00:00+00:00 [queued]>
[2024-09-27T23:02:03.205+0000] {taskinstance.py:2865} INFO - Starting attempt 1 of 2
[2024-09-27T23:02:03.242+0000] {taskinstance.py:2888} INFO - Executing <Task(PythonOperator): create_company_table> on 2024-01-31 00:00:00+00:00
[2024-09-27T23:02:03.261+0000] {warnings.py:112} WARNING - /home/***/.local/lib/python3.12/site-packages/***/task/task_runner/standard_task_runner.py:70: DeprecationWarning: This process (pid=2440) is multi-threaded, use of fork() may lead to deadlocks in the child.
  pid = os.fork()

[2024-09-27T23:02:03.273+0000] {standard_task_runner.py:72} INFO - Started process 2444 to run task
[2024-09-27T23:02:03.271+0000] {standard_task_runner.py:104} INFO - Running: ['***', 'tasks', 'run', 'scrape_and_save_share_prices_with_company_data', 'create_company_table', 'scheduled__2024-01-31T00:00:00+00:00', '--job-id', '3097', '--raw', '--subdir', 'DAGS_FOLDER/dag.py', '--cfg-path', '/tmp/tmpdlom4w7q']
[2024-09-27T23:02:03.277+0000] {standard_task_runner.py:105} INFO - Job 3097: Subtask create_company_table
[2024-09-27T23:02:03.447+0000] {task_command.py:467} INFO - Running <TaskInstance: scrape_and_save_share_prices_with_company_data.create_company_table scheduled__2024-01-31T00:00:00+00:00 [running]> on host 7746de5121f6
[2024-09-27T23:02:03.720+0000] {taskinstance.py:3131} INFO - Exporting env vars: AIRFLOW_CTX_DAG_OWNER='***' AIRFLOW_CTX_DAG_ID='scrape_and_save_share_prices_with_company_data' AIRFLOW_CTX_TASK_ID='create_company_table' AIRFLOW_CTX_EXECUTION_DATE='2024-01-31T00:00:00+00:00' AIRFLOW_CTX_TRY_NUMBER='1' AIRFLOW_CTX_DAG_RUN_ID='scheduled__2024-01-31T00:00:00+00:00'
[2024-09-27T23:02:03.728+0000] {logging_mixin.py:190} INFO - Task instance is in running state
[2024-09-27T23:02:03.730+0000] {logging_mixin.py:190} INFO -  Previous state of the Task instance: queued
[2024-09-27T23:02:03.731+0000] {logging_mixin.py:190} INFO - Current task name:create_company_table state:running start_date:2024-09-27 23:02:03.175887+00:00
[2024-09-27T23:02:03.732+0000] {logging_mixin.py:190} INFO - Dag name:scrape_and_save_share_prices_with_company_data and current dag run status:running
[2024-09-27T23:02:03.733+0000] {taskinstance.py:731} INFO - ::endgroup::
[2024-09-27T23:02:03.761+0000] {base.py:84} INFO - Retrieving connection 'dse_connection'
[2024-09-27T23:02:03.776+0000] {sql.py:509} INFO - Running statement: 
        CREATE TABLE IF NOT EXISTS company_list (
            company_id SERIAL PRIMARY KEY,
            company_trade_name VARCHAR(255) NOT NULL,
            company_url VARCHAR(255) NOT NULL,
            UNIQUE(company_trade_name)
        );
    , parameters: None
[2024-09-27T23:02:03.779+0000] {python.py:240} INFO - Done. Returned value was: None
[2024-09-27T23:02:03.817+0000] {taskinstance.py:340} INFO - ::group::Post task execution logs
[2024-09-27T23:02:03.820+0000] {taskinstance.py:352} INFO - Marking task as SUCCESS. dag_id=scrape_and_save_share_prices_with_company_data, task_id=create_company_table, run_id=scheduled__2024-01-31T00:00:00+00:00, execution_date=20240131T000000, start_date=20240927T230203, end_date=20240927T230203
[2024-09-27T23:02:03.859+0000] {logging_mixin.py:190} INFO - Task instance in success state
[2024-09-27T23:02:03.865+0000] {logging_mixin.py:190} INFO -  Previous state of the Task instance: running
[2024-09-27T23:02:03.866+0000] {logging_mixin.py:190} INFO - Dag name:scrape_and_save_share_prices_with_company_data queued_at:2024-09-27 23:01:54.868153+00:00
[2024-09-27T23:02:03.869+0000] {logging_mixin.py:190} INFO - Task hostname:7746de5121f6 operator:PythonOperator
[2024-09-27T23:02:03.911+0000] {local_task_job_runner.py:266} INFO - Task exited with return code 0
[2024-09-27T23:02:04.019+0000] {taskinstance.py:3900} INFO - 1 downstream tasks scheduled from follow-on schedule check
[2024-09-27T23:02:04.029+0000] {local_task_job_runner.py:245} INFO - ::endgroup::
