[2024-09-27T22:01:26.764+0000] {local_task_job_runner.py:123} INFO - ::group::Pre task execution logs
[2024-09-27T22:01:26.828+0000] {taskinstance.py:2612} INFO - Dependencies all met for dep_context=non-requeueable deps ti=<TaskInstance: scrape_and_save_share_prices_with_company_data.create_share_prices_table scheduled__2023-09-26T00:00:00+00:00 [queued]>
[2024-09-27T22:01:26.846+0000] {taskinstance.py:2612} INFO - Dependencies all met for dep_context=requeueable deps ti=<TaskInstance: scrape_and_save_share_prices_with_company_data.create_share_prices_table scheduled__2023-09-26T00:00:00+00:00 [queued]>
[2024-09-27T22:01:28.238+0000] {taskinstance.py:2865} INFO - Starting attempt 2 of 2
[2024-09-27T22:01:31.942+0000] {taskinstance.py:2888} INFO - Executing <Task(PythonOperator): create_share_prices_table> on 2023-09-26 00:00:00+00:00
[2024-09-27T22:01:31.960+0000] {warnings.py:112} WARNING - /home/***/.local/lib/python3.12/site-packages/***/task/task_runner/standard_task_runner.py:70: DeprecationWarning: This process (pid=824) is multi-threaded, use of fork() may lead to deadlocks in the child.
  pid = os.fork()

[2024-09-27T22:01:31.965+0000] {standard_task_runner.py:72} INFO - Started process 865 to run task
[2024-09-27T22:01:31.972+0000] {standard_task_runner.py:104} INFO - Running: ['***', 'tasks', 'run', 'scrape_and_save_share_prices_with_company_data', 'create_share_prices_table', 'scheduled__2023-09-26T00:00:00+00:00', '--job-id', '2215', '--raw', '--subdir', 'DAGS_FOLDER/dag.py', '--cfg-path', '/tmp/tmpt4xfbjw7']
[2024-09-27T22:01:31.974+0000] {standard_task_runner.py:105} INFO - Job 2215: Subtask create_share_prices_table
[2024-09-27T22:01:38.595+0000] {task_command.py:467} INFO - Running <TaskInstance: scrape_and_save_share_prices_with_company_data.create_share_prices_table scheduled__2023-09-26T00:00:00+00:00 [running]> on host fd62fe12432d
[2024-09-27T22:01:44.684+0000] {job.py:229} INFO - Heartbeat recovered after 22.10 seconds
[2024-09-27T22:01:45.254+0000] {taskinstance.py:3131} INFO - Exporting env vars: AIRFLOW_CTX_DAG_OWNER='***' AIRFLOW_CTX_DAG_ID='scrape_and_save_share_prices_with_company_data' AIRFLOW_CTX_TASK_ID='create_share_prices_table' AIRFLOW_CTX_EXECUTION_DATE='2023-09-26T00:00:00+00:00' AIRFLOW_CTX_TRY_NUMBER='2' AIRFLOW_CTX_DAG_RUN_ID='scheduled__2023-09-26T00:00:00+00:00'
[2024-09-27T22:01:45.294+0000] {logging_mixin.py:190} INFO - Task instance is in running state
[2024-09-27T22:01:45.295+0000] {logging_mixin.py:190} INFO -  Previous state of the Task instance: queued
[2024-09-27T22:01:45.295+0000] {logging_mixin.py:190} INFO - Current task name:create_share_prices_table state:running start_date:2024-09-27 22:01:26.830106+00:00
[2024-09-27T22:01:45.297+0000] {logging_mixin.py:190} INFO - Dag name:scrape_and_save_share_prices_with_company_data and current dag run status:running
[2024-09-27T22:01:45.298+0000] {taskinstance.py:731} INFO - ::endgroup::
[2024-09-27T22:01:45.326+0000] {base.py:84} INFO - Retrieving connection 'dse_connection'
[2024-09-27T22:01:45.335+0000] {sql.py:509} INFO - Running statement: 
        CREATE TABLE IF NOT EXISTS company_share_prices (
            id SERIAL,
            company_id INTEGER NOT NULL,
            date DATE,
            latest_trading_price VARCHAR(50),
            low_price VARCHAR(50),
            high_price VARCHAR(50),
            closing_price VARCHAR(50),
            ycp VARCHAR(50),
            change VARCHAR(10),
            trade VARCHAR(50),
            value VARCHAR(50),
            volume VARCHAR(50),
            PRIMARY KEY(company_id, id),
            FOREIGN KEY(company_id)
                REFERENCES company_list(company_id)
                ON UPDATE CASCADE ON DELETE CASCADE
        );
    , parameters: None
[2024-09-27T22:01:45.343+0000] {python.py:240} INFO - Done. Returned value was: None
[2024-09-27T22:01:45.389+0000] {taskinstance.py:340} INFO - ::group::Post task execution logs
[2024-09-27T22:01:45.392+0000] {taskinstance.py:352} INFO - Marking task as SUCCESS. dag_id=scrape_and_save_share_prices_with_company_data, task_id=create_share_prices_table, run_id=scheduled__2023-09-26T00:00:00+00:00, execution_date=20230926T000000, start_date=20240927T220126, end_date=20240927T220145
[2024-09-27T22:01:45.459+0000] {logging_mixin.py:190} INFO - Task instance in success state
[2024-09-27T22:01:45.462+0000] {logging_mixin.py:190} INFO -  Previous state of the Task instance: running
[2024-09-27T22:01:45.473+0000] {logging_mixin.py:190} INFO - Dag name:scrape_and_save_share_prices_with_company_data queued_at:2024-09-27 21:50:58.340602+00:00
[2024-09-27T22:01:45.477+0000] {logging_mixin.py:190} INFO - Task hostname:fd62fe12432d operator:PythonOperator
[2024-09-27T22:01:45.536+0000] {local_task_job_runner.py:266} INFO - Task exited with return code 0
[2024-09-27T22:01:45.637+0000] {taskinstance.py:3900} INFO - 1 downstream tasks scheduled from follow-on schedule check
[2024-09-27T22:01:45.662+0000] {local_task_job_runner.py:245} INFO - ::endgroup::
