[2024-09-27T18:31:51.277+0000] {local_task_job_runner.py:123} INFO - ::group::Pre task execution logs
[2024-09-27T18:31:51.482+0000] {taskinstance.py:2612} INFO - Dependencies all met for dep_context=non-requeueable deps ti=<TaskInstance: scrape_and_save_share_prices_with_company_data.create_company_table scheduled__2024-01-09T00:00:00+00:00 [queued]>
[2024-09-27T18:31:51.580+0000] {taskinstance.py:2612} INFO - Dependencies all met for dep_context=requeueable deps ti=<TaskInstance: scrape_and_save_share_prices_with_company_data.create_company_table scheduled__2024-01-09T00:00:00+00:00 [queued]>
[2024-09-27T18:31:51.582+0000] {taskinstance.py:2865} INFO - Starting attempt 1 of 2
[2024-09-27T18:31:51.679+0000] {taskinstance.py:2888} INFO - Executing <Task(PythonOperator): create_company_table> on 2024-01-09 00:00:00+00:00
[2024-09-27T18:31:51.704+0000] {warnings.py:112} WARNING - /home/***/.local/lib/python3.12/site-packages/***/task/task_runner/standard_task_runner.py:70: DeprecationWarning: This process (pid=13587) is multi-threaded, use of fork() may lead to deadlocks in the child.
  pid = os.fork()

[2024-09-27T18:31:51.730+0000] {standard_task_runner.py:72} INFO - Started process 13617 to run task
[2024-09-27T18:31:51.718+0000] {standard_task_runner.py:104} INFO - Running: ['***', 'tasks', 'run', 'scrape_and_save_share_prices_with_company_data', 'create_company_table', 'scheduled__2024-01-09T00:00:00+00:00', '--job-id', '1499', '--raw', '--subdir', 'DAGS_FOLDER/dag.py', '--cfg-path', '/tmp/tmpidlcv5yu']
[2024-09-27T18:31:51.758+0000] {standard_task_runner.py:105} INFO - Job 1499: Subtask create_company_table
[2024-09-27T18:31:52.056+0000] {task_command.py:467} INFO - Running <TaskInstance: scrape_and_save_share_prices_with_company_data.create_company_table scheduled__2024-01-09T00:00:00+00:00 [running]> on host 13b5797a93ab
[2024-09-27T18:31:52.505+0000] {taskinstance.py:3131} INFO - Exporting env vars: AIRFLOW_CTX_DAG_OWNER='***' AIRFLOW_CTX_DAG_ID='scrape_and_save_share_prices_with_company_data' AIRFLOW_CTX_TASK_ID='create_company_table' AIRFLOW_CTX_EXECUTION_DATE='2024-01-09T00:00:00+00:00' AIRFLOW_CTX_TRY_NUMBER='1' AIRFLOW_CTX_DAG_RUN_ID='scheduled__2024-01-09T00:00:00+00:00'
[2024-09-27T18:31:52.513+0000] {logging_mixin.py:190} INFO - Task instance is in running state
[2024-09-27T18:31:52.522+0000] {logging_mixin.py:190} INFO -  Previous state of the Task instance: queued
[2024-09-27T18:31:52.523+0000] {logging_mixin.py:190} INFO - Current task name:create_company_table state:running start_date:2024-09-27 18:31:51.484571+00:00
[2024-09-27T18:31:52.543+0000] {logging_mixin.py:190} INFO - Dag name:scrape_and_save_share_prices_with_company_data and current dag run status:running
[2024-09-27T18:31:52.545+0000] {taskinstance.py:731} INFO - ::endgroup::
[2024-09-27T18:31:52.652+0000] {base.py:84} INFO - Retrieving connection 'dse_connection'
[2024-09-27T18:31:52.704+0000] {sql.py:509} INFO - Running statement: 
        CREATE TABLE IF NOT EXISTS company_list (
            company_id SERIAL PRIMARY KEY,
            company_trade_name VARCHAR(255) NOT NULL,
            company_url VARCHAR(255) NOT NULL,
            UNIQUE(company_trade_name)
        );
    , parameters: None
[2024-09-27T18:31:52.722+0000] {python.py:240} INFO - Done. Returned value was: None
[2024-09-27T18:31:52.832+0000] {taskinstance.py:340} INFO - ::group::Post task execution logs
[2024-09-27T18:31:52.844+0000] {taskinstance.py:352} INFO - Marking task as SUCCESS. dag_id=scrape_and_save_share_prices_with_company_data, task_id=create_company_table, run_id=scheduled__2024-01-09T00:00:00+00:00, execution_date=20240109T000000, start_date=20240927T183151, end_date=20240927T183152
[2024-09-27T18:31:53.036+0000] {logging_mixin.py:190} INFO - Task instance in success state
[2024-09-27T18:31:53.048+0000] {logging_mixin.py:190} INFO -  Previous state of the Task instance: running
[2024-09-27T18:31:53.052+0000] {logging_mixin.py:190} INFO - Dag name:scrape_and_save_share_prices_with_company_data queued_at:2024-09-27 18:31:39.590247+00:00
[2024-09-27T18:31:53.069+0000] {logging_mixin.py:190} INFO - Task hostname:13b5797a93ab operator:PythonOperator
[2024-09-27T18:31:53.212+0000] {local_task_job_runner.py:266} INFO - Task exited with return code 0
[2024-09-27T18:31:53.418+0000] {taskinstance.py:3900} INFO - 1 downstream tasks scheduled from follow-on schedule check
[2024-09-27T18:31:53.470+0000] {local_task_job_runner.py:245} INFO - ::endgroup::
[2024-09-27T22:22:54.594+0000] {local_task_job_runner.py:123} INFO - ::group::Pre task execution logs
[2024-09-27T22:22:54.699+0000] {taskinstance.py:2612} INFO - Dependencies all met for dep_context=non-requeueable deps ti=<TaskInstance: scrape_and_save_share_prices_with_company_data.create_company_table scheduled__2024-01-09T00:00:00+00:00 [queued]>
[2024-09-27T22:22:54.739+0000] {taskinstance.py:2612} INFO - Dependencies all met for dep_context=requeueable deps ti=<TaskInstance: scrape_and_save_share_prices_with_company_data.create_company_table scheduled__2024-01-09T00:00:00+00:00 [queued]>
[2024-09-27T22:22:54.750+0000] {taskinstance.py:2865} INFO - Starting attempt 1 of 2
[2024-09-27T22:22:55.012+0000] {taskinstance.py:2888} INFO - Executing <Task(PythonOperator): create_company_table> on 2024-01-09 00:00:00+00:00
[2024-09-27T22:22:55.081+0000] {warnings.py:112} WARNING - /home/***/.local/lib/python3.12/site-packages/***/task/task_runner/standard_task_runner.py:70: DeprecationWarning: This process (pid=2449) is multi-threaded, use of fork() may lead to deadlocks in the child.
  pid = os.fork()

[2024-09-27T22:22:55.098+0000] {standard_task_runner.py:72} INFO - Started process 2483 to run task
[2024-09-27T22:22:55.122+0000] {standard_task_runner.py:104} INFO - Running: ['***', 'tasks', 'run', 'scrape_and_save_share_prices_with_company_data', 'create_company_table', 'scheduled__2024-01-09T00:00:00+00:00', '--job-id', '2568', '--raw', '--subdir', 'DAGS_FOLDER/dag.py', '--cfg-path', '/tmp/tmp3ls_7ggb']
[2024-09-27T22:22:55.140+0000] {standard_task_runner.py:105} INFO - Job 2568: Subtask create_company_table
[2024-09-27T22:22:55.454+0000] {task_command.py:467} INFO - Running <TaskInstance: scrape_and_save_share_prices_with_company_data.create_company_table scheduled__2024-01-09T00:00:00+00:00 [running]> on host fd62fe12432d
[2024-09-27T22:22:55.741+0000] {taskinstance.py:3131} INFO - Exporting env vars: AIRFLOW_CTX_DAG_OWNER='***' AIRFLOW_CTX_DAG_ID='scrape_and_save_share_prices_with_company_data' AIRFLOW_CTX_TASK_ID='create_company_table' AIRFLOW_CTX_EXECUTION_DATE='2024-01-09T00:00:00+00:00' AIRFLOW_CTX_TRY_NUMBER='1' AIRFLOW_CTX_DAG_RUN_ID='scheduled__2024-01-09T00:00:00+00:00'
[2024-09-27T22:22:55.745+0000] {logging_mixin.py:190} INFO - Task instance is in running state
[2024-09-27T22:22:55.746+0000] {logging_mixin.py:190} INFO -  Previous state of the Task instance: queued
[2024-09-27T22:22:55.747+0000] {logging_mixin.py:190} INFO - Current task name:create_company_table state:running start_date:2024-09-27 22:22:54.710817+00:00
[2024-09-27T22:22:55.748+0000] {logging_mixin.py:190} INFO - Dag name:scrape_and_save_share_prices_with_company_data and current dag run status:running
[2024-09-27T22:22:55.750+0000] {taskinstance.py:731} INFO - ::endgroup::
[2024-09-27T22:22:55.811+0000] {base.py:84} INFO - Retrieving connection 'dse_connection'
[2024-09-27T22:22:55.848+0000] {sql.py:509} INFO - Running statement: 
        CREATE TABLE IF NOT EXISTS company_list (
            company_id SERIAL PRIMARY KEY,
            company_trade_name VARCHAR(255) NOT NULL,
            company_url VARCHAR(255) NOT NULL,
            UNIQUE(company_trade_name)
        );
    , parameters: None
[2024-09-27T22:22:55.851+0000] {python.py:240} INFO - Done. Returned value was: None
[2024-09-27T22:22:55.888+0000] {taskinstance.py:340} INFO - ::group::Post task execution logs
[2024-09-27T22:22:55.911+0000] {taskinstance.py:352} INFO - Marking task as SUCCESS. dag_id=scrape_and_save_share_prices_with_company_data, task_id=create_company_table, run_id=scheduled__2024-01-09T00:00:00+00:00, execution_date=20240109T000000, start_date=20240927T222254, end_date=20240927T222255
[2024-09-27T22:22:55.941+0000] {logging_mixin.py:190} INFO - Task instance in success state
[2024-09-27T22:22:55.943+0000] {logging_mixin.py:190} INFO -  Previous state of the Task instance: running
[2024-09-27T22:22:55.945+0000] {logging_mixin.py:190} INFO - Dag name:scrape_and_save_share_prices_with_company_data queued_at:2024-09-27 22:22:45.115160+00:00
[2024-09-27T22:22:55.946+0000] {logging_mixin.py:190} INFO - Task hostname:fd62fe12432d operator:PythonOperator
[2024-09-27T22:22:56.023+0000] {local_task_job_runner.py:266} INFO - Task exited with return code 0
[2024-09-27T22:22:56.381+0000] {taskinstance.py:3900} INFO - 1 downstream tasks scheduled from follow-on schedule check
[2024-09-27T22:22:56.416+0000] {local_task_job_runner.py:245} INFO - ::endgroup::
[2024-09-27T22:58:39.454+0000] {local_task_job_runner.py:123} INFO - ::group::Pre task execution logs
[2024-09-27T22:58:39.504+0000] {taskinstance.py:2612} INFO - Dependencies all met for dep_context=non-requeueable deps ti=<TaskInstance: scrape_and_save_share_prices_with_company_data.create_company_table scheduled__2024-01-09T00:00:00+00:00 [queued]>
[2024-09-27T22:58:39.527+0000] {taskinstance.py:2612} INFO - Dependencies all met for dep_context=requeueable deps ti=<TaskInstance: scrape_and_save_share_prices_with_company_data.create_company_table scheduled__2024-01-09T00:00:00+00:00 [queued]>
[2024-09-27T22:58:39.528+0000] {taskinstance.py:2865} INFO - Starting attempt 1 of 2
[2024-09-27T22:58:39.566+0000] {taskinstance.py:2888} INFO - Executing <Task(PythonOperator): create_company_table> on 2024-01-09 00:00:00+00:00
[2024-09-27T22:58:39.587+0000] {warnings.py:112} WARNING - /home/***/.local/lib/python3.12/site-packages/***/task/task_runner/standard_task_runner.py:70: DeprecationWarning: This process (pid=2091) is multi-threaded, use of fork() may lead to deadlocks in the child.
  pid = os.fork()

[2024-09-27T22:58:39.593+0000] {standard_task_runner.py:72} INFO - Started process 2111 to run task
[2024-09-27T22:58:39.597+0000] {standard_task_runner.py:104} INFO - Running: ['***', 'tasks', 'run', 'scrape_and_save_share_prices_with_company_data', 'create_company_table', 'scheduled__2024-01-09T00:00:00+00:00', '--job-id', '3021', '--raw', '--subdir', 'DAGS_FOLDER/dag.py', '--cfg-path', '/tmp/tmph3kzdmeo']
[2024-09-27T22:58:39.599+0000] {standard_task_runner.py:105} INFO - Job 3021: Subtask create_company_table
[2024-09-27T22:58:39.744+0000] {task_command.py:467} INFO - Running <TaskInstance: scrape_and_save_share_prices_with_company_data.create_company_table scheduled__2024-01-09T00:00:00+00:00 [running]> on host 7746de5121f6
[2024-09-27T22:58:40.100+0000] {taskinstance.py:3131} INFO - Exporting env vars: AIRFLOW_CTX_DAG_OWNER='***' AIRFLOW_CTX_DAG_ID='scrape_and_save_share_prices_with_company_data' AIRFLOW_CTX_TASK_ID='create_company_table' AIRFLOW_CTX_EXECUTION_DATE='2024-01-09T00:00:00+00:00' AIRFLOW_CTX_TRY_NUMBER='1' AIRFLOW_CTX_DAG_RUN_ID='scheduled__2024-01-09T00:00:00+00:00'
[2024-09-27T22:58:40.108+0000] {logging_mixin.py:190} INFO - Task instance is in running state
[2024-09-27T22:58:40.109+0000] {logging_mixin.py:190} INFO -  Previous state of the Task instance: queued
[2024-09-27T22:58:40.110+0000] {logging_mixin.py:190} INFO - Current task name:create_company_table state:running start_date:2024-09-27 22:58:39.505260+00:00
[2024-09-27T22:58:40.111+0000] {logging_mixin.py:190} INFO - Dag name:scrape_and_save_share_prices_with_company_data and current dag run status:running
[2024-09-27T22:58:40.112+0000] {taskinstance.py:731} INFO - ::endgroup::
[2024-09-27T22:58:40.156+0000] {base.py:84} INFO - Retrieving connection 'dse_connection'
[2024-09-27T22:58:40.184+0000] {sql.py:509} INFO - Running statement: 
        CREATE TABLE IF NOT EXISTS company_list (
            company_id SERIAL PRIMARY KEY,
            company_trade_name VARCHAR(255) NOT NULL,
            company_url VARCHAR(255) NOT NULL,
            UNIQUE(company_trade_name)
        );
    , parameters: None
[2024-09-27T22:58:40.188+0000] {python.py:240} INFO - Done. Returned value was: None
[2024-09-27T22:58:40.234+0000] {taskinstance.py:340} INFO - ::group::Post task execution logs
[2024-09-27T22:58:40.239+0000] {taskinstance.py:352} INFO - Marking task as SUCCESS. dag_id=scrape_and_save_share_prices_with_company_data, task_id=create_company_table, run_id=scheduled__2024-01-09T00:00:00+00:00, execution_date=20240109T000000, start_date=20240927T225839, end_date=20240927T225840
[2024-09-27T22:58:40.276+0000] {logging_mixin.py:190} INFO - Task instance in success state
[2024-09-27T22:58:40.282+0000] {logging_mixin.py:190} INFO -  Previous state of the Task instance: running
[2024-09-27T22:58:40.283+0000] {logging_mixin.py:190} INFO - Dag name:scrape_and_save_share_prices_with_company_data queued_at:2024-09-27 22:58:29.555020+00:00
[2024-09-27T22:58:40.285+0000] {logging_mixin.py:190} INFO - Task hostname:7746de5121f6 operator:PythonOperator
[2024-09-27T22:58:40.352+0000] {local_task_job_runner.py:266} INFO - Task exited with return code 0
[2024-09-27T22:58:40.431+0000] {taskinstance.py:3900} INFO - 1 downstream tasks scheduled from follow-on schedule check
[2024-09-27T22:58:40.435+0000] {local_task_job_runner.py:245} INFO - ::endgroup::
