[2024-09-27T19:00:15.431+0000] {local_task_job_runner.py:123} INFO - ::group::Pre task execution logs
[2024-09-27T19:00:15.489+0000] {taskinstance.py:2612} INFO - Dependencies all met for dep_context=non-requeueable deps ti=<TaskInstance: scrape_and_save_share_prices_with_company_data.create_company_table scheduled__2024-03-14T00:00:00+00:00 [queued]>
[2024-09-27T19:00:15.506+0000] {taskinstance.py:2612} INFO - Dependencies all met for dep_context=requeueable deps ti=<TaskInstance: scrape_and_save_share_prices_with_company_data.create_company_table scheduled__2024-03-14T00:00:00+00:00 [queued]>
[2024-09-27T19:00:15.512+0000] {taskinstance.py:2865} INFO - Starting attempt 1 of 2
[2024-09-27T19:00:15.549+0000] {taskinstance.py:2888} INFO - Executing <Task(PythonOperator): create_company_table> on 2024-03-14 00:00:00+00:00
[2024-09-27T19:00:15.567+0000] {warnings.py:112} WARNING - /home/***/.local/lib/python3.12/site-packages/***/task/task_runner/standard_task_runner.py:70: DeprecationWarning: This process (pid=15382) is multi-threaded, use of fork() may lead to deadlocks in the child.
  pid = os.fork()

[2024-09-27T19:00:15.572+0000] {standard_task_runner.py:104} INFO - Running: ['***', 'tasks', 'run', 'scrape_and_save_share_prices_with_company_data', 'create_company_table', 'scheduled__2024-03-14T00:00:00+00:00', '--job-id', '1867', '--raw', '--subdir', 'DAGS_FOLDER/dag.py', '--cfg-path', '/tmp/tmpy1xzxuik']
[2024-09-27T19:00:15.582+0000] {standard_task_runner.py:72} INFO - Started process 15398 to run task
[2024-09-27T19:00:15.582+0000] {standard_task_runner.py:105} INFO - Job 1867: Subtask create_company_table
[2024-09-27T19:00:15.765+0000] {task_command.py:467} INFO - Running <TaskInstance: scrape_and_save_share_prices_with_company_data.create_company_table scheduled__2024-03-14T00:00:00+00:00 [running]> on host 13b5797a93ab
[2024-09-27T19:00:15.957+0000] {taskinstance.py:3131} INFO - Exporting env vars: AIRFLOW_CTX_DAG_OWNER='***' AIRFLOW_CTX_DAG_ID='scrape_and_save_share_prices_with_company_data' AIRFLOW_CTX_TASK_ID='create_company_table' AIRFLOW_CTX_EXECUTION_DATE='2024-03-14T00:00:00+00:00' AIRFLOW_CTX_TRY_NUMBER='1' AIRFLOW_CTX_DAG_RUN_ID='scheduled__2024-03-14T00:00:00+00:00'
[2024-09-27T19:00:15.960+0000] {logging_mixin.py:190} INFO - Task instance is in running state
[2024-09-27T19:00:15.964+0000] {logging_mixin.py:190} INFO -  Previous state of the Task instance: queued
[2024-09-27T19:00:15.965+0000] {logging_mixin.py:190} INFO - Current task name:create_company_table state:running start_date:2024-09-27 19:00:15.490855+00:00
[2024-09-27T19:00:15.965+0000] {logging_mixin.py:190} INFO - Dag name:scrape_and_save_share_prices_with_company_data and current dag run status:running
[2024-09-27T19:00:15.966+0000] {taskinstance.py:731} INFO - ::endgroup::
[2024-09-27T19:00:15.987+0000] {base.py:84} INFO - Retrieving connection 'dse_connection'
[2024-09-27T19:00:15.996+0000] {sql.py:509} INFO - Running statement: 
        CREATE TABLE IF NOT EXISTS company_list (
            company_id SERIAL PRIMARY KEY,
            company_trade_name VARCHAR(255) NOT NULL,
            company_url VARCHAR(255) NOT NULL,
            UNIQUE(company_trade_name)
        );
    , parameters: None
[2024-09-27T19:00:15.998+0000] {python.py:240} INFO - Done. Returned value was: None
[2024-09-27T19:00:16.020+0000] {taskinstance.py:340} INFO - ::group::Post task execution logs
[2024-09-27T19:00:16.021+0000] {taskinstance.py:352} INFO - Marking task as SUCCESS. dag_id=scrape_and_save_share_prices_with_company_data, task_id=create_company_table, run_id=scheduled__2024-03-14T00:00:00+00:00, execution_date=20240314T000000, start_date=20240927T190015, end_date=20240927T190016
[2024-09-27T19:00:16.042+0000] {logging_mixin.py:190} INFO - Task instance in success state
[2024-09-27T19:00:16.043+0000] {logging_mixin.py:190} INFO -  Previous state of the Task instance: running
[2024-09-27T19:00:16.044+0000] {logging_mixin.py:190} INFO - Dag name:scrape_and_save_share_prices_with_company_data queued_at:2024-09-27 19:00:11.899369+00:00
[2024-09-27T19:00:16.046+0000] {logging_mixin.py:190} INFO - Task hostname:13b5797a93ab operator:PythonOperator
[2024-09-27T19:00:16.093+0000] {local_task_job_runner.py:266} INFO - Task exited with return code 0
[2024-09-27T19:00:16.169+0000] {taskinstance.py:3900} INFO - 1 downstream tasks scheduled from follow-on schedule check
[2024-09-27T19:00:16.173+0000] {local_task_job_runner.py:245} INFO - ::endgroup::
[2024-09-27T23:09:33.082+0000] {local_task_job_runner.py:123} INFO - ::group::Pre task execution logs
[2024-09-27T23:09:33.145+0000] {taskinstance.py:2612} INFO - Dependencies all met for dep_context=non-requeueable deps ti=<TaskInstance: scrape_and_save_share_prices_with_company_data.create_company_table scheduled__2024-03-14T00:00:00+00:00 [queued]>
[2024-09-27T23:09:33.174+0000] {taskinstance.py:2612} INFO - Dependencies all met for dep_context=requeueable deps ti=<TaskInstance: scrape_and_save_share_prices_with_company_data.create_company_table scheduled__2024-03-14T00:00:00+00:00 [queued]>
[2024-09-27T23:09:33.175+0000] {taskinstance.py:2865} INFO - Starting attempt 1 of 2
[2024-09-27T23:09:33.265+0000] {taskinstance.py:2888} INFO - Executing <Task(PythonOperator): create_company_table> on 2024-03-14 00:00:00+00:00
[2024-09-27T23:09:33.280+0000] {warnings.py:112} WARNING - /home/***/.local/lib/python3.12/site-packages/***/task/task_runner/standard_task_runner.py:70: DeprecationWarning: This process (pid=3162) is multi-threaded, use of fork() may lead to deadlocks in the child.
  pid = os.fork()

[2024-09-27T23:09:33.304+0000] {standard_task_runner.py:72} INFO - Started process 3199 to run task
[2024-09-27T23:09:33.299+0000] {standard_task_runner.py:104} INFO - Running: ['***', 'tasks', 'run', 'scrape_and_save_share_prices_with_company_data', 'create_company_table', 'scheduled__2024-03-14T00:00:00+00:00', '--job-id', '3262', '--raw', '--subdir', 'DAGS_FOLDER/dag.py', '--cfg-path', '/tmp/tmpp2fjqen4']
[2024-09-27T23:09:33.306+0000] {standard_task_runner.py:105} INFO - Job 3262: Subtask create_company_table
[2024-09-27T23:09:33.440+0000] {task_command.py:467} INFO - Running <TaskInstance: scrape_and_save_share_prices_with_company_data.create_company_table scheduled__2024-03-14T00:00:00+00:00 [running]> on host 7746de5121f6
[2024-09-27T23:09:33.851+0000] {taskinstance.py:3131} INFO - Exporting env vars: AIRFLOW_CTX_DAG_OWNER='***' AIRFLOW_CTX_DAG_ID='scrape_and_save_share_prices_with_company_data' AIRFLOW_CTX_TASK_ID='create_company_table' AIRFLOW_CTX_EXECUTION_DATE='2024-03-14T00:00:00+00:00' AIRFLOW_CTX_TRY_NUMBER='1' AIRFLOW_CTX_DAG_RUN_ID='scheduled__2024-03-14T00:00:00+00:00'
[2024-09-27T23:09:33.854+0000] {logging_mixin.py:190} INFO - Task instance is in running state
[2024-09-27T23:09:33.855+0000] {logging_mixin.py:190} INFO -  Previous state of the Task instance: queued
[2024-09-27T23:09:33.858+0000] {logging_mixin.py:190} INFO - Current task name:create_company_table state:running start_date:2024-09-27 23:09:33.149611+00:00
[2024-09-27T23:09:33.861+0000] {logging_mixin.py:190} INFO - Dag name:scrape_and_save_share_prices_with_company_data and current dag run status:running
[2024-09-27T23:09:33.867+0000] {taskinstance.py:731} INFO - ::endgroup::
[2024-09-27T23:09:33.907+0000] {base.py:84} INFO - Retrieving connection 'dse_connection'
[2024-09-27T23:09:33.934+0000] {sql.py:509} INFO - Running statement: 
        CREATE TABLE IF NOT EXISTS company_list (
            company_id SERIAL PRIMARY KEY,
            company_trade_name VARCHAR(255) NOT NULL,
            company_url VARCHAR(255) NOT NULL,
            UNIQUE(company_trade_name)
        );
    , parameters: None
[2024-09-27T23:09:33.970+0000] {python.py:240} INFO - Done. Returned value was: None
[2024-09-27T23:09:34.108+0000] {taskinstance.py:340} INFO - ::group::Post task execution logs
[2024-09-27T23:09:34.116+0000] {taskinstance.py:352} INFO - Marking task as SUCCESS. dag_id=scrape_and_save_share_prices_with_company_data, task_id=create_company_table, run_id=scheduled__2024-03-14T00:00:00+00:00, execution_date=20240314T000000, start_date=20240927T230933, end_date=20240927T230934
[2024-09-27T23:09:34.191+0000] {logging_mixin.py:190} INFO - Task instance in success state
[2024-09-27T23:09:34.193+0000] {logging_mixin.py:190} INFO -  Previous state of the Task instance: running
[2024-09-27T23:09:34.194+0000] {logging_mixin.py:190} INFO - Dag name:scrape_and_save_share_prices_with_company_data queued_at:2024-09-27 23:09:22.684515+00:00
[2024-09-27T23:09:34.195+0000] {logging_mixin.py:190} INFO - Task hostname:7746de5121f6 operator:PythonOperator
[2024-09-27T23:09:34.247+0000] {local_task_job_runner.py:266} INFO - Task exited with return code 0
[2024-09-27T23:09:34.413+0000] {taskinstance.py:3900} INFO - 1 downstream tasks scheduled from follow-on schedule check
[2024-09-27T23:09:34.428+0000] {local_task_job_runner.py:245} INFO - ::endgroup::
