[2024-09-27T18:22:17.657+0000] {local_task_job_runner.py:123} INFO - ::group::Pre task execution logs
[2024-09-27T18:22:17.787+0000] {taskinstance.py:2612} INFO - Dependencies all met for dep_context=non-requeueable deps ti=<TaskInstance: scrape_and_save_share_prices_with_company_data.create_share_prices_table scheduled__2023-11-28T00:00:00+00:00 [queued]>
[2024-09-27T18:22:17.815+0000] {taskinstance.py:2612} INFO - Dependencies all met for dep_context=requeueable deps ti=<TaskInstance: scrape_and_save_share_prices_with_company_data.create_share_prices_table scheduled__2023-11-28T00:00:00+00:00 [queued]>
[2024-09-27T18:22:17.820+0000] {taskinstance.py:2865} INFO - Starting attempt 1 of 2
[2024-09-27T18:22:17.941+0000] {taskinstance.py:2888} INFO - Executing <Task(PythonOperator): create_share_prices_table> on 2023-11-28 00:00:00+00:00
[2024-09-27T18:22:18.010+0000] {warnings.py:112} WARNING - /home/***/.local/lib/python3.12/site-packages/***/task/task_runner/standard_task_runner.py:70: DeprecationWarning: This process (pid=12836) is multi-threaded, use of fork() may lead to deadlocks in the child.
  pid = os.fork()

[2024-09-27T18:22:18.015+0000] {standard_task_runner.py:72} INFO - Started process 12861 to run task
[2024-09-27T18:22:18.015+0000] {standard_task_runner.py:104} INFO - Running: ['***', 'tasks', 'run', 'scrape_and_save_share_prices_with_company_data', 'create_share_prices_table', 'scheduled__2023-11-28T00:00:00+00:00', '--job-id', '1335', '--raw', '--subdir', 'DAGS_FOLDER/dag.py', '--cfg-path', '/tmp/tmp5z1pznla']
[2024-09-27T18:22:18.028+0000] {standard_task_runner.py:105} INFO - Job 1335: Subtask create_share_prices_table
[2024-09-27T18:22:18.425+0000] {task_command.py:467} INFO - Running <TaskInstance: scrape_and_save_share_prices_with_company_data.create_share_prices_table scheduled__2023-11-28T00:00:00+00:00 [running]> on host 13b5797a93ab
[2024-09-27T18:22:18.951+0000] {taskinstance.py:3131} INFO - Exporting env vars: AIRFLOW_CTX_DAG_OWNER='***' AIRFLOW_CTX_DAG_ID='scrape_and_save_share_prices_with_company_data' AIRFLOW_CTX_TASK_ID='create_share_prices_table' AIRFLOW_CTX_EXECUTION_DATE='2023-11-28T00:00:00+00:00' AIRFLOW_CTX_TRY_NUMBER='1' AIRFLOW_CTX_DAG_RUN_ID='scheduled__2023-11-28T00:00:00+00:00'
[2024-09-27T18:22:18.969+0000] {logging_mixin.py:190} INFO - Task instance is in running state
[2024-09-27T18:22:18.989+0000] {logging_mixin.py:190} INFO -  Previous state of the Task instance: queued
[2024-09-27T18:22:19.003+0000] {logging_mixin.py:190} INFO - Current task name:create_share_prices_table state:running start_date:2024-09-27 18:22:17.790292+00:00
[2024-09-27T18:22:19.004+0000] {logging_mixin.py:190} INFO - Dag name:scrape_and_save_share_prices_with_company_data and current dag run status:running
[2024-09-27T18:22:19.008+0000] {taskinstance.py:731} INFO - ::endgroup::
[2024-09-27T18:22:19.043+0000] {base.py:84} INFO - Retrieving connection 'dse_connection'
[2024-09-27T18:22:19.065+0000] {sql.py:509} INFO - Running statement: 
        CREATE TABLE IF NOT EXISTS company_share_prices (
            id SERIAL,
            company_id INTEGER NOT NULL,
            date DATE,
            latest_trading_price VARCHAR(50),
            low_price VARCHAR(50),
            high_price VARCHAR(50),
            closing_price VARCHAR(50),
            ycp VARCHAR(50),
            change VARCHAR(10),
            trade VARCHAR(50),
            value VARCHAR(50),
            volume VARCHAR(50),
            PRIMARY KEY(company_id, id),
            FOREIGN KEY(company_id)
                REFERENCES company_list(company_id)
                ON UPDATE CASCADE ON DELETE CASCADE
        );
    , parameters: None
[2024-09-27T18:22:19.085+0000] {python.py:240} INFO - Done. Returned value was: None
[2024-09-27T18:22:19.123+0000] {taskinstance.py:340} INFO - ::group::Post task execution logs
[2024-09-27T18:22:19.125+0000] {taskinstance.py:352} INFO - Marking task as SUCCESS. dag_id=scrape_and_save_share_prices_with_company_data, task_id=create_share_prices_table, run_id=scheduled__2023-11-28T00:00:00+00:00, execution_date=20231128T000000, start_date=20240927T182217, end_date=20240927T182219
[2024-09-27T18:22:19.212+0000] {logging_mixin.py:190} INFO - Task instance in success state
[2024-09-27T18:22:19.263+0000] {logging_mixin.py:190} INFO -  Previous state of the Task instance: running
[2024-09-27T18:22:19.274+0000] {logging_mixin.py:190} INFO - Dag name:scrape_and_save_share_prices_with_company_data queued_at:2024-09-27 18:20:37.707980+00:00
[2024-09-27T18:22:19.281+0000] {logging_mixin.py:190} INFO - Task hostname:13b5797a93ab operator:PythonOperator
[2024-09-27T18:22:19.348+0000] {local_task_job_runner.py:266} INFO - Task exited with return code 0
[2024-09-27T18:22:19.480+0000] {local_task_job_runner.py:245} INFO - ::endgroup::
[2024-09-27T22:11:35.758+0000] {local_task_job_runner.py:123} INFO - ::group::Pre task execution logs
[2024-09-27T22:11:35.863+0000] {taskinstance.py:2612} INFO - Dependencies all met for dep_context=non-requeueable deps ti=<TaskInstance: scrape_and_save_share_prices_with_company_data.create_share_prices_table scheduled__2023-11-28T00:00:00+00:00 [queued]>
[2024-09-27T22:11:35.925+0000] {taskinstance.py:2612} INFO - Dependencies all met for dep_context=requeueable deps ti=<TaskInstance: scrape_and_save_share_prices_with_company_data.create_share_prices_table scheduled__2023-11-28T00:00:00+00:00 [queued]>
[2024-09-27T22:11:35.941+0000] {taskinstance.py:2865} INFO - Starting attempt 1 of 2
[2024-09-27T22:11:36.109+0000] {taskinstance.py:2888} INFO - Executing <Task(PythonOperator): create_share_prices_table> on 2023-11-28 00:00:00+00:00
[2024-09-27T22:11:36.134+0000] {warnings.py:112} WARNING - /home/***/.local/lib/python3.12/site-packages/***/task/task_runner/standard_task_runner.py:70: DeprecationWarning: This process (pid=1662) is multi-threaded, use of fork() may lead to deadlocks in the child.
  pid = os.fork()

[2024-09-27T22:11:36.142+0000] {standard_task_runner.py:72} INFO - Started process 1682 to run task
[2024-09-27T22:11:36.184+0000] {standard_task_runner.py:104} INFO - Running: ['***', 'tasks', 'run', 'scrape_and_save_share_prices_with_company_data', 'create_share_prices_table', 'scheduled__2023-11-28T00:00:00+00:00', '--job-id', '2399', '--raw', '--subdir', 'DAGS_FOLDER/dag.py', '--cfg-path', '/tmp/tmp7wz8wa9b']
[2024-09-27T22:11:36.186+0000] {standard_task_runner.py:105} INFO - Job 2399: Subtask create_share_prices_table
[2024-09-27T22:11:36.616+0000] {task_command.py:467} INFO - Running <TaskInstance: scrape_and_save_share_prices_with_company_data.create_share_prices_table scheduled__2023-11-28T00:00:00+00:00 [running]> on host fd62fe12432d
[2024-09-27T22:11:37.314+0000] {taskinstance.py:3131} INFO - Exporting env vars: AIRFLOW_CTX_DAG_OWNER='***' AIRFLOW_CTX_DAG_ID='scrape_and_save_share_prices_with_company_data' AIRFLOW_CTX_TASK_ID='create_share_prices_table' AIRFLOW_CTX_EXECUTION_DATE='2023-11-28T00:00:00+00:00' AIRFLOW_CTX_TRY_NUMBER='1' AIRFLOW_CTX_DAG_RUN_ID='scheduled__2023-11-28T00:00:00+00:00'
[2024-09-27T22:11:37.322+0000] {logging_mixin.py:190} INFO - Task instance is in running state
[2024-09-27T22:11:37.328+0000] {logging_mixin.py:190} INFO -  Previous state of the Task instance: queued
[2024-09-27T22:11:37.334+0000] {logging_mixin.py:190} INFO - Current task name:create_share_prices_table state:running start_date:2024-09-27 22:11:35.880752+00:00
[2024-09-27T22:11:37.348+0000] {logging_mixin.py:190} INFO - Dag name:scrape_and_save_share_prices_with_company_data and current dag run status:running
[2024-09-27T22:11:37.358+0000] {taskinstance.py:731} INFO - ::endgroup::
[2024-09-27T22:11:37.417+0000] {base.py:84} INFO - Retrieving connection 'dse_connection'
[2024-09-27T22:11:37.453+0000] {sql.py:509} INFO - Running statement: 
        CREATE TABLE IF NOT EXISTS company_share_prices (
            id SERIAL,
            company_id INTEGER NOT NULL,
            date DATE,
            latest_trading_price VARCHAR(50),
            low_price VARCHAR(50),
            high_price VARCHAR(50),
            closing_price VARCHAR(50),
            ycp VARCHAR(50),
            change VARCHAR(10),
            trade VARCHAR(50),
            value VARCHAR(50),
            volume VARCHAR(50),
            PRIMARY KEY(company_id, id),
            FOREIGN KEY(company_id)
                REFERENCES company_list(company_id)
                ON UPDATE CASCADE ON DELETE CASCADE
        );
    , parameters: None
[2024-09-27T22:11:37.480+0000] {python.py:240} INFO - Done. Returned value was: None
[2024-09-27T22:11:37.553+0000] {taskinstance.py:340} INFO - ::group::Post task execution logs
[2024-09-27T22:11:37.558+0000] {taskinstance.py:352} INFO - Marking task as SUCCESS. dag_id=scrape_and_save_share_prices_with_company_data, task_id=create_share_prices_table, run_id=scheduled__2023-11-28T00:00:00+00:00, execution_date=20231128T000000, start_date=20240927T221135, end_date=20240927T221137
[2024-09-27T22:11:37.677+0000] {logging_mixin.py:190} INFO - Task instance in success state
[2024-09-27T22:11:37.680+0000] {logging_mixin.py:190} INFO -  Previous state of the Task instance: running
[2024-09-27T22:11:37.691+0000] {logging_mixin.py:190} INFO - Dag name:scrape_and_save_share_prices_with_company_data queued_at:2024-09-27 22:10:19.558560+00:00
[2024-09-27T22:11:37.700+0000] {logging_mixin.py:190} INFO - Task hostname:fd62fe12432d operator:PythonOperator
[2024-09-27T22:11:37.838+0000] {local_task_job_runner.py:266} INFO - Task exited with return code 0
[2024-09-27T22:11:37.884+0000] {local_task_job_runner.py:245} INFO - ::endgroup::
[2024-09-27T22:51:34.048+0000] {local_task_job_runner.py:123} INFO - ::group::Pre task execution logs
[2024-09-27T22:51:34.316+0000] {taskinstance.py:2612} INFO - Dependencies all met for dep_context=non-requeueable deps ti=<TaskInstance: scrape_and_save_share_prices_with_company_data.create_share_prices_table scheduled__2023-11-28T00:00:00+00:00 [queued]>
[2024-09-27T22:51:34.452+0000] {taskinstance.py:2612} INFO - Dependencies all met for dep_context=requeueable deps ti=<TaskInstance: scrape_and_save_share_prices_with_company_data.create_share_prices_table scheduled__2023-11-28T00:00:00+00:00 [queued]>
[2024-09-27T22:51:34.468+0000] {taskinstance.py:2865} INFO - Starting attempt 1 of 2
[2024-09-27T22:51:34.712+0000] {taskinstance.py:2888} INFO - Executing <Task(PythonOperator): create_share_prices_table> on 2023-11-28 00:00:00+00:00
[2024-09-27T22:51:34.734+0000] {warnings.py:112} WARNING - /home/***/.local/lib/python3.12/site-packages/***/task/task_runner/standard_task_runner.py:70: DeprecationWarning: This process (pid=1366) is multi-threaded, use of fork() may lead to deadlocks in the child.
  pid = os.fork()

[2024-09-27T22:51:34.745+0000] {standard_task_runner.py:72} INFO - Started process 1414 to run task
[2024-09-27T22:51:34.767+0000] {standard_task_runner.py:104} INFO - Running: ['***', 'tasks', 'run', 'scrape_and_save_share_prices_with_company_data', 'create_share_prices_table', 'scheduled__2023-11-28T00:00:00+00:00', '--job-id', '2861', '--raw', '--subdir', 'DAGS_FOLDER/dag.py', '--cfg-path', '/tmp/tmpczsu_7bw']
[2024-09-27T22:51:34.798+0000] {standard_task_runner.py:105} INFO - Job 2861: Subtask create_share_prices_table
[2024-09-27T22:51:35.271+0000] {task_command.py:467} INFO - Running <TaskInstance: scrape_and_save_share_prices_with_company_data.create_share_prices_table scheduled__2023-11-28T00:00:00+00:00 [running]> on host 7746de5121f6
[2024-09-27T22:51:36.401+0000] {taskinstance.py:3131} INFO - Exporting env vars: AIRFLOW_CTX_DAG_OWNER='***' AIRFLOW_CTX_DAG_ID='scrape_and_save_share_prices_with_company_data' AIRFLOW_CTX_TASK_ID='create_share_prices_table' AIRFLOW_CTX_EXECUTION_DATE='2023-11-28T00:00:00+00:00' AIRFLOW_CTX_TRY_NUMBER='1' AIRFLOW_CTX_DAG_RUN_ID='scheduled__2023-11-28T00:00:00+00:00'
[2024-09-27T22:51:36.406+0000] {logging_mixin.py:190} INFO - Task instance is in running state
[2024-09-27T22:51:36.407+0000] {logging_mixin.py:190} INFO -  Previous state of the Task instance: queued
[2024-09-27T22:51:36.411+0000] {logging_mixin.py:190} INFO - Current task name:create_share_prices_table state:running start_date:2024-09-27 22:51:34.342043+00:00
[2024-09-27T22:51:36.414+0000] {logging_mixin.py:190} INFO - Dag name:scrape_and_save_share_prices_with_company_data and current dag run status:running
[2024-09-27T22:51:36.416+0000] {taskinstance.py:731} INFO - ::endgroup::
[2024-09-27T22:51:36.570+0000] {base.py:84} INFO - Retrieving connection 'dse_connection'
[2024-09-27T22:51:36.623+0000] {sql.py:509} INFO - Running statement: 
        CREATE TABLE IF NOT EXISTS company_share_prices (
            id SERIAL,
            company_id INTEGER NOT NULL,
            date DATE,
            latest_trading_price VARCHAR(50),
            low_price VARCHAR(50),
            high_price VARCHAR(50),
            closing_price VARCHAR(50),
            ycp VARCHAR(50),
            change VARCHAR(10),
            trade VARCHAR(50),
            value VARCHAR(50),
            volume VARCHAR(50),
            PRIMARY KEY(company_id, id),
            FOREIGN KEY(company_id)
                REFERENCES company_list(company_id)
                ON UPDATE CASCADE ON DELETE CASCADE
        );
    , parameters: None
[2024-09-27T22:51:36.639+0000] {python.py:240} INFO - Done. Returned value was: None
[2024-09-27T22:51:36.743+0000] {taskinstance.py:340} INFO - ::group::Post task execution logs
[2024-09-27T22:51:36.756+0000] {taskinstance.py:352} INFO - Marking task as SUCCESS. dag_id=scrape_and_save_share_prices_with_company_data, task_id=create_share_prices_table, run_id=scheduled__2023-11-28T00:00:00+00:00, execution_date=20231128T000000, start_date=20240927T225134, end_date=20240927T225136
[2024-09-27T22:51:37.515+0000] {logging_mixin.py:190} INFO - Task instance in success state
[2024-09-27T22:51:37.521+0000] {logging_mixin.py:190} INFO -  Previous state of the Task instance: running
[2024-09-27T22:51:37.535+0000] {logging_mixin.py:190} INFO - Dag name:scrape_and_save_share_prices_with_company_data queued_at:2024-09-27 22:50:11.674349+00:00
[2024-09-27T22:51:37.537+0000] {logging_mixin.py:190} INFO - Task hostname:7746de5121f6 operator:PythonOperator
[2024-09-27T22:51:37.651+0000] {local_task_job_runner.py:266} INFO - Task exited with return code 0
[2024-09-27T22:51:38.021+0000] {taskinstance.py:3900} INFO - 1 downstream tasks scheduled from follow-on schedule check
[2024-09-27T22:51:38.041+0000] {local_task_job_runner.py:245} INFO - ::endgroup::
