[2024-09-27T18:30:51.607+0000] {local_task_job_runner.py:123} INFO - ::group::Pre task execution logs
[2024-09-27T18:30:51.724+0000] {taskinstance.py:2612} INFO - Dependencies all met for dep_context=non-requeueable deps ti=<TaskInstance: scrape_and_save_share_prices_with_company_data.create_company_table scheduled__2024-01-05T00:00:00+00:00 [queued]>
[2024-09-27T18:30:51.775+0000] {taskinstance.py:2612} INFO - Dependencies all met for dep_context=requeueable deps ti=<TaskInstance: scrape_and_save_share_prices_with_company_data.create_company_table scheduled__2024-01-05T00:00:00+00:00 [queued]>
[2024-09-27T18:30:51.782+0000] {taskinstance.py:2865} INFO - Starting attempt 1 of 2
[2024-09-27T18:30:51.894+0000] {taskinstance.py:2888} INFO - Executing <Task(PythonOperator): create_company_table> on 2024-01-05 00:00:00+00:00
[2024-09-27T18:30:51.942+0000] {warnings.py:112} WARNING - /home/***/.local/lib/python3.12/site-packages/***/task/task_runner/standard_task_runner.py:70: DeprecationWarning: This process (pid=13508) is multi-threaded, use of fork() may lead to deadlocks in the child.
  pid = os.fork()

[2024-09-27T18:30:51.960+0000] {standard_task_runner.py:72} INFO - Started process 13540 to run task
[2024-09-27T18:30:51.974+0000] {standard_task_runner.py:104} INFO - Running: ['***', 'tasks', 'run', 'scrape_and_save_share_prices_with_company_data', 'create_company_table', 'scheduled__2024-01-05T00:00:00+00:00', '--job-id', '1486', '--raw', '--subdir', 'DAGS_FOLDER/dag.py', '--cfg-path', '/tmp/tmptpbgb482']
[2024-09-27T18:30:51.981+0000] {standard_task_runner.py:105} INFO - Job 1486: Subtask create_company_table
[2024-09-27T18:30:52.247+0000] {task_command.py:467} INFO - Running <TaskInstance: scrape_and_save_share_prices_with_company_data.create_company_table scheduled__2024-01-05T00:00:00+00:00 [running]> on host 13b5797a93ab
[2024-09-27T18:30:52.597+0000] {taskinstance.py:3131} INFO - Exporting env vars: AIRFLOW_CTX_DAG_OWNER='***' AIRFLOW_CTX_DAG_ID='scrape_and_save_share_prices_with_company_data' AIRFLOW_CTX_TASK_ID='create_company_table' AIRFLOW_CTX_EXECUTION_DATE='2024-01-05T00:00:00+00:00' AIRFLOW_CTX_TRY_NUMBER='1' AIRFLOW_CTX_DAG_RUN_ID='scheduled__2024-01-05T00:00:00+00:00'
[2024-09-27T18:30:52.605+0000] {logging_mixin.py:190} INFO - Task instance is in running state
[2024-09-27T18:30:52.610+0000] {logging_mixin.py:190} INFO -  Previous state of the Task instance: queued
[2024-09-27T18:30:52.615+0000] {logging_mixin.py:190} INFO - Current task name:create_company_table state:running start_date:2024-09-27 18:30:51.725564+00:00
[2024-09-27T18:30:52.616+0000] {logging_mixin.py:190} INFO - Dag name:scrape_and_save_share_prices_with_company_data and current dag run status:running
[2024-09-27T18:30:52.617+0000] {taskinstance.py:731} INFO - ::endgroup::
[2024-09-27T18:30:52.675+0000] {base.py:84} INFO - Retrieving connection 'dse_connection'
[2024-09-27T18:30:52.705+0000] {sql.py:509} INFO - Running statement: 
        CREATE TABLE IF NOT EXISTS company_list (
            company_id SERIAL PRIMARY KEY,
            company_trade_name VARCHAR(255) NOT NULL,
            company_url VARCHAR(255) NOT NULL,
            UNIQUE(company_trade_name)
        );
    , parameters: None
[2024-09-27T18:30:52.711+0000] {python.py:240} INFO - Done. Returned value was: None
[2024-09-27T18:30:52.820+0000] {taskinstance.py:340} INFO - ::group::Post task execution logs
[2024-09-27T18:30:52.833+0000] {taskinstance.py:352} INFO - Marking task as SUCCESS. dag_id=scrape_and_save_share_prices_with_company_data, task_id=create_company_table, run_id=scheduled__2024-01-05T00:00:00+00:00, execution_date=20240105T000000, start_date=20240927T183051, end_date=20240927T183052
[2024-09-27T18:30:52.924+0000] {logging_mixin.py:190} INFO - Task instance in success state
[2024-09-27T18:30:52.928+0000] {logging_mixin.py:190} INFO -  Previous state of the Task instance: running
[2024-09-27T18:30:52.943+0000] {logging_mixin.py:190} INFO - Dag name:scrape_and_save_share_prices_with_company_data queued_at:2024-09-27 18:30:39.003479+00:00
[2024-09-27T18:30:53.008+0000] {logging_mixin.py:190} INFO - Task hostname:13b5797a93ab operator:PythonOperator
[2024-09-27T18:30:53.147+0000] {local_task_job_runner.py:266} INFO - Task exited with return code 0
[2024-09-27T18:30:53.346+0000] {taskinstance.py:3900} INFO - 1 downstream tasks scheduled from follow-on schedule check
[2024-09-27T18:30:53.396+0000] {local_task_job_runner.py:245} INFO - ::endgroup::
[2024-09-27T22:21:23.870+0000] {local_task_job_runner.py:123} INFO - ::group::Pre task execution logs
[2024-09-27T22:21:23.991+0000] {taskinstance.py:2612} INFO - Dependencies all met for dep_context=non-requeueable deps ti=<TaskInstance: scrape_and_save_share_prices_with_company_data.create_company_table scheduled__2024-01-05T00:00:00+00:00 [queued]>
[2024-09-27T22:21:24.029+0000] {taskinstance.py:2612} INFO - Dependencies all met for dep_context=requeueable deps ti=<TaskInstance: scrape_and_save_share_prices_with_company_data.create_company_table scheduled__2024-01-05T00:00:00+00:00 [queued]>
[2024-09-27T22:21:24.038+0000] {taskinstance.py:2865} INFO - Starting attempt 1 of 2
[2024-09-27T22:21:24.132+0000] {taskinstance.py:2888} INFO - Executing <Task(PythonOperator): create_company_table> on 2024-01-05 00:00:00+00:00
[2024-09-27T22:21:24.166+0000] {warnings.py:112} WARNING - /home/***/.local/lib/python3.12/site-packages/***/task/task_runner/standard_task_runner.py:70: DeprecationWarning: This process (pid=2357) is multi-threaded, use of fork() may lead to deadlocks in the child.
  pid = os.fork()

[2024-09-27T22:21:24.192+0000] {standard_task_runner.py:72} INFO - Started process 2395 to run task
[2024-09-27T22:21:24.194+0000] {standard_task_runner.py:104} INFO - Running: ['***', 'tasks', 'run', 'scrape_and_save_share_prices_with_company_data', 'create_company_table', 'scheduled__2024-01-05T00:00:00+00:00', '--job-id', '2552', '--raw', '--subdir', 'DAGS_FOLDER/dag.py', '--cfg-path', '/tmp/tmp8a0q0d1s']
[2024-09-27T22:21:24.206+0000] {standard_task_runner.py:105} INFO - Job 2552: Subtask create_company_table
[2024-09-27T22:21:24.451+0000] {task_command.py:467} INFO - Running <TaskInstance: scrape_and_save_share_prices_with_company_data.create_company_table scheduled__2024-01-05T00:00:00+00:00 [running]> on host fd62fe12432d
[2024-09-27T22:21:24.739+0000] {taskinstance.py:3131} INFO - Exporting env vars: AIRFLOW_CTX_DAG_OWNER='***' AIRFLOW_CTX_DAG_ID='scrape_and_save_share_prices_with_company_data' AIRFLOW_CTX_TASK_ID='create_company_table' AIRFLOW_CTX_EXECUTION_DATE='2024-01-05T00:00:00+00:00' AIRFLOW_CTX_TRY_NUMBER='1' AIRFLOW_CTX_DAG_RUN_ID='scheduled__2024-01-05T00:00:00+00:00'
[2024-09-27T22:21:24.742+0000] {logging_mixin.py:190} INFO - Task instance is in running state
[2024-09-27T22:21:24.742+0000] {logging_mixin.py:190} INFO -  Previous state of the Task instance: queued
[2024-09-27T22:21:24.744+0000] {logging_mixin.py:190} INFO - Current task name:create_company_table state:running start_date:2024-09-27 22:21:23.995031+00:00
[2024-09-27T22:21:24.744+0000] {logging_mixin.py:190} INFO - Dag name:scrape_and_save_share_prices_with_company_data and current dag run status:running
[2024-09-27T22:21:24.745+0000] {taskinstance.py:731} INFO - ::endgroup::
[2024-09-27T22:21:24.766+0000] {base.py:84} INFO - Retrieving connection 'dse_connection'
[2024-09-27T22:21:24.777+0000] {sql.py:509} INFO - Running statement: 
        CREATE TABLE IF NOT EXISTS company_list (
            company_id SERIAL PRIMARY KEY,
            company_trade_name VARCHAR(255) NOT NULL,
            company_url VARCHAR(255) NOT NULL,
            UNIQUE(company_trade_name)
        );
    , parameters: None
[2024-09-27T22:21:24.789+0000] {python.py:240} INFO - Done. Returned value was: None
[2024-09-27T22:21:24.854+0000] {taskinstance.py:340} INFO - ::group::Post task execution logs
[2024-09-27T22:21:24.868+0000] {taskinstance.py:352} INFO - Marking task as SUCCESS. dag_id=scrape_and_save_share_prices_with_company_data, task_id=create_company_table, run_id=scheduled__2024-01-05T00:00:00+00:00, execution_date=20240105T000000, start_date=20240927T222123, end_date=20240927T222124
[2024-09-27T22:21:24.932+0000] {logging_mixin.py:190} INFO - Task instance in success state
[2024-09-27T22:21:24.934+0000] {logging_mixin.py:190} INFO -  Previous state of the Task instance: running
[2024-09-27T22:21:24.935+0000] {logging_mixin.py:190} INFO - Dag name:scrape_and_save_share_prices_with_company_data queued_at:2024-09-27 22:21:12.297733+00:00
[2024-09-27T22:21:24.936+0000] {logging_mixin.py:190} INFO - Task hostname:fd62fe12432d operator:PythonOperator
[2024-09-27T22:21:25.009+0000] {local_task_job_runner.py:266} INFO - Task exited with return code 0
[2024-09-27T22:21:25.161+0000] {taskinstance.py:3900} INFO - 1 downstream tasks scheduled from follow-on schedule check
[2024-09-27T22:21:25.185+0000] {local_task_job_runner.py:245} INFO - ::endgroup::
[2024-09-27T22:57:04.984+0000] {local_task_job_runner.py:123} INFO - ::group::Pre task execution logs
[2024-09-27T22:57:05.059+0000] {taskinstance.py:2612} INFO - Dependencies all met for dep_context=non-requeueable deps ti=<TaskInstance: scrape_and_save_share_prices_with_company_data.create_company_table scheduled__2024-01-05T00:00:00+00:00 [queued]>
[2024-09-27T22:57:05.091+0000] {taskinstance.py:2612} INFO - Dependencies all met for dep_context=requeueable deps ti=<TaskInstance: scrape_and_save_share_prices_with_company_data.create_company_table scheduled__2024-01-05T00:00:00+00:00 [queued]>
[2024-09-27T22:57:05.109+0000] {taskinstance.py:2865} INFO - Starting attempt 1 of 2
[2024-09-27T22:57:05.190+0000] {taskinstance.py:2888} INFO - Executing <Task(PythonOperator): create_company_table> on 2024-01-05 00:00:00+00:00
[2024-09-27T22:57:05.278+0000] {warnings.py:112} WARNING - /home/***/.local/lib/python3.12/site-packages/***/task/task_runner/standard_task_runner.py:70: DeprecationWarning: This process (pid=1934) is multi-threaded, use of fork() may lead to deadlocks in the child.
  pid = os.fork()

[2024-09-27T22:57:05.292+0000] {standard_task_runner.py:72} INFO - Started process 1964 to run task
[2024-09-27T22:57:05.298+0000] {standard_task_runner.py:104} INFO - Running: ['***', 'tasks', 'run', 'scrape_and_save_share_prices_with_company_data', 'create_company_table', 'scheduled__2024-01-05T00:00:00+00:00', '--job-id', '2986', '--raw', '--subdir', 'DAGS_FOLDER/dag.py', '--cfg-path', '/tmp/tmpkbd5ov3r']
[2024-09-27T22:57:05.303+0000] {standard_task_runner.py:105} INFO - Job 2986: Subtask create_company_table
[2024-09-27T22:57:05.614+0000] {task_command.py:467} INFO - Running <TaskInstance: scrape_and_save_share_prices_with_company_data.create_company_table scheduled__2024-01-05T00:00:00+00:00 [running]> on host 7746de5121f6
[2024-09-27T22:57:06.313+0000] {taskinstance.py:3131} INFO - Exporting env vars: AIRFLOW_CTX_DAG_OWNER='***' AIRFLOW_CTX_DAG_ID='scrape_and_save_share_prices_with_company_data' AIRFLOW_CTX_TASK_ID='create_company_table' AIRFLOW_CTX_EXECUTION_DATE='2024-01-05T00:00:00+00:00' AIRFLOW_CTX_TRY_NUMBER='1' AIRFLOW_CTX_DAG_RUN_ID='scheduled__2024-01-05T00:00:00+00:00'
[2024-09-27T22:57:06.322+0000] {logging_mixin.py:190} INFO - Task instance is in running state
[2024-09-27T22:57:06.337+0000] {logging_mixin.py:190} INFO -  Previous state of the Task instance: queued
[2024-09-27T22:57:06.345+0000] {logging_mixin.py:190} INFO - Current task name:create_company_table state:running start_date:2024-09-27 22:57:05.060272+00:00
[2024-09-27T22:57:06.347+0000] {logging_mixin.py:190} INFO - Dag name:scrape_and_save_share_prices_with_company_data and current dag run status:running
[2024-09-27T22:57:06.351+0000] {taskinstance.py:731} INFO - ::endgroup::
[2024-09-27T22:57:06.502+0000] {base.py:84} INFO - Retrieving connection 'dse_connection'
[2024-09-27T22:57:06.534+0000] {sql.py:509} INFO - Running statement: 
        CREATE TABLE IF NOT EXISTS company_list (
            company_id SERIAL PRIMARY KEY,
            company_trade_name VARCHAR(255) NOT NULL,
            company_url VARCHAR(255) NOT NULL,
            UNIQUE(company_trade_name)
        );
    , parameters: None
[2024-09-27T22:57:06.550+0000] {python.py:240} INFO - Done. Returned value was: None
[2024-09-27T22:57:06.605+0000] {taskinstance.py:340} INFO - ::group::Post task execution logs
[2024-09-27T22:57:06.608+0000] {taskinstance.py:352} INFO - Marking task as SUCCESS. dag_id=scrape_and_save_share_prices_with_company_data, task_id=create_company_table, run_id=scheduled__2024-01-05T00:00:00+00:00, execution_date=20240105T000000, start_date=20240927T225705, end_date=20240927T225706
[2024-09-27T22:57:07.154+0000] {logging_mixin.py:190} INFO - Task instance in success state
[2024-09-27T22:57:07.156+0000] {logging_mixin.py:190} INFO -  Previous state of the Task instance: running
[2024-09-27T22:57:07.157+0000] {logging_mixin.py:190} INFO - Dag name:scrape_and_save_share_prices_with_company_data queued_at:2024-09-27 22:56:55.685168+00:00
[2024-09-27T22:57:07.161+0000] {logging_mixin.py:190} INFO - Task hostname:7746de5121f6 operator:PythonOperator
[2024-09-27T22:57:07.329+0000] {local_task_job_runner.py:266} INFO - Task exited with return code 0
[2024-09-27T22:57:07.729+0000] {taskinstance.py:3900} INFO - 1 downstream tasks scheduled from follow-on schedule check
[2024-09-27T22:57:07.779+0000] {local_task_job_runner.py:245} INFO - ::endgroup::
