[2024-09-27T18:17:07.129+0000] {local_task_job_runner.py:123} INFO - ::group::Pre task execution logs
[2024-09-27T18:17:07.198+0000] {taskinstance.py:2612} INFO - Dependencies all met for dep_context=non-requeueable deps ti=<TaskInstance: scrape_and_save_share_prices_with_company_data.create_company_table scheduled__2023-11-10T00:00:00+00:00 [queued]>
[2024-09-27T18:17:07.245+0000] {taskinstance.py:2612} INFO - Dependencies all met for dep_context=requeueable deps ti=<TaskInstance: scrape_and_save_share_prices_with_company_data.create_company_table scheduled__2023-11-10T00:00:00+00:00 [queued]>
[2024-09-27T18:17:07.280+0000] {taskinstance.py:2865} INFO - Starting attempt 1 of 2
[2024-09-27T18:17:07.382+0000] {taskinstance.py:2888} INFO - Executing <Task(PythonOperator): create_company_table> on 2023-11-10 00:00:00+00:00
[2024-09-27T18:17:07.423+0000] {warnings.py:112} WARNING - /home/***/.local/lib/python3.12/site-packages/***/task/task_runner/standard_task_runner.py:70: DeprecationWarning: This process (pid=12448) is multi-threaded, use of fork() may lead to deadlocks in the child.
  pid = os.fork()

[2024-09-27T18:17:07.429+0000] {standard_task_runner.py:72} INFO - Started process 12464 to run task
[2024-09-27T18:17:07.440+0000] {standard_task_runner.py:104} INFO - Running: ['***', 'tasks', 'run', 'scrape_and_save_share_prices_with_company_data', 'create_company_table', 'scheduled__2023-11-10T00:00:00+00:00', '--job-id', '1247', '--raw', '--subdir', 'DAGS_FOLDER/dag.py', '--cfg-path', '/tmp/tmpzdvc4gar']
[2024-09-27T18:17:07.465+0000] {standard_task_runner.py:105} INFO - Job 1247: Subtask create_company_table
[2024-09-27T18:17:07.941+0000] {task_command.py:467} INFO - Running <TaskInstance: scrape_and_save_share_prices_with_company_data.create_company_table scheduled__2023-11-10T00:00:00+00:00 [running]> on host 13b5797a93ab
[2024-09-27T18:17:08.355+0000] {taskinstance.py:3131} INFO - Exporting env vars: AIRFLOW_CTX_DAG_OWNER='***' AIRFLOW_CTX_DAG_ID='scrape_and_save_share_prices_with_company_data' AIRFLOW_CTX_TASK_ID='create_company_table' AIRFLOW_CTX_EXECUTION_DATE='2023-11-10T00:00:00+00:00' AIRFLOW_CTX_TRY_NUMBER='1' AIRFLOW_CTX_DAG_RUN_ID='scheduled__2023-11-10T00:00:00+00:00'
[2024-09-27T18:17:08.362+0000] {logging_mixin.py:190} INFO - Task instance is in running state
[2024-09-27T18:17:08.365+0000] {logging_mixin.py:190} INFO -  Previous state of the Task instance: queued
[2024-09-27T18:17:08.368+0000] {logging_mixin.py:190} INFO - Current task name:create_company_table state:running start_date:2024-09-27 18:17:07.212958+00:00
[2024-09-27T18:17:08.375+0000] {logging_mixin.py:190} INFO - Dag name:scrape_and_save_share_prices_with_company_data and current dag run status:running
[2024-09-27T18:17:08.376+0000] {taskinstance.py:731} INFO - ::endgroup::
[2024-09-27T18:17:08.431+0000] {base.py:84} INFO - Retrieving connection 'dse_connection'
[2024-09-27T18:17:08.445+0000] {sql.py:509} INFO - Running statement: 
        CREATE TABLE IF NOT EXISTS company_list (
            company_id SERIAL PRIMARY KEY,
            company_trade_name VARCHAR(255) NOT NULL,
            company_url VARCHAR(255) NOT NULL,
            UNIQUE(company_trade_name)
        );
    , parameters: None
[2024-09-27T18:17:08.457+0000] {python.py:240} INFO - Done. Returned value was: None
[2024-09-27T18:17:08.519+0000] {taskinstance.py:340} INFO - ::group::Post task execution logs
[2024-09-27T18:17:08.521+0000] {taskinstance.py:352} INFO - Marking task as SUCCESS. dag_id=scrape_and_save_share_prices_with_company_data, task_id=create_company_table, run_id=scheduled__2023-11-10T00:00:00+00:00, execution_date=20231110T000000, start_date=20240927T181707, end_date=20240927T181708
[2024-09-27T18:17:08.549+0000] {logging_mixin.py:190} INFO - Task instance in success state
[2024-09-27T18:17:08.560+0000] {logging_mixin.py:190} INFO -  Previous state of the Task instance: running
[2024-09-27T18:17:08.562+0000] {logging_mixin.py:190} INFO - Dag name:scrape_and_save_share_prices_with_company_data queued_at:2024-09-27 18:16:57.616859+00:00
[2024-09-27T18:17:08.568+0000] {logging_mixin.py:190} INFO - Task hostname:13b5797a93ab operator:PythonOperator
[2024-09-27T18:17:08.643+0000] {local_task_job_runner.py:266} INFO - Task exited with return code 0
[2024-09-27T18:17:08.805+0000] {taskinstance.py:3900} INFO - 1 downstream tasks scheduled from follow-on schedule check
[2024-09-27T18:17:08.826+0000] {local_task_job_runner.py:245} INFO - ::endgroup::
[2024-09-27T22:06:53.908+0000] {local_task_job_runner.py:123} INFO - ::group::Pre task execution logs
[2024-09-27T22:06:54.026+0000] {taskinstance.py:2612} INFO - Dependencies all met for dep_context=non-requeueable deps ti=<TaskInstance: scrape_and_save_share_prices_with_company_data.create_company_table scheduled__2023-11-10T00:00:00+00:00 [queued]>
[2024-09-27T22:06:54.072+0000] {taskinstance.py:2612} INFO - Dependencies all met for dep_context=requeueable deps ti=<TaskInstance: scrape_and_save_share_prices_with_company_data.create_company_table scheduled__2023-11-10T00:00:00+00:00 [queued]>
[2024-09-27T22:06:54.090+0000] {taskinstance.py:2865} INFO - Starting attempt 1 of 2
[2024-09-27T22:06:54.163+0000] {taskinstance.py:2888} INFO - Executing <Task(PythonOperator): create_company_table> on 2023-11-10 00:00:00+00:00
[2024-09-27T22:06:54.185+0000] {warnings.py:112} WARNING - /home/***/.local/lib/python3.12/site-packages/***/task/task_runner/standard_task_runner.py:70: DeprecationWarning: This process (pid=1273) is multi-threaded, use of fork() may lead to deadlocks in the child.
  pid = os.fork()

[2024-09-27T22:06:54.189+0000] {standard_task_runner.py:72} INFO - Started process 1290 to run task
[2024-09-27T22:06:54.204+0000] {standard_task_runner.py:104} INFO - Running: ['***', 'tasks', 'run', 'scrape_and_save_share_prices_with_company_data', 'create_company_table', 'scheduled__2023-11-10T00:00:00+00:00', '--job-id', '2309', '--raw', '--subdir', 'DAGS_FOLDER/dag.py', '--cfg-path', '/tmp/tmp87bbcz2d']
[2024-09-27T22:06:54.207+0000] {standard_task_runner.py:105} INFO - Job 2309: Subtask create_company_table
[2024-09-27T22:06:54.375+0000] {task_command.py:467} INFO - Running <TaskInstance: scrape_and_save_share_prices_with_company_data.create_company_table scheduled__2023-11-10T00:00:00+00:00 [running]> on host fd62fe12432d
[2024-09-27T22:06:54.896+0000] {taskinstance.py:3131} INFO - Exporting env vars: AIRFLOW_CTX_DAG_OWNER='***' AIRFLOW_CTX_DAG_ID='scrape_and_save_share_prices_with_company_data' AIRFLOW_CTX_TASK_ID='create_company_table' AIRFLOW_CTX_EXECUTION_DATE='2023-11-10T00:00:00+00:00' AIRFLOW_CTX_TRY_NUMBER='1' AIRFLOW_CTX_DAG_RUN_ID='scheduled__2023-11-10T00:00:00+00:00'
[2024-09-27T22:06:54.908+0000] {logging_mixin.py:190} INFO - Task instance is in running state
[2024-09-27T22:06:54.910+0000] {logging_mixin.py:190} INFO -  Previous state of the Task instance: queued
[2024-09-27T22:06:54.913+0000] {logging_mixin.py:190} INFO - Current task name:create_company_table state:running start_date:2024-09-27 22:06:54.036292+00:00
[2024-09-27T22:06:54.919+0000] {logging_mixin.py:190} INFO - Dag name:scrape_and_save_share_prices_with_company_data and current dag run status:running
[2024-09-27T22:06:54.921+0000] {taskinstance.py:731} INFO - ::endgroup::
[2024-09-27T22:06:54.967+0000] {base.py:84} INFO - Retrieving connection 'dse_connection'
[2024-09-27T22:06:54.993+0000] {sql.py:509} INFO - Running statement: 
        CREATE TABLE IF NOT EXISTS company_list (
            company_id SERIAL PRIMARY KEY,
            company_trade_name VARCHAR(255) NOT NULL,
            company_url VARCHAR(255) NOT NULL,
            UNIQUE(company_trade_name)
        );
    , parameters: None
[2024-09-27T22:06:55.005+0000] {python.py:240} INFO - Done. Returned value was: None
[2024-09-27T22:06:55.120+0000] {taskinstance.py:340} INFO - ::group::Post task execution logs
[2024-09-27T22:06:55.125+0000] {taskinstance.py:352} INFO - Marking task as SUCCESS. dag_id=scrape_and_save_share_prices_with_company_data, task_id=create_company_table, run_id=scheduled__2023-11-10T00:00:00+00:00, execution_date=20231110T000000, start_date=20240927T220654, end_date=20240927T220655
[2024-09-27T22:06:55.185+0000] {logging_mixin.py:190} INFO - Task instance in success state
[2024-09-27T22:06:55.200+0000] {logging_mixin.py:190} INFO -  Previous state of the Task instance: running
[2024-09-27T22:06:55.202+0000] {logging_mixin.py:190} INFO - Dag name:scrape_and_save_share_prices_with_company_data queued_at:2024-09-27 22:06:45.738099+00:00
[2024-09-27T22:06:55.203+0000] {logging_mixin.py:190} INFO - Task hostname:fd62fe12432d operator:PythonOperator
[2024-09-27T22:06:55.282+0000] {local_task_job_runner.py:266} INFO - Task exited with return code 0
[2024-09-27T22:06:55.370+0000] {local_task_job_runner.py:245} INFO - ::endgroup::
[2024-09-27T22:46:51.924+0000] {local_task_job_runner.py:123} INFO - ::group::Pre task execution logs
[2024-09-27T22:46:51.987+0000] {taskinstance.py:2612} INFO - Dependencies all met for dep_context=non-requeueable deps ti=<TaskInstance: scrape_and_save_share_prices_with_company_data.create_company_table scheduled__2023-11-10T00:00:00+00:00 [queued]>
[2024-09-27T22:46:52.031+0000] {taskinstance.py:2612} INFO - Dependencies all met for dep_context=requeueable deps ti=<TaskInstance: scrape_and_save_share_prices_with_company_data.create_company_table scheduled__2023-11-10T00:00:00+00:00 [queued]>
[2024-09-27T22:46:52.039+0000] {taskinstance.py:2865} INFO - Starting attempt 1 of 2
[2024-09-27T22:46:52.085+0000] {taskinstance.py:2888} INFO - Executing <Task(PythonOperator): create_company_table> on 2023-11-10 00:00:00+00:00
[2024-09-27T22:46:52.115+0000] {warnings.py:112} WARNING - /home/***/.local/lib/python3.12/site-packages/***/task/task_runner/standard_task_runner.py:70: DeprecationWarning: This process (pid=997) is multi-threaded, use of fork() may lead to deadlocks in the child.
  pid = os.fork()

[2024-09-27T22:46:52.120+0000] {standard_task_runner.py:72} INFO - Started process 1018 to run task
[2024-09-27T22:46:52.119+0000] {standard_task_runner.py:104} INFO - Running: ['***', 'tasks', 'run', 'scrape_and_save_share_prices_with_company_data', 'create_company_table', 'scheduled__2023-11-10T00:00:00+00:00', '--job-id', '2774', '--raw', '--subdir', 'DAGS_FOLDER/dag.py', '--cfg-path', '/tmp/tmpr77glju_']
[2024-09-27T22:46:52.136+0000] {standard_task_runner.py:105} INFO - Job 2774: Subtask create_company_table
[2024-09-27T22:46:52.416+0000] {task_command.py:467} INFO - Running <TaskInstance: scrape_and_save_share_prices_with_company_data.create_company_table scheduled__2023-11-10T00:00:00+00:00 [running]> on host 7746de5121f6
[2024-09-27T22:46:52.747+0000] {taskinstance.py:3131} INFO - Exporting env vars: AIRFLOW_CTX_DAG_OWNER='***' AIRFLOW_CTX_DAG_ID='scrape_and_save_share_prices_with_company_data' AIRFLOW_CTX_TASK_ID='create_company_table' AIRFLOW_CTX_EXECUTION_DATE='2023-11-10T00:00:00+00:00' AIRFLOW_CTX_TRY_NUMBER='1' AIRFLOW_CTX_DAG_RUN_ID='scheduled__2023-11-10T00:00:00+00:00'
[2024-09-27T22:46:52.762+0000] {logging_mixin.py:190} INFO - Task instance is in running state
[2024-09-27T22:46:52.764+0000] {logging_mixin.py:190} INFO -  Previous state of the Task instance: queued
[2024-09-27T22:46:52.766+0000] {logging_mixin.py:190} INFO - Current task name:create_company_table state:running start_date:2024-09-27 22:46:51.992272+00:00
[2024-09-27T22:46:52.768+0000] {logging_mixin.py:190} INFO - Dag name:scrape_and_save_share_prices_with_company_data and current dag run status:running
[2024-09-27T22:46:52.769+0000] {taskinstance.py:731} INFO - ::endgroup::
[2024-09-27T22:46:52.810+0000] {base.py:84} INFO - Retrieving connection 'dse_connection'
[2024-09-27T22:46:52.835+0000] {sql.py:509} INFO - Running statement: 
        CREATE TABLE IF NOT EXISTS company_list (
            company_id SERIAL PRIMARY KEY,
            company_trade_name VARCHAR(255) NOT NULL,
            company_url VARCHAR(255) NOT NULL,
            UNIQUE(company_trade_name)
        );
    , parameters: None
[2024-09-27T22:46:52.843+0000] {python.py:240} INFO - Done. Returned value was: None
[2024-09-27T22:46:52.885+0000] {taskinstance.py:340} INFO - ::group::Post task execution logs
[2024-09-27T22:46:52.889+0000] {taskinstance.py:352} INFO - Marking task as SUCCESS. dag_id=scrape_and_save_share_prices_with_company_data, task_id=create_company_table, run_id=scheduled__2023-11-10T00:00:00+00:00, execution_date=20231110T000000, start_date=20240927T224651, end_date=20240927T224652
[2024-09-27T22:46:52.996+0000] {logging_mixin.py:190} INFO - Task instance in success state
[2024-09-27T22:46:53.010+0000] {logging_mixin.py:190} INFO -  Previous state of the Task instance: running
[2024-09-27T22:46:53.020+0000] {logging_mixin.py:190} INFO - Dag name:scrape_and_save_share_prices_with_company_data queued_at:2024-09-27 22:46:44.938099+00:00
[2024-09-27T22:46:53.030+0000] {logging_mixin.py:190} INFO - Task hostname:7746de5121f6 operator:PythonOperator
[2024-09-27T22:46:53.139+0000] {local_task_job_runner.py:266} INFO - Task exited with return code 0
[2024-09-27T22:46:53.201+0000] {local_task_job_runner.py:245} INFO - ::endgroup::
