[2024-09-27T19:43:13.222+0000] {local_task_job_runner.py:123} INFO - ::group::Pre task execution logs
[2024-09-27T19:43:13.292+0000] {taskinstance.py:2612} INFO - Dependencies all met for dep_context=non-requeueable deps ti=<TaskInstance: scrape_and_save_share_prices_with_company_data.create_company_table scheduled__2024-05-01T00:00:00+00:00 [queued]>
[2024-09-27T19:43:13.375+0000] {taskinstance.py:2612} INFO - Dependencies all met for dep_context=requeueable deps ti=<TaskInstance: scrape_and_save_share_prices_with_company_data.create_company_table scheduled__2024-05-01T00:00:00+00:00 [queued]>
[2024-09-27T19:43:13.379+0000] {taskinstance.py:2865} INFO - Starting attempt 1 of 2
[2024-09-27T19:43:13.491+0000] {taskinstance.py:2888} INFO - Executing <Task(PythonOperator): create_company_table> on 2024-05-01 00:00:00+00:00
[2024-09-27T19:43:13.514+0000] {warnings.py:112} WARNING - /home/***/.local/lib/python3.12/site-packages/***/task/task_runner/standard_task_runner.py:70: DeprecationWarning: This process (pid=626) is multi-threaded, use of fork() may lead to deadlocks in the child.
  pid = os.fork()

[2024-09-27T19:43:13.518+0000] {standard_task_runner.py:72} INFO - Started process 655 to run task
[2024-09-27T19:43:13.527+0000] {standard_task_runner.py:104} INFO - Running: ['***', 'tasks', 'run', 'scrape_and_save_share_prices_with_company_data', 'create_company_table', 'scheduled__2024-05-01T00:00:00+00:00', '--job-id', '2041', '--raw', '--subdir', 'DAGS_FOLDER/dag.py', '--cfg-path', '/tmp/tmpu_r0zwzw']
[2024-09-27T19:43:13.550+0000] {standard_task_runner.py:105} INFO - Job 2041: Subtask create_company_table
[2024-09-27T19:43:13.987+0000] {task_command.py:467} INFO - Running <TaskInstance: scrape_and_save_share_prices_with_company_data.create_company_table scheduled__2024-05-01T00:00:00+00:00 [running]> on host f199b4684a92
[2024-09-27T19:43:14.634+0000] {taskinstance.py:3131} INFO - Exporting env vars: AIRFLOW_CTX_DAG_OWNER='***' AIRFLOW_CTX_DAG_ID='scrape_and_save_share_prices_with_company_data' AIRFLOW_CTX_TASK_ID='create_company_table' AIRFLOW_CTX_EXECUTION_DATE='2024-05-01T00:00:00+00:00' AIRFLOW_CTX_TRY_NUMBER='1' AIRFLOW_CTX_DAG_RUN_ID='scheduled__2024-05-01T00:00:00+00:00'
[2024-09-27T19:43:14.647+0000] {logging_mixin.py:190} INFO - Task instance is in running state
[2024-09-27T19:43:14.649+0000] {logging_mixin.py:190} INFO -  Previous state of the Task instance: queued
[2024-09-27T19:43:14.666+0000] {logging_mixin.py:190} INFO - Current task name:create_company_table state:running start_date:2024-09-27 19:43:13.295209+00:00
[2024-09-27T19:43:14.680+0000] {logging_mixin.py:190} INFO - Dag name:scrape_and_save_share_prices_with_company_data and current dag run status:running
[2024-09-27T19:43:14.691+0000] {taskinstance.py:731} INFO - ::endgroup::
[2024-09-27T19:43:14.806+0000] {base.py:84} INFO - Retrieving connection 'dse_connection'
[2024-09-27T19:43:35.862+0000] {logging_mixin.py:190} INFO - Error creating company table: connection to server at "172.23.0.3", port 5432 failed: Connection refused
	Is the server running on that host and accepting TCP/IP connections?
[2024-09-27T19:43:35.863+0000] {python.py:240} INFO - Done. Returned value was: None
[2024-09-27T19:43:35.874+0000] {taskinstance.py:340} INFO - ::group::Post task execution logs
[2024-09-27T19:43:35.875+0000] {taskinstance.py:352} INFO - Marking task as SUCCESS. dag_id=scrape_and_save_share_prices_with_company_data, task_id=create_company_table, run_id=scheduled__2024-05-01T00:00:00+00:00, execution_date=20240501T000000, start_date=20240927T194313, end_date=20240927T194335
[2024-09-27T19:43:35.902+0000] {logging_mixin.py:190} INFO - Task instance in success state
[2024-09-27T19:43:35.902+0000] {logging_mixin.py:190} INFO -  Previous state of the Task instance: running
[2024-09-27T19:43:35.903+0000] {logging_mixin.py:190} INFO - Dag name:scrape_and_save_share_prices_with_company_data queued_at:2024-09-27 19:42:49.093566+00:00
[2024-09-27T19:43:35.903+0000] {logging_mixin.py:190} INFO - Task hostname:f199b4684a92 operator:PythonOperator
[2024-09-27T19:43:35.935+0000] {local_task_job_runner.py:266} INFO - Task exited with return code 0
[2024-09-27T19:43:35.964+0000] {taskinstance.py:3900} INFO - 1 downstream tasks scheduled from follow-on schedule check
[2024-09-27T19:43:35.967+0000] {local_task_job_runner.py:245} INFO - ::endgroup::
[2024-09-27T23:19:21.886+0000] {local_task_job_runner.py:123} INFO - ::group::Pre task execution logs
[2024-09-27T23:19:21.967+0000] {taskinstance.py:2612} INFO - Dependencies all met for dep_context=non-requeueable deps ti=<TaskInstance: scrape_and_save_share_prices_with_company_data.create_company_table scheduled__2024-05-01T00:00:00+00:00 [queued]>
[2024-09-27T23:19:21.999+0000] {taskinstance.py:2612} INFO - Dependencies all met for dep_context=requeueable deps ti=<TaskInstance: scrape_and_save_share_prices_with_company_data.create_company_table scheduled__2024-05-01T00:00:00+00:00 [queued]>
[2024-09-27T23:19:22.000+0000] {taskinstance.py:2865} INFO - Starting attempt 1 of 2
[2024-09-27T23:19:22.071+0000] {taskinstance.py:2888} INFO - Executing <Task(PythonOperator): create_company_table> on 2024-05-01 00:00:00+00:00
[2024-09-27T23:19:22.107+0000] {standard_task_runner.py:104} INFO - Running: ['***', 'tasks', 'run', 'scrape_and_save_share_prices_with_company_data', 'create_company_table', 'scheduled__2024-05-01T00:00:00+00:00', '--job-id', '3466', '--raw', '--subdir', 'DAGS_FOLDER/dag.py', '--cfg-path', '/tmp/tmpeehfjjev']
[2024-09-27T23:19:22.088+0000] {warnings.py:112} WARNING - /home/***/.local/lib/python3.12/site-packages/***/task/task_runner/standard_task_runner.py:70: DeprecationWarning: This process (pid=4087) is multi-threaded, use of fork() may lead to deadlocks in the child.
  pid = os.fork()

[2024-09-27T23:19:22.113+0000] {standard_task_runner.py:105} INFO - Job 3466: Subtask create_company_table
[2024-09-27T23:19:22.120+0000] {standard_task_runner.py:72} INFO - Started process 4105 to run task
[2024-09-27T23:19:22.499+0000] {task_command.py:467} INFO - Running <TaskInstance: scrape_and_save_share_prices_with_company_data.create_company_table scheduled__2024-05-01T00:00:00+00:00 [running]> on host 7746de5121f6
[2024-09-27T23:19:22.896+0000] {taskinstance.py:3131} INFO - Exporting env vars: AIRFLOW_CTX_DAG_OWNER='***' AIRFLOW_CTX_DAG_ID='scrape_and_save_share_prices_with_company_data' AIRFLOW_CTX_TASK_ID='create_company_table' AIRFLOW_CTX_EXECUTION_DATE='2024-05-01T00:00:00+00:00' AIRFLOW_CTX_TRY_NUMBER='1' AIRFLOW_CTX_DAG_RUN_ID='scheduled__2024-05-01T00:00:00+00:00'
[2024-09-27T23:19:22.907+0000] {logging_mixin.py:190} INFO - Task instance is in running state
[2024-09-27T23:19:22.908+0000] {logging_mixin.py:190} INFO -  Previous state of the Task instance: queued
[2024-09-27T23:19:22.911+0000] {logging_mixin.py:190} INFO - Current task name:create_company_table state:running start_date:2024-09-27 23:19:21.969392+00:00
[2024-09-27T23:19:22.918+0000] {logging_mixin.py:190} INFO - Dag name:scrape_and_save_share_prices_with_company_data and current dag run status:running
[2024-09-27T23:19:22.923+0000] {taskinstance.py:731} INFO - ::endgroup::
[2024-09-27T23:19:22.971+0000] {base.py:84} INFO - Retrieving connection 'dse_connection'
[2024-09-27T23:19:22.994+0000] {sql.py:509} INFO - Running statement: 
        CREATE TABLE IF NOT EXISTS company_list (
            company_id SERIAL PRIMARY KEY,
            company_trade_name VARCHAR(255) NOT NULL,
            company_url VARCHAR(255) NOT NULL,
            UNIQUE(company_trade_name)
        );
    , parameters: None
[2024-09-27T23:19:23.007+0000] {python.py:240} INFO - Done. Returned value was: None
[2024-09-27T23:19:23.053+0000] {taskinstance.py:340} INFO - ::group::Post task execution logs
[2024-09-27T23:19:23.055+0000] {taskinstance.py:352} INFO - Marking task as SUCCESS. dag_id=scrape_and_save_share_prices_with_company_data, task_id=create_company_table, run_id=scheduled__2024-05-01T00:00:00+00:00, execution_date=20240501T000000, start_date=20240927T231921, end_date=20240927T231923
[2024-09-27T23:19:23.123+0000] {logging_mixin.py:190} INFO - Task instance in success state
[2024-09-27T23:19:23.156+0000] {logging_mixin.py:190} INFO -  Previous state of the Task instance: running
[2024-09-27T23:19:23.160+0000] {logging_mixin.py:190} INFO - Dag name:scrape_and_save_share_prices_with_company_data queued_at:2024-09-27 23:19:11.149952+00:00
[2024-09-27T23:19:23.170+0000] {logging_mixin.py:190} INFO - Task hostname:7746de5121f6 operator:PythonOperator
[2024-09-27T23:19:23.263+0000] {local_task_job_runner.py:266} INFO - Task exited with return code 0
[2024-09-27T23:19:23.354+0000] {taskinstance.py:3900} INFO - 1 downstream tasks scheduled from follow-on schedule check
[2024-09-27T23:19:23.370+0000] {local_task_job_runner.py:245} INFO - ::endgroup::
