[2024-09-27T18:24:37.183+0000] {local_task_job_runner.py:123} INFO - ::group::Pre task execution logs
[2024-09-27T18:24:37.236+0000] {taskinstance.py:2612} INFO - Dependencies all met for dep_context=non-requeueable deps ti=<TaskInstance: scrape_and_save_share_prices_with_company_data.create_company_table scheduled__2023-12-09T00:00:00+00:00 [queued]>
[2024-09-27T18:24:37.269+0000] {taskinstance.py:2612} INFO - Dependencies all met for dep_context=requeueable deps ti=<TaskInstance: scrape_and_save_share_prices_with_company_data.create_company_table scheduled__2023-12-09T00:00:00+00:00 [queued]>
[2024-09-27T18:24:37.277+0000] {taskinstance.py:2865} INFO - Starting attempt 1 of 2
[2024-09-27T18:24:37.448+0000] {taskinstance.py:2888} INFO - Executing <Task(PythonOperator): create_company_table> on 2023-12-09 00:00:00+00:00
[2024-09-27T18:24:37.487+0000] {warnings.py:112} WARNING - /home/***/.local/lib/python3.12/site-packages/***/task/task_runner/standard_task_runner.py:70: DeprecationWarning: This process (pid=13020) is multi-threaded, use of fork() may lead to deadlocks in the child.
  pid = os.fork()

[2024-09-27T18:24:37.502+0000] {standard_task_runner.py:104} INFO - Running: ['***', 'tasks', 'run', 'scrape_and_save_share_prices_with_company_data', 'create_company_table', 'scheduled__2023-12-09T00:00:00+00:00', '--job-id', '1375', '--raw', '--subdir', 'DAGS_FOLDER/dag.py', '--cfg-path', '/tmp/tmpz039dxrr']
[2024-09-27T18:24:37.512+0000] {standard_task_runner.py:105} INFO - Job 1375: Subtask create_company_table
[2024-09-27T18:24:37.508+0000] {standard_task_runner.py:72} INFO - Started process 13039 to run task
[2024-09-27T18:24:38.135+0000] {task_command.py:467} INFO - Running <TaskInstance: scrape_and_save_share_prices_with_company_data.create_company_table scheduled__2023-12-09T00:00:00+00:00 [running]> on host 13b5797a93ab
[2024-09-27T18:24:38.891+0000] {taskinstance.py:3131} INFO - Exporting env vars: AIRFLOW_CTX_DAG_OWNER='***' AIRFLOW_CTX_DAG_ID='scrape_and_save_share_prices_with_company_data' AIRFLOW_CTX_TASK_ID='create_company_table' AIRFLOW_CTX_EXECUTION_DATE='2023-12-09T00:00:00+00:00' AIRFLOW_CTX_TRY_NUMBER='1' AIRFLOW_CTX_DAG_RUN_ID='scheduled__2023-12-09T00:00:00+00:00'
[2024-09-27T18:24:38.912+0000] {logging_mixin.py:190} INFO - Task instance is in running state
[2024-09-27T18:24:38.920+0000] {logging_mixin.py:190} INFO -  Previous state of the Task instance: queued
[2024-09-27T18:24:38.924+0000] {logging_mixin.py:190} INFO - Current task name:create_company_table state:running start_date:2024-09-27 18:24:37.238774+00:00
[2024-09-27T18:24:38.925+0000] {logging_mixin.py:190} INFO - Dag name:scrape_and_save_share_prices_with_company_data and current dag run status:running
[2024-09-27T18:24:38.926+0000] {taskinstance.py:731} INFO - ::endgroup::
[2024-09-27T18:24:39.021+0000] {base.py:84} INFO - Retrieving connection 'dse_connection'
[2024-09-27T18:24:39.067+0000] {sql.py:509} INFO - Running statement: 
        CREATE TABLE IF NOT EXISTS company_list (
            company_id SERIAL PRIMARY KEY,
            company_trade_name VARCHAR(255) NOT NULL,
            company_url VARCHAR(255) NOT NULL,
            UNIQUE(company_trade_name)
        );
    , parameters: None
[2024-09-27T18:24:39.096+0000] {python.py:240} INFO - Done. Returned value was: None
[2024-09-27T18:24:39.161+0000] {taskinstance.py:340} INFO - ::group::Post task execution logs
[2024-09-27T18:24:39.163+0000] {taskinstance.py:352} INFO - Marking task as SUCCESS. dag_id=scrape_and_save_share_prices_with_company_data, task_id=create_company_table, run_id=scheduled__2023-12-09T00:00:00+00:00, execution_date=20231209T000000, start_date=20240927T182437, end_date=20240927T182439
[2024-09-27T18:24:39.241+0000] {logging_mixin.py:190} INFO - Task instance in success state
[2024-09-27T18:24:39.257+0000] {logging_mixin.py:190} INFO -  Previous state of the Task instance: running
[2024-09-27T18:24:39.260+0000] {logging_mixin.py:190} INFO - Dag name:scrape_and_save_share_prices_with_company_data queued_at:2024-09-27 18:24:23.585146+00:00
[2024-09-27T18:24:39.263+0000] {logging_mixin.py:190} INFO - Task hostname:13b5797a93ab operator:PythonOperator
[2024-09-27T18:24:39.337+0000] {local_task_job_runner.py:266} INFO - Task exited with return code 0
[2024-09-27T18:24:39.474+0000] {taskinstance.py:3900} INFO - 1 downstream tasks scheduled from follow-on schedule check
[2024-09-27T18:24:39.499+0000] {local_task_job_runner.py:245} INFO - ::endgroup::
[2024-09-27T22:12:37.153+0000] {local_task_job_runner.py:123} INFO - ::group::Pre task execution logs
[2024-09-27T22:12:37.322+0000] {taskinstance.py:2612} INFO - Dependencies all met for dep_context=non-requeueable deps ti=<TaskInstance: scrape_and_save_share_prices_with_company_data.create_company_table scheduled__2023-12-09T00:00:00+00:00 [queued]>
[2024-09-27T22:12:37.371+0000] {taskinstance.py:2612} INFO - Dependencies all met for dep_context=requeueable deps ti=<TaskInstance: scrape_and_save_share_prices_with_company_data.create_company_table scheduled__2023-12-09T00:00:00+00:00 [queued]>
[2024-09-27T22:12:37.373+0000] {taskinstance.py:2865} INFO - Starting attempt 1 of 2
[2024-09-27T22:12:37.442+0000] {taskinstance.py:2888} INFO - Executing <Task(PythonOperator): create_company_table> on 2023-12-09 00:00:00+00:00
[2024-09-27T22:12:37.472+0000] {warnings.py:112} WARNING - /home/***/.local/lib/python3.12/site-packages/***/task/task_runner/standard_task_runner.py:70: DeprecationWarning: This process (pid=1748) is multi-threaded, use of fork() may lead to deadlocks in the child.
  pid = os.fork()

[2024-09-27T22:12:37.496+0000] {standard_task_runner.py:72} INFO - Started process 1779 to run task
[2024-09-27T22:12:37.483+0000] {standard_task_runner.py:104} INFO - Running: ['***', 'tasks', 'run', 'scrape_and_save_share_prices_with_company_data', 'create_company_table', 'scheduled__2023-12-09T00:00:00+00:00', '--job-id', '2419', '--raw', '--subdir', 'DAGS_FOLDER/dag.py', '--cfg-path', '/tmp/tmpm03v5b8s']
[2024-09-27T22:12:37.511+0000] {standard_task_runner.py:105} INFO - Job 2419: Subtask create_company_table
[2024-09-27T22:12:37.728+0000] {task_command.py:467} INFO - Running <TaskInstance: scrape_and_save_share_prices_with_company_data.create_company_table scheduled__2023-12-09T00:00:00+00:00 [running]> on host fd62fe12432d
[2024-09-27T22:12:38.202+0000] {taskinstance.py:3131} INFO - Exporting env vars: AIRFLOW_CTX_DAG_OWNER='***' AIRFLOW_CTX_DAG_ID='scrape_and_save_share_prices_with_company_data' AIRFLOW_CTX_TASK_ID='create_company_table' AIRFLOW_CTX_EXECUTION_DATE='2023-12-09T00:00:00+00:00' AIRFLOW_CTX_TRY_NUMBER='1' AIRFLOW_CTX_DAG_RUN_ID='scheduled__2023-12-09T00:00:00+00:00'
[2024-09-27T22:12:38.215+0000] {logging_mixin.py:190} INFO - Task instance is in running state
[2024-09-27T22:12:38.216+0000] {logging_mixin.py:190} INFO -  Previous state of the Task instance: queued
[2024-09-27T22:12:38.217+0000] {logging_mixin.py:190} INFO - Current task name:create_company_table state:running start_date:2024-09-27 22:12:37.332413+00:00
[2024-09-27T22:12:38.223+0000] {logging_mixin.py:190} INFO - Dag name:scrape_and_save_share_prices_with_company_data and current dag run status:running
[2024-09-27T22:12:38.236+0000] {taskinstance.py:731} INFO - ::endgroup::
[2024-09-27T22:12:38.315+0000] {base.py:84} INFO - Retrieving connection 'dse_connection'
[2024-09-27T22:12:38.327+0000] {sql.py:509} INFO - Running statement: 
        CREATE TABLE IF NOT EXISTS company_list (
            company_id SERIAL PRIMARY KEY,
            company_trade_name VARCHAR(255) NOT NULL,
            company_url VARCHAR(255) NOT NULL,
            UNIQUE(company_trade_name)
        );
    , parameters: None
[2024-09-27T22:12:38.329+0000] {python.py:240} INFO - Done. Returned value was: None
[2024-09-27T22:12:38.362+0000] {taskinstance.py:340} INFO - ::group::Post task execution logs
[2024-09-27T22:12:38.375+0000] {taskinstance.py:352} INFO - Marking task as SUCCESS. dag_id=scrape_and_save_share_prices_with_company_data, task_id=create_company_table, run_id=scheduled__2023-12-09T00:00:00+00:00, execution_date=20231209T000000, start_date=20240927T221237, end_date=20240927T221238
[2024-09-27T22:12:38.654+0000] {logging_mixin.py:190} INFO - Task instance in success state
[2024-09-27T22:12:38.655+0000] {logging_mixin.py:190} INFO -  Previous state of the Task instance: running
[2024-09-27T22:12:38.656+0000] {logging_mixin.py:190} INFO - Dag name:scrape_and_save_share_prices_with_company_data queued_at:2024-09-27 22:12:28.955929+00:00
[2024-09-27T22:12:38.657+0000] {logging_mixin.py:190} INFO - Task hostname:fd62fe12432d operator:PythonOperator
[2024-09-27T22:12:38.693+0000] {local_task_job_runner.py:266} INFO - Task exited with return code 0
[2024-09-27T22:12:38.777+0000] {taskinstance.py:3900} INFO - 1 downstream tasks scheduled from follow-on schedule check
[2024-09-27T22:12:38.789+0000] {local_task_job_runner.py:245} INFO - ::endgroup::
[2024-09-27T22:53:09.859+0000] {local_task_job_runner.py:123} INFO - ::group::Pre task execution logs
[2024-09-27T22:53:09.944+0000] {taskinstance.py:2612} INFO - Dependencies all met for dep_context=non-requeueable deps ti=<TaskInstance: scrape_and_save_share_prices_with_company_data.create_company_table scheduled__2023-12-09T00:00:00+00:00 [queued]>
[2024-09-27T22:53:09.973+0000] {taskinstance.py:2612} INFO - Dependencies all met for dep_context=requeueable deps ti=<TaskInstance: scrape_and_save_share_prices_with_company_data.create_company_table scheduled__2023-12-09T00:00:00+00:00 [queued]>
[2024-09-27T22:53:09.975+0000] {taskinstance.py:2865} INFO - Starting attempt 1 of 2
[2024-09-27T22:53:10.033+0000] {taskinstance.py:2888} INFO - Executing <Task(PythonOperator): create_company_table> on 2023-12-09 00:00:00+00:00
[2024-09-27T22:53:10.049+0000] {warnings.py:112} WARNING - /home/***/.local/lib/python3.12/site-packages/***/task/task_runner/standard_task_runner.py:70: DeprecationWarning: This process (pid=1518) is multi-threaded, use of fork() may lead to deadlocks in the child.
  pid = os.fork()

[2024-09-27T22:53:10.056+0000] {standard_task_runner.py:104} INFO - Running: ['***', 'tasks', 'run', 'scrape_and_save_share_prices_with_company_data', 'create_company_table', 'scheduled__2023-12-09T00:00:00+00:00', '--job-id', '2888', '--raw', '--subdir', 'DAGS_FOLDER/dag.py', '--cfg-path', '/tmp/tmprvydv3a_']
[2024-09-27T22:53:10.058+0000] {standard_task_runner.py:72} INFO - Started process 1530 to run task
[2024-09-27T22:53:10.059+0000] {standard_task_runner.py:105} INFO - Job 2888: Subtask create_company_table
[2024-09-27T22:53:10.308+0000] {task_command.py:467} INFO - Running <TaskInstance: scrape_and_save_share_prices_with_company_data.create_company_table scheduled__2023-12-09T00:00:00+00:00 [running]> on host 7746de5121f6
[2024-09-27T22:53:10.631+0000] {taskinstance.py:3131} INFO - Exporting env vars: AIRFLOW_CTX_DAG_OWNER='***' AIRFLOW_CTX_DAG_ID='scrape_and_save_share_prices_with_company_data' AIRFLOW_CTX_TASK_ID='create_company_table' AIRFLOW_CTX_EXECUTION_DATE='2023-12-09T00:00:00+00:00' AIRFLOW_CTX_TRY_NUMBER='1' AIRFLOW_CTX_DAG_RUN_ID='scheduled__2023-12-09T00:00:00+00:00'
[2024-09-27T22:53:10.636+0000] {logging_mixin.py:190} INFO - Task instance is in running state
[2024-09-27T22:53:10.637+0000] {logging_mixin.py:190} INFO -  Previous state of the Task instance: queued
[2024-09-27T22:53:10.643+0000] {logging_mixin.py:190} INFO - Current task name:create_company_table state:running start_date:2024-09-27 22:53:09.945586+00:00
[2024-09-27T22:53:10.653+0000] {logging_mixin.py:190} INFO - Dag name:scrape_and_save_share_prices_with_company_data and current dag run status:running
[2024-09-27T22:53:10.655+0000] {taskinstance.py:731} INFO - ::endgroup::
[2024-09-27T22:53:10.683+0000] {base.py:84} INFO - Retrieving connection 'dse_connection'
[2024-09-27T22:53:10.746+0000] {sql.py:509} INFO - Running statement: 
        CREATE TABLE IF NOT EXISTS company_list (
            company_id SERIAL PRIMARY KEY,
            company_trade_name VARCHAR(255) NOT NULL,
            company_url VARCHAR(255) NOT NULL,
            UNIQUE(company_trade_name)
        );
    , parameters: None
[2024-09-27T22:53:10.773+0000] {python.py:240} INFO - Done. Returned value was: None
[2024-09-27T22:53:10.816+0000] {taskinstance.py:340} INFO - ::group::Post task execution logs
[2024-09-27T22:53:10.818+0000] {taskinstance.py:352} INFO - Marking task as SUCCESS. dag_id=scrape_and_save_share_prices_with_company_data, task_id=create_company_table, run_id=scheduled__2023-12-09T00:00:00+00:00, execution_date=20231209T000000, start_date=20240927T225309, end_date=20240927T225310
[2024-09-27T22:53:10.871+0000] {logging_mixin.py:190} INFO - Task instance in success state
[2024-09-27T22:53:10.872+0000] {logging_mixin.py:190} INFO -  Previous state of the Task instance: running
[2024-09-27T22:53:10.875+0000] {logging_mixin.py:190} INFO - Dag name:scrape_and_save_share_prices_with_company_data queued_at:2024-09-27 22:53:02.591197+00:00
[2024-09-27T22:53:10.876+0000] {logging_mixin.py:190} INFO - Task hostname:7746de5121f6 operator:PythonOperator
[2024-09-27T22:53:10.943+0000] {local_task_job_runner.py:266} INFO - Task exited with return code 0
[2024-09-27T22:53:10.977+0000] {local_task_job_runner.py:245} INFO - ::endgroup::
