[2024-09-27T18:30:46.729+0000] {local_task_job_runner.py:123} INFO - ::group::Pre task execution logs
[2024-09-27T18:30:46.876+0000] {taskinstance.py:2612} INFO - Dependencies all met for dep_context=non-requeueable deps ti=<TaskInstance: scrape_and_save_share_prices_with_company_data.create_company_table scheduled__2024-01-02T00:00:00+00:00 [queued]>
[2024-09-27T18:30:46.923+0000] {taskinstance.py:2612} INFO - Dependencies all met for dep_context=requeueable deps ti=<TaskInstance: scrape_and_save_share_prices_with_company_data.create_company_table scheduled__2024-01-02T00:00:00+00:00 [queued]>
[2024-09-27T18:30:46.924+0000] {taskinstance.py:2865} INFO - Starting attempt 1 of 2
[2024-09-27T18:30:47.010+0000] {taskinstance.py:2888} INFO - Executing <Task(PythonOperator): create_company_table> on 2024-01-02 00:00:00+00:00
[2024-09-27T18:30:47.052+0000] {warnings.py:112} WARNING - /home/***/.local/lib/python3.12/site-packages/***/task/task_runner/standard_task_runner.py:70: DeprecationWarning: This process (pid=13498) is multi-threaded, use of fork() may lead to deadlocks in the child.
  pid = os.fork()

[2024-09-27T18:30:47.070+0000] {standard_task_runner.py:72} INFO - Started process 13520 to run task
[2024-09-27T18:30:47.059+0000] {standard_task_runner.py:104} INFO - Running: ['***', 'tasks', 'run', 'scrape_and_save_share_prices_with_company_data', 'create_company_table', 'scheduled__2024-01-02T00:00:00+00:00', '--job-id', '1479', '--raw', '--subdir', 'DAGS_FOLDER/dag.py', '--cfg-path', '/tmp/tmpf_avlgkc']
[2024-09-27T18:30:47.087+0000] {standard_task_runner.py:105} INFO - Job 1479: Subtask create_company_table
[2024-09-27T18:30:47.309+0000] {task_command.py:467} INFO - Running <TaskInstance: scrape_and_save_share_prices_with_company_data.create_company_table scheduled__2024-01-02T00:00:00+00:00 [running]> on host 13b5797a93ab
[2024-09-27T18:30:47.746+0000] {taskinstance.py:3131} INFO - Exporting env vars: AIRFLOW_CTX_DAG_OWNER='***' AIRFLOW_CTX_DAG_ID='scrape_and_save_share_prices_with_company_data' AIRFLOW_CTX_TASK_ID='create_company_table' AIRFLOW_CTX_EXECUTION_DATE='2024-01-02T00:00:00+00:00' AIRFLOW_CTX_TRY_NUMBER='1' AIRFLOW_CTX_DAG_RUN_ID='scheduled__2024-01-02T00:00:00+00:00'
[2024-09-27T18:30:47.752+0000] {logging_mixin.py:190} INFO - Task instance is in running state
[2024-09-27T18:30:47.754+0000] {logging_mixin.py:190} INFO -  Previous state of the Task instance: queued
[2024-09-27T18:30:47.755+0000] {logging_mixin.py:190} INFO - Current task name:create_company_table state:running start_date:2024-09-27 18:30:46.877798+00:00
[2024-09-27T18:30:47.756+0000] {logging_mixin.py:190} INFO - Dag name:scrape_and_save_share_prices_with_company_data and current dag run status:running
[2024-09-27T18:30:47.757+0000] {taskinstance.py:731} INFO - ::endgroup::
[2024-09-27T18:30:47.814+0000] {base.py:84} INFO - Retrieving connection 'dse_connection'
[2024-09-27T18:30:47.832+0000] {sql.py:509} INFO - Running statement: 
        CREATE TABLE IF NOT EXISTS company_list (
            company_id SERIAL PRIMARY KEY,
            company_trade_name VARCHAR(255) NOT NULL,
            company_url VARCHAR(255) NOT NULL,
            UNIQUE(company_trade_name)
        );
    , parameters: None
[2024-09-27T18:30:47.870+0000] {python.py:240} INFO - Done. Returned value was: None
[2024-09-27T18:30:47.946+0000] {taskinstance.py:340} INFO - ::group::Post task execution logs
[2024-09-27T18:30:47.948+0000] {taskinstance.py:352} INFO - Marking task as SUCCESS. dag_id=scrape_and_save_share_prices_with_company_data, task_id=create_company_table, run_id=scheduled__2024-01-02T00:00:00+00:00, execution_date=20240102T000000, start_date=20240927T183046, end_date=20240927T183047
[2024-09-27T18:30:48.011+0000] {logging_mixin.py:190} INFO - Task instance in success state
[2024-09-27T18:30:48.019+0000] {logging_mixin.py:190} INFO -  Previous state of the Task instance: running
[2024-09-27T18:30:48.032+0000] {logging_mixin.py:190} INFO - Dag name:scrape_and_save_share_prices_with_company_data queued_at:2024-09-27 18:30:37.361589+00:00
[2024-09-27T18:30:48.033+0000] {logging_mixin.py:190} INFO - Task hostname:13b5797a93ab operator:PythonOperator
[2024-09-27T18:30:48.160+0000] {local_task_job_runner.py:266} INFO - Task exited with return code 0
[2024-09-27T18:30:48.246+0000] {local_task_job_runner.py:245} INFO - ::endgroup::
[2024-09-27T22:19:33.430+0000] {local_task_job_runner.py:123} INFO - ::group::Pre task execution logs
[2024-09-27T22:19:33.586+0000] {taskinstance.py:2612} INFO - Dependencies all met for dep_context=non-requeueable deps ti=<TaskInstance: scrape_and_save_share_prices_with_company_data.create_company_table scheduled__2024-01-02T00:00:00+00:00 [queued]>
[2024-09-27T22:19:33.675+0000] {taskinstance.py:2612} INFO - Dependencies all met for dep_context=requeueable deps ti=<TaskInstance: scrape_and_save_share_prices_with_company_data.create_company_table scheduled__2024-01-02T00:00:00+00:00 [queued]>
[2024-09-27T22:19:33.678+0000] {taskinstance.py:2865} INFO - Starting attempt 1 of 2
[2024-09-27T22:19:34.218+0000] {taskinstance.py:2888} INFO - Executing <Task(PythonOperator): create_company_table> on 2024-01-02 00:00:00+00:00
[2024-09-27T22:19:34.326+0000] {warnings.py:112} WARNING - /home/***/.local/lib/python3.12/site-packages/***/task/task_runner/standard_task_runner.py:70: DeprecationWarning: This process (pid=2237) is multi-threaded, use of fork() may lead to deadlocks in the child.
  pid = os.fork()

[2024-09-27T22:19:34.339+0000] {standard_task_runner.py:72} INFO - Started process 2263 to run task
[2024-09-27T22:19:34.352+0000] {standard_task_runner.py:104} INFO - Running: ['***', 'tasks', 'run', 'scrape_and_save_share_prices_with_company_data', 'create_company_table', 'scheduled__2024-01-02T00:00:00+00:00', '--job-id', '2524', '--raw', '--subdir', 'DAGS_FOLDER/dag.py', '--cfg-path', '/tmp/tmpd9b02361']
[2024-09-27T22:19:34.356+0000] {standard_task_runner.py:105} INFO - Job 2524: Subtask create_company_table
[2024-09-27T22:19:34.891+0000] {task_command.py:467} INFO - Running <TaskInstance: scrape_and_save_share_prices_with_company_data.create_company_table scheduled__2024-01-02T00:00:00+00:00 [running]> on host fd62fe12432d
[2024-09-27T22:19:35.867+0000] {taskinstance.py:3131} INFO - Exporting env vars: AIRFLOW_CTX_DAG_OWNER='***' AIRFLOW_CTX_DAG_ID='scrape_and_save_share_prices_with_company_data' AIRFLOW_CTX_TASK_ID='create_company_table' AIRFLOW_CTX_EXECUTION_DATE='2024-01-02T00:00:00+00:00' AIRFLOW_CTX_TRY_NUMBER='1' AIRFLOW_CTX_DAG_RUN_ID='scheduled__2024-01-02T00:00:00+00:00'
[2024-09-27T22:19:35.872+0000] {logging_mixin.py:190} INFO - Task instance is in running state
[2024-09-27T22:19:35.873+0000] {logging_mixin.py:190} INFO -  Previous state of the Task instance: queued
[2024-09-27T22:19:35.875+0000] {logging_mixin.py:190} INFO - Current task name:create_company_table state:running start_date:2024-09-27 22:19:33.594745+00:00
[2024-09-27T22:19:35.876+0000] {logging_mixin.py:190} INFO - Dag name:scrape_and_save_share_prices_with_company_data and current dag run status:running
[2024-09-27T22:19:35.878+0000] {taskinstance.py:731} INFO - ::endgroup::
[2024-09-27T22:19:35.961+0000] {base.py:84} INFO - Retrieving connection 'dse_connection'
[2024-09-27T22:19:35.987+0000] {sql.py:509} INFO - Running statement: 
        CREATE TABLE IF NOT EXISTS company_list (
            company_id SERIAL PRIMARY KEY,
            company_trade_name VARCHAR(255) NOT NULL,
            company_url VARCHAR(255) NOT NULL,
            UNIQUE(company_trade_name)
        );
    , parameters: None
[2024-09-27T22:19:35.995+0000] {python.py:240} INFO - Done. Returned value was: None
[2024-09-27T22:19:36.083+0000] {taskinstance.py:340} INFO - ::group::Post task execution logs
[2024-09-27T22:19:36.084+0000] {taskinstance.py:352} INFO - Marking task as SUCCESS. dag_id=scrape_and_save_share_prices_with_company_data, task_id=create_company_table, run_id=scheduled__2024-01-02T00:00:00+00:00, execution_date=20240102T000000, start_date=20240927T221933, end_date=20240927T221936
[2024-09-27T22:19:36.135+0000] {logging_mixin.py:190} INFO - Task instance in success state
[2024-09-27T22:19:36.136+0000] {logging_mixin.py:190} INFO -  Previous state of the Task instance: running
[2024-09-27T22:19:36.137+0000] {logging_mixin.py:190} INFO - Dag name:scrape_and_save_share_prices_with_company_data queued_at:2024-09-27 22:19:20.375833+00:00
[2024-09-27T22:19:36.138+0000] {logging_mixin.py:190} INFO - Task hostname:fd62fe12432d operator:PythonOperator
[2024-09-27T22:19:36.212+0000] {local_task_job_runner.py:266} INFO - Task exited with return code 0
[2024-09-27T22:19:36.264+0000] {local_task_job_runner.py:245} INFO - ::endgroup::
[2024-09-27T22:57:02.039+0000] {local_task_job_runner.py:123} INFO - ::group::Pre task execution logs
[2024-09-27T22:57:02.284+0000] {taskinstance.py:2612} INFO - Dependencies all met for dep_context=non-requeueable deps ti=<TaskInstance: scrape_and_save_share_prices_with_company_data.create_company_table scheduled__2024-01-02T00:00:00+00:00 [queued]>
[2024-09-27T22:57:02.367+0000] {taskinstance.py:2612} INFO - Dependencies all met for dep_context=requeueable deps ti=<TaskInstance: scrape_and_save_share_prices_with_company_data.create_company_table scheduled__2024-01-02T00:00:00+00:00 [queued]>
[2024-09-27T22:57:02.368+0000] {taskinstance.py:2865} INFO - Starting attempt 1 of 2
[2024-09-27T22:57:02.432+0000] {taskinstance.py:2888} INFO - Executing <Task(PythonOperator): create_company_table> on 2024-01-02 00:00:00+00:00
[2024-09-27T22:57:02.462+0000] {warnings.py:112} WARNING - /home/***/.local/lib/python3.12/site-packages/***/task/task_runner/standard_task_runner.py:70: DeprecationWarning: This process (pid=1921) is multi-threaded, use of fork() may lead to deadlocks in the child.
  pid = os.fork()

[2024-09-27T22:57:02.482+0000] {standard_task_runner.py:72} INFO - Started process 1950 to run task
[2024-09-27T22:57:02.485+0000] {standard_task_runner.py:104} INFO - Running: ['***', 'tasks', 'run', 'scrape_and_save_share_prices_with_company_data', 'create_company_table', 'scheduled__2024-01-02T00:00:00+00:00', '--job-id', '2983', '--raw', '--subdir', 'DAGS_FOLDER/dag.py', '--cfg-path', '/tmp/tmpf_l0hrd9']
[2024-09-27T22:57:02.493+0000] {standard_task_runner.py:105} INFO - Job 2983: Subtask create_company_table
[2024-09-27T22:57:02.750+0000] {task_command.py:467} INFO - Running <TaskInstance: scrape_and_save_share_prices_with_company_data.create_company_table scheduled__2024-01-02T00:00:00+00:00 [running]> on host 7746de5121f6
[2024-09-27T22:57:03.510+0000] {taskinstance.py:3131} INFO - Exporting env vars: AIRFLOW_CTX_DAG_OWNER='***' AIRFLOW_CTX_DAG_ID='scrape_and_save_share_prices_with_company_data' AIRFLOW_CTX_TASK_ID='create_company_table' AIRFLOW_CTX_EXECUTION_DATE='2024-01-02T00:00:00+00:00' AIRFLOW_CTX_TRY_NUMBER='1' AIRFLOW_CTX_DAG_RUN_ID='scheduled__2024-01-02T00:00:00+00:00'
[2024-09-27T22:57:03.512+0000] {logging_mixin.py:190} INFO - Task instance is in running state
[2024-09-27T22:57:03.514+0000] {logging_mixin.py:190} INFO -  Previous state of the Task instance: queued
[2024-09-27T22:57:03.515+0000] {logging_mixin.py:190} INFO - Current task name:create_company_table state:running start_date:2024-09-27 22:57:02.299479+00:00
[2024-09-27T22:57:03.516+0000] {logging_mixin.py:190} INFO - Dag name:scrape_and_save_share_prices_with_company_data and current dag run status:running
[2024-09-27T22:57:03.520+0000] {taskinstance.py:731} INFO - ::endgroup::
[2024-09-27T22:57:03.582+0000] {base.py:84} INFO - Retrieving connection 'dse_connection'
[2024-09-27T22:57:03.624+0000] {sql.py:509} INFO - Running statement: 
        CREATE TABLE IF NOT EXISTS company_list (
            company_id SERIAL PRIMARY KEY,
            company_trade_name VARCHAR(255) NOT NULL,
            company_url VARCHAR(255) NOT NULL,
            UNIQUE(company_trade_name)
        );
    , parameters: None
[2024-09-27T22:57:03.648+0000] {python.py:240} INFO - Done. Returned value was: None
[2024-09-27T22:57:03.708+0000] {taskinstance.py:340} INFO - ::group::Post task execution logs
[2024-09-27T22:57:03.709+0000] {taskinstance.py:352} INFO - Marking task as SUCCESS. dag_id=scrape_and_save_share_prices_with_company_data, task_id=create_company_table, run_id=scheduled__2024-01-02T00:00:00+00:00, execution_date=20240102T000000, start_date=20240927T225702, end_date=20240927T225703
[2024-09-27T22:57:03.776+0000] {logging_mixin.py:190} INFO - Task instance in success state
[2024-09-27T22:57:03.779+0000] {logging_mixin.py:190} INFO -  Previous state of the Task instance: running
[2024-09-27T22:57:03.788+0000] {logging_mixin.py:190} INFO - Dag name:scrape_and_save_share_prices_with_company_data queued_at:2024-09-27 22:56:52.980098+00:00
[2024-09-27T22:57:03.789+0000] {logging_mixin.py:190} INFO - Task hostname:7746de5121f6 operator:PythonOperator
[2024-09-27T22:57:03.852+0000] {local_task_job_runner.py:266} INFO - Task exited with return code 0
[2024-09-27T22:57:03.972+0000] {taskinstance.py:3900} INFO - 1 downstream tasks scheduled from follow-on schedule check
[2024-09-27T22:57:03.992+0000] {local_task_job_runner.py:245} INFO - ::endgroup::
