[2024-09-27T19:11:17.978+0000] {local_task_job_runner.py:123} INFO - ::group::Pre task execution logs
[2024-09-27T19:11:18.120+0000] {taskinstance.py:2612} INFO - Dependencies all met for dep_context=non-requeueable deps ti=<TaskInstance: scrape_and_save_share_prices_with_company_data.create_company_table scheduled__2024-04-01T00:00:00+00:00 [queued]>
[2024-09-27T19:11:18.173+0000] {taskinstance.py:2612} INFO - Dependencies all met for dep_context=requeueable deps ti=<TaskInstance: scrape_and_save_share_prices_with_company_data.create_company_table scheduled__2024-04-01T00:00:00+00:00 [queued]>
[2024-09-27T19:11:18.178+0000] {taskinstance.py:2865} INFO - Starting attempt 1 of 2
[2024-09-27T19:11:18.285+0000] {taskinstance.py:2888} INFO - Executing <Task(PythonOperator): create_company_table> on 2024-04-01 00:00:00+00:00
[2024-09-27T19:11:18.353+0000] {warnings.py:112} WARNING - /home/***/.local/lib/python3.12/site-packages/***/task/task_runner/standard_task_runner.py:70: DeprecationWarning: This process (pid=135) is multi-threaded, use of fork() may lead to deadlocks in the child.
  pid = os.fork()

[2024-09-27T19:11:18.368+0000] {standard_task_runner.py:72} INFO - Started process 162 to run task
[2024-09-27T19:11:18.358+0000] {standard_task_runner.py:104} INFO - Running: ['***', 'tasks', 'run', 'scrape_and_save_share_prices_with_company_data', 'create_company_table', 'scheduled__2024-04-01T00:00:00+00:00', '--job-id', '1981', '--raw', '--subdir', 'DAGS_FOLDER/dag.py', '--cfg-path', '/tmp/tmpadi39vbg']
[2024-09-27T19:11:18.475+0000] {standard_task_runner.py:105} INFO - Job 1981: Subtask create_company_table
[2024-09-27T19:11:19.279+0000] {task_command.py:467} INFO - Running <TaskInstance: scrape_and_save_share_prices_with_company_data.create_company_table scheduled__2024-04-01T00:00:00+00:00 [running]> on host f199b4684a92
[2024-09-27T19:11:19.958+0000] {taskinstance.py:3131} INFO - Exporting env vars: AIRFLOW_CTX_DAG_OWNER='***' AIRFLOW_CTX_DAG_ID='scrape_and_save_share_prices_with_company_data' AIRFLOW_CTX_TASK_ID='create_company_table' AIRFLOW_CTX_EXECUTION_DATE='2024-04-01T00:00:00+00:00' AIRFLOW_CTX_TRY_NUMBER='1' AIRFLOW_CTX_DAG_RUN_ID='scheduled__2024-04-01T00:00:00+00:00'
[2024-09-27T19:11:19.975+0000] {logging_mixin.py:190} INFO - Task instance is in running state
[2024-09-27T19:11:19.985+0000] {logging_mixin.py:190} INFO -  Previous state of the Task instance: queued
[2024-09-27T19:11:20.001+0000] {logging_mixin.py:190} INFO - Current task name:create_company_table state:running start_date:2024-09-27 19:11:18.122304+00:00
[2024-09-27T19:11:20.002+0000] {logging_mixin.py:190} INFO - Dag name:scrape_and_save_share_prices_with_company_data and current dag run status:running
[2024-09-27T19:11:20.017+0000] {taskinstance.py:731} INFO - ::endgroup::
[2024-09-27T19:11:20.210+0000] {base.py:84} INFO - Retrieving connection 'dse_connection'
[2024-09-27T19:11:41.412+0000] {logging_mixin.py:190} INFO - Error creating company table: connection to server at "172.23.0.3", port 5432 failed: Connection refused
	Is the server running on that host and accepting TCP/IP connections?
[2024-09-27T19:11:41.414+0000] {python.py:240} INFO - Done. Returned value was: None
[2024-09-27T19:11:41.565+0000] {taskinstance.py:340} INFO - ::group::Post task execution logs
[2024-09-27T19:11:41.568+0000] {taskinstance.py:352} INFO - Marking task as SUCCESS. dag_id=scrape_and_save_share_prices_with_company_data, task_id=create_company_table, run_id=scheduled__2024-04-01T00:00:00+00:00, execution_date=20240401T000000, start_date=20240927T191118, end_date=20240927T191141
[2024-09-27T19:11:41.851+0000] {logging_mixin.py:190} INFO - Task instance in success state
[2024-09-27T19:11:41.852+0000] {logging_mixin.py:190} INFO -  Previous state of the Task instance: running
[2024-09-27T19:11:41.853+0000] {logging_mixin.py:190} INFO - Dag name:scrape_and_save_share_prices_with_company_data queued_at:2024-09-27 19:10:59.051505+00:00
[2024-09-27T19:11:41.854+0000] {logging_mixin.py:190} INFO - Task hostname:f199b4684a92 operator:PythonOperator
[2024-09-27T19:11:41.926+0000] {local_task_job_runner.py:266} INFO - Task exited with return code 0
[2024-09-27T19:11:41.991+0000] {taskinstance.py:3900} INFO - 1 downstream tasks scheduled from follow-on schedule check
[2024-09-27T19:11:41.996+0000] {local_task_job_runner.py:245} INFO - ::endgroup::
[2024-09-27T23:13:21.765+0000] {local_task_job_runner.py:123} INFO - ::group::Pre task execution logs
[2024-09-27T23:13:21.878+0000] {taskinstance.py:2612} INFO - Dependencies all met for dep_context=non-requeueable deps ti=<TaskInstance: scrape_and_save_share_prices_with_company_data.create_company_table scheduled__2024-04-01T00:00:00+00:00 [queued]>
[2024-09-27T23:13:21.938+0000] {taskinstance.py:2612} INFO - Dependencies all met for dep_context=requeueable deps ti=<TaskInstance: scrape_and_save_share_prices_with_company_data.create_company_table scheduled__2024-04-01T00:00:00+00:00 [queued]>
[2024-09-27T23:13:21.980+0000] {taskinstance.py:2865} INFO - Starting attempt 1 of 2
[2024-09-27T23:13:22.456+0000] {taskinstance.py:2888} INFO - Executing <Task(PythonOperator): create_company_table> on 2024-04-01 00:00:00+00:00
[2024-09-27T23:13:22.492+0000] {warnings.py:112} WARNING - /home/***/.local/lib/python3.12/site-packages/***/task/task_runner/standard_task_runner.py:70: DeprecationWarning: This process (pid=3549) is multi-threaded, use of fork() may lead to deadlocks in the child.
  pid = os.fork()

[2024-09-27T23:13:22.510+0000] {standard_task_runner.py:72} INFO - Started process 3577 to run task
[2024-09-27T23:13:22.513+0000] {standard_task_runner.py:104} INFO - Running: ['***', 'tasks', 'run', 'scrape_and_save_share_prices_with_company_data', 'create_company_table', 'scheduled__2024-04-01T00:00:00+00:00', '--job-id', '3346', '--raw', '--subdir', 'DAGS_FOLDER/dag.py', '--cfg-path', '/tmp/tmprv9dvx6x']
[2024-09-27T23:13:22.532+0000] {standard_task_runner.py:105} INFO - Job 3346: Subtask create_company_table
[2024-09-27T23:13:22.756+0000] {task_command.py:467} INFO - Running <TaskInstance: scrape_and_save_share_prices_with_company_data.create_company_table scheduled__2024-04-01T00:00:00+00:00 [running]> on host 7746de5121f6
[2024-09-27T23:13:23.245+0000] {taskinstance.py:3131} INFO - Exporting env vars: AIRFLOW_CTX_DAG_OWNER='***' AIRFLOW_CTX_DAG_ID='scrape_and_save_share_prices_with_company_data' AIRFLOW_CTX_TASK_ID='create_company_table' AIRFLOW_CTX_EXECUTION_DATE='2024-04-01T00:00:00+00:00' AIRFLOW_CTX_TRY_NUMBER='1' AIRFLOW_CTX_DAG_RUN_ID='scheduled__2024-04-01T00:00:00+00:00'
[2024-09-27T23:13:23.248+0000] {logging_mixin.py:190} INFO - Task instance is in running state
[2024-09-27T23:13:23.249+0000] {logging_mixin.py:190} INFO -  Previous state of the Task instance: queued
[2024-09-27T23:13:23.251+0000] {logging_mixin.py:190} INFO - Current task name:create_company_table state:running start_date:2024-09-27 23:13:21.879953+00:00
[2024-09-27T23:13:23.252+0000] {logging_mixin.py:190} INFO - Dag name:scrape_and_save_share_prices_with_company_data and current dag run status:running
[2024-09-27T23:13:23.255+0000] {taskinstance.py:731} INFO - ::endgroup::
[2024-09-27T23:13:23.318+0000] {base.py:84} INFO - Retrieving connection 'dse_connection'
[2024-09-27T23:13:23.346+0000] {sql.py:509} INFO - Running statement: 
        CREATE TABLE IF NOT EXISTS company_list (
            company_id SERIAL PRIMARY KEY,
            company_trade_name VARCHAR(255) NOT NULL,
            company_url VARCHAR(255) NOT NULL,
            UNIQUE(company_trade_name)
        );
    , parameters: None
[2024-09-27T23:13:23.361+0000] {python.py:240} INFO - Done. Returned value was: None
[2024-09-27T23:13:23.422+0000] {taskinstance.py:340} INFO - ::group::Post task execution logs
[2024-09-27T23:13:23.432+0000] {taskinstance.py:352} INFO - Marking task as SUCCESS. dag_id=scrape_and_save_share_prices_with_company_data, task_id=create_company_table, run_id=scheduled__2024-04-01T00:00:00+00:00, execution_date=20240401T000000, start_date=20240927T231321, end_date=20240927T231323
[2024-09-27T23:13:23.531+0000] {logging_mixin.py:190} INFO - Task instance in success state
[2024-09-27T23:13:23.540+0000] {logging_mixin.py:190} INFO -  Previous state of the Task instance: running
[2024-09-27T23:13:23.541+0000] {logging_mixin.py:190} INFO - Dag name:scrape_and_save_share_prices_with_company_data queued_at:2024-09-27 23:13:13.401218+00:00
[2024-09-27T23:13:23.543+0000] {logging_mixin.py:190} INFO - Task hostname:7746de5121f6 operator:PythonOperator
[2024-09-27T23:13:23.672+0000] {local_task_job_runner.py:266} INFO - Task exited with return code 0
[2024-09-27T23:13:23.766+0000] {local_task_job_runner.py:245} INFO - ::endgroup::
