[2024-09-27T18:25:53.436+0000] {local_task_job_runner.py:123} INFO - ::group::Pre task execution logs
[2024-09-27T18:25:53.555+0000] {taskinstance.py:2612} INFO - Dependencies all met for dep_context=non-requeueable deps ti=<TaskInstance: scrape_and_save_share_prices_with_company_data.create_share_prices_table scheduled__2023-12-11T00:00:00+00:00 [queued]>
[2024-09-27T18:25:53.642+0000] {taskinstance.py:2612} INFO - Dependencies all met for dep_context=requeueable deps ti=<TaskInstance: scrape_and_save_share_prices_with_company_data.create_share_prices_table scheduled__2023-12-11T00:00:00+00:00 [queued]>
[2024-09-27T18:25:53.650+0000] {taskinstance.py:2865} INFO - Starting attempt 1 of 2
[2024-09-27T18:25:53.801+0000] {taskinstance.py:2888} INFO - Executing <Task(PythonOperator): create_share_prices_table> on 2023-12-11 00:00:00+00:00
[2024-09-27T18:25:53.877+0000] {warnings.py:112} WARNING - /home/***/.local/lib/python3.12/site-packages/***/task/task_runner/standard_task_runner.py:70: DeprecationWarning: This process (pid=13117) is multi-threaded, use of fork() may lead to deadlocks in the child.
  pid = os.fork()

[2024-09-27T18:25:53.894+0000] {standard_task_runner.py:104} INFO - Running: ['***', 'tasks', 'run', 'scrape_and_save_share_prices_with_company_data', 'create_share_prices_table', 'scheduled__2023-12-11T00:00:00+00:00', '--job-id', '1398', '--raw', '--subdir', 'DAGS_FOLDER/dag.py', '--cfg-path', '/tmp/tmprigitk47']
[2024-09-27T18:25:53.931+0000] {standard_task_runner.py:105} INFO - Job 1398: Subtask create_share_prices_table
[2024-09-27T18:25:53.939+0000] {standard_task_runner.py:72} INFO - Started process 13155 to run task
[2024-09-27T18:25:54.136+0000] {task_command.py:467} INFO - Running <TaskInstance: scrape_and_save_share_prices_with_company_data.create_share_prices_table scheduled__2023-12-11T00:00:00+00:00 [running]> on host 13b5797a93ab
[2024-09-27T18:25:54.749+0000] {taskinstance.py:3131} INFO - Exporting env vars: AIRFLOW_CTX_DAG_OWNER='***' AIRFLOW_CTX_DAG_ID='scrape_and_save_share_prices_with_company_data' AIRFLOW_CTX_TASK_ID='create_share_prices_table' AIRFLOW_CTX_EXECUTION_DATE='2023-12-11T00:00:00+00:00' AIRFLOW_CTX_TRY_NUMBER='1' AIRFLOW_CTX_DAG_RUN_ID='scheduled__2023-12-11T00:00:00+00:00'
[2024-09-27T18:25:54.755+0000] {logging_mixin.py:190} INFO - Task instance is in running state
[2024-09-27T18:25:54.765+0000] {logging_mixin.py:190} INFO -  Previous state of the Task instance: queued
[2024-09-27T18:25:54.766+0000] {logging_mixin.py:190} INFO - Current task name:create_share_prices_table state:running start_date:2024-09-27 18:25:53.579285+00:00
[2024-09-27T18:25:54.767+0000] {logging_mixin.py:190} INFO - Dag name:scrape_and_save_share_prices_with_company_data and current dag run status:running
[2024-09-27T18:25:54.768+0000] {taskinstance.py:731} INFO - ::endgroup::
[2024-09-27T18:25:54.902+0000] {base.py:84} INFO - Retrieving connection 'dse_connection'
[2024-09-27T18:25:54.980+0000] {sql.py:509} INFO - Running statement: 
        CREATE TABLE IF NOT EXISTS company_share_prices (
            id SERIAL,
            company_id INTEGER NOT NULL,
            date DATE,
            latest_trading_price VARCHAR(50),
            low_price VARCHAR(50),
            high_price VARCHAR(50),
            closing_price VARCHAR(50),
            ycp VARCHAR(50),
            change VARCHAR(10),
            trade VARCHAR(50),
            value VARCHAR(50),
            volume VARCHAR(50),
            PRIMARY KEY(company_id, id),
            FOREIGN KEY(company_id)
                REFERENCES company_list(company_id)
                ON UPDATE CASCADE ON DELETE CASCADE
        );
    , parameters: None
[2024-09-27T18:25:55.023+0000] {python.py:240} INFO - Done. Returned value was: None
[2024-09-27T18:25:55.160+0000] {taskinstance.py:340} INFO - ::group::Post task execution logs
[2024-09-27T18:25:55.162+0000] {taskinstance.py:352} INFO - Marking task as SUCCESS. dag_id=scrape_and_save_share_prices_with_company_data, task_id=create_share_prices_table, run_id=scheduled__2023-12-11T00:00:00+00:00, execution_date=20231211T000000, start_date=20240927T182553, end_date=20240927T182555
[2024-09-27T18:25:55.200+0000] {logging_mixin.py:190} INFO - Task instance in success state
[2024-09-27T18:25:55.220+0000] {logging_mixin.py:190} INFO -  Previous state of the Task instance: running
[2024-09-27T18:25:55.222+0000] {logging_mixin.py:190} INFO - Dag name:scrape_and_save_share_prices_with_company_data queued_at:2024-09-27 18:24:25.637030+00:00
[2024-09-27T18:25:55.225+0000] {logging_mixin.py:190} INFO - Task hostname:13b5797a93ab operator:PythonOperator
[2024-09-27T18:25:55.341+0000] {local_task_job_runner.py:266} INFO - Task exited with return code 0
[2024-09-27T18:25:55.465+0000] {taskinstance.py:3900} INFO - 1 downstream tasks scheduled from follow-on schedule check
[2024-09-27T18:25:55.477+0000] {local_task_job_runner.py:245} INFO - ::endgroup::
[2024-09-27T22:15:16.778+0000] {local_task_job_runner.py:123} INFO - ::group::Pre task execution logs
[2024-09-27T22:15:16.874+0000] {taskinstance.py:2612} INFO - Dependencies all met for dep_context=non-requeueable deps ti=<TaskInstance: scrape_and_save_share_prices_with_company_data.create_share_prices_table scheduled__2023-12-11T00:00:00+00:00 [queued]>
[2024-09-27T22:15:16.905+0000] {taskinstance.py:2612} INFO - Dependencies all met for dep_context=requeueable deps ti=<TaskInstance: scrape_and_save_share_prices_with_company_data.create_share_prices_table scheduled__2023-12-11T00:00:00+00:00 [queued]>
[2024-09-27T22:15:16.906+0000] {taskinstance.py:2865} INFO - Starting attempt 1 of 2
[2024-09-27T22:15:16.943+0000] {taskinstance.py:2888} INFO - Executing <Task(PythonOperator): create_share_prices_table> on 2023-12-11 00:00:00+00:00
[2024-09-27T22:15:16.962+0000] {warnings.py:112} WARNING - /home/***/.local/lib/python3.12/site-packages/***/task/task_runner/standard_task_runner.py:70: DeprecationWarning: This process (pid=1934) is multi-threaded, use of fork() may lead to deadlocks in the child.
  pid = os.fork()

[2024-09-27T22:15:16.966+0000] {standard_task_runner.py:72} INFO - Started process 1986 to run task
[2024-09-27T22:15:16.974+0000] {standard_task_runner.py:104} INFO - Running: ['***', 'tasks', 'run', 'scrape_and_save_share_prices_with_company_data', 'create_share_prices_table', 'scheduled__2023-12-11T00:00:00+00:00', '--job-id', '2461', '--raw', '--subdir', 'DAGS_FOLDER/dag.py', '--cfg-path', '/tmp/tmp9t58fk8g']
[2024-09-27T22:15:16.977+0000] {standard_task_runner.py:105} INFO - Job 2461: Subtask create_share_prices_table
[2024-09-27T22:15:17.180+0000] {task_command.py:467} INFO - Running <TaskInstance: scrape_and_save_share_prices_with_company_data.create_share_prices_table scheduled__2023-12-11T00:00:00+00:00 [running]> on host fd62fe12432d
[2024-09-27T22:15:17.623+0000] {taskinstance.py:3131} INFO - Exporting env vars: AIRFLOW_CTX_DAG_OWNER='***' AIRFLOW_CTX_DAG_ID='scrape_and_save_share_prices_with_company_data' AIRFLOW_CTX_TASK_ID='create_share_prices_table' AIRFLOW_CTX_EXECUTION_DATE='2023-12-11T00:00:00+00:00' AIRFLOW_CTX_TRY_NUMBER='1' AIRFLOW_CTX_DAG_RUN_ID='scheduled__2023-12-11T00:00:00+00:00'
[2024-09-27T22:15:17.626+0000] {logging_mixin.py:190} INFO - Task instance is in running state
[2024-09-27T22:15:17.627+0000] {logging_mixin.py:190} INFO -  Previous state of the Task instance: queued
[2024-09-27T22:15:17.628+0000] {logging_mixin.py:190} INFO - Current task name:create_share_prices_table state:running start_date:2024-09-27 22:15:16.875257+00:00
[2024-09-27T22:15:17.630+0000] {logging_mixin.py:190} INFO - Dag name:scrape_and_save_share_prices_with_company_data and current dag run status:running
[2024-09-27T22:15:17.631+0000] {taskinstance.py:731} INFO - ::endgroup::
[2024-09-27T22:15:17.650+0000] {base.py:84} INFO - Retrieving connection 'dse_connection'
[2024-09-27T22:15:17.666+0000] {sql.py:509} INFO - Running statement: 
        CREATE TABLE IF NOT EXISTS company_share_prices (
            id SERIAL,
            company_id INTEGER NOT NULL,
            date DATE,
            latest_trading_price VARCHAR(50),
            low_price VARCHAR(50),
            high_price VARCHAR(50),
            closing_price VARCHAR(50),
            ycp VARCHAR(50),
            change VARCHAR(10),
            trade VARCHAR(50),
            value VARCHAR(50),
            volume VARCHAR(50),
            PRIMARY KEY(company_id, id),
            FOREIGN KEY(company_id)
                REFERENCES company_list(company_id)
                ON UPDATE CASCADE ON DELETE CASCADE
        );
    , parameters: None
[2024-09-27T22:15:17.678+0000] {python.py:240} INFO - Done. Returned value was: None
[2024-09-27T22:15:17.730+0000] {taskinstance.py:340} INFO - ::group::Post task execution logs
[2024-09-27T22:15:17.732+0000] {taskinstance.py:352} INFO - Marking task as SUCCESS. dag_id=scrape_and_save_share_prices_with_company_data, task_id=create_share_prices_table, run_id=scheduled__2023-12-11T00:00:00+00:00, execution_date=20231211T000000, start_date=20240927T221516, end_date=20240927T221517
[2024-09-27T22:15:17.770+0000] {logging_mixin.py:190} INFO - Task instance in success state
[2024-09-27T22:15:17.771+0000] {logging_mixin.py:190} INFO -  Previous state of the Task instance: running
[2024-09-27T22:15:17.773+0000] {logging_mixin.py:190} INFO - Dag name:scrape_and_save_share_prices_with_company_data queued_at:2024-09-27 22:13:27.941851+00:00
[2024-09-27T22:15:17.775+0000] {logging_mixin.py:190} INFO - Task hostname:fd62fe12432d operator:PythonOperator
[2024-09-27T22:15:17.819+0000] {local_task_job_runner.py:266} INFO - Task exited with return code 0
[2024-09-27T22:15:17.925+0000] {taskinstance.py:3900} INFO - 1 downstream tasks scheduled from follow-on schedule check
[2024-09-27T22:15:17.932+0000] {local_task_job_runner.py:245} INFO - ::endgroup::
[2024-09-27T22:54:06.323+0000] {local_task_job_runner.py:123} INFO - ::group::Pre task execution logs
[2024-09-27T22:54:06.370+0000] {taskinstance.py:2612} INFO - Dependencies all met for dep_context=non-requeueable deps ti=<TaskInstance: scrape_and_save_share_prices_with_company_data.create_share_prices_table scheduled__2023-12-11T00:00:00+00:00 [queued]>
[2024-09-27T22:54:06.396+0000] {taskinstance.py:2612} INFO - Dependencies all met for dep_context=requeueable deps ti=<TaskInstance: scrape_and_save_share_prices_with_company_data.create_share_prices_table scheduled__2023-12-11T00:00:00+00:00 [queued]>
[2024-09-27T22:54:06.397+0000] {taskinstance.py:2865} INFO - Starting attempt 1 of 2
[2024-09-27T22:54:06.465+0000] {taskinstance.py:2888} INFO - Executing <Task(PythonOperator): create_share_prices_table> on 2023-12-11 00:00:00+00:00
[2024-09-27T22:54:06.500+0000] {warnings.py:112} WARNING - /home/***/.local/lib/python3.12/site-packages/***/task/task_runner/standard_task_runner.py:70: DeprecationWarning: This process (pid=1621) is multi-threaded, use of fork() may lead to deadlocks in the child.
  pid = os.fork()

[2024-09-27T22:54:06.504+0000] {standard_task_runner.py:72} INFO - Started process 1640 to run task
[2024-09-27T22:54:06.507+0000] {standard_task_runner.py:104} INFO - Running: ['***', 'tasks', 'run', 'scrape_and_save_share_prices_with_company_data', 'create_share_prices_table', 'scheduled__2023-12-11T00:00:00+00:00', '--job-id', '2915', '--raw', '--subdir', 'DAGS_FOLDER/dag.py', '--cfg-path', '/tmp/tmp1ha8x6oh']
[2024-09-27T22:54:06.516+0000] {standard_task_runner.py:105} INFO - Job 2915: Subtask create_share_prices_table
[2024-09-27T22:54:06.755+0000] {task_command.py:467} INFO - Running <TaskInstance: scrape_and_save_share_prices_with_company_data.create_share_prices_table scheduled__2023-12-11T00:00:00+00:00 [running]> on host 7746de5121f6
[2024-09-27T22:54:07.020+0000] {taskinstance.py:3131} INFO - Exporting env vars: AIRFLOW_CTX_DAG_OWNER='***' AIRFLOW_CTX_DAG_ID='scrape_and_save_share_prices_with_company_data' AIRFLOW_CTX_TASK_ID='create_share_prices_table' AIRFLOW_CTX_EXECUTION_DATE='2023-12-11T00:00:00+00:00' AIRFLOW_CTX_TRY_NUMBER='1' AIRFLOW_CTX_DAG_RUN_ID='scheduled__2023-12-11T00:00:00+00:00'
[2024-09-27T22:54:07.023+0000] {logging_mixin.py:190} INFO - Task instance is in running state
[2024-09-27T22:54:07.024+0000] {logging_mixin.py:190} INFO -  Previous state of the Task instance: queued
[2024-09-27T22:54:07.026+0000] {logging_mixin.py:190} INFO - Current task name:create_share_prices_table state:running start_date:2024-09-27 22:54:06.371387+00:00
[2024-09-27T22:54:07.027+0000] {logging_mixin.py:190} INFO - Dag name:scrape_and_save_share_prices_with_company_data and current dag run status:running
[2024-09-27T22:54:07.028+0000] {taskinstance.py:731} INFO - ::endgroup::
[2024-09-27T22:54:07.055+0000] {base.py:84} INFO - Retrieving connection 'dse_connection'
[2024-09-27T22:54:07.070+0000] {sql.py:509} INFO - Running statement: 
        CREATE TABLE IF NOT EXISTS company_share_prices (
            id SERIAL,
            company_id INTEGER NOT NULL,
            date DATE,
            latest_trading_price VARCHAR(50),
            low_price VARCHAR(50),
            high_price VARCHAR(50),
            closing_price VARCHAR(50),
            ycp VARCHAR(50),
            change VARCHAR(10),
            trade VARCHAR(50),
            value VARCHAR(50),
            volume VARCHAR(50),
            PRIMARY KEY(company_id, id),
            FOREIGN KEY(company_id)
                REFERENCES company_list(company_id)
                ON UPDATE CASCADE ON DELETE CASCADE
        );
    , parameters: None
[2024-09-27T22:54:07.073+0000] {python.py:240} INFO - Done. Returned value was: None
[2024-09-27T22:54:07.094+0000] {taskinstance.py:340} INFO - ::group::Post task execution logs
[2024-09-27T22:54:07.095+0000] {taskinstance.py:352} INFO - Marking task as SUCCESS. dag_id=scrape_and_save_share_prices_with_company_data, task_id=create_share_prices_table, run_id=scheduled__2023-12-11T00:00:00+00:00, execution_date=20231211T000000, start_date=20240927T225406, end_date=20240927T225407
[2024-09-27T22:54:07.117+0000] {logging_mixin.py:190} INFO - Task instance in success state
[2024-09-27T22:54:07.121+0000] {logging_mixin.py:190} INFO -  Previous state of the Task instance: running
[2024-09-27T22:54:07.122+0000] {logging_mixin.py:190} INFO - Dag name:scrape_and_save_share_prices_with_company_data queued_at:2024-09-27 22:53:04.252386+00:00
[2024-09-27T22:54:07.123+0000] {logging_mixin.py:190} INFO - Task hostname:7746de5121f6 operator:PythonOperator
[2024-09-27T22:54:07.162+0000] {local_task_job_runner.py:266} INFO - Task exited with return code 0
[2024-09-27T22:54:07.225+0000] {taskinstance.py:3900} INFO - 1 downstream tasks scheduled from follow-on schedule check
[2024-09-27T22:54:07.229+0000] {local_task_job_runner.py:245} INFO - ::endgroup::
