[2024-09-27T18:31:53.352+0000] {local_task_job_runner.py:123} INFO - ::group::Pre task execution logs
[2024-09-27T18:31:53.585+0000] {taskinstance.py:2612} INFO - Dependencies all met for dep_context=non-requeueable deps ti=<TaskInstance: scrape_and_save_share_prices_with_company_data.create_share_prices_table scheduled__2024-01-05T00:00:00+00:00 [queued]>
[2024-09-27T18:31:53.757+0000] {taskinstance.py:2612} INFO - Dependencies all met for dep_context=requeueable deps ti=<TaskInstance: scrape_and_save_share_prices_with_company_data.create_share_prices_table scheduled__2024-01-05T00:00:00+00:00 [queued]>
[2024-09-27T18:31:53.784+0000] {taskinstance.py:2865} INFO - Starting attempt 1 of 2
[2024-09-27T18:31:54.015+0000] {taskinstance.py:2888} INFO - Executing <Task(PythonOperator): create_share_prices_table> on 2024-01-05 00:00:00+00:00
[2024-09-27T18:31:54.075+0000] {standard_task_runner.py:104} INFO - Running: ['***', 'tasks', 'run', 'scrape_and_save_share_prices_with_company_data', 'create_share_prices_table', 'scheduled__2024-01-05T00:00:00+00:00', '--job-id', '1501', '--raw', '--subdir', 'DAGS_FOLDER/dag.py', '--cfg-path', '/tmp/tmpipecnt69']
[2024-09-27T18:31:54.093+0000] {standard_task_runner.py:105} INFO - Job 1501: Subtask create_share_prices_table
[2024-09-27T18:31:54.087+0000] {warnings.py:112} WARNING - /home/***/.local/lib/python3.12/site-packages/***/task/task_runner/standard_task_runner.py:70: DeprecationWarning: This process (pid=13595) is multi-threaded, use of fork() may lead to deadlocks in the child.
  pid = os.fork()

[2024-09-27T18:31:54.121+0000] {standard_task_runner.py:72} INFO - Started process 13622 to run task
[2024-09-27T18:31:54.441+0000] {task_command.py:467} INFO - Running <TaskInstance: scrape_and_save_share_prices_with_company_data.create_share_prices_table scheduled__2024-01-05T00:00:00+00:00 [running]> on host 13b5797a93ab
[2024-09-27T18:31:54.910+0000] {taskinstance.py:3131} INFO - Exporting env vars: AIRFLOW_CTX_DAG_OWNER='***' AIRFLOW_CTX_DAG_ID='scrape_and_save_share_prices_with_company_data' AIRFLOW_CTX_TASK_ID='create_share_prices_table' AIRFLOW_CTX_EXECUTION_DATE='2024-01-05T00:00:00+00:00' AIRFLOW_CTX_TRY_NUMBER='1' AIRFLOW_CTX_DAG_RUN_ID='scheduled__2024-01-05T00:00:00+00:00'
[2024-09-27T18:31:54.934+0000] {logging_mixin.py:190} INFO - Task instance is in running state
[2024-09-27T18:31:54.945+0000] {logging_mixin.py:190} INFO -  Previous state of the Task instance: queued
[2024-09-27T18:31:54.952+0000] {logging_mixin.py:190} INFO - Current task name:create_share_prices_table state:running start_date:2024-09-27 18:31:53.598600+00:00
[2024-09-27T18:31:54.955+0000] {logging_mixin.py:190} INFO - Dag name:scrape_and_save_share_prices_with_company_data and current dag run status:running
[2024-09-27T18:31:54.970+0000] {taskinstance.py:731} INFO - ::endgroup::
[2024-09-27T18:31:55.093+0000] {base.py:84} INFO - Retrieving connection 'dse_connection'
[2024-09-27T18:31:55.133+0000] {sql.py:509} INFO - Running statement: 
        CREATE TABLE IF NOT EXISTS company_share_prices (
            id SERIAL,
            company_id INTEGER NOT NULL,
            date DATE,
            latest_trading_price VARCHAR(50),
            low_price VARCHAR(50),
            high_price VARCHAR(50),
            closing_price VARCHAR(50),
            ycp VARCHAR(50),
            change VARCHAR(10),
            trade VARCHAR(50),
            value VARCHAR(50),
            volume VARCHAR(50),
            PRIMARY KEY(company_id, id),
            FOREIGN KEY(company_id)
                REFERENCES company_list(company_id)
                ON UPDATE CASCADE ON DELETE CASCADE
        );
    , parameters: None
[2024-09-27T18:31:55.149+0000] {python.py:240} INFO - Done. Returned value was: None
[2024-09-27T18:31:55.215+0000] {taskinstance.py:340} INFO - ::group::Post task execution logs
[2024-09-27T18:31:55.219+0000] {taskinstance.py:352} INFO - Marking task as SUCCESS. dag_id=scrape_and_save_share_prices_with_company_data, task_id=create_share_prices_table, run_id=scheduled__2024-01-05T00:00:00+00:00, execution_date=20240105T000000, start_date=20240927T183153, end_date=20240927T183155
[2024-09-27T18:31:55.286+0000] {logging_mixin.py:190} INFO - Task instance in success state
[2024-09-27T18:31:55.296+0000] {logging_mixin.py:190} INFO -  Previous state of the Task instance: running
[2024-09-27T18:31:55.301+0000] {logging_mixin.py:190} INFO - Dag name:scrape_and_save_share_prices_with_company_data queued_at:2024-09-27 18:30:39.003479+00:00
[2024-09-27T18:31:55.305+0000] {logging_mixin.py:190} INFO - Task hostname:13b5797a93ab operator:PythonOperator
[2024-09-27T18:31:55.353+0000] {local_task_job_runner.py:266} INFO - Task exited with return code 0
[2024-09-27T18:31:55.530+0000] {taskinstance.py:3900} INFO - 1 downstream tasks scheduled from follow-on schedule check
[2024-09-27T18:31:55.566+0000] {local_task_job_runner.py:245} INFO - ::endgroup::
[2024-09-27T22:22:49.594+0000] {local_task_job_runner.py:123} INFO - ::group::Pre task execution logs
[2024-09-27T22:22:49.644+0000] {taskinstance.py:2612} INFO - Dependencies all met for dep_context=non-requeueable deps ti=<TaskInstance: scrape_and_save_share_prices_with_company_data.create_share_prices_table scheduled__2024-01-05T00:00:00+00:00 [queued]>
[2024-09-27T22:22:49.676+0000] {taskinstance.py:2612} INFO - Dependencies all met for dep_context=requeueable deps ti=<TaskInstance: scrape_and_save_share_prices_with_company_data.create_share_prices_table scheduled__2024-01-05T00:00:00+00:00 [queued]>
[2024-09-27T22:22:49.690+0000] {taskinstance.py:2865} INFO - Starting attempt 1 of 2
[2024-09-27T22:22:50.330+0000] {taskinstance.py:2888} INFO - Executing <Task(PythonOperator): create_share_prices_table> on 2024-01-05 00:00:00+00:00
[2024-09-27T22:22:50.392+0000] {warnings.py:112} WARNING - /home/***/.local/lib/python3.12/site-packages/***/task/task_runner/standard_task_runner.py:70: DeprecationWarning: This process (pid=2441) is multi-threaded, use of fork() may lead to deadlocks in the child.
  pid = os.fork()

[2024-09-27T22:22:50.398+0000] {standard_task_runner.py:72} INFO - Started process 2466 to run task
[2024-09-27T22:22:50.418+0000] {standard_task_runner.py:104} INFO - Running: ['***', 'tasks', 'run', 'scrape_and_save_share_prices_with_company_data', 'create_share_prices_table', 'scheduled__2024-01-05T00:00:00+00:00', '--job-id', '2565', '--raw', '--subdir', 'DAGS_FOLDER/dag.py', '--cfg-path', '/tmp/tmpcdt032xy']
[2024-09-27T22:22:50.442+0000] {standard_task_runner.py:105} INFO - Job 2565: Subtask create_share_prices_table
[2024-09-27T22:22:50.761+0000] {task_command.py:467} INFO - Running <TaskInstance: scrape_and_save_share_prices_with_company_data.create_share_prices_table scheduled__2024-01-05T00:00:00+00:00 [running]> on host fd62fe12432d
[2024-09-27T22:22:51.454+0000] {taskinstance.py:3131} INFO - Exporting env vars: AIRFLOW_CTX_DAG_OWNER='***' AIRFLOW_CTX_DAG_ID='scrape_and_save_share_prices_with_company_data' AIRFLOW_CTX_TASK_ID='create_share_prices_table' AIRFLOW_CTX_EXECUTION_DATE='2024-01-05T00:00:00+00:00' AIRFLOW_CTX_TRY_NUMBER='1' AIRFLOW_CTX_DAG_RUN_ID='scheduled__2024-01-05T00:00:00+00:00'
[2024-09-27T22:22:51.467+0000] {logging_mixin.py:190} INFO - Task instance is in running state
[2024-09-27T22:22:51.477+0000] {logging_mixin.py:190} INFO -  Previous state of the Task instance: queued
[2024-09-27T22:22:51.482+0000] {logging_mixin.py:190} INFO - Current task name:create_share_prices_table state:running start_date:2024-09-27 22:22:49.650873+00:00
[2024-09-27T22:22:51.484+0000] {logging_mixin.py:190} INFO - Dag name:scrape_and_save_share_prices_with_company_data and current dag run status:running
[2024-09-27T22:22:51.495+0000] {taskinstance.py:731} INFO - ::endgroup::
[2024-09-27T22:22:51.572+0000] {base.py:84} INFO - Retrieving connection 'dse_connection'
[2024-09-27T22:22:51.639+0000] {sql.py:509} INFO - Running statement: 
        CREATE TABLE IF NOT EXISTS company_share_prices (
            id SERIAL,
            company_id INTEGER NOT NULL,
            date DATE,
            latest_trading_price VARCHAR(50),
            low_price VARCHAR(50),
            high_price VARCHAR(50),
            closing_price VARCHAR(50),
            ycp VARCHAR(50),
            change VARCHAR(10),
            trade VARCHAR(50),
            value VARCHAR(50),
            volume VARCHAR(50),
            PRIMARY KEY(company_id, id),
            FOREIGN KEY(company_id)
                REFERENCES company_list(company_id)
                ON UPDATE CASCADE ON DELETE CASCADE
        );
    , parameters: None
[2024-09-27T22:22:51.671+0000] {python.py:240} INFO - Done. Returned value was: None
[2024-09-27T22:22:51.728+0000] {taskinstance.py:340} INFO - ::group::Post task execution logs
[2024-09-27T22:22:51.736+0000] {taskinstance.py:352} INFO - Marking task as SUCCESS. dag_id=scrape_and_save_share_prices_with_company_data, task_id=create_share_prices_table, run_id=scheduled__2024-01-05T00:00:00+00:00, execution_date=20240105T000000, start_date=20240927T222249, end_date=20240927T222251
[2024-09-27T22:22:51.873+0000] {logging_mixin.py:190} INFO - Task instance in success state
[2024-09-27T22:22:51.940+0000] {logging_mixin.py:190} INFO -  Previous state of the Task instance: running
[2024-09-27T22:22:51.942+0000] {logging_mixin.py:190} INFO - Dag name:scrape_and_save_share_prices_with_company_data queued_at:2024-09-27 22:21:12.297733+00:00
[2024-09-27T22:22:51.956+0000] {logging_mixin.py:190} INFO - Task hostname:fd62fe12432d operator:PythonOperator
[2024-09-27T22:22:52.095+0000] {local_task_job_runner.py:266} INFO - Task exited with return code 0
[2024-09-27T22:22:52.566+0000] {taskinstance.py:3900} INFO - 1 downstream tasks scheduled from follow-on schedule check
[2024-09-27T22:22:52.613+0000] {local_task_job_runner.py:245} INFO - ::endgroup::
[2024-09-27T22:58:24.197+0000] {local_task_job_runner.py:123} INFO - ::group::Pre task execution logs
[2024-09-27T22:58:24.326+0000] {taskinstance.py:2612} INFO - Dependencies all met for dep_context=non-requeueable deps ti=<TaskInstance: scrape_and_save_share_prices_with_company_data.create_share_prices_table scheduled__2024-01-05T00:00:00+00:00 [queued]>
[2024-09-27T22:58:24.402+0000] {taskinstance.py:2612} INFO - Dependencies all met for dep_context=requeueable deps ti=<TaskInstance: scrape_and_save_share_prices_with_company_data.create_share_prices_table scheduled__2024-01-05T00:00:00+00:00 [queued]>
[2024-09-27T22:58:24.424+0000] {taskinstance.py:2865} INFO - Starting attempt 1 of 2
[2024-09-27T22:58:24.519+0000] {taskinstance.py:2888} INFO - Executing <Task(PythonOperator): create_share_prices_table> on 2024-01-05 00:00:00+00:00
[2024-09-27T22:58:24.544+0000] {warnings.py:112} WARNING - /home/***/.local/lib/python3.12/site-packages/***/task/task_runner/standard_task_runner.py:70: DeprecationWarning: This process (pid=2035) is multi-threaded, use of fork() may lead to deadlocks in the child.
  pid = os.fork()

[2024-09-27T22:58:24.554+0000] {standard_task_runner.py:104} INFO - Running: ['***', 'tasks', 'run', 'scrape_and_save_share_prices_with_company_data', 'create_share_prices_table', 'scheduled__2024-01-05T00:00:00+00:00', '--job-id', '3011', '--raw', '--subdir', 'DAGS_FOLDER/dag.py', '--cfg-path', '/tmp/tmp9qugy1c4']
[2024-09-27T22:58:24.559+0000] {standard_task_runner.py:105} INFO - Job 3011: Subtask create_share_prices_table
[2024-09-27T22:58:24.551+0000] {standard_task_runner.py:72} INFO - Started process 2075 to run task
[2024-09-27T22:58:24.811+0000] {task_command.py:467} INFO - Running <TaskInstance: scrape_and_save_share_prices_with_company_data.create_share_prices_table scheduled__2024-01-05T00:00:00+00:00 [running]> on host 7746de5121f6
[2024-09-27T22:58:25.424+0000] {taskinstance.py:3131} INFO - Exporting env vars: AIRFLOW_CTX_DAG_OWNER='***' AIRFLOW_CTX_DAG_ID='scrape_and_save_share_prices_with_company_data' AIRFLOW_CTX_TASK_ID='create_share_prices_table' AIRFLOW_CTX_EXECUTION_DATE='2024-01-05T00:00:00+00:00' AIRFLOW_CTX_TRY_NUMBER='1' AIRFLOW_CTX_DAG_RUN_ID='scheduled__2024-01-05T00:00:00+00:00'
[2024-09-27T22:58:25.427+0000] {logging_mixin.py:190} INFO - Task instance is in running state
[2024-09-27T22:58:25.429+0000] {logging_mixin.py:190} INFO -  Previous state of the Task instance: queued
[2024-09-27T22:58:25.430+0000] {logging_mixin.py:190} INFO - Current task name:create_share_prices_table state:running start_date:2024-09-27 22:58:24.341757+00:00
[2024-09-27T22:58:25.431+0000] {logging_mixin.py:190} INFO - Dag name:scrape_and_save_share_prices_with_company_data and current dag run status:running
[2024-09-27T22:58:25.433+0000] {taskinstance.py:731} INFO - ::endgroup::
[2024-09-27T22:58:25.518+0000] {base.py:84} INFO - Retrieving connection 'dse_connection'
[2024-09-27T22:58:25.613+0000] {sql.py:509} INFO - Running statement: 
        CREATE TABLE IF NOT EXISTS company_share_prices (
            id SERIAL,
            company_id INTEGER NOT NULL,
            date DATE,
            latest_trading_price VARCHAR(50),
            low_price VARCHAR(50),
            high_price VARCHAR(50),
            closing_price VARCHAR(50),
            ycp VARCHAR(50),
            change VARCHAR(10),
            trade VARCHAR(50),
            value VARCHAR(50),
            volume VARCHAR(50),
            PRIMARY KEY(company_id, id),
            FOREIGN KEY(company_id)
                REFERENCES company_list(company_id)
                ON UPDATE CASCADE ON DELETE CASCADE
        );
    , parameters: None
[2024-09-27T22:58:25.618+0000] {python.py:240} INFO - Done. Returned value was: None
[2024-09-27T22:58:25.643+0000] {taskinstance.py:340} INFO - ::group::Post task execution logs
[2024-09-27T22:58:25.644+0000] {taskinstance.py:352} INFO - Marking task as SUCCESS. dag_id=scrape_and_save_share_prices_with_company_data, task_id=create_share_prices_table, run_id=scheduled__2024-01-05T00:00:00+00:00, execution_date=20240105T000000, start_date=20240927T225824, end_date=20240927T225825
[2024-09-27T22:58:25.737+0000] {logging_mixin.py:190} INFO - Task instance in success state
[2024-09-27T22:58:25.742+0000] {logging_mixin.py:190} INFO -  Previous state of the Task instance: running
[2024-09-27T22:58:25.750+0000] {logging_mixin.py:190} INFO - Dag name:scrape_and_save_share_prices_with_company_data queued_at:2024-09-27 22:56:55.685168+00:00
[2024-09-27T22:58:25.752+0000] {logging_mixin.py:190} INFO - Task hostname:7746de5121f6 operator:PythonOperator
[2024-09-27T22:58:25.789+0000] {local_task_job_runner.py:266} INFO - Task exited with return code 0
[2024-09-27T22:58:25.836+0000] {local_task_job_runner.py:245} INFO - ::endgroup::
