[2024-09-27T18:11:39.815+0000] {local_task_job_runner.py:123} INFO - ::group::Pre task execution logs
[2024-09-27T18:11:39.892+0000] {taskinstance.py:2612} INFO - Dependencies all met for dep_context=non-requeueable deps ti=<TaskInstance: scrape_and_save_share_prices_with_company_data.create_company_table scheduled__2023-10-14T00:00:00+00:00 [queued]>
[2024-09-27T18:11:39.919+0000] {taskinstance.py:2612} INFO - Dependencies all met for dep_context=requeueable deps ti=<TaskInstance: scrape_and_save_share_prices_with_company_data.create_company_table scheduled__2023-10-14T00:00:00+00:00 [queued]>
[2024-09-27T18:11:39.921+0000] {taskinstance.py:2865} INFO - Starting attempt 1 of 2
[2024-09-27T18:11:39.981+0000] {taskinstance.py:2888} INFO - Executing <Task(PythonOperator): create_company_table> on 2023-10-14 00:00:00+00:00
[2024-09-27T18:11:40.001+0000] {warnings.py:112} WARNING - /home/***/.local/lib/python3.12/site-packages/***/task/task_runner/standard_task_runner.py:70: DeprecationWarning: This process (pid=11981) is multi-threaded, use of fork() may lead to deadlocks in the child.
  pid = os.fork()

[2024-09-27T18:11:40.011+0000] {standard_task_runner.py:72} INFO - Started process 12005 to run task
[2024-09-27T18:11:40.014+0000] {standard_task_runner.py:104} INFO - Running: ['***', 'tasks', 'run', 'scrape_and_save_share_prices_with_company_data', 'create_company_table', 'scheduled__2023-10-14T00:00:00+00:00', '--job-id', '1148', '--raw', '--subdir', 'DAGS_FOLDER/dag.py', '--cfg-path', '/tmp/tmpqtmx879w']
[2024-09-27T18:11:40.018+0000] {standard_task_runner.py:105} INFO - Job 1148: Subtask create_company_table
[2024-09-27T18:11:40.231+0000] {task_command.py:467} INFO - Running <TaskInstance: scrape_and_save_share_prices_with_company_data.create_company_table scheduled__2023-10-14T00:00:00+00:00 [running]> on host 13b5797a93ab
[2024-09-27T18:11:40.594+0000] {taskinstance.py:3131} INFO - Exporting env vars: AIRFLOW_CTX_DAG_OWNER='***' AIRFLOW_CTX_DAG_ID='scrape_and_save_share_prices_with_company_data' AIRFLOW_CTX_TASK_ID='create_company_table' AIRFLOW_CTX_EXECUTION_DATE='2023-10-14T00:00:00+00:00' AIRFLOW_CTX_TRY_NUMBER='1' AIRFLOW_CTX_DAG_RUN_ID='scheduled__2023-10-14T00:00:00+00:00'
[2024-09-27T18:11:40.600+0000] {logging_mixin.py:190} INFO - Task instance is in running state
[2024-09-27T18:11:40.604+0000] {logging_mixin.py:190} INFO -  Previous state of the Task instance: queued
[2024-09-27T18:11:40.606+0000] {logging_mixin.py:190} INFO - Current task name:create_company_table state:running start_date:2024-09-27 18:11:39.894129+00:00
[2024-09-27T18:11:40.607+0000] {logging_mixin.py:190} INFO - Dag name:scrape_and_save_share_prices_with_company_data and current dag run status:running
[2024-09-27T18:11:40.613+0000] {taskinstance.py:731} INFO - ::endgroup::
[2024-09-27T18:11:40.634+0000] {base.py:84} INFO - Retrieving connection 'dse_connection'
[2024-09-27T18:11:40.646+0000] {sql.py:509} INFO - Running statement: 
        CREATE TABLE IF NOT EXISTS company_list (
            company_id SERIAL PRIMARY KEY,
            company_trade_name VARCHAR(255) NOT NULL,
            company_url VARCHAR(255) NOT NULL,
            UNIQUE(company_trade_name)
        );
    , parameters: None
[2024-09-27T18:11:40.650+0000] {python.py:240} INFO - Done. Returned value was: None
[2024-09-27T18:11:40.673+0000] {taskinstance.py:340} INFO - ::group::Post task execution logs
[2024-09-27T18:11:40.674+0000] {taskinstance.py:352} INFO - Marking task as SUCCESS. dag_id=scrape_and_save_share_prices_with_company_data, task_id=create_company_table, run_id=scheduled__2023-10-14T00:00:00+00:00, execution_date=20231014T000000, start_date=20240927T181139, end_date=20240927T181140
[2024-09-27T18:11:40.704+0000] {logging_mixin.py:190} INFO - Task instance in success state
[2024-09-27T18:11:40.714+0000] {logging_mixin.py:190} INFO -  Previous state of the Task instance: running
[2024-09-27T18:11:40.715+0000] {logging_mixin.py:190} INFO - Dag name:scrape_and_save_share_prices_with_company_data queued_at:2024-09-27 18:11:32.364681+00:00
[2024-09-27T18:11:40.717+0000] {logging_mixin.py:190} INFO - Task hostname:13b5797a93ab operator:PythonOperator
[2024-09-27T18:11:40.785+0000] {local_task_job_runner.py:266} INFO - Task exited with return code 0
[2024-09-27T18:11:40.898+0000] {taskinstance.py:3900} INFO - 1 downstream tasks scheduled from follow-on schedule check
[2024-09-27T18:11:40.905+0000] {local_task_job_runner.py:245} INFO - ::endgroup::
[2024-09-27T21:59:23.492+0000] {local_task_job_runner.py:123} INFO - ::group::Pre task execution logs
[2024-09-27T21:59:23.516+0000] {taskinstance.py:2612} INFO - Dependencies all met for dep_context=non-requeueable deps ti=<TaskInstance: scrape_and_save_share_prices_with_company_data.create_company_table scheduled__2023-10-14T00:00:00+00:00 [queued]>
[2024-09-27T21:59:23.525+0000] {taskinstance.py:2612} INFO - Dependencies all met for dep_context=requeueable deps ti=<TaskInstance: scrape_and_save_share_prices_with_company_data.create_company_table scheduled__2023-10-14T00:00:00+00:00 [queued]>
[2024-09-27T21:59:23.525+0000] {taskinstance.py:2865} INFO - Starting attempt 1 of 2
[2024-09-27T21:59:23.541+0000] {taskinstance.py:2888} INFO - Executing <Task(PythonOperator): create_company_table> on 2023-10-14 00:00:00+00:00
[2024-09-27T21:59:23.550+0000] {warnings.py:112} WARNING - /home/***/.local/lib/python3.12/site-packages/***/task/task_runner/standard_task_runner.py:70: DeprecationWarning: This process (pid=715) is multi-threaded, use of fork() may lead to deadlocks in the child.
  pid = os.fork()

[2024-09-27T21:59:23.552+0000] {standard_task_runner.py:72} INFO - Started process 717 to run task
[2024-09-27T21:59:23.552+0000] {standard_task_runner.py:104} INFO - Running: ['***', 'tasks', 'run', 'scrape_and_save_share_prices_with_company_data', 'create_company_table', 'scheduled__2023-10-14T00:00:00+00:00', '--job-id', '2189', '--raw', '--subdir', 'DAGS_FOLDER/dag.py', '--cfg-path', '/tmp/tmp50_ol_r1']
[2024-09-27T21:59:23.554+0000] {standard_task_runner.py:105} INFO - Job 2189: Subtask create_company_table
[2024-09-27T21:59:23.612+0000] {task_command.py:467} INFO - Running <TaskInstance: scrape_and_save_share_prices_with_company_data.create_company_table scheduled__2023-10-14T00:00:00+00:00 [running]> on host fd62fe12432d
[2024-09-27T21:59:23.712+0000] {taskinstance.py:3131} INFO - Exporting env vars: AIRFLOW_CTX_DAG_OWNER='***' AIRFLOW_CTX_DAG_ID='scrape_and_save_share_prices_with_company_data' AIRFLOW_CTX_TASK_ID='create_company_table' AIRFLOW_CTX_EXECUTION_DATE='2023-10-14T00:00:00+00:00' AIRFLOW_CTX_TRY_NUMBER='1' AIRFLOW_CTX_DAG_RUN_ID='scheduled__2023-10-14T00:00:00+00:00'
[2024-09-27T21:59:23.713+0000] {logging_mixin.py:190} INFO - Task instance is in running state
[2024-09-27T21:59:23.714+0000] {logging_mixin.py:190} INFO -  Previous state of the Task instance: queued
[2024-09-27T21:59:23.715+0000] {logging_mixin.py:190} INFO - Current task name:create_company_table state:running start_date:2024-09-27 21:59:23.517452+00:00
[2024-09-27T21:59:23.716+0000] {logging_mixin.py:190} INFO - Dag name:scrape_and_save_share_prices_with_company_data and current dag run status:running
[2024-09-27T21:59:23.716+0000] {taskinstance.py:731} INFO - ::endgroup::
[2024-09-27T21:59:23.726+0000] {base.py:84} INFO - Retrieving connection 'dse_connection'
[2024-09-27T21:59:23.731+0000] {sql.py:509} INFO - Running statement: 
        CREATE TABLE IF NOT EXISTS company_list (
            company_id SERIAL PRIMARY KEY,
            company_trade_name VARCHAR(255) NOT NULL,
            company_url VARCHAR(255) NOT NULL,
            UNIQUE(company_trade_name)
        );
    , parameters: None
[2024-09-27T21:59:23.734+0000] {python.py:240} INFO - Done. Returned value was: None
[2024-09-27T21:59:23.745+0000] {taskinstance.py:340} INFO - ::group::Post task execution logs
[2024-09-27T21:59:23.746+0000] {taskinstance.py:352} INFO - Marking task as SUCCESS. dag_id=scrape_and_save_share_prices_with_company_data, task_id=create_company_table, run_id=scheduled__2023-10-14T00:00:00+00:00, execution_date=20231014T000000, start_date=20240927T215923, end_date=20240927T215923
[2024-09-27T21:59:23.758+0000] {logging_mixin.py:190} INFO - Task instance in success state
[2024-09-27T21:59:23.759+0000] {logging_mixin.py:190} INFO -  Previous state of the Task instance: running
[2024-09-27T21:59:23.759+0000] {logging_mixin.py:190} INFO - Dag name:scrape_and_save_share_prices_with_company_data queued_at:2024-09-27 21:59:21.670368+00:00
[2024-09-27T21:59:23.760+0000] {logging_mixin.py:190} INFO - Task hostname:fd62fe12432d operator:PythonOperator
[2024-09-27T21:59:23.808+0000] {local_task_job_runner.py:266} INFO - Task exited with return code 0
[2024-09-27T21:59:23.837+0000] {taskinstance.py:3900} INFO - 1 downstream tasks scheduled from follow-on schedule check
[2024-09-27T21:59:23.842+0000] {local_task_job_runner.py:245} INFO - ::endgroup::
[2024-09-27T22:39:13.211+0000] {local_task_job_runner.py:123} INFO - ::group::Pre task execution logs
[2024-09-27T22:39:13.277+0000] {taskinstance.py:2612} INFO - Dependencies all met for dep_context=non-requeueable deps ti=<TaskInstance: scrape_and_save_share_prices_with_company_data.create_company_table scheduled__2023-10-14T00:00:00+00:00 [queued]>
[2024-09-27T22:39:13.324+0000] {taskinstance.py:2612} INFO - Dependencies all met for dep_context=requeueable deps ti=<TaskInstance: scrape_and_save_share_prices_with_company_data.create_company_table scheduled__2023-10-14T00:00:00+00:00 [queued]>
[2024-09-27T22:39:13.325+0000] {taskinstance.py:2865} INFO - Starting attempt 1 of 2
[2024-09-27T22:39:13.379+0000] {taskinstance.py:2888} INFO - Executing <Task(PythonOperator): create_company_table> on 2023-10-14 00:00:00+00:00
[2024-09-27T22:39:13.401+0000] {warnings.py:112} WARNING - /home/***/.local/lib/python3.12/site-packages/***/task/task_runner/standard_task_runner.py:70: DeprecationWarning: This process (pid=403) is multi-threaded, use of fork() may lead to deadlocks in the child.
  pid = os.fork()

[2024-09-27T22:39:13.408+0000] {standard_task_runner.py:72} INFO - Started process 419 to run task
[2024-09-27T22:39:13.422+0000] {standard_task_runner.py:104} INFO - Running: ['***', 'tasks', 'run', 'scrape_and_save_share_prices_with_company_data', 'create_company_table', 'scheduled__2023-10-14T00:00:00+00:00', '--job-id', '2644', '--raw', '--subdir', 'DAGS_FOLDER/dag.py', '--cfg-path', '/tmp/tmpijuvkoe9']
[2024-09-27T22:39:13.425+0000] {standard_task_runner.py:105} INFO - Job 2644: Subtask create_company_table
[2024-09-27T22:39:13.632+0000] {task_command.py:467} INFO - Running <TaskInstance: scrape_and_save_share_prices_with_company_data.create_company_table scheduled__2023-10-14T00:00:00+00:00 [running]> on host 7746de5121f6
[2024-09-27T22:39:13.958+0000] {taskinstance.py:3131} INFO - Exporting env vars: AIRFLOW_CTX_DAG_OWNER='***' AIRFLOW_CTX_DAG_ID='scrape_and_save_share_prices_with_company_data' AIRFLOW_CTX_TASK_ID='create_company_table' AIRFLOW_CTX_EXECUTION_DATE='2023-10-14T00:00:00+00:00' AIRFLOW_CTX_TRY_NUMBER='1' AIRFLOW_CTX_DAG_RUN_ID='scheduled__2023-10-14T00:00:00+00:00'
[2024-09-27T22:39:13.962+0000] {logging_mixin.py:190} INFO - Task instance is in running state
[2024-09-27T22:39:13.963+0000] {logging_mixin.py:190} INFO -  Previous state of the Task instance: queued
[2024-09-27T22:39:13.964+0000] {logging_mixin.py:190} INFO - Current task name:create_company_table state:running start_date:2024-09-27 22:39:13.280315+00:00
[2024-09-27T22:39:13.965+0000] {logging_mixin.py:190} INFO - Dag name:scrape_and_save_share_prices_with_company_data and current dag run status:running
[2024-09-27T22:39:13.966+0000] {taskinstance.py:731} INFO - ::endgroup::
[2024-09-27T22:39:13.993+0000] {base.py:84} INFO - Retrieving connection 'dse_connection'
[2024-09-27T22:39:14.015+0000] {sql.py:509} INFO - Running statement: 
        CREATE TABLE IF NOT EXISTS company_list (
            company_id SERIAL PRIMARY KEY,
            company_trade_name VARCHAR(255) NOT NULL,
            company_url VARCHAR(255) NOT NULL,
            UNIQUE(company_trade_name)
        );
    , parameters: None
[2024-09-27T22:39:14.021+0000] {python.py:240} INFO - Done. Returned value was: None
[2024-09-27T22:39:14.061+0000] {taskinstance.py:340} INFO - ::group::Post task execution logs
[2024-09-27T22:39:14.062+0000] {taskinstance.py:352} INFO - Marking task as SUCCESS. dag_id=scrape_and_save_share_prices_with_company_data, task_id=create_company_table, run_id=scheduled__2023-10-14T00:00:00+00:00, execution_date=20231014T000000, start_date=20240927T223913, end_date=20240927T223914
[2024-09-27T22:39:14.105+0000] {logging_mixin.py:190} INFO - Task instance in success state
[2024-09-27T22:39:14.106+0000] {logging_mixin.py:190} INFO -  Previous state of the Task instance: running
[2024-09-27T22:39:14.108+0000] {logging_mixin.py:190} INFO - Dag name:scrape_and_save_share_prices_with_company_data queued_at:2024-09-27 22:39:07.144212+00:00
[2024-09-27T22:39:14.109+0000] {logging_mixin.py:190} INFO - Task hostname:7746de5121f6 operator:PythonOperator
[2024-09-27T22:39:14.146+0000] {local_task_job_runner.py:266} INFO - Task exited with return code 0
[2024-09-27T22:39:14.227+0000] {taskinstance.py:3900} INFO - 1 downstream tasks scheduled from follow-on schedule check
[2024-09-27T22:39:14.240+0000] {local_task_job_runner.py:245} INFO - ::endgroup::
