[2024-09-27T18:17:32.362+0000] {local_task_job_runner.py:123} INFO - ::group::Pre task execution logs
[2024-09-27T18:17:32.428+0000] {taskinstance.py:2612} INFO - Dependencies all met for dep_context=non-requeueable deps ti=<TaskInstance: scrape_and_save_share_prices_with_company_data.create_share_prices_table scheduled__2023-11-04T00:00:00+00:00 [queued]>
[2024-09-27T18:17:32.480+0000] {taskinstance.py:2612} INFO - Dependencies all met for dep_context=requeueable deps ti=<TaskInstance: scrape_and_save_share_prices_with_company_data.create_share_prices_table scheduled__2023-11-04T00:00:00+00:00 [queued]>
[2024-09-27T18:17:32.484+0000] {taskinstance.py:2865} INFO - Starting attempt 1 of 2
[2024-09-27T18:17:32.548+0000] {taskinstance.py:2888} INFO - Executing <Task(PythonOperator): create_share_prices_table> on 2023-11-04 00:00:00+00:00
[2024-09-27T18:17:32.574+0000] {warnings.py:112} WARNING - /home/***/.local/lib/python3.12/site-packages/***/task/task_runner/standard_task_runner.py:70: DeprecationWarning: This process (pid=12514) is multi-threaded, use of fork() may lead to deadlocks in the child.
  pid = os.fork()

[2024-09-27T18:17:32.583+0000] {standard_task_runner.py:104} INFO - Running: ['***', 'tasks', 'run', 'scrape_and_save_share_prices_with_company_data', 'create_share_prices_table', 'scheduled__2023-11-04T00:00:00+00:00', '--job-id', '1264', '--raw', '--subdir', 'DAGS_FOLDER/dag.py', '--cfg-path', '/tmp/tmpj__eaa_j']
[2024-09-27T18:17:32.592+0000] {standard_task_runner.py:105} INFO - Job 1264: Subtask create_share_prices_table
[2024-09-27T18:17:32.584+0000] {standard_task_runner.py:72} INFO - Started process 12522 to run task
[2024-09-27T18:17:32.769+0000] {task_command.py:467} INFO - Running <TaskInstance: scrape_and_save_share_prices_with_company_data.create_share_prices_table scheduled__2023-11-04T00:00:00+00:00 [running]> on host 13b5797a93ab
[2024-09-27T18:17:33.491+0000] {taskinstance.py:3131} INFO - Exporting env vars: AIRFLOW_CTX_DAG_OWNER='***' AIRFLOW_CTX_DAG_ID='scrape_and_save_share_prices_with_company_data' AIRFLOW_CTX_TASK_ID='create_share_prices_table' AIRFLOW_CTX_EXECUTION_DATE='2023-11-04T00:00:00+00:00' AIRFLOW_CTX_TRY_NUMBER='1' AIRFLOW_CTX_DAG_RUN_ID='scheduled__2023-11-04T00:00:00+00:00'
[2024-09-27T18:17:33.498+0000] {logging_mixin.py:190} INFO - Task instance is in running state
[2024-09-27T18:17:33.506+0000] {logging_mixin.py:190} INFO -  Previous state of the Task instance: queued
[2024-09-27T18:17:33.517+0000] {logging_mixin.py:190} INFO - Current task name:create_share_prices_table state:running start_date:2024-09-27 18:17:32.440963+00:00
[2024-09-27T18:17:33.522+0000] {logging_mixin.py:190} INFO - Dag name:scrape_and_save_share_prices_with_company_data and current dag run status:running
[2024-09-27T18:17:33.526+0000] {taskinstance.py:731} INFO - ::endgroup::
[2024-09-27T18:17:33.602+0000] {base.py:84} INFO - Retrieving connection 'dse_connection'
[2024-09-27T18:17:33.646+0000] {sql.py:509} INFO - Running statement: 
        CREATE TABLE IF NOT EXISTS company_share_prices (
            id SERIAL,
            company_id INTEGER NOT NULL,
            date DATE,
            latest_trading_price VARCHAR(50),
            low_price VARCHAR(50),
            high_price VARCHAR(50),
            closing_price VARCHAR(50),
            ycp VARCHAR(50),
            change VARCHAR(10),
            trade VARCHAR(50),
            value VARCHAR(50),
            volume VARCHAR(50),
            PRIMARY KEY(company_id, id),
            FOREIGN KEY(company_id)
                REFERENCES company_list(company_id)
                ON UPDATE CASCADE ON DELETE CASCADE
        );
    , parameters: None
[2024-09-27T18:17:33.660+0000] {python.py:240} INFO - Done. Returned value was: None
[2024-09-27T18:17:33.735+0000] {taskinstance.py:340} INFO - ::group::Post task execution logs
[2024-09-27T18:17:33.738+0000] {taskinstance.py:352} INFO - Marking task as SUCCESS. dag_id=scrape_and_save_share_prices_with_company_data, task_id=create_share_prices_table, run_id=scheduled__2023-11-04T00:00:00+00:00, execution_date=20231104T000000, start_date=20240927T181732, end_date=20240927T181733
[2024-09-27T18:17:33.779+0000] {logging_mixin.py:190} INFO - Task instance in success state
[2024-09-27T18:17:33.781+0000] {logging_mixin.py:190} INFO -  Previous state of the Task instance: running
[2024-09-27T18:17:33.787+0000] {logging_mixin.py:190} INFO - Dag name:scrape_and_save_share_prices_with_company_data queued_at:2024-09-27 18:16:23.205631+00:00
[2024-09-27T18:17:33.788+0000] {logging_mixin.py:190} INFO - Task hostname:13b5797a93ab operator:PythonOperator
[2024-09-27T18:17:33.899+0000] {local_task_job_runner.py:266} INFO - Task exited with return code 0
[2024-09-27T18:17:33.957+0000] {local_task_job_runner.py:245} INFO - ::endgroup::
[2024-09-27T22:07:22.403+0000] {local_task_job_runner.py:123} INFO - ::group::Pre task execution logs
[2024-09-27T22:07:22.480+0000] {taskinstance.py:2612} INFO - Dependencies all met for dep_context=non-requeueable deps ti=<TaskInstance: scrape_and_save_share_prices_with_company_data.create_share_prices_table scheduled__2023-11-04T00:00:00+00:00 [queued]>
[2024-09-27T22:07:22.519+0000] {taskinstance.py:2612} INFO - Dependencies all met for dep_context=requeueable deps ti=<TaskInstance: scrape_and_save_share_prices_with_company_data.create_share_prices_table scheduled__2023-11-04T00:00:00+00:00 [queued]>
[2024-09-27T22:07:22.520+0000] {taskinstance.py:2865} INFO - Starting attempt 1 of 2
[2024-09-27T22:07:22.562+0000] {taskinstance.py:2888} INFO - Executing <Task(PythonOperator): create_share_prices_table> on 2023-11-04 00:00:00+00:00
[2024-09-27T22:07:22.585+0000] {warnings.py:112} WARNING - /home/***/.local/lib/python3.12/site-packages/***/task/task_runner/standard_task_runner.py:70: DeprecationWarning: This process (pid=1330) is multi-threaded, use of fork() may lead to deadlocks in the child.
  pid = os.fork()

[2024-09-27T22:07:22.598+0000] {standard_task_runner.py:72} INFO - Started process 1362 to run task
[2024-09-27T22:07:22.604+0000] {standard_task_runner.py:104} INFO - Running: ['***', 'tasks', 'run', 'scrape_and_save_share_prices_with_company_data', 'create_share_prices_table', 'scheduled__2023-11-04T00:00:00+00:00', '--job-id', '2328', '--raw', '--subdir', 'DAGS_FOLDER/dag.py', '--cfg-path', '/tmp/tmp_kdo4k77']
[2024-09-27T22:07:22.630+0000] {standard_task_runner.py:105} INFO - Job 2328: Subtask create_share_prices_table
[2024-09-27T22:07:22.875+0000] {task_command.py:467} INFO - Running <TaskInstance: scrape_and_save_share_prices_with_company_data.create_share_prices_table scheduled__2023-11-04T00:00:00+00:00 [running]> on host fd62fe12432d
[2024-09-27T22:07:23.350+0000] {taskinstance.py:3131} INFO - Exporting env vars: AIRFLOW_CTX_DAG_OWNER='***' AIRFLOW_CTX_DAG_ID='scrape_and_save_share_prices_with_company_data' AIRFLOW_CTX_TASK_ID='create_share_prices_table' AIRFLOW_CTX_EXECUTION_DATE='2023-11-04T00:00:00+00:00' AIRFLOW_CTX_TRY_NUMBER='1' AIRFLOW_CTX_DAG_RUN_ID='scheduled__2023-11-04T00:00:00+00:00'
[2024-09-27T22:07:23.359+0000] {logging_mixin.py:190} INFO - Task instance is in running state
[2024-09-27T22:07:23.370+0000] {logging_mixin.py:190} INFO -  Previous state of the Task instance: queued
[2024-09-27T22:07:23.371+0000] {logging_mixin.py:190} INFO - Current task name:create_share_prices_table state:running start_date:2024-09-27 22:07:22.497649+00:00
[2024-09-27T22:07:23.372+0000] {logging_mixin.py:190} INFO - Dag name:scrape_and_save_share_prices_with_company_data and current dag run status:running
[2024-09-27T22:07:23.373+0000] {taskinstance.py:731} INFO - ::endgroup::
[2024-09-27T22:07:23.490+0000] {base.py:84} INFO - Retrieving connection 'dse_connection'
[2024-09-27T22:07:23.511+0000] {sql.py:509} INFO - Running statement: 
        CREATE TABLE IF NOT EXISTS company_share_prices (
            id SERIAL,
            company_id INTEGER NOT NULL,
            date DATE,
            latest_trading_price VARCHAR(50),
            low_price VARCHAR(50),
            high_price VARCHAR(50),
            closing_price VARCHAR(50),
            ycp VARCHAR(50),
            change VARCHAR(10),
            trade VARCHAR(50),
            value VARCHAR(50),
            volume VARCHAR(50),
            PRIMARY KEY(company_id, id),
            FOREIGN KEY(company_id)
                REFERENCES company_list(company_id)
                ON UPDATE CASCADE ON DELETE CASCADE
        );
    , parameters: None
[2024-09-27T22:07:23.526+0000] {python.py:240} INFO - Done. Returned value was: None
[2024-09-27T22:07:23.574+0000] {taskinstance.py:340} INFO - ::group::Post task execution logs
[2024-09-27T22:07:23.575+0000] {taskinstance.py:352} INFO - Marking task as SUCCESS. dag_id=scrape_and_save_share_prices_with_company_data, task_id=create_share_prices_table, run_id=scheduled__2023-11-04T00:00:00+00:00, execution_date=20231104T000000, start_date=20240927T220722, end_date=20240927T220723
[2024-09-27T22:07:23.615+0000] {logging_mixin.py:190} INFO - Task instance in success state
[2024-09-27T22:07:23.621+0000] {logging_mixin.py:190} INFO -  Previous state of the Task instance: running
[2024-09-27T22:07:23.622+0000] {logging_mixin.py:190} INFO - Dag name:scrape_and_save_share_prices_with_company_data queued_at:2024-09-27 22:05:33.426814+00:00
[2024-09-27T22:07:23.623+0000] {logging_mixin.py:190} INFO - Task hostname:fd62fe12432d operator:PythonOperator
[2024-09-27T22:07:23.680+0000] {local_task_job_runner.py:266} INFO - Task exited with return code 0
[2024-09-27T22:07:23.720+0000] {local_task_job_runner.py:245} INFO - ::endgroup::
[2024-09-27T22:46:43.816+0000] {local_task_job_runner.py:123} INFO - ::group::Pre task execution logs
[2024-09-27T22:46:43.918+0000] {taskinstance.py:2612} INFO - Dependencies all met for dep_context=non-requeueable deps ti=<TaskInstance: scrape_and_save_share_prices_with_company_data.create_share_prices_table scheduled__2023-11-04T00:00:00+00:00 [queued]>
[2024-09-27T22:46:43.953+0000] {taskinstance.py:2612} INFO - Dependencies all met for dep_context=requeueable deps ti=<TaskInstance: scrape_and_save_share_prices_with_company_data.create_share_prices_table scheduled__2023-11-04T00:00:00+00:00 [queued]>
[2024-09-27T22:46:43.957+0000] {taskinstance.py:2865} INFO - Starting attempt 1 of 2
[2024-09-27T22:46:44.032+0000] {taskinstance.py:2888} INFO - Executing <Task(PythonOperator): create_share_prices_table> on 2023-11-04 00:00:00+00:00
[2024-09-27T22:46:44.079+0000] {standard_task_runner.py:104} INFO - Running: ['***', 'tasks', 'run', 'scrape_and_save_share_prices_with_company_data', 'create_share_prices_table', 'scheduled__2023-11-04T00:00:00+00:00', '--job-id', '2771', '--raw', '--subdir', 'DAGS_FOLDER/dag.py', '--cfg-path', '/tmp/tmplbzmuol3']
[2024-09-27T22:46:44.084+0000] {standard_task_runner.py:105} INFO - Job 2771: Subtask create_share_prices_table
[2024-09-27T22:46:44.093+0000] {warnings.py:112} WARNING - /home/***/.local/lib/python3.12/site-packages/***/task/task_runner/standard_task_runner.py:70: DeprecationWarning: This process (pid=983) is multi-threaded, use of fork() may lead to deadlocks in the child.
  pid = os.fork()

[2024-09-27T22:46:44.097+0000] {standard_task_runner.py:72} INFO - Started process 990 to run task
[2024-09-27T22:46:44.329+0000] {task_command.py:467} INFO - Running <TaskInstance: scrape_and_save_share_prices_with_company_data.create_share_prices_table scheduled__2023-11-04T00:00:00+00:00 [running]> on host 7746de5121f6
[2024-09-27T22:46:44.680+0000] {taskinstance.py:3131} INFO - Exporting env vars: AIRFLOW_CTX_DAG_OWNER='***' AIRFLOW_CTX_DAG_ID='scrape_and_save_share_prices_with_company_data' AIRFLOW_CTX_TASK_ID='create_share_prices_table' AIRFLOW_CTX_EXECUTION_DATE='2023-11-04T00:00:00+00:00' AIRFLOW_CTX_TRY_NUMBER='1' AIRFLOW_CTX_DAG_RUN_ID='scheduled__2023-11-04T00:00:00+00:00'
[2024-09-27T22:46:44.683+0000] {logging_mixin.py:190} INFO - Task instance is in running state
[2024-09-27T22:46:44.685+0000] {logging_mixin.py:190} INFO -  Previous state of the Task instance: queued
[2024-09-27T22:46:44.686+0000] {logging_mixin.py:190} INFO - Current task name:create_share_prices_table state:running start_date:2024-09-27 22:46:43.923322+00:00
[2024-09-27T22:46:44.687+0000] {logging_mixin.py:190} INFO - Dag name:scrape_and_save_share_prices_with_company_data and current dag run status:running
[2024-09-27T22:46:44.689+0000] {taskinstance.py:731} INFO - ::endgroup::
[2024-09-27T22:46:44.714+0000] {base.py:84} INFO - Retrieving connection 'dse_connection'
[2024-09-27T22:46:44.722+0000] {sql.py:509} INFO - Running statement: 
        CREATE TABLE IF NOT EXISTS company_share_prices (
            id SERIAL,
            company_id INTEGER NOT NULL,
            date DATE,
            latest_trading_price VARCHAR(50),
            low_price VARCHAR(50),
            high_price VARCHAR(50),
            closing_price VARCHAR(50),
            ycp VARCHAR(50),
            change VARCHAR(10),
            trade VARCHAR(50),
            value VARCHAR(50),
            volume VARCHAR(50),
            PRIMARY KEY(company_id, id),
            FOREIGN KEY(company_id)
                REFERENCES company_list(company_id)
                ON UPDATE CASCADE ON DELETE CASCADE
        );
    , parameters: None
[2024-09-27T22:46:44.725+0000] {python.py:240} INFO - Done. Returned value was: None
[2024-09-27T22:46:44.745+0000] {taskinstance.py:340} INFO - ::group::Post task execution logs
[2024-09-27T22:46:44.747+0000] {taskinstance.py:352} INFO - Marking task as SUCCESS. dag_id=scrape_and_save_share_prices_with_company_data, task_id=create_share_prices_table, run_id=scheduled__2023-11-04T00:00:00+00:00, execution_date=20231104T000000, start_date=20240927T224643, end_date=20240927T224644
[2024-09-27T22:46:44.774+0000] {logging_mixin.py:190} INFO - Task instance in success state
[2024-09-27T22:46:44.779+0000] {logging_mixin.py:190} INFO -  Previous state of the Task instance: running
[2024-09-27T22:46:44.780+0000] {logging_mixin.py:190} INFO - Dag name:scrape_and_save_share_prices_with_company_data queued_at:2024-09-27 22:45:02.555358+00:00
[2024-09-27T22:46:44.784+0000] {logging_mixin.py:190} INFO - Task hostname:7746de5121f6 operator:PythonOperator
[2024-09-27T22:46:44.846+0000] {local_task_job_runner.py:266} INFO - Task exited with return code 0
[2024-09-27T22:46:44.927+0000] {taskinstance.py:3900} INFO - 1 downstream tasks scheduled from follow-on schedule check
[2024-09-27T22:46:44.935+0000] {local_task_job_runner.py:245} INFO - ::endgroup::
