[2024-09-29T22:12:57.601+0000] {local_task_job_runner.py:123} INFO - ::group::Pre task execution logs
[2024-09-29T22:12:57.621+0000] {taskinstance.py:2612} INFO - Dependencies all met for dep_context=non-requeueable deps ti=<TaskInstance: scrape_and_save_share_prices_with_company_data.create_company_basic_table manual__2024-09-29T22:12:23.439623+00:00 [queued]>
[2024-09-29T22:12:57.632+0000] {taskinstance.py:2612} INFO - Dependencies all met for dep_context=requeueable deps ti=<TaskInstance: scrape_and_save_share_prices_with_company_data.create_company_basic_table manual__2024-09-29T22:12:23.439623+00:00 [queued]>
[2024-09-29T22:12:57.633+0000] {taskinstance.py:2865} INFO - Starting attempt 1 of 2
[2024-09-29T22:12:57.650+0000] {taskinstance.py:2888} INFO - Executing <Task(PythonOperator): create_company_basic_table> on 2024-09-29 22:12:23.439623+00:00
[2024-09-29T22:12:57.657+0000] {warnings.py:112} WARNING - /home/***/.local/lib/python3.12/site-packages/***/task/task_runner/standard_task_runner.py:70: DeprecationWarning: This process (pid=17624) is multi-threaded, use of fork() may lead to deadlocks in the child.
  pid = os.fork()

[2024-09-29T22:12:57.659+0000] {standard_task_runner.py:72} INFO - Started process 17626 to run task
[2024-09-29T22:12:57.660+0000] {standard_task_runner.py:104} INFO - Running: ['***', 'tasks', 'run', 'scrape_and_save_share_prices_with_company_data', 'create_company_basic_table', 'manual__2024-09-29T22:12:23.439623+00:00', '--job-id', '4177', '--raw', '--subdir', 'DAGS_FOLDER/dag.py', '--cfg-path', '/tmp/tmpch5nond4']
[2024-09-29T22:12:57.661+0000] {standard_task_runner.py:105} INFO - Job 4177: Subtask create_company_basic_table
[2024-09-29T22:12:57.719+0000] {task_command.py:467} INFO - Running <TaskInstance: scrape_and_save_share_prices_with_company_data.create_company_basic_table manual__2024-09-29T22:12:23.439623+00:00 [running]> on host 7746de5121f6
[2024-09-29T22:12:57.821+0000] {taskinstance.py:3131} INFO - Exporting env vars: AIRFLOW_CTX_DAG_OWNER='***' AIRFLOW_CTX_DAG_ID='scrape_and_save_share_prices_with_company_data' AIRFLOW_CTX_TASK_ID='create_company_basic_table' AIRFLOW_CTX_EXECUTION_DATE='2024-09-29T22:12:23.439623+00:00' AIRFLOW_CTX_TRY_NUMBER='1' AIRFLOW_CTX_DAG_RUN_ID='manual__2024-09-29T22:12:23.439623+00:00'
[2024-09-29T22:12:57.823+0000] {logging_mixin.py:190} INFO - Task instance is in running state
[2024-09-29T22:12:57.824+0000] {logging_mixin.py:190} INFO -  Previous state of the Task instance: queued
[2024-09-29T22:12:57.825+0000] {logging_mixin.py:190} INFO - Current task name:create_company_basic_table state:running start_date:2024-09-29 22:12:57.622527+00:00
[2024-09-29T22:12:57.825+0000] {logging_mixin.py:190} INFO - Dag name:scrape_and_save_share_prices_with_company_data and current dag run status:running
[2024-09-29T22:12:57.826+0000] {taskinstance.py:731} INFO - ::endgroup::
[2024-09-29T22:12:57.837+0000] {base.py:84} INFO - Retrieving connection 'dse_connection'
[2024-09-29T22:12:57.842+0000] {sql.py:509} INFO - Running statement: 
        CREATE TABLE IF NOT EXISTS company_basic_info (
            id SERIAL,
            company_id INTEGER NOT NULL,
            date DATE,
            authorized_capital VARCHAR(50),
            paid_up_capital VARCHAR(50),
            type_of_instrument VARCHAR(50),
            face_per_value VARCHAR(10),
            market_lot VARCHAR(50),
            total_no_outstanding_securities VARCHAR(50),
            sector VARCHAR(100),
            PRIMARY KEY (company_id,id),
            UNIQUE(company_id),
            FOREIGN KEY (company_id)
                REFERENCES company_list (company_id)
                ON UPDATE CASCADE ON DELETE CASCADE
            )
    , parameters: None
[2024-09-29T22:12:57.844+0000] {python.py:240} INFO - Done. Returned value was: None
[2024-09-29T22:12:57.856+0000] {taskinstance.py:340} INFO - ::group::Post task execution logs
[2024-09-29T22:12:57.857+0000] {taskinstance.py:352} INFO - Marking task as SUCCESS. dag_id=scrape_and_save_share_prices_with_company_data, task_id=create_company_basic_table, run_id=manual__2024-09-29T22:12:23.439623+00:00, execution_date=20240929T221223, start_date=20240929T221257, end_date=20240929T221257
[2024-09-29T22:12:57.869+0000] {logging_mixin.py:190} INFO - Task instance in success state
[2024-09-29T22:12:57.870+0000] {logging_mixin.py:190} INFO -  Previous state of the Task instance: running
[2024-09-29T22:12:57.871+0000] {logging_mixin.py:190} INFO - Dag name:scrape_and_save_share_prices_with_company_data queued_at:2024-09-29 22:12:23.455542+00:00
[2024-09-29T22:12:57.872+0000] {logging_mixin.py:190} INFO - Task hostname:7746de5121f6 operator:PythonOperator
[2024-09-29T22:12:57.916+0000] {local_task_job_runner.py:266} INFO - Task exited with return code 0
[2024-09-29T22:12:57.929+0000] {local_task_job_runner.py:245} INFO - ::endgroup::
