[2024-09-27T18:48:22.389+0000] {local_task_job_runner.py:123} INFO - ::group::Pre task execution logs
[2024-09-27T18:48:22.420+0000] {taskinstance.py:2612} INFO - Dependencies all met for dep_context=non-requeueable deps ti=<TaskInstance: scrape_and_save_share_prices_with_company_data.create_share_prices_table scheduled__2024-02-23T00:00:00+00:00 [queued]>
[2024-09-27T18:48:22.444+0000] {taskinstance.py:2612} INFO - Dependencies all met for dep_context=requeueable deps ti=<TaskInstance: scrape_and_save_share_prices_with_company_data.create_share_prices_table scheduled__2024-02-23T00:00:00+00:00 [queued]>
[2024-09-27T18:48:22.446+0000] {taskinstance.py:2865} INFO - Starting attempt 1 of 2
[2024-09-27T18:48:22.491+0000] {taskinstance.py:2888} INFO - Executing <Task(PythonOperator): create_share_prices_table> on 2024-02-23 00:00:00+00:00
[2024-09-27T18:48:22.511+0000] {warnings.py:112} WARNING - /home/***/.local/lib/python3.12/site-packages/***/task/task_runner/standard_task_runner.py:70: DeprecationWarning: This process (pid=14710) is multi-threaded, use of fork() may lead to deadlocks in the child.
  pid = os.fork()

[2024-09-27T18:48:22.516+0000] {standard_task_runner.py:72} INFO - Started process 14720 to run task
[2024-09-27T18:48:22.514+0000] {standard_task_runner.py:104} INFO - Running: ['***', 'tasks', 'run', 'scrape_and_save_share_prices_with_company_data', 'create_share_prices_table', 'scheduled__2024-02-23T00:00:00+00:00', '--job-id', '1735', '--raw', '--subdir', 'DAGS_FOLDER/dag.py', '--cfg-path', '/tmp/tmp1rkx15og']
[2024-09-27T18:48:22.527+0000] {standard_task_runner.py:105} INFO - Job 1735: Subtask create_share_prices_table
[2024-09-27T18:48:22.683+0000] {task_command.py:467} INFO - Running <TaskInstance: scrape_and_save_share_prices_with_company_data.create_share_prices_table scheduled__2024-02-23T00:00:00+00:00 [running]> on host 13b5797a93ab
[2024-09-27T18:48:22.913+0000] {taskinstance.py:3131} INFO - Exporting env vars: AIRFLOW_CTX_DAG_OWNER='***' AIRFLOW_CTX_DAG_ID='scrape_and_save_share_prices_with_company_data' AIRFLOW_CTX_TASK_ID='create_share_prices_table' AIRFLOW_CTX_EXECUTION_DATE='2024-02-23T00:00:00+00:00' AIRFLOW_CTX_TRY_NUMBER='1' AIRFLOW_CTX_DAG_RUN_ID='scheduled__2024-02-23T00:00:00+00:00'
[2024-09-27T18:48:22.916+0000] {logging_mixin.py:190} INFO - Task instance is in running state
[2024-09-27T18:48:22.917+0000] {logging_mixin.py:190} INFO -  Previous state of the Task instance: queued
[2024-09-27T18:48:22.917+0000] {logging_mixin.py:190} INFO - Current task name:create_share_prices_table state:running start_date:2024-09-27 18:48:22.421845+00:00
[2024-09-27T18:48:22.919+0000] {logging_mixin.py:190} INFO - Dag name:scrape_and_save_share_prices_with_company_data and current dag run status:running
[2024-09-27T18:48:22.920+0000] {taskinstance.py:731} INFO - ::endgroup::
[2024-09-27T18:48:22.945+0000] {base.py:84} INFO - Retrieving connection 'dse_connection'
[2024-09-27T18:48:22.952+0000] {sql.py:509} INFO - Running statement: 
        CREATE TABLE IF NOT EXISTS company_share_prices (
            id SERIAL,
            company_id INTEGER NOT NULL,
            date DATE,
            latest_trading_price VARCHAR(50),
            low_price VARCHAR(50),
            high_price VARCHAR(50),
            closing_price VARCHAR(50),
            ycp VARCHAR(50),
            change VARCHAR(10),
            trade VARCHAR(50),
            value VARCHAR(50),
            volume VARCHAR(50),
            PRIMARY KEY(company_id, id),
            FOREIGN KEY(company_id)
                REFERENCES company_list(company_id)
                ON UPDATE CASCADE ON DELETE CASCADE
        );
    , parameters: None
[2024-09-27T18:48:22.955+0000] {python.py:240} INFO - Done. Returned value was: None
[2024-09-27T18:48:22.978+0000] {taskinstance.py:340} INFO - ::group::Post task execution logs
[2024-09-27T18:48:22.979+0000] {taskinstance.py:352} INFO - Marking task as SUCCESS. dag_id=scrape_and_save_share_prices_with_company_data, task_id=create_share_prices_table, run_id=scheduled__2024-02-23T00:00:00+00:00, execution_date=20240223T000000, start_date=20240927T184822, end_date=20240927T184822
[2024-09-27T18:48:22.999+0000] {logging_mixin.py:190} INFO - Task instance in success state
[2024-09-27T18:48:23.001+0000] {logging_mixin.py:190} INFO -  Previous state of the Task instance: running
[2024-09-27T18:48:23.002+0000] {logging_mixin.py:190} INFO - Dag name:scrape_and_save_share_prices_with_company_data queued_at:2024-09-27 18:47:45.917746+00:00
[2024-09-27T18:48:23.003+0000] {logging_mixin.py:190} INFO - Task hostname:13b5797a93ab operator:PythonOperator
[2024-09-27T18:48:23.035+0000] {local_task_job_runner.py:266} INFO - Task exited with return code 0
[2024-09-27T18:48:23.057+0000] {local_task_job_runner.py:245} INFO - ::endgroup::
[2024-09-27T23:07:24.459+0000] {local_task_job_runner.py:123} INFO - ::group::Pre task execution logs
[2024-09-27T23:07:24.515+0000] {taskinstance.py:2612} INFO - Dependencies all met for dep_context=non-requeueable deps ti=<TaskInstance: scrape_and_save_share_prices_with_company_data.create_share_prices_table scheduled__2024-02-23T00:00:00+00:00 [queued]>
[2024-09-27T23:07:24.537+0000] {taskinstance.py:2612} INFO - Dependencies all met for dep_context=requeueable deps ti=<TaskInstance: scrape_and_save_share_prices_with_company_data.create_share_prices_table scheduled__2024-02-23T00:00:00+00:00 [queued]>
[2024-09-27T23:07:24.541+0000] {taskinstance.py:2865} INFO - Starting attempt 1 of 2
[2024-09-27T23:07:24.580+0000] {taskinstance.py:2888} INFO - Executing <Task(PythonOperator): create_share_prices_table> on 2024-02-23 00:00:00+00:00
[2024-09-27T23:07:24.603+0000] {warnings.py:112} WARNING - /home/***/.local/lib/python3.12/site-packages/***/task/task_runner/standard_task_runner.py:70: DeprecationWarning: This process (pid=2947) is multi-threaded, use of fork() may lead to deadlocks in the child.
  pid = os.fork()

[2024-09-27T23:07:24.608+0000] {standard_task_runner.py:104} INFO - Running: ['***', 'tasks', 'run', 'scrape_and_save_share_prices_with_company_data', 'create_share_prices_table', 'scheduled__2024-02-23T00:00:00+00:00', '--job-id', '3209', '--raw', '--subdir', 'DAGS_FOLDER/dag.py', '--cfg-path', '/tmp/tmpu3zylmk1']
[2024-09-27T23:07:24.609+0000] {standard_task_runner.py:72} INFO - Started process 2957 to run task
[2024-09-27T23:07:24.611+0000] {standard_task_runner.py:105} INFO - Job 3209: Subtask create_share_prices_table
[2024-09-27T23:07:24.774+0000] {task_command.py:467} INFO - Running <TaskInstance: scrape_and_save_share_prices_with_company_data.create_share_prices_table scheduled__2024-02-23T00:00:00+00:00 [running]> on host 7746de5121f6
[2024-09-27T23:07:25.047+0000] {taskinstance.py:3131} INFO - Exporting env vars: AIRFLOW_CTX_DAG_OWNER='***' AIRFLOW_CTX_DAG_ID='scrape_and_save_share_prices_with_company_data' AIRFLOW_CTX_TASK_ID='create_share_prices_table' AIRFLOW_CTX_EXECUTION_DATE='2024-02-23T00:00:00+00:00' AIRFLOW_CTX_TRY_NUMBER='1' AIRFLOW_CTX_DAG_RUN_ID='scheduled__2024-02-23T00:00:00+00:00'
[2024-09-27T23:07:25.050+0000] {logging_mixin.py:190} INFO - Task instance is in running state
[2024-09-27T23:07:25.052+0000] {logging_mixin.py:190} INFO -  Previous state of the Task instance: queued
[2024-09-27T23:07:25.053+0000] {logging_mixin.py:190} INFO - Current task name:create_share_prices_table state:running start_date:2024-09-27 23:07:24.516311+00:00
[2024-09-27T23:07:25.059+0000] {logging_mixin.py:190} INFO - Dag name:scrape_and_save_share_prices_with_company_data and current dag run status:running
[2024-09-27T23:07:25.060+0000] {taskinstance.py:731} INFO - ::endgroup::
[2024-09-27T23:07:25.110+0000] {base.py:84} INFO - Retrieving connection 'dse_connection'
[2024-09-27T23:07:25.124+0000] {sql.py:509} INFO - Running statement: 
        CREATE TABLE IF NOT EXISTS company_share_prices (
            id SERIAL,
            company_id INTEGER NOT NULL,
            date DATE,
            latest_trading_price VARCHAR(50),
            low_price VARCHAR(50),
            high_price VARCHAR(50),
            closing_price VARCHAR(50),
            ycp VARCHAR(50),
            change VARCHAR(10),
            trade VARCHAR(50),
            value VARCHAR(50),
            volume VARCHAR(50),
            PRIMARY KEY(company_id, id),
            FOREIGN KEY(company_id)
                REFERENCES company_list(company_id)
                ON UPDATE CASCADE ON DELETE CASCADE
        );
    , parameters: None
[2024-09-27T23:07:25.135+0000] {python.py:240} INFO - Done. Returned value was: None
[2024-09-27T23:07:25.171+0000] {taskinstance.py:340} INFO - ::group::Post task execution logs
[2024-09-27T23:07:25.172+0000] {taskinstance.py:352} INFO - Marking task as SUCCESS. dag_id=scrape_and_save_share_prices_with_company_data, task_id=create_share_prices_table, run_id=scheduled__2024-02-23T00:00:00+00:00, execution_date=20240223T000000, start_date=20240927T230724, end_date=20240927T230725
[2024-09-27T23:07:25.430+0000] {logging_mixin.py:190} INFO - Task instance in success state
[2024-09-27T23:07:25.434+0000] {logging_mixin.py:190} INFO -  Previous state of the Task instance: running
[2024-09-27T23:07:25.435+0000] {logging_mixin.py:190} INFO - Dag name:scrape_and_save_share_prices_with_company_data queued_at:2024-09-27 23:06:20.146956+00:00
[2024-09-27T23:07:25.436+0000] {logging_mixin.py:190} INFO - Task hostname:7746de5121f6 operator:PythonOperator
[2024-09-27T23:07:25.493+0000] {local_task_job_runner.py:266} INFO - Task exited with return code 0
[2024-09-27T23:07:25.552+0000] {taskinstance.py:3900} INFO - 1 downstream tasks scheduled from follow-on schedule check
[2024-09-27T23:07:25.569+0000] {local_task_job_runner.py:245} INFO - ::endgroup::
