[2024-09-27T19:03:48.394+0000] {local_task_job_runner.py:123} INFO - ::group::Pre task execution logs
[2024-09-27T19:03:48.479+0000] {taskinstance.py:2612} INFO - Dependencies all met for dep_context=non-requeueable deps ti=<TaskInstance: scrape_and_save_share_prices_with_company_data.create_share_prices_table scheduled__2024-03-25T00:00:00+00:00 [queued]>
[2024-09-27T19:03:48.555+0000] {taskinstance.py:2612} INFO - Dependencies all met for dep_context=requeueable deps ti=<TaskInstance: scrape_and_save_share_prices_with_company_data.create_share_prices_table scheduled__2024-03-25T00:00:00+00:00 [queued]>
[2024-09-27T19:03:48.566+0000] {taskinstance.py:2865} INFO - Starting attempt 1 of 2
[2024-09-27T19:03:48.673+0000] {taskinstance.py:2888} INFO - Executing <Task(PythonOperator): create_share_prices_table> on 2024-03-25 00:00:00+00:00
[2024-09-27T19:03:48.696+0000] {warnings.py:112} WARNING - /home/***/.local/lib/python3.12/site-packages/***/task/task_runner/standard_task_runner.py:70: DeprecationWarning: This process (pid=15670) is multi-threaded, use of fork() may lead to deadlocks in the child.
  pid = os.fork()

[2024-09-27T19:03:48.700+0000] {standard_task_runner.py:72} INFO - Started process 15693 to run task
[2024-09-27T19:03:48.727+0000] {standard_task_runner.py:104} INFO - Running: ['***', 'tasks', 'run', 'scrape_and_save_share_prices_with_company_data', 'create_share_prices_table', 'scheduled__2024-03-25T00:00:00+00:00', '--job-id', '1935', '--raw', '--subdir', 'DAGS_FOLDER/dag.py', '--cfg-path', '/tmp/tmp7te8b9nz']
[2024-09-27T19:03:48.737+0000] {standard_task_runner.py:105} INFO - Job 1935: Subtask create_share_prices_table
[2024-09-27T19:03:49.022+0000] {task_command.py:467} INFO - Running <TaskInstance: scrape_and_save_share_prices_with_company_data.create_share_prices_table scheduled__2024-03-25T00:00:00+00:00 [running]> on host 13b5797a93ab
[2024-09-27T19:03:49.426+0000] {taskinstance.py:3131} INFO - Exporting env vars: AIRFLOW_CTX_DAG_OWNER='***' AIRFLOW_CTX_DAG_ID='scrape_and_save_share_prices_with_company_data' AIRFLOW_CTX_TASK_ID='create_share_prices_table' AIRFLOW_CTX_EXECUTION_DATE='2024-03-25T00:00:00+00:00' AIRFLOW_CTX_TRY_NUMBER='1' AIRFLOW_CTX_DAG_RUN_ID='scheduled__2024-03-25T00:00:00+00:00'
[2024-09-27T19:03:49.441+0000] {logging_mixin.py:190} INFO - Task instance is in running state
[2024-09-27T19:03:49.446+0000] {logging_mixin.py:190} INFO -  Previous state of the Task instance: queued
[2024-09-27T19:03:49.449+0000] {logging_mixin.py:190} INFO - Current task name:create_share_prices_table state:running start_date:2024-09-27 19:03:48.489996+00:00
[2024-09-27T19:03:49.454+0000] {logging_mixin.py:190} INFO - Dag name:scrape_and_save_share_prices_with_company_data and current dag run status:running
[2024-09-27T19:03:49.456+0000] {taskinstance.py:731} INFO - ::endgroup::
[2024-09-27T19:03:49.511+0000] {base.py:84} INFO - Retrieving connection 'dse_connection'
[2024-09-27T19:03:49.545+0000] {sql.py:509} INFO - Running statement: 
        CREATE TABLE IF NOT EXISTS company_share_prices (
            id SERIAL,
            company_id INTEGER NOT NULL,
            date DATE,
            latest_trading_price VARCHAR(50),
            low_price VARCHAR(50),
            high_price VARCHAR(50),
            closing_price VARCHAR(50),
            ycp VARCHAR(50),
            change VARCHAR(10),
            trade VARCHAR(50),
            value VARCHAR(50),
            volume VARCHAR(50),
            PRIMARY KEY(company_id, id),
            FOREIGN KEY(company_id)
                REFERENCES company_list(company_id)
                ON UPDATE CASCADE ON DELETE CASCADE
        );
    , parameters: None
[2024-09-27T19:03:49.560+0000] {python.py:240} INFO - Done. Returned value was: None
[2024-09-27T19:03:49.630+0000] {taskinstance.py:340} INFO - ::group::Post task execution logs
[2024-09-27T19:03:49.646+0000] {taskinstance.py:352} INFO - Marking task as SUCCESS. dag_id=scrape_and_save_share_prices_with_company_data, task_id=create_share_prices_table, run_id=scheduled__2024-03-25T00:00:00+00:00, execution_date=20240325T000000, start_date=20240927T190348, end_date=20240927T190349
[2024-09-27T19:03:49.681+0000] {logging_mixin.py:190} INFO - Task instance in success state
[2024-09-27T19:03:49.684+0000] {logging_mixin.py:190} INFO -  Previous state of the Task instance: running
[2024-09-27T19:03:49.685+0000] {logging_mixin.py:190} INFO - Dag name:scrape_and_save_share_prices_with_company_data queued_at:2024-09-27 19:03:15.432569+00:00
[2024-09-27T19:03:49.687+0000] {logging_mixin.py:190} INFO - Task hostname:13b5797a93ab operator:PythonOperator
[2024-09-27T19:03:49.718+0000] {local_task_job_runner.py:266} INFO - Task exited with return code 0
[2024-09-27T19:03:49.791+0000] {taskinstance.py:3900} INFO - 1 downstream tasks scheduled from follow-on schedule check
[2024-09-27T19:03:49.805+0000] {local_task_job_runner.py:245} INFO - ::endgroup::
[2024-09-27T23:12:21.825+0000] {local_task_job_runner.py:123} INFO - ::group::Pre task execution logs
[2024-09-27T23:12:21.856+0000] {taskinstance.py:2612} INFO - Dependencies all met for dep_context=non-requeueable deps ti=<TaskInstance: scrape_and_save_share_prices_with_company_data.create_share_prices_table scheduled__2024-03-25T00:00:00+00:00 [queued]>
[2024-09-27T23:12:21.887+0000] {taskinstance.py:2612} INFO - Dependencies all met for dep_context=requeueable deps ti=<TaskInstance: scrape_and_save_share_prices_with_company_data.create_share_prices_table scheduled__2024-03-25T00:00:00+00:00 [queued]>
[2024-09-27T23:12:21.888+0000] {taskinstance.py:2865} INFO - Starting attempt 1 of 2
[2024-09-27T23:12:21.921+0000] {taskinstance.py:2888} INFO - Executing <Task(PythonOperator): create_share_prices_table> on 2024-03-25 00:00:00+00:00
[2024-09-27T23:12:21.934+0000] {warnings.py:112} WARNING - /home/***/.local/lib/python3.12/site-packages/***/task/task_runner/standard_task_runner.py:70: DeprecationWarning: This process (pid=3450) is multi-threaded, use of fork() may lead to deadlocks in the child.
  pid = os.fork()

[2024-09-27T23:12:21.937+0000] {standard_task_runner.py:72} INFO - Started process 3469 to run task
[2024-09-27T23:12:21.938+0000] {standard_task_runner.py:104} INFO - Running: ['***', 'tasks', 'run', 'scrape_and_save_share_prices_with_company_data', 'create_share_prices_table', 'scheduled__2024-03-25T00:00:00+00:00', '--job-id', '3326', '--raw', '--subdir', 'DAGS_FOLDER/dag.py', '--cfg-path', '/tmp/tmpq8dms2ey']
[2024-09-27T23:12:21.941+0000] {standard_task_runner.py:105} INFO - Job 3326: Subtask create_share_prices_table
[2024-09-27T23:12:22.032+0000] {task_command.py:467} INFO - Running <TaskInstance: scrape_and_save_share_prices_with_company_data.create_share_prices_table scheduled__2024-03-25T00:00:00+00:00 [running]> on host 7746de5121f6
[2024-09-27T23:12:22.214+0000] {taskinstance.py:3131} INFO - Exporting env vars: AIRFLOW_CTX_DAG_OWNER='***' AIRFLOW_CTX_DAG_ID='scrape_and_save_share_prices_with_company_data' AIRFLOW_CTX_TASK_ID='create_share_prices_table' AIRFLOW_CTX_EXECUTION_DATE='2024-03-25T00:00:00+00:00' AIRFLOW_CTX_TRY_NUMBER='1' AIRFLOW_CTX_DAG_RUN_ID='scheduled__2024-03-25T00:00:00+00:00'
[2024-09-27T23:12:22.216+0000] {logging_mixin.py:190} INFO - Task instance is in running state
[2024-09-27T23:12:22.218+0000] {logging_mixin.py:190} INFO -  Previous state of the Task instance: queued
[2024-09-27T23:12:22.218+0000] {logging_mixin.py:190} INFO - Current task name:create_share_prices_table state:running start_date:2024-09-27 23:12:21.858191+00:00
[2024-09-27T23:12:22.219+0000] {logging_mixin.py:190} INFO - Dag name:scrape_and_save_share_prices_with_company_data and current dag run status:running
[2024-09-27T23:12:22.220+0000] {taskinstance.py:731} INFO - ::endgroup::
[2024-09-27T23:12:22.237+0000] {base.py:84} INFO - Retrieving connection 'dse_connection'
[2024-09-27T23:12:22.248+0000] {sql.py:509} INFO - Running statement: 
        CREATE TABLE IF NOT EXISTS company_share_prices (
            id SERIAL,
            company_id INTEGER NOT NULL,
            date DATE,
            latest_trading_price VARCHAR(50),
            low_price VARCHAR(50),
            high_price VARCHAR(50),
            closing_price VARCHAR(50),
            ycp VARCHAR(50),
            change VARCHAR(10),
            trade VARCHAR(50),
            value VARCHAR(50),
            volume VARCHAR(50),
            PRIMARY KEY(company_id, id),
            FOREIGN KEY(company_id)
                REFERENCES company_list(company_id)
                ON UPDATE CASCADE ON DELETE CASCADE
        );
    , parameters: None
[2024-09-27T23:12:22.252+0000] {python.py:240} INFO - Done. Returned value was: None
[2024-09-27T23:12:22.281+0000] {taskinstance.py:340} INFO - ::group::Post task execution logs
[2024-09-27T23:12:22.282+0000] {taskinstance.py:352} INFO - Marking task as SUCCESS. dag_id=scrape_and_save_share_prices_with_company_data, task_id=create_share_prices_table, run_id=scheduled__2024-03-25T00:00:00+00:00, execution_date=20240325T000000, start_date=20240927T231221, end_date=20240927T231222
[2024-09-27T23:12:22.302+0000] {logging_mixin.py:190} INFO - Task instance in success state
[2024-09-27T23:12:22.304+0000] {logging_mixin.py:190} INFO -  Previous state of the Task instance: running
[2024-09-27T23:12:22.306+0000] {logging_mixin.py:190} INFO - Dag name:scrape_and_save_share_prices_with_company_data queued_at:2024-09-27 23:11:21.025927+00:00
[2024-09-27T23:12:22.307+0000] {logging_mixin.py:190} INFO - Task hostname:7746de5121f6 operator:PythonOperator
[2024-09-27T23:12:22.360+0000] {local_task_job_runner.py:266} INFO - Task exited with return code 0
[2024-09-27T23:12:22.435+0000] {taskinstance.py:3900} INFO - 1 downstream tasks scheduled from follow-on schedule check
[2024-09-27T23:12:22.441+0000] {local_task_job_runner.py:245} INFO - ::endgroup::
