[2024-09-27T19:04:49.373+0000] {local_task_job_runner.py:123} INFO - ::group::Pre task execution logs
[2024-09-27T19:04:49.400+0000] {taskinstance.py:2612} INFO - Dependencies all met for dep_context=non-requeueable deps ti=<TaskInstance: scrape_and_save_share_prices_with_company_data.create_company_table scheduled__2024-03-27T00:00:00+00:00 [queued]>
[2024-09-27T19:04:49.414+0000] {taskinstance.py:2612} INFO - Dependencies all met for dep_context=requeueable deps ti=<TaskInstance: scrape_and_save_share_prices_with_company_data.create_company_table scheduled__2024-03-27T00:00:00+00:00 [queued]>
[2024-09-27T19:04:49.416+0000] {taskinstance.py:2865} INFO - Starting attempt 1 of 2
[2024-09-27T19:04:49.441+0000] {taskinstance.py:2888} INFO - Executing <Task(PythonOperator): create_company_table> on 2024-03-27 00:00:00+00:00
[2024-09-27T19:04:49.452+0000] {warnings.py:112} WARNING - /home/***/.local/lib/python3.12/site-packages/***/task/task_runner/standard_task_runner.py:70: DeprecationWarning: This process (pid=15749) is multi-threaded, use of fork() may lead to deadlocks in the child.
  pid = os.fork()

[2024-09-27T19:04:49.455+0000] {standard_task_runner.py:72} INFO - Started process 15751 to run task
[2024-09-27T19:04:49.456+0000] {standard_task_runner.py:104} INFO - Running: ['***', 'tasks', 'run', 'scrape_and_save_share_prices_with_company_data', 'create_company_table', 'scheduled__2024-03-27T00:00:00+00:00', '--job-id', '1948', '--raw', '--subdir', 'DAGS_FOLDER/dag.py', '--cfg-path', '/tmp/tmpddlxlji1']
[2024-09-27T19:04:49.458+0000] {standard_task_runner.py:105} INFO - Job 1948: Subtask create_company_table
[2024-09-27T19:04:49.530+0000] {task_command.py:467} INFO - Running <TaskInstance: scrape_and_save_share_prices_with_company_data.create_company_table scheduled__2024-03-27T00:00:00+00:00 [running]> on host 13b5797a93ab
[2024-09-27T19:04:49.651+0000] {taskinstance.py:3131} INFO - Exporting env vars: AIRFLOW_CTX_DAG_OWNER='***' AIRFLOW_CTX_DAG_ID='scrape_and_save_share_prices_with_company_data' AIRFLOW_CTX_TASK_ID='create_company_table' AIRFLOW_CTX_EXECUTION_DATE='2024-03-27T00:00:00+00:00' AIRFLOW_CTX_TRY_NUMBER='1' AIRFLOW_CTX_DAG_RUN_ID='scheduled__2024-03-27T00:00:00+00:00'
[2024-09-27T19:04:49.653+0000] {logging_mixin.py:190} INFO - Task instance is in running state
[2024-09-27T19:04:49.654+0000] {logging_mixin.py:190} INFO -  Previous state of the Task instance: queued
[2024-09-27T19:04:49.655+0000] {logging_mixin.py:190} INFO - Current task name:create_company_table state:running start_date:2024-09-27 19:04:49.401106+00:00
[2024-09-27T19:04:49.655+0000] {logging_mixin.py:190} INFO - Dag name:scrape_and_save_share_prices_with_company_data and current dag run status:running
[2024-09-27T19:04:49.656+0000] {taskinstance.py:731} INFO - ::endgroup::
[2024-09-27T19:04:49.668+0000] {base.py:84} INFO - Retrieving connection 'dse_connection'
[2024-09-27T19:04:49.674+0000] {sql.py:509} INFO - Running statement: 
        CREATE TABLE IF NOT EXISTS company_list (
            company_id SERIAL PRIMARY KEY,
            company_trade_name VARCHAR(255) NOT NULL,
            company_url VARCHAR(255) NOT NULL,
            UNIQUE(company_trade_name)
        );
    , parameters: None
[2024-09-27T19:04:49.676+0000] {python.py:240} INFO - Done. Returned value was: None
[2024-09-27T19:04:49.690+0000] {taskinstance.py:340} INFO - ::group::Post task execution logs
[2024-09-27T19:04:49.691+0000] {taskinstance.py:352} INFO - Marking task as SUCCESS. dag_id=scrape_and_save_share_prices_with_company_data, task_id=create_company_table, run_id=scheduled__2024-03-27T00:00:00+00:00, execution_date=20240327T000000, start_date=20240927T190449, end_date=20240927T190449
[2024-09-27T19:04:49.704+0000] {logging_mixin.py:190} INFO - Task instance in success state
[2024-09-27T19:04:49.705+0000] {logging_mixin.py:190} INFO -  Previous state of the Task instance: running
[2024-09-27T19:04:49.706+0000] {logging_mixin.py:190} INFO - Dag name:scrape_and_save_share_prices_with_company_data queued_at:2024-09-27 19:04:47.283481+00:00
[2024-09-27T19:04:49.707+0000] {logging_mixin.py:190} INFO - Task hostname:13b5797a93ab operator:PythonOperator
[2024-09-27T19:04:49.753+0000] {local_task_job_runner.py:266} INFO - Task exited with return code 0
[2024-09-27T19:04:49.792+0000] {taskinstance.py:3900} INFO - 1 downstream tasks scheduled from follow-on schedule check
[2024-09-27T19:04:49.795+0000] {local_task_job_runner.py:245} INFO - ::endgroup::
[2024-09-27T23:12:30.018+0000] {local_task_job_runner.py:123} INFO - ::group::Pre task execution logs
[2024-09-27T23:12:30.102+0000] {taskinstance.py:2612} INFO - Dependencies all met for dep_context=non-requeueable deps ti=<TaskInstance: scrape_and_save_share_prices_with_company_data.create_company_table scheduled__2024-03-27T00:00:00+00:00 [queued]>
[2024-09-27T23:12:30.164+0000] {taskinstance.py:2612} INFO - Dependencies all met for dep_context=requeueable deps ti=<TaskInstance: scrape_and_save_share_prices_with_company_data.create_company_table scheduled__2024-03-27T00:00:00+00:00 [queued]>
[2024-09-27T23:12:30.166+0000] {taskinstance.py:2865} INFO - Starting attempt 1 of 2
[2024-09-27T23:12:30.234+0000] {taskinstance.py:2888} INFO - Executing <Task(PythonOperator): create_company_table> on 2024-03-27 00:00:00+00:00
[2024-09-27T23:12:30.259+0000] {warnings.py:112} WARNING - /home/***/.local/lib/python3.12/site-packages/***/task/task_runner/standard_task_runner.py:70: DeprecationWarning: This process (pid=3475) is multi-threaded, use of fork() may lead to deadlocks in the child.
  pid = os.fork()

[2024-09-27T23:12:30.269+0000] {standard_task_runner.py:72} INFO - Started process 3500 to run task
[2024-09-27T23:12:30.271+0000] {standard_task_runner.py:104} INFO - Running: ['***', 'tasks', 'run', 'scrape_and_save_share_prices_with_company_data', 'create_company_table', 'scheduled__2024-03-27T00:00:00+00:00', '--job-id', '3330', '--raw', '--subdir', 'DAGS_FOLDER/dag.py', '--cfg-path', '/tmp/tmpz1ikl7wm']
[2024-09-27T23:12:30.276+0000] {standard_task_runner.py:105} INFO - Job 3330: Subtask create_company_table
[2024-09-27T23:12:30.460+0000] {task_command.py:467} INFO - Running <TaskInstance: scrape_and_save_share_prices_with_company_data.create_company_table scheduled__2024-03-27T00:00:00+00:00 [running]> on host 7746de5121f6
[2024-09-27T23:12:30.759+0000] {taskinstance.py:3131} INFO - Exporting env vars: AIRFLOW_CTX_DAG_OWNER='***' AIRFLOW_CTX_DAG_ID='scrape_and_save_share_prices_with_company_data' AIRFLOW_CTX_TASK_ID='create_company_table' AIRFLOW_CTX_EXECUTION_DATE='2024-03-27T00:00:00+00:00' AIRFLOW_CTX_TRY_NUMBER='1' AIRFLOW_CTX_DAG_RUN_ID='scheduled__2024-03-27T00:00:00+00:00'
[2024-09-27T23:12:30.764+0000] {logging_mixin.py:190} INFO - Task instance is in running state
[2024-09-27T23:12:30.765+0000] {logging_mixin.py:190} INFO -  Previous state of the Task instance: queued
[2024-09-27T23:12:30.769+0000] {logging_mixin.py:190} INFO - Current task name:create_company_table state:running start_date:2024-09-27 23:12:30.106750+00:00
[2024-09-27T23:12:30.774+0000] {logging_mixin.py:190} INFO - Dag name:scrape_and_save_share_prices_with_company_data and current dag run status:running
[2024-09-27T23:12:30.776+0000] {taskinstance.py:731} INFO - ::endgroup::
[2024-09-27T23:12:30.820+0000] {base.py:84} INFO - Retrieving connection 'dse_connection'
[2024-09-27T23:12:30.838+0000] {sql.py:509} INFO - Running statement: 
        CREATE TABLE IF NOT EXISTS company_list (
            company_id SERIAL PRIMARY KEY,
            company_trade_name VARCHAR(255) NOT NULL,
            company_url VARCHAR(255) NOT NULL,
            UNIQUE(company_trade_name)
        );
    , parameters: None
[2024-09-27T23:12:30.860+0000] {python.py:240} INFO - Done. Returned value was: None
[2024-09-27T23:12:30.895+0000] {taskinstance.py:340} INFO - ::group::Post task execution logs
[2024-09-27T23:12:30.898+0000] {taskinstance.py:352} INFO - Marking task as SUCCESS. dag_id=scrape_and_save_share_prices_with_company_data, task_id=create_company_table, run_id=scheduled__2024-03-27T00:00:00+00:00, execution_date=20240327T000000, start_date=20240927T231230, end_date=20240927T231230
[2024-09-27T23:12:30.944+0000] {logging_mixin.py:190} INFO - Task instance in success state
[2024-09-27T23:12:30.948+0000] {logging_mixin.py:190} INFO -  Previous state of the Task instance: running
[2024-09-27T23:12:30.949+0000] {logging_mixin.py:190} INFO - Dag name:scrape_and_save_share_prices_with_company_data queued_at:2024-09-27 23:12:21.943928+00:00
[2024-09-27T23:12:30.951+0000] {logging_mixin.py:190} INFO - Task hostname:7746de5121f6 operator:PythonOperator
[2024-09-27T23:12:31.000+0000] {local_task_job_runner.py:266} INFO - Task exited with return code 0
[2024-09-27T23:12:31.066+0000] {taskinstance.py:3900} INFO - 1 downstream tasks scheduled from follow-on schedule check
[2024-09-27T23:12:31.070+0000] {local_task_job_runner.py:245} INFO - ::endgroup::
