[2024-09-27T18:20:42.288+0000] {local_task_job_runner.py:123} INFO - ::group::Pre task execution logs
[2024-09-27T18:20:42.419+0000] {taskinstance.py:2612} INFO - Dependencies all met for dep_context=non-requeueable deps ti=<TaskInstance: scrape_and_save_share_prices_with_company_data.create_company_table scheduled__2023-11-23T00:00:00+00:00 [queued]>
[2024-09-27T18:20:42.500+0000] {taskinstance.py:2612} INFO - Dependencies all met for dep_context=requeueable deps ti=<TaskInstance: scrape_and_save_share_prices_with_company_data.create_company_table scheduled__2023-11-23T00:00:00+00:00 [queued]>
[2024-09-27T18:20:42.612+0000] {taskinstance.py:2865} INFO - Starting attempt 1 of 2
[2024-09-27T18:20:42.716+0000] {taskinstance.py:2888} INFO - Executing <Task(PythonOperator): create_company_table> on 2023-11-23 00:00:00+00:00
[2024-09-27T18:20:42.747+0000] {warnings.py:112} WARNING - /home/***/.local/lib/python3.12/site-packages/***/task/task_runner/standard_task_runner.py:70: DeprecationWarning: This process (pid=12730) is multi-threaded, use of fork() may lead to deadlocks in the child.
  pid = os.fork()

[2024-09-27T18:20:42.780+0000] {standard_task_runner.py:72} INFO - Started process 12751 to run task
[2024-09-27T18:20:42.767+0000] {standard_task_runner.py:104} INFO - Running: ['***', 'tasks', 'run', 'scrape_and_save_share_prices_with_company_data', 'create_company_table', 'scheduled__2023-11-23T00:00:00+00:00', '--job-id', '1310', '--raw', '--subdir', 'DAGS_FOLDER/dag.py', '--cfg-path', '/tmp/tmp2az9pnjf']
[2024-09-27T18:20:42.789+0000] {standard_task_runner.py:105} INFO - Job 1310: Subtask create_company_table
[2024-09-27T18:20:43.160+0000] {task_command.py:467} INFO - Running <TaskInstance: scrape_and_save_share_prices_with_company_data.create_company_table scheduled__2023-11-23T00:00:00+00:00 [running]> on host 13b5797a93ab
[2024-09-27T18:20:43.695+0000] {taskinstance.py:3131} INFO - Exporting env vars: AIRFLOW_CTX_DAG_OWNER='***' AIRFLOW_CTX_DAG_ID='scrape_and_save_share_prices_with_company_data' AIRFLOW_CTX_TASK_ID='create_company_table' AIRFLOW_CTX_EXECUTION_DATE='2023-11-23T00:00:00+00:00' AIRFLOW_CTX_TRY_NUMBER='1' AIRFLOW_CTX_DAG_RUN_ID='scheduled__2023-11-23T00:00:00+00:00'
[2024-09-27T18:20:43.704+0000] {logging_mixin.py:190} INFO - Task instance is in running state
[2024-09-27T18:20:43.705+0000] {logging_mixin.py:190} INFO -  Previous state of the Task instance: queued
[2024-09-27T18:20:43.706+0000] {logging_mixin.py:190} INFO - Current task name:create_company_table state:running start_date:2024-09-27 18:20:42.420393+00:00
[2024-09-27T18:20:43.707+0000] {logging_mixin.py:190} INFO - Dag name:scrape_and_save_share_prices_with_company_data and current dag run status:running
[2024-09-27T18:20:43.716+0000] {taskinstance.py:731} INFO - ::endgroup::
[2024-09-27T18:20:43.791+0000] {base.py:84} INFO - Retrieving connection 'dse_connection'
[2024-09-27T18:20:43.860+0000] {sql.py:509} INFO - Running statement: 
        CREATE TABLE IF NOT EXISTS company_list (
            company_id SERIAL PRIMARY KEY,
            company_trade_name VARCHAR(255) NOT NULL,
            company_url VARCHAR(255) NOT NULL,
            UNIQUE(company_trade_name)
        );
    , parameters: None
[2024-09-27T18:20:43.900+0000] {python.py:240} INFO - Done. Returned value was: None
[2024-09-27T18:20:44.026+0000] {taskinstance.py:340} INFO - ::group::Post task execution logs
[2024-09-27T18:20:44.041+0000] {taskinstance.py:352} INFO - Marking task as SUCCESS. dag_id=scrape_and_save_share_prices_with_company_data, task_id=create_company_table, run_id=scheduled__2023-11-23T00:00:00+00:00, execution_date=20231123T000000, start_date=20240927T182042, end_date=20240927T182044
[2024-09-27T18:20:44.104+0000] {logging_mixin.py:190} INFO - Task instance in success state
[2024-09-27T18:20:44.106+0000] {logging_mixin.py:190} INFO -  Previous state of the Task instance: running
[2024-09-27T18:20:44.114+0000] {logging_mixin.py:190} INFO - Dag name:scrape_and_save_share_prices_with_company_data queued_at:2024-09-27 18:20:33.828214+00:00
[2024-09-27T18:20:44.119+0000] {logging_mixin.py:190} INFO - Task hostname:13b5797a93ab operator:PythonOperator
[2024-09-27T18:20:44.205+0000] {local_task_job_runner.py:266} INFO - Task exited with return code 0
[2024-09-27T18:20:44.292+0000] {local_task_job_runner.py:245} INFO - ::endgroup::
[2024-09-27T22:09:58.445+0000] {local_task_job_runner.py:123} INFO - ::group::Pre task execution logs
[2024-09-27T22:09:58.497+0000] {taskinstance.py:2612} INFO - Dependencies all met for dep_context=non-requeueable deps ti=<TaskInstance: scrape_and_save_share_prices_with_company_data.create_company_table scheduled__2023-11-23T00:00:00+00:00 [queued]>
[2024-09-27T22:09:58.541+0000] {taskinstance.py:2612} INFO - Dependencies all met for dep_context=requeueable deps ti=<TaskInstance: scrape_and_save_share_prices_with_company_data.create_company_table scheduled__2023-11-23T00:00:00+00:00 [queued]>
[2024-09-27T22:09:58.543+0000] {taskinstance.py:2865} INFO - Starting attempt 1 of 2
[2024-09-27T22:09:58.905+0000] {taskinstance.py:2888} INFO - Executing <Task(PythonOperator): create_company_table> on 2023-11-23 00:00:00+00:00
[2024-09-27T22:09:58.976+0000] {warnings.py:112} WARNING - /home/***/.local/lib/python3.12/site-packages/***/task/task_runner/standard_task_runner.py:70: DeprecationWarning: This process (pid=1507) is multi-threaded, use of fork() may lead to deadlocks in the child.
  pid = os.fork()

[2024-09-27T22:09:58.975+0000] {standard_task_runner.py:104} INFO - Running: ['***', 'tasks', 'run', 'scrape_and_save_share_prices_with_company_data', 'create_company_table', 'scheduled__2023-11-23T00:00:00+00:00', '--job-id', '2361', '--raw', '--subdir', 'DAGS_FOLDER/dag.py', '--cfg-path', '/tmp/tmpfauxafng']
[2024-09-27T22:09:58.979+0000] {standard_task_runner.py:105} INFO - Job 2361: Subtask create_company_table
[2024-09-27T22:09:58.978+0000] {standard_task_runner.py:72} INFO - Started process 1519 to run task
[2024-09-27T22:09:59.342+0000] {task_command.py:467} INFO - Running <TaskInstance: scrape_and_save_share_prices_with_company_data.create_company_table scheduled__2023-11-23T00:00:00+00:00 [running]> on host fd62fe12432d
[2024-09-27T22:10:00.831+0000] {taskinstance.py:3131} INFO - Exporting env vars: AIRFLOW_CTX_DAG_OWNER='***' AIRFLOW_CTX_DAG_ID='scrape_and_save_share_prices_with_company_data' AIRFLOW_CTX_TASK_ID='create_company_table' AIRFLOW_CTX_EXECUTION_DATE='2023-11-23T00:00:00+00:00' AIRFLOW_CTX_TRY_NUMBER='1' AIRFLOW_CTX_DAG_RUN_ID='scheduled__2023-11-23T00:00:00+00:00'
[2024-09-27T22:10:00.843+0000] {logging_mixin.py:190} INFO - Task instance is in running state
[2024-09-27T22:10:00.844+0000] {logging_mixin.py:190} INFO -  Previous state of the Task instance: queued
[2024-09-27T22:10:00.845+0000] {logging_mixin.py:190} INFO - Current task name:create_company_table state:running start_date:2024-09-27 22:09:58.500046+00:00
[2024-09-27T22:10:00.847+0000] {logging_mixin.py:190} INFO - Dag name:scrape_and_save_share_prices_with_company_data and current dag run status:running
[2024-09-27T22:10:00.848+0000] {taskinstance.py:731} INFO - ::endgroup::
[2024-09-27T22:10:00.951+0000] {base.py:84} INFO - Retrieving connection 'dse_connection'
[2024-09-27T22:10:00.977+0000] {sql.py:509} INFO - Running statement: 
        CREATE TABLE IF NOT EXISTS company_list (
            company_id SERIAL PRIMARY KEY,
            company_trade_name VARCHAR(255) NOT NULL,
            company_url VARCHAR(255) NOT NULL,
            UNIQUE(company_trade_name)
        );
    , parameters: None
[2024-09-27T22:10:00.995+0000] {python.py:240} INFO - Done. Returned value was: None
[2024-09-27T22:10:01.030+0000] {taskinstance.py:340} INFO - ::group::Post task execution logs
[2024-09-27T22:10:01.041+0000] {taskinstance.py:352} INFO - Marking task as SUCCESS. dag_id=scrape_and_save_share_prices_with_company_data, task_id=create_company_table, run_id=scheduled__2023-11-23T00:00:00+00:00, execution_date=20231123T000000, start_date=20240927T220958, end_date=20240927T221001
[2024-09-27T22:10:01.462+0000] {logging_mixin.py:190} INFO - Task instance in success state
[2024-09-27T22:10:01.469+0000] {logging_mixin.py:190} INFO -  Previous state of the Task instance: running
[2024-09-27T22:10:01.471+0000] {logging_mixin.py:190} INFO - Dag name:scrape_and_save_share_prices_with_company_data queued_at:2024-09-27 22:09:51.455525+00:00
[2024-09-27T22:10:01.473+0000] {logging_mixin.py:190} INFO - Task hostname:fd62fe12432d operator:PythonOperator
[2024-09-27T22:10:01.538+0000] {local_task_job_runner.py:266} INFO - Task exited with return code 0
[2024-09-27T22:10:01.639+0000] {taskinstance.py:3900} INFO - 1 downstream tasks scheduled from follow-on schedule check
[2024-09-27T22:10:01.711+0000] {local_task_job_runner.py:245} INFO - ::endgroup::
[2024-09-27T22:50:13.380+0000] {local_task_job_runner.py:123} INFO - ::group::Pre task execution logs
[2024-09-27T22:50:13.460+0000] {taskinstance.py:2612} INFO - Dependencies all met for dep_context=non-requeueable deps ti=<TaskInstance: scrape_and_save_share_prices_with_company_data.create_company_table scheduled__2023-11-23T00:00:00+00:00 [queued]>
[2024-09-27T22:50:13.506+0000] {taskinstance.py:2612} INFO - Dependencies all met for dep_context=requeueable deps ti=<TaskInstance: scrape_and_save_share_prices_with_company_data.create_company_table scheduled__2023-11-23T00:00:00+00:00 [queued]>
[2024-09-27T22:50:13.510+0000] {taskinstance.py:2865} INFO - Starting attempt 1 of 2
[2024-09-27T22:50:13.840+0000] {taskinstance.py:2888} INFO - Executing <Task(PythonOperator): create_company_table> on 2023-11-23 00:00:00+00:00
[2024-09-27T22:50:13.899+0000] {warnings.py:112} WARNING - /home/***/.local/lib/python3.12/site-packages/***/task/task_runner/standard_task_runner.py:70: DeprecationWarning: This process (pid=1261) is multi-threaded, use of fork() may lead to deadlocks in the child.
  pid = os.fork()

[2024-09-27T22:50:13.903+0000] {standard_task_runner.py:72} INFO - Started process 1281 to run task
[2024-09-27T22:50:13.947+0000] {standard_task_runner.py:104} INFO - Running: ['***', 'tasks', 'run', 'scrape_and_save_share_prices_with_company_data', 'create_company_table', 'scheduled__2023-11-23T00:00:00+00:00', '--job-id', '2831', '--raw', '--subdir', 'DAGS_FOLDER/dag.py', '--cfg-path', '/tmp/tmp1l8u8fxj']
[2024-09-27T22:50:13.958+0000] {standard_task_runner.py:105} INFO - Job 2831: Subtask create_company_table
[2024-09-27T22:50:14.183+0000] {task_command.py:467} INFO - Running <TaskInstance: scrape_and_save_share_prices_with_company_data.create_company_table scheduled__2023-11-23T00:00:00+00:00 [running]> on host 7746de5121f6
[2024-09-27T22:50:14.848+0000] {taskinstance.py:3131} INFO - Exporting env vars: AIRFLOW_CTX_DAG_OWNER='***' AIRFLOW_CTX_DAG_ID='scrape_and_save_share_prices_with_company_data' AIRFLOW_CTX_TASK_ID='create_company_table' AIRFLOW_CTX_EXECUTION_DATE='2023-11-23T00:00:00+00:00' AIRFLOW_CTX_TRY_NUMBER='1' AIRFLOW_CTX_DAG_RUN_ID='scheduled__2023-11-23T00:00:00+00:00'
[2024-09-27T22:50:14.860+0000] {logging_mixin.py:190} INFO - Task instance is in running state
[2024-09-27T22:50:14.861+0000] {logging_mixin.py:190} INFO -  Previous state of the Task instance: queued
[2024-09-27T22:50:14.862+0000] {logging_mixin.py:190} INFO - Current task name:create_company_table state:running start_date:2024-09-27 22:50:13.462977+00:00
[2024-09-27T22:50:14.863+0000] {logging_mixin.py:190} INFO - Dag name:scrape_and_save_share_prices_with_company_data and current dag run status:running
[2024-09-27T22:50:14.866+0000] {taskinstance.py:731} INFO - ::endgroup::
[2024-09-27T22:50:14.945+0000] {base.py:84} INFO - Retrieving connection 'dse_connection'
[2024-09-27T22:50:14.960+0000] {sql.py:509} INFO - Running statement: 
        CREATE TABLE IF NOT EXISTS company_list (
            company_id SERIAL PRIMARY KEY,
            company_trade_name VARCHAR(255) NOT NULL,
            company_url VARCHAR(255) NOT NULL,
            UNIQUE(company_trade_name)
        );
    , parameters: None
[2024-09-27T22:50:14.969+0000] {python.py:240} INFO - Done. Returned value was: None
[2024-09-27T22:50:15.012+0000] {taskinstance.py:340} INFO - ::group::Post task execution logs
[2024-09-27T22:50:15.016+0000] {taskinstance.py:352} INFO - Marking task as SUCCESS. dag_id=scrape_and_save_share_prices_with_company_data, task_id=create_company_table, run_id=scheduled__2023-11-23T00:00:00+00:00, execution_date=20231123T000000, start_date=20240927T225013, end_date=20240927T225015
[2024-09-27T22:50:15.056+0000] {logging_mixin.py:190} INFO - Task instance in success state
[2024-09-27T22:50:15.063+0000] {logging_mixin.py:190} INFO -  Previous state of the Task instance: running
[2024-09-27T22:50:15.070+0000] {logging_mixin.py:190} INFO - Dag name:scrape_and_save_share_prices_with_company_data queued_at:2024-09-27 22:50:07.344392+00:00
[2024-09-27T22:50:15.075+0000] {logging_mixin.py:190} INFO - Task hostname:7746de5121f6 operator:PythonOperator
[2024-09-27T22:50:15.154+0000] {local_task_job_runner.py:266} INFO - Task exited with return code 0
[2024-09-27T22:50:15.274+0000] {taskinstance.py:3900} INFO - 1 downstream tasks scheduled from follow-on schedule check
[2024-09-27T22:50:15.292+0000] {local_task_job_runner.py:245} INFO - ::endgroup::
