[2024-09-27T18:33:32.354+0000] {local_task_job_runner.py:123} INFO - ::group::Pre task execution logs
[2024-09-27T18:33:32.400+0000] {taskinstance.py:2612} INFO - Dependencies all met for dep_context=non-requeueable deps ti=<TaskInstance: scrape_and_save_share_prices_with_company_data.create_share_prices_table scheduled__2024-01-13T00:00:00+00:00 [queued]>
[2024-09-27T18:33:32.419+0000] {taskinstance.py:2612} INFO - Dependencies all met for dep_context=requeueable deps ti=<TaskInstance: scrape_and_save_share_prices_with_company_data.create_share_prices_table scheduled__2024-01-13T00:00:00+00:00 [queued]>
[2024-09-27T18:33:32.422+0000] {taskinstance.py:2865} INFO - Starting attempt 1 of 2
[2024-09-27T18:33:32.457+0000] {taskinstance.py:2888} INFO - Executing <Task(PythonOperator): create_share_prices_table> on 2024-01-13 00:00:00+00:00
[2024-09-27T18:33:32.471+0000] {warnings.py:112} WARNING - /home/***/.local/lib/python3.12/site-packages/***/task/task_runner/standard_task_runner.py:70: DeprecationWarning: This process (pid=13709) is multi-threaded, use of fork() may lead to deadlocks in the child.
  pid = os.fork()

[2024-09-27T18:33:32.477+0000] {standard_task_runner.py:72} INFO - Started process 13719 to run task
[2024-09-27T18:33:32.481+0000] {standard_task_runner.py:104} INFO - Running: ['***', 'tasks', 'run', 'scrape_and_save_share_prices_with_company_data', 'create_share_prices_table', 'scheduled__2024-01-13T00:00:00+00:00', '--job-id', '1524', '--raw', '--subdir', 'DAGS_FOLDER/dag.py', '--cfg-path', '/tmp/tmpcu213kpf']
[2024-09-27T18:33:32.484+0000] {standard_task_runner.py:105} INFO - Job 1524: Subtask create_share_prices_table
[2024-09-27T18:33:32.610+0000] {task_command.py:467} INFO - Running <TaskInstance: scrape_and_save_share_prices_with_company_data.create_share_prices_table scheduled__2024-01-13T00:00:00+00:00 [running]> on host 13b5797a93ab
[2024-09-27T18:33:32.816+0000] {taskinstance.py:3131} INFO - Exporting env vars: AIRFLOW_CTX_DAG_OWNER='***' AIRFLOW_CTX_DAG_ID='scrape_and_save_share_prices_with_company_data' AIRFLOW_CTX_TASK_ID='create_share_prices_table' AIRFLOW_CTX_EXECUTION_DATE='2024-01-13T00:00:00+00:00' AIRFLOW_CTX_TRY_NUMBER='1' AIRFLOW_CTX_DAG_RUN_ID='scheduled__2024-01-13T00:00:00+00:00'
[2024-09-27T18:33:32.819+0000] {logging_mixin.py:190} INFO - Task instance is in running state
[2024-09-27T18:33:32.820+0000] {logging_mixin.py:190} INFO -  Previous state of the Task instance: queued
[2024-09-27T18:33:32.821+0000] {logging_mixin.py:190} INFO - Current task name:create_share_prices_table state:running start_date:2024-09-27 18:33:32.401488+00:00
[2024-09-27T18:33:32.822+0000] {logging_mixin.py:190} INFO - Dag name:scrape_and_save_share_prices_with_company_data and current dag run status:running
[2024-09-27T18:33:32.823+0000] {taskinstance.py:731} INFO - ::endgroup::
[2024-09-27T18:33:32.842+0000] {base.py:84} INFO - Retrieving connection 'dse_connection'
[2024-09-27T18:33:32.849+0000] {sql.py:509} INFO - Running statement: 
        CREATE TABLE IF NOT EXISTS company_share_prices (
            id SERIAL,
            company_id INTEGER NOT NULL,
            date DATE,
            latest_trading_price VARCHAR(50),
            low_price VARCHAR(50),
            high_price VARCHAR(50),
            closing_price VARCHAR(50),
            ycp VARCHAR(50),
            change VARCHAR(10),
            trade VARCHAR(50),
            value VARCHAR(50),
            volume VARCHAR(50),
            PRIMARY KEY(company_id, id),
            FOREIGN KEY(company_id)
                REFERENCES company_list(company_id)
                ON UPDATE CASCADE ON DELETE CASCADE
        );
    , parameters: None
[2024-09-27T18:33:32.852+0000] {python.py:240} INFO - Done. Returned value was: None
[2024-09-27T18:33:32.870+0000] {taskinstance.py:340} INFO - ::group::Post task execution logs
[2024-09-27T18:33:32.871+0000] {taskinstance.py:352} INFO - Marking task as SUCCESS. dag_id=scrape_and_save_share_prices_with_company_data, task_id=create_share_prices_table, run_id=scheduled__2024-01-13T00:00:00+00:00, execution_date=20240113T000000, start_date=20240927T183332, end_date=20240927T183332
[2024-09-27T18:33:32.891+0000] {logging_mixin.py:190} INFO - Task instance in success state
[2024-09-27T18:33:32.892+0000] {logging_mixin.py:190} INFO -  Previous state of the Task instance: running
[2024-09-27T18:33:32.893+0000] {logging_mixin.py:190} INFO - Dag name:scrape_and_save_share_prices_with_company_data queued_at:2024-09-27 18:31:44.448239+00:00
[2024-09-27T18:33:32.894+0000] {logging_mixin.py:190} INFO - Task hostname:13b5797a93ab operator:PythonOperator
[2024-09-27T18:33:32.950+0000] {local_task_job_runner.py:266} INFO - Task exited with return code 0
[2024-09-27T18:33:33.003+0000] {taskinstance.py:3900} INFO - 1 downstream tasks scheduled from follow-on schedule check
[2024-09-27T18:33:33.006+0000] {local_task_job_runner.py:245} INFO - ::endgroup::
[2024-09-27T23:00:36.368+0000] {local_task_job_runner.py:123} INFO - ::group::Pre task execution logs
[2024-09-27T23:00:36.490+0000] {taskinstance.py:2612} INFO - Dependencies all met for dep_context=non-requeueable deps ti=<TaskInstance: scrape_and_save_share_prices_with_company_data.create_share_prices_table scheduled__2024-01-13T00:00:00+00:00 [queued]>
[2024-09-27T23:00:36.539+0000] {taskinstance.py:2612} INFO - Dependencies all met for dep_context=requeueable deps ti=<TaskInstance: scrape_and_save_share_prices_with_company_data.create_share_prices_table scheduled__2024-01-13T00:00:00+00:00 [queued]>
[2024-09-27T23:00:36.545+0000] {taskinstance.py:2865} INFO - Starting attempt 1 of 2
[2024-09-27T23:00:36.680+0000] {taskinstance.py:2888} INFO - Executing <Task(PythonOperator): create_share_prices_table> on 2024-01-13 00:00:00+00:00
[2024-09-27T23:00:36.715+0000] {warnings.py:112} WARNING - /home/***/.local/lib/python3.12/site-packages/***/task/task_runner/standard_task_runner.py:70: DeprecationWarning: This process (pid=2262) is multi-threaded, use of fork() may lead to deadlocks in the child.
  pid = os.fork()

[2024-09-27T23:00:36.724+0000] {standard_task_runner.py:72} INFO - Started process 2279 to run task
[2024-09-27T23:00:36.740+0000] {standard_task_runner.py:104} INFO - Running: ['***', 'tasks', 'run', 'scrape_and_save_share_prices_with_company_data', 'create_share_prices_table', 'scheduled__2024-01-13T00:00:00+00:00', '--job-id', '3056', '--raw', '--subdir', 'DAGS_FOLDER/dag.py', '--cfg-path', '/tmp/tmpzw2t_9j2']
[2024-09-27T23:00:36.752+0000] {standard_task_runner.py:105} INFO - Job 3056: Subtask create_share_prices_table
[2024-09-27T23:00:37.143+0000] {task_command.py:467} INFO - Running <TaskInstance: scrape_and_save_share_prices_with_company_data.create_share_prices_table scheduled__2024-01-13T00:00:00+00:00 [running]> on host 7746de5121f6
[2024-09-27T23:00:37.842+0000] {taskinstance.py:3131} INFO - Exporting env vars: AIRFLOW_CTX_DAG_OWNER='***' AIRFLOW_CTX_DAG_ID='scrape_and_save_share_prices_with_company_data' AIRFLOW_CTX_TASK_ID='create_share_prices_table' AIRFLOW_CTX_EXECUTION_DATE='2024-01-13T00:00:00+00:00' AIRFLOW_CTX_TRY_NUMBER='1' AIRFLOW_CTX_DAG_RUN_ID='scheduled__2024-01-13T00:00:00+00:00'
[2024-09-27T23:00:37.845+0000] {logging_mixin.py:190} INFO - Task instance is in running state
[2024-09-27T23:00:37.855+0000] {logging_mixin.py:190} INFO -  Previous state of the Task instance: queued
[2024-09-27T23:00:37.871+0000] {logging_mixin.py:190} INFO - Current task name:create_share_prices_table state:running start_date:2024-09-27 23:00:36.509996+00:00
[2024-09-27T23:00:37.874+0000] {logging_mixin.py:190} INFO - Dag name:scrape_and_save_share_prices_with_company_data and current dag run status:running
[2024-09-27T23:00:37.876+0000] {taskinstance.py:731} INFO - ::endgroup::
[2024-09-27T23:00:37.958+0000] {base.py:84} INFO - Retrieving connection 'dse_connection'
[2024-09-27T23:00:37.978+0000] {sql.py:509} INFO - Running statement: 
        CREATE TABLE IF NOT EXISTS company_share_prices (
            id SERIAL,
            company_id INTEGER NOT NULL,
            date DATE,
            latest_trading_price VARCHAR(50),
            low_price VARCHAR(50),
            high_price VARCHAR(50),
            closing_price VARCHAR(50),
            ycp VARCHAR(50),
            change VARCHAR(10),
            trade VARCHAR(50),
            value VARCHAR(50),
            volume VARCHAR(50),
            PRIMARY KEY(company_id, id),
            FOREIGN KEY(company_id)
                REFERENCES company_list(company_id)
                ON UPDATE CASCADE ON DELETE CASCADE
        );
    , parameters: None
[2024-09-27T23:00:37.982+0000] {python.py:240} INFO - Done. Returned value was: None
[2024-09-27T23:00:38.027+0000] {taskinstance.py:340} INFO - ::group::Post task execution logs
[2024-09-27T23:00:38.029+0000] {taskinstance.py:352} INFO - Marking task as SUCCESS. dag_id=scrape_and_save_share_prices_with_company_data, task_id=create_share_prices_table, run_id=scheduled__2024-01-13T00:00:00+00:00, execution_date=20240113T000000, start_date=20240927T230036, end_date=20240927T230038
[2024-09-27T23:00:38.064+0000] {logging_mixin.py:190} INFO - Task instance in success state
[2024-09-27T23:00:38.072+0000] {logging_mixin.py:190} INFO -  Previous state of the Task instance: running
[2024-09-27T23:00:38.073+0000] {logging_mixin.py:190} INFO - Dag name:scrape_and_save_share_prices_with_company_data queued_at:2024-09-27 22:59:32.613929+00:00
[2024-09-27T23:00:38.075+0000] {logging_mixin.py:190} INFO - Task hostname:7746de5121f6 operator:PythonOperator
[2024-09-27T23:00:38.136+0000] {local_task_job_runner.py:266} INFO - Task exited with return code 0
[2024-09-27T23:00:38.258+0000] {taskinstance.py:3900} INFO - 1 downstream tasks scheduled from follow-on schedule check
[2024-09-27T23:00:38.291+0000] {local_task_job_runner.py:245} INFO - ::endgroup::
