[2024-09-27T18:12:38.907+0000] {local_task_job_runner.py:123} INFO - ::group::Pre task execution logs
[2024-09-27T18:12:39.016+0000] {taskinstance.py:2612} INFO - Dependencies all met for dep_context=non-requeueable deps ti=<TaskInstance: scrape_and_save_share_prices_with_company_data.create_share_prices_table scheduled__2023-10-12T00:00:00+00:00 [queued]>
[2024-09-27T18:12:39.133+0000] {taskinstance.py:2612} INFO - Dependencies all met for dep_context=requeueable deps ti=<TaskInstance: scrape_and_save_share_prices_with_company_data.create_share_prices_table scheduled__2023-10-12T00:00:00+00:00 [queued]>
[2024-09-27T18:12:39.146+0000] {taskinstance.py:2865} INFO - Starting attempt 1 of 2
[2024-09-27T18:12:39.761+0000] {taskinstance.py:2888} INFO - Executing <Task(PythonOperator): create_share_prices_table> on 2023-10-12 00:00:00+00:00
[2024-09-27T18:12:39.778+0000] {warnings.py:112} WARNING - /home/***/.local/lib/python3.12/site-packages/***/task/task_runner/standard_task_runner.py:70: DeprecationWarning: This process (pid=12070) is multi-threaded, use of fork() may lead to deadlocks in the child.
  pid = os.fork()

[2024-09-27T18:12:39.793+0000] {standard_task_runner.py:72} INFO - Started process 12106 to run task
[2024-09-27T18:12:39.790+0000] {standard_task_runner.py:104} INFO - Running: ['***', 'tasks', 'run', 'scrape_and_save_share_prices_with_company_data', 'create_share_prices_table', 'scheduled__2023-10-12T00:00:00+00:00', '--job-id', '1170', '--raw', '--subdir', 'DAGS_FOLDER/dag.py', '--cfg-path', '/tmp/tmpb045fm0c']
[2024-09-27T18:12:39.800+0000] {standard_task_runner.py:105} INFO - Job 1170: Subtask create_share_prices_table
[2024-09-27T18:12:40.151+0000] {task_command.py:467} INFO - Running <TaskInstance: scrape_and_save_share_prices_with_company_data.create_share_prices_table scheduled__2023-10-12T00:00:00+00:00 [running]> on host 13b5797a93ab
[2024-09-27T18:12:40.553+0000] {taskinstance.py:3131} INFO - Exporting env vars: AIRFLOW_CTX_DAG_OWNER='***' AIRFLOW_CTX_DAG_ID='scrape_and_save_share_prices_with_company_data' AIRFLOW_CTX_TASK_ID='create_share_prices_table' AIRFLOW_CTX_EXECUTION_DATE='2023-10-12T00:00:00+00:00' AIRFLOW_CTX_TRY_NUMBER='1' AIRFLOW_CTX_DAG_RUN_ID='scheduled__2023-10-12T00:00:00+00:00'
[2024-09-27T18:12:40.560+0000] {logging_mixin.py:190} INFO - Task instance is in running state
[2024-09-27T18:12:40.563+0000] {logging_mixin.py:190} INFO -  Previous state of the Task instance: queued
[2024-09-27T18:12:40.565+0000] {logging_mixin.py:190} INFO - Current task name:create_share_prices_table state:running start_date:2024-09-27 18:12:39.031675+00:00
[2024-09-27T18:12:40.572+0000] {logging_mixin.py:190} INFO - Dag name:scrape_and_save_share_prices_with_company_data and current dag run status:running
[2024-09-27T18:12:40.573+0000] {taskinstance.py:731} INFO - ::endgroup::
[2024-09-27T18:12:40.620+0000] {base.py:84} INFO - Retrieving connection 'dse_connection'
[2024-09-27T18:12:40.651+0000] {sql.py:509} INFO - Running statement: 
        CREATE TABLE IF NOT EXISTS company_share_prices (
            id SERIAL,
            company_id INTEGER NOT NULL,
            date DATE,
            latest_trading_price VARCHAR(50),
            low_price VARCHAR(50),
            high_price VARCHAR(50),
            closing_price VARCHAR(50),
            ycp VARCHAR(50),
            change VARCHAR(10),
            trade VARCHAR(50),
            value VARCHAR(50),
            volume VARCHAR(50),
            PRIMARY KEY(company_id, id),
            FOREIGN KEY(company_id)
                REFERENCES company_list(company_id)
                ON UPDATE CASCADE ON DELETE CASCADE
        );
    , parameters: None
[2024-09-27T18:12:40.660+0000] {python.py:240} INFO - Done. Returned value was: None
[2024-09-27T18:12:40.698+0000] {taskinstance.py:340} INFO - ::group::Post task execution logs
[2024-09-27T18:12:40.700+0000] {taskinstance.py:352} INFO - Marking task as SUCCESS. dag_id=scrape_and_save_share_prices_with_company_data, task_id=create_share_prices_table, run_id=scheduled__2023-10-12T00:00:00+00:00, execution_date=20231012T000000, start_date=20240927T181239, end_date=20240927T181240
[2024-09-27T18:12:40.754+0000] {logging_mixin.py:190} INFO - Task instance in success state
[2024-09-27T18:12:40.761+0000] {logging_mixin.py:190} INFO -  Previous state of the Task instance: running
[2024-09-27T18:12:40.801+0000] {logging_mixin.py:190} INFO - Dag name:scrape_and_save_share_prices_with_company_data queued_at:2024-09-27 18:11:31.937556+00:00
[2024-09-27T18:12:40.802+0000] {logging_mixin.py:190} INFO - Task hostname:13b5797a93ab operator:PythonOperator
[2024-09-27T18:12:40.861+0000] {local_task_job_runner.py:266} INFO - Task exited with return code 0
[2024-09-27T18:12:40.923+0000] {taskinstance.py:3900} INFO - 1 downstream tasks scheduled from follow-on schedule check
[2024-09-27T18:12:40.927+0000] {local_task_job_runner.py:245} INFO - ::endgroup::
[2024-09-27T21:58:39.242+0000] {local_task_job_runner.py:123} INFO - ::group::Pre task execution logs
[2024-09-27T21:58:39.260+0000] {taskinstance.py:2612} INFO - Dependencies all met for dep_context=non-requeueable deps ti=<TaskInstance: scrape_and_save_share_prices_with_company_data.create_share_prices_table scheduled__2023-10-12T00:00:00+00:00 [queued]>
[2024-09-27T21:58:39.269+0000] {taskinstance.py:2612} INFO - Dependencies all met for dep_context=requeueable deps ti=<TaskInstance: scrape_and_save_share_prices_with_company_data.create_share_prices_table scheduled__2023-10-12T00:00:00+00:00 [queued]>
[2024-09-27T21:58:39.270+0000] {taskinstance.py:2865} INFO - Starting attempt 1 of 2
[2024-09-27T21:58:39.285+0000] {taskinstance.py:2888} INFO - Executing <Task(PythonOperator): create_share_prices_table> on 2023-10-12 00:00:00+00:00
[2024-09-27T21:58:39.294+0000] {warnings.py:112} WARNING - /home/***/.local/lib/python3.12/site-packages/***/task/task_runner/standard_task_runner.py:70: DeprecationWarning: This process (pid=684) is multi-threaded, use of fork() may lead to deadlocks in the child.
  pid = os.fork()

[2024-09-27T21:58:39.296+0000] {standard_task_runner.py:72} INFO - Started process 686 to run task
[2024-09-27T21:58:39.297+0000] {standard_task_runner.py:104} INFO - Running: ['***', 'tasks', 'run', 'scrape_and_save_share_prices_with_company_data', 'create_share_prices_table', 'scheduled__2023-10-12T00:00:00+00:00', '--job-id', '2183', '--raw', '--subdir', 'DAGS_FOLDER/dag.py', '--cfg-path', '/tmp/tmp9ggwzvgt']
[2024-09-27T21:58:39.299+0000] {standard_task_runner.py:105} INFO - Job 2183: Subtask create_share_prices_table
[2024-09-27T21:58:39.362+0000] {task_command.py:467} INFO - Running <TaskInstance: scrape_and_save_share_prices_with_company_data.create_share_prices_table scheduled__2023-10-12T00:00:00+00:00 [running]> on host fd62fe12432d
[2024-09-27T21:58:39.474+0000] {taskinstance.py:3131} INFO - Exporting env vars: AIRFLOW_CTX_DAG_OWNER='***' AIRFLOW_CTX_DAG_ID='scrape_and_save_share_prices_with_company_data' AIRFLOW_CTX_TASK_ID='create_share_prices_table' AIRFLOW_CTX_EXECUTION_DATE='2023-10-12T00:00:00+00:00' AIRFLOW_CTX_TRY_NUMBER='1' AIRFLOW_CTX_DAG_RUN_ID='scheduled__2023-10-12T00:00:00+00:00'
[2024-09-27T21:58:39.476+0000] {logging_mixin.py:190} INFO - Task instance is in running state
[2024-09-27T21:58:39.477+0000] {logging_mixin.py:190} INFO -  Previous state of the Task instance: queued
[2024-09-27T21:58:39.478+0000] {logging_mixin.py:190} INFO - Current task name:create_share_prices_table state:running start_date:2024-09-27 21:58:39.260897+00:00
[2024-09-27T21:58:39.478+0000] {logging_mixin.py:190} INFO - Dag name:scrape_and_save_share_prices_with_company_data and current dag run status:running
[2024-09-27T21:58:39.479+0000] {taskinstance.py:731} INFO - ::endgroup::
[2024-09-27T21:58:39.490+0000] {base.py:84} INFO - Retrieving connection 'dse_connection'
[2024-09-27T21:58:39.495+0000] {sql.py:509} INFO - Running statement: 
        CREATE TABLE IF NOT EXISTS company_share_prices (
            id SERIAL,
            company_id INTEGER NOT NULL,
            date DATE,
            latest_trading_price VARCHAR(50),
            low_price VARCHAR(50),
            high_price VARCHAR(50),
            closing_price VARCHAR(50),
            ycp VARCHAR(50),
            change VARCHAR(10),
            trade VARCHAR(50),
            value VARCHAR(50),
            volume VARCHAR(50),
            PRIMARY KEY(company_id, id),
            FOREIGN KEY(company_id)
                REFERENCES company_list(company_id)
                ON UPDATE CASCADE ON DELETE CASCADE
        );
    , parameters: None
[2024-09-27T21:58:39.497+0000] {python.py:240} INFO - Done. Returned value was: None
[2024-09-27T21:58:39.509+0000] {taskinstance.py:340} INFO - ::group::Post task execution logs
[2024-09-27T21:58:39.510+0000] {taskinstance.py:352} INFO - Marking task as SUCCESS. dag_id=scrape_and_save_share_prices_with_company_data, task_id=create_share_prices_table, run_id=scheduled__2023-10-12T00:00:00+00:00, execution_date=20231012T000000, start_date=20240927T215839, end_date=20240927T215839
[2024-09-27T21:58:39.521+0000] {logging_mixin.py:190} INFO - Task instance in success state
[2024-09-27T21:58:39.522+0000] {logging_mixin.py:190} INFO -  Previous state of the Task instance: running
[2024-09-27T21:58:39.523+0000] {logging_mixin.py:190} INFO - Dag name:scrape_and_save_share_prices_with_company_data queued_at:2024-09-27 21:58:18.707929+00:00
[2024-09-27T21:58:39.523+0000] {logging_mixin.py:190} INFO - Task hostname:fd62fe12432d operator:PythonOperator
[2024-09-27T21:58:39.554+0000] {local_task_job_runner.py:266} INFO - Task exited with return code 0
[2024-09-27T21:58:39.593+0000] {taskinstance.py:3900} INFO - 1 downstream tasks scheduled from follow-on schedule check
[2024-09-27T21:58:39.597+0000] {local_task_job_runner.py:245} INFO - ::endgroup::
[2024-09-27T22:40:11.976+0000] {local_task_job_runner.py:123} INFO - ::group::Pre task execution logs
[2024-09-27T22:40:12.021+0000] {taskinstance.py:2612} INFO - Dependencies all met for dep_context=non-requeueable deps ti=<TaskInstance: scrape_and_save_share_prices_with_company_data.create_share_prices_table scheduled__2023-10-12T00:00:00+00:00 [queued]>
[2024-09-27T22:40:12.080+0000] {taskinstance.py:2612} INFO - Dependencies all met for dep_context=requeueable deps ti=<TaskInstance: scrape_and_save_share_prices_with_company_data.create_share_prices_table scheduled__2023-10-12T00:00:00+00:00 [queued]>
[2024-09-27T22:40:12.081+0000] {taskinstance.py:2865} INFO - Starting attempt 1 of 2
[2024-09-27T22:40:12.124+0000] {taskinstance.py:2888} INFO - Executing <Task(PythonOperator): create_share_prices_table> on 2023-10-12 00:00:00+00:00
[2024-09-27T22:40:12.146+0000] {warnings.py:112} WARNING - /home/***/.local/lib/python3.12/site-packages/***/task/task_runner/standard_task_runner.py:70: DeprecationWarning: This process (pid=469) is multi-threaded, use of fork() may lead to deadlocks in the child.
  pid = os.fork()

[2024-09-27T22:40:12.149+0000] {standard_task_runner.py:72} INFO - Started process 486 to run task
[2024-09-27T22:40:12.157+0000] {standard_task_runner.py:104} INFO - Running: ['***', 'tasks', 'run', 'scrape_and_save_share_prices_with_company_data', 'create_share_prices_table', 'scheduled__2023-10-12T00:00:00+00:00', '--job-id', '2658', '--raw', '--subdir', 'DAGS_FOLDER/dag.py', '--cfg-path', '/tmp/tmpkyyy_sdh']
[2024-09-27T22:40:12.177+0000] {standard_task_runner.py:105} INFO - Job 2658: Subtask create_share_prices_table
[2024-09-27T22:40:12.408+0000] {task_command.py:467} INFO - Running <TaskInstance: scrape_and_save_share_prices_with_company_data.create_share_prices_table scheduled__2023-10-12T00:00:00+00:00 [running]> on host 7746de5121f6
[2024-09-27T22:40:12.850+0000] {taskinstance.py:3131} INFO - Exporting env vars: AIRFLOW_CTX_DAG_OWNER='***' AIRFLOW_CTX_DAG_ID='scrape_and_save_share_prices_with_company_data' AIRFLOW_CTX_TASK_ID='create_share_prices_table' AIRFLOW_CTX_EXECUTION_DATE='2023-10-12T00:00:00+00:00' AIRFLOW_CTX_TRY_NUMBER='1' AIRFLOW_CTX_DAG_RUN_ID='scheduled__2023-10-12T00:00:00+00:00'
[2024-09-27T22:40:12.860+0000] {logging_mixin.py:190} INFO - Task instance is in running state
[2024-09-27T22:40:12.861+0000] {logging_mixin.py:190} INFO -  Previous state of the Task instance: queued
[2024-09-27T22:40:12.866+0000] {logging_mixin.py:190} INFO - Current task name:create_share_prices_table state:running start_date:2024-09-27 22:40:12.027939+00:00
[2024-09-27T22:40:12.874+0000] {logging_mixin.py:190} INFO - Dag name:scrape_and_save_share_prices_with_company_data and current dag run status:running
[2024-09-27T22:40:12.875+0000] {taskinstance.py:731} INFO - ::endgroup::
[2024-09-27T22:40:12.902+0000] {base.py:84} INFO - Retrieving connection 'dse_connection'
[2024-09-27T22:40:12.924+0000] {sql.py:509} INFO - Running statement: 
        CREATE TABLE IF NOT EXISTS company_share_prices (
            id SERIAL,
            company_id INTEGER NOT NULL,
            date DATE,
            latest_trading_price VARCHAR(50),
            low_price VARCHAR(50),
            high_price VARCHAR(50),
            closing_price VARCHAR(50),
            ycp VARCHAR(50),
            change VARCHAR(10),
            trade VARCHAR(50),
            value VARCHAR(50),
            volume VARCHAR(50),
            PRIMARY KEY(company_id, id),
            FOREIGN KEY(company_id)
                REFERENCES company_list(company_id)
                ON UPDATE CASCADE ON DELETE CASCADE
        );
    , parameters: None
[2024-09-27T22:40:12.931+0000] {python.py:240} INFO - Done. Returned value was: None
[2024-09-27T22:40:13.025+0000] {taskinstance.py:340} INFO - ::group::Post task execution logs
[2024-09-27T22:40:13.030+0000] {taskinstance.py:352} INFO - Marking task as SUCCESS. dag_id=scrape_and_save_share_prices_with_company_data, task_id=create_share_prices_table, run_id=scheduled__2023-10-12T00:00:00+00:00, execution_date=20231012T000000, start_date=20240927T224012, end_date=20240927T224013
[2024-09-27T22:40:13.076+0000] {logging_mixin.py:190} INFO - Task instance in success state
[2024-09-27T22:40:13.077+0000] {logging_mixin.py:190} INFO -  Previous state of the Task instance: running
[2024-09-27T22:40:13.078+0000] {logging_mixin.py:190} INFO - Dag name:scrape_and_save_share_prices_with_company_data queued_at:2024-09-27 22:39:06.318628+00:00
[2024-09-27T22:40:13.081+0000] {logging_mixin.py:190} INFO - Task hostname:7746de5121f6 operator:PythonOperator
[2024-09-27T22:40:13.153+0000] {local_task_job_runner.py:266} INFO - Task exited with return code 0
[2024-09-27T22:40:13.178+0000] {local_task_job_runner.py:245} INFO - ::endgroup::
