[2024-09-27T18:13:42.126+0000] {local_task_job_runner.py:123} INFO - ::group::Pre task execution logs
[2024-09-27T18:13:42.217+0000] {taskinstance.py:2612} INFO - Dependencies all met for dep_context=non-requeueable deps ti=<TaskInstance: scrape_and_save_share_prices_with_company_data.create_company_table scheduled__2023-10-25T00:00:00+00:00 [queued]>
[2024-09-27T18:13:42.241+0000] {taskinstance.py:2612} INFO - Dependencies all met for dep_context=requeueable deps ti=<TaskInstance: scrape_and_save_share_prices_with_company_data.create_company_table scheduled__2023-10-25T00:00:00+00:00 [queued]>
[2024-09-27T18:13:42.253+0000] {taskinstance.py:2865} INFO - Starting attempt 1 of 2
[2024-09-27T18:13:42.606+0000] {taskinstance.py:2888} INFO - Executing <Task(PythonOperator): create_company_table> on 2023-10-25 00:00:00+00:00
[2024-09-27T18:13:42.631+0000] {warnings.py:112} WARNING - /home/***/.local/lib/python3.12/site-packages/***/task/task_runner/standard_task_runner.py:70: DeprecationWarning: This process (pid=12179) is multi-threaded, use of fork() may lead to deadlocks in the child.
  pid = os.fork()

[2024-09-27T18:13:42.639+0000] {standard_task_runner.py:104} INFO - Running: ['***', 'tasks', 'run', 'scrape_and_save_share_prices_with_company_data', 'create_company_table', 'scheduled__2023-10-25T00:00:00+00:00', '--job-id', '1192', '--raw', '--subdir', 'DAGS_FOLDER/dag.py', '--cfg-path', '/tmp/tmpbeg3xsty']
[2024-09-27T18:13:42.639+0000] {standard_task_runner.py:72} INFO - Started process 12204 to run task
[2024-09-27T18:13:42.662+0000] {standard_task_runner.py:105} INFO - Job 1192: Subtask create_company_table
[2024-09-27T18:13:43.026+0000] {task_command.py:467} INFO - Running <TaskInstance: scrape_and_save_share_prices_with_company_data.create_company_table scheduled__2023-10-25T00:00:00+00:00 [running]> on host 13b5797a93ab
[2024-09-27T18:13:43.763+0000] {taskinstance.py:3131} INFO - Exporting env vars: AIRFLOW_CTX_DAG_OWNER='***' AIRFLOW_CTX_DAG_ID='scrape_and_save_share_prices_with_company_data' AIRFLOW_CTX_TASK_ID='create_company_table' AIRFLOW_CTX_EXECUTION_DATE='2023-10-25T00:00:00+00:00' AIRFLOW_CTX_TRY_NUMBER='1' AIRFLOW_CTX_DAG_RUN_ID='scheduled__2023-10-25T00:00:00+00:00'
[2024-09-27T18:13:43.780+0000] {logging_mixin.py:190} INFO - Task instance is in running state
[2024-09-27T18:13:43.781+0000] {logging_mixin.py:190} INFO -  Previous state of the Task instance: queued
[2024-09-27T18:13:43.793+0000] {logging_mixin.py:190} INFO - Current task name:create_company_table state:running start_date:2024-09-27 18:13:42.223666+00:00
[2024-09-27T18:13:43.803+0000] {logging_mixin.py:190} INFO - Dag name:scrape_and_save_share_prices_with_company_data and current dag run status:running
[2024-09-27T18:13:43.804+0000] {taskinstance.py:731} INFO - ::endgroup::
[2024-09-27T18:13:43.830+0000] {base.py:84} INFO - Retrieving connection 'dse_connection'
[2024-09-27T18:13:43.839+0000] {sql.py:509} INFO - Running statement: 
        CREATE TABLE IF NOT EXISTS company_list (
            company_id SERIAL PRIMARY KEY,
            company_trade_name VARCHAR(255) NOT NULL,
            company_url VARCHAR(255) NOT NULL,
            UNIQUE(company_trade_name)
        );
    , parameters: None
[2024-09-27T18:13:43.847+0000] {python.py:240} INFO - Done. Returned value was: None
[2024-09-27T18:13:43.868+0000] {taskinstance.py:340} INFO - ::group::Post task execution logs
[2024-09-27T18:13:43.870+0000] {taskinstance.py:352} INFO - Marking task as SUCCESS. dag_id=scrape_and_save_share_prices_with_company_data, task_id=create_company_table, run_id=scheduled__2023-10-25T00:00:00+00:00, execution_date=20231025T000000, start_date=20240927T181342, end_date=20240927T181343
[2024-09-27T18:13:43.894+0000] {logging_mixin.py:190} INFO - Task instance in success state
[2024-09-27T18:13:43.903+0000] {logging_mixin.py:190} INFO -  Previous state of the Task instance: running
[2024-09-27T18:13:43.904+0000] {logging_mixin.py:190} INFO - Dag name:scrape_and_save_share_prices_with_company_data queued_at:2024-09-27 18:13:35.226272+00:00
[2024-09-27T18:13:43.905+0000] {logging_mixin.py:190} INFO - Task hostname:13b5797a93ab operator:PythonOperator
[2024-09-27T18:13:43.943+0000] {local_task_job_runner.py:266} INFO - Task exited with return code 0
[2024-09-27T18:13:44.015+0000] {taskinstance.py:3900} INFO - 1 downstream tasks scheduled from follow-on schedule check
[2024-09-27T18:13:44.023+0000] {local_task_job_runner.py:245} INFO - ::endgroup::
[2024-09-27T22:03:41.061+0000] {local_task_job_runner.py:123} INFO - ::group::Pre task execution logs
[2024-09-27T22:03:41.282+0000] {taskinstance.py:2612} INFO - Dependencies all met for dep_context=non-requeueable deps ti=<TaskInstance: scrape_and_save_share_prices_with_company_data.create_company_table scheduled__2023-10-25T00:00:00+00:00 [queued]>
[2024-09-27T22:03:41.465+0000] {taskinstance.py:2612} INFO - Dependencies all met for dep_context=requeueable deps ti=<TaskInstance: scrape_and_save_share_prices_with_company_data.create_company_table scheduled__2023-10-25T00:00:00+00:00 [queued]>
[2024-09-27T22:03:41.466+0000] {taskinstance.py:2865} INFO - Starting attempt 1 of 2
[2024-09-27T22:03:42.103+0000] {taskinstance.py:2888} INFO - Executing <Task(PythonOperator): create_company_table> on 2023-10-25 00:00:00+00:00
[2024-09-27T22:03:42.251+0000] {standard_task_runner.py:104} INFO - Running: ['***', 'tasks', 'run', 'scrape_and_save_share_prices_with_company_data', 'create_company_table', 'scheduled__2023-10-25T00:00:00+00:00', '--job-id', '2251', '--raw', '--subdir', 'DAGS_FOLDER/dag.py', '--cfg-path', '/tmp/tmp1takrzn4']
[2024-09-27T22:03:42.282+0000] {standard_task_runner.py:105} INFO - Job 2251: Subtask create_company_table
[2024-09-27T22:03:42.221+0000] {warnings.py:112} WARNING - /home/***/.local/lib/python3.12/site-packages/***/task/task_runner/standard_task_runner.py:70: DeprecationWarning: This process (pid=989) is multi-threaded, use of fork() may lead to deadlocks in the child.
  pid = os.fork()

[2024-09-27T22:03:42.298+0000] {standard_task_runner.py:72} INFO - Started process 1026 to run task
[2024-09-27T22:03:42.703+0000] {task_command.py:467} INFO - Running <TaskInstance: scrape_and_save_share_prices_with_company_data.create_company_table scheduled__2023-10-25T00:00:00+00:00 [running]> on host fd62fe12432d
[2024-09-27T22:03:43.295+0000] {taskinstance.py:3131} INFO - Exporting env vars: AIRFLOW_CTX_DAG_OWNER='***' AIRFLOW_CTX_DAG_ID='scrape_and_save_share_prices_with_company_data' AIRFLOW_CTX_TASK_ID='create_company_table' AIRFLOW_CTX_EXECUTION_DATE='2023-10-25T00:00:00+00:00' AIRFLOW_CTX_TRY_NUMBER='1' AIRFLOW_CTX_DAG_RUN_ID='scheduled__2023-10-25T00:00:00+00:00'
[2024-09-27T22:03:43.298+0000] {logging_mixin.py:190} INFO - Task instance is in running state
[2024-09-27T22:03:43.313+0000] {logging_mixin.py:190} INFO -  Previous state of the Task instance: queued
[2024-09-27T22:03:43.331+0000] {logging_mixin.py:190} INFO - Current task name:create_company_table state:running start_date:2024-09-27 22:03:41.284394+00:00
[2024-09-27T22:03:43.340+0000] {logging_mixin.py:190} INFO - Dag name:scrape_and_save_share_prices_with_company_data and current dag run status:running
[2024-09-27T22:03:43.350+0000] {taskinstance.py:731} INFO - ::endgroup::
[2024-09-27T22:03:43.447+0000] {base.py:84} INFO - Retrieving connection 'dse_connection'
[2024-09-27T22:03:43.472+0000] {sql.py:509} INFO - Running statement: 
        CREATE TABLE IF NOT EXISTS company_list (
            company_id SERIAL PRIMARY KEY,
            company_trade_name VARCHAR(255) NOT NULL,
            company_url VARCHAR(255) NOT NULL,
            UNIQUE(company_trade_name)
        );
    , parameters: None
[2024-09-27T22:03:43.491+0000] {python.py:240} INFO - Done. Returned value was: None
[2024-09-27T22:03:43.619+0000] {taskinstance.py:340} INFO - ::group::Post task execution logs
[2024-09-27T22:03:43.627+0000] {taskinstance.py:352} INFO - Marking task as SUCCESS. dag_id=scrape_and_save_share_prices_with_company_data, task_id=create_company_table, run_id=scheduled__2023-10-25T00:00:00+00:00, execution_date=20231025T000000, start_date=20240927T220341, end_date=20240927T220343
[2024-09-27T22:03:43.680+0000] {logging_mixin.py:190} INFO - Task instance in success state
[2024-09-27T22:03:43.683+0000] {logging_mixin.py:190} INFO -  Previous state of the Task instance: running
[2024-09-27T22:03:43.710+0000] {logging_mixin.py:190} INFO - Dag name:scrape_and_save_share_prices_with_company_data queued_at:2024-09-27 22:03:26.964908+00:00
[2024-09-27T22:03:43.713+0000] {logging_mixin.py:190} INFO - Task hostname:fd62fe12432d operator:PythonOperator
[2024-09-27T22:03:43.829+0000] {local_task_job_runner.py:266} INFO - Task exited with return code 0
[2024-09-27T22:03:43.969+0000] {taskinstance.py:3900} INFO - 1 downstream tasks scheduled from follow-on schedule check
[2024-09-27T22:03:43.987+0000] {local_task_job_runner.py:245} INFO - ::endgroup::
[2024-09-27T22:41:12.164+0000] {local_task_job_runner.py:123} INFO - ::group::Pre task execution logs
[2024-09-27T22:41:12.199+0000] {taskinstance.py:2612} INFO - Dependencies all met for dep_context=non-requeueable deps ti=<TaskInstance: scrape_and_save_share_prices_with_company_data.create_company_table scheduled__2023-10-25T00:00:00+00:00 [queued]>
[2024-09-27T22:41:12.215+0000] {taskinstance.py:2612} INFO - Dependencies all met for dep_context=requeueable deps ti=<TaskInstance: scrape_and_save_share_prices_with_company_data.create_company_table scheduled__2023-10-25T00:00:00+00:00 [queued]>
[2024-09-27T22:41:12.217+0000] {taskinstance.py:2865} INFO - Starting attempt 1 of 2
[2024-09-27T22:41:12.252+0000] {taskinstance.py:2888} INFO - Executing <Task(PythonOperator): create_company_table> on 2023-10-25 00:00:00+00:00
[2024-09-27T22:41:12.270+0000] {warnings.py:112} WARNING - /home/***/.local/lib/python3.12/site-packages/***/task/task_runner/standard_task_runner.py:70: DeprecationWarning: This process (pid=558) is multi-threaded, use of fork() may lead to deadlocks in the child.
  pid = os.fork()

[2024-09-27T22:41:12.275+0000] {standard_task_runner.py:72} INFO - Started process 574 to run task
[2024-09-27T22:41:12.276+0000] {standard_task_runner.py:104} INFO - Running: ['***', 'tasks', 'run', 'scrape_and_save_share_prices_with_company_data', 'create_company_table', 'scheduled__2023-10-25T00:00:00+00:00', '--job-id', '2679', '--raw', '--subdir', 'DAGS_FOLDER/dag.py', '--cfg-path', '/tmp/tmprejwi2cd']
[2024-09-27T22:41:12.278+0000] {standard_task_runner.py:105} INFO - Job 2679: Subtask create_company_table
[2024-09-27T22:41:12.393+0000] {task_command.py:467} INFO - Running <TaskInstance: scrape_and_save_share_prices_with_company_data.create_company_table scheduled__2023-10-25T00:00:00+00:00 [running]> on host 7746de5121f6
[2024-09-27T22:41:12.595+0000] {taskinstance.py:3131} INFO - Exporting env vars: AIRFLOW_CTX_DAG_OWNER='***' AIRFLOW_CTX_DAG_ID='scrape_and_save_share_prices_with_company_data' AIRFLOW_CTX_TASK_ID='create_company_table' AIRFLOW_CTX_EXECUTION_DATE='2023-10-25T00:00:00+00:00' AIRFLOW_CTX_TRY_NUMBER='1' AIRFLOW_CTX_DAG_RUN_ID='scheduled__2023-10-25T00:00:00+00:00'
[2024-09-27T22:41:12.599+0000] {logging_mixin.py:190} INFO - Task instance is in running state
[2024-09-27T22:41:12.600+0000] {logging_mixin.py:190} INFO -  Previous state of the Task instance: queued
[2024-09-27T22:41:12.603+0000] {logging_mixin.py:190} INFO - Current task name:create_company_table state:running start_date:2024-09-27 22:41:12.200343+00:00
[2024-09-27T22:41:12.607+0000] {logging_mixin.py:190} INFO - Dag name:scrape_and_save_share_prices_with_company_data and current dag run status:running
[2024-09-27T22:41:12.609+0000] {taskinstance.py:731} INFO - ::endgroup::
[2024-09-27T22:41:12.629+0000] {base.py:84} INFO - Retrieving connection 'dse_connection'
[2024-09-27T22:41:12.641+0000] {sql.py:509} INFO - Running statement: 
        CREATE TABLE IF NOT EXISTS company_list (
            company_id SERIAL PRIMARY KEY,
            company_trade_name VARCHAR(255) NOT NULL,
            company_url VARCHAR(255) NOT NULL,
            UNIQUE(company_trade_name)
        );
    , parameters: None
[2024-09-27T22:41:12.646+0000] {python.py:240} INFO - Done. Returned value was: None
[2024-09-27T22:41:12.674+0000] {taskinstance.py:340} INFO - ::group::Post task execution logs
[2024-09-27T22:41:12.677+0000] {taskinstance.py:352} INFO - Marking task as SUCCESS. dag_id=scrape_and_save_share_prices_with_company_data, task_id=create_company_table, run_id=scheduled__2023-10-25T00:00:00+00:00, execution_date=20231025T000000, start_date=20240927T224112, end_date=20240927T224112
[2024-09-27T22:41:12.721+0000] {logging_mixin.py:190} INFO - Task instance in success state
[2024-09-27T22:41:12.724+0000] {logging_mixin.py:190} INFO -  Previous state of the Task instance: running
[2024-09-27T22:41:12.727+0000] {logging_mixin.py:190} INFO - Dag name:scrape_and_save_share_prices_with_company_data queued_at:2024-09-27 22:41:06.206532+00:00
[2024-09-27T22:41:12.729+0000] {logging_mixin.py:190} INFO - Task hostname:7746de5121f6 operator:PythonOperator
[2024-09-27T22:41:12.791+0000] {local_task_job_runner.py:266} INFO - Task exited with return code 0
[2024-09-27T22:41:12.927+0000] {taskinstance.py:3900} INFO - 1 downstream tasks scheduled from follow-on schedule check
[2024-09-27T22:41:12.934+0000] {local_task_job_runner.py:245} INFO - ::endgroup::
