[2024-09-27T18:22:34.435+0000] {local_task_job_runner.py:123} INFO - ::group::Pre task execution logs
[2024-09-27T18:22:34.547+0000] {taskinstance.py:2612} INFO - Dependencies all met for dep_context=non-requeueable deps ti=<TaskInstance: scrape_and_save_share_prices_with_company_data.create_share_prices_table scheduled__2023-11-27T00:00:00+00:00 [queued]>
[2024-09-27T18:22:34.640+0000] {taskinstance.py:2612} INFO - Dependencies all met for dep_context=requeueable deps ti=<TaskInstance: scrape_and_save_share_prices_with_company_data.create_share_prices_table scheduled__2023-11-27T00:00:00+00:00 [queued]>
[2024-09-27T18:22:34.642+0000] {taskinstance.py:2865} INFO - Starting attempt 1 of 2
[2024-09-27T18:22:34.700+0000] {taskinstance.py:2888} INFO - Executing <Task(PythonOperator): create_share_prices_table> on 2023-11-27 00:00:00+00:00
[2024-09-27T18:22:34.750+0000] {warnings.py:112} WARNING - /home/***/.local/lib/python3.12/site-packages/***/task/task_runner/standard_task_runner.py:70: DeprecationWarning: This process (pid=12873) is multi-threaded, use of fork() may lead to deadlocks in the child.
  pid = os.fork()

[2024-09-27T18:22:34.764+0000] {standard_task_runner.py:72} INFO - Started process 12903 to run task
[2024-09-27T18:22:34.770+0000] {standard_task_runner.py:104} INFO - Running: ['***', 'tasks', 'run', 'scrape_and_save_share_prices_with_company_data', 'create_share_prices_table', 'scheduled__2023-11-27T00:00:00+00:00', '--job-id', '1346', '--raw', '--subdir', 'DAGS_FOLDER/dag.py', '--cfg-path', '/tmp/tmpbrp3eqao']
[2024-09-27T18:22:34.776+0000] {standard_task_runner.py:105} INFO - Job 1346: Subtask create_share_prices_table
[2024-09-27T18:22:35.191+0000] {task_command.py:467} INFO - Running <TaskInstance: scrape_and_save_share_prices_with_company_data.create_share_prices_table scheduled__2023-11-27T00:00:00+00:00 [running]> on host 13b5797a93ab
[2024-09-27T18:22:35.829+0000] {taskinstance.py:3131} INFO - Exporting env vars: AIRFLOW_CTX_DAG_OWNER='***' AIRFLOW_CTX_DAG_ID='scrape_and_save_share_prices_with_company_data' AIRFLOW_CTX_TASK_ID='create_share_prices_table' AIRFLOW_CTX_EXECUTION_DATE='2023-11-27T00:00:00+00:00' AIRFLOW_CTX_TRY_NUMBER='1' AIRFLOW_CTX_DAG_RUN_ID='scheduled__2023-11-27T00:00:00+00:00'
[2024-09-27T18:22:35.836+0000] {logging_mixin.py:190} INFO - Task instance is in running state
[2024-09-27T18:22:35.850+0000] {logging_mixin.py:190} INFO -  Previous state of the Task instance: queued
[2024-09-27T18:22:35.851+0000] {logging_mixin.py:190} INFO - Current task name:create_share_prices_table state:running start_date:2024-09-27 18:22:34.555101+00:00
[2024-09-27T18:22:35.853+0000] {logging_mixin.py:190} INFO - Dag name:scrape_and_save_share_prices_with_company_data and current dag run status:running
[2024-09-27T18:22:35.854+0000] {taskinstance.py:731} INFO - ::endgroup::
[2024-09-27T18:22:35.920+0000] {base.py:84} INFO - Retrieving connection 'dse_connection'
[2024-09-27T18:22:35.986+0000] {sql.py:509} INFO - Running statement: 
        CREATE TABLE IF NOT EXISTS company_share_prices (
            id SERIAL,
            company_id INTEGER NOT NULL,
            date DATE,
            latest_trading_price VARCHAR(50),
            low_price VARCHAR(50),
            high_price VARCHAR(50),
            closing_price VARCHAR(50),
            ycp VARCHAR(50),
            change VARCHAR(10),
            trade VARCHAR(50),
            value VARCHAR(50),
            volume VARCHAR(50),
            PRIMARY KEY(company_id, id),
            FOREIGN KEY(company_id)
                REFERENCES company_list(company_id)
                ON UPDATE CASCADE ON DELETE CASCADE
        );
    , parameters: None
[2024-09-27T18:22:36.002+0000] {python.py:240} INFO - Done. Returned value was: None
[2024-09-27T18:22:36.086+0000] {taskinstance.py:340} INFO - ::group::Post task execution logs
[2024-09-27T18:22:36.088+0000] {taskinstance.py:352} INFO - Marking task as SUCCESS. dag_id=scrape_and_save_share_prices_with_company_data, task_id=create_share_prices_table, run_id=scheduled__2023-11-27T00:00:00+00:00, execution_date=20231127T000000, start_date=20240927T182234, end_date=20240927T182236
[2024-09-27T18:22:36.220+0000] {logging_mixin.py:190} INFO - Task instance in success state
[2024-09-27T18:22:36.225+0000] {logging_mixin.py:190} INFO -  Previous state of the Task instance: running
[2024-09-27T18:22:36.229+0000] {logging_mixin.py:190} INFO - Dag name:scrape_and_save_share_prices_with_company_data queued_at:2024-09-27 18:20:36.665767+00:00
[2024-09-27T18:22:36.230+0000] {logging_mixin.py:190} INFO - Task hostname:13b5797a93ab operator:PythonOperator
[2024-09-27T18:22:36.304+0000] {local_task_job_runner.py:266} INFO - Task exited with return code 0
[2024-09-27T18:22:36.426+0000] {taskinstance.py:3900} INFO - 1 downstream tasks scheduled from follow-on schedule check
[2024-09-27T18:22:36.433+0000] {local_task_job_runner.py:245} INFO - ::endgroup::
[2024-09-27T22:11:21.258+0000] {local_task_job_runner.py:123} INFO - ::group::Pre task execution logs
[2024-09-27T22:11:21.299+0000] {taskinstance.py:2612} INFO - Dependencies all met for dep_context=non-requeueable deps ti=<TaskInstance: scrape_and_save_share_prices_with_company_data.create_share_prices_table scheduled__2023-11-27T00:00:00+00:00 [queued]>
[2024-09-27T22:11:21.323+0000] {taskinstance.py:2612} INFO - Dependencies all met for dep_context=requeueable deps ti=<TaskInstance: scrape_and_save_share_prices_with_company_data.create_share_prices_table scheduled__2023-11-27T00:00:00+00:00 [queued]>
[2024-09-27T22:11:21.325+0000] {taskinstance.py:2865} INFO - Starting attempt 1 of 2
[2024-09-27T22:11:21.559+0000] {taskinstance.py:2888} INFO - Executing <Task(PythonOperator): create_share_prices_table> on 2023-11-27 00:00:00+00:00
[2024-09-27T22:11:21.574+0000] {warnings.py:112} WARNING - /home/***/.local/lib/python3.12/site-packages/***/task/task_runner/standard_task_runner.py:70: DeprecationWarning: This process (pid=1628) is multi-threaded, use of fork() may lead to deadlocks in the child.
  pid = os.fork()

[2024-09-27T22:11:21.577+0000] {standard_task_runner.py:72} INFO - Started process 1644 to run task
[2024-09-27T22:11:21.580+0000] {standard_task_runner.py:104} INFO - Running: ['***', 'tasks', 'run', 'scrape_and_save_share_prices_with_company_data', 'create_share_prices_table', 'scheduled__2023-11-27T00:00:00+00:00', '--job-id', '2390', '--raw', '--subdir', 'DAGS_FOLDER/dag.py', '--cfg-path', '/tmp/tmp5ttcrprd']
[2024-09-27T22:11:21.582+0000] {standard_task_runner.py:105} INFO - Job 2390: Subtask create_share_prices_table
[2024-09-27T22:11:21.703+0000] {task_command.py:467} INFO - Running <TaskInstance: scrape_and_save_share_prices_with_company_data.create_share_prices_table scheduled__2023-11-27T00:00:00+00:00 [running]> on host fd62fe12432d
[2024-09-27T22:11:21.992+0000] {taskinstance.py:3131} INFO - Exporting env vars: AIRFLOW_CTX_DAG_OWNER='***' AIRFLOW_CTX_DAG_ID='scrape_and_save_share_prices_with_company_data' AIRFLOW_CTX_TASK_ID='create_share_prices_table' AIRFLOW_CTX_EXECUTION_DATE='2023-11-27T00:00:00+00:00' AIRFLOW_CTX_TRY_NUMBER='1' AIRFLOW_CTX_DAG_RUN_ID='scheduled__2023-11-27T00:00:00+00:00'
[2024-09-27T22:11:21.995+0000] {logging_mixin.py:190} INFO - Task instance is in running state
[2024-09-27T22:11:21.996+0000] {logging_mixin.py:190} INFO -  Previous state of the Task instance: queued
[2024-09-27T22:11:21.998+0000] {logging_mixin.py:190} INFO - Current task name:create_share_prices_table state:running start_date:2024-09-27 22:11:21.302203+00:00
[2024-09-27T22:11:21.999+0000] {logging_mixin.py:190} INFO - Dag name:scrape_and_save_share_prices_with_company_data and current dag run status:running
[2024-09-27T22:11:22.000+0000] {taskinstance.py:731} INFO - ::endgroup::
[2024-09-27T22:11:22.018+0000] {base.py:84} INFO - Retrieving connection 'dse_connection'
[2024-09-27T22:11:22.030+0000] {sql.py:509} INFO - Running statement: 
        CREATE TABLE IF NOT EXISTS company_share_prices (
            id SERIAL,
            company_id INTEGER NOT NULL,
            date DATE,
            latest_trading_price VARCHAR(50),
            low_price VARCHAR(50),
            high_price VARCHAR(50),
            closing_price VARCHAR(50),
            ycp VARCHAR(50),
            change VARCHAR(10),
            trade VARCHAR(50),
            value VARCHAR(50),
            volume VARCHAR(50),
            PRIMARY KEY(company_id, id),
            FOREIGN KEY(company_id)
                REFERENCES company_list(company_id)
                ON UPDATE CASCADE ON DELETE CASCADE
        );
    , parameters: None
[2024-09-27T22:11:22.034+0000] {python.py:240} INFO - Done. Returned value was: None
[2024-09-27T22:11:22.061+0000] {taskinstance.py:340} INFO - ::group::Post task execution logs
[2024-09-27T22:11:22.063+0000] {taskinstance.py:352} INFO - Marking task as SUCCESS. dag_id=scrape_and_save_share_prices_with_company_data, task_id=create_share_prices_table, run_id=scheduled__2023-11-27T00:00:00+00:00, execution_date=20231127T000000, start_date=20240927T221121, end_date=20240927T221122
[2024-09-27T22:11:22.088+0000] {logging_mixin.py:190} INFO - Task instance in success state
[2024-09-27T22:11:22.089+0000] {logging_mixin.py:190} INFO -  Previous state of the Task instance: running
[2024-09-27T22:11:22.090+0000] {logging_mixin.py:190} INFO - Dag name:scrape_and_save_share_prices_with_company_data queued_at:2024-09-27 22:09:59.936374+00:00
[2024-09-27T22:11:22.091+0000] {logging_mixin.py:190} INFO - Task hostname:fd62fe12432d operator:PythonOperator
[2024-09-27T22:11:22.136+0000] {local_task_job_runner.py:266} INFO - Task exited with return code 0
[2024-09-27T22:11:22.183+0000] {taskinstance.py:3900} INFO - 1 downstream tasks scheduled from follow-on schedule check
[2024-09-27T22:11:22.187+0000] {local_task_job_runner.py:245} INFO - ::endgroup::
[2024-09-27T22:51:34.232+0000] {local_task_job_runner.py:123} INFO - ::group::Pre task execution logs
[2024-09-27T22:51:34.599+0000] {taskinstance.py:2612} INFO - Dependencies all met for dep_context=non-requeueable deps ti=<TaskInstance: scrape_and_save_share_prices_with_company_data.create_share_prices_table scheduled__2023-11-27T00:00:00+00:00 [queued]>
[2024-09-27T22:51:34.814+0000] {taskinstance.py:2612} INFO - Dependencies all met for dep_context=requeueable deps ti=<TaskInstance: scrape_and_save_share_prices_with_company_data.create_share_prices_table scheduled__2023-11-27T00:00:00+00:00 [queued]>
[2024-09-27T22:51:34.833+0000] {taskinstance.py:2865} INFO - Starting attempt 1 of 2
[2024-09-27T22:51:35.394+0000] {taskinstance.py:2888} INFO - Executing <Task(PythonOperator): create_share_prices_table> on 2023-11-27 00:00:00+00:00
[2024-09-27T22:51:35.482+0000] {warnings.py:112} WARNING - /home/***/.local/lib/python3.12/site-packages/***/task/task_runner/standard_task_runner.py:70: DeprecationWarning: This process (pid=1368) is multi-threaded, use of fork() may lead to deadlocks in the child.
  pid = os.fork()

[2024-09-27T22:51:35.513+0000] {standard_task_runner.py:72} INFO - Started process 1418 to run task
[2024-09-27T22:51:35.531+0000] {standard_task_runner.py:104} INFO - Running: ['***', 'tasks', 'run', 'scrape_and_save_share_prices_with_company_data', 'create_share_prices_table', 'scheduled__2023-11-27T00:00:00+00:00', '--job-id', '2862', '--raw', '--subdir', 'DAGS_FOLDER/dag.py', '--cfg-path', '/tmp/tmp7m3trrp7']
[2024-09-27T22:51:35.569+0000] {standard_task_runner.py:105} INFO - Job 2862: Subtask create_share_prices_table
[2024-09-27T22:51:35.848+0000] {task_command.py:467} INFO - Running <TaskInstance: scrape_and_save_share_prices_with_company_data.create_share_prices_table scheduled__2023-11-27T00:00:00+00:00 [running]> on host 7746de5121f6
[2024-09-27T22:51:36.420+0000] {taskinstance.py:3131} INFO - Exporting env vars: AIRFLOW_CTX_DAG_OWNER='***' AIRFLOW_CTX_DAG_ID='scrape_and_save_share_prices_with_company_data' AIRFLOW_CTX_TASK_ID='create_share_prices_table' AIRFLOW_CTX_EXECUTION_DATE='2023-11-27T00:00:00+00:00' AIRFLOW_CTX_TRY_NUMBER='1' AIRFLOW_CTX_DAG_RUN_ID='scheduled__2023-11-27T00:00:00+00:00'
[2024-09-27T22:51:36.423+0000] {logging_mixin.py:190} INFO - Task instance is in running state
[2024-09-27T22:51:36.425+0000] {logging_mixin.py:190} INFO -  Previous state of the Task instance: queued
[2024-09-27T22:51:36.427+0000] {logging_mixin.py:190} INFO - Current task name:create_share_prices_table state:running start_date:2024-09-27 22:51:34.619804+00:00
[2024-09-27T22:51:36.430+0000] {logging_mixin.py:190} INFO - Dag name:scrape_and_save_share_prices_with_company_data and current dag run status:running
[2024-09-27T22:51:36.441+0000] {taskinstance.py:731} INFO - ::endgroup::
[2024-09-27T22:51:36.524+0000] {base.py:84} INFO - Retrieving connection 'dse_connection'
[2024-09-27T22:51:36.587+0000] {sql.py:509} INFO - Running statement: 
        CREATE TABLE IF NOT EXISTS company_share_prices (
            id SERIAL,
            company_id INTEGER NOT NULL,
            date DATE,
            latest_trading_price VARCHAR(50),
            low_price VARCHAR(50),
            high_price VARCHAR(50),
            closing_price VARCHAR(50),
            ycp VARCHAR(50),
            change VARCHAR(10),
            trade VARCHAR(50),
            value VARCHAR(50),
            volume VARCHAR(50),
            PRIMARY KEY(company_id, id),
            FOREIGN KEY(company_id)
                REFERENCES company_list(company_id)
                ON UPDATE CASCADE ON DELETE CASCADE
        );
    , parameters: None
[2024-09-27T22:51:36.609+0000] {python.py:240} INFO - Done. Returned value was: None
[2024-09-27T22:51:36.676+0000] {taskinstance.py:340} INFO - ::group::Post task execution logs
[2024-09-27T22:51:36.678+0000] {taskinstance.py:352} INFO - Marking task as SUCCESS. dag_id=scrape_and_save_share_prices_with_company_data, task_id=create_share_prices_table, run_id=scheduled__2023-11-27T00:00:00+00:00, execution_date=20231127T000000, start_date=20240927T225134, end_date=20240927T225136
[2024-09-27T22:51:36.789+0000] {logging_mixin.py:190} INFO - Task instance in success state
[2024-09-27T22:51:36.802+0000] {logging_mixin.py:190} INFO -  Previous state of the Task instance: running
[2024-09-27T22:51:36.809+0000] {logging_mixin.py:190} INFO - Dag name:scrape_and_save_share_prices_with_company_data queued_at:2024-09-27 22:50:10.910576+00:00
[2024-09-27T22:51:36.831+0000] {logging_mixin.py:190} INFO - Task hostname:7746de5121f6 operator:PythonOperator
[2024-09-27T22:51:37.057+0000] {local_task_job_runner.py:266} INFO - Task exited with return code 0
[2024-09-27T22:51:37.459+0000] {taskinstance.py:3900} INFO - 1 downstream tasks scheduled from follow-on schedule check
[2024-09-27T22:51:37.481+0000] {local_task_job_runner.py:245} INFO - ::endgroup::
