[2024-09-27T18:39:55.230+0000] {local_task_job_runner.py:123} INFO - ::group::Pre task execution logs
[2024-09-27T18:39:55.317+0000] {taskinstance.py:2612} INFO - Dependencies all met for dep_context=non-requeueable deps ti=<TaskInstance: scrape_and_save_share_prices_with_company_data.create_company_table scheduled__2024-02-12T00:00:00+00:00 [queued]>
[2024-09-27T18:39:55.360+0000] {taskinstance.py:2612} INFO - Dependencies all met for dep_context=requeueable deps ti=<TaskInstance: scrape_and_save_share_prices_with_company_data.create_company_table scheduled__2024-02-12T00:00:00+00:00 [queued]>
[2024-09-27T18:39:55.368+0000] {taskinstance.py:2865} INFO - Starting attempt 1 of 2
[2024-09-27T18:39:55.430+0000] {taskinstance.py:2888} INFO - Executing <Task(PythonOperator): create_company_table> on 2024-02-12 00:00:00+00:00
[2024-09-27T18:39:55.459+0000] {standard_task_runner.py:104} INFO - Running: ['***', 'tasks', 'run', 'scrape_and_save_share_prices_with_company_data', 'create_company_table', 'scheduled__2024-02-12T00:00:00+00:00', '--job-id', '1636', '--raw', '--subdir', 'DAGS_FOLDER/dag.py', '--cfg-path', '/tmp/tmp0jh43qpj']
[2024-09-27T18:39:55.455+0000] {warnings.py:112} WARNING - /home/***/.local/lib/python3.12/site-packages/***/task/task_runner/standard_task_runner.py:70: DeprecationWarning: This process (pid=14223) is multi-threaded, use of fork() may lead to deadlocks in the child.
  pid = os.fork()

[2024-09-27T18:39:55.464+0000] {standard_task_runner.py:105} INFO - Job 1636: Subtask create_company_table
[2024-09-27T18:39:55.464+0000] {standard_task_runner.py:72} INFO - Started process 14230 to run task
[2024-09-27T18:39:55.714+0000] {task_command.py:467} INFO - Running <TaskInstance: scrape_and_save_share_prices_with_company_data.create_company_table scheduled__2024-02-12T00:00:00+00:00 [running]> on host 13b5797a93ab
[2024-09-27T18:39:56.338+0000] {taskinstance.py:3131} INFO - Exporting env vars: AIRFLOW_CTX_DAG_OWNER='***' AIRFLOW_CTX_DAG_ID='scrape_and_save_share_prices_with_company_data' AIRFLOW_CTX_TASK_ID='create_company_table' AIRFLOW_CTX_EXECUTION_DATE='2024-02-12T00:00:00+00:00' AIRFLOW_CTX_TRY_NUMBER='1' AIRFLOW_CTX_DAG_RUN_ID='scheduled__2024-02-12T00:00:00+00:00'
[2024-09-27T18:39:56.355+0000] {logging_mixin.py:190} INFO - Task instance is in running state
[2024-09-27T18:39:56.356+0000] {logging_mixin.py:190} INFO -  Previous state of the Task instance: queued
[2024-09-27T18:39:56.357+0000] {logging_mixin.py:190} INFO - Current task name:create_company_table state:running start_date:2024-09-27 18:39:55.318790+00:00
[2024-09-27T18:39:56.369+0000] {logging_mixin.py:190} INFO - Dag name:scrape_and_save_share_prices_with_company_data and current dag run status:running
[2024-09-27T18:39:56.371+0000] {taskinstance.py:731} INFO - ::endgroup::
[2024-09-27T18:39:56.394+0000] {base.py:84} INFO - Retrieving connection 'dse_connection'
[2024-09-27T18:39:56.406+0000] {sql.py:509} INFO - Running statement: 
        CREATE TABLE IF NOT EXISTS company_list (
            company_id SERIAL PRIMARY KEY,
            company_trade_name VARCHAR(255) NOT NULL,
            company_url VARCHAR(255) NOT NULL,
            UNIQUE(company_trade_name)
        );
    , parameters: None
[2024-09-27T18:39:56.409+0000] {python.py:240} INFO - Done. Returned value was: None
[2024-09-27T18:39:56.506+0000] {taskinstance.py:340} INFO - ::group::Post task execution logs
[2024-09-27T18:39:56.511+0000] {taskinstance.py:352} INFO - Marking task as SUCCESS. dag_id=scrape_and_save_share_prices_with_company_data, task_id=create_company_table, run_id=scheduled__2024-02-12T00:00:00+00:00, execution_date=20240212T000000, start_date=20240927T183955, end_date=20240927T183956
[2024-09-27T18:39:56.650+0000] {logging_mixin.py:190} INFO - Task instance in success state
[2024-09-27T18:39:56.656+0000] {logging_mixin.py:190} INFO -  Previous state of the Task instance: running
[2024-09-27T18:39:56.677+0000] {logging_mixin.py:190} INFO - Dag name:scrape_and_save_share_prices_with_company_data queued_at:2024-09-27 18:39:47.383345+00:00
[2024-09-27T18:39:56.680+0000] {logging_mixin.py:190} INFO - Task hostname:13b5797a93ab operator:PythonOperator
[2024-09-27T18:39:56.825+0000] {local_task_job_runner.py:266} INFO - Task exited with return code 0
[2024-09-27T18:39:56.998+0000] {taskinstance.py:3900} INFO - 1 downstream tasks scheduled from follow-on schedule check
[2024-09-27T18:39:57.015+0000] {local_task_job_runner.py:245} INFO - ::endgroup::
[2024-09-27T23:04:22.375+0000] {local_task_job_runner.py:123} INFO - ::group::Pre task execution logs
[2024-09-27T23:04:22.437+0000] {taskinstance.py:2612} INFO - Dependencies all met for dep_context=non-requeueable deps ti=<TaskInstance: scrape_and_save_share_prices_with_company_data.create_company_table scheduled__2024-02-12T00:00:00+00:00 [queued]>
[2024-09-27T23:04:22.487+0000] {taskinstance.py:2612} INFO - Dependencies all met for dep_context=requeueable deps ti=<TaskInstance: scrape_and_save_share_prices_with_company_data.create_company_table scheduled__2024-02-12T00:00:00+00:00 [queued]>
[2024-09-27T23:04:22.488+0000] {taskinstance.py:2865} INFO - Starting attempt 1 of 2
[2024-09-27T23:04:22.615+0000] {taskinstance.py:2888} INFO - Executing <Task(PythonOperator): create_company_table> on 2024-02-12 00:00:00+00:00
[2024-09-27T23:04:22.642+0000] {standard_task_runner.py:104} INFO - Running: ['***', 'tasks', 'run', 'scrape_and_save_share_prices_with_company_data', 'create_company_table', 'scheduled__2024-02-12T00:00:00+00:00', '--job-id', '3144', '--raw', '--subdir', 'DAGS_FOLDER/dag.py', '--cfg-path', '/tmp/tmp8ahyv9ai']
[2024-09-27T23:04:22.660+0000] {standard_task_runner.py:105} INFO - Job 3144: Subtask create_company_table
[2024-09-27T23:04:22.664+0000] {warnings.py:112} WARNING - /home/***/.local/lib/python3.12/site-packages/***/task/task_runner/standard_task_runner.py:70: DeprecationWarning: This process (pid=2649) is multi-threaded, use of fork() may lead to deadlocks in the child.
  pid = os.fork()

[2024-09-27T23:04:22.669+0000] {standard_task_runner.py:72} INFO - Started process 2665 to run task
[2024-09-27T23:04:22.905+0000] {task_command.py:467} INFO - Running <TaskInstance: scrape_and_save_share_prices_with_company_data.create_company_table scheduled__2024-02-12T00:00:00+00:00 [running]> on host 7746de5121f6
[2024-09-27T23:04:23.333+0000] {taskinstance.py:3131} INFO - Exporting env vars: AIRFLOW_CTX_DAG_OWNER='***' AIRFLOW_CTX_DAG_ID='scrape_and_save_share_prices_with_company_data' AIRFLOW_CTX_TASK_ID='create_company_table' AIRFLOW_CTX_EXECUTION_DATE='2024-02-12T00:00:00+00:00' AIRFLOW_CTX_TRY_NUMBER='1' AIRFLOW_CTX_DAG_RUN_ID='scheduled__2024-02-12T00:00:00+00:00'
[2024-09-27T23:04:23.336+0000] {logging_mixin.py:190} INFO - Task instance is in running state
[2024-09-27T23:04:23.344+0000] {logging_mixin.py:190} INFO -  Previous state of the Task instance: queued
[2024-09-27T23:04:23.347+0000] {logging_mixin.py:190} INFO - Current task name:create_company_table state:running start_date:2024-09-27 23:04:22.439589+00:00
[2024-09-27T23:04:23.354+0000] {logging_mixin.py:190} INFO - Dag name:scrape_and_save_share_prices_with_company_data and current dag run status:running
[2024-09-27T23:04:23.355+0000] {taskinstance.py:731} INFO - ::endgroup::
[2024-09-27T23:04:23.438+0000] {base.py:84} INFO - Retrieving connection 'dse_connection'
[2024-09-27T23:04:23.465+0000] {sql.py:509} INFO - Running statement: 
        CREATE TABLE IF NOT EXISTS company_list (
            company_id SERIAL PRIMARY KEY,
            company_trade_name VARCHAR(255) NOT NULL,
            company_url VARCHAR(255) NOT NULL,
            UNIQUE(company_trade_name)
        );
    , parameters: None
[2024-09-27T23:04:23.478+0000] {python.py:240} INFO - Done. Returned value was: None
[2024-09-27T23:04:23.515+0000] {taskinstance.py:340} INFO - ::group::Post task execution logs
[2024-09-27T23:04:23.518+0000] {taskinstance.py:352} INFO - Marking task as SUCCESS. dag_id=scrape_and_save_share_prices_with_company_data, task_id=create_company_table, run_id=scheduled__2024-02-12T00:00:00+00:00, execution_date=20240212T000000, start_date=20240927T230422, end_date=20240927T230423
[2024-09-27T23:04:23.610+0000] {logging_mixin.py:190} INFO - Task instance in success state
[2024-09-27T23:04:23.611+0000] {logging_mixin.py:190} INFO -  Previous state of the Task instance: running
[2024-09-27T23:04:23.616+0000] {logging_mixin.py:190} INFO - Dag name:scrape_and_save_share_prices_with_company_data queued_at:2024-09-27 23:04:16.329886+00:00
[2024-09-27T23:04:23.617+0000] {logging_mixin.py:190} INFO - Task hostname:7746de5121f6 operator:PythonOperator
[2024-09-27T23:04:23.681+0000] {local_task_job_runner.py:266} INFO - Task exited with return code 0
[2024-09-27T23:04:23.781+0000] {taskinstance.py:3900} INFO - 1 downstream tasks scheduled from follow-on schedule check
[2024-09-27T23:04:23.825+0000] {local_task_job_runner.py:245} INFO - ::endgroup::
