[2024-09-27T23:50:41.866+0000] {local_task_job_runner.py:123} INFO - ::group::Pre task execution logs
[2024-09-27T23:50:41.913+0000] {taskinstance.py:2612} INFO - Dependencies all met for dep_context=non-requeueable deps ti=<TaskInstance: scrape_and_save_share_prices_with_company_data.insert_company_data scheduled__2024-09-21T00:00:00+00:00 [queued]>
[2024-09-27T23:50:41.944+0000] {taskinstance.py:2612} INFO - Dependencies all met for dep_context=requeueable deps ti=<TaskInstance: scrape_and_save_share_prices_with_company_data.insert_company_data scheduled__2024-09-21T00:00:00+00:00 [queued]>
[2024-09-27T23:50:41.950+0000] {taskinstance.py:2865} INFO - Starting attempt 1 of 2
[2024-09-27T23:50:42.070+0000] {taskinstance.py:2888} INFO - Executing <Task(PythonOperator): insert_company_data> on 2024-09-21 00:00:00+00:00
[2024-09-27T23:50:42.099+0000] {warnings.py:112} WARNING - /home/***/.local/lib/python3.12/site-packages/***/task/task_runner/standard_task_runner.py:70: DeprecationWarning: This process (pid=6761) is multi-threaded, use of fork() may lead to deadlocks in the child.
  pid = os.fork()

[2024-09-27T23:50:42.116+0000] {standard_task_runner.py:104} INFO - Running: ['***', 'tasks', 'run', 'scrape_and_save_share_prices_with_company_data', 'insert_company_data', 'scheduled__2024-09-21T00:00:00+00:00', '--job-id', '4058', '--raw', '--subdir', 'DAGS_FOLDER/dag.py', '--cfg-path', '/tmp/tmpdqmlak9h']
[2024-09-27T23:50:42.120+0000] {standard_task_runner.py:72} INFO - Started process 6778 to run task
[2024-09-27T23:50:42.139+0000] {standard_task_runner.py:105} INFO - Job 4058: Subtask insert_company_data
[2024-09-27T23:50:42.422+0000] {task_command.py:467} INFO - Running <TaskInstance: scrape_and_save_share_prices_with_company_data.insert_company_data scheduled__2024-09-21T00:00:00+00:00 [running]> on host 7746de5121f6
[2024-09-27T23:50:42.846+0000] {taskinstance.py:3131} INFO - Exporting env vars: AIRFLOW_CTX_DAG_OWNER='***' AIRFLOW_CTX_DAG_ID='scrape_and_save_share_prices_with_company_data' AIRFLOW_CTX_TASK_ID='insert_company_data' AIRFLOW_CTX_EXECUTION_DATE='2024-09-21T00:00:00+00:00' AIRFLOW_CTX_TRY_NUMBER='1' AIRFLOW_CTX_DAG_RUN_ID='scheduled__2024-09-21T00:00:00+00:00'
[2024-09-27T23:50:42.856+0000] {logging_mixin.py:190} INFO - Task instance is in running state
[2024-09-27T23:50:42.858+0000] {logging_mixin.py:190} INFO -  Previous state of the Task instance: queued
[2024-09-27T23:50:42.860+0000] {logging_mixin.py:190} INFO - Current task name:insert_company_data state:running start_date:2024-09-27 23:50:41.920558+00:00
[2024-09-27T23:50:42.864+0000] {logging_mixin.py:190} INFO - Dag name:scrape_and_save_share_prices_with_company_data and current dag run status:running
[2024-09-27T23:50:42.869+0000] {taskinstance.py:731} INFO - ::endgroup::
[2024-09-27T23:50:48.805+0000] {base.py:84} INFO - Retrieving connection 'dse_connection'
[2024-09-27T23:50:48.818+0000] {sql.py:509} INFO - Running statement: 
        INSERT INTO company_list (company_trade_name, company_url) 
        VALUES (%s, %s)
        ON CONFLICT (company_trade_name) DO NOTHING;
    , parameters: ('1JANATAMF', 'https://www.dse.com.bd/displayCompany.php?name=1JANATAMF')
[2024-09-27T23:50:48.826+0000] {sql.py:518} INFO - Rows affected: 0
[2024-09-27T23:50:48.860+0000] {base.py:84} INFO - Retrieving connection 'dse_connection'
[2024-09-27T23:50:48.874+0000] {sql.py:509} INFO - Running statement: 
        INSERT INTO company_list (company_trade_name, company_url) 
        VALUES (%s, %s)
        ON CONFLICT (company_trade_name) DO NOTHING;
    , parameters: ('1STPRIMFMF', 'https://www.dse.com.bd/displayCompany.php?name=1STPRIMFMF')
[2024-09-27T23:50:48.884+0000] {sql.py:518} INFO - Rows affected: 0
[2024-09-27T23:50:48.922+0000] {base.py:84} INFO - Retrieving connection 'dse_connection'
[2024-09-27T23:50:48.941+0000] {sql.py:509} INFO - Running statement: 
        INSERT INTO company_list (company_trade_name, company_url) 
        VALUES (%s, %s)
        ON CONFLICT (company_trade_name) DO NOTHING;
    , parameters: ('AAMRANET', 'https://www.dse.com.bd/displayCompany.php?name=AAMRANET')
[2024-09-27T23:50:48.952+0000] {sql.py:518} INFO - Rows affected: 0
[2024-09-27T23:50:49.010+0000] {base.py:84} INFO - Retrieving connection 'dse_connection'
[2024-09-27T23:50:49.030+0000] {sql.py:509} INFO - Running statement: 
        INSERT INTO company_list (company_trade_name, company_url) 
        VALUES (%s, %s)
        ON CONFLICT (company_trade_name) DO NOTHING;
    , parameters: ('AAMRATECH', 'https://www.dse.com.bd/displayCompany.php?name=AAMRATECH')
[2024-09-27T23:50:49.039+0000] {sql.py:518} INFO - Rows affected: 0
[2024-09-27T23:50:49.065+0000] {base.py:84} INFO - Retrieving connection 'dse_connection'
[2024-09-27T23:50:49.087+0000] {sql.py:509} INFO - Running statement: 
        INSERT INTO company_list (company_trade_name, company_url) 
        VALUES (%s, %s)
        ON CONFLICT (company_trade_name) DO NOTHING;
    , parameters: ('ABB1STMF', 'https://www.dse.com.bd/displayCompany.php?name=ABB1STMF')
[2024-09-27T23:50:49.102+0000] {sql.py:518} INFO - Rows affected: 0
[2024-09-27T23:50:49.121+0000] {base.py:84} INFO - Retrieving connection 'dse_connection'
[2024-09-27T23:50:49.167+0000] {sql.py:509} INFO - Running statement: 
        INSERT INTO company_list (company_trade_name, company_url) 
        VALUES (%s, %s)
        ON CONFLICT (company_trade_name) DO NOTHING;
    , parameters: ('ABBANK', 'https://www.dse.com.bd/displayCompany.php?name=ABBANK')
[2024-09-27T23:50:49.192+0000] {sql.py:518} INFO - Rows affected: 0
[2024-09-27T23:50:49.235+0000] {base.py:84} INFO - Retrieving connection 'dse_connection'
[2024-09-27T23:50:49.291+0000] {sql.py:509} INFO - Running statement: 
        INSERT INTO company_list (company_trade_name, company_url) 
        VALUES (%s, %s)
        ON CONFLICT (company_trade_name) DO NOTHING;
    , parameters: ('ACFL', 'https://www.dse.com.bd/displayCompany.php?name=ACFL')
[2024-09-27T23:50:49.349+0000] {sql.py:518} INFO - Rows affected: 0
[2024-09-27T23:50:49.415+0000] {base.py:84} INFO - Retrieving connection 'dse_connection'
[2024-09-27T23:50:49.445+0000] {sql.py:509} INFO - Running statement: 
        INSERT INTO company_list (company_trade_name, company_url) 
        VALUES (%s, %s)
        ON CONFLICT (company_trade_name) DO NOTHING;
    , parameters: ('ACI', 'https://www.dse.com.bd/displayCompany.php?name=ACI')
[2024-09-27T23:50:49.459+0000] {sql.py:518} INFO - Rows affected: 0
[2024-09-27T23:50:49.534+0000] {base.py:84} INFO - Retrieving connection 'dse_connection'
[2024-09-27T23:50:49.646+0000] {sql.py:509} INFO - Running statement: 
        INSERT INTO company_list (company_trade_name, company_url) 
        VALUES (%s, %s)
        ON CONFLICT (company_trade_name) DO NOTHING;
    , parameters: ('ACIFORMULA', 'https://www.dse.com.bd/displayCompany.php?name=ACIFORMULA')
[2024-09-27T23:50:49.651+0000] {sql.py:518} INFO - Rows affected: 0
[2024-09-27T23:50:49.745+0000] {base.py:84} INFO - Retrieving connection 'dse_connection'
[2024-09-27T23:50:49.770+0000] {sql.py:509} INFO - Running statement: 
        INSERT INTO company_list (company_trade_name, company_url) 
        VALUES (%s, %s)
        ON CONFLICT (company_trade_name) DO NOTHING;
    , parameters: ('ACMELAB', 'https://www.dse.com.bd/displayCompany.php?name=ACMELAB')
[2024-09-27T23:50:49.784+0000] {sql.py:518} INFO - Rows affected: 0
[2024-09-27T23:50:49.900+0000] {base.py:84} INFO - Retrieving connection 'dse_connection'
[2024-09-27T23:50:50.035+0000] {sql.py:509} INFO - Running statement: 
        INSERT INTO company_list (company_trade_name, company_url) 
        VALUES (%s, %s)
        ON CONFLICT (company_trade_name) DO NOTHING;
    , parameters: ('ACMEPL', 'https://www.dse.com.bd/displayCompany.php?name=ACMEPL')
[2024-09-27T23:50:50.082+0000] {sql.py:518} INFO - Rows affected: 0
[2024-09-27T23:50:50.263+0000] {base.py:84} INFO - Retrieving connection 'dse_connection'
[2024-09-27T23:50:50.354+0000] {sql.py:509} INFO - Running statement: 
        INSERT INTO company_list (company_trade_name, company_url) 
        VALUES (%s, %s)
        ON CONFLICT (company_trade_name) DO NOTHING;
    , parameters: ('ACTIVEFINE', 'https://www.dse.com.bd/displayCompany.php?name=ACTIVEFINE')
[2024-09-27T23:50:50.451+0000] {sql.py:518} INFO - Rows affected: 0
[2024-09-27T23:50:50.605+0000] {base.py:84} INFO - Retrieving connection 'dse_connection'
[2024-09-27T23:50:50.701+0000] {sql.py:509} INFO - Running statement: 
        INSERT INTO company_list (company_trade_name, company_url) 
        VALUES (%s, %s)
        ON CONFLICT (company_trade_name) DO NOTHING;
    , parameters: ('ADNTEL', 'https://www.dse.com.bd/displayCompany.php?name=ADNTEL')
[2024-09-27T23:50:50.736+0000] {sql.py:518} INFO - Rows affected: 0
[2024-09-27T23:50:50.855+0000] {base.py:84} INFO - Retrieving connection 'dse_connection'
[2024-09-27T23:50:50.880+0000] {sql.py:509} INFO - Running statement: 
        INSERT INTO company_list (company_trade_name, company_url) 
        VALUES (%s, %s)
        ON CONFLICT (company_trade_name) DO NOTHING;
    , parameters: ('ADVENT', 'https://www.dse.com.bd/displayCompany.php?name=ADVENT')
[2024-09-27T23:50:50.895+0000] {sql.py:518} INFO - Rows affected: 0
[2024-09-27T23:50:50.967+0000] {base.py:84} INFO - Retrieving connection 'dse_connection'
[2024-09-27T23:50:51.000+0000] {sql.py:509} INFO - Running statement: 
        INSERT INTO company_list (company_trade_name, company_url) 
        VALUES (%s, %s)
        ON CONFLICT (company_trade_name) DO NOTHING;
    , parameters: ('AFCAGRO', 'https://www.dse.com.bd/displayCompany.php?name=AFCAGRO')
[2024-09-27T23:50:51.006+0000] {sql.py:518} INFO - Rows affected: 0
[2024-09-27T23:50:51.126+0000] {base.py:84} INFO - Retrieving connection 'dse_connection'
[2024-09-27T23:50:51.221+0000] {sql.py:509} INFO - Running statement: 
        INSERT INTO company_list (company_trade_name, company_url) 
        VALUES (%s, %s)
        ON CONFLICT (company_trade_name) DO NOTHING;
    , parameters: ('AFTABAUTO', 'https://www.dse.com.bd/displayCompany.php?name=AFTABAUTO')
[2024-09-27T23:50:51.250+0000] {sql.py:518} INFO - Rows affected: 0
[2024-09-27T23:50:51.389+0000] {base.py:84} INFO - Retrieving connection 'dse_connection'
[2024-09-27T23:50:51.543+0000] {sql.py:509} INFO - Running statement: 
        INSERT INTO company_list (company_trade_name, company_url) 
        VALUES (%s, %s)
        ON CONFLICT (company_trade_name) DO NOTHING;
    , parameters: ('AGNISYSL', 'https://www.dse.com.bd/displayCompany.php?name=AGNISYSL')
[2024-09-27T23:50:51.589+0000] {sql.py:518} INFO - Rows affected: 0
[2024-09-27T23:50:51.767+0000] {base.py:84} INFO - Retrieving connection 'dse_connection'
[2024-09-27T23:50:51.964+0000] {sql.py:509} INFO - Running statement: 
        INSERT INTO company_list (company_trade_name, company_url) 
        VALUES (%s, %s)
        ON CONFLICT (company_trade_name) DO NOTHING;
    , parameters: ('AGRANINS', 'https://www.dse.com.bd/displayCompany.php?name=AGRANINS')
[2024-09-27T23:50:52.023+0000] {sql.py:518} INFO - Rows affected: 0
[2024-09-27T23:50:52.185+0000] {base.py:84} INFO - Retrieving connection 'dse_connection'
[2024-09-27T23:50:52.284+0000] {sql.py:509} INFO - Running statement: 
        INSERT INTO company_list (company_trade_name, company_url) 
        VALUES (%s, %s)
        ON CONFLICT (company_trade_name) DO NOTHING;
    , parameters: ('AIBL1STIMF', 'https://www.dse.com.bd/displayCompany.php?name=AIBL1STIMF')
[2024-09-27T23:50:52.306+0000] {sql.py:518} INFO - Rows affected: 0
[2024-09-27T23:50:52.459+0000] {base.py:84} INFO - Retrieving connection 'dse_connection'
[2024-09-27T23:50:52.546+0000] {sql.py:509} INFO - Running statement: 
        INSERT INTO company_list (company_trade_name, company_url) 
        VALUES (%s, %s)
        ON CONFLICT (company_trade_name) DO NOTHING;
    , parameters: ('AIL', 'https://www.dse.com.bd/displayCompany.php?name=AIL')
[2024-09-27T23:50:52.573+0000] {sql.py:518} INFO - Rows affected: 0
[2024-09-27T23:50:52.673+0000] {base.py:84} INFO - Retrieving connection 'dse_connection'
[2024-09-27T23:50:52.711+0000] {sql.py:509} INFO - Running statement: 
        INSERT INTO company_list (company_trade_name, company_url) 
        VALUES (%s, %s)
        ON CONFLICT (company_trade_name) DO NOTHING;
    , parameters: ('AL-HAJTEX', 'https://www.dse.com.bd/displayCompany.php?name=AL-HAJTEX')
[2024-09-27T23:50:52.727+0000] {sql.py:518} INFO - Rows affected: 0
[2024-09-27T23:50:52.817+0000] {base.py:84} INFO - Retrieving connection 'dse_connection'
[2024-09-27T23:50:52.868+0000] {sql.py:509} INFO - Running statement: 
        INSERT INTO company_list (company_trade_name, company_url) 
        VALUES (%s, %s)
        ON CONFLICT (company_trade_name) DO NOTHING;
    , parameters: ('ALARABANK', 'https://www.dse.com.bd/displayCompany.php?name=ALARABANK')
[2024-09-27T23:50:52.886+0000] {sql.py:518} INFO - Rows affected: 0
[2024-09-27T23:50:52.940+0000] {base.py:84} INFO - Retrieving connection 'dse_connection'
[2024-09-27T23:50:52.975+0000] {sql.py:509} INFO - Running statement: 
        INSERT INTO company_list (company_trade_name, company_url) 
        VALUES (%s, %s)
        ON CONFLICT (company_trade_name) DO NOTHING;
    , parameters: ('ALIF', 'https://www.dse.com.bd/displayCompany.php?name=ALIF')
[2024-09-27T23:50:53.003+0000] {sql.py:518} INFO - Rows affected: 0
[2024-09-27T23:50:53.069+0000] {base.py:84} INFO - Retrieving connection 'dse_connection'
[2024-09-27T23:50:53.169+0000] {sql.py:509} INFO - Running statement: 
        INSERT INTO company_list (company_trade_name, company_url) 
        VALUES (%s, %s)
        ON CONFLICT (company_trade_name) DO NOTHING;
    , parameters: ('ALLTEX', 'https://www.dse.com.bd/displayCompany.php?name=ALLTEX')
[2024-09-27T23:50:53.184+0000] {sql.py:518} INFO - Rows affected: 0
[2024-09-27T23:50:53.269+0000] {base.py:84} INFO - Retrieving connection 'dse_connection'
[2024-09-27T23:50:53.293+0000] {sql.py:509} INFO - Running statement: 
        INSERT INTO company_list (company_trade_name, company_url) 
        VALUES (%s, %s)
        ON CONFLICT (company_trade_name) DO NOTHING;
    , parameters: ('AMANFEED', 'https://www.dse.com.bd/displayCompany.php?name=AMANFEED')
[2024-09-27T23:50:53.309+0000] {sql.py:518} INFO - Rows affected: 0
[2024-09-27T23:50:53.386+0000] {base.py:84} INFO - Retrieving connection 'dse_connection'
[2024-09-27T23:50:53.429+0000] {sql.py:509} INFO - Running statement: 
        INSERT INTO company_list (company_trade_name, company_url) 
        VALUES (%s, %s)
        ON CONFLICT (company_trade_name) DO NOTHING;
    , parameters: ('AMBEEPHA', 'https://www.dse.com.bd/displayCompany.php?name=AMBEEPHA')
[2024-09-27T23:50:53.449+0000] {sql.py:518} INFO - Rows affected: 0
[2024-09-27T23:50:53.520+0000] {base.py:84} INFO - Retrieving connection 'dse_connection'
[2024-09-27T23:50:53.608+0000] {sql.py:509} INFO - Running statement: 
        INSERT INTO company_list (company_trade_name, company_url) 
        VALUES (%s, %s)
        ON CONFLICT (company_trade_name) DO NOTHING;
    , parameters: ('AMCL(PRAN)', 'https://www.dse.com.bd/displayCompany.php?name=AMCL(PRAN)')
[2024-09-27T23:50:53.679+0000] {sql.py:518} INFO - Rows affected: 0
[2024-09-27T23:50:53.754+0000] {base.py:84} INFO - Retrieving connection 'dse_connection'
[2024-09-27T23:50:53.801+0000] {sql.py:509} INFO - Running statement: 
        INSERT INTO company_list (company_trade_name, company_url) 
        VALUES (%s, %s)
        ON CONFLICT (company_trade_name) DO NOTHING;
    , parameters: ('ANLIMAYARN', 'https://www.dse.com.bd/displayCompany.php?name=ANLIMAYARN')
[2024-09-27T23:50:53.821+0000] {sql.py:518} INFO - Rows affected: 0
[2024-09-27T23:50:53.872+0000] {base.py:84} INFO - Retrieving connection 'dse_connection'
[2024-09-27T23:50:53.907+0000] {sql.py:509} INFO - Running statement: 
        INSERT INTO company_list (company_trade_name, company_url) 
        VALUES (%s, %s)
        ON CONFLICT (company_trade_name) DO NOTHING;
    , parameters: ('ANWARGALV', 'https://www.dse.com.bd/displayCompany.php?name=ANWARGALV')
[2024-09-27T23:50:53.932+0000] {sql.py:518} INFO - Rows affected: 0
[2024-09-27T23:50:53.980+0000] {base.py:84} INFO - Retrieving connection 'dse_connection'
[2024-09-27T23:50:54.009+0000] {sql.py:509} INFO - Running statement: 
        INSERT INTO company_list (company_trade_name, company_url) 
        VALUES (%s, %s)
        ON CONFLICT (company_trade_name) DO NOTHING;
    , parameters: ('AOL', 'https://www.dse.com.bd/displayCompany.php?name=AOL')
[2024-09-27T23:50:54.023+0000] {sql.py:518} INFO - Rows affected: 0
[2024-09-27T23:50:54.096+0000] {base.py:84} INFO - Retrieving connection 'dse_connection'
[2024-09-27T23:50:54.122+0000] {sql.py:509} INFO - Running statement: 
        INSERT INTO company_list (company_trade_name, company_url) 
        VALUES (%s, %s)
        ON CONFLICT (company_trade_name) DO NOTHING;
    , parameters: ('APEXFOODS', 'https://www.dse.com.bd/displayCompany.php?name=APEXFOODS')
[2024-09-27T23:50:54.126+0000] {sql.py:518} INFO - Rows affected: 0
[2024-09-27T23:50:54.154+0000] {base.py:84} INFO - Retrieving connection 'dse_connection'
[2024-09-27T23:50:54.187+0000] {sql.py:509} INFO - Running statement: 
        INSERT INTO company_list (company_trade_name, company_url) 
        VALUES (%s, %s)
        ON CONFLICT (company_trade_name) DO NOTHING;
    , parameters: ('APEXFOOT', 'https://www.dse.com.bd/displayCompany.php?name=APEXFOOT')
[2024-09-27T23:50:54.219+0000] {sql.py:518} INFO - Rows affected: 0
[2024-09-27T23:50:54.266+0000] {base.py:84} INFO - Retrieving connection 'dse_connection'
[2024-09-27T23:50:54.285+0000] {sql.py:509} INFO - Running statement: 
        INSERT INTO company_list (company_trade_name, company_url) 
        VALUES (%s, %s)
        ON CONFLICT (company_trade_name) DO NOTHING;
    , parameters: ('APEXSPINN', 'https://www.dse.com.bd/displayCompany.php?name=APEXSPINN')
[2024-09-27T23:50:54.288+0000] {sql.py:518} INFO - Rows affected: 0
[2024-09-27T23:50:54.332+0000] {base.py:84} INFO - Retrieving connection 'dse_connection'
[2024-09-27T23:50:54.354+0000] {sql.py:509} INFO - Running statement: 
        INSERT INTO company_list (company_trade_name, company_url) 
        VALUES (%s, %s)
        ON CONFLICT (company_trade_name) DO NOTHING;
    , parameters: ('APEXTANRY', 'https://www.dse.com.bd/displayCompany.php?name=APEXTANRY')
[2024-09-27T23:50:54.366+0000] {sql.py:518} INFO - Rows affected: 0
[2024-09-27T23:50:54.431+0000] {base.py:84} INFO - Retrieving connection 'dse_connection'
[2024-09-27T23:50:54.446+0000] {sql.py:509} INFO - Running statement: 
        INSERT INTO company_list (company_trade_name, company_url) 
        VALUES (%s, %s)
        ON CONFLICT (company_trade_name) DO NOTHING;
    , parameters: ('APOLOISPAT', 'https://www.dse.com.bd/displayCompany.php?name=APOLOISPAT')
[2024-09-27T23:50:54.456+0000] {sql.py:518} INFO - Rows affected: 0
[2024-09-27T23:50:54.530+0000] {base.py:84} INFO - Retrieving connection 'dse_connection'
[2024-09-27T23:50:54.542+0000] {sql.py:509} INFO - Running statement: 
        INSERT INTO company_list (company_trade_name, company_url) 
        VALUES (%s, %s)
        ON CONFLICT (company_trade_name) DO NOTHING;
    , parameters: ('ARAMIT', 'https://www.dse.com.bd/displayCompany.php?name=ARAMIT')
[2024-09-27T23:50:54.557+0000] {sql.py:518} INFO - Rows affected: 0
[2024-09-27T23:50:54.604+0000] {base.py:84} INFO - Retrieving connection 'dse_connection'
[2024-09-27T23:50:54.648+0000] {sql.py:509} INFO - Running statement: 
        INSERT INTO company_list (company_trade_name, company_url) 
        VALUES (%s, %s)
        ON CONFLICT (company_trade_name) DO NOTHING;
    , parameters: ('ARAMITCEM', 'https://www.dse.com.bd/displayCompany.php?name=ARAMITCEM')
[2024-09-27T23:50:54.662+0000] {sql.py:518} INFO - Rows affected: 0
[2024-09-27T23:50:54.757+0000] {base.py:84} INFO - Retrieving connection 'dse_connection'
[2024-09-27T23:50:54.860+0000] {sql.py:509} INFO - Running statement: 
        INSERT INTO company_list (company_trade_name, company_url) 
        VALUES (%s, %s)
        ON CONFLICT (company_trade_name) DO NOTHING;
    , parameters: ('ARGONDENIM', 'https://www.dse.com.bd/displayCompany.php?name=ARGONDENIM')
[2024-09-27T23:50:54.864+0000] {sql.py:518} INFO - Rows affected: 0
[2024-09-27T23:50:54.945+0000] {base.py:84} INFO - Retrieving connection 'dse_connection'
[2024-09-27T23:50:54.987+0000] {sql.py:509} INFO - Running statement: 
        INSERT INTO company_list (company_trade_name, company_url) 
        VALUES (%s, %s)
        ON CONFLICT (company_trade_name) DO NOTHING;
    , parameters: ('ASIAINS', 'https://www.dse.com.bd/displayCompany.php?name=ASIAINS')
[2024-09-27T23:50:55.010+0000] {sql.py:518} INFO - Rows affected: 0
[2024-09-27T23:50:55.145+0000] {base.py:84} INFO - Retrieving connection 'dse_connection'
[2024-09-27T23:50:55.351+0000] {sql.py:509} INFO - Running statement: 
        INSERT INTO company_list (company_trade_name, company_url) 
        VALUES (%s, %s)
        ON CONFLICT (company_trade_name) DO NOTHING;
    , parameters: ('ASIAPACINS', 'https://www.dse.com.bd/displayCompany.php?name=ASIAPACINS')
[2024-09-27T23:50:55.382+0000] {sql.py:518} INFO - Rows affected: 0
[2024-09-27T23:50:55.493+0000] {base.py:84} INFO - Retrieving connection 'dse_connection'
[2024-09-27T23:50:55.934+0000] {sql.py:509} INFO - Running statement: 
        INSERT INTO company_list (company_trade_name, company_url) 
        VALUES (%s, %s)
        ON CONFLICT (company_trade_name) DO NOTHING;
    , parameters: ('ASIATICLAB', 'https://www.dse.com.bd/displayCompany.php?name=ASIATICLAB')
[2024-09-27T23:50:56.081+0000] {sql.py:518} INFO - Rows affected: 0
[2024-09-27T23:50:56.253+0000] {base.py:84} INFO - Retrieving connection 'dse_connection'
[2024-09-27T23:50:56.361+0000] {sql.py:509} INFO - Running statement: 
        INSERT INTO company_list (company_trade_name, company_url) 
        VALUES (%s, %s)
        ON CONFLICT (company_trade_name) DO NOTHING;
    , parameters: ('ATCSLGF', 'https://www.dse.com.bd/displayCompany.php?name=ATCSLGF')
[2024-09-27T23:50:56.520+0000] {sql.py:518} INFO - Rows affected: 0
[2024-09-27T23:50:56.606+0000] {base.py:84} INFO - Retrieving connection 'dse_connection'
[2024-09-27T23:50:56.660+0000] {sql.py:509} INFO - Running statement: 
        INSERT INTO company_list (company_trade_name, company_url) 
        VALUES (%s, %s)
        ON CONFLICT (company_trade_name) DO NOTHING;
    , parameters: ('ATLASBANG', 'https://www.dse.com.bd/displayCompany.php?name=ATLASBANG')
[2024-09-27T23:50:56.883+0000] {sql.py:518} INFO - Rows affected: 0
[2024-09-27T23:50:56.932+0000] {base.py:84} INFO - Retrieving connection 'dse_connection'
[2024-09-27T23:50:56.952+0000] {sql.py:509} INFO - Running statement: 
        INSERT INTO company_list (company_trade_name, company_url) 
        VALUES (%s, %s)
        ON CONFLICT (company_trade_name) DO NOTHING;
    , parameters: ('AZIZPIPES', 'https://www.dse.com.bd/displayCompany.php?name=AZIZPIPES')
[2024-09-27T23:50:57.001+0000] {sql.py:518} INFO - Rows affected: 0
[2024-09-27T23:50:57.086+0000] {base.py:84} INFO - Retrieving connection 'dse_connection'
[2024-09-27T23:50:57.356+0000] {sql.py:509} INFO - Running statement: 
        INSERT INTO company_list (company_trade_name, company_url) 
        VALUES (%s, %s)
        ON CONFLICT (company_trade_name) DO NOTHING;
    , parameters: ('BANGAS', 'https://www.dse.com.bd/displayCompany.php?name=BANGAS')
[2024-09-27T23:50:57.479+0000] {sql.py:518} INFO - Rows affected: 0
[2024-09-27T23:50:57.543+0000] {base.py:84} INFO - Retrieving connection 'dse_connection'
[2024-09-27T23:50:57.583+0000] {sql.py:509} INFO - Running statement: 
        INSERT INTO company_list (company_trade_name, company_url) 
        VALUES (%s, %s)
        ON CONFLICT (company_trade_name) DO NOTHING;
    , parameters: ('BANKASIA', 'https://www.dse.com.bd/displayCompany.php?name=BANKASIA')
[2024-09-27T23:50:57.601+0000] {sql.py:518} INFO - Rows affected: 0
[2024-09-27T23:50:57.640+0000] {base.py:84} INFO - Retrieving connection 'dse_connection'
[2024-09-27T23:50:57.674+0000] {sql.py:509} INFO - Running statement: 
        INSERT INTO company_list (company_trade_name, company_url) 
        VALUES (%s, %s)
        ON CONFLICT (company_trade_name) DO NOTHING;
    , parameters: ('BARKAPOWER', 'https://www.dse.com.bd/displayCompany.php?name=BARKAPOWER')
[2024-09-27T23:50:57.846+0000] {sql.py:518} INFO - Rows affected: 0
[2024-09-27T23:50:58.015+0000] {base.py:84} INFO - Retrieving connection 'dse_connection'
[2024-09-27T23:50:58.166+0000] {sql.py:509} INFO - Running statement: 
        INSERT INTO company_list (company_trade_name, company_url) 
        VALUES (%s, %s)
        ON CONFLICT (company_trade_name) DO NOTHING;
    , parameters: ('BATASHOE', 'https://www.dse.com.bd/displayCompany.php?name=BATASHOE')
[2024-09-27T23:50:58.200+0000] {sql.py:518} INFO - Rows affected: 0
[2024-09-27T23:50:58.311+0000] {base.py:84} INFO - Retrieving connection 'dse_connection'
[2024-09-27T23:50:58.398+0000] {sql.py:509} INFO - Running statement: 
        INSERT INTO company_list (company_trade_name, company_url) 
        VALUES (%s, %s)
        ON CONFLICT (company_trade_name) DO NOTHING;
    , parameters: ('BATBC', 'https://www.dse.com.bd/displayCompany.php?name=BATBC')
[2024-09-27T23:50:58.417+0000] {sql.py:518} INFO - Rows affected: 0
[2024-09-27T23:50:58.868+0000] {base.py:84} INFO - Retrieving connection 'dse_connection'
[2024-09-28T19:06:07.459+0000] {sql.py:509} INFO - Running statement: 
        INSERT INTO company_list (company_trade_name, company_url) 
        VALUES (%s, %s)
        ON CONFLICT (company_trade_name) DO NOTHING;
    , parameters: ('BAYLEASING', 'https://www.dse.com.bd/displayCompany.php?name=BAYLEASING')
[2024-09-28T19:06:07.528+0000] {sql.py:518} INFO - Rows affected: 0
[2024-09-28T19:06:08.891+0000] {base.py:84} INFO - Retrieving connection 'dse_connection'
[2024-09-28T19:06:09.453+0000] {sql.py:509} INFO - Running statement: 
        INSERT INTO company_list (company_trade_name, company_url) 
        VALUES (%s, %s)
        ON CONFLICT (company_trade_name) DO NOTHING;
    , parameters: ('BBS', 'https://www.dse.com.bd/displayCompany.php?name=BBS')
[2024-09-28T19:06:09.803+0000] {sql.py:518} INFO - Rows affected: 0
[2024-09-28T19:06:10.024+0000] {base.py:84} INFO - Retrieving connection 'dse_connection'
[2024-09-28T19:06:10.196+0000] {job.py:229} INFO - Heartbeat recovered after 69312.48 seconds
[2024-09-28T19:06:10.223+0000] {sql.py:509} INFO - Running statement: 
        INSERT INTO company_list (company_trade_name, company_url) 
        VALUES (%s, %s)
        ON CONFLICT (company_trade_name) DO NOTHING;
    , parameters: ('BBSCABLES', 'https://www.dse.com.bd/displayCompany.php?name=BBSCABLES')
[2024-09-28T19:06:10.365+0000] {sql.py:518} INFO - Rows affected: 0
[2024-09-28T19:06:10.554+0000] {base.py:84} INFO - Retrieving connection 'dse_connection'
[2024-09-28T19:06:10.641+0000] {sql.py:509} INFO - Running statement: 
        INSERT INTO company_list (company_trade_name, company_url) 
        VALUES (%s, %s)
        ON CONFLICT (company_trade_name) DO NOTHING;
    , parameters: ('BDAUTOCA', 'https://www.dse.com.bd/displayCompany.php?name=BDAUTOCA')
[2024-09-28T19:06:10.721+0000] {sql.py:518} INFO - Rows affected: 0
[2024-09-28T19:06:10.819+0000] {base.py:84} INFO - Retrieving connection 'dse_connection'
[2024-09-28T19:06:10.906+0000] {sql.py:509} INFO - Running statement: 
        INSERT INTO company_list (company_trade_name, company_url) 
        VALUES (%s, %s)
        ON CONFLICT (company_trade_name) DO NOTHING;
    , parameters: ('BDCOM', 'https://www.dse.com.bd/displayCompany.php?name=BDCOM')
[2024-09-28T19:06:11.012+0000] {sql.py:518} INFO - Rows affected: 0
[2024-09-28T19:06:11.155+0000] {base.py:84} INFO - Retrieving connection 'dse_connection'
[2024-09-28T19:06:11.206+0000] {sql.py:509} INFO - Running statement: 
        INSERT INTO company_list (company_trade_name, company_url) 
        VALUES (%s, %s)
        ON CONFLICT (company_trade_name) DO NOTHING;
    , parameters: ('BDFINANCE', 'https://www.dse.com.bd/displayCompany.php?name=BDFINANCE')
[2024-09-28T19:06:11.268+0000] {sql.py:518} INFO - Rows affected: 0
[2024-09-28T19:06:11.401+0000] {base.py:84} INFO - Retrieving connection 'dse_connection'
[2024-09-28T19:06:11.518+0000] {sql.py:509} INFO - Running statement: 
        INSERT INTO company_list (company_trade_name, company_url) 
        VALUES (%s, %s)
        ON CONFLICT (company_trade_name) DO NOTHING;
    , parameters: ('BDLAMPS', 'https://www.dse.com.bd/displayCompany.php?name=BDLAMPS')
[2024-09-28T19:06:11.630+0000] {sql.py:518} INFO - Rows affected: 0
[2024-09-28T19:06:11.792+0000] {base.py:84} INFO - Retrieving connection 'dse_connection'
[2024-09-28T19:06:12.104+0000] {sql.py:509} INFO - Running statement: 
        INSERT INTO company_list (company_trade_name, company_url) 
        VALUES (%s, %s)
        ON CONFLICT (company_trade_name) DO NOTHING;
    , parameters: ('BDSERVICE', 'https://www.dse.com.bd/displayCompany.php?name=BDSERVICE')
[2024-09-28T19:06:12.162+0000] {sql.py:518} INFO - Rows affected: 0
[2024-09-28T19:06:12.722+0000] {base.py:84} INFO - Retrieving connection 'dse_connection'
[2024-09-28T19:06:12.842+0000] {sql.py:509} INFO - Running statement: 
        INSERT INTO company_list (company_trade_name, company_url) 
        VALUES (%s, %s)
        ON CONFLICT (company_trade_name) DO NOTHING;
    , parameters: ('BDTHAI', 'https://www.dse.com.bd/displayCompany.php?name=BDTHAI')
[2024-09-28T19:06:12.928+0000] {sql.py:518} INFO - Rows affected: 0
[2024-09-28T19:06:13.876+0000] {base.py:84} INFO - Retrieving connection 'dse_connection'
[2024-09-28T19:06:13.947+0000] {sql.py:509} INFO - Running statement: 
        INSERT INTO company_list (company_trade_name, company_url) 
        VALUES (%s, %s)
        ON CONFLICT (company_trade_name) DO NOTHING;
    , parameters: ('BDTHAIFOOD', 'https://www.dse.com.bd/displayCompany.php?name=BDTHAIFOOD')
[2024-09-28T19:06:13.995+0000] {sql.py:518} INFO - Rows affected: 0
[2024-09-28T19:06:14.289+0000] {base.py:84} INFO - Retrieving connection 'dse_connection'
[2024-09-28T19:06:14.351+0000] {sql.py:509} INFO - Running statement: 
        INSERT INTO company_list (company_trade_name, company_url) 
        VALUES (%s, %s)
        ON CONFLICT (company_trade_name) DO NOTHING;
    , parameters: ('BDWELDING', 'https://www.dse.com.bd/displayCompany.php?name=BDWELDING')
[2024-09-28T19:06:14.439+0000] {sql.py:518} INFO - Rows affected: 0
[2024-09-28T19:06:14.962+0000] {base.py:84} INFO - Retrieving connection 'dse_connection'
[2024-09-28T19:06:15.093+0000] {sql.py:509} INFO - Running statement: 
        INSERT INTO company_list (company_trade_name, company_url) 
        VALUES (%s, %s)
        ON CONFLICT (company_trade_name) DO NOTHING;
    , parameters: ('BEACHHATCH', 'https://www.dse.com.bd/displayCompany.php?name=BEACHHATCH')
[2024-09-28T19:06:15.118+0000] {sql.py:518} INFO - Rows affected: 0
[2024-09-28T19:06:16.361+0000] {base.py:84} INFO - Retrieving connection 'dse_connection'
[2024-09-28T19:06:16.489+0000] {sql.py:509} INFO - Running statement: 
        INSERT INTO company_list (company_trade_name, company_url) 
        VALUES (%s, %s)
        ON CONFLICT (company_trade_name) DO NOTHING;
    , parameters: ('BEACONPHAR', 'https://www.dse.com.bd/displayCompany.php?name=BEACONPHAR')
[2024-09-28T19:06:16.528+0000] {sql.py:518} INFO - Rows affected: 0
[2024-09-28T19:06:16.703+0000] {base.py:84} INFO - Retrieving connection 'dse_connection'
[2024-09-28T19:06:16.815+0000] {sql.py:509} INFO - Running statement: 
        INSERT INTO company_list (company_trade_name, company_url) 
        VALUES (%s, %s)
        ON CONFLICT (company_trade_name) DO NOTHING;
    , parameters: ('BENGALWTL', 'https://www.dse.com.bd/displayCompany.php?name=BENGALWTL')
[2024-09-28T19:06:16.849+0000] {sql.py:518} INFO - Rows affected: 0
[2024-09-28T19:06:17.010+0000] {base.py:84} INFO - Retrieving connection 'dse_connection'
[2024-09-28T19:06:17.262+0000] {sql.py:509} INFO - Running statement: 
        INSERT INTO company_list (company_trade_name, company_url) 
        VALUES (%s, %s)
        ON CONFLICT (company_trade_name) DO NOTHING;
    , parameters: ('BERGERPBL', 'https://www.dse.com.bd/displayCompany.php?name=BERGERPBL')
[2024-09-28T19:06:17.343+0000] {sql.py:518} INFO - Rows affected: 0
[2024-09-28T19:06:17.509+0000] {base.py:84} INFO - Retrieving connection 'dse_connection'
[2024-09-28T19:06:18.330+0000] {sql.py:509} INFO - Running statement: 
        INSERT INTO company_list (company_trade_name, company_url) 
        VALUES (%s, %s)
        ON CONFLICT (company_trade_name) DO NOTHING;
    , parameters: ('BESTHLDNG', 'https://www.dse.com.bd/displayCompany.php?name=BESTHLDNG')
[2024-09-28T19:06:18.402+0000] {sql.py:518} INFO - Rows affected: 0
[2024-09-28T19:06:18.775+0000] {base.py:84} INFO - Retrieving connection 'dse_connection'
[2024-09-28T19:06:18.931+0000] {sql.py:509} INFO - Running statement: 
        INSERT INTO company_list (company_trade_name, company_url) 
        VALUES (%s, %s)
        ON CONFLICT (company_trade_name) DO NOTHING;
    , parameters: ('BEXIMCO', 'https://www.dse.com.bd/displayCompany.php?name=BEXIMCO')
[2024-09-28T19:06:18.975+0000] {sql.py:518} INFO - Rows affected: 0
[2024-09-28T19:06:19.214+0000] {base.py:84} INFO - Retrieving connection 'dse_connection'
[2024-09-28T19:06:19.296+0000] {sql.py:509} INFO - Running statement: 
        INSERT INTO company_list (company_trade_name, company_url) 
        VALUES (%s, %s)
        ON CONFLICT (company_trade_name) DO NOTHING;
    , parameters: ('BGIC', 'https://www.dse.com.bd/displayCompany.php?name=BGIC')
[2024-09-28T19:06:19.541+0000] {sql.py:518} INFO - Rows affected: 0
[2024-09-28T19:06:19.666+0000] {base.py:84} INFO - Retrieving connection 'dse_connection'
[2024-09-28T19:06:19.770+0000] {sql.py:509} INFO - Running statement: 
        INSERT INTO company_list (company_trade_name, company_url) 
        VALUES (%s, %s)
        ON CONFLICT (company_trade_name) DO NOTHING;
    , parameters: ('BIFC', 'https://www.dse.com.bd/displayCompany.php?name=BIFC')
[2024-09-28T19:06:19.797+0000] {sql.py:518} INFO - Rows affected: 0
[2024-09-28T19:06:19.899+0000] {base.py:84} INFO - Retrieving connection 'dse_connection'
[2024-09-28T19:06:20.015+0000] {sql.py:509} INFO - Running statement: 
        INSERT INTO company_list (company_trade_name, company_url) 
        VALUES (%s, %s)
        ON CONFLICT (company_trade_name) DO NOTHING;
    , parameters: ('BNICL', 'https://www.dse.com.bd/displayCompany.php?name=BNICL')
[2024-09-28T19:06:20.045+0000] {sql.py:518} INFO - Rows affected: 0
[2024-09-28T19:06:20.201+0000] {base.py:84} INFO - Retrieving connection 'dse_connection'
[2024-09-28T19:06:20.373+0000] {sql.py:509} INFO - Running statement: 
        INSERT INTO company_list (company_trade_name, company_url) 
        VALUES (%s, %s)
        ON CONFLICT (company_trade_name) DO NOTHING;
    , parameters: ('BPML', 'https://www.dse.com.bd/displayCompany.php?name=BPML')
[2024-09-28T19:06:20.435+0000] {sql.py:518} INFO - Rows affected: 0
[2024-09-28T19:06:20.759+0000] {base.py:84} INFO - Retrieving connection 'dse_connection'
[2024-09-28T19:06:20.831+0000] {sql.py:509} INFO - Running statement: 
        INSERT INTO company_list (company_trade_name, company_url) 
        VALUES (%s, %s)
        ON CONFLICT (company_trade_name) DO NOTHING;
    , parameters: ('BPPL', 'https://www.dse.com.bd/displayCompany.php?name=BPPL')
[2024-09-28T19:06:20.918+0000] {sql.py:518} INFO - Rows affected: 0
[2024-09-28T19:06:21.119+0000] {base.py:84} INFO - Retrieving connection 'dse_connection'
[2024-09-28T19:06:21.160+0000] {sql.py:509} INFO - Running statement: 
        INSERT INTO company_list (company_trade_name, company_url) 
        VALUES (%s, %s)
        ON CONFLICT (company_trade_name) DO NOTHING;
    , parameters: ('BRACBANK', 'https://www.dse.com.bd/displayCompany.php?name=BRACBANK')
[2024-09-28T19:06:21.221+0000] {sql.py:518} INFO - Rows affected: 0
[2024-09-28T19:06:21.499+0000] {base.py:84} INFO - Retrieving connection 'dse_connection'
[2024-09-28T19:06:21.654+0000] {sql.py:509} INFO - Running statement: 
        INSERT INTO company_list (company_trade_name, company_url) 
        VALUES (%s, %s)
        ON CONFLICT (company_trade_name) DO NOTHING;
    , parameters: ('BSC', 'https://www.dse.com.bd/displayCompany.php?name=BSC')
[2024-09-28T19:06:21.678+0000] {sql.py:518} INFO - Rows affected: 0
[2024-09-28T19:06:21.990+0000] {base.py:84} INFO - Retrieving connection 'dse_connection'
[2024-09-28T19:06:22.098+0000] {sql.py:509} INFO - Running statement: 
        INSERT INTO company_list (company_trade_name, company_url) 
        VALUES (%s, %s)
        ON CONFLICT (company_trade_name) DO NOTHING;
    , parameters: ('BSCPLC', 'https://www.dse.com.bd/displayCompany.php?name=BSCPLC')
[2024-09-28T19:06:22.202+0000] {sql.py:518} INFO - Rows affected: 0
[2024-09-28T19:06:22.361+0000] {base.py:84} INFO - Retrieving connection 'dse_connection'
[2024-09-28T19:06:22.517+0000] {sql.py:509} INFO - Running statement: 
        INSERT INTO company_list (company_trade_name, company_url) 
        VALUES (%s, %s)
        ON CONFLICT (company_trade_name) DO NOTHING;
    , parameters: ('BSRMLTD', 'https://www.dse.com.bd/displayCompany.php?name=BSRMLTD')
[2024-09-28T19:06:22.583+0000] {sql.py:518} INFO - Rows affected: 0
[2024-09-28T19:06:22.702+0000] {base.py:84} INFO - Retrieving connection 'dse_connection'
[2024-09-28T19:06:22.817+0000] {sql.py:509} INFO - Running statement: 
        INSERT INTO company_list (company_trade_name, company_url) 
        VALUES (%s, %s)
        ON CONFLICT (company_trade_name) DO NOTHING;
    , parameters: ('BSRMSTEEL', 'https://www.dse.com.bd/displayCompany.php?name=BSRMSTEEL')
[2024-09-28T19:06:22.840+0000] {sql.py:518} INFO - Rows affected: 0
[2024-09-28T19:06:23.095+0000] {base.py:84} INFO - Retrieving connection 'dse_connection'
[2024-09-28T19:06:23.436+0000] {sql.py:509} INFO - Running statement: 
        INSERT INTO company_list (company_trade_name, company_url) 
        VALUES (%s, %s)
        ON CONFLICT (company_trade_name) DO NOTHING;
    , parameters: ('BXPHARMA', 'https://www.dse.com.bd/displayCompany.php?name=BXPHARMA')
[2024-09-28T19:06:23.559+0000] {sql.py:518} INFO - Rows affected: 0
[2024-09-28T19:06:23.787+0000] {base.py:84} INFO - Retrieving connection 'dse_connection'
[2024-09-28T19:06:23.904+0000] {sql.py:509} INFO - Running statement: 
        INSERT INTO company_list (company_trade_name, company_url) 
        VALUES (%s, %s)
        ON CONFLICT (company_trade_name) DO NOTHING;
    , parameters: ('CAPITECGBF', 'https://www.dse.com.bd/displayCompany.php?name=CAPITECGBF')
[2024-09-28T19:06:23.928+0000] {sql.py:518} INFO - Rows affected: 0
[2024-09-28T19:06:24.117+0000] {base.py:84} INFO - Retrieving connection 'dse_connection'
[2024-09-28T19:06:24.203+0000] {sql.py:509} INFO - Running statement: 
        INSERT INTO company_list (company_trade_name, company_url) 
        VALUES (%s, %s)
        ON CONFLICT (company_trade_name) DO NOTHING;
    , parameters: ('CAPMBDBLMF', 'https://www.dse.com.bd/displayCompany.php?name=CAPMBDBLMF')
[2024-09-28T19:06:24.249+0000] {sql.py:518} INFO - Rows affected: 0
[2024-09-28T19:06:24.444+0000] {base.py:84} INFO - Retrieving connection 'dse_connection'
[2024-09-28T19:06:24.556+0000] {sql.py:509} INFO - Running statement: 
        INSERT INTO company_list (company_trade_name, company_url) 
        VALUES (%s, %s)
        ON CONFLICT (company_trade_name) DO NOTHING;
    , parameters: ('CAPMIBBLMF', 'https://www.dse.com.bd/displayCompany.php?name=CAPMIBBLMF')
[2024-09-28T19:06:24.571+0000] {sql.py:518} INFO - Rows affected: 0
[2024-09-28T19:06:24.890+0000] {base.py:84} INFO - Retrieving connection 'dse_connection'
[2024-09-28T19:06:24.997+0000] {sql.py:509} INFO - Running statement: 
        INSERT INTO company_list (company_trade_name, company_url) 
        VALUES (%s, %s)
        ON CONFLICT (company_trade_name) DO NOTHING;
    , parameters: ('CENTRALINS', 'https://www.dse.com.bd/displayCompany.php?name=CENTRALINS')
[2024-09-28T19:06:25.008+0000] {sql.py:518} INFO - Rows affected: 0
[2024-09-28T19:06:25.085+0000] {base.py:84} INFO - Retrieving connection 'dse_connection'
[2024-09-28T19:06:25.138+0000] {sql.py:509} INFO - Running statement: 
        INSERT INTO company_list (company_trade_name, company_url) 
        VALUES (%s, %s)
        ON CONFLICT (company_trade_name) DO NOTHING;
    , parameters: ('CENTRALPHL', 'https://www.dse.com.bd/displayCompany.php?name=CENTRALPHL')
[2024-09-28T19:06:25.143+0000] {sql.py:518} INFO - Rows affected: 0
[2024-09-28T19:06:25.478+0000] {base.py:84} INFO - Retrieving connection 'dse_connection'
[2024-09-28T19:06:25.564+0000] {sql.py:509} INFO - Running statement: 
        INSERT INTO company_list (company_trade_name, company_url) 
        VALUES (%s, %s)
        ON CONFLICT (company_trade_name) DO NOTHING;
    , parameters: ('CITYBANK', 'https://www.dse.com.bd/displayCompany.php?name=CITYBANK')
[2024-09-28T19:06:25.585+0000] {sql.py:518} INFO - Rows affected: 0
[2024-09-28T19:06:25.810+0000] {base.py:84} INFO - Retrieving connection 'dse_connection'
[2024-09-28T19:06:25.904+0000] {sql.py:509} INFO - Running statement: 
        INSERT INTO company_list (company_trade_name, company_url) 
        VALUES (%s, %s)
        ON CONFLICT (company_trade_name) DO NOTHING;
    , parameters: ('CITYGENINS', 'https://www.dse.com.bd/displayCompany.php?name=CITYGENINS')
[2024-09-28T19:06:25.963+0000] {sql.py:518} INFO - Rows affected: 0
[2024-09-28T19:06:26.102+0000] {base.py:84} INFO - Retrieving connection 'dse_connection'
[2024-09-28T19:06:26.153+0000] {sql.py:509} INFO - Running statement: 
        INSERT INTO company_list (company_trade_name, company_url) 
        VALUES (%s, %s)
        ON CONFLICT (company_trade_name) DO NOTHING;
    , parameters: ('CLICL', 'https://www.dse.com.bd/displayCompany.php?name=CLICL')
[2024-09-28T19:06:26.338+0000] {sql.py:518} INFO - Rows affected: 0
[2024-09-28T19:06:26.664+0000] {base.py:84} INFO - Retrieving connection 'dse_connection'
[2024-09-28T19:06:26.869+0000] {sql.py:509} INFO - Running statement: 
        INSERT INTO company_list (company_trade_name, company_url) 
        VALUES (%s, %s)
        ON CONFLICT (company_trade_name) DO NOTHING;
    , parameters: ('CNATEX', 'https://www.dse.com.bd/displayCompany.php?name=CNATEX')
[2024-09-28T19:06:27.096+0000] {sql.py:518} INFO - Rows affected: 0
[2024-09-28T19:06:27.713+0000] {base.py:84} INFO - Retrieving connection 'dse_connection'
[2024-09-28T19:06:27.850+0000] {sql.py:509} INFO - Running statement: 
        INSERT INTO company_list (company_trade_name, company_url) 
        VALUES (%s, %s)
        ON CONFLICT (company_trade_name) DO NOTHING;
    , parameters: ('CONFIDCEM', 'https://www.dse.com.bd/displayCompany.php?name=CONFIDCEM')
[2024-09-28T19:06:27.893+0000] {sql.py:518} INFO - Rows affected: 0
[2024-09-28T19:06:28.011+0000] {base.py:84} INFO - Retrieving connection 'dse_connection'
[2024-09-28T19:06:28.080+0000] {sql.py:509} INFO - Running statement: 
        INSERT INTO company_list (company_trade_name, company_url) 
        VALUES (%s, %s)
        ON CONFLICT (company_trade_name) DO NOTHING;
    , parameters: ('CONTININS', 'https://www.dse.com.bd/displayCompany.php?name=CONTININS')
[2024-09-28T19:06:28.206+0000] {sql.py:518} INFO - Rows affected: 0
[2024-09-28T19:06:28.339+0000] {base.py:84} INFO - Retrieving connection 'dse_connection'
[2024-09-28T19:06:28.544+0000] {sql.py:509} INFO - Running statement: 
        INSERT INTO company_list (company_trade_name, company_url) 
        VALUES (%s, %s)
        ON CONFLICT (company_trade_name) DO NOTHING;
    , parameters: ('COPPERTECH', 'https://www.dse.com.bd/displayCompany.php?name=COPPERTECH')
[2024-09-28T19:06:28.619+0000] {sql.py:518} INFO - Rows affected: 0
[2024-09-28T19:06:28.861+0000] {base.py:84} INFO - Retrieving connection 'dse_connection'
[2024-09-28T19:06:28.910+0000] {sql.py:509} INFO - Running statement: 
        INSERT INTO company_list (company_trade_name, company_url) 
        VALUES (%s, %s)
        ON CONFLICT (company_trade_name) DO NOTHING;
    , parameters: ('CROWNCEMNT', 'https://www.dse.com.bd/displayCompany.php?name=CROWNCEMNT')
[2024-09-28T19:06:28.939+0000] {sql.py:518} INFO - Rows affected: 0
[2024-09-28T19:06:29.162+0000] {base.py:84} INFO - Retrieving connection 'dse_connection'
[2024-09-28T19:06:29.227+0000] {sql.py:509} INFO - Running statement: 
        INSERT INTO company_list (company_trade_name, company_url) 
        VALUES (%s, %s)
        ON CONFLICT (company_trade_name) DO NOTHING;
    , parameters: ('CRYSTALINS', 'https://www.dse.com.bd/displayCompany.php?name=CRYSTALINS')
[2024-09-28T19:06:29.264+0000] {sql.py:518} INFO - Rows affected: 0
[2024-09-28T19:06:29.487+0000] {base.py:84} INFO - Retrieving connection 'dse_connection'
[2024-09-28T19:06:29.590+0000] {sql.py:509} INFO - Running statement: 
        INSERT INTO company_list (company_trade_name, company_url) 
        VALUES (%s, %s)
        ON CONFLICT (company_trade_name) DO NOTHING;
    , parameters: ('CVOPRL', 'https://www.dse.com.bd/displayCompany.php?name=CVOPRL')
[2024-09-28T19:06:29.691+0000] {sql.py:518} INFO - Rows affected: 0
[2024-09-28T19:06:29.931+0000] {base.py:84} INFO - Retrieving connection 'dse_connection'
[2024-09-28T19:06:30.042+0000] {sql.py:509} INFO - Running statement: 
        INSERT INTO company_list (company_trade_name, company_url) 
        VALUES (%s, %s)
        ON CONFLICT (company_trade_name) DO NOTHING;
    , parameters: ('DACCADYE', 'https://www.dse.com.bd/displayCompany.php?name=DACCADYE')
[2024-09-28T19:06:30.099+0000] {sql.py:518} INFO - Rows affected: 0
[2024-09-28T19:06:30.258+0000] {base.py:84} INFO - Retrieving connection 'dse_connection'
[2024-09-28T19:06:30.308+0000] {sql.py:509} INFO - Running statement: 
        INSERT INTO company_list (company_trade_name, company_url) 
        VALUES (%s, %s)
        ON CONFLICT (company_trade_name) DO NOTHING;
    , parameters: ('DAFODILCOM', 'https://www.dse.com.bd/displayCompany.php?name=DAFODILCOM')
[2024-09-28T19:06:30.330+0000] {sql.py:518} INFO - Rows affected: 0
[2024-09-28T19:06:30.549+0000] {base.py:84} INFO - Retrieving connection 'dse_connection'
[2024-09-28T19:06:30.716+0000] {sql.py:509} INFO - Running statement: 
        INSERT INTO company_list (company_trade_name, company_url) 
        VALUES (%s, %s)
        ON CONFLICT (company_trade_name) DO NOTHING;
    , parameters: ('DBH', 'https://www.dse.com.bd/displayCompany.php?name=DBH')
[2024-09-28T19:06:30.762+0000] {sql.py:518} INFO - Rows affected: 0
[2024-09-28T19:06:30.977+0000] {base.py:84} INFO - Retrieving connection 'dse_connection'
[2024-09-28T19:06:31.035+0000] {sql.py:509} INFO - Running statement: 
        INSERT INTO company_list (company_trade_name, company_url) 
        VALUES (%s, %s)
        ON CONFLICT (company_trade_name) DO NOTHING;
    , parameters: ('DBH1STMF', 'https://www.dse.com.bd/displayCompany.php?name=DBH1STMF')
[2024-09-28T19:06:31.058+0000] {sql.py:518} INFO - Rows affected: 0
[2024-09-28T19:06:31.163+0000] {base.py:84} INFO - Retrieving connection 'dse_connection'
[2024-09-28T19:06:31.208+0000] {sql.py:509} INFO - Running statement: 
        INSERT INTO company_list (company_trade_name, company_url) 
        VALUES (%s, %s)
        ON CONFLICT (company_trade_name) DO NOTHING;
    , parameters: ('DELTALIFE', 'https://www.dse.com.bd/displayCompany.php?name=DELTALIFE')
[2024-09-28T19:06:31.232+0000] {sql.py:518} INFO - Rows affected: 0
[2024-09-28T19:06:31.590+0000] {base.py:84} INFO - Retrieving connection 'dse_connection'
[2024-09-28T19:06:31.659+0000] {sql.py:509} INFO - Running statement: 
        INSERT INTO company_list (company_trade_name, company_url) 
        VALUES (%s, %s)
        ON CONFLICT (company_trade_name) DO NOTHING;
    , parameters: ('DELTASPINN', 'https://www.dse.com.bd/displayCompany.php?name=DELTASPINN')
[2024-09-28T19:06:31.691+0000] {sql.py:518} INFO - Rows affected: 0
[2024-09-28T19:06:32.020+0000] {base.py:84} INFO - Retrieving connection 'dse_connection'
[2024-09-28T19:06:32.182+0000] {sql.py:509} INFO - Running statement: 
        INSERT INTO company_list (company_trade_name, company_url) 
        VALUES (%s, %s)
        ON CONFLICT (company_trade_name) DO NOTHING;
    , parameters: ('DESCO', 'https://www.dse.com.bd/displayCompany.php?name=DESCO')
[2024-09-28T19:06:32.222+0000] {sql.py:518} INFO - Rows affected: 0
[2024-09-28T19:06:32.322+0000] {base.py:84} INFO - Retrieving connection 'dse_connection'
[2024-09-28T19:06:32.451+0000] {sql.py:509} INFO - Running statement: 
        INSERT INTO company_list (company_trade_name, company_url) 
        VALUES (%s, %s)
        ON CONFLICT (company_trade_name) DO NOTHING;
    , parameters: ('DESHBANDHU', 'https://www.dse.com.bd/displayCompany.php?name=DESHBANDHU')
[2024-09-28T19:06:32.485+0000] {sql.py:518} INFO - Rows affected: 0
[2024-09-28T19:06:32.669+0000] {base.py:84} INFO - Retrieving connection 'dse_connection'
[2024-09-28T19:06:32.799+0000] {sql.py:509} INFO - Running statement: 
        INSERT INTO company_list (company_trade_name, company_url) 
        VALUES (%s, %s)
        ON CONFLICT (company_trade_name) DO NOTHING;
    , parameters: ('DGIC', 'https://www.dse.com.bd/displayCompany.php?name=DGIC')
[2024-09-28T19:06:32.833+0000] {sql.py:518} INFO - Rows affected: 0
[2024-09-28T19:06:32.976+0000] {base.py:84} INFO - Retrieving connection 'dse_connection'
[2024-09-28T19:06:33.065+0000] {sql.py:509} INFO - Running statement: 
        INSERT INTO company_list (company_trade_name, company_url) 
        VALUES (%s, %s)
        ON CONFLICT (company_trade_name) DO NOTHING;
    , parameters: ('DHAKABANK', 'https://www.dse.com.bd/displayCompany.php?name=DHAKABANK')
[2024-09-28T19:06:33.087+0000] {sql.py:518} INFO - Rows affected: 0
[2024-09-28T19:06:33.250+0000] {base.py:84} INFO - Retrieving connection 'dse_connection'
[2024-09-28T19:06:33.287+0000] {sql.py:509} INFO - Running statement: 
        INSERT INTO company_list (company_trade_name, company_url) 
        VALUES (%s, %s)
        ON CONFLICT (company_trade_name) DO NOTHING;
    , parameters: ('DHAKAINS', 'https://www.dse.com.bd/displayCompany.php?name=DHAKAINS')
[2024-09-28T19:06:33.324+0000] {sql.py:518} INFO - Rows affected: 0
[2024-09-28T19:06:33.428+0000] {base.py:84} INFO - Retrieving connection 'dse_connection'
[2024-09-28T19:06:33.502+0000] {sql.py:509} INFO - Running statement: 
        INSERT INTO company_list (company_trade_name, company_url) 
        VALUES (%s, %s)
        ON CONFLICT (company_trade_name) DO NOTHING;
    , parameters: ('DOMINAGE', 'https://www.dse.com.bd/displayCompany.php?name=DOMINAGE')
[2024-09-28T19:06:33.518+0000] {sql.py:518} INFO - Rows affected: 0
[2024-09-28T19:06:33.629+0000] {base.py:84} INFO - Retrieving connection 'dse_connection'
[2024-09-28T19:06:33.663+0000] {sql.py:509} INFO - Running statement: 
        INSERT INTO company_list (company_trade_name, company_url) 
        VALUES (%s, %s)
        ON CONFLICT (company_trade_name) DO NOTHING;
    , parameters: ('DOREENPWR', 'https://www.dse.com.bd/displayCompany.php?name=DOREENPWR')
[2024-09-28T19:06:33.695+0000] {sql.py:518} INFO - Rows affected: 0
[2024-09-28T19:06:33.848+0000] {base.py:84} INFO - Retrieving connection 'dse_connection'
[2024-09-28T19:06:33.901+0000] {sql.py:509} INFO - Running statement: 
        INSERT INTO company_list (company_trade_name, company_url) 
        VALUES (%s, %s)
        ON CONFLICT (company_trade_name) DO NOTHING;
    , parameters: ('DSHGARME', 'https://www.dse.com.bd/displayCompany.php?name=DSHGARME')
[2024-09-28T19:06:33.947+0000] {sql.py:518} INFO - Rows affected: 0
[2024-09-28T19:06:34.088+0000] {base.py:84} INFO - Retrieving connection 'dse_connection'
[2024-09-28T19:06:34.126+0000] {sql.py:509} INFO - Running statement: 
        INSERT INTO company_list (company_trade_name, company_url) 
        VALUES (%s, %s)
        ON CONFLICT (company_trade_name) DO NOTHING;
    , parameters: ('DSSL', 'https://www.dse.com.bd/displayCompany.php?name=DSSL')
[2024-09-28T19:06:34.166+0000] {sql.py:518} INFO - Rows affected: 0
[2024-09-28T19:06:34.288+0000] {base.py:84} INFO - Retrieving connection 'dse_connection'
[2024-09-28T19:06:34.378+0000] {sql.py:509} INFO - Running statement: 
        INSERT INTO company_list (company_trade_name, company_url) 
        VALUES (%s, %s)
        ON CONFLICT (company_trade_name) DO NOTHING;
    , parameters: ('DULAMIACOT', 'https://www.dse.com.bd/displayCompany.php?name=DULAMIACOT')
[2024-09-28T19:06:34.387+0000] {sql.py:518} INFO - Rows affected: 0
[2024-09-28T19:06:34.499+0000] {base.py:84} INFO - Retrieving connection 'dse_connection'
[2024-09-28T19:06:34.681+0000] {sql.py:509} INFO - Running statement: 
        INSERT INTO company_list (company_trade_name, company_url) 
        VALUES (%s, %s)
        ON CONFLICT (company_trade_name) DO NOTHING;
    , parameters: ('DUTCHBANGL', 'https://www.dse.com.bd/displayCompany.php?name=DUTCHBANGL')
[2024-09-28T19:06:34.733+0000] {sql.py:518} INFO - Rows affected: 0
[2024-09-28T19:06:34.916+0000] {base.py:84} INFO - Retrieving connection 'dse_connection'
[2024-09-28T19:06:35.059+0000] {sql.py:509} INFO - Running statement: 
        INSERT INTO company_list (company_trade_name, company_url) 
        VALUES (%s, %s)
        ON CONFLICT (company_trade_name) DO NOTHING;
    , parameters: ('EASTERNINS', 'https://www.dse.com.bd/displayCompany.php?name=EASTERNINS')
[2024-09-28T19:06:35.092+0000] {sql.py:518} INFO - Rows affected: 0
[2024-09-28T19:06:35.218+0000] {base.py:84} INFO - Retrieving connection 'dse_connection'
[2024-09-28T19:06:35.273+0000] {sql.py:509} INFO - Running statement: 
        INSERT INTO company_list (company_trade_name, company_url) 
        VALUES (%s, %s)
        ON CONFLICT (company_trade_name) DO NOTHING;
    , parameters: ('EASTLAND', 'https://www.dse.com.bd/displayCompany.php?name=EASTLAND')
[2024-09-28T19:06:35.350+0000] {sql.py:518} INFO - Rows affected: 0
[2024-09-28T19:06:35.523+0000] {base.py:84} INFO - Retrieving connection 'dse_connection'
[2024-09-28T19:06:35.617+0000] {sql.py:509} INFO - Running statement: 
        INSERT INTO company_list (company_trade_name, company_url) 
        VALUES (%s, %s)
        ON CONFLICT (company_trade_name) DO NOTHING;
    , parameters: ('EASTRNLUB', 'https://www.dse.com.bd/displayCompany.php?name=EASTRNLUB')
[2024-09-28T19:06:35.695+0000] {sql.py:518} INFO - Rows affected: 0
[2024-09-28T19:06:35.855+0000] {base.py:84} INFO - Retrieving connection 'dse_connection'
[2024-09-28T19:06:36.022+0000] {sql.py:509} INFO - Running statement: 
        INSERT INTO company_list (company_trade_name, company_url) 
        VALUES (%s, %s)
        ON CONFLICT (company_trade_name) DO NOTHING;
    , parameters: ('EBL', 'https://www.dse.com.bd/displayCompany.php?name=EBL')
[2024-09-28T19:06:36.039+0000] {sql.py:518} INFO - Rows affected: 0
[2024-09-28T19:06:36.264+0000] {base.py:84} INFO - Retrieving connection 'dse_connection'
[2024-09-28T19:06:36.346+0000] {sql.py:509} INFO - Running statement: 
        INSERT INTO company_list (company_trade_name, company_url) 
        VALUES (%s, %s)
        ON CONFLICT (company_trade_name) DO NOTHING;
    , parameters: ('EBL1STMF', 'https://www.dse.com.bd/displayCompany.php?name=EBL1STMF')
[2024-09-28T19:06:36.485+0000] {sql.py:518} INFO - Rows affected: 0
[2024-09-28T19:06:36.872+0000] {base.py:84} INFO - Retrieving connection 'dse_connection'
[2024-09-28T19:06:36.987+0000] {sql.py:509} INFO - Running statement: 
        INSERT INTO company_list (company_trade_name, company_url) 
        VALUES (%s, %s)
        ON CONFLICT (company_trade_name) DO NOTHING;
    , parameters: ('EBLNRBMF', 'https://www.dse.com.bd/displayCompany.php?name=EBLNRBMF')
[2024-09-28T19:06:36.999+0000] {local_task_job_runner.py:346} WARNING - State of this instance has been externally set to up_for_retry. Terminating instance.
[2024-09-28T19:06:37.042+0000] {sql.py:518} INFO - Rows affected: 0
[2024-09-28T19:06:37.043+0000] {local_task_job_runner.py:245} INFO - ::endgroup::
[2024-09-28T19:06:37.089+0000] {process_utils.py:132} INFO - Sending 15 to group 6778. PIDs of all processes in the group: [6778]
[2024-09-28T19:06:37.166+0000] {process_utils.py:87} INFO - Sending the signal 15 to group 6778
[2024-09-28T19:06:37.211+0000] {taskinstance.py:3092} ERROR - Received SIGTERM. Terminating subprocesses.
[2024-09-28T19:06:37.388+0000] {taskinstance.py:3310} ERROR - Task failed with exception
Traceback (most recent call last):
  File "/home/airflow/.local/lib/python3.12/site-packages/airflow/models/taskinstance.py", line 762, in _execute_task
    result = _execute_callable(context=context, **execute_callable_kwargs)
             ^^^^^^^^^^^^^^^^^^^^^^^^^^^^^^^^^^^^^^^^^^^^^^^^^^^^^^^^^^^^^
  File "/home/airflow/.local/lib/python3.12/site-packages/airflow/models/taskinstance.py", line 733, in _execute_callable
    return ExecutionCallableRunner(
           ^^^^^^^^^^^^^^^^^^^^^^^^
  File "/home/airflow/.local/lib/python3.12/site-packages/airflow/utils/operator_helpers.py", line 252, in run
    return self.func(*args, **kwargs)
           ^^^^^^^^^^^^^^^^^^^^^^^^^^
  File "/home/airflow/.local/lib/python3.12/site-packages/airflow/models/baseoperator.py", line 406, in wrapper
    return func(self, *args, **kwargs)
           ^^^^^^^^^^^^^^^^^^^^^^^^^^^
  File "/home/airflow/.local/lib/python3.12/site-packages/airflow/operators/python.py", line 238, in execute
    return_value = self.execute_callable()
                   ^^^^^^^^^^^^^^^^^^^^^^^
  File "/home/airflow/.local/lib/python3.12/site-packages/airflow/operators/python.py", line 256, in execute_callable
    return runner.run(*self.op_args, **self.op_kwargs)
           ^^^^^^^^^^^^^^^^^^^^^^^^^^^^^^^^^^^^^^^^^^^
  File "/home/airflow/.local/lib/python3.12/site-packages/airflow/utils/operator_helpers.py", line 252, in run
    return self.func(*args, **kwargs)
           ^^^^^^^^^^^^^^^^^^^^^^^^^^
  File "/opt/airflow/dags/dag.py", line 81, in insert_company_data
    hook.run(insert_query, parameters=(data[1], url))
  File "/home/airflow/.local/lib/python3.12/site-packages/airflow/providers/common/sql/hooks/sql.py", line 452, in run
    with self._create_autocommit_connection(autocommit) as conn:
         ^^^^^^^^^^^^^^^^^^^^^^^^^^^^^^^^^^^^^^^^^^^^^^
  File "/usr/local/lib/python3.12/contextlib.py", line 137, in __enter__
    return next(self.gen)
           ^^^^^^^^^^^^^^
  File "/home/airflow/.local/lib/python3.12/site-packages/airflow/providers/common/sql/hooks/sql.py", line 574, in _create_autocommit_connection
    with closing(self.get_conn()) as conn:
                 ^^^^^^^^^^^^^^^
  File "/home/airflow/.local/lib/python3.12/site-packages/airflow/providers/postgres/hooks/postgres.py", line 146, in get_conn
    conn = deepcopy(self.connection or self.get_connection(conn_id))
                                       ^^^^^^^^^^^^^^^^^^^^^^^^^^^^
  File "/home/airflow/.local/lib/python3.12/site-packages/airflow/hooks/base.py", line 84, in get_connection
    log.info("Retrieving connection '%s'", conn.conn_id)
  File "/usr/local/lib/python3.12/logging/__init__.py", line 1539, in info
    self._log(INFO, msg, args, **kwargs)
  File "/usr/local/lib/python3.12/logging/__init__.py", line 1684, in _log
    self.handle(record)
  File "/usr/local/lib/python3.12/logging/__init__.py", line 1700, in handle
    self.callHandlers(record)
  File "/usr/local/lib/python3.12/logging/__init__.py", line 1762, in callHandlers
    hdlr.handle(record)
  File "/usr/local/lib/python3.12/logging/__init__.py", line 1028, in handle
    self.emit(record)
  File "/home/airflow/.local/lib/python3.12/site-packages/airflow/utils/log/file_task_handler.py", line 274, in emit
    self.handler.emit(record)
  File "/usr/local/lib/python3.12/logging/handlers.py", line 75, in emit
    logging.FileHandler.emit(self, record)
  File "/usr/local/lib/python3.12/logging/__init__.py", line 1280, in emit
    StreamHandler.emit(self, record)
  File "/usr/local/lib/python3.12/logging/__init__.py", line 1160, in emit
    msg = self.format(record)
          ^^^^^^^^^^^^^^^^^^^
  File "/usr/local/lib/python3.12/logging/__init__.py", line 999, in format
    return fmt.format(record)
           ^^^^^^^^^^^^^^^^^^
  File "/usr/local/lib/python3.12/logging/__init__.py", line 705, in format
    record.asctime = self.formatTime(record, self.datefmt)
                     ^^^^^^^^^^^^^^^^^^^^^^^^^^^^^^^^^^^^^
  File "/home/airflow/.local/lib/python3.12/site-packages/airflow/utils/log/timezone_aware.py", line 45, in formatTime
    s = dt.strftime(datefmt or self.default_time_format)
        ^^^^^^^^^^^^^^^^^^^^^^^^^^^^^^^^^^^^^^^^^^^^^^^^
  File "/home/airflow/.local/lib/python3.12/site-packages/airflow/models/taskinstance.py", line 3094, in signal_handler
    raise AirflowTaskTerminated("Task received SIGTERM signal")
airflow.exceptions.AirflowTaskTerminated: Task received SIGTERM signal
[2024-09-28T19:06:38.285+0000] {logging_mixin.py:190} INFO - Task instance in failure state
[2024-09-28T19:06:38.302+0000] {logging_mixin.py:190} INFO - Task start:2024-09-27 23:50:41.920558+00:00 end:2024-09-28 19:06:38.282184+00:00 duration:69356.361626
[2024-09-28T19:06:38.334+0000] {logging_mixin.py:190} INFO - Task:<Task(PythonOperator): insert_company_data> dag:<DAG: scrape_and_save_share_prices_with_company_data> dagrun:<DagRun scrape_and_save_share_prices_with_company_data @ 2024-09-21 00:00:00+00:00: scheduled__2024-09-21T00:00:00+00:00, state:running, queued_at: 2024-09-27 23:50:25.547650+00:00. externally triggered: False>
[2024-09-28T19:06:38.339+0000] {logging_mixin.py:190} INFO - Failure caused by Task received SIGTERM signal
[2024-09-28T19:06:38.368+0000] {taskinstance.py:1225} INFO - Marking task as UP_FOR_RETRY. dag_id=scrape_and_save_share_prices_with_company_data, task_id=insert_company_data, run_id=scheduled__2024-09-21T00:00:00+00:00, execution_date=20240921T000000, start_date=20240927T235041, end_date=20240928T190638
[2024-09-28T19:06:39.513+0000] {taskinstance.py:340} INFO - ::group::Post task execution logs
[2024-09-28T19:06:39.866+0000] {process_utils.py:80} INFO - Process psutil.Process(pid=6778, status='terminated', exitcode=2, started='23:50:41') (6778) terminated with exit code 2
