[2024-09-27T18:33:58.355+0000] {local_task_job_runner.py:123} INFO - ::group::Pre task execution logs
[2024-09-27T18:33:58.446+0000] {taskinstance.py:2612} INFO - Dependencies all met for dep_context=non-requeueable deps ti=<TaskInstance: scrape_and_save_share_prices_with_company_data.create_company_table scheduled__2024-01-18T00:00:00+00:00 [queued]>
[2024-09-27T18:33:58.512+0000] {taskinstance.py:2612} INFO - Dependencies all met for dep_context=requeueable deps ti=<TaskInstance: scrape_and_save_share_prices_with_company_data.create_company_table scheduled__2024-01-18T00:00:00+00:00 [queued]>
[2024-09-27T18:33:58.515+0000] {taskinstance.py:2865} INFO - Starting attempt 1 of 2
[2024-09-27T18:33:58.652+0000] {taskinstance.py:2888} INFO - Executing <Task(PythonOperator): create_company_table> on 2024-01-18 00:00:00+00:00
[2024-09-27T18:33:58.734+0000] {warnings.py:112} WARNING - /home/***/.local/lib/python3.12/site-packages/***/task/task_runner/standard_task_runner.py:70: DeprecationWarning: This process (pid=13760) is multi-threaded, use of fork() may lead to deadlocks in the child.
  pid = os.fork()

[2024-09-27T18:33:58.756+0000] {standard_task_runner.py:72} INFO - Started process 13774 to run task
[2024-09-27T18:33:58.828+0000] {standard_task_runner.py:104} INFO - Running: ['***', 'tasks', 'run', 'scrape_and_save_share_prices_with_company_data', 'create_company_table', 'scheduled__2024-01-18T00:00:00+00:00', '--job-id', '1536', '--raw', '--subdir', 'DAGS_FOLDER/dag.py', '--cfg-path', '/tmp/tmppbn9g413']
[2024-09-27T18:33:58.873+0000] {standard_task_runner.py:105} INFO - Job 1536: Subtask create_company_table
[2024-09-27T18:33:59.150+0000] {task_command.py:467} INFO - Running <TaskInstance: scrape_and_save_share_prices_with_company_data.create_company_table scheduled__2024-01-18T00:00:00+00:00 [running]> on host 13b5797a93ab
[2024-09-27T18:33:59.783+0000] {taskinstance.py:3131} INFO - Exporting env vars: AIRFLOW_CTX_DAG_OWNER='***' AIRFLOW_CTX_DAG_ID='scrape_and_save_share_prices_with_company_data' AIRFLOW_CTX_TASK_ID='create_company_table' AIRFLOW_CTX_EXECUTION_DATE='2024-01-18T00:00:00+00:00' AIRFLOW_CTX_TRY_NUMBER='1' AIRFLOW_CTX_DAG_RUN_ID='scheduled__2024-01-18T00:00:00+00:00'
[2024-09-27T18:33:59.796+0000] {logging_mixin.py:190} INFO - Task instance is in running state
[2024-09-27T18:33:59.810+0000] {logging_mixin.py:190} INFO -  Previous state of the Task instance: queued
[2024-09-27T18:33:59.835+0000] {logging_mixin.py:190} INFO - Current task name:create_company_table state:running start_date:2024-09-27 18:33:58.449526+00:00
[2024-09-27T18:33:59.850+0000] {logging_mixin.py:190} INFO - Dag name:scrape_and_save_share_prices_with_company_data and current dag run status:running
[2024-09-27T18:33:59.851+0000] {taskinstance.py:731} INFO - ::endgroup::
[2024-09-27T18:34:00.039+0000] {base.py:84} INFO - Retrieving connection 'dse_connection'
[2024-09-27T18:34:00.121+0000] {sql.py:509} INFO - Running statement: 
        CREATE TABLE IF NOT EXISTS company_list (
            company_id SERIAL PRIMARY KEY,
            company_trade_name VARCHAR(255) NOT NULL,
            company_url VARCHAR(255) NOT NULL,
            UNIQUE(company_trade_name)
        );
    , parameters: None
[2024-09-27T18:34:00.132+0000] {python.py:240} INFO - Done. Returned value was: None
[2024-09-27T18:34:00.242+0000] {taskinstance.py:340} INFO - ::group::Post task execution logs
[2024-09-27T18:34:00.252+0000] {taskinstance.py:352} INFO - Marking task as SUCCESS. dag_id=scrape_and_save_share_prices_with_company_data, task_id=create_company_table, run_id=scheduled__2024-01-18T00:00:00+00:00, execution_date=20240118T000000, start_date=20240927T183358, end_date=20240927T183400
[2024-09-27T18:34:00.367+0000] {logging_mixin.py:190} INFO - Task instance in success state
[2024-09-27T18:34:00.369+0000] {logging_mixin.py:190} INFO -  Previous state of the Task instance: running
[2024-09-27T18:34:00.378+0000] {logging_mixin.py:190} INFO - Dag name:scrape_and_save_share_prices_with_company_data queued_at:2024-09-27 18:33:46.868572+00:00
[2024-09-27T18:34:00.384+0000] {logging_mixin.py:190} INFO - Task hostname:13b5797a93ab operator:PythonOperator
[2024-09-27T18:34:00.486+0000] {local_task_job_runner.py:266} INFO - Task exited with return code 0
[2024-09-27T18:34:00.586+0000] {local_task_job_runner.py:245} INFO - ::endgroup::
[2024-09-27T22:59:41.085+0000] {local_task_job_runner.py:123} INFO - ::group::Pre task execution logs
[2024-09-27T22:59:41.133+0000] {taskinstance.py:2612} INFO - Dependencies all met for dep_context=non-requeueable deps ti=<TaskInstance: scrape_and_save_share_prices_with_company_data.create_company_table scheduled__2024-01-18T00:00:00+00:00 [queued]>
[2024-09-27T22:59:41.165+0000] {taskinstance.py:2612} INFO - Dependencies all met for dep_context=requeueable deps ti=<TaskInstance: scrape_and_save_share_prices_with_company_data.create_company_table scheduled__2024-01-18T00:00:00+00:00 [queued]>
[2024-09-27T22:59:41.167+0000] {taskinstance.py:2865} INFO - Starting attempt 1 of 2
[2024-09-27T22:59:41.252+0000] {taskinstance.py:2888} INFO - Executing <Task(PythonOperator): create_company_table> on 2024-01-18 00:00:00+00:00
[2024-09-27T22:59:41.270+0000] {warnings.py:112} WARNING - /home/***/.local/lib/python3.12/site-packages/***/task/task_runner/standard_task_runner.py:70: DeprecationWarning: This process (pid=2179) is multi-threaded, use of fork() may lead to deadlocks in the child.
  pid = os.fork()

[2024-09-27T22:59:41.278+0000] {standard_task_runner.py:72} INFO - Started process 2202 to run task
[2024-09-27T22:59:41.289+0000] {standard_task_runner.py:104} INFO - Running: ['***', 'tasks', 'run', 'scrape_and_save_share_prices_with_company_data', 'create_company_table', 'scheduled__2024-01-18T00:00:00+00:00', '--job-id', '3041', '--raw', '--subdir', 'DAGS_FOLDER/dag.py', '--cfg-path', '/tmp/tmpe4rbqm95']
[2024-09-27T22:59:41.293+0000] {standard_task_runner.py:105} INFO - Job 3041: Subtask create_company_table
[2024-09-27T22:59:41.485+0000] {task_command.py:467} INFO - Running <TaskInstance: scrape_and_save_share_prices_with_company_data.create_company_table scheduled__2024-01-18T00:00:00+00:00 [running]> on host 7746de5121f6
[2024-09-27T22:59:41.740+0000] {taskinstance.py:3131} INFO - Exporting env vars: AIRFLOW_CTX_DAG_OWNER='***' AIRFLOW_CTX_DAG_ID='scrape_and_save_share_prices_with_company_data' AIRFLOW_CTX_TASK_ID='create_company_table' AIRFLOW_CTX_EXECUTION_DATE='2024-01-18T00:00:00+00:00' AIRFLOW_CTX_TRY_NUMBER='1' AIRFLOW_CTX_DAG_RUN_ID='scheduled__2024-01-18T00:00:00+00:00'
[2024-09-27T22:59:41.742+0000] {logging_mixin.py:190} INFO - Task instance is in running state
[2024-09-27T22:59:41.744+0000] {logging_mixin.py:190} INFO -  Previous state of the Task instance: queued
[2024-09-27T22:59:41.745+0000] {logging_mixin.py:190} INFO - Current task name:create_company_table state:running start_date:2024-09-27 22:59:41.134676+00:00
[2024-09-27T22:59:41.749+0000] {logging_mixin.py:190} INFO - Dag name:scrape_and_save_share_prices_with_company_data and current dag run status:running
[2024-09-27T22:59:41.751+0000] {taskinstance.py:731} INFO - ::endgroup::
[2024-09-27T22:59:41.805+0000] {base.py:84} INFO - Retrieving connection 'dse_connection'
[2024-09-27T22:59:41.841+0000] {sql.py:509} INFO - Running statement: 
        CREATE TABLE IF NOT EXISTS company_list (
            company_id SERIAL PRIMARY KEY,
            company_trade_name VARCHAR(255) NOT NULL,
            company_url VARCHAR(255) NOT NULL,
            UNIQUE(company_trade_name)
        );
    , parameters: None
[2024-09-27T22:59:41.851+0000] {python.py:240} INFO - Done. Returned value was: None
[2024-09-27T22:59:41.888+0000] {taskinstance.py:340} INFO - ::group::Post task execution logs
[2024-09-27T22:59:41.896+0000] {taskinstance.py:352} INFO - Marking task as SUCCESS. dag_id=scrape_and_save_share_prices_with_company_data, task_id=create_company_table, run_id=scheduled__2024-01-18T00:00:00+00:00, execution_date=20240118T000000, start_date=20240927T225941, end_date=20240927T225941
[2024-09-27T22:59:41.941+0000] {logging_mixin.py:190} INFO - Task instance in success state
[2024-09-27T22:59:41.948+0000] {logging_mixin.py:190} INFO -  Previous state of the Task instance: running
[2024-09-27T22:59:41.955+0000] {logging_mixin.py:190} INFO - Dag name:scrape_and_save_share_prices_with_company_data queued_at:2024-09-27 22:59:35.373251+00:00
[2024-09-27T22:59:41.960+0000] {logging_mixin.py:190} INFO - Task hostname:7746de5121f6 operator:PythonOperator
[2024-09-27T22:59:42.001+0000] {local_task_job_runner.py:266} INFO - Task exited with return code 0
[2024-09-27T22:59:42.023+0000] {local_task_job_runner.py:245} INFO - ::endgroup::
