[2024-09-27T18:35:17.987+0000] {local_task_job_runner.py:123} INFO - ::group::Pre task execution logs
[2024-09-27T18:35:18.165+0000] {taskinstance.py:2612} INFO - Dependencies all met for dep_context=non-requeueable deps ti=<TaskInstance: scrape_and_save_share_prices_with_company_data.create_share_prices_table scheduled__2024-01-21T00:00:00+00:00 [queued]>
[2024-09-27T18:35:18.353+0000] {taskinstance.py:2612} INFO - Dependencies all met for dep_context=requeueable deps ti=<TaskInstance: scrape_and_save_share_prices_with_company_data.create_share_prices_table scheduled__2024-01-21T00:00:00+00:00 [queued]>
[2024-09-27T18:35:18.364+0000] {taskinstance.py:2865} INFO - Starting attempt 1 of 2
[2024-09-27T18:35:18.596+0000] {taskinstance.py:2888} INFO - Executing <Task(PythonOperator): create_share_prices_table> on 2024-01-21 00:00:00+00:00
[2024-09-27T18:35:18.630+0000] {warnings.py:112} WARNING - /home/***/.local/lib/python3.12/site-packages/***/task/task_runner/standard_task_runner.py:70: DeprecationWarning: This process (pid=13855) is multi-threaded, use of fork() may lead to deadlocks in the child.
  pid = os.fork()

[2024-09-27T18:35:18.648+0000] {standard_task_runner.py:72} INFO - Started process 13889 to run task
[2024-09-27T18:35:18.661+0000] {standard_task_runner.py:104} INFO - Running: ['***', 'tasks', 'run', 'scrape_and_save_share_prices_with_company_data', 'create_share_prices_table', 'scheduled__2024-01-21T00:00:00+00:00', '--job-id', '1561', '--raw', '--subdir', 'DAGS_FOLDER/dag.py', '--cfg-path', '/tmp/tmpvxxng32k']
[2024-09-27T18:35:18.685+0000] {standard_task_runner.py:105} INFO - Job 1561: Subtask create_share_prices_table
[2024-09-27T18:35:19.129+0000] {task_command.py:467} INFO - Running <TaskInstance: scrape_and_save_share_prices_with_company_data.create_share_prices_table scheduled__2024-01-21T00:00:00+00:00 [running]> on host 13b5797a93ab
[2024-09-27T18:35:19.753+0000] {taskinstance.py:3131} INFO - Exporting env vars: AIRFLOW_CTX_DAG_OWNER='***' AIRFLOW_CTX_DAG_ID='scrape_and_save_share_prices_with_company_data' AIRFLOW_CTX_TASK_ID='create_share_prices_table' AIRFLOW_CTX_EXECUTION_DATE='2024-01-21T00:00:00+00:00' AIRFLOW_CTX_TRY_NUMBER='1' AIRFLOW_CTX_DAG_RUN_ID='scheduled__2024-01-21T00:00:00+00:00'
[2024-09-27T18:35:19.775+0000] {logging_mixin.py:190} INFO - Task instance is in running state
[2024-09-27T18:35:19.777+0000] {logging_mixin.py:190} INFO -  Previous state of the Task instance: queued
[2024-09-27T18:35:19.783+0000] {logging_mixin.py:190} INFO - Current task name:create_share_prices_table state:running start_date:2024-09-27 18:35:18.180147+00:00
[2024-09-27T18:35:19.784+0000] {logging_mixin.py:190} INFO - Dag name:scrape_and_save_share_prices_with_company_data and current dag run status:running
[2024-09-27T18:35:19.788+0000] {taskinstance.py:731} INFO - ::endgroup::
[2024-09-27T18:35:19.850+0000] {base.py:84} INFO - Retrieving connection 'dse_connection'
[2024-09-27T18:35:19.879+0000] {sql.py:509} INFO - Running statement: 
        CREATE TABLE IF NOT EXISTS company_share_prices (
            id SERIAL,
            company_id INTEGER NOT NULL,
            date DATE,
            latest_trading_price VARCHAR(50),
            low_price VARCHAR(50),
            high_price VARCHAR(50),
            closing_price VARCHAR(50),
            ycp VARCHAR(50),
            change VARCHAR(10),
            trade VARCHAR(50),
            value VARCHAR(50),
            volume VARCHAR(50),
            PRIMARY KEY(company_id, id),
            FOREIGN KEY(company_id)
                REFERENCES company_list(company_id)
                ON UPDATE CASCADE ON DELETE CASCADE
        );
    , parameters: None
[2024-09-27T18:35:19.891+0000] {python.py:240} INFO - Done. Returned value was: None
[2024-09-27T18:35:19.965+0000] {taskinstance.py:340} INFO - ::group::Post task execution logs
[2024-09-27T18:35:19.971+0000] {taskinstance.py:352} INFO - Marking task as SUCCESS. dag_id=scrape_and_save_share_prices_with_company_data, task_id=create_share_prices_table, run_id=scheduled__2024-01-21T00:00:00+00:00, execution_date=20240121T000000, start_date=20240927T183518, end_date=20240927T183519
[2024-09-27T18:35:20.039+0000] {logging_mixin.py:190} INFO - Task instance in success state
[2024-09-27T18:35:20.050+0000] {logging_mixin.py:190} INFO -  Previous state of the Task instance: running
[2024-09-27T18:35:20.088+0000] {logging_mixin.py:190} INFO - Dag name:scrape_and_save_share_prices_with_company_data queued_at:2024-09-27 18:33:50.213453+00:00
[2024-09-27T18:35:20.091+0000] {logging_mixin.py:190} INFO - Task hostname:13b5797a93ab operator:PythonOperator
[2024-09-27T18:35:20.167+0000] {local_task_job_runner.py:266} INFO - Task exited with return code 0
[2024-09-27T18:35:20.273+0000] {taskinstance.py:3900} INFO - 1 downstream tasks scheduled from follow-on schedule check
[2024-09-27T18:35:20.308+0000] {local_task_job_runner.py:245} INFO - ::endgroup::
[2024-09-27T23:01:30.826+0000] {local_task_job_runner.py:123} INFO - ::group::Pre task execution logs
[2024-09-27T23:01:30.856+0000] {taskinstance.py:2612} INFO - Dependencies all met for dep_context=non-requeueable deps ti=<TaskInstance: scrape_and_save_share_prices_with_company_data.create_share_prices_table scheduled__2024-01-21T00:00:00+00:00 [queued]>
[2024-09-27T23:01:30.870+0000] {taskinstance.py:2612} INFO - Dependencies all met for dep_context=requeueable deps ti=<TaskInstance: scrape_and_save_share_prices_with_company_data.create_share_prices_table scheduled__2024-01-21T00:00:00+00:00 [queued]>
[2024-09-27T23:01:30.871+0000] {taskinstance.py:2865} INFO - Starting attempt 1 of 2
[2024-09-27T23:01:30.892+0000] {taskinstance.py:2888} INFO - Executing <Task(PythonOperator): create_share_prices_table> on 2024-01-21 00:00:00+00:00
[2024-09-27T23:01:30.904+0000] {warnings.py:112} WARNING - /home/***/.local/lib/python3.12/site-packages/***/task/task_runner/standard_task_runner.py:70: DeprecationWarning: This process (pid=2356) is multi-threaded, use of fork() may lead to deadlocks in the child.
  pid = os.fork()

[2024-09-27T23:01:30.906+0000] {standard_task_runner.py:72} INFO - Started process 2358 to run task
[2024-09-27T23:01:30.908+0000] {standard_task_runner.py:104} INFO - Running: ['***', 'tasks', 'run', 'scrape_and_save_share_prices_with_company_data', 'create_share_prices_table', 'scheduled__2024-01-21T00:00:00+00:00', '--job-id', '3077', '--raw', '--subdir', 'DAGS_FOLDER/dag.py', '--cfg-path', '/tmp/tmp057pxfcj']
[2024-09-27T23:01:30.910+0000] {standard_task_runner.py:105} INFO - Job 3077: Subtask create_share_prices_table
[2024-09-27T23:01:30.993+0000] {task_command.py:467} INFO - Running <TaskInstance: scrape_and_save_share_prices_with_company_data.create_share_prices_table scheduled__2024-01-21T00:00:00+00:00 [running]> on host 7746de5121f6
[2024-09-27T23:01:31.151+0000] {taskinstance.py:3131} INFO - Exporting env vars: AIRFLOW_CTX_DAG_OWNER='***' AIRFLOW_CTX_DAG_ID='scrape_and_save_share_prices_with_company_data' AIRFLOW_CTX_TASK_ID='create_share_prices_table' AIRFLOW_CTX_EXECUTION_DATE='2024-01-21T00:00:00+00:00' AIRFLOW_CTX_TRY_NUMBER='1' AIRFLOW_CTX_DAG_RUN_ID='scheduled__2024-01-21T00:00:00+00:00'
[2024-09-27T23:01:31.153+0000] {logging_mixin.py:190} INFO - Task instance is in running state
[2024-09-27T23:01:31.158+0000] {logging_mixin.py:190} INFO -  Previous state of the Task instance: queued
[2024-09-27T23:01:31.159+0000] {logging_mixin.py:190} INFO - Current task name:create_share_prices_table state:running start_date:2024-09-27 23:01:30.857073+00:00
[2024-09-27T23:01:31.159+0000] {logging_mixin.py:190} INFO - Dag name:scrape_and_save_share_prices_with_company_data and current dag run status:running
[2024-09-27T23:01:31.160+0000] {taskinstance.py:731} INFO - ::endgroup::
[2024-09-27T23:01:31.176+0000] {base.py:84} INFO - Retrieving connection 'dse_connection'
[2024-09-27T23:01:31.182+0000] {sql.py:509} INFO - Running statement: 
        CREATE TABLE IF NOT EXISTS company_share_prices (
            id SERIAL,
            company_id INTEGER NOT NULL,
            date DATE,
            latest_trading_price VARCHAR(50),
            low_price VARCHAR(50),
            high_price VARCHAR(50),
            closing_price VARCHAR(50),
            ycp VARCHAR(50),
            change VARCHAR(10),
            trade VARCHAR(50),
            value VARCHAR(50),
            volume VARCHAR(50),
            PRIMARY KEY(company_id, id),
            FOREIGN KEY(company_id)
                REFERENCES company_list(company_id)
                ON UPDATE CASCADE ON DELETE CASCADE
        );
    , parameters: None
[2024-09-27T23:01:31.184+0000] {python.py:240} INFO - Done. Returned value was: None
[2024-09-27T23:01:31.200+0000] {taskinstance.py:340} INFO - ::group::Post task execution logs
[2024-09-27T23:01:31.201+0000] {taskinstance.py:352} INFO - Marking task as SUCCESS. dag_id=scrape_and_save_share_prices_with_company_data, task_id=create_share_prices_table, run_id=scheduled__2024-01-21T00:00:00+00:00, execution_date=20240121T000000, start_date=20240927T230130, end_date=20240927T230131
[2024-09-27T23:01:31.220+0000] {logging_mixin.py:190} INFO - Task instance in success state
[2024-09-27T23:01:31.221+0000] {logging_mixin.py:190} INFO -  Previous state of the Task instance: running
[2024-09-27T23:01:31.223+0000] {logging_mixin.py:190} INFO - Dag name:scrape_and_save_share_prices_with_company_data queued_at:2024-09-27 23:00:27.778911+00:00
[2024-09-27T23:01:31.224+0000] {logging_mixin.py:190} INFO - Task hostname:7746de5121f6 operator:PythonOperator
[2024-09-27T23:01:31.244+0000] {local_task_job_runner.py:266} INFO - Task exited with return code 0
[2024-09-27T23:01:31.282+0000] {taskinstance.py:3900} INFO - 1 downstream tasks scheduled from follow-on schedule check
[2024-09-27T23:01:31.285+0000] {local_task_job_runner.py:245} INFO - ::endgroup::
