[2024-09-27T18:07:34.374+0000] {local_task_job_runner.py:123} INFO - ::group::Pre task execution logs
[2024-09-27T18:07:34.594+0000] {taskinstance.py:2612} INFO - Dependencies all met for dep_context=non-requeueable deps ti=<TaskInstance: scrape_and_save_share_prices_with_company_data.create_company_table scheduled__2023-09-27T00:00:00+00:00 [queued]>
[2024-09-27T18:07:34.652+0000] {taskinstance.py:2612} INFO - Dependencies all met for dep_context=requeueable deps ti=<TaskInstance: scrape_and_save_share_prices_with_company_data.create_company_table scheduled__2023-09-27T00:00:00+00:00 [queued]>
[2024-09-27T18:07:34.655+0000] {taskinstance.py:2865} INFO - Starting attempt 1 of 2
[2024-09-27T18:07:34.995+0000] {taskinstance.py:2888} INFO - Executing <Task(PythonOperator): create_company_table> on 2023-09-27 00:00:00+00:00
[2024-09-27T18:07:35.118+0000] {warnings.py:112} WARNING - /home/***/.local/lib/python3.12/site-packages/***/task/task_runner/standard_task_runner.py:70: DeprecationWarning: This process (pid=11708) is multi-threaded, use of fork() may lead to deadlocks in the child.
  pid = os.fork()

[2024-09-27T18:07:35.160+0000] {standard_task_runner.py:72} INFO - Started process 11774 to run task
[2024-09-27T18:07:35.171+0000] {standard_task_runner.py:104} INFO - Running: ['***', 'tasks', 'run', 'scrape_and_save_share_prices_with_company_data', 'create_company_table', 'scheduled__2023-09-27T00:00:00+00:00', '--job-id', '1096', '--raw', '--subdir', 'DAGS_FOLDER/dag.py', '--cfg-path', '/tmp/tmppak0sn3p']
[2024-09-27T18:07:35.202+0000] {standard_task_runner.py:105} INFO - Job 1096: Subtask create_company_table
[2024-09-27T18:07:35.971+0000] {task_command.py:467} INFO - Running <TaskInstance: scrape_and_save_share_prices_with_company_data.create_company_table scheduled__2023-09-27T00:00:00+00:00 [running]> on host 13b5797a93ab
[2024-09-27T18:07:37.030+0000] {taskinstance.py:3131} INFO - Exporting env vars: AIRFLOW_CTX_DAG_OWNER='***' AIRFLOW_CTX_DAG_ID='scrape_and_save_share_prices_with_company_data' AIRFLOW_CTX_TASK_ID='create_company_table' AIRFLOW_CTX_EXECUTION_DATE='2023-09-27T00:00:00+00:00' AIRFLOW_CTX_TRY_NUMBER='1' AIRFLOW_CTX_DAG_RUN_ID='scheduled__2023-09-27T00:00:00+00:00'
[2024-09-27T18:07:37.041+0000] {logging_mixin.py:190} INFO - Task instance is in running state
[2024-09-27T18:07:37.042+0000] {logging_mixin.py:190} INFO -  Previous state of the Task instance: queued
[2024-09-27T18:07:37.051+0000] {logging_mixin.py:190} INFO - Current task name:create_company_table state:running start_date:2024-09-27 18:07:34.607054+00:00
[2024-09-27T18:07:37.057+0000] {logging_mixin.py:190} INFO - Dag name:scrape_and_save_share_prices_with_company_data and current dag run status:running
[2024-09-27T18:07:37.062+0000] {taskinstance.py:731} INFO - ::endgroup::
[2024-09-27T18:07:37.177+0000] {base.py:84} INFO - Retrieving connection 'dse_connection'
[2024-09-27T18:07:37.185+0000] {sql.py:509} INFO - Running statement: 
        CREATE TABLE IF NOT EXISTS company_list (
            company_id SERIAL PRIMARY KEY,
            company_trade_name VARCHAR(255) NOT NULL,
            company_url VARCHAR(255) NOT NULL,
            UNIQUE(company_trade_name)
        );
    , parameters: None
[2024-09-27T18:07:37.219+0000] {python.py:240} INFO - Done. Returned value was: None
[2024-09-27T18:07:37.337+0000] {taskinstance.py:340} INFO - ::group::Post task execution logs
[2024-09-27T18:07:37.353+0000] {taskinstance.py:352} INFO - Marking task as SUCCESS. dag_id=scrape_and_save_share_prices_with_company_data, task_id=create_company_table, run_id=scheduled__2023-09-27T00:00:00+00:00, execution_date=20230927T000000, start_date=20240927T180734, end_date=20240927T180737
[2024-09-27T18:07:37.442+0000] {logging_mixin.py:190} INFO - Task instance in success state
[2024-09-27T18:07:37.451+0000] {logging_mixin.py:190} INFO -  Previous state of the Task instance: running
[2024-09-27T18:07:37.456+0000] {logging_mixin.py:190} INFO - Dag name:scrape_and_save_share_prices_with_company_data queued_at:2024-09-27 18:06:49.983415+00:00
[2024-09-27T18:07:37.469+0000] {logging_mixin.py:190} INFO - Task hostname:13b5797a93ab operator:PythonOperator
[2024-09-27T18:07:37.566+0000] {local_task_job_runner.py:266} INFO - Task exited with return code 0
[2024-09-27T18:07:37.618+0000] {local_task_job_runner.py:245} INFO - ::endgroup::
[2024-09-27T21:51:56.228+0000] {local_task_job_runner.py:123} INFO - ::group::Pre task execution logs
[2024-09-27T21:51:56.291+0000] {taskinstance.py:2612} INFO - Dependencies all met for dep_context=non-requeueable deps ti=<TaskInstance: scrape_and_save_share_prices_with_company_data.create_company_table scheduled__2023-09-27T00:00:00+00:00 [queued]>
[2024-09-27T21:51:56.318+0000] {taskinstance.py:2612} INFO - Dependencies all met for dep_context=requeueable deps ti=<TaskInstance: scrape_and_save_share_prices_with_company_data.create_company_table scheduled__2023-09-27T00:00:00+00:00 [queued]>
[2024-09-27T21:51:56.321+0000] {taskinstance.py:2865} INFO - Starting attempt 1 of 2
[2024-09-27T21:51:56.379+0000] {taskinstance.py:2888} INFO - Executing <Task(PythonOperator): create_company_table> on 2023-09-27 00:00:00+00:00
[2024-09-27T21:51:56.395+0000] {warnings.py:112} WARNING - /home/***/.local/lib/python3.12/site-packages/***/task/task_runner/standard_task_runner.py:70: DeprecationWarning: This process (pid=382) is multi-threaded, use of fork() may lead to deadlocks in the child.
  pid = os.fork()

[2024-09-27T21:51:56.398+0000] {standard_task_runner.py:72} INFO - Started process 455 to run task
[2024-09-27T21:51:56.401+0000] {standard_task_runner.py:104} INFO - Running: ['***', 'tasks', 'run', 'scrape_and_save_share_prices_with_company_data', 'create_company_table', 'scheduled__2023-09-27T00:00:00+00:00', '--job-id', '2141', '--raw', '--subdir', 'DAGS_FOLDER/dag.py', '--cfg-path', '/tmp/tmpwl7fq25w']
[2024-09-27T21:51:56.404+0000] {standard_task_runner.py:105} INFO - Job 2141: Subtask create_company_table
[2024-09-27T21:51:56.630+0000] {task_command.py:467} INFO - Running <TaskInstance: scrape_and_save_share_prices_with_company_data.create_company_table scheduled__2023-09-27T00:00:00+00:00 [running]> on host fd62fe12432d
[2024-09-27T21:51:57.050+0000] {taskinstance.py:3131} INFO - Exporting env vars: AIRFLOW_CTX_DAG_OWNER='***' AIRFLOW_CTX_DAG_ID='scrape_and_save_share_prices_with_company_data' AIRFLOW_CTX_TASK_ID='create_company_table' AIRFLOW_CTX_EXECUTION_DATE='2023-09-27T00:00:00+00:00' AIRFLOW_CTX_TRY_NUMBER='1' AIRFLOW_CTX_DAG_RUN_ID='scheduled__2023-09-27T00:00:00+00:00'
[2024-09-27T21:51:57.055+0000] {logging_mixin.py:190} INFO - Task instance is in running state
[2024-09-27T21:51:57.057+0000] {logging_mixin.py:190} INFO -  Previous state of the Task instance: queued
[2024-09-27T21:51:57.067+0000] {logging_mixin.py:190} INFO - Current task name:create_company_table state:running start_date:2024-09-27 21:51:56.293268+00:00
[2024-09-27T21:51:57.068+0000] {logging_mixin.py:190} INFO - Dag name:scrape_and_save_share_prices_with_company_data and current dag run status:running
[2024-09-27T21:51:57.071+0000] {taskinstance.py:731} INFO - ::endgroup::
[2024-09-27T21:51:57.121+0000] {base.py:84} INFO - Retrieving connection 'dse_connection'
[2024-09-27T21:52:18.361+0000] {logging_mixin.py:190} INFO - Error creating company table: connection to server at "172.23.0.3", port 5432 failed: Connection refused
	Is the server running on that host and accepting TCP/IP connections?
[2024-09-27T21:52:18.362+0000] {python.py:240} INFO - Done. Returned value was: None
[2024-09-27T21:52:18.392+0000] {taskinstance.py:340} INFO - ::group::Post task execution logs
[2024-09-27T21:52:18.393+0000] {taskinstance.py:352} INFO - Marking task as SUCCESS. dag_id=scrape_and_save_share_prices_with_company_data, task_id=create_company_table, run_id=scheduled__2023-09-27T00:00:00+00:00, execution_date=20230927T000000, start_date=20240927T215156, end_date=20240927T215218
[2024-09-27T21:52:18.486+0000] {logging_mixin.py:190} INFO - Task instance in success state
[2024-09-27T21:52:18.487+0000] {logging_mixin.py:190} INFO -  Previous state of the Task instance: running
[2024-09-27T21:52:18.488+0000] {logging_mixin.py:190} INFO - Dag name:scrape_and_save_share_prices_with_company_data queued_at:2024-09-27 21:50:59.053053+00:00
[2024-09-27T21:52:18.490+0000] {logging_mixin.py:190} INFO - Task hostname:fd62fe12432d operator:PythonOperator
[2024-09-27T21:52:18.551+0000] {local_task_job_runner.py:266} INFO - Task exited with return code 0
[2024-09-27T21:52:18.671+0000] {taskinstance.py:3900} INFO - 1 downstream tasks scheduled from follow-on schedule check
[2024-09-27T21:52:18.730+0000] {local_task_job_runner.py:245} INFO - ::endgroup::
[2024-09-27T22:34:48.656+0000] {local_task_job_runner.py:123} INFO - ::group::Pre task execution logs
[2024-09-27T22:34:48.752+0000] {taskinstance.py:2612} INFO - Dependencies all met for dep_context=non-requeueable deps ti=<TaskInstance: scrape_and_save_share_prices_with_company_data.create_company_table scheduled__2023-09-27T00:00:00+00:00 [queued]>
[2024-09-27T22:34:48.783+0000] {taskinstance.py:2612} INFO - Dependencies all met for dep_context=requeueable deps ti=<TaskInstance: scrape_and_save_share_prices_with_company_data.create_company_table scheduled__2023-09-27T00:00:00+00:00 [queued]>
[2024-09-27T22:34:48.791+0000] {taskinstance.py:2865} INFO - Starting attempt 1 of 2
[2024-09-27T22:34:48.831+0000] {taskinstance.py:2888} INFO - Executing <Task(PythonOperator): create_company_table> on 2023-09-27 00:00:00+00:00
[2024-09-27T22:34:48.844+0000] {warnings.py:112} WARNING - /home/***/.local/lib/python3.12/site-packages/***/task/task_runner/standard_task_runner.py:70: DeprecationWarning: This process (pid=182) is multi-threaded, use of fork() may lead to deadlocks in the child.
  pid = os.fork()

[2024-09-27T22:34:48.852+0000] {standard_task_runner.py:72} INFO - Started process 218 to run task
[2024-09-27T22:34:48.869+0000] {standard_task_runner.py:104} INFO - Running: ['***', 'tasks', 'run', 'scrape_and_save_share_prices_with_company_data', 'create_company_table', 'scheduled__2023-09-27T00:00:00+00:00', '--job-id', '2596', '--raw', '--subdir', 'DAGS_FOLDER/dag.py', '--cfg-path', '/tmp/tmp7jh3x1om']
[2024-09-27T22:34:48.874+0000] {standard_task_runner.py:105} INFO - Job 2596: Subtask create_company_table
[2024-09-27T22:34:49.083+0000] {task_command.py:467} INFO - Running <TaskInstance: scrape_and_save_share_prices_with_company_data.create_company_table scheduled__2023-09-27T00:00:00+00:00 [running]> on host 7746de5121f6
[2024-09-27T22:34:49.709+0000] {taskinstance.py:3131} INFO - Exporting env vars: AIRFLOW_CTX_DAG_OWNER='***' AIRFLOW_CTX_DAG_ID='scrape_and_save_share_prices_with_company_data' AIRFLOW_CTX_TASK_ID='create_company_table' AIRFLOW_CTX_EXECUTION_DATE='2023-09-27T00:00:00+00:00' AIRFLOW_CTX_TRY_NUMBER='1' AIRFLOW_CTX_DAG_RUN_ID='scheduled__2023-09-27T00:00:00+00:00'
[2024-09-27T22:34:49.718+0000] {logging_mixin.py:190} INFO - Task instance is in running state
[2024-09-27T22:34:49.723+0000] {logging_mixin.py:190} INFO -  Previous state of the Task instance: queued
[2024-09-27T22:34:49.726+0000] {logging_mixin.py:190} INFO - Current task name:create_company_table state:running start_date:2024-09-27 22:34:48.754117+00:00
[2024-09-27T22:34:49.731+0000] {logging_mixin.py:190} INFO - Dag name:scrape_and_save_share_prices_with_company_data and current dag run status:running
[2024-09-27T22:34:49.733+0000] {taskinstance.py:731} INFO - ::endgroup::
[2024-09-27T22:34:49.809+0000] {base.py:84} INFO - Retrieving connection 'dse_connection'
[2024-09-27T22:34:49.836+0000] {sql.py:509} INFO - Running statement: 
        CREATE TABLE IF NOT EXISTS company_list (
            company_id SERIAL PRIMARY KEY,
            company_trade_name VARCHAR(255) NOT NULL,
            company_url VARCHAR(255) NOT NULL,
            UNIQUE(company_trade_name)
        );
    , parameters: None
[2024-09-27T22:34:49.856+0000] {python.py:240} INFO - Done. Returned value was: None
[2024-09-27T22:34:49.958+0000] {taskinstance.py:340} INFO - ::group::Post task execution logs
[2024-09-27T22:34:49.987+0000] {taskinstance.py:352} INFO - Marking task as SUCCESS. dag_id=scrape_and_save_share_prices_with_company_data, task_id=create_company_table, run_id=scheduled__2023-09-27T00:00:00+00:00, execution_date=20230927T000000, start_date=20240927T223448, end_date=20240927T223449
[2024-09-27T22:34:50.082+0000] {logging_mixin.py:190} INFO - Task instance in success state
[2024-09-27T22:34:50.101+0000] {logging_mixin.py:190} INFO -  Previous state of the Task instance: running
[2024-09-27T22:34:50.104+0000] {logging_mixin.py:190} INFO - Dag name:scrape_and_save_share_prices_with_company_data queued_at:2024-09-27 22:34:35.611232+00:00
[2024-09-27T22:34:50.105+0000] {logging_mixin.py:190} INFO - Task hostname:7746de5121f6 operator:PythonOperator
[2024-09-27T22:34:50.175+0000] {local_task_job_runner.py:266} INFO - Task exited with return code 0
[2024-09-27T22:34:50.238+0000] {local_task_job_runner.py:245} INFO - ::endgroup::
