[2024-09-27T23:45:44.966+0000] {local_task_job_runner.py:123} INFO - ::group::Pre task execution logs
[2024-09-27T23:45:45.042+0000] {taskinstance.py:2612} INFO - Dependencies all met for dep_context=non-requeueable deps ti=<TaskInstance: scrape_and_save_share_prices_with_company_data.create_share_prices_table scheduled__2024-08-23T00:00:00+00:00 [queued]>
[2024-09-27T23:45:45.081+0000] {taskinstance.py:2612} INFO - Dependencies all met for dep_context=requeueable deps ti=<TaskInstance: scrape_and_save_share_prices_with_company_data.create_share_prices_table scheduled__2024-08-23T00:00:00+00:00 [queued]>
[2024-09-27T23:45:45.082+0000] {taskinstance.py:2865} INFO - Starting attempt 1 of 2
[2024-09-27T23:45:45.239+0000] {taskinstance.py:2888} INFO - Executing <Task(PythonOperator): create_share_prices_table> on 2024-08-23 00:00:00+00:00
[2024-09-27T23:45:45.278+0000] {warnings.py:112} WARNING - /home/***/.local/lib/python3.12/site-packages/***/task/task_runner/standard_task_runner.py:70: DeprecationWarning: This process (pid=6315) is multi-threaded, use of fork() may lead to deadlocks in the child.
  pid = os.fork()

[2024-09-27T23:45:45.286+0000] {standard_task_runner.py:72} INFO - Started process 6326 to run task
[2024-09-27T23:45:45.286+0000] {standard_task_runner.py:104} INFO - Running: ['***', 'tasks', 'run', 'scrape_and_save_share_prices_with_company_data', 'create_share_prices_table', 'scheduled__2024-08-23T00:00:00+00:00', '--job-id', '3959', '--raw', '--subdir', 'DAGS_FOLDER/dag.py', '--cfg-path', '/tmp/tmpxmwfl7bv']
[2024-09-27T23:45:45.289+0000] {standard_task_runner.py:105} INFO - Job 3959: Subtask create_share_prices_table
[2024-09-27T23:45:45.742+0000] {task_command.py:467} INFO - Running <TaskInstance: scrape_and_save_share_prices_with_company_data.create_share_prices_table scheduled__2024-08-23T00:00:00+00:00 [running]> on host 7746de5121f6
[2024-09-27T23:45:46.452+0000] {taskinstance.py:3131} INFO - Exporting env vars: AIRFLOW_CTX_DAG_OWNER='***' AIRFLOW_CTX_DAG_ID='scrape_and_save_share_prices_with_company_data' AIRFLOW_CTX_TASK_ID='create_share_prices_table' AIRFLOW_CTX_EXECUTION_DATE='2024-08-23T00:00:00+00:00' AIRFLOW_CTX_TRY_NUMBER='1' AIRFLOW_CTX_DAG_RUN_ID='scheduled__2024-08-23T00:00:00+00:00'
[2024-09-27T23:45:46.469+0000] {logging_mixin.py:190} INFO - Task instance is in running state
[2024-09-27T23:45:46.472+0000] {logging_mixin.py:190} INFO -  Previous state of the Task instance: queued
[2024-09-27T23:45:46.474+0000] {logging_mixin.py:190} INFO - Current task name:create_share_prices_table state:running start_date:2024-09-27 23:45:45.047564+00:00
[2024-09-27T23:45:46.475+0000] {logging_mixin.py:190} INFO - Dag name:scrape_and_save_share_prices_with_company_data and current dag run status:running
[2024-09-27T23:45:46.480+0000] {taskinstance.py:731} INFO - ::endgroup::
[2024-09-27T23:45:46.587+0000] {base.py:84} INFO - Retrieving connection 'dse_connection'
[2024-09-27T23:45:46.661+0000] {sql.py:509} INFO - Running statement: 
        CREATE TABLE IF NOT EXISTS company_share_prices (
            id SERIAL,
            company_id INTEGER NOT NULL,
            date DATE,
            latest_trading_price VARCHAR(50),
            low_price VARCHAR(50),
            high_price VARCHAR(50),
            closing_price VARCHAR(50),
            ycp VARCHAR(50),
            change VARCHAR(10),
            trade VARCHAR(50),
            value VARCHAR(50),
            volume VARCHAR(50),
            PRIMARY KEY(company_id, id),
            FOREIGN KEY(company_id)
                REFERENCES company_list(company_id)
                ON UPDATE CASCADE ON DELETE CASCADE
        );
    , parameters: None
[2024-09-27T23:45:46.718+0000] {python.py:240} INFO - Done. Returned value was: None
[2024-09-27T23:45:46.879+0000] {taskinstance.py:340} INFO - ::group::Post task execution logs
[2024-09-27T23:45:46.885+0000] {taskinstance.py:352} INFO - Marking task as SUCCESS. dag_id=scrape_and_save_share_prices_with_company_data, task_id=create_share_prices_table, run_id=scheduled__2024-08-23T00:00:00+00:00, execution_date=20240823T000000, start_date=20240927T234545, end_date=20240927T234546
[2024-09-27T23:45:46.984+0000] {logging_mixin.py:190} INFO - Task instance in success state
[2024-09-27T23:45:46.998+0000] {logging_mixin.py:190} INFO -  Previous state of the Task instance: running
[2024-09-27T23:45:47.004+0000] {logging_mixin.py:190} INFO - Dag name:scrape_and_save_share_prices_with_company_data queued_at:2024-09-27 23:44:10.381539+00:00
[2024-09-27T23:45:47.013+0000] {logging_mixin.py:190} INFO - Task hostname:7746de5121f6 operator:PythonOperator
[2024-09-27T23:45:47.074+0000] {local_task_job_runner.py:266} INFO - Task exited with return code 0
[2024-09-27T23:45:47.150+0000] {local_task_job_runner.py:245} INFO - ::endgroup::
