[2024-09-27T18:22:12.983+0000] {local_task_job_runner.py:123} INFO - ::group::Pre task execution logs
[2024-09-27T18:22:13.153+0000] {taskinstance.py:2612} INFO - Dependencies all met for dep_context=non-requeueable deps ti=<TaskInstance: scrape_and_save_share_prices_with_company_data.create_share_prices_table scheduled__2023-11-20T00:00:00+00:00 [queued]>
[2024-09-27T18:22:13.271+0000] {taskinstance.py:2612} INFO - Dependencies all met for dep_context=requeueable deps ti=<TaskInstance: scrape_and_save_share_prices_with_company_data.create_share_prices_table scheduled__2023-11-20T00:00:00+00:00 [queued]>
[2024-09-27T18:22:13.281+0000] {taskinstance.py:2865} INFO - Starting attempt 1 of 2
[2024-09-27T18:22:13.536+0000] {taskinstance.py:2888} INFO - Executing <Task(PythonOperator): create_share_prices_table> on 2023-11-20 00:00:00+00:00
[2024-09-27T18:22:13.631+0000] {warnings.py:112} WARNING - /home/***/.local/lib/python3.12/site-packages/***/task/task_runner/standard_task_runner.py:70: DeprecationWarning: This process (pid=12813) is multi-threaded, use of fork() may lead to deadlocks in the child.
  pid = os.fork()

[2024-09-27T18:22:13.637+0000] {standard_task_runner.py:72} INFO - Started process 12843 to run task
[2024-09-27T18:22:13.654+0000] {standard_task_runner.py:104} INFO - Running: ['***', 'tasks', 'run', 'scrape_and_save_share_prices_with_company_data', 'create_share_prices_table', 'scheduled__2023-11-20T00:00:00+00:00', '--job-id', '1328', '--raw', '--subdir', 'DAGS_FOLDER/dag.py', '--cfg-path', '/tmp/tmpi70qdvzl']
[2024-09-27T18:22:13.679+0000] {standard_task_runner.py:105} INFO - Job 1328: Subtask create_share_prices_table
[2024-09-27T18:22:14.294+0000] {task_command.py:467} INFO - Running <TaskInstance: scrape_and_save_share_prices_with_company_data.create_share_prices_table scheduled__2023-11-20T00:00:00+00:00 [running]> on host 13b5797a93ab
[2024-09-27T18:22:15.323+0000] {taskinstance.py:3131} INFO - Exporting env vars: AIRFLOW_CTX_DAG_OWNER='***' AIRFLOW_CTX_DAG_ID='scrape_and_save_share_prices_with_company_data' AIRFLOW_CTX_TASK_ID='create_share_prices_table' AIRFLOW_CTX_EXECUTION_DATE='2023-11-20T00:00:00+00:00' AIRFLOW_CTX_TRY_NUMBER='1' AIRFLOW_CTX_DAG_RUN_ID='scheduled__2023-11-20T00:00:00+00:00'
[2024-09-27T18:22:15.331+0000] {logging_mixin.py:190} INFO - Task instance is in running state
[2024-09-27T18:22:15.338+0000] {logging_mixin.py:190} INFO -  Previous state of the Task instance: queued
[2024-09-27T18:22:15.348+0000] {logging_mixin.py:190} INFO - Current task name:create_share_prices_table state:running start_date:2024-09-27 18:22:13.177215+00:00
[2024-09-27T18:22:15.351+0000] {logging_mixin.py:190} INFO - Dag name:scrape_and_save_share_prices_with_company_data and current dag run status:running
[2024-09-27T18:22:15.365+0000] {taskinstance.py:731} INFO - ::endgroup::
[2024-09-27T18:22:15.410+0000] {base.py:84} INFO - Retrieving connection 'dse_connection'
[2024-09-27T18:22:15.424+0000] {sql.py:509} INFO - Running statement: 
        CREATE TABLE IF NOT EXISTS company_share_prices (
            id SERIAL,
            company_id INTEGER NOT NULL,
            date DATE,
            latest_trading_price VARCHAR(50),
            low_price VARCHAR(50),
            high_price VARCHAR(50),
            closing_price VARCHAR(50),
            ycp VARCHAR(50),
            change VARCHAR(10),
            trade VARCHAR(50),
            value VARCHAR(50),
            volume VARCHAR(50),
            PRIMARY KEY(company_id, id),
            FOREIGN KEY(company_id)
                REFERENCES company_list(company_id)
                ON UPDATE CASCADE ON DELETE CASCADE
        );
    , parameters: None
[2024-09-27T18:22:15.430+0000] {python.py:240} INFO - Done. Returned value was: None
[2024-09-27T18:22:15.499+0000] {taskinstance.py:340} INFO - ::group::Post task execution logs
[2024-09-27T18:22:15.501+0000] {taskinstance.py:352} INFO - Marking task as SUCCESS. dag_id=scrape_and_save_share_prices_with_company_data, task_id=create_share_prices_table, run_id=scheduled__2023-11-20T00:00:00+00:00, execution_date=20231120T000000, start_date=20240927T182213, end_date=20240927T182215
[2024-09-27T18:22:15.590+0000] {logging_mixin.py:190} INFO - Task instance in success state
[2024-09-27T18:22:15.598+0000] {logging_mixin.py:190} INFO -  Previous state of the Task instance: running
[2024-09-27T18:22:15.599+0000] {logging_mixin.py:190} INFO - Dag name:scrape_and_save_share_prices_with_company_data queued_at:2024-09-27 18:20:07.673344+00:00
[2024-09-27T18:22:15.610+0000] {logging_mixin.py:190} INFO - Task hostname:13b5797a93ab operator:PythonOperator
[2024-09-27T18:22:15.678+0000] {local_task_job_runner.py:266} INFO - Task exited with return code 0
[2024-09-27T18:22:15.732+0000] {local_task_job_runner.py:245} INFO - ::endgroup::
[2024-09-27T22:10:10.395+0000] {local_task_job_runner.py:123} INFO - ::group::Pre task execution logs
[2024-09-27T22:10:10.469+0000] {taskinstance.py:2612} INFO - Dependencies all met for dep_context=non-requeueable deps ti=<TaskInstance: scrape_and_save_share_prices_with_company_data.create_share_prices_table scheduled__2023-11-20T00:00:00+00:00 [queued]>
[2024-09-27T22:10:10.488+0000] {taskinstance.py:2612} INFO - Dependencies all met for dep_context=requeueable deps ti=<TaskInstance: scrape_and_save_share_prices_with_company_data.create_share_prices_table scheduled__2023-11-20T00:00:00+00:00 [queued]>
[2024-09-27T22:10:10.489+0000] {taskinstance.py:2865} INFO - Starting attempt 1 of 2
[2024-09-27T22:10:10.791+0000] {taskinstance.py:2888} INFO - Executing <Task(PythonOperator): create_share_prices_table> on 2023-11-20 00:00:00+00:00
[2024-09-27T22:10:10.803+0000] {warnings.py:112} WARNING - /home/***/.local/lib/python3.12/site-packages/***/task/task_runner/standard_task_runner.py:70: DeprecationWarning: This process (pid=1529) is multi-threaded, use of fork() may lead to deadlocks in the child.
  pid = os.fork()

[2024-09-27T22:10:10.806+0000] {standard_task_runner.py:72} INFO - Started process 1551 to run task
[2024-09-27T22:10:10.812+0000] {standard_task_runner.py:104} INFO - Running: ['***', 'tasks', 'run', 'scrape_and_save_share_prices_with_company_data', 'create_share_prices_table', 'scheduled__2023-11-20T00:00:00+00:00', '--job-id', '2368', '--raw', '--subdir', 'DAGS_FOLDER/dag.py', '--cfg-path', '/tmp/tmpkt3j_k75']
[2024-09-27T22:10:10.817+0000] {standard_task_runner.py:105} INFO - Job 2368: Subtask create_share_prices_table
[2024-09-27T22:10:11.051+0000] {task_command.py:467} INFO - Running <TaskInstance: scrape_and_save_share_prices_with_company_data.create_share_prices_table scheduled__2023-11-20T00:00:00+00:00 [running]> on host fd62fe12432d
[2024-09-27T22:10:11.502+0000] {taskinstance.py:3131} INFO - Exporting env vars: AIRFLOW_CTX_DAG_OWNER='***' AIRFLOW_CTX_DAG_ID='scrape_and_save_share_prices_with_company_data' AIRFLOW_CTX_TASK_ID='create_share_prices_table' AIRFLOW_CTX_EXECUTION_DATE='2023-11-20T00:00:00+00:00' AIRFLOW_CTX_TRY_NUMBER='1' AIRFLOW_CTX_DAG_RUN_ID='scheduled__2023-11-20T00:00:00+00:00'
[2024-09-27T22:10:11.511+0000] {logging_mixin.py:190} INFO - Task instance is in running state
[2024-09-27T22:10:11.512+0000] {logging_mixin.py:190} INFO -  Previous state of the Task instance: queued
[2024-09-27T22:10:11.513+0000] {logging_mixin.py:190} INFO - Current task name:create_share_prices_table state:running start_date:2024-09-27 22:10:10.470738+00:00
[2024-09-27T22:10:11.515+0000] {logging_mixin.py:190} INFO - Dag name:scrape_and_save_share_prices_with_company_data and current dag run status:running
[2024-09-27T22:10:11.516+0000] {taskinstance.py:731} INFO - ::endgroup::
[2024-09-27T22:10:11.540+0000] {base.py:84} INFO - Retrieving connection 'dse_connection'
[2024-09-27T22:10:11.570+0000] {sql.py:509} INFO - Running statement: 
        CREATE TABLE IF NOT EXISTS company_share_prices (
            id SERIAL,
            company_id INTEGER NOT NULL,
            date DATE,
            latest_trading_price VARCHAR(50),
            low_price VARCHAR(50),
            high_price VARCHAR(50),
            closing_price VARCHAR(50),
            ycp VARCHAR(50),
            change VARCHAR(10),
            trade VARCHAR(50),
            value VARCHAR(50),
            volume VARCHAR(50),
            PRIMARY KEY(company_id, id),
            FOREIGN KEY(company_id)
                REFERENCES company_list(company_id)
                ON UPDATE CASCADE ON DELETE CASCADE
        );
    , parameters: None
[2024-09-27T22:10:11.575+0000] {python.py:240} INFO - Done. Returned value was: None
[2024-09-27T22:10:11.629+0000] {taskinstance.py:340} INFO - ::group::Post task execution logs
[2024-09-27T22:10:11.631+0000] {taskinstance.py:352} INFO - Marking task as SUCCESS. dag_id=scrape_and_save_share_prices_with_company_data, task_id=create_share_prices_table, run_id=scheduled__2023-11-20T00:00:00+00:00, execution_date=20231120T000000, start_date=20240927T221010, end_date=20240927T221011
[2024-09-27T22:10:11.700+0000] {logging_mixin.py:190} INFO - Task instance in success state
[2024-09-27T22:10:11.710+0000] {logging_mixin.py:190} INFO -  Previous state of the Task instance: running
[2024-09-27T22:10:11.716+0000] {logging_mixin.py:190} INFO - Dag name:scrape_and_save_share_prices_with_company_data queued_at:2024-09-27 22:08:59.892303+00:00
[2024-09-27T22:10:11.717+0000] {logging_mixin.py:190} INFO - Task hostname:fd62fe12432d operator:PythonOperator
[2024-09-27T22:10:11.799+0000] {local_task_job_runner.py:266} INFO - Task exited with return code 0
[2024-09-27T22:10:11.836+0000] {local_task_job_runner.py:245} INFO - ::endgroup::
[2024-09-27T22:50:06.270+0000] {local_task_job_runner.py:123} INFO - ::group::Pre task execution logs
[2024-09-27T22:50:06.332+0000] {taskinstance.py:2612} INFO - Dependencies all met for dep_context=non-requeueable deps ti=<TaskInstance: scrape_and_save_share_prices_with_company_data.create_share_prices_table scheduled__2023-11-20T00:00:00+00:00 [queued]>
[2024-09-27T22:50:06.376+0000] {taskinstance.py:2612} INFO - Dependencies all met for dep_context=requeueable deps ti=<TaskInstance: scrape_and_save_share_prices_with_company_data.create_share_prices_table scheduled__2023-11-20T00:00:00+00:00 [queued]>
[2024-09-27T22:50:06.378+0000] {taskinstance.py:2865} INFO - Starting attempt 1 of 2
[2024-09-27T22:50:06.446+0000] {taskinstance.py:2888} INFO - Executing <Task(PythonOperator): create_share_prices_table> on 2023-11-20 00:00:00+00:00
[2024-09-27T22:50:06.473+0000] {standard_task_runner.py:104} INFO - Running: ['***', 'tasks', 'run', 'scrape_and_save_share_prices_with_company_data', 'create_share_prices_table', 'scheduled__2023-11-20T00:00:00+00:00', '--job-id', '2828', '--raw', '--subdir', 'DAGS_FOLDER/dag.py', '--cfg-path', '/tmp/tmp_jei09eq']
[2024-09-27T22:50:06.472+0000] {warnings.py:112} WARNING - /home/***/.local/lib/python3.12/site-packages/***/task/task_runner/standard_task_runner.py:70: DeprecationWarning: This process (pid=1237) is multi-threaded, use of fork() may lead to deadlocks in the child.
  pid = os.fork()

[2024-09-27T22:50:06.481+0000] {standard_task_runner.py:72} INFO - Started process 1255 to run task
[2024-09-27T22:50:06.477+0000] {standard_task_runner.py:105} INFO - Job 2828: Subtask create_share_prices_table
[2024-09-27T22:50:06.715+0000] {task_command.py:467} INFO - Running <TaskInstance: scrape_and_save_share_prices_with_company_data.create_share_prices_table scheduled__2023-11-20T00:00:00+00:00 [running]> on host 7746de5121f6
[2024-09-27T22:50:07.122+0000] {taskinstance.py:3131} INFO - Exporting env vars: AIRFLOW_CTX_DAG_OWNER='***' AIRFLOW_CTX_DAG_ID='scrape_and_save_share_prices_with_company_data' AIRFLOW_CTX_TASK_ID='create_share_prices_table' AIRFLOW_CTX_EXECUTION_DATE='2023-11-20T00:00:00+00:00' AIRFLOW_CTX_TRY_NUMBER='1' AIRFLOW_CTX_DAG_RUN_ID='scheduled__2023-11-20T00:00:00+00:00'
[2024-09-27T22:50:07.126+0000] {logging_mixin.py:190} INFO - Task instance is in running state
[2024-09-27T22:50:07.127+0000] {logging_mixin.py:190} INFO -  Previous state of the Task instance: queued
[2024-09-27T22:50:07.129+0000] {logging_mixin.py:190} INFO - Current task name:create_share_prices_table state:running start_date:2024-09-27 22:50:06.333863+00:00
[2024-09-27T22:50:07.130+0000] {logging_mixin.py:190} INFO - Dag name:scrape_and_save_share_prices_with_company_data and current dag run status:running
[2024-09-27T22:50:07.131+0000] {taskinstance.py:731} INFO - ::endgroup::
[2024-09-27T22:50:07.167+0000] {base.py:84} INFO - Retrieving connection 'dse_connection'
[2024-09-27T22:50:07.174+0000] {sql.py:509} INFO - Running statement: 
        CREATE TABLE IF NOT EXISTS company_share_prices (
            id SERIAL,
            company_id INTEGER NOT NULL,
            date DATE,
            latest_trading_price VARCHAR(50),
            low_price VARCHAR(50),
            high_price VARCHAR(50),
            closing_price VARCHAR(50),
            ycp VARCHAR(50),
            change VARCHAR(10),
            trade VARCHAR(50),
            value VARCHAR(50),
            volume VARCHAR(50),
            PRIMARY KEY(company_id, id),
            FOREIGN KEY(company_id)
                REFERENCES company_list(company_id)
                ON UPDATE CASCADE ON DELETE CASCADE
        );
    , parameters: None
[2024-09-27T22:50:07.177+0000] {python.py:240} INFO - Done. Returned value was: None
[2024-09-27T22:50:07.201+0000] {taskinstance.py:340} INFO - ::group::Post task execution logs
[2024-09-27T22:50:07.203+0000] {taskinstance.py:352} INFO - Marking task as SUCCESS. dag_id=scrape_and_save_share_prices_with_company_data, task_id=create_share_prices_table, run_id=scheduled__2023-11-20T00:00:00+00:00, execution_date=20231120T000000, start_date=20240927T225006, end_date=20240927T225007
[2024-09-27T22:50:07.303+0000] {logging_mixin.py:190} INFO - Task instance in success state
[2024-09-27T22:50:07.304+0000] {logging_mixin.py:190} INFO -  Previous state of the Task instance: running
[2024-09-27T22:50:07.305+0000] {logging_mixin.py:190} INFO - Dag name:scrape_and_save_share_prices_with_company_data queued_at:2024-09-27 22:48:13.829946+00:00
[2024-09-27T22:50:07.306+0000] {logging_mixin.py:190} INFO - Task hostname:7746de5121f6 operator:PythonOperator
[2024-09-27T22:50:07.354+0000] {local_task_job_runner.py:266} INFO - Task exited with return code 0
[2024-09-27T22:50:07.403+0000] {taskinstance.py:3900} INFO - 1 downstream tasks scheduled from follow-on schedule check
[2024-09-27T22:50:07.495+0000] {local_task_job_runner.py:245} INFO - ::endgroup::
