[2024-09-27T18:22:14.561+0000] {local_task_job_runner.py:123} INFO - ::group::Pre task execution logs
[2024-09-27T18:22:14.695+0000] {taskinstance.py:2612} INFO - Dependencies all met for dep_context=non-requeueable deps ti=<TaskInstance: scrape_and_save_share_prices_with_company_data.create_company_table scheduled__2023-11-30T00:00:00+00:00 [queued]>
[2024-09-27T18:22:14.836+0000] {taskinstance.py:2612} INFO - Dependencies all met for dep_context=requeueable deps ti=<TaskInstance: scrape_and_save_share_prices_with_company_data.create_company_table scheduled__2023-11-30T00:00:00+00:00 [queued]>
[2024-09-27T18:22:14.848+0000] {taskinstance.py:2865} INFO - Starting attempt 1 of 2
[2024-09-27T18:22:15.008+0000] {taskinstance.py:2888} INFO - Executing <Task(PythonOperator): create_company_table> on 2023-11-30 00:00:00+00:00
[2024-09-27T18:22:15.026+0000] {warnings.py:112} WARNING - /home/***/.local/lib/python3.12/site-packages/***/task/task_runner/standard_task_runner.py:70: DeprecationWarning: This process (pid=12814) is multi-threaded, use of fork() may lead to deadlocks in the child.
  pid = os.fork()

[2024-09-27T18:22:15.055+0000] {standard_task_runner.py:72} INFO - Started process 12845 to run task
[2024-09-27T18:22:15.048+0000] {standard_task_runner.py:104} INFO - Running: ['***', 'tasks', 'run', 'scrape_and_save_share_prices_with_company_data', 'create_company_table', 'scheduled__2023-11-30T00:00:00+00:00', '--job-id', '1330', '--raw', '--subdir', 'DAGS_FOLDER/dag.py', '--cfg-path', '/tmp/tmp741avzei']
[2024-09-27T18:22:15.096+0000] {standard_task_runner.py:105} INFO - Job 1330: Subtask create_company_table
[2024-09-27T18:22:15.498+0000] {task_command.py:467} INFO - Running <TaskInstance: scrape_and_save_share_prices_with_company_data.create_company_table scheduled__2023-11-30T00:00:00+00:00 [running]> on host 13b5797a93ab
[2024-09-27T18:22:16.295+0000] {taskinstance.py:3131} INFO - Exporting env vars: AIRFLOW_CTX_DAG_OWNER='***' AIRFLOW_CTX_DAG_ID='scrape_and_save_share_prices_with_company_data' AIRFLOW_CTX_TASK_ID='create_company_table' AIRFLOW_CTX_EXECUTION_DATE='2023-11-30T00:00:00+00:00' AIRFLOW_CTX_TRY_NUMBER='1' AIRFLOW_CTX_DAG_RUN_ID='scheduled__2023-11-30T00:00:00+00:00'
[2024-09-27T18:22:16.301+0000] {logging_mixin.py:190} INFO - Task instance is in running state
[2024-09-27T18:22:16.304+0000] {logging_mixin.py:190} INFO -  Previous state of the Task instance: queued
[2024-09-27T18:22:16.320+0000] {logging_mixin.py:190} INFO - Current task name:create_company_table state:running start_date:2024-09-27 18:22:14.705902+00:00
[2024-09-27T18:22:16.322+0000] {logging_mixin.py:190} INFO - Dag name:scrape_and_save_share_prices_with_company_data and current dag run status:running
[2024-09-27T18:22:16.325+0000] {taskinstance.py:731} INFO - ::endgroup::
[2024-09-27T18:22:16.400+0000] {base.py:84} INFO - Retrieving connection 'dse_connection'
[2024-09-27T18:22:16.452+0000] {sql.py:509} INFO - Running statement: 
        CREATE TABLE IF NOT EXISTS company_list (
            company_id SERIAL PRIMARY KEY,
            company_trade_name VARCHAR(255) NOT NULL,
            company_url VARCHAR(255) NOT NULL,
            UNIQUE(company_trade_name)
        );
    , parameters: None
[2024-09-27T18:22:16.480+0000] {python.py:240} INFO - Done. Returned value was: None
[2024-09-27T18:22:16.545+0000] {taskinstance.py:340} INFO - ::group::Post task execution logs
[2024-09-27T18:22:16.554+0000] {taskinstance.py:352} INFO - Marking task as SUCCESS. dag_id=scrape_and_save_share_prices_with_company_data, task_id=create_company_table, run_id=scheduled__2023-11-30T00:00:00+00:00, execution_date=20231130T000000, start_date=20240927T182214, end_date=20240927T182216
[2024-09-27T18:22:17.010+0000] {logging_mixin.py:190} INFO - Task instance in success state
[2024-09-27T18:22:17.020+0000] {logging_mixin.py:190} INFO -  Previous state of the Task instance: running
[2024-09-27T18:22:17.022+0000] {logging_mixin.py:190} INFO - Dag name:scrape_and_save_share_prices_with_company_data queued_at:2024-09-27 18:21:31.345001+00:00
[2024-09-27T18:22:17.023+0000] {logging_mixin.py:190} INFO - Task hostname:13b5797a93ab operator:PythonOperator
[2024-09-27T18:22:17.151+0000] {local_task_job_runner.py:266} INFO - Task exited with return code 0
[2024-09-27T18:22:17.315+0000] {taskinstance.py:3900} INFO - 1 downstream tasks scheduled from follow-on schedule check
[2024-09-27T18:22:17.346+0000] {local_task_job_runner.py:245} INFO - ::endgroup::
[2024-09-27T22:11:32.370+0000] {local_task_job_runner.py:123} INFO - ::group::Pre task execution logs
[2024-09-27T22:11:32.442+0000] {taskinstance.py:2612} INFO - Dependencies all met for dep_context=non-requeueable deps ti=<TaskInstance: scrape_and_save_share_prices_with_company_data.create_company_table scheduled__2023-11-30T00:00:00+00:00 [queued]>
[2024-09-27T22:11:32.505+0000] {taskinstance.py:2612} INFO - Dependencies all met for dep_context=requeueable deps ti=<TaskInstance: scrape_and_save_share_prices_with_company_data.create_company_table scheduled__2023-11-30T00:00:00+00:00 [queued]>
[2024-09-27T22:11:32.506+0000] {taskinstance.py:2865} INFO - Starting attempt 1 of 2
[2024-09-27T22:11:32.544+0000] {taskinstance.py:2888} INFO - Executing <Task(PythonOperator): create_company_table> on 2023-11-30 00:00:00+00:00
[2024-09-27T22:11:32.576+0000] {warnings.py:112} WARNING - /home/***/.local/lib/python3.12/site-packages/***/task/task_runner/standard_task_runner.py:70: DeprecationWarning: This process (pid=1654) is multi-threaded, use of fork() may lead to deadlocks in the child.
  pid = os.fork()

[2024-09-27T22:11:32.584+0000] {standard_task_runner.py:72} INFO - Started process 1670 to run task
[2024-09-27T22:11:32.594+0000] {standard_task_runner.py:104} INFO - Running: ['***', 'tasks', 'run', 'scrape_and_save_share_prices_with_company_data', 'create_company_table', 'scheduled__2023-11-30T00:00:00+00:00', '--job-id', '2396', '--raw', '--subdir', 'DAGS_FOLDER/dag.py', '--cfg-path', '/tmp/tmp3ukb2ts_']
[2024-09-27T22:11:32.600+0000] {standard_task_runner.py:105} INFO - Job 2396: Subtask create_company_table
[2024-09-27T22:11:32.921+0000] {task_command.py:467} INFO - Running <TaskInstance: scrape_and_save_share_prices_with_company_data.create_company_table scheduled__2023-11-30T00:00:00+00:00 [running]> on host fd62fe12432d
[2024-09-27T22:11:33.686+0000] {taskinstance.py:3131} INFO - Exporting env vars: AIRFLOW_CTX_DAG_OWNER='***' AIRFLOW_CTX_DAG_ID='scrape_and_save_share_prices_with_company_data' AIRFLOW_CTX_TASK_ID='create_company_table' AIRFLOW_CTX_EXECUTION_DATE='2023-11-30T00:00:00+00:00' AIRFLOW_CTX_TRY_NUMBER='1' AIRFLOW_CTX_DAG_RUN_ID='scheduled__2023-11-30T00:00:00+00:00'
[2024-09-27T22:11:33.690+0000] {logging_mixin.py:190} INFO - Task instance is in running state
[2024-09-27T22:11:33.719+0000] {logging_mixin.py:190} INFO -  Previous state of the Task instance: queued
[2024-09-27T22:11:33.720+0000] {logging_mixin.py:190} INFO - Current task name:create_company_table state:running start_date:2024-09-27 22:11:32.447755+00:00
[2024-09-27T22:11:33.722+0000] {logging_mixin.py:190} INFO - Dag name:scrape_and_save_share_prices_with_company_data and current dag run status:running
[2024-09-27T22:11:33.724+0000] {taskinstance.py:731} INFO - ::endgroup::
[2024-09-27T22:11:33.788+0000] {base.py:84} INFO - Retrieving connection 'dse_connection'
[2024-09-27T22:11:33.830+0000] {sql.py:509} INFO - Running statement: 
        CREATE TABLE IF NOT EXISTS company_list (
            company_id SERIAL PRIMARY KEY,
            company_trade_name VARCHAR(255) NOT NULL,
            company_url VARCHAR(255) NOT NULL,
            UNIQUE(company_trade_name)
        );
    , parameters: None
[2024-09-27T22:11:33.857+0000] {python.py:240} INFO - Done. Returned value was: None
[2024-09-27T22:11:33.915+0000] {taskinstance.py:340} INFO - ::group::Post task execution logs
[2024-09-27T22:11:33.918+0000] {taskinstance.py:352} INFO - Marking task as SUCCESS. dag_id=scrape_and_save_share_prices_with_company_data, task_id=create_company_table, run_id=scheduled__2023-11-30T00:00:00+00:00, execution_date=20231130T000000, start_date=20240927T221132, end_date=20240927T221133
[2024-09-27T22:11:33.982+0000] {logging_mixin.py:190} INFO - Task instance in success state
[2024-09-27T22:11:33.984+0000] {logging_mixin.py:190} INFO -  Previous state of the Task instance: running
[2024-09-27T22:11:33.987+0000] {logging_mixin.py:190} INFO - Dag name:scrape_and_save_share_prices_with_company_data queued_at:2024-09-27 22:11:23.341042+00:00
[2024-09-27T22:11:34.003+0000] {logging_mixin.py:190} INFO - Task hostname:fd62fe12432d operator:PythonOperator
[2024-09-27T22:11:34.083+0000] {local_task_job_runner.py:266} INFO - Task exited with return code 0
[2024-09-27T22:11:34.156+0000] {local_task_job_runner.py:245} INFO - ::endgroup::
[2024-09-27T22:50:26.775+0000] {local_task_job_runner.py:123} INFO - ::group::Pre task execution logs
[2024-09-27T22:50:26.950+0000] {taskinstance.py:2612} INFO - Dependencies all met for dep_context=non-requeueable deps ti=<TaskInstance: scrape_and_save_share_prices_with_company_data.create_company_table scheduled__2023-11-30T00:00:00+00:00 [queued]>
[2024-09-27T22:50:27.021+0000] {taskinstance.py:2612} INFO - Dependencies all met for dep_context=requeueable deps ti=<TaskInstance: scrape_and_save_share_prices_with_company_data.create_company_table scheduled__2023-11-30T00:00:00+00:00 [queued]>
[2024-09-27T22:50:27.027+0000] {taskinstance.py:2865} INFO - Starting attempt 1 of 2
[2024-09-27T22:50:27.131+0000] {taskinstance.py:2888} INFO - Executing <Task(PythonOperator): create_company_table> on 2023-11-30 00:00:00+00:00
[2024-09-27T22:50:27.186+0000] {warnings.py:112} WARNING - /home/***/.local/lib/python3.12/site-packages/***/task/task_runner/standard_task_runner.py:70: DeprecationWarning: This process (pid=1283) is multi-threaded, use of fork() may lead to deadlocks in the child.
  pid = os.fork()

[2024-09-27T22:50:27.228+0000] {standard_task_runner.py:72} INFO - Started process 1317 to run task
[2024-09-27T22:50:27.231+0000] {standard_task_runner.py:104} INFO - Running: ['***', 'tasks', 'run', 'scrape_and_save_share_prices_with_company_data', 'create_company_table', 'scheduled__2023-11-30T00:00:00+00:00', '--job-id', '2841', '--raw', '--subdir', 'DAGS_FOLDER/dag.py', '--cfg-path', '/tmp/tmp6wqr_3yy']
[2024-09-27T22:50:27.252+0000] {standard_task_runner.py:105} INFO - Job 2841: Subtask create_company_table
[2024-09-27T22:50:27.584+0000] {task_command.py:467} INFO - Running <TaskInstance: scrape_and_save_share_prices_with_company_data.create_company_table scheduled__2023-11-30T00:00:00+00:00 [running]> on host 7746de5121f6
[2024-09-27T22:50:28.168+0000] {taskinstance.py:3131} INFO - Exporting env vars: AIRFLOW_CTX_DAG_OWNER='***' AIRFLOW_CTX_DAG_ID='scrape_and_save_share_prices_with_company_data' AIRFLOW_CTX_TASK_ID='create_company_table' AIRFLOW_CTX_EXECUTION_DATE='2023-11-30T00:00:00+00:00' AIRFLOW_CTX_TRY_NUMBER='1' AIRFLOW_CTX_DAG_RUN_ID='scheduled__2023-11-30T00:00:00+00:00'
[2024-09-27T22:50:28.174+0000] {logging_mixin.py:190} INFO - Task instance is in running state
[2024-09-27T22:50:28.177+0000] {logging_mixin.py:190} INFO -  Previous state of the Task instance: queued
[2024-09-27T22:50:28.178+0000] {logging_mixin.py:190} INFO - Current task name:create_company_table state:running start_date:2024-09-27 22:50:26.952718+00:00
[2024-09-27T22:50:28.180+0000] {logging_mixin.py:190} INFO - Dag name:scrape_and_save_share_prices_with_company_data and current dag run status:running
[2024-09-27T22:50:28.181+0000] {taskinstance.py:731} INFO - ::endgroup::
[2024-09-27T22:50:28.210+0000] {base.py:84} INFO - Retrieving connection 'dse_connection'
[2024-09-27T22:50:28.239+0000] {sql.py:509} INFO - Running statement: 
        CREATE TABLE IF NOT EXISTS company_list (
            company_id SERIAL PRIMARY KEY,
            company_trade_name VARCHAR(255) NOT NULL,
            company_url VARCHAR(255) NOT NULL,
            UNIQUE(company_trade_name)
        );
    , parameters: None
[2024-09-27T22:50:28.242+0000] {python.py:240} INFO - Done. Returned value was: None
[2024-09-27T22:50:28.292+0000] {taskinstance.py:340} INFO - ::group::Post task execution logs
[2024-09-27T22:50:28.307+0000] {taskinstance.py:352} INFO - Marking task as SUCCESS. dag_id=scrape_and_save_share_prices_with_company_data, task_id=create_company_table, run_id=scheduled__2023-11-30T00:00:00+00:00, execution_date=20231130T000000, start_date=20240927T225026, end_date=20240927T225028
[2024-09-27T22:50:28.360+0000] {logging_mixin.py:190} INFO - Task instance in success state
[2024-09-27T22:50:28.361+0000] {logging_mixin.py:190} INFO -  Previous state of the Task instance: running
[2024-09-27T22:50:28.363+0000] {logging_mixin.py:190} INFO - Dag name:scrape_and_save_share_prices_with_company_data queued_at:2024-09-27 22:50:13.229830+00:00
[2024-09-27T22:50:28.364+0000] {logging_mixin.py:190} INFO - Task hostname:7746de5121f6 operator:PythonOperator
[2024-09-27T22:50:28.404+0000] {local_task_job_runner.py:266} INFO - Task exited with return code 0
[2024-09-27T22:50:28.493+0000] {taskinstance.py:3900} INFO - 1 downstream tasks scheduled from follow-on schedule check
[2024-09-27T22:50:28.507+0000] {local_task_job_runner.py:245} INFO - ::endgroup::
