[2024-09-27T18:07:27.938+0000] {local_task_job_runner.py:123} INFO - ::group::Pre task execution logs
[2024-09-27T18:07:28.065+0000] {taskinstance.py:2612} INFO - Dependencies all met for dep_context=non-requeueable deps ti=<TaskInstance: scrape_and_save_share_prices_with_company_data.create_company_table scheduled__2023-09-29T00:00:00+00:00 [queued]>
[2024-09-27T18:07:28.158+0000] {taskinstance.py:2612} INFO - Dependencies all met for dep_context=requeueable deps ti=<TaskInstance: scrape_and_save_share_prices_with_company_data.create_company_table scheduled__2023-09-29T00:00:00+00:00 [queued]>
[2024-09-27T18:07:28.164+0000] {taskinstance.py:2865} INFO - Starting attempt 1 of 2
[2024-09-27T18:07:30.051+0000] {taskinstance.py:2888} INFO - Executing <Task(PythonOperator): create_company_table> on 2023-09-29 00:00:00+00:00
[2024-09-27T18:07:30.437+0000] {warnings.py:112} WARNING - /home/***/.local/lib/python3.12/site-packages/***/task/task_runner/standard_task_runner.py:70: DeprecationWarning: This process (pid=11712) is multi-threaded, use of fork() may lead to deadlocks in the child.
  pid = os.fork()

[2024-09-27T18:07:30.958+0000] {standard_task_runner.py:72} INFO - Started process 11752 to run task
[2024-09-27T18:07:30.955+0000] {standard_task_runner.py:104} INFO - Running: ['***', 'tasks', 'run', 'scrape_and_save_share_prices_with_company_data', 'create_company_table', 'scheduled__2023-09-29T00:00:00+00:00', '--job-id', '1091', '--raw', '--subdir', 'DAGS_FOLDER/dag.py', '--cfg-path', '/tmp/tmp33x77rat']
[2024-09-27T18:07:30.987+0000] {standard_task_runner.py:105} INFO - Job 1091: Subtask create_company_table
[2024-09-27T18:07:32.347+0000] {task_command.py:467} INFO - Running <TaskInstance: scrape_and_save_share_prices_with_company_data.create_company_table scheduled__2023-09-29T00:00:00+00:00 [running]> on host 13b5797a93ab
[2024-09-27T18:07:33.530+0000] {taskinstance.py:3131} INFO - Exporting env vars: AIRFLOW_CTX_DAG_OWNER='***' AIRFLOW_CTX_DAG_ID='scrape_and_save_share_prices_with_company_data' AIRFLOW_CTX_TASK_ID='create_company_table' AIRFLOW_CTX_EXECUTION_DATE='2023-09-29T00:00:00+00:00' AIRFLOW_CTX_TRY_NUMBER='1' AIRFLOW_CTX_DAG_RUN_ID='scheduled__2023-09-29T00:00:00+00:00'
[2024-09-27T18:07:33.566+0000] {logging_mixin.py:190} INFO - Task instance is in running state
[2024-09-27T18:07:33.577+0000] {logging_mixin.py:190} INFO -  Previous state of the Task instance: queued
[2024-09-27T18:07:33.578+0000] {logging_mixin.py:190} INFO - Current task name:create_company_table state:running start_date:2024-09-27 18:07:28.085098+00:00
[2024-09-27T18:07:33.580+0000] {logging_mixin.py:190} INFO - Dag name:scrape_and_save_share_prices_with_company_data and current dag run status:running
[2024-09-27T18:07:33.581+0000] {taskinstance.py:731} INFO - ::endgroup::
[2024-09-27T18:07:33.625+0000] {base.py:84} INFO - Retrieving connection 'dse_connection'
[2024-09-27T18:07:33.744+0000] {sql.py:509} INFO - Running statement: 
        CREATE TABLE IF NOT EXISTS company_list (
            company_id SERIAL PRIMARY KEY,
            company_trade_name VARCHAR(255) NOT NULL,
            company_url VARCHAR(255) NOT NULL,
            UNIQUE(company_trade_name)
        );
    , parameters: None
[2024-09-27T18:07:33.949+0000] {logging_mixin.py:190} INFO - Error creating company table: duplicate key value violates unique constraint "pg_type_typname_nsp_index"
DETAIL:  Key (typname, typnamespace)=(company_list_company_id_seq, 2200) already exists.
[2024-09-27T18:07:33.952+0000] {python.py:240} INFO - Done. Returned value was: None
[2024-09-27T18:07:34.042+0000] {taskinstance.py:340} INFO - ::group::Post task execution logs
[2024-09-27T18:07:34.070+0000] {taskinstance.py:352} INFO - Marking task as SUCCESS. dag_id=scrape_and_save_share_prices_with_company_data, task_id=create_company_table, run_id=scheduled__2023-09-29T00:00:00+00:00, execution_date=20230929T000000, start_date=20240927T180728, end_date=20240927T180734
[2024-09-27T18:07:34.215+0000] {logging_mixin.py:190} INFO - Task instance in success state
[2024-09-27T18:07:34.217+0000] {logging_mixin.py:190} INFO -  Previous state of the Task instance: running
[2024-09-27T18:07:34.224+0000] {logging_mixin.py:190} INFO - Dag name:scrape_and_save_share_prices_with_company_data queued_at:2024-09-27 18:06:50.424378+00:00
[2024-09-27T18:07:34.226+0000] {logging_mixin.py:190} INFO - Task hostname:13b5797a93ab operator:PythonOperator
[2024-09-27T18:07:34.316+0000] {local_task_job_runner.py:266} INFO - Task exited with return code 0
[2024-09-27T18:07:34.503+0000] {taskinstance.py:3900} INFO - 1 downstream tasks scheduled from follow-on schedule check
[2024-09-27T18:07:34.522+0000] {local_task_job_runner.py:245} INFO - ::endgroup::
[2024-09-27T21:51:18.524+0000] {local_task_job_runner.py:123} INFO - ::group::Pre task execution logs
[2024-09-27T21:51:18.656+0000] {taskinstance.py:2612} INFO - Dependencies all met for dep_context=non-requeueable deps ti=<TaskInstance: scrape_and_save_share_prices_with_company_data.create_company_table scheduled__2023-09-29T00:00:00+00:00 [queued]>
[2024-09-27T21:51:18.720+0000] {taskinstance.py:2612} INFO - Dependencies all met for dep_context=requeueable deps ti=<TaskInstance: scrape_and_save_share_prices_with_company_data.create_company_table scheduled__2023-09-29T00:00:00+00:00 [queued]>
[2024-09-27T21:51:18.723+0000] {taskinstance.py:2865} INFO - Starting attempt 1 of 2
[2024-09-27T21:51:19.365+0000] {taskinstance.py:2888} INFO - Executing <Task(PythonOperator): create_company_table> on 2023-09-29 00:00:00+00:00
[2024-09-27T21:51:19.385+0000] {warnings.py:112} WARNING - /home/***/.local/lib/python3.12/site-packages/***/task/task_runner/standard_task_runner.py:70: DeprecationWarning: This process (pid=386) is multi-threaded, use of fork() may lead to deadlocks in the child.
  pid = os.fork()

[2024-09-27T21:51:19.391+0000] {standard_task_runner.py:104} INFO - Running: ['***', 'tasks', 'run', 'scrape_and_save_share_prices_with_company_data', 'create_company_table', 'scheduled__2023-09-29T00:00:00+00:00', '--job-id', '2131', '--raw', '--subdir', 'DAGS_FOLDER/dag.py', '--cfg-path', '/tmp/tmpemvfxd94']
[2024-09-27T21:51:19.401+0000] {standard_task_runner.py:72} INFO - Started process 425 to run task
[2024-09-27T21:51:19.409+0000] {standard_task_runner.py:105} INFO - Job 2131: Subtask create_company_table
[2024-09-27T21:51:20.208+0000] {task_command.py:467} INFO - Running <TaskInstance: scrape_and_save_share_prices_with_company_data.create_company_table scheduled__2023-09-29T00:00:00+00:00 [running]> on host fd62fe12432d
[2024-09-27T21:51:21.511+0000] {taskinstance.py:3131} INFO - Exporting env vars: AIRFLOW_CTX_DAG_OWNER='***' AIRFLOW_CTX_DAG_ID='scrape_and_save_share_prices_with_company_data' AIRFLOW_CTX_TASK_ID='create_company_table' AIRFLOW_CTX_EXECUTION_DATE='2023-09-29T00:00:00+00:00' AIRFLOW_CTX_TRY_NUMBER='1' AIRFLOW_CTX_DAG_RUN_ID='scheduled__2023-09-29T00:00:00+00:00'
[2024-09-27T21:51:21.549+0000] {logging_mixin.py:190} INFO - Task instance is in running state
[2024-09-27T21:51:21.553+0000] {logging_mixin.py:190} INFO -  Previous state of the Task instance: queued
[2024-09-27T21:51:21.555+0000] {logging_mixin.py:190} INFO - Current task name:create_company_table state:running start_date:2024-09-27 21:51:18.659089+00:00
[2024-09-27T21:51:21.557+0000] {logging_mixin.py:190} INFO - Dag name:scrape_and_save_share_prices_with_company_data and current dag run status:running
[2024-09-27T21:51:21.558+0000] {taskinstance.py:731} INFO - ::endgroup::
[2024-09-27T21:51:21.592+0000] {base.py:84} INFO - Retrieving connection 'dse_connection'
[2024-09-27T21:51:32.967+0000] {job.py:229} INFO - Heartbeat recovered after 14.94 seconds
[2024-09-27T21:51:42.654+0000] {logging_mixin.py:190} INFO - Error creating company table: connection to server at "172.23.0.3", port 5432 failed: Connection refused
	Is the server running on that host and accepting TCP/IP connections?
[2024-09-27T21:51:42.655+0000] {python.py:240} INFO - Done. Returned value was: None
[2024-09-27T21:51:51.987+0000] {taskinstance.py:340} INFO - ::group::Post task execution logs
[2024-09-27T21:51:51.990+0000] {taskinstance.py:352} INFO - Marking task as SUCCESS. dag_id=scrape_and_save_share_prices_with_company_data, task_id=create_company_table, run_id=scheduled__2023-09-29T00:00:00+00:00, execution_date=20230929T000000, start_date=20240927T215118, end_date=20240927T215151
[2024-09-27T21:51:52.082+0000] {logging_mixin.py:190} INFO - Task instance in success state
[2024-09-27T21:51:52.091+0000] {logging_mixin.py:190} INFO -  Previous state of the Task instance: running
[2024-09-27T21:51:52.094+0000] {logging_mixin.py:190} INFO - Dag name:scrape_and_save_share_prices_with_company_data queued_at:2024-09-27 21:50:59.645606+00:00
[2024-09-27T21:51:52.100+0000] {logging_mixin.py:190} INFO - Task hostname:fd62fe12432d operator:PythonOperator
[2024-09-27T21:51:52.151+0000] {local_task_job_runner.py:266} INFO - Task exited with return code 0
[2024-09-27T21:51:52.261+0000] {taskinstance.py:3900} INFO - 1 downstream tasks scheduled from follow-on schedule check
[2024-09-27T21:51:52.292+0000] {local_task_job_runner.py:245} INFO - ::endgroup::
[2024-09-27T22:34:49.557+0000] {local_task_job_runner.py:123} INFO - ::group::Pre task execution logs
[2024-09-27T22:34:49.746+0000] {taskinstance.py:2612} INFO - Dependencies all met for dep_context=non-requeueable deps ti=<TaskInstance: scrape_and_save_share_prices_with_company_data.create_company_table scheduled__2023-09-29T00:00:00+00:00 [queued]>
[2024-09-27T22:34:49.815+0000] {taskinstance.py:2612} INFO - Dependencies all met for dep_context=requeueable deps ti=<TaskInstance: scrape_and_save_share_prices_with_company_data.create_company_table scheduled__2023-09-29T00:00:00+00:00 [queued]>
[2024-09-27T22:34:49.830+0000] {taskinstance.py:2865} INFO - Starting attempt 1 of 2
[2024-09-27T22:34:49.952+0000] {taskinstance.py:2888} INFO - Executing <Task(PythonOperator): create_company_table> on 2023-09-29 00:00:00+00:00
[2024-09-27T22:34:49.993+0000] {warnings.py:112} WARNING - /home/***/.local/lib/python3.12/site-packages/***/task/task_runner/standard_task_runner.py:70: DeprecationWarning: This process (pid=186) is multi-threaded, use of fork() may lead to deadlocks in the child.
  pid = os.fork()

[2024-09-27T22:34:50.010+0000] {standard_task_runner.py:72} INFO - Started process 224 to run task
[2024-09-27T22:34:50.015+0000] {standard_task_runner.py:104} INFO - Running: ['***', 'tasks', 'run', 'scrape_and_save_share_prices_with_company_data', 'create_company_table', 'scheduled__2023-09-29T00:00:00+00:00', '--job-id', '2599', '--raw', '--subdir', 'DAGS_FOLDER/dag.py', '--cfg-path', '/tmp/tmp1gi_f926']
[2024-09-27T22:34:50.027+0000] {standard_task_runner.py:105} INFO - Job 2599: Subtask create_company_table
[2024-09-27T22:34:50.310+0000] {task_command.py:467} INFO - Running <TaskInstance: scrape_and_save_share_prices_with_company_data.create_company_table scheduled__2023-09-29T00:00:00+00:00 [running]> on host 7746de5121f6
[2024-09-27T22:34:50.844+0000] {taskinstance.py:3131} INFO - Exporting env vars: AIRFLOW_CTX_DAG_OWNER='***' AIRFLOW_CTX_DAG_ID='scrape_and_save_share_prices_with_company_data' AIRFLOW_CTX_TASK_ID='create_company_table' AIRFLOW_CTX_EXECUTION_DATE='2023-09-29T00:00:00+00:00' AIRFLOW_CTX_TRY_NUMBER='1' AIRFLOW_CTX_DAG_RUN_ID='scheduled__2023-09-29T00:00:00+00:00'
[2024-09-27T22:34:50.847+0000] {logging_mixin.py:190} INFO - Task instance is in running state
[2024-09-27T22:34:50.850+0000] {logging_mixin.py:190} INFO -  Previous state of the Task instance: queued
[2024-09-27T22:34:50.852+0000] {logging_mixin.py:190} INFO - Current task name:create_company_table state:running start_date:2024-09-27 22:34:49.754289+00:00
[2024-09-27T22:34:50.853+0000] {logging_mixin.py:190} INFO - Dag name:scrape_and_save_share_prices_with_company_data and current dag run status:running
[2024-09-27T22:34:50.860+0000] {taskinstance.py:731} INFO - ::endgroup::
[2024-09-27T22:34:50.928+0000] {base.py:84} INFO - Retrieving connection 'dse_connection'
[2024-09-27T22:34:50.941+0000] {sql.py:509} INFO - Running statement: 
        CREATE TABLE IF NOT EXISTS company_list (
            company_id SERIAL PRIMARY KEY,
            company_trade_name VARCHAR(255) NOT NULL,
            company_url VARCHAR(255) NOT NULL,
            UNIQUE(company_trade_name)
        );
    , parameters: None
[2024-09-27T22:34:50.944+0000] {python.py:240} INFO - Done. Returned value was: None
[2024-09-27T22:34:51.010+0000] {taskinstance.py:340} INFO - ::group::Post task execution logs
[2024-09-27T22:34:51.019+0000] {taskinstance.py:352} INFO - Marking task as SUCCESS. dag_id=scrape_and_save_share_prices_with_company_data, task_id=create_company_table, run_id=scheduled__2023-09-29T00:00:00+00:00, execution_date=20230929T000000, start_date=20240927T223449, end_date=20240927T223451
[2024-09-27T22:34:51.208+0000] {logging_mixin.py:190} INFO - Task instance in success state
[2024-09-27T22:34:51.229+0000] {logging_mixin.py:190} INFO -  Previous state of the Task instance: running
[2024-09-27T22:34:51.242+0000] {logging_mixin.py:190} INFO - Dag name:scrape_and_save_share_prices_with_company_data queued_at:2024-09-27 22:34:36.303477+00:00
[2024-09-27T22:34:51.261+0000] {logging_mixin.py:190} INFO - Task hostname:7746de5121f6 operator:PythonOperator
[2024-09-27T22:34:51.343+0000] {local_task_job_runner.py:266} INFO - Task exited with return code 0
[2024-09-27T22:34:51.403+0000] {local_task_job_runner.py:245} INFO - ::endgroup::
