[2024-09-27T19:03:19.756+0000] {local_task_job_runner.py:123} INFO - ::group::Pre task execution logs
[2024-09-27T19:03:19.796+0000] {taskinstance.py:2612} INFO - Dependencies all met for dep_context=non-requeueable deps ti=<TaskInstance: scrape_and_save_share_prices_with_company_data.create_company_table scheduled__2024-03-24T00:00:00+00:00 [queued]>
[2024-09-27T19:03:19.821+0000] {taskinstance.py:2612} INFO - Dependencies all met for dep_context=requeueable deps ti=<TaskInstance: scrape_and_save_share_prices_with_company_data.create_company_table scheduled__2024-03-24T00:00:00+00:00 [queued]>
[2024-09-27T19:03:19.825+0000] {taskinstance.py:2865} INFO - Starting attempt 1 of 2
[2024-09-27T19:03:19.863+0000] {taskinstance.py:2888} INFO - Executing <Task(PythonOperator): create_company_table> on 2024-03-24 00:00:00+00:00
[2024-09-27T19:03:19.876+0000] {warnings.py:112} WARNING - /home/***/.local/lib/python3.12/site-packages/***/task/task_runner/standard_task_runner.py:70: DeprecationWarning: This process (pid=15617) is multi-threaded, use of fork() may lead to deadlocks in the child.
  pid = os.fork()

[2024-09-27T19:03:19.879+0000] {standard_task_runner.py:72} INFO - Started process 15631 to run task
[2024-09-27T19:03:19.881+0000] {standard_task_runner.py:104} INFO - Running: ['***', 'tasks', 'run', 'scrape_and_save_share_prices_with_company_data', 'create_company_table', 'scheduled__2024-03-24T00:00:00+00:00', '--job-id', '1920', '--raw', '--subdir', 'DAGS_FOLDER/dag.py', '--cfg-path', '/tmp/tmpigc_jts8']
[2024-09-27T19:03:19.894+0000] {standard_task_runner.py:105} INFO - Job 1920: Subtask create_company_table
[2024-09-27T19:03:20.029+0000] {task_command.py:467} INFO - Running <TaskInstance: scrape_and_save_share_prices_with_company_data.create_company_table scheduled__2024-03-24T00:00:00+00:00 [running]> on host 13b5797a93ab
[2024-09-27T19:03:20.286+0000] {taskinstance.py:3131} INFO - Exporting env vars: AIRFLOW_CTX_DAG_OWNER='***' AIRFLOW_CTX_DAG_ID='scrape_and_save_share_prices_with_company_data' AIRFLOW_CTX_TASK_ID='create_company_table' AIRFLOW_CTX_EXECUTION_DATE='2024-03-24T00:00:00+00:00' AIRFLOW_CTX_TRY_NUMBER='1' AIRFLOW_CTX_DAG_RUN_ID='scheduled__2024-03-24T00:00:00+00:00'
[2024-09-27T19:03:20.288+0000] {logging_mixin.py:190} INFO - Task instance is in running state
[2024-09-27T19:03:20.292+0000] {logging_mixin.py:190} INFO -  Previous state of the Task instance: queued
[2024-09-27T19:03:20.295+0000] {logging_mixin.py:190} INFO - Current task name:create_company_table state:running start_date:2024-09-27 19:03:19.797420+00:00
[2024-09-27T19:03:20.298+0000] {logging_mixin.py:190} INFO - Dag name:scrape_and_save_share_prices_with_company_data and current dag run status:running
[2024-09-27T19:03:20.299+0000] {taskinstance.py:731} INFO - ::endgroup::
[2024-09-27T19:03:20.325+0000] {base.py:84} INFO - Retrieving connection 'dse_connection'
[2024-09-27T19:03:20.340+0000] {sql.py:509} INFO - Running statement: 
        CREATE TABLE IF NOT EXISTS company_list (
            company_id SERIAL PRIMARY KEY,
            company_trade_name VARCHAR(255) NOT NULL,
            company_url VARCHAR(255) NOT NULL,
            UNIQUE(company_trade_name)
        );
    , parameters: None
[2024-09-27T19:03:20.343+0000] {python.py:240} INFO - Done. Returned value was: None
[2024-09-27T19:03:20.369+0000] {taskinstance.py:340} INFO - ::group::Post task execution logs
[2024-09-27T19:03:20.375+0000] {taskinstance.py:352} INFO - Marking task as SUCCESS. dag_id=scrape_and_save_share_prices_with_company_data, task_id=create_company_table, run_id=scheduled__2024-03-24T00:00:00+00:00, execution_date=20240324T000000, start_date=20240927T190319, end_date=20240927T190320
[2024-09-27T19:03:20.723+0000] {logging_mixin.py:190} INFO - Task instance in success state
[2024-09-27T19:03:20.724+0000] {logging_mixin.py:190} INFO -  Previous state of the Task instance: running
[2024-09-27T19:03:20.725+0000] {logging_mixin.py:190} INFO - Dag name:scrape_and_save_share_prices_with_company_data queued_at:2024-09-27 19:03:14.390763+00:00
[2024-09-27T19:03:20.726+0000] {logging_mixin.py:190} INFO - Task hostname:13b5797a93ab operator:PythonOperator
[2024-09-27T19:03:20.759+0000] {local_task_job_runner.py:266} INFO - Task exited with return code 0
[2024-09-27T19:03:20.838+0000] {taskinstance.py:3900} INFO - 1 downstream tasks scheduled from follow-on schedule check
[2024-09-27T19:03:20.842+0000] {local_task_job_runner.py:245} INFO - ::endgroup::
[2024-09-27T23:11:28.926+0000] {local_task_job_runner.py:123} INFO - ::group::Pre task execution logs
[2024-09-27T23:11:29.068+0000] {taskinstance.py:2612} INFO - Dependencies all met for dep_context=non-requeueable deps ti=<TaskInstance: scrape_and_save_share_prices_with_company_data.create_company_table scheduled__2024-03-24T00:00:00+00:00 [queued]>
[2024-09-27T23:11:29.129+0000] {taskinstance.py:2612} INFO - Dependencies all met for dep_context=requeueable deps ti=<TaskInstance: scrape_and_save_share_prices_with_company_data.create_company_table scheduled__2024-03-24T00:00:00+00:00 [queued]>
[2024-09-27T23:11:29.137+0000] {taskinstance.py:2865} INFO - Starting attempt 1 of 2
[2024-09-27T23:11:29.261+0000] {taskinstance.py:2888} INFO - Executing <Task(PythonOperator): create_company_table> on 2024-03-24 00:00:00+00:00
[2024-09-27T23:11:29.280+0000] {warnings.py:112} WARNING - /home/***/.local/lib/python3.12/site-packages/***/task/task_runner/standard_task_runner.py:70: DeprecationWarning: This process (pid=3358) is multi-threaded, use of fork() may lead to deadlocks in the child.
  pid = os.fork()

[2024-09-27T23:11:29.283+0000] {standard_task_runner.py:72} INFO - Started process 3392 to run task
[2024-09-27T23:11:29.297+0000] {standard_task_runner.py:104} INFO - Running: ['***', 'tasks', 'run', 'scrape_and_save_share_prices_with_company_data', 'create_company_table', 'scheduled__2024-03-24T00:00:00+00:00', '--job-id', '3305', '--raw', '--subdir', 'DAGS_FOLDER/dag.py', '--cfg-path', '/tmp/tmpe44svgz2']
[2024-09-27T23:11:29.320+0000] {standard_task_runner.py:105} INFO - Job 3305: Subtask create_company_table
[2024-09-27T23:11:29.498+0000] {task_command.py:467} INFO - Running <TaskInstance: scrape_and_save_share_prices_with_company_data.create_company_table scheduled__2024-03-24T00:00:00+00:00 [running]> on host 7746de5121f6
[2024-09-27T23:11:29.727+0000] {taskinstance.py:3131} INFO - Exporting env vars: AIRFLOW_CTX_DAG_OWNER='***' AIRFLOW_CTX_DAG_ID='scrape_and_save_share_prices_with_company_data' AIRFLOW_CTX_TASK_ID='create_company_table' AIRFLOW_CTX_EXECUTION_DATE='2024-03-24T00:00:00+00:00' AIRFLOW_CTX_TRY_NUMBER='1' AIRFLOW_CTX_DAG_RUN_ID='scheduled__2024-03-24T00:00:00+00:00'
[2024-09-27T23:11:29.731+0000] {logging_mixin.py:190} INFO - Task instance is in running state
[2024-09-27T23:11:29.732+0000] {logging_mixin.py:190} INFO -  Previous state of the Task instance: queued
[2024-09-27T23:11:29.733+0000] {logging_mixin.py:190} INFO - Current task name:create_company_table state:running start_date:2024-09-27 23:11:29.090061+00:00
[2024-09-27T23:11:29.734+0000] {logging_mixin.py:190} INFO - Dag name:scrape_and_save_share_prices_with_company_data and current dag run status:running
[2024-09-27T23:11:29.737+0000] {taskinstance.py:731} INFO - ::endgroup::
[2024-09-27T23:11:29.790+0000] {base.py:84} INFO - Retrieving connection 'dse_connection'
[2024-09-27T23:11:29.807+0000] {sql.py:509} INFO - Running statement: 
        CREATE TABLE IF NOT EXISTS company_list (
            company_id SERIAL PRIMARY KEY,
            company_trade_name VARCHAR(255) NOT NULL,
            company_url VARCHAR(255) NOT NULL,
            UNIQUE(company_trade_name)
        );
    , parameters: None
[2024-09-27T23:11:29.817+0000] {python.py:240} INFO - Done. Returned value was: None
[2024-09-27T23:11:29.865+0000] {taskinstance.py:340} INFO - ::group::Post task execution logs
[2024-09-27T23:11:29.867+0000] {taskinstance.py:352} INFO - Marking task as SUCCESS. dag_id=scrape_and_save_share_prices_with_company_data, task_id=create_company_table, run_id=scheduled__2024-03-24T00:00:00+00:00, execution_date=20240324T000000, start_date=20240927T231129, end_date=20240927T231129
[2024-09-27T23:11:29.924+0000] {logging_mixin.py:190} INFO - Task instance in success state
[2024-09-27T23:11:29.925+0000] {logging_mixin.py:190} INFO -  Previous state of the Task instance: running
[2024-09-27T23:11:29.927+0000] {logging_mixin.py:190} INFO - Dag name:scrape_and_save_share_prices_with_company_data queued_at:2024-09-27 23:11:20.368287+00:00
[2024-09-27T23:11:29.940+0000] {logging_mixin.py:190} INFO - Task hostname:7746de5121f6 operator:PythonOperator
[2024-09-27T23:11:30.009+0000] {local_task_job_runner.py:266} INFO - Task exited with return code 0
[2024-09-27T23:11:30.048+0000] {local_task_job_runner.py:245} INFO - ::endgroup::
