[2024-09-27T18:55:29.455+0000] {local_task_job_runner.py:123} INFO - ::group::Pre task execution logs
[2024-09-27T18:55:29.524+0000] {taskinstance.py:2612} INFO - Dependencies all met for dep_context=non-requeueable deps ti=<TaskInstance: scrape_and_save_share_prices_with_company_data.create_share_prices_table scheduled__2024-03-09T00:00:00+00:00 [queued]>
[2024-09-27T18:55:29.551+0000] {taskinstance.py:2612} INFO - Dependencies all met for dep_context=requeueable deps ti=<TaskInstance: scrape_and_save_share_prices_with_company_data.create_share_prices_table scheduled__2024-03-09T00:00:00+00:00 [queued]>
[2024-09-27T18:55:29.552+0000] {taskinstance.py:2865} INFO - Starting attempt 1 of 2
[2024-09-27T18:55:29.595+0000] {taskinstance.py:2888} INFO - Executing <Task(PythonOperator): create_share_prices_table> on 2024-03-09 00:00:00+00:00
[2024-09-27T18:55:29.608+0000] {warnings.py:112} WARNING - /home/***/.local/lib/python3.12/site-packages/***/task/task_runner/standard_task_runner.py:70: DeprecationWarning: This process (pid=15173) is multi-threaded, use of fork() may lead to deadlocks in the child.
  pid = os.fork()

[2024-09-27T18:55:29.612+0000] {standard_task_runner.py:72} INFO - Started process 15193 to run task
[2024-09-27T18:55:29.617+0000] {standard_task_runner.py:104} INFO - Running: ['***', 'tasks', 'run', 'scrape_and_save_share_prices_with_company_data', 'create_share_prices_table', 'scheduled__2024-03-09T00:00:00+00:00', '--job-id', '1833', '--raw', '--subdir', 'DAGS_FOLDER/dag.py', '--cfg-path', '/tmp/tmpsfafs7gx']
[2024-09-27T18:55:29.622+0000] {standard_task_runner.py:105} INFO - Job 1833: Subtask create_share_prices_table
[2024-09-27T18:55:29.808+0000] {task_command.py:467} INFO - Running <TaskInstance: scrape_and_save_share_prices_with_company_data.create_share_prices_table scheduled__2024-03-09T00:00:00+00:00 [running]> on host 13b5797a93ab
[2024-09-27T18:55:30.033+0000] {taskinstance.py:3131} INFO - Exporting env vars: AIRFLOW_CTX_DAG_OWNER='***' AIRFLOW_CTX_DAG_ID='scrape_and_save_share_prices_with_company_data' AIRFLOW_CTX_TASK_ID='create_share_prices_table' AIRFLOW_CTX_EXECUTION_DATE='2024-03-09T00:00:00+00:00' AIRFLOW_CTX_TRY_NUMBER='1' AIRFLOW_CTX_DAG_RUN_ID='scheduled__2024-03-09T00:00:00+00:00'
[2024-09-27T18:55:30.036+0000] {logging_mixin.py:190} INFO - Task instance is in running state
[2024-09-27T18:55:30.038+0000] {logging_mixin.py:190} INFO -  Previous state of the Task instance: queued
[2024-09-27T18:55:30.040+0000] {logging_mixin.py:190} INFO - Current task name:create_share_prices_table state:running start_date:2024-09-27 18:55:29.525854+00:00
[2024-09-27T18:55:30.041+0000] {logging_mixin.py:190} INFO - Dag name:scrape_and_save_share_prices_with_company_data and current dag run status:running
[2024-09-27T18:55:30.041+0000] {taskinstance.py:731} INFO - ::endgroup::
[2024-09-27T18:55:30.065+0000] {base.py:84} INFO - Retrieving connection 'dse_connection'
[2024-09-27T18:55:30.074+0000] {sql.py:509} INFO - Running statement: 
        CREATE TABLE IF NOT EXISTS company_share_prices (
            id SERIAL,
            company_id INTEGER NOT NULL,
            date DATE,
            latest_trading_price VARCHAR(50),
            low_price VARCHAR(50),
            high_price VARCHAR(50),
            closing_price VARCHAR(50),
            ycp VARCHAR(50),
            change VARCHAR(10),
            trade VARCHAR(50),
            value VARCHAR(50),
            volume VARCHAR(50),
            PRIMARY KEY(company_id, id),
            FOREIGN KEY(company_id)
                REFERENCES company_list(company_id)
                ON UPDATE CASCADE ON DELETE CASCADE
        );
    , parameters: None
[2024-09-27T18:55:30.077+0000] {python.py:240} INFO - Done. Returned value was: None
[2024-09-27T18:55:30.101+0000] {taskinstance.py:340} INFO - ::group::Post task execution logs
[2024-09-27T18:55:30.102+0000] {taskinstance.py:352} INFO - Marking task as SUCCESS. dag_id=scrape_and_save_share_prices_with_company_data, task_id=create_share_prices_table, run_id=scheduled__2024-03-09T00:00:00+00:00, execution_date=20240309T000000, start_date=20240927T185529, end_date=20240927T185530
[2024-09-27T18:55:30.120+0000] {logging_mixin.py:190} INFO - Task instance in success state
[2024-09-27T18:55:30.121+0000] {logging_mixin.py:190} INFO -  Previous state of the Task instance: running
[2024-09-27T18:55:30.122+0000] {logging_mixin.py:190} INFO - Dag name:scrape_and_save_share_prices_with_company_data queued_at:2024-09-27 18:54:48.213374+00:00
[2024-09-27T18:55:30.123+0000] {logging_mixin.py:190} INFO - Task hostname:13b5797a93ab operator:PythonOperator
[2024-09-27T18:55:30.173+0000] {local_task_job_runner.py:266} INFO - Task exited with return code 0
[2024-09-27T18:55:30.237+0000] {taskinstance.py:3900} INFO - 1 downstream tasks scheduled from follow-on schedule check
[2024-09-27T18:55:30.241+0000] {local_task_job_runner.py:245} INFO - ::endgroup::
[2024-09-27T23:10:25.367+0000] {local_task_job_runner.py:123} INFO - ::group::Pre task execution logs
[2024-09-27T23:10:25.426+0000] {taskinstance.py:2612} INFO - Dependencies all met for dep_context=non-requeueable deps ti=<TaskInstance: scrape_and_save_share_prices_with_company_data.create_share_prices_table scheduled__2024-03-09T00:00:00+00:00 [queued]>
[2024-09-27T23:10:25.461+0000] {taskinstance.py:2612} INFO - Dependencies all met for dep_context=requeueable deps ti=<TaskInstance: scrape_and_save_share_prices_with_company_data.create_share_prices_table scheduled__2024-03-09T00:00:00+00:00 [queued]>
[2024-09-27T23:10:25.462+0000] {taskinstance.py:2865} INFO - Starting attempt 1 of 2
[2024-09-27T23:10:25.518+0000] {taskinstance.py:2888} INFO - Executing <Task(PythonOperator): create_share_prices_table> on 2024-03-09 00:00:00+00:00
[2024-09-27T23:10:25.550+0000] {warnings.py:112} WARNING - /home/***/.local/lib/python3.12/site-packages/***/task/task_runner/standard_task_runner.py:70: DeprecationWarning: This process (pid=3246) is multi-threaded, use of fork() may lead to deadlocks in the child.
  pid = os.fork()

[2024-09-27T23:10:25.574+0000] {standard_task_runner.py:72} INFO - Started process 3258 to run task
[2024-09-27T23:10:25.576+0000] {standard_task_runner.py:104} INFO - Running: ['***', 'tasks', 'run', 'scrape_and_save_share_prices_with_company_data', 'create_share_prices_table', 'scheduled__2024-03-09T00:00:00+00:00', '--job-id', '3275', '--raw', '--subdir', 'DAGS_FOLDER/dag.py', '--cfg-path', '/tmp/tmpsgypk6b_']
[2024-09-27T23:10:25.593+0000] {standard_task_runner.py:105} INFO - Job 3275: Subtask create_share_prices_table
[2024-09-27T23:10:25.840+0000] {task_command.py:467} INFO - Running <TaskInstance: scrape_and_save_share_prices_with_company_data.create_share_prices_table scheduled__2024-03-09T00:00:00+00:00 [running]> on host 7746de5121f6
[2024-09-27T23:10:26.081+0000] {taskinstance.py:3131} INFO - Exporting env vars: AIRFLOW_CTX_DAG_OWNER='***' AIRFLOW_CTX_DAG_ID='scrape_and_save_share_prices_with_company_data' AIRFLOW_CTX_TASK_ID='create_share_prices_table' AIRFLOW_CTX_EXECUTION_DATE='2024-03-09T00:00:00+00:00' AIRFLOW_CTX_TRY_NUMBER='1' AIRFLOW_CTX_DAG_RUN_ID='scheduled__2024-03-09T00:00:00+00:00'
[2024-09-27T23:10:26.087+0000] {logging_mixin.py:190} INFO - Task instance is in running state
[2024-09-27T23:10:26.089+0000] {logging_mixin.py:190} INFO -  Previous state of the Task instance: queued
[2024-09-27T23:10:26.097+0000] {logging_mixin.py:190} INFO - Current task name:create_share_prices_table state:running start_date:2024-09-27 23:10:25.428855+00:00
[2024-09-27T23:10:26.108+0000] {logging_mixin.py:190} INFO - Dag name:scrape_and_save_share_prices_with_company_data and current dag run status:running
[2024-09-27T23:10:26.120+0000] {taskinstance.py:731} INFO - ::endgroup::
[2024-09-27T23:10:26.145+0000] {base.py:84} INFO - Retrieving connection 'dse_connection'
[2024-09-27T23:10:26.154+0000] {sql.py:509} INFO - Running statement: 
        CREATE TABLE IF NOT EXISTS company_share_prices (
            id SERIAL,
            company_id INTEGER NOT NULL,
            date DATE,
            latest_trading_price VARCHAR(50),
            low_price VARCHAR(50),
            high_price VARCHAR(50),
            closing_price VARCHAR(50),
            ycp VARCHAR(50),
            change VARCHAR(10),
            trade VARCHAR(50),
            value VARCHAR(50),
            volume VARCHAR(50),
            PRIMARY KEY(company_id, id),
            FOREIGN KEY(company_id)
                REFERENCES company_list(company_id)
                ON UPDATE CASCADE ON DELETE CASCADE
        );
    , parameters: None
[2024-09-27T23:10:26.160+0000] {python.py:240} INFO - Done. Returned value was: None
[2024-09-27T23:10:26.180+0000] {taskinstance.py:340} INFO - ::group::Post task execution logs
[2024-09-27T23:10:26.182+0000] {taskinstance.py:352} INFO - Marking task as SUCCESS. dag_id=scrape_and_save_share_prices_with_company_data, task_id=create_share_prices_table, run_id=scheduled__2024-03-09T00:00:00+00:00, execution_date=20240309T000000, start_date=20240927T231025, end_date=20240927T231026
[2024-09-27T23:10:26.210+0000] {logging_mixin.py:190} INFO - Task instance in success state
[2024-09-27T23:10:26.212+0000] {logging_mixin.py:190} INFO -  Previous state of the Task instance: running
[2024-09-27T23:10:26.213+0000] {logging_mixin.py:190} INFO - Dag name:scrape_and_save_share_prices_with_company_data queued_at:2024-09-27 23:09:19.918401+00:00
[2024-09-27T23:10:26.214+0000] {logging_mixin.py:190} INFO - Task hostname:7746de5121f6 operator:PythonOperator
[2024-09-27T23:10:26.285+0000] {local_task_job_runner.py:266} INFO - Task exited with return code 0
[2024-09-27T23:10:26.352+0000] {taskinstance.py:3900} INFO - 1 downstream tasks scheduled from follow-on schedule check
[2024-09-27T23:10:26.360+0000] {local_task_job_runner.py:245} INFO - ::endgroup::
