[2024-09-27T18:30:30.140+0000] {local_task_job_runner.py:123} INFO - ::group::Pre task execution logs
[2024-09-27T18:30:30.219+0000] {taskinstance.py:2612} INFO - Dependencies all met for dep_context=non-requeueable deps ti=<TaskInstance: scrape_and_save_share_prices_with_company_data.create_share_prices_table scheduled__2023-12-29T00:00:00+00:00 [queued]>
[2024-09-27T18:30:30.240+0000] {taskinstance.py:2612} INFO - Dependencies all met for dep_context=requeueable deps ti=<TaskInstance: scrape_and_save_share_prices_with_company_data.create_share_prices_table scheduled__2023-12-29T00:00:00+00:00 [queued]>
[2024-09-27T18:30:30.242+0000] {taskinstance.py:2865} INFO - Starting attempt 1 of 2
[2024-09-27T18:30:30.282+0000] {taskinstance.py:2888} INFO - Executing <Task(PythonOperator): create_share_prices_table> on 2023-12-29 00:00:00+00:00
[2024-09-27T18:30:30.297+0000] {warnings.py:112} WARNING - /home/***/.local/lib/python3.12/site-packages/***/task/task_runner/standard_task_runner.py:70: DeprecationWarning: This process (pid=13470) is multi-threaded, use of fork() may lead to deadlocks in the child.
  pid = os.fork()

[2024-09-27T18:30:30.303+0000] {standard_task_runner.py:72} INFO - Started process 13482 to run task
[2024-09-27T18:30:30.303+0000] {standard_task_runner.py:104} INFO - Running: ['***', 'tasks', 'run', 'scrape_and_save_share_prices_with_company_data', 'create_share_prices_table', 'scheduled__2023-12-29T00:00:00+00:00', '--job-id', '1472', '--raw', '--subdir', 'DAGS_FOLDER/dag.py', '--cfg-path', '/tmp/tmpjkf9hosg']
[2024-09-27T18:30:30.309+0000] {standard_task_runner.py:105} INFO - Job 1472: Subtask create_share_prices_table
[2024-09-27T18:30:30.493+0000] {task_command.py:467} INFO - Running <TaskInstance: scrape_and_save_share_prices_with_company_data.create_share_prices_table scheduled__2023-12-29T00:00:00+00:00 [running]> on host 13b5797a93ab
[2024-09-27T18:30:30.795+0000] {taskinstance.py:3131} INFO - Exporting env vars: AIRFLOW_CTX_DAG_OWNER='***' AIRFLOW_CTX_DAG_ID='scrape_and_save_share_prices_with_company_data' AIRFLOW_CTX_TASK_ID='create_share_prices_table' AIRFLOW_CTX_EXECUTION_DATE='2023-12-29T00:00:00+00:00' AIRFLOW_CTX_TRY_NUMBER='1' AIRFLOW_CTX_DAG_RUN_ID='scheduled__2023-12-29T00:00:00+00:00'
[2024-09-27T18:30:30.797+0000] {logging_mixin.py:190} INFO - Task instance is in running state
[2024-09-27T18:30:30.798+0000] {logging_mixin.py:190} INFO -  Previous state of the Task instance: queued
[2024-09-27T18:30:30.799+0000] {logging_mixin.py:190} INFO - Current task name:create_share_prices_table state:running start_date:2024-09-27 18:30:30.221383+00:00
[2024-09-27T18:30:30.800+0000] {logging_mixin.py:190} INFO - Dag name:scrape_and_save_share_prices_with_company_data and current dag run status:running
[2024-09-27T18:30:30.802+0000] {taskinstance.py:731} INFO - ::endgroup::
[2024-09-27T18:30:30.831+0000] {base.py:84} INFO - Retrieving connection 'dse_connection'
[2024-09-27T18:30:30.842+0000] {sql.py:509} INFO - Running statement: 
        CREATE TABLE IF NOT EXISTS company_share_prices (
            id SERIAL,
            company_id INTEGER NOT NULL,
            date DATE,
            latest_trading_price VARCHAR(50),
            low_price VARCHAR(50),
            high_price VARCHAR(50),
            closing_price VARCHAR(50),
            ycp VARCHAR(50),
            change VARCHAR(10),
            trade VARCHAR(50),
            value VARCHAR(50),
            volume VARCHAR(50),
            PRIMARY KEY(company_id, id),
            FOREIGN KEY(company_id)
                REFERENCES company_list(company_id)
                ON UPDATE CASCADE ON DELETE CASCADE
        );
    , parameters: None
[2024-09-27T18:30:30.853+0000] {python.py:240} INFO - Done. Returned value was: None
[2024-09-27T18:30:30.895+0000] {taskinstance.py:340} INFO - ::group::Post task execution logs
[2024-09-27T18:30:30.897+0000] {taskinstance.py:352} INFO - Marking task as SUCCESS. dag_id=scrape_and_save_share_prices_with_company_data, task_id=create_share_prices_table, run_id=scheduled__2023-12-29T00:00:00+00:00, execution_date=20231229T000000, start_date=20240927T183030, end_date=20240927T183030
[2024-09-27T18:30:30.939+0000] {logging_mixin.py:190} INFO - Task instance in success state
[2024-09-27T18:30:30.940+0000] {logging_mixin.py:190} INFO -  Previous state of the Task instance: running
[2024-09-27T18:30:30.949+0000] {logging_mixin.py:190} INFO - Dag name:scrape_and_save_share_prices_with_company_data queued_at:2024-09-27 18:28:32.606109+00:00
[2024-09-27T18:30:30.950+0000] {logging_mixin.py:190} INFO - Task hostname:13b5797a93ab operator:PythonOperator
[2024-09-27T18:30:31.018+0000] {local_task_job_runner.py:266} INFO - Task exited with return code 0
[2024-09-27T18:30:31.065+0000] {taskinstance.py:3900} INFO - 1 downstream tasks scheduled from follow-on schedule check
[2024-09-27T18:30:31.073+0000] {local_task_job_runner.py:245} INFO - ::endgroup::
[2024-09-27T22:21:11.312+0000] {local_task_job_runner.py:123} INFO - ::group::Pre task execution logs
[2024-09-27T22:21:11.379+0000] {taskinstance.py:2612} INFO - Dependencies all met for dep_context=non-requeueable deps ti=<TaskInstance: scrape_and_save_share_prices_with_company_data.create_share_prices_table scheduled__2023-12-29T00:00:00+00:00 [queued]>
[2024-09-27T22:21:11.410+0000] {taskinstance.py:2612} INFO - Dependencies all met for dep_context=requeueable deps ti=<TaskInstance: scrape_and_save_share_prices_with_company_data.create_share_prices_table scheduled__2023-12-29T00:00:00+00:00 [queued]>
[2024-09-27T22:21:11.411+0000] {taskinstance.py:2865} INFO - Starting attempt 1 of 2
[2024-09-27T22:21:11.464+0000] {taskinstance.py:2888} INFO - Executing <Task(PythonOperator): create_share_prices_table> on 2023-12-29 00:00:00+00:00
[2024-09-27T22:21:11.486+0000] {warnings.py:112} WARNING - /home/***/.local/lib/python3.12/site-packages/***/task/task_runner/standard_task_runner.py:70: DeprecationWarning: This process (pid=2319) is multi-threaded, use of fork() may lead to deadlocks in the child.
  pid = os.fork()

[2024-09-27T22:21:11.489+0000] {standard_task_runner.py:72} INFO - Started process 2351 to run task
[2024-09-27T22:21:11.497+0000] {standard_task_runner.py:104} INFO - Running: ['***', 'tasks', 'run', 'scrape_and_save_share_prices_with_company_data', 'create_share_prices_table', 'scheduled__2023-12-29T00:00:00+00:00', '--job-id', '2543', '--raw', '--subdir', 'DAGS_FOLDER/dag.py', '--cfg-path', '/tmp/tmpfm8d0dy5']
[2024-09-27T22:21:11.501+0000] {standard_task_runner.py:105} INFO - Job 2543: Subtask create_share_prices_table
[2024-09-27T22:21:11.755+0000] {task_command.py:467} INFO - Running <TaskInstance: scrape_and_save_share_prices_with_company_data.create_share_prices_table scheduled__2023-12-29T00:00:00+00:00 [running]> on host fd62fe12432d
[2024-09-27T22:21:12.296+0000] {taskinstance.py:3131} INFO - Exporting env vars: AIRFLOW_CTX_DAG_OWNER='***' AIRFLOW_CTX_DAG_ID='scrape_and_save_share_prices_with_company_data' AIRFLOW_CTX_TASK_ID='create_share_prices_table' AIRFLOW_CTX_EXECUTION_DATE='2023-12-29T00:00:00+00:00' AIRFLOW_CTX_TRY_NUMBER='1' AIRFLOW_CTX_DAG_RUN_ID='scheduled__2023-12-29T00:00:00+00:00'
[2024-09-27T22:21:12.299+0000] {logging_mixin.py:190} INFO - Task instance is in running state
[2024-09-27T22:21:12.307+0000] {logging_mixin.py:190} INFO -  Previous state of the Task instance: queued
[2024-09-27T22:21:12.309+0000] {logging_mixin.py:190} INFO - Current task name:create_share_prices_table state:running start_date:2024-09-27 22:21:11.383087+00:00
[2024-09-27T22:21:12.311+0000] {logging_mixin.py:190} INFO - Dag name:scrape_and_save_share_prices_with_company_data and current dag run status:running
[2024-09-27T22:21:12.312+0000] {taskinstance.py:731} INFO - ::endgroup::
[2024-09-27T22:21:12.348+0000] {base.py:84} INFO - Retrieving connection 'dse_connection'
[2024-09-27T22:21:12.372+0000] {sql.py:509} INFO - Running statement: 
        CREATE TABLE IF NOT EXISTS company_share_prices (
            id SERIAL,
            company_id INTEGER NOT NULL,
            date DATE,
            latest_trading_price VARCHAR(50),
            low_price VARCHAR(50),
            high_price VARCHAR(50),
            closing_price VARCHAR(50),
            ycp VARCHAR(50),
            change VARCHAR(10),
            trade VARCHAR(50),
            value VARCHAR(50),
            volume VARCHAR(50),
            PRIMARY KEY(company_id, id),
            FOREIGN KEY(company_id)
                REFERENCES company_list(company_id)
                ON UPDATE CASCADE ON DELETE CASCADE
        );
    , parameters: None
[2024-09-27T22:21:12.385+0000] {python.py:240} INFO - Done. Returned value was: None
[2024-09-27T22:21:12.481+0000] {taskinstance.py:340} INFO - ::group::Post task execution logs
[2024-09-27T22:21:12.483+0000] {taskinstance.py:352} INFO - Marking task as SUCCESS. dag_id=scrape_and_save_share_prices_with_company_data, task_id=create_share_prices_table, run_id=scheduled__2023-12-29T00:00:00+00:00, execution_date=20231229T000000, start_date=20240927T222111, end_date=20240927T222112
[2024-09-27T22:21:12.535+0000] {logging_mixin.py:190} INFO - Task instance in success state
[2024-09-27T22:21:12.541+0000] {logging_mixin.py:190} INFO -  Previous state of the Task instance: running
[2024-09-27T22:21:12.544+0000] {logging_mixin.py:190} INFO - Dag name:scrape_and_save_share_prices_with_company_data queued_at:2024-09-27 22:19:17.989278+00:00
[2024-09-27T22:21:12.548+0000] {logging_mixin.py:190} INFO - Task hostname:fd62fe12432d operator:PythonOperator
[2024-09-27T22:21:12.593+0000] {local_task_job_runner.py:266} INFO - Task exited with return code 0
[2024-09-27T22:21:12.626+0000] {local_task_job_runner.py:245} INFO - ::endgroup::
[2024-09-27T22:57:14.652+0000] {local_task_job_runner.py:123} INFO - ::group::Pre task execution logs
[2024-09-27T22:57:14.743+0000] {taskinstance.py:2612} INFO - Dependencies all met for dep_context=non-requeueable deps ti=<TaskInstance: scrape_and_save_share_prices_with_company_data.create_share_prices_table scheduled__2023-12-29T00:00:00+00:00 [queued]>
[2024-09-27T22:57:14.779+0000] {taskinstance.py:2612} INFO - Dependencies all met for dep_context=requeueable deps ti=<TaskInstance: scrape_and_save_share_prices_with_company_data.create_share_prices_table scheduled__2023-12-29T00:00:00+00:00 [queued]>
[2024-09-27T22:57:14.780+0000] {taskinstance.py:2865} INFO - Starting attempt 1 of 2
[2024-09-27T22:57:14.857+0000] {taskinstance.py:2888} INFO - Executing <Task(PythonOperator): create_share_prices_table> on 2023-12-29 00:00:00+00:00
[2024-09-27T22:57:14.874+0000] {warnings.py:112} WARNING - /home/***/.local/lib/python3.12/site-packages/***/task/task_runner/standard_task_runner.py:70: DeprecationWarning: This process (pid=1955) is multi-threaded, use of fork() may lead to deadlocks in the child.
  pid = os.fork()

[2024-09-27T22:57:14.881+0000] {standard_task_runner.py:72} INFO - Started process 1981 to run task
[2024-09-27T22:57:14.884+0000] {standard_task_runner.py:104} INFO - Running: ['***', 'tasks', 'run', 'scrape_and_save_share_prices_with_company_data', 'create_share_prices_table', 'scheduled__2023-12-29T00:00:00+00:00', '--job-id', '2991', '--raw', '--subdir', 'DAGS_FOLDER/dag.py', '--cfg-path', '/tmp/tmp8sabtg1k']
[2024-09-27T22:57:14.898+0000] {standard_task_runner.py:105} INFO - Job 2991: Subtask create_share_prices_table
[2024-09-27T22:57:15.104+0000] {task_command.py:467} INFO - Running <TaskInstance: scrape_and_save_share_prices_with_company_data.create_share_prices_table scheduled__2023-12-29T00:00:00+00:00 [running]> on host 7746de5121f6
[2024-09-27T22:57:15.494+0000] {taskinstance.py:3131} INFO - Exporting env vars: AIRFLOW_CTX_DAG_OWNER='***' AIRFLOW_CTX_DAG_ID='scrape_and_save_share_prices_with_company_data' AIRFLOW_CTX_TASK_ID='create_share_prices_table' AIRFLOW_CTX_EXECUTION_DATE='2023-12-29T00:00:00+00:00' AIRFLOW_CTX_TRY_NUMBER='1' AIRFLOW_CTX_DAG_RUN_ID='scheduled__2023-12-29T00:00:00+00:00'
[2024-09-27T22:57:15.500+0000] {logging_mixin.py:190} INFO - Task instance is in running state
[2024-09-27T22:57:15.508+0000] {logging_mixin.py:190} INFO -  Previous state of the Task instance: queued
[2024-09-27T22:57:15.510+0000] {logging_mixin.py:190} INFO - Current task name:create_share_prices_table state:running start_date:2024-09-27 22:57:14.745107+00:00
[2024-09-27T22:57:15.529+0000] {logging_mixin.py:190} INFO - Dag name:scrape_and_save_share_prices_with_company_data and current dag run status:running
[2024-09-27T22:57:15.532+0000] {taskinstance.py:731} INFO - ::endgroup::
[2024-09-27T22:57:15.560+0000] {base.py:84} INFO - Retrieving connection 'dse_connection'
[2024-09-27T22:57:15.581+0000] {sql.py:509} INFO - Running statement: 
        CREATE TABLE IF NOT EXISTS company_share_prices (
            id SERIAL,
            company_id INTEGER NOT NULL,
            date DATE,
            latest_trading_price VARCHAR(50),
            low_price VARCHAR(50),
            high_price VARCHAR(50),
            closing_price VARCHAR(50),
            ycp VARCHAR(50),
            change VARCHAR(10),
            trade VARCHAR(50),
            value VARCHAR(50),
            volume VARCHAR(50),
            PRIMARY KEY(company_id, id),
            FOREIGN KEY(company_id)
                REFERENCES company_list(company_id)
                ON UPDATE CASCADE ON DELETE CASCADE
        );
    , parameters: None
[2024-09-27T22:57:15.586+0000] {python.py:240} INFO - Done. Returned value was: None
[2024-09-27T22:57:15.630+0000] {taskinstance.py:340} INFO - ::group::Post task execution logs
[2024-09-27T22:57:15.631+0000] {taskinstance.py:352} INFO - Marking task as SUCCESS. dag_id=scrape_and_save_share_prices_with_company_data, task_id=create_share_prices_table, run_id=scheduled__2023-12-29T00:00:00+00:00, execution_date=20231229T000000, start_date=20240927T225714, end_date=20240927T225715
[2024-09-27T22:57:15.673+0000] {logging_mixin.py:190} INFO - Task instance in success state
[2024-09-27T22:57:15.674+0000] {logging_mixin.py:190} INFO -  Previous state of the Task instance: running
[2024-09-27T22:57:15.676+0000] {logging_mixin.py:190} INFO - Dag name:scrape_and_save_share_prices_with_company_data queued_at:2024-09-27 22:56:10.009499+00:00
[2024-09-27T22:57:15.682+0000] {logging_mixin.py:190} INFO - Task hostname:7746de5121f6 operator:PythonOperator
[2024-09-27T22:57:15.729+0000] {local_task_job_runner.py:266} INFO - Task exited with return code 0
[2024-09-27T22:57:15.794+0000] {taskinstance.py:3900} INFO - 1 downstream tasks scheduled from follow-on schedule check
[2024-09-27T22:57:15.806+0000] {local_task_job_runner.py:245} INFO - ::endgroup::
