[2024-09-27T18:28:48.547+0000] {local_task_job_runner.py:123} INFO - ::group::Pre task execution logs
[2024-09-27T18:28:48.620+0000] {taskinstance.py:2612} INFO - Dependencies all met for dep_context=non-requeueable deps ti=<TaskInstance: scrape_and_save_share_prices_with_company_data.create_company_table scheduled__2023-12-29T00:00:00+00:00 [queued]>
[2024-09-27T18:28:48.700+0000] {taskinstance.py:2612} INFO - Dependencies all met for dep_context=requeueable deps ti=<TaskInstance: scrape_and_save_share_prices_with_company_data.create_company_table scheduled__2023-12-29T00:00:00+00:00 [queued]>
[2024-09-27T18:28:48.702+0000] {taskinstance.py:2865} INFO - Starting attempt 1 of 2
[2024-09-27T18:28:48.898+0000] {taskinstance.py:2888} INFO - Executing <Task(PythonOperator): create_company_table> on 2023-12-29 00:00:00+00:00
[2024-09-27T18:28:48.921+0000] {warnings.py:112} WARNING - /home/***/.local/lib/python3.12/site-packages/***/task/task_runner/standard_task_runner.py:70: DeprecationWarning: This process (pid=13375) is multi-threaded, use of fork() may lead to deadlocks in the child.
  pid = os.fork()

[2024-09-27T18:28:48.930+0000] {standard_task_runner.py:104} INFO - Running: ['***', 'tasks', 'run', 'scrape_and_save_share_prices_with_company_data', 'create_company_table', 'scheduled__2023-12-29T00:00:00+00:00', '--job-id', '1456', '--raw', '--subdir', 'DAGS_FOLDER/dag.py', '--cfg-path', '/tmp/tmpfr_izygu']
[2024-09-27T18:28:49.009+0000] {standard_task_runner.py:72} INFO - Started process 13409 to run task
[2024-09-27T18:28:49.013+0000] {standard_task_runner.py:105} INFO - Job 1456: Subtask create_company_table
[2024-09-27T18:28:49.589+0000] {task_command.py:467} INFO - Running <TaskInstance: scrape_and_save_share_prices_with_company_data.create_company_table scheduled__2023-12-29T00:00:00+00:00 [running]> on host 13b5797a93ab
[2024-09-27T18:28:50.268+0000] {taskinstance.py:3131} INFO - Exporting env vars: AIRFLOW_CTX_DAG_OWNER='***' AIRFLOW_CTX_DAG_ID='scrape_and_save_share_prices_with_company_data' AIRFLOW_CTX_TASK_ID='create_company_table' AIRFLOW_CTX_EXECUTION_DATE='2023-12-29T00:00:00+00:00' AIRFLOW_CTX_TRY_NUMBER='1' AIRFLOW_CTX_DAG_RUN_ID='scheduled__2023-12-29T00:00:00+00:00'
[2024-09-27T18:28:50.276+0000] {logging_mixin.py:190} INFO - Task instance is in running state
[2024-09-27T18:28:50.278+0000] {logging_mixin.py:190} INFO -  Previous state of the Task instance: queued
[2024-09-27T18:28:50.279+0000] {logging_mixin.py:190} INFO - Current task name:create_company_table state:running start_date:2024-09-27 18:28:48.635110+00:00
[2024-09-27T18:28:50.280+0000] {logging_mixin.py:190} INFO - Dag name:scrape_and_save_share_prices_with_company_data and current dag run status:running
[2024-09-27T18:28:50.282+0000] {taskinstance.py:731} INFO - ::endgroup::
[2024-09-27T18:28:50.364+0000] {base.py:84} INFO - Retrieving connection 'dse_connection'
[2024-09-27T18:28:50.398+0000] {sql.py:509} INFO - Running statement: 
        CREATE TABLE IF NOT EXISTS company_list (
            company_id SERIAL PRIMARY KEY,
            company_trade_name VARCHAR(255) NOT NULL,
            company_url VARCHAR(255) NOT NULL,
            UNIQUE(company_trade_name)
        );
    , parameters: None
[2024-09-27T18:28:50.438+0000] {python.py:240} INFO - Done. Returned value was: None
[2024-09-27T18:28:50.493+0000] {taskinstance.py:340} INFO - ::group::Post task execution logs
[2024-09-27T18:28:50.495+0000] {taskinstance.py:352} INFO - Marking task as SUCCESS. dag_id=scrape_and_save_share_prices_with_company_data, task_id=create_company_table, run_id=scheduled__2023-12-29T00:00:00+00:00, execution_date=20231229T000000, start_date=20240927T182848, end_date=20240927T182850
[2024-09-27T18:28:51.295+0000] {logging_mixin.py:190} INFO - Task instance in success state
[2024-09-27T18:28:51.298+0000] {logging_mixin.py:190} INFO -  Previous state of the Task instance: running
[2024-09-27T18:28:51.299+0000] {logging_mixin.py:190} INFO - Dag name:scrape_and_save_share_prices_with_company_data queued_at:2024-09-27 18:28:32.606109+00:00
[2024-09-27T18:28:51.300+0000] {logging_mixin.py:190} INFO - Task hostname:13b5797a93ab operator:PythonOperator
[2024-09-27T18:28:51.391+0000] {local_task_job_runner.py:266} INFO - Task exited with return code 0
[2024-09-27T18:28:51.719+0000] {taskinstance.py:3900} INFO - 1 downstream tasks scheduled from follow-on schedule check
[2024-09-27T18:28:51.749+0000] {local_task_job_runner.py:245} INFO - ::endgroup::
[2024-09-27T22:19:30.143+0000] {local_task_job_runner.py:123} INFO - ::group::Pre task execution logs
[2024-09-27T22:19:30.236+0000] {taskinstance.py:2612} INFO - Dependencies all met for dep_context=non-requeueable deps ti=<TaskInstance: scrape_and_save_share_prices_with_company_data.create_company_table scheduled__2023-12-29T00:00:00+00:00 [queued]>
[2024-09-27T22:19:30.327+0000] {taskinstance.py:2612} INFO - Dependencies all met for dep_context=requeueable deps ti=<TaskInstance: scrape_and_save_share_prices_with_company_data.create_company_table scheduled__2023-12-29T00:00:00+00:00 [queued]>
[2024-09-27T22:19:30.330+0000] {taskinstance.py:2865} INFO - Starting attempt 1 of 2
[2024-09-27T22:19:30.527+0000] {taskinstance.py:2888} INFO - Executing <Task(PythonOperator): create_company_table> on 2023-12-29 00:00:00+00:00
[2024-09-27T22:19:30.658+0000] {warnings.py:112} WARNING - /home/***/.local/lib/python3.12/site-packages/***/task/task_runner/standard_task_runner.py:70: DeprecationWarning: This process (pid=2222) is multi-threaded, use of fork() may lead to deadlocks in the child.
  pid = os.fork()

[2024-09-27T22:19:30.676+0000] {standard_task_runner.py:72} INFO - Started process 2255 to run task
[2024-09-27T22:19:30.671+0000] {standard_task_runner.py:104} INFO - Running: ['***', 'tasks', 'run', 'scrape_and_save_share_prices_with_company_data', 'create_company_table', 'scheduled__2023-12-29T00:00:00+00:00', '--job-id', '2521', '--raw', '--subdir', 'DAGS_FOLDER/dag.py', '--cfg-path', '/tmp/tmpfkl69gqg']
[2024-09-27T22:19:30.690+0000] {standard_task_runner.py:105} INFO - Job 2521: Subtask create_company_table
[2024-09-27T22:19:31.093+0000] {task_command.py:467} INFO - Running <TaskInstance: scrape_and_save_share_prices_with_company_data.create_company_table scheduled__2023-12-29T00:00:00+00:00 [running]> on host fd62fe12432d
[2024-09-27T22:19:32.155+0000] {taskinstance.py:3131} INFO - Exporting env vars: AIRFLOW_CTX_DAG_OWNER='***' AIRFLOW_CTX_DAG_ID='scrape_and_save_share_prices_with_company_data' AIRFLOW_CTX_TASK_ID='create_company_table' AIRFLOW_CTX_EXECUTION_DATE='2023-12-29T00:00:00+00:00' AIRFLOW_CTX_TRY_NUMBER='1' AIRFLOW_CTX_DAG_RUN_ID='scheduled__2023-12-29T00:00:00+00:00'
[2024-09-27T22:19:32.171+0000] {logging_mixin.py:190} INFO - Task instance is in running state
[2024-09-27T22:19:32.173+0000] {logging_mixin.py:190} INFO -  Previous state of the Task instance: queued
[2024-09-27T22:19:32.184+0000] {logging_mixin.py:190} INFO - Current task name:create_company_table state:running start_date:2024-09-27 22:19:30.239712+00:00
[2024-09-27T22:19:32.187+0000] {logging_mixin.py:190} INFO - Dag name:scrape_and_save_share_prices_with_company_data and current dag run status:running
[2024-09-27T22:19:32.195+0000] {taskinstance.py:731} INFO - ::endgroup::
[2024-09-27T22:19:32.256+0000] {base.py:84} INFO - Retrieving connection 'dse_connection'
[2024-09-27T22:19:32.286+0000] {sql.py:509} INFO - Running statement: 
        CREATE TABLE IF NOT EXISTS company_list (
            company_id SERIAL PRIMARY KEY,
            company_trade_name VARCHAR(255) NOT NULL,
            company_url VARCHAR(255) NOT NULL,
            UNIQUE(company_trade_name)
        );
    , parameters: None
[2024-09-27T22:19:32.295+0000] {python.py:240} INFO - Done. Returned value was: None
[2024-09-27T22:19:32.343+0000] {taskinstance.py:340} INFO - ::group::Post task execution logs
[2024-09-27T22:19:32.354+0000] {taskinstance.py:352} INFO - Marking task as SUCCESS. dag_id=scrape_and_save_share_prices_with_company_data, task_id=create_company_table, run_id=scheduled__2023-12-29T00:00:00+00:00, execution_date=20231229T000000, start_date=20240927T221930, end_date=20240927T221932
[2024-09-27T22:19:32.414+0000] {logging_mixin.py:190} INFO - Task instance in success state
[2024-09-27T22:19:32.422+0000] {logging_mixin.py:190} INFO -  Previous state of the Task instance: running
[2024-09-27T22:19:32.424+0000] {logging_mixin.py:190} INFO - Dag name:scrape_and_save_share_prices_with_company_data queued_at:2024-09-27 22:19:17.989278+00:00
[2024-09-27T22:19:32.425+0000] {logging_mixin.py:190} INFO - Task hostname:fd62fe12432d operator:PythonOperator
[2024-09-27T22:19:32.479+0000] {local_task_job_runner.py:266} INFO - Task exited with return code 0
[2024-09-27T22:19:32.689+0000] {taskinstance.py:3900} INFO - 1 downstream tasks scheduled from follow-on schedule check
[2024-09-27T22:19:32.714+0000] {local_task_job_runner.py:245} INFO - ::endgroup::
[2024-09-27T22:56:17.579+0000] {local_task_job_runner.py:123} INFO - ::group::Pre task execution logs
[2024-09-27T22:56:17.737+0000] {taskinstance.py:2612} INFO - Dependencies all met for dep_context=non-requeueable deps ti=<TaskInstance: scrape_and_save_share_prices_with_company_data.create_company_table scheduled__2023-12-29T00:00:00+00:00 [queued]>
[2024-09-27T22:56:17.819+0000] {taskinstance.py:2612} INFO - Dependencies all met for dep_context=requeueable deps ti=<TaskInstance: scrape_and_save_share_prices_with_company_data.create_company_table scheduled__2023-12-29T00:00:00+00:00 [queued]>
[2024-09-27T22:56:17.821+0000] {taskinstance.py:2865} INFO - Starting attempt 1 of 2
[2024-09-27T22:56:17.919+0000] {taskinstance.py:2888} INFO - Executing <Task(PythonOperator): create_company_table> on 2023-12-29 00:00:00+00:00
[2024-09-27T22:56:17.942+0000] {warnings.py:112} WARNING - /home/***/.local/lib/python3.12/site-packages/***/task/task_runner/standard_task_runner.py:70: DeprecationWarning: This process (pid=1870) is multi-threaded, use of fork() may lead to deadlocks in the child.
  pid = os.fork()

[2024-09-27T22:56:17.952+0000] {standard_task_runner.py:72} INFO - Started process 1887 to run task
[2024-09-27T22:56:17.963+0000] {standard_task_runner.py:104} INFO - Running: ['***', 'tasks', 'run', 'scrape_and_save_share_prices_with_company_data', 'create_company_table', 'scheduled__2023-12-29T00:00:00+00:00', '--job-id', '2971', '--raw', '--subdir', 'DAGS_FOLDER/dag.py', '--cfg-path', '/tmp/tmpieuu0qta']
[2024-09-27T22:56:17.970+0000] {standard_task_runner.py:105} INFO - Job 2971: Subtask create_company_table
[2024-09-27T22:56:18.296+0000] {task_command.py:467} INFO - Running <TaskInstance: scrape_and_save_share_prices_with_company_data.create_company_table scheduled__2023-12-29T00:00:00+00:00 [running]> on host 7746de5121f6
[2024-09-27T22:56:18.726+0000] {taskinstance.py:3131} INFO - Exporting env vars: AIRFLOW_CTX_DAG_OWNER='***' AIRFLOW_CTX_DAG_ID='scrape_and_save_share_prices_with_company_data' AIRFLOW_CTX_TASK_ID='create_company_table' AIRFLOW_CTX_EXECUTION_DATE='2023-12-29T00:00:00+00:00' AIRFLOW_CTX_TRY_NUMBER='1' AIRFLOW_CTX_DAG_RUN_ID='scheduled__2023-12-29T00:00:00+00:00'
[2024-09-27T22:56:18.739+0000] {logging_mixin.py:190} INFO - Task instance is in running state
[2024-09-27T22:56:18.742+0000] {logging_mixin.py:190} INFO -  Previous state of the Task instance: queued
[2024-09-27T22:56:18.746+0000] {logging_mixin.py:190} INFO - Current task name:create_company_table state:running start_date:2024-09-27 22:56:17.754792+00:00
[2024-09-27T22:56:18.750+0000] {logging_mixin.py:190} INFO - Dag name:scrape_and_save_share_prices_with_company_data and current dag run status:running
[2024-09-27T22:56:18.753+0000] {taskinstance.py:731} INFO - ::endgroup::
[2024-09-27T22:56:18.801+0000] {base.py:84} INFO - Retrieving connection 'dse_connection'
[2024-09-27T22:56:18.839+0000] {sql.py:509} INFO - Running statement: 
        CREATE TABLE IF NOT EXISTS company_list (
            company_id SERIAL PRIMARY KEY,
            company_trade_name VARCHAR(255) NOT NULL,
            company_url VARCHAR(255) NOT NULL,
            UNIQUE(company_trade_name)
        );
    , parameters: None
[2024-09-27T22:56:18.862+0000] {python.py:240} INFO - Done. Returned value was: None
[2024-09-27T22:56:18.906+0000] {taskinstance.py:340} INFO - ::group::Post task execution logs
[2024-09-27T22:56:18.911+0000] {taskinstance.py:352} INFO - Marking task as SUCCESS. dag_id=scrape_and_save_share_prices_with_company_data, task_id=create_company_table, run_id=scheduled__2023-12-29T00:00:00+00:00, execution_date=20231229T000000, start_date=20240927T225617, end_date=20240927T225618
[2024-09-27T22:56:18.963+0000] {logging_mixin.py:190} INFO - Task instance in success state
[2024-09-27T22:56:18.971+0000] {logging_mixin.py:190} INFO -  Previous state of the Task instance: running
[2024-09-27T22:56:18.980+0000] {logging_mixin.py:190} INFO - Dag name:scrape_and_save_share_prices_with_company_data queued_at:2024-09-27 22:56:10.009499+00:00
[2024-09-27T22:56:18.982+0000] {logging_mixin.py:190} INFO - Task hostname:7746de5121f6 operator:PythonOperator
[2024-09-27T22:56:19.039+0000] {local_task_job_runner.py:266} INFO - Task exited with return code 0
[2024-09-27T22:56:19.086+0000] {local_task_job_runner.py:245} INFO - ::endgroup::
