[2024-09-27T18:39:35.582+0000] {local_task_job_runner.py:123} INFO - ::group::Pre task execution logs
[2024-09-27T18:39:35.646+0000] {taskinstance.py:2612} INFO - Dependencies all met for dep_context=non-requeueable deps ti=<TaskInstance: scrape_and_save_share_prices_with_company_data.create_share_prices_table scheduled__2024-02-06T00:00:00+00:00 [queued]>
[2024-09-27T18:39:35.716+0000] {taskinstance.py:2612} INFO - Dependencies all met for dep_context=requeueable deps ti=<TaskInstance: scrape_and_save_share_prices_with_company_data.create_share_prices_table scheduled__2024-02-06T00:00:00+00:00 [queued]>
[2024-09-27T18:39:35.721+0000] {taskinstance.py:2865} INFO - Starting attempt 1 of 2
[2024-09-27T18:39:35.816+0000] {taskinstance.py:2888} INFO - Executing <Task(PythonOperator): create_share_prices_table> on 2024-02-06 00:00:00+00:00
[2024-09-27T18:39:35.833+0000] {warnings.py:112} WARNING - /home/***/.local/lib/python3.12/site-packages/***/task/task_runner/standard_task_runner.py:70: DeprecationWarning: This process (pid=14173) is multi-threaded, use of fork() may lead to deadlocks in the child.
  pid = os.fork()

[2024-09-27T18:39:35.837+0000] {standard_task_runner.py:72} INFO - Started process 14190 to run task
[2024-09-27T18:39:35.853+0000] {standard_task_runner.py:104} INFO - Running: ['***', 'tasks', 'run', 'scrape_and_save_share_prices_with_company_data', 'create_share_prices_table', 'scheduled__2024-02-06T00:00:00+00:00', '--job-id', '1625', '--raw', '--subdir', 'DAGS_FOLDER/dag.py', '--cfg-path', '/tmp/tmpkmq66ykk']
[2024-09-27T18:39:35.870+0000] {standard_task_runner.py:105} INFO - Job 1625: Subtask create_share_prices_table
[2024-09-27T18:39:36.051+0000] {task_command.py:467} INFO - Running <TaskInstance: scrape_and_save_share_prices_with_company_data.create_share_prices_table scheduled__2024-02-06T00:00:00+00:00 [running]> on host 13b5797a93ab
[2024-09-27T18:39:36.335+0000] {taskinstance.py:3131} INFO - Exporting env vars: AIRFLOW_CTX_DAG_OWNER='***' AIRFLOW_CTX_DAG_ID='scrape_and_save_share_prices_with_company_data' AIRFLOW_CTX_TASK_ID='create_share_prices_table' AIRFLOW_CTX_EXECUTION_DATE='2024-02-06T00:00:00+00:00' AIRFLOW_CTX_TRY_NUMBER='1' AIRFLOW_CTX_DAG_RUN_ID='scheduled__2024-02-06T00:00:00+00:00'
[2024-09-27T18:39:36.342+0000] {logging_mixin.py:190} INFO - Task instance is in running state
[2024-09-27T18:39:36.343+0000] {logging_mixin.py:190} INFO -  Previous state of the Task instance: queued
[2024-09-27T18:39:36.344+0000] {logging_mixin.py:190} INFO - Current task name:create_share_prices_table state:running start_date:2024-09-27 18:39:35.648140+00:00
[2024-09-27T18:39:36.346+0000] {logging_mixin.py:190} INFO - Dag name:scrape_and_save_share_prices_with_company_data and current dag run status:running
[2024-09-27T18:39:36.347+0000] {taskinstance.py:731} INFO - ::endgroup::
[2024-09-27T18:39:36.384+0000] {base.py:84} INFO - Retrieving connection 'dse_connection'
[2024-09-27T18:39:36.394+0000] {sql.py:509} INFO - Running statement: 
        CREATE TABLE IF NOT EXISTS company_share_prices (
            id SERIAL,
            company_id INTEGER NOT NULL,
            date DATE,
            latest_trading_price VARCHAR(50),
            low_price VARCHAR(50),
            high_price VARCHAR(50),
            closing_price VARCHAR(50),
            ycp VARCHAR(50),
            change VARCHAR(10),
            trade VARCHAR(50),
            value VARCHAR(50),
            volume VARCHAR(50),
            PRIMARY KEY(company_id, id),
            FOREIGN KEY(company_id)
                REFERENCES company_list(company_id)
                ON UPDATE CASCADE ON DELETE CASCADE
        );
    , parameters: None
[2024-09-27T18:39:36.400+0000] {python.py:240} INFO - Done. Returned value was: None
[2024-09-27T18:39:36.438+0000] {taskinstance.py:340} INFO - ::group::Post task execution logs
[2024-09-27T18:39:36.441+0000] {taskinstance.py:352} INFO - Marking task as SUCCESS. dag_id=scrape_and_save_share_prices_with_company_data, task_id=create_share_prices_table, run_id=scheduled__2024-02-06T00:00:00+00:00, execution_date=20240206T000000, start_date=20240927T183935, end_date=20240927T183936
[2024-09-27T18:39:36.468+0000] {logging_mixin.py:190} INFO - Task instance in success state
[2024-09-27T18:39:36.469+0000] {logging_mixin.py:190} INFO -  Previous state of the Task instance: running
[2024-09-27T18:39:36.471+0000] {logging_mixin.py:190} INFO - Dag name:scrape_and_save_share_prices_with_company_data queued_at:2024-09-27 18:38:26.034404+00:00
[2024-09-27T18:39:36.473+0000] {logging_mixin.py:190} INFO - Task hostname:13b5797a93ab operator:PythonOperator
[2024-09-27T18:39:36.503+0000] {local_task_job_runner.py:266} INFO - Task exited with return code 0
[2024-09-27T18:39:36.536+0000] {local_task_job_runner.py:245} INFO - ::endgroup::
[2024-09-27T23:04:27.274+0000] {local_task_job_runner.py:123} INFO - ::group::Pre task execution logs
[2024-09-27T23:04:27.411+0000] {taskinstance.py:2612} INFO - Dependencies all met for dep_context=non-requeueable deps ti=<TaskInstance: scrape_and_save_share_prices_with_company_data.create_share_prices_table scheduled__2024-02-06T00:00:00+00:00 [queued]>
[2024-09-27T23:04:27.437+0000] {taskinstance.py:2612} INFO - Dependencies all met for dep_context=requeueable deps ti=<TaskInstance: scrape_and_save_share_prices_with_company_data.create_share_prices_table scheduled__2024-02-06T00:00:00+00:00 [queued]>
[2024-09-27T23:04:27.438+0000] {taskinstance.py:2865} INFO - Starting attempt 1 of 2
[2024-09-27T23:04:27.497+0000] {taskinstance.py:2888} INFO - Executing <Task(PythonOperator): create_share_prices_table> on 2024-02-06 00:00:00+00:00
[2024-09-27T23:04:27.523+0000] {warnings.py:112} WARNING - /home/***/.local/lib/python3.12/site-packages/***/task/task_runner/standard_task_runner.py:70: DeprecationWarning: This process (pid=2653) is multi-threaded, use of fork() may lead to deadlocks in the child.
  pid = os.fork()

[2024-09-27T23:04:27.532+0000] {standard_task_runner.py:72} INFO - Started process 2684 to run task
[2024-09-27T23:04:27.547+0000] {standard_task_runner.py:104} INFO - Running: ['***', 'tasks', 'run', 'scrape_and_save_share_prices_with_company_data', 'create_share_prices_table', 'scheduled__2024-02-06T00:00:00+00:00', '--job-id', '3147', '--raw', '--subdir', 'DAGS_FOLDER/dag.py', '--cfg-path', '/tmp/tmp_574u04w']
[2024-09-27T23:04:27.575+0000] {standard_task_runner.py:105} INFO - Job 3147: Subtask create_share_prices_table
[2024-09-27T23:04:27.800+0000] {task_command.py:467} INFO - Running <TaskInstance: scrape_and_save_share_prices_with_company_data.create_share_prices_table scheduled__2024-02-06T00:00:00+00:00 [running]> on host 7746de5121f6
[2024-09-27T23:04:28.354+0000] {taskinstance.py:3131} INFO - Exporting env vars: AIRFLOW_CTX_DAG_OWNER='***' AIRFLOW_CTX_DAG_ID='scrape_and_save_share_prices_with_company_data' AIRFLOW_CTX_TASK_ID='create_share_prices_table' AIRFLOW_CTX_EXECUTION_DATE='2024-02-06T00:00:00+00:00' AIRFLOW_CTX_TRY_NUMBER='1' AIRFLOW_CTX_DAG_RUN_ID='scheduled__2024-02-06T00:00:00+00:00'
[2024-09-27T23:04:28.359+0000] {logging_mixin.py:190} INFO - Task instance is in running state
[2024-09-27T23:04:28.372+0000] {logging_mixin.py:190} INFO -  Previous state of the Task instance: queued
[2024-09-27T23:04:28.374+0000] {logging_mixin.py:190} INFO - Current task name:create_share_prices_table state:running start_date:2024-09-27 23:04:27.413885+00:00
[2024-09-27T23:04:28.375+0000] {logging_mixin.py:190} INFO - Dag name:scrape_and_save_share_prices_with_company_data and current dag run status:running
[2024-09-27T23:04:28.380+0000] {taskinstance.py:731} INFO - ::endgroup::
[2024-09-27T23:04:28.409+0000] {base.py:84} INFO - Retrieving connection 'dse_connection'
[2024-09-27T23:04:28.428+0000] {sql.py:509} INFO - Running statement: 
        CREATE TABLE IF NOT EXISTS company_share_prices (
            id SERIAL,
            company_id INTEGER NOT NULL,
            date DATE,
            latest_trading_price VARCHAR(50),
            low_price VARCHAR(50),
            high_price VARCHAR(50),
            closing_price VARCHAR(50),
            ycp VARCHAR(50),
            change VARCHAR(10),
            trade VARCHAR(50),
            value VARCHAR(50),
            volume VARCHAR(50),
            PRIMARY KEY(company_id, id),
            FOREIGN KEY(company_id)
                REFERENCES company_list(company_id)
                ON UPDATE CASCADE ON DELETE CASCADE
        );
    , parameters: None
[2024-09-27T23:04:28.432+0000] {python.py:240} INFO - Done. Returned value was: None
[2024-09-27T23:04:28.495+0000] {taskinstance.py:340} INFO - ::group::Post task execution logs
[2024-09-27T23:04:28.509+0000] {taskinstance.py:352} INFO - Marking task as SUCCESS. dag_id=scrape_and_save_share_prices_with_company_data, task_id=create_share_prices_table, run_id=scheduled__2024-02-06T00:00:00+00:00, execution_date=20240206T000000, start_date=20240927T230427, end_date=20240927T230428
[2024-09-27T23:04:28.579+0000] {logging_mixin.py:190} INFO - Task instance in success state
[2024-09-27T23:04:28.583+0000] {logging_mixin.py:190} INFO -  Previous state of the Task instance: running
[2024-09-27T23:04:28.588+0000] {logging_mixin.py:190} INFO - Dag name:scrape_and_save_share_prices_with_company_data queued_at:2024-09-27 23:03:25.053332+00:00
[2024-09-27T23:04:28.590+0000] {logging_mixin.py:190} INFO - Task hostname:7746de5121f6 operator:PythonOperator
[2024-09-27T23:04:28.681+0000] {local_task_job_runner.py:266} INFO - Task exited with return code 0
[2024-09-27T23:04:28.795+0000] {taskinstance.py:3900} INFO - 1 downstream tasks scheduled from follow-on schedule check
[2024-09-27T23:04:28.815+0000] {local_task_job_runner.py:245} INFO - ::endgroup::
