[2024-09-27T18:17:05.989+0000] {local_task_job_runner.py:123} INFO - ::group::Pre task execution logs
[2024-09-27T18:17:06.048+0000] {taskinstance.py:2612} INFO - Dependencies all met for dep_context=non-requeueable deps ti=<TaskInstance: scrape_and_save_share_prices_with_company_data.create_company_table scheduled__2023-11-08T00:00:00+00:00 [queued]>
[2024-09-27T18:17:06.076+0000] {taskinstance.py:2612} INFO - Dependencies all met for dep_context=requeueable deps ti=<TaskInstance: scrape_and_save_share_prices_with_company_data.create_company_table scheduled__2023-11-08T00:00:00+00:00 [queued]>
[2024-09-27T18:17:06.085+0000] {taskinstance.py:2865} INFO - Starting attempt 1 of 2
[2024-09-27T18:17:06.155+0000] {taskinstance.py:2888} INFO - Executing <Task(PythonOperator): create_company_table> on 2023-11-08 00:00:00+00:00
[2024-09-27T18:17:06.183+0000] {warnings.py:112} WARNING - /home/***/.local/lib/python3.12/site-packages/***/task/task_runner/standard_task_runner.py:70: DeprecationWarning: This process (pid=12444) is multi-threaded, use of fork() may lead to deadlocks in the child.
  pid = os.fork()

[2024-09-27T18:17:06.188+0000] {standard_task_runner.py:72} INFO - Started process 12462 to run task
[2024-09-27T18:17:06.207+0000] {standard_task_runner.py:104} INFO - Running: ['***', 'tasks', 'run', 'scrape_and_save_share_prices_with_company_data', 'create_company_table', 'scheduled__2023-11-08T00:00:00+00:00', '--job-id', '1246', '--raw', '--subdir', 'DAGS_FOLDER/dag.py', '--cfg-path', '/tmp/tmppk3sm180']
[2024-09-27T18:17:06.219+0000] {standard_task_runner.py:105} INFO - Job 1246: Subtask create_company_table
[2024-09-27T18:17:06.607+0000] {task_command.py:467} INFO - Running <TaskInstance: scrape_and_save_share_prices_with_company_data.create_company_table scheduled__2023-11-08T00:00:00+00:00 [running]> on host 13b5797a93ab
[2024-09-27T18:17:07.301+0000] {taskinstance.py:3131} INFO - Exporting env vars: AIRFLOW_CTX_DAG_OWNER='***' AIRFLOW_CTX_DAG_ID='scrape_and_save_share_prices_with_company_data' AIRFLOW_CTX_TASK_ID='create_company_table' AIRFLOW_CTX_EXECUTION_DATE='2023-11-08T00:00:00+00:00' AIRFLOW_CTX_TRY_NUMBER='1' AIRFLOW_CTX_DAG_RUN_ID='scheduled__2023-11-08T00:00:00+00:00'
[2024-09-27T18:17:07.313+0000] {logging_mixin.py:190} INFO - Task instance is in running state
[2024-09-27T18:17:07.314+0000] {logging_mixin.py:190} INFO -  Previous state of the Task instance: queued
[2024-09-27T18:17:07.321+0000] {logging_mixin.py:190} INFO - Current task name:create_company_table state:running start_date:2024-09-27 18:17:06.054642+00:00
[2024-09-27T18:17:07.331+0000] {logging_mixin.py:190} INFO - Dag name:scrape_and_save_share_prices_with_company_data and current dag run status:running
[2024-09-27T18:17:07.338+0000] {taskinstance.py:731} INFO - ::endgroup::
[2024-09-27T18:17:07.427+0000] {base.py:84} INFO - Retrieving connection 'dse_connection'
[2024-09-27T18:17:07.461+0000] {sql.py:509} INFO - Running statement: 
        CREATE TABLE IF NOT EXISTS company_list (
            company_id SERIAL PRIMARY KEY,
            company_trade_name VARCHAR(255) NOT NULL,
            company_url VARCHAR(255) NOT NULL,
            UNIQUE(company_trade_name)
        );
    , parameters: None
[2024-09-27T18:17:07.470+0000] {python.py:240} INFO - Done. Returned value was: None
[2024-09-27T18:17:07.565+0000] {taskinstance.py:340} INFO - ::group::Post task execution logs
[2024-09-27T18:17:07.570+0000] {taskinstance.py:352} INFO - Marking task as SUCCESS. dag_id=scrape_and_save_share_prices_with_company_data, task_id=create_company_table, run_id=scheduled__2023-11-08T00:00:00+00:00, execution_date=20231108T000000, start_date=20240927T181706, end_date=20240927T181707
[2024-09-27T18:17:07.690+0000] {logging_mixin.py:190} INFO - Task instance in success state
[2024-09-27T18:17:07.704+0000] {logging_mixin.py:190} INFO -  Previous state of the Task instance: running
[2024-09-27T18:17:07.722+0000] {logging_mixin.py:190} INFO - Dag name:scrape_and_save_share_prices_with_company_data queued_at:2024-09-27 18:16:56.012232+00:00
[2024-09-27T18:17:07.723+0000] {logging_mixin.py:190} INFO - Task hostname:13b5797a93ab operator:PythonOperator
[2024-09-27T18:17:07.854+0000] {local_task_job_runner.py:266} INFO - Task exited with return code 0
[2024-09-27T18:17:07.971+0000] {taskinstance.py:3900} INFO - 1 downstream tasks scheduled from follow-on schedule check
[2024-09-27T18:17:08.000+0000] {local_task_job_runner.py:245} INFO - ::endgroup::
[2024-09-27T22:06:16.008+0000] {local_task_job_runner.py:123} INFO - ::group::Pre task execution logs
[2024-09-27T22:06:16.065+0000] {taskinstance.py:2612} INFO - Dependencies all met for dep_context=non-requeueable deps ti=<TaskInstance: scrape_and_save_share_prices_with_company_data.create_company_table scheduled__2023-11-08T00:00:00+00:00 [queued]>
[2024-09-27T22:06:16.101+0000] {taskinstance.py:2612} INFO - Dependencies all met for dep_context=requeueable deps ti=<TaskInstance: scrape_and_save_share_prices_with_company_data.create_company_table scheduled__2023-11-08T00:00:00+00:00 [queued]>
[2024-09-27T22:06:16.102+0000] {taskinstance.py:2865} INFO - Starting attempt 1 of 2
[2024-09-27T22:06:16.179+0000] {taskinstance.py:2888} INFO - Executing <Task(PythonOperator): create_company_table> on 2023-11-08 00:00:00+00:00
[2024-09-27T22:06:16.196+0000] {warnings.py:112} WARNING - /home/***/.local/lib/python3.12/site-packages/***/task/task_runner/standard_task_runner.py:70: DeprecationWarning: This process (pid=1205) is multi-threaded, use of fork() may lead to deadlocks in the child.
  pid = os.fork()

[2024-09-27T22:06:16.201+0000] {standard_task_runner.py:72} INFO - Started process 1241 to run task
[2024-09-27T22:06:16.207+0000] {standard_task_runner.py:104} INFO - Running: ['***', 'tasks', 'run', 'scrape_and_save_share_prices_with_company_data', 'create_company_table', 'scheduled__2023-11-08T00:00:00+00:00', '--job-id', '2300', '--raw', '--subdir', 'DAGS_FOLDER/dag.py', '--cfg-path', '/tmp/tmpzhrwiukr']
[2024-09-27T22:06:16.216+0000] {standard_task_runner.py:105} INFO - Job 2300: Subtask create_company_table
[2024-09-27T22:06:16.504+0000] {task_command.py:467} INFO - Running <TaskInstance: scrape_and_save_share_prices_with_company_data.create_company_table scheduled__2023-11-08T00:00:00+00:00 [running]> on host fd62fe12432d
[2024-09-27T22:06:17.224+0000] {taskinstance.py:3131} INFO - Exporting env vars: AIRFLOW_CTX_DAG_OWNER='***' AIRFLOW_CTX_DAG_ID='scrape_and_save_share_prices_with_company_data' AIRFLOW_CTX_TASK_ID='create_company_table' AIRFLOW_CTX_EXECUTION_DATE='2023-11-08T00:00:00+00:00' AIRFLOW_CTX_TRY_NUMBER='1' AIRFLOW_CTX_DAG_RUN_ID='scheduled__2023-11-08T00:00:00+00:00'
[2024-09-27T22:06:17.228+0000] {logging_mixin.py:190} INFO - Task instance is in running state
[2024-09-27T22:06:17.235+0000] {logging_mixin.py:190} INFO -  Previous state of the Task instance: queued
[2024-09-27T22:06:17.243+0000] {logging_mixin.py:190} INFO - Current task name:create_company_table state:running start_date:2024-09-27 22:06:16.071490+00:00
[2024-09-27T22:06:17.244+0000] {logging_mixin.py:190} INFO - Dag name:scrape_and_save_share_prices_with_company_data and current dag run status:running
[2024-09-27T22:06:17.245+0000] {taskinstance.py:731} INFO - ::endgroup::
[2024-09-27T22:06:17.309+0000] {base.py:84} INFO - Retrieving connection 'dse_connection'
[2024-09-27T22:06:17.383+0000] {sql.py:509} INFO - Running statement: 
        CREATE TABLE IF NOT EXISTS company_list (
            company_id SERIAL PRIMARY KEY,
            company_trade_name VARCHAR(255) NOT NULL,
            company_url VARCHAR(255) NOT NULL,
            UNIQUE(company_trade_name)
        );
    , parameters: None
[2024-09-27T22:06:17.401+0000] {python.py:240} INFO - Done. Returned value was: None
[2024-09-27T22:06:17.448+0000] {taskinstance.py:340} INFO - ::group::Post task execution logs
[2024-09-27T22:06:17.451+0000] {taskinstance.py:352} INFO - Marking task as SUCCESS. dag_id=scrape_and_save_share_prices_with_company_data, task_id=create_company_table, run_id=scheduled__2023-11-08T00:00:00+00:00, execution_date=20231108T000000, start_date=20240927T220616, end_date=20240927T220617
[2024-09-27T22:06:17.570+0000] {logging_mixin.py:190} INFO - Task instance in success state
[2024-09-27T22:06:17.575+0000] {logging_mixin.py:190} INFO -  Previous state of the Task instance: running
[2024-09-27T22:06:17.578+0000] {logging_mixin.py:190} INFO - Dag name:scrape_and_save_share_prices_with_company_data queued_at:2024-09-27 22:05:42.049533+00:00
[2024-09-27T22:06:17.579+0000] {logging_mixin.py:190} INFO - Task hostname:fd62fe12432d operator:PythonOperator
[2024-09-27T22:06:17.647+0000] {local_task_job_runner.py:266} INFO - Task exited with return code 0
[2024-09-27T22:06:17.893+0000] {taskinstance.py:3900} INFO - 1 downstream tasks scheduled from follow-on schedule check
[2024-09-27T22:06:17.913+0000] {local_task_job_runner.py:245} INFO - ::endgroup::
[2024-09-27T22:46:44.079+0000] {local_task_job_runner.py:123} INFO - ::group::Pre task execution logs
[2024-09-27T22:46:44.141+0000] {taskinstance.py:2612} INFO - Dependencies all met for dep_context=non-requeueable deps ti=<TaskInstance: scrape_and_save_share_prices_with_company_data.create_company_table scheduled__2023-11-08T00:00:00+00:00 [queued]>
[2024-09-27T22:46:44.175+0000] {taskinstance.py:2612} INFO - Dependencies all met for dep_context=requeueable deps ti=<TaskInstance: scrape_and_save_share_prices_with_company_data.create_company_table scheduled__2023-11-08T00:00:00+00:00 [queued]>
[2024-09-27T22:46:44.176+0000] {taskinstance.py:2865} INFO - Starting attempt 1 of 2
[2024-09-27T22:46:44.222+0000] {taskinstance.py:2888} INFO - Executing <Task(PythonOperator): create_company_table> on 2023-11-08 00:00:00+00:00
[2024-09-27T22:46:44.260+0000] {warnings.py:112} WARNING - /home/***/.local/lib/python3.12/site-packages/***/task/task_runner/standard_task_runner.py:70: DeprecationWarning: This process (pid=982) is multi-threaded, use of fork() may lead to deadlocks in the child.
  pid = os.fork()

[2024-09-27T22:46:44.259+0000] {standard_task_runner.py:104} INFO - Running: ['***', 'tasks', 'run', 'scrape_and_save_share_prices_with_company_data', 'create_company_table', 'scheduled__2023-11-08T00:00:00+00:00', '--job-id', '2772', '--raw', '--subdir', 'DAGS_FOLDER/dag.py', '--cfg-path', '/tmp/tmp15u791yw']
[2024-09-27T22:46:44.274+0000] {standard_task_runner.py:72} INFO - Started process 992 to run task
[2024-09-27T22:46:44.274+0000] {standard_task_runner.py:105} INFO - Job 2772: Subtask create_company_table
[2024-09-27T22:46:44.541+0000] {task_command.py:467} INFO - Running <TaskInstance: scrape_and_save_share_prices_with_company_data.create_company_table scheduled__2023-11-08T00:00:00+00:00 [running]> on host 7746de5121f6
[2024-09-27T22:46:44.792+0000] {taskinstance.py:3131} INFO - Exporting env vars: AIRFLOW_CTX_DAG_OWNER='***' AIRFLOW_CTX_DAG_ID='scrape_and_save_share_prices_with_company_data' AIRFLOW_CTX_TASK_ID='create_company_table' AIRFLOW_CTX_EXECUTION_DATE='2023-11-08T00:00:00+00:00' AIRFLOW_CTX_TRY_NUMBER='1' AIRFLOW_CTX_DAG_RUN_ID='scheduled__2023-11-08T00:00:00+00:00'
[2024-09-27T22:46:44.796+0000] {logging_mixin.py:190} INFO - Task instance is in running state
[2024-09-27T22:46:44.798+0000] {logging_mixin.py:190} INFO -  Previous state of the Task instance: queued
[2024-09-27T22:46:44.799+0000] {logging_mixin.py:190} INFO - Current task name:create_company_table state:running start_date:2024-09-27 22:46:44.145454+00:00
[2024-09-27T22:46:44.809+0000] {logging_mixin.py:190} INFO - Dag name:scrape_and_save_share_prices_with_company_data and current dag run status:running
[2024-09-27T22:46:44.810+0000] {taskinstance.py:731} INFO - ::endgroup::
[2024-09-27T22:46:44.828+0000] {base.py:84} INFO - Retrieving connection 'dse_connection'
[2024-09-27T22:46:44.842+0000] {sql.py:509} INFO - Running statement: 
        CREATE TABLE IF NOT EXISTS company_list (
            company_id SERIAL PRIMARY KEY,
            company_trade_name VARCHAR(255) NOT NULL,
            company_url VARCHAR(255) NOT NULL,
            UNIQUE(company_trade_name)
        );
    , parameters: None
[2024-09-27T22:46:44.844+0000] {python.py:240} INFO - Done. Returned value was: None
[2024-09-27T22:46:44.873+0000] {taskinstance.py:340} INFO - ::group::Post task execution logs
[2024-09-27T22:46:44.874+0000] {taskinstance.py:352} INFO - Marking task as SUCCESS. dag_id=scrape_and_save_share_prices_with_company_data, task_id=create_company_table, run_id=scheduled__2023-11-08T00:00:00+00:00, execution_date=20231108T000000, start_date=20240927T224644, end_date=20240927T224644
[2024-09-27T22:46:44.912+0000] {logging_mixin.py:190} INFO - Task instance in success state
[2024-09-27T22:46:44.913+0000] {logging_mixin.py:190} INFO -  Previous state of the Task instance: running
[2024-09-27T22:46:44.915+0000] {logging_mixin.py:190} INFO - Dag name:scrape_and_save_share_prices_with_company_data queued_at:2024-09-27 22:46:33.408834+00:00
[2024-09-27T22:46:44.916+0000] {logging_mixin.py:190} INFO - Task hostname:7746de5121f6 operator:PythonOperator
[2024-09-27T22:46:44.965+0000] {local_task_job_runner.py:266} INFO - Task exited with return code 0
[2024-09-27T22:46:45.010+0000] {local_task_job_runner.py:245} INFO - ::endgroup::
