[2024-09-29T22:46:44.177+0000] {local_task_job_runner.py:123} INFO - ::group::Pre task execution logs
[2024-09-29T22:46:44.196+0000] {taskinstance.py:2612} INFO - Dependencies all met for dep_context=non-requeueable deps ti=<TaskInstance: scrape_and_save_share_prices_with_company_data.extract_and_save_company_basic_info manual__2024-09-29T22:46:00.898837+00:00 [queued]>
[2024-09-29T22:46:44.206+0000] {taskinstance.py:2612} INFO - Dependencies all met for dep_context=requeueable deps ti=<TaskInstance: scrape_and_save_share_prices_with_company_data.extract_and_save_company_basic_info manual__2024-09-29T22:46:00.898837+00:00 [queued]>
[2024-09-29T22:46:44.208+0000] {taskinstance.py:2865} INFO - Starting attempt 1 of 2
[2024-09-29T22:46:44.224+0000] {taskinstance.py:2888} INFO - Executing <Task(PythonOperator): extract_and_save_company_basic_info> on 2024-09-29 22:46:00.898837+00:00
[2024-09-29T22:46:44.232+0000] {warnings.py:112} WARNING - /home/***/.local/lib/python3.12/site-packages/***/task/task_runner/standard_task_runner.py:70: DeprecationWarning: This process (pid=18161) is multi-threaded, use of fork() may lead to deadlocks in the child.
  pid = os.fork()

[2024-09-29T22:46:44.234+0000] {standard_task_runner.py:72} INFO - Started process 18163 to run task
[2024-09-29T22:46:44.234+0000] {standard_task_runner.py:104} INFO - Running: ['***', 'tasks', 'run', 'scrape_and_save_share_prices_with_company_data', 'extract_and_save_company_basic_info', 'manual__2024-09-29T22:46:00.898837+00:00', '--job-id', '4207', '--raw', '--subdir', 'DAGS_FOLDER/dag.py', '--cfg-path', '/tmp/tmp5jy3bbta']
[2024-09-29T22:46:44.236+0000] {standard_task_runner.py:105} INFO - Job 4207: Subtask extract_and_save_company_basic_info
[2024-09-29T22:46:44.291+0000] {task_command.py:467} INFO - Running <TaskInstance: scrape_and_save_share_prices_with_company_data.extract_and_save_company_basic_info manual__2024-09-29T22:46:00.898837+00:00 [running]> on host 7746de5121f6
[2024-09-29T22:46:44.397+0000] {taskinstance.py:3131} INFO - Exporting env vars: AIRFLOW_CTX_DAG_OWNER='***' AIRFLOW_CTX_DAG_ID='scrape_and_save_share_prices_with_company_data' AIRFLOW_CTX_TASK_ID='extract_and_save_company_basic_info' AIRFLOW_CTX_EXECUTION_DATE='2024-09-29T22:46:00.898837+00:00' AIRFLOW_CTX_TRY_NUMBER='1' AIRFLOW_CTX_DAG_RUN_ID='manual__2024-09-29T22:46:00.898837+00:00'
[2024-09-29T22:46:44.399+0000] {logging_mixin.py:190} INFO - Task instance is in running state
[2024-09-29T22:46:44.400+0000] {logging_mixin.py:190} INFO -  Previous state of the Task instance: queued
[2024-09-29T22:46:44.400+0000] {logging_mixin.py:190} INFO - Current task name:extract_and_save_company_basic_info state:running start_date:2024-09-29 22:46:44.197673+00:00
[2024-09-29T22:46:44.401+0000] {logging_mixin.py:190} INFO - Dag name:scrape_and_save_share_prices_with_company_data and current dag run status:running
[2024-09-29T22:46:44.402+0000] {taskinstance.py:731} INFO - ::endgroup::
[2024-09-29T22:46:44.414+0000] {base.py:84} INFO - Retrieving connection 'dse_connection'
[2024-09-29T22:46:47.694+0000] {base.py:84} INFO - Retrieving connection 'dse_connection'
[2024-09-29T22:46:47.699+0000] {sql.py:509} INFO - Running statement: 
                INSERT INTO company_basic_info (date, authorized_capital, paid_up_capital, type_of_instrument, face_per_value, market_lot,
                                                total_no_outstanding_securities, sector, company_id) 
                VALUES (%s, %s, %s, %s, %s, %s, %s, %s, %s);
            , parameters: (datetime.datetime(2024, 9, 29, 22, 46, 47, 685730), 0, '2,899.23', 'Mutual Funds', '10.0', '1', '289,923,349', 'Mutual Funds', 1)
[2024-09-29T22:46:47.703+0000] {sql.py:518} INFO - Rows affected: 1
[2024-09-29T22:46:50.077+0000] {base.py:84} INFO - Retrieving connection 'dse_connection'
[2024-09-29T22:46:50.086+0000] {sql.py:509} INFO - Running statement: 
                INSERT INTO company_basic_info (date, authorized_capital, paid_up_capital, type_of_instrument, face_per_value, market_lot,
                                                total_no_outstanding_securities, sector, company_id) 
                VALUES (%s, %s, %s, %s, %s, %s, %s, %s, %s);
            , parameters: (datetime.datetime(2024, 9, 29, 22, 46, 50, 65176), 0, '200.00', 'Mutual Funds', '10.0', '1', '20,000,000', 'Mutual Funds', 2)
[2024-09-29T22:46:50.090+0000] {sql.py:518} INFO - Rows affected: 1
[2024-09-29T22:46:52.708+0000] {base.py:84} INFO - Retrieving connection 'dse_connection'
[2024-09-29T22:46:52.715+0000] {sql.py:509} INFO - Running statement: 
                INSERT INTO company_basic_info (date, authorized_capital, paid_up_capital, type_of_instrument, face_per_value, market_lot,
                                                total_no_outstanding_securities, sector, company_id) 
                VALUES (%s, %s, %s, %s, %s, %s, %s, %s, %s);
            , parameters: (datetime.datetime(2024, 9, 29, 22, 46, 52, 700477), '1,000.00', '929.80', 'Equity', '10.0', '1', '92,979,912', 'IT Sector', 3)
[2024-09-29T22:46:52.719+0000] {sql.py:518} INFO - Rows affected: 1
[2024-09-29T22:46:57.010+0000] {base.py:84} INFO - Retrieving connection 'dse_connection'
[2024-09-29T22:46:57.014+0000] {sql.py:509} INFO - Running statement: 
                INSERT INTO company_basic_info (date, authorized_capital, paid_up_capital, type_of_instrument, face_per_value, market_lot,
                                                total_no_outstanding_securities, sector, company_id) 
                VALUES (%s, %s, %s, %s, %s, %s, %s, %s, %s);
            , parameters: (datetime.datetime(2024, 9, 29, 22, 46, 57, 2627), '1,000.00', '647.07', 'Equity', '10.0', '1', '64,707,442', 'IT Sector', 4)
[2024-09-29T22:46:57.017+0000] {sql.py:518} INFO - Rows affected: 1
[2024-09-29T22:46:59.587+0000] {base.py:84} INFO - Retrieving connection 'dse_connection'
[2024-09-29T22:46:59.591+0000] {sql.py:509} INFO - Running statement: 
                INSERT INTO company_basic_info (date, authorized_capital, paid_up_capital, type_of_instrument, face_per_value, market_lot,
                                                total_no_outstanding_securities, sector, company_id) 
                VALUES (%s, %s, %s, %s, %s, %s, %s, %s, %s);
            , parameters: (datetime.datetime(2024, 9, 29, 22, 46, 59, 579472), 0, '2,390.90', 'Mutual Funds', '10.0', '1', '239,090,396', 'Mutual Funds', 5)
[2024-09-29T22:46:59.595+0000] {sql.py:518} INFO - Rows affected: 1
[2024-09-29T22:47:01.866+0000] {base.py:84} INFO - Retrieving connection 'dse_connection'
[2024-09-29T22:47:01.870+0000] {sql.py:509} INFO - Running statement: 
                INSERT INTO company_basic_info (date, authorized_capital, paid_up_capital, type_of_instrument, face_per_value, market_lot,
                                                total_no_outstanding_securities, sector, company_id) 
                VALUES (%s, %s, %s, %s, %s, %s, %s, %s, %s);
            , parameters: (datetime.datetime(2024, 9, 29, 22, 47, 1, 859265), '15,000.00', '8,956.95', 'Equity', '10.0', '1', '895,694,749', 'Bank', 6)
[2024-09-29T22:47:01.873+0000] {sql.py:518} INFO - Rows affected: 1
[2024-09-29T22:47:05.503+0000] {base.py:84} INFO - Retrieving connection 'dse_connection'
[2024-09-29T22:47:05.507+0000] {sql.py:509} INFO - Running statement: 
                INSERT INTO company_basic_info (date, authorized_capital, paid_up_capital, type_of_instrument, face_per_value, market_lot,
                                                total_no_outstanding_securities, sector, company_id) 
                VALUES (%s, %s, %s, %s, %s, %s, %s, %s, %s);
            , parameters: (datetime.datetime(2024, 9, 29, 22, 47, 5, 496886), '2,000.00', '1,008.33', 'Equity', '10.0', '1', '100,833,333', 'Textile', 7)
[2024-09-29T22:47:05.510+0000] {sql.py:518} INFO - Rows affected: 1
[2024-09-29T22:47:08.771+0000] {base.py:84} INFO - Retrieving connection 'dse_connection'
[2024-09-29T22:47:08.776+0000] {sql.py:509} INFO - Running statement: 
                INSERT INTO company_basic_info (date, authorized_capital, paid_up_capital, type_of_instrument, face_per_value, market_lot,
                                                total_no_outstanding_securities, sector, company_id) 
                VALUES (%s, %s, %s, %s, %s, %s, %s, %s, %s);
            , parameters: (datetime.datetime(2024, 9, 29, 22, 47, 8, 763678), '1,500.00', '762.06', 'Equity', '10.0', '1', '76,205,626', 'Pharmaceuticals & Chemicals', 8)
[2024-09-29T22:47:08.779+0000] {sql.py:518} INFO - Rows affected: 1
[2024-09-29T22:47:11.836+0000] {base.py:84} INFO - Retrieving connection 'dse_connection'
[2024-09-29T22:47:11.840+0000] {sql.py:509} INFO - Running statement: 
                INSERT INTO company_basic_info (date, authorized_capital, paid_up_capital, type_of_instrument, face_per_value, market_lot,
                                                total_no_outstanding_securities, sector, company_id) 
                VALUES (%s, %s, %s, %s, %s, %s, %s, %s, %s);
            , parameters: (datetime.datetime(2024, 9, 29, 22, 47, 11, 830181), '500.00', '472.50', 'Equity', '10.0', '1', '47,250,000', 'Pharmaceuticals & Chemicals', 9)
[2024-09-29T22:47:11.844+0000] {sql.py:518} INFO - Rows affected: 1
[2024-09-29T22:47:14.076+0000] {base.py:84} INFO - Retrieving connection 'dse_connection'
[2024-09-29T22:47:14.080+0000] {sql.py:509} INFO - Running statement: 
                INSERT INTO company_basic_info (date, authorized_capital, paid_up_capital, type_of_instrument, face_per_value, market_lot,
                                                total_no_outstanding_securities, sector, company_id) 
                VALUES (%s, %s, %s, %s, %s, %s, %s, %s, %s);
            , parameters: (datetime.datetime(2024, 9, 29, 22, 47, 14, 69630), '5,000.00', '2,116.02', 'Equity', '10.0', '1', '211,601,700', 'Pharmaceuticals & Chemicals', 10)
[2024-09-29T22:47:14.083+0000] {sql.py:518} INFO - Rows affected: 1
[2024-09-29T22:47:16.487+0000] {base.py:84} INFO - Retrieving connection 'dse_connection'
[2024-09-29T22:47:16.491+0000] {sql.py:509} INFO - Running statement: 
                INSERT INTO company_basic_info (date, authorized_capital, paid_up_capital, type_of_instrument, face_per_value, market_lot,
                                                total_no_outstanding_securities, sector, company_id) 
                VALUES (%s, %s, %s, %s, %s, %s, %s, %s, %s);
            , parameters: (datetime.datetime(2024, 9, 29, 22, 47, 16, 478097), '1,500.00', '1,350.00', 'Equity', '10.0', '1', '135,000,000', 'Pharmaceuticals & Chemicals', 11)
[2024-09-29T22:47:16.494+0000] {sql.py:518} INFO - Rows affected: 1
[2024-09-29T22:47:33.895+0000] {taskinstance.py:3310} ERROR - Task failed with exception
Traceback (most recent call last):
  File "/home/airflow/.local/lib/python3.12/site-packages/airflow/models/taskinstance.py", line 767, in _execute_task
    result = _execute_callable(context=context, **execute_callable_kwargs)
             ^^^^^^^^^^^^^^^^^^^^^^^^^^^^^^^^^^^^^^^^^^^^^^^^^^^^^^^^^^^^^
  File "/home/airflow/.local/lib/python3.12/site-packages/airflow/models/taskinstance.py", line 733, in _execute_callable
    return ExecutionCallableRunner(
           ^^^^^^^^^^^^^^^^^^^^^^^^
  File "/home/airflow/.local/lib/python3.12/site-packages/airflow/utils/operator_helpers.py", line 252, in run
    return self.func(*args, **kwargs)
           ^^^^^^^^^^^^^^^^^^^^^^^^^^
  File "/home/airflow/.local/lib/python3.12/site-packages/airflow/models/baseoperator.py", line 406, in wrapper
    return func(self, *args, **kwargs)
           ^^^^^^^^^^^^^^^^^^^^^^^^^^^
  File "/home/airflow/.local/lib/python3.12/site-packages/airflow/operators/python.py", line 238, in execute
    return_value = self.execute_callable()
                   ^^^^^^^^^^^^^^^^^^^^^^^
  File "/home/airflow/.local/lib/python3.12/site-packages/airflow/operators/python.py", line 256, in execute_callable
    return runner.run(*self.op_args, **self.op_kwargs)
           ^^^^^^^^^^^^^^^^^^^^^^^^^^^^^^^^^^^^^^^^^^^
  File "/home/airflow/.local/lib/python3.12/site-packages/airflow/utils/operator_helpers.py", line 252, in run
    return self.func(*args, **kwargs)
           ^^^^^^^^^^^^^^^^^^^^^^^^^^
  File "/opt/airflow/dags/dag.py", line 176, in extract_and_save_company_basic_data
    for tr in tables[1].find_all('tr'):  # Skip the header row
              ~~~~~~^^^
IndexError: list index out of range
[2024-09-29T22:47:33.921+0000] {logging_mixin.py:190} INFO - Task instance in failure state
[2024-09-29T22:47:33.922+0000] {logging_mixin.py:190} INFO - Task start:2024-09-29 22:46:44.197673+00:00 end:2024-09-29 22:47:33.920934+00:00 duration:49.723261
[2024-09-29T22:47:33.923+0000] {logging_mixin.py:190} INFO - Task:<Task(PythonOperator): extract_and_save_company_basic_info> dag:<DAG: scrape_and_save_share_prices_with_company_data> dagrun:<DagRun scrape_and_save_share_prices_with_company_data @ 2024-09-29 22:46:00.898837+00:00: manual__2024-09-29T22:46:00.898837+00:00, state:running, queued_at: 2024-09-29 22:46:00.916113+00:00. externally triggered: True>
[2024-09-29T22:47:33.923+0000] {logging_mixin.py:190} INFO - Failure caused by list index out of range
[2024-09-29T22:47:33.924+0000] {taskinstance.py:1225} INFO - Marking task as UP_FOR_RETRY. dag_id=scrape_and_save_share_prices_with_company_data, task_id=extract_and_save_company_basic_info, run_id=manual__2024-09-29T22:46:00.898837+00:00, execution_date=20240929T224600, start_date=20240929T224644, end_date=20240929T224733
[2024-09-29T22:47:33.949+0000] {taskinstance.py:340} INFO - ::group::Post task execution logs
[2024-09-29T22:47:33.950+0000] {standard_task_runner.py:124} ERROR - Failed to execute job 4207 for task extract_and_save_company_basic_info (list index out of range; 18163)
Traceback (most recent call last):
  File "/home/airflow/.local/lib/python3.12/site-packages/airflow/task/task_runner/standard_task_runner.py", line 117, in _start_by_fork
    ret = args.func(args, dag=self.dag)
          ^^^^^^^^^^^^^^^^^^^^^^^^^^^^^
  File "/home/airflow/.local/lib/python3.12/site-packages/airflow/cli/cli_config.py", line 49, in command
    return func(*args, **kwargs)
           ^^^^^^^^^^^^^^^^^^^^^
  File "/home/airflow/.local/lib/python3.12/site-packages/airflow/utils/cli.py", line 115, in wrapper
    return f(*args, **kwargs)
           ^^^^^^^^^^^^^^^^^^
  File "/home/airflow/.local/lib/python3.12/site-packages/airflow/cli/commands/task_command.py", line 483, in task_run
    task_return_code = _run_task_by_selected_method(args, _dag, ti)
                       ^^^^^^^^^^^^^^^^^^^^^^^^^^^^^^^^^^^^^^^^^^^^
  File "/home/airflow/.local/lib/python3.12/site-packages/airflow/cli/commands/task_command.py", line 256, in _run_task_by_selected_method
    return _run_raw_task(args, ti)
           ^^^^^^^^^^^^^^^^^^^^^^^
  File "/home/airflow/.local/lib/python3.12/site-packages/airflow/cli/commands/task_command.py", line 341, in _run_raw_task
    return ti._run_raw_task(
           ^^^^^^^^^^^^^^^^^
  File "/home/airflow/.local/lib/python3.12/site-packages/airflow/utils/session.py", line 97, in wrapper
    return func(*args, session=session, **kwargs)
           ^^^^^^^^^^^^^^^^^^^^^^^^^^^^^^^^^^^^^^
  File "/home/airflow/.local/lib/python3.12/site-packages/airflow/models/taskinstance.py", line 3004, in _run_raw_task
    return _run_raw_task(
           ^^^^^^^^^^^^^^
  File "/home/airflow/.local/lib/python3.12/site-packages/airflow/models/taskinstance.py", line 273, in _run_raw_task
    TaskInstance._execute_task_with_callbacks(
  File "/home/airflow/.local/lib/python3.12/site-packages/airflow/models/taskinstance.py", line 3158, in _execute_task_with_callbacks
    result = self._execute_task(context, task_orig)
             ^^^^^^^^^^^^^^^^^^^^^^^^^^^^^^^^^^^^^^
  File "/home/airflow/.local/lib/python3.12/site-packages/airflow/models/taskinstance.py", line 3182, in _execute_task
    return _execute_task(self, context, task_orig)
           ^^^^^^^^^^^^^^^^^^^^^^^^^^^^^^^^^^^^^^^
  File "/home/airflow/.local/lib/python3.12/site-packages/airflow/models/taskinstance.py", line 767, in _execute_task
    result = _execute_callable(context=context, **execute_callable_kwargs)
             ^^^^^^^^^^^^^^^^^^^^^^^^^^^^^^^^^^^^^^^^^^^^^^^^^^^^^^^^^^^^^
  File "/home/airflow/.local/lib/python3.12/site-packages/airflow/models/taskinstance.py", line 733, in _execute_callable
    return ExecutionCallableRunner(
           ^^^^^^^^^^^^^^^^^^^^^^^^
  File "/home/airflow/.local/lib/python3.12/site-packages/airflow/utils/operator_helpers.py", line 252, in run
    return self.func(*args, **kwargs)
           ^^^^^^^^^^^^^^^^^^^^^^^^^^
  File "/home/airflow/.local/lib/python3.12/site-packages/airflow/models/baseoperator.py", line 406, in wrapper
    return func(self, *args, **kwargs)
           ^^^^^^^^^^^^^^^^^^^^^^^^^^^
  File "/home/airflow/.local/lib/python3.12/site-packages/airflow/operators/python.py", line 238, in execute
    return_value = self.execute_callable()
                   ^^^^^^^^^^^^^^^^^^^^^^^
  File "/home/airflow/.local/lib/python3.12/site-packages/airflow/operators/python.py", line 256, in execute_callable
    return runner.run(*self.op_args, **self.op_kwargs)
           ^^^^^^^^^^^^^^^^^^^^^^^^^^^^^^^^^^^^^^^^^^^
  File "/home/airflow/.local/lib/python3.12/site-packages/airflow/utils/operator_helpers.py", line 252, in run
    return self.func(*args, **kwargs)
           ^^^^^^^^^^^^^^^^^^^^^^^^^^
  File "/opt/airflow/dags/dag.py", line 176, in extract_and_save_company_basic_data
    for tr in tables[1].find_all('tr'):  # Skip the header row
              ~~~~~~^^^
IndexError: list index out of range
[2024-09-29T22:47:33.988+0000] {local_task_job_runner.py:266} INFO - Task exited with return code 1
[2024-09-29T22:47:34.014+0000] {taskinstance.py:3900} INFO - 0 downstream tasks scheduled from follow-on schedule check
[2024-09-29T22:47:34.017+0000] {local_task_job_runner.py:245} INFO - ::endgroup::
