[2024-09-27T18:07:43.820+0000] {local_task_job_runner.py:123} INFO - ::group::Pre task execution logs
[2024-09-27T18:07:43.886+0000] {taskinstance.py:2612} INFO - Dependencies all met for dep_context=non-requeueable deps ti=<TaskInstance: scrape_and_save_share_prices_with_company_data.create_company_table scheduled__2023-10-09T00:00:00+00:00 [queued]>
[2024-09-27T18:07:43.953+0000] {taskinstance.py:2612} INFO - Dependencies all met for dep_context=requeueable deps ti=<TaskInstance: scrape_and_save_share_prices_with_company_data.create_company_table scheduled__2023-10-09T00:00:00+00:00 [queued]>
[2024-09-27T18:07:43.956+0000] {taskinstance.py:2865} INFO - Starting attempt 1 of 2
[2024-09-27T18:07:44.054+0000] {taskinstance.py:2888} INFO - Executing <Task(PythonOperator): create_company_table> on 2023-10-09 00:00:00+00:00
[2024-09-27T18:07:44.079+0000] {warnings.py:112} WARNING - /home/***/.local/lib/python3.12/site-packages/***/task/task_runner/standard_task_runner.py:70: DeprecationWarning: This process (pid=11742) is multi-threaded, use of fork() may lead to deadlocks in the child.
  pid = os.fork()

[2024-09-27T18:07:44.082+0000] {standard_task_runner.py:72} INFO - Started process 11808 to run task
[2024-09-27T18:07:44.083+0000] {standard_task_runner.py:104} INFO - Running: ['***', 'tasks', 'run', 'scrape_and_save_share_prices_with_company_data', 'create_company_table', 'scheduled__2023-10-09T00:00:00+00:00', '--job-id', '1101', '--raw', '--subdir', 'DAGS_FOLDER/dag.py', '--cfg-path', '/tmp/tmp5ag5_fq3']
[2024-09-27T18:07:44.090+0000] {standard_task_runner.py:105} INFO - Job 1101: Subtask create_company_table
[2024-09-27T18:07:44.281+0000] {task_command.py:467} INFO - Running <TaskInstance: scrape_and_save_share_prices_with_company_data.create_company_table scheduled__2023-10-09T00:00:00+00:00 [running]> on host 13b5797a93ab
[2024-09-27T18:07:44.643+0000] {taskinstance.py:3131} INFO - Exporting env vars: AIRFLOW_CTX_DAG_OWNER='***' AIRFLOW_CTX_DAG_ID='scrape_and_save_share_prices_with_company_data' AIRFLOW_CTX_TASK_ID='create_company_table' AIRFLOW_CTX_EXECUTION_DATE='2023-10-09T00:00:00+00:00' AIRFLOW_CTX_TRY_NUMBER='1' AIRFLOW_CTX_DAG_RUN_ID='scheduled__2023-10-09T00:00:00+00:00'
[2024-09-27T18:07:44.648+0000] {logging_mixin.py:190} INFO - Task instance is in running state
[2024-09-27T18:07:44.650+0000] {logging_mixin.py:190} INFO -  Previous state of the Task instance: queued
[2024-09-27T18:07:44.652+0000] {logging_mixin.py:190} INFO - Current task name:create_company_table state:running start_date:2024-09-27 18:07:43.892382+00:00
[2024-09-27T18:07:44.654+0000] {logging_mixin.py:190} INFO - Dag name:scrape_and_save_share_prices_with_company_data and current dag run status:running
[2024-09-27T18:07:44.656+0000] {taskinstance.py:731} INFO - ::endgroup::
[2024-09-27T18:07:44.721+0000] {base.py:84} INFO - Retrieving connection 'dse_connection'
[2024-09-27T18:07:44.730+0000] {sql.py:509} INFO - Running statement: 
        CREATE TABLE IF NOT EXISTS company_list (
            company_id SERIAL PRIMARY KEY,
            company_trade_name VARCHAR(255) NOT NULL,
            company_url VARCHAR(255) NOT NULL,
            UNIQUE(company_trade_name)
        );
    , parameters: None
[2024-09-27T18:07:44.736+0000] {python.py:240} INFO - Done. Returned value was: None
[2024-09-27T18:07:44.799+0000] {taskinstance.py:340} INFO - ::group::Post task execution logs
[2024-09-27T18:07:44.800+0000] {taskinstance.py:352} INFO - Marking task as SUCCESS. dag_id=scrape_and_save_share_prices_with_company_data, task_id=create_company_table, run_id=scheduled__2023-10-09T00:00:00+00:00, execution_date=20231009T000000, start_date=20240927T180743, end_date=20240927T180744
[2024-09-27T18:07:44.899+0000] {logging_mixin.py:190} INFO - Task instance in success state
[2024-09-27T18:07:44.900+0000] {logging_mixin.py:190} INFO -  Previous state of the Task instance: running
[2024-09-27T18:07:44.902+0000] {logging_mixin.py:190} INFO - Dag name:scrape_and_save_share_prices_with_company_data queued_at:2024-09-27 18:06:55.586505+00:00
[2024-09-27T18:07:44.903+0000] {logging_mixin.py:190} INFO - Task hostname:13b5797a93ab operator:PythonOperator
[2024-09-27T18:07:44.941+0000] {local_task_job_runner.py:266} INFO - Task exited with return code 0
[2024-09-27T18:07:45.109+0000] {taskinstance.py:3900} INFO - 1 downstream tasks scheduled from follow-on schedule check
[2024-09-27T18:07:45.125+0000] {local_task_job_runner.py:245} INFO - ::endgroup::
[2024-09-27T21:51:57.464+0000] {local_task_job_runner.py:123} INFO - ::group::Pre task execution logs
[2024-09-27T21:51:57.519+0000] {taskinstance.py:2612} INFO - Dependencies all met for dep_context=non-requeueable deps ti=<TaskInstance: scrape_and_save_share_prices_with_company_data.create_company_table scheduled__2023-10-09T00:00:00+00:00 [queued]>
[2024-09-27T21:51:57.543+0000] {taskinstance.py:2612} INFO - Dependencies all met for dep_context=requeueable deps ti=<TaskInstance: scrape_and_save_share_prices_with_company_data.create_company_table scheduled__2023-10-09T00:00:00+00:00 [queued]>
[2024-09-27T21:51:57.544+0000] {taskinstance.py:2865} INFO - Starting attempt 1 of 2
[2024-09-27T21:51:57.605+0000] {taskinstance.py:2888} INFO - Executing <Task(PythonOperator): create_company_table> on 2023-10-09 00:00:00+00:00
[2024-09-27T21:51:57.624+0000] {warnings.py:112} WARNING - /home/***/.local/lib/python3.12/site-packages/***/task/task_runner/standard_task_runner.py:70: DeprecationWarning: This process (pid=406) is multi-threaded, use of fork() may lead to deadlocks in the child.
  pid = os.fork()

[2024-09-27T21:51:57.634+0000] {standard_task_runner.py:72} INFO - Started process 463 to run task
[2024-09-27T21:51:57.633+0000] {standard_task_runner.py:104} INFO - Running: ['***', 'tasks', 'run', 'scrape_and_save_share_prices_with_company_data', 'create_company_table', 'scheduled__2023-10-09T00:00:00+00:00', '--job-id', '2143', '--raw', '--subdir', 'DAGS_FOLDER/dag.py', '--cfg-path', '/tmp/tmpf43s9wqe']
[2024-09-27T21:51:57.636+0000] {standard_task_runner.py:105} INFO - Job 2143: Subtask create_company_table
[2024-09-27T21:51:57.839+0000] {task_command.py:467} INFO - Running <TaskInstance: scrape_and_save_share_prices_with_company_data.create_company_table scheduled__2023-10-09T00:00:00+00:00 [running]> on host fd62fe12432d
[2024-09-27T21:51:58.161+0000] {taskinstance.py:3131} INFO - Exporting env vars: AIRFLOW_CTX_DAG_OWNER='***' AIRFLOW_CTX_DAG_ID='scrape_and_save_share_prices_with_company_data' AIRFLOW_CTX_TASK_ID='create_company_table' AIRFLOW_CTX_EXECUTION_DATE='2023-10-09T00:00:00+00:00' AIRFLOW_CTX_TRY_NUMBER='1' AIRFLOW_CTX_DAG_RUN_ID='scheduled__2023-10-09T00:00:00+00:00'
[2024-09-27T21:51:58.167+0000] {logging_mixin.py:190} INFO - Task instance is in running state
[2024-09-27T21:51:58.168+0000] {logging_mixin.py:190} INFO -  Previous state of the Task instance: queued
[2024-09-27T21:51:58.169+0000] {logging_mixin.py:190} INFO - Current task name:create_company_table state:running start_date:2024-09-27 21:51:57.521116+00:00
[2024-09-27T21:51:58.171+0000] {logging_mixin.py:190} INFO - Dag name:scrape_and_save_share_prices_with_company_data and current dag run status:running
[2024-09-27T21:51:58.173+0000] {taskinstance.py:731} INFO - ::endgroup::
[2024-09-27T21:51:58.198+0000] {base.py:84} INFO - Retrieving connection 'dse_connection'
[2024-09-27T21:52:19.265+0000] {logging_mixin.py:190} INFO - Error creating company table: connection to server at "172.23.0.3", port 5432 failed: Connection refused
	Is the server running on that host and accepting TCP/IP connections?
[2024-09-27T21:52:19.267+0000] {python.py:240} INFO - Done. Returned value was: None
[2024-09-27T21:52:19.295+0000] {taskinstance.py:340} INFO - ::group::Post task execution logs
[2024-09-27T21:52:19.297+0000] {taskinstance.py:352} INFO - Marking task as SUCCESS. dag_id=scrape_and_save_share_prices_with_company_data, task_id=create_company_table, run_id=scheduled__2023-10-09T00:00:00+00:00, execution_date=20231009T000000, start_date=20240927T215157, end_date=20240927T215219
[2024-09-27T21:52:19.406+0000] {logging_mixin.py:190} INFO - Task instance in success state
[2024-09-27T21:52:19.407+0000] {logging_mixin.py:190} INFO -  Previous state of the Task instance: running
[2024-09-27T21:52:19.409+0000] {logging_mixin.py:190} INFO - Dag name:scrape_and_save_share_prices_with_company_data queued_at:2024-09-27 21:51:05.202271+00:00
[2024-09-27T21:52:19.415+0000] {logging_mixin.py:190} INFO - Task hostname:fd62fe12432d operator:PythonOperator
[2024-09-27T21:52:19.441+0000] {local_task_job_runner.py:266} INFO - Task exited with return code 0
[2024-09-27T21:52:19.505+0000] {taskinstance.py:3900} INFO - 1 downstream tasks scheduled from follow-on schedule check
[2024-09-27T21:52:19.516+0000] {local_task_job_runner.py:245} INFO - ::endgroup::
[2024-09-27T22:37:02.769+0000] {local_task_job_runner.py:123} INFO - ::group::Pre task execution logs
[2024-09-27T22:37:02.844+0000] {taskinstance.py:2612} INFO - Dependencies all met for dep_context=non-requeueable deps ti=<TaskInstance: scrape_and_save_share_prices_with_company_data.create_company_table scheduled__2023-10-09T00:00:00+00:00 [queued]>
[2024-09-27T22:37:02.868+0000] {taskinstance.py:2612} INFO - Dependencies all met for dep_context=requeueable deps ti=<TaskInstance: scrape_and_save_share_prices_with_company_data.create_company_table scheduled__2023-10-09T00:00:00+00:00 [queued]>
[2024-09-27T22:37:02.874+0000] {taskinstance.py:2865} INFO - Starting attempt 1 of 2
[2024-09-27T22:37:02.945+0000] {taskinstance.py:2888} INFO - Executing <Task(PythonOperator): create_company_table> on 2023-10-09 00:00:00+00:00
[2024-09-27T22:37:03.014+0000] {warnings.py:112} WARNING - /home/***/.local/lib/python3.12/site-packages/***/task/task_runner/standard_task_runner.py:70: DeprecationWarning: This process (pid=208) is multi-threaded, use of fork() may lead to deadlocks in the child.
  pid = os.fork()

[2024-09-27T22:37:03.037+0000] {standard_task_runner.py:72} INFO - Started process 289 to run task
[2024-09-27T22:37:03.027+0000] {standard_task_runner.py:104} INFO - Running: ['***', 'tasks', 'run', 'scrape_and_save_share_prices_with_company_data', 'create_company_table', 'scheduled__2023-10-09T00:00:00+00:00', '--job-id', '2615', '--raw', '--subdir', 'DAGS_FOLDER/dag.py', '--cfg-path', '/tmp/tmpzgcsbtkq']
[2024-09-27T22:37:03.046+0000] {standard_task_runner.py:105} INFO - Job 2615: Subtask create_company_table
[2024-09-27T22:37:03.362+0000] {task_command.py:467} INFO - Running <TaskInstance: scrape_and_save_share_prices_with_company_data.create_company_table scheduled__2023-10-09T00:00:00+00:00 [running]> on host 7746de5121f6
[2024-09-27T22:37:03.914+0000] {taskinstance.py:3131} INFO - Exporting env vars: AIRFLOW_CTX_DAG_OWNER='***' AIRFLOW_CTX_DAG_ID='scrape_and_save_share_prices_with_company_data' AIRFLOW_CTX_TASK_ID='create_company_table' AIRFLOW_CTX_EXECUTION_DATE='2023-10-09T00:00:00+00:00' AIRFLOW_CTX_TRY_NUMBER='1' AIRFLOW_CTX_DAG_RUN_ID='scheduled__2023-10-09T00:00:00+00:00'
[2024-09-27T22:37:03.917+0000] {logging_mixin.py:190} INFO - Task instance is in running state
[2024-09-27T22:37:03.918+0000] {logging_mixin.py:190} INFO -  Previous state of the Task instance: queued
[2024-09-27T22:37:03.920+0000] {logging_mixin.py:190} INFO - Current task name:create_company_table state:running start_date:2024-09-27 22:37:02.845346+00:00
[2024-09-27T22:37:03.921+0000] {logging_mixin.py:190} INFO - Dag name:scrape_and_save_share_prices_with_company_data and current dag run status:running
[2024-09-27T22:37:03.922+0000] {taskinstance.py:731} INFO - ::endgroup::
[2024-09-27T22:37:03.949+0000] {base.py:84} INFO - Retrieving connection 'dse_connection'
[2024-09-27T22:37:03.991+0000] {sql.py:509} INFO - Running statement: 
        CREATE TABLE IF NOT EXISTS company_list (
            company_id SERIAL PRIMARY KEY,
            company_trade_name VARCHAR(255) NOT NULL,
            company_url VARCHAR(255) NOT NULL,
            UNIQUE(company_trade_name)
        );
    , parameters: None
[2024-09-27T22:37:03.998+0000] {python.py:240} INFO - Done. Returned value was: None
[2024-09-27T22:37:04.054+0000] {taskinstance.py:340} INFO - ::group::Post task execution logs
[2024-09-27T22:37:04.055+0000] {taskinstance.py:352} INFO - Marking task as SUCCESS. dag_id=scrape_and_save_share_prices_with_company_data, task_id=create_company_table, run_id=scheduled__2023-10-09T00:00:00+00:00, execution_date=20231009T000000, start_date=20240927T223702, end_date=20240927T223704
[2024-09-27T22:37:04.092+0000] {logging_mixin.py:190} INFO - Task instance in success state
[2024-09-27T22:37:04.097+0000] {logging_mixin.py:190} INFO -  Previous state of the Task instance: running
[2024-09-27T22:37:04.098+0000] {logging_mixin.py:190} INFO - Dag name:scrape_and_save_share_prices_with_company_data queued_at:2024-09-27 22:34:40.834315+00:00
[2024-09-27T22:37:04.100+0000] {logging_mixin.py:190} INFO - Task hostname:7746de5121f6 operator:PythonOperator
[2024-09-27T22:37:04.218+0000] {local_task_job_runner.py:266} INFO - Task exited with return code 0
[2024-09-27T22:37:04.510+0000] {taskinstance.py:3900} INFO - 1 downstream tasks scheduled from follow-on schedule check
[2024-09-27T22:37:04.539+0000] {local_task_job_runner.py:245} INFO - ::endgroup::
