[2024-09-27T18:21:05.704+0000] {local_task_job_runner.py:123} INFO - ::group::Pre task execution logs
[2024-09-27T18:21:05.797+0000] {taskinstance.py:2612} INFO - Dependencies all met for dep_context=non-requeueable deps ti=<TaskInstance: scrape_and_save_share_prices_with_company_data.create_company_table scheduled__2023-11-26T00:00:00+00:00 [queued]>
[2024-09-27T18:21:05.822+0000] {taskinstance.py:2612} INFO - Dependencies all met for dep_context=requeueable deps ti=<TaskInstance: scrape_and_save_share_prices_with_company_data.create_company_table scheduled__2023-11-26T00:00:00+00:00 [queued]>
[2024-09-27T18:21:06.320+0000] {taskinstance.py:2865} INFO - Starting attempt 1 of 2
[2024-09-27T18:21:09.957+0000] {taskinstance.py:2888} INFO - Executing <Task(PythonOperator): create_company_table> on 2023-11-26 00:00:00+00:00
[2024-09-27T18:21:09.983+0000] {standard_task_runner.py:104} INFO - Running: ['***', 'tasks', 'run', 'scrape_and_save_share_prices_with_company_data', 'create_company_table', 'scheduled__2023-11-26T00:00:00+00:00', '--job-id', '1319', '--raw', '--subdir', 'DAGS_FOLDER/dag.py', '--cfg-path', '/tmp/tmpbwje9j7u']
[2024-09-27T18:21:09.986+0000] {standard_task_runner.py:105} INFO - Job 1319: Subtask create_company_table
[2024-09-27T18:21:10.083+0000] {warnings.py:112} WARNING - /home/***/.local/lib/python3.12/site-packages/***/task/task_runner/standard_task_runner.py:70: DeprecationWarning: This process (pid=12736) is multi-threaded, use of fork() may lead to deadlocks in the child.
  pid = os.fork()

[2024-09-27T18:21:10.086+0000] {standard_task_runner.py:72} INFO - Started process 12792 to run task
[2024-09-27T18:21:14.776+0000] {task_command.py:467} INFO - Running <TaskInstance: scrape_and_save_share_prices_with_company_data.create_company_table scheduled__2023-11-26T00:00:00+00:00 [running]> on host 13b5797a93ab
[2024-09-27T18:21:18.399+0000] {job.py:229} INFO - Heartbeat recovered after 18.11 seconds
[2024-09-27T18:21:21.302+0000] {taskinstance.py:3131} INFO - Exporting env vars: AIRFLOW_CTX_DAG_OWNER='***' AIRFLOW_CTX_DAG_ID='scrape_and_save_share_prices_with_company_data' AIRFLOW_CTX_TASK_ID='create_company_table' AIRFLOW_CTX_EXECUTION_DATE='2023-11-26T00:00:00+00:00' AIRFLOW_CTX_TRY_NUMBER='1' AIRFLOW_CTX_DAG_RUN_ID='scheduled__2023-11-26T00:00:00+00:00'
[2024-09-27T18:21:21.312+0000] {logging_mixin.py:190} INFO - Task instance is in running state
[2024-09-27T18:21:21.313+0000] {logging_mixin.py:190} INFO -  Previous state of the Task instance: queued
[2024-09-27T18:21:21.314+0000] {logging_mixin.py:190} INFO - Current task name:create_company_table state:running start_date:2024-09-27 18:21:05.798303+00:00
[2024-09-27T18:21:21.315+0000] {logging_mixin.py:190} INFO - Dag name:scrape_and_save_share_prices_with_company_data and current dag run status:running
[2024-09-27T18:21:21.316+0000] {taskinstance.py:731} INFO - ::endgroup::
[2024-09-27T18:21:21.335+0000] {base.py:84} INFO - Retrieving connection 'dse_connection'
[2024-09-27T18:21:21.341+0000] {sql.py:509} INFO - Running statement: 
        CREATE TABLE IF NOT EXISTS company_list (
            company_id SERIAL PRIMARY KEY,
            company_trade_name VARCHAR(255) NOT NULL,
            company_url VARCHAR(255) NOT NULL,
            UNIQUE(company_trade_name)
        );
    , parameters: None
[2024-09-27T18:21:21.343+0000] {python.py:240} INFO - Done. Returned value was: None
[2024-09-27T18:21:21.411+0000] {taskinstance.py:340} INFO - ::group::Post task execution logs
[2024-09-27T18:21:21.412+0000] {taskinstance.py:352} INFO - Marking task as SUCCESS. dag_id=scrape_and_save_share_prices_with_company_data, task_id=create_company_table, run_id=scheduled__2023-11-26T00:00:00+00:00, execution_date=20231126T000000, start_date=20240927T182105, end_date=20240927T182121
[2024-09-27T18:21:25.535+0000] {logging_mixin.py:190} INFO - Task instance in success state
[2024-09-27T18:21:25.538+0000] {logging_mixin.py:190} INFO -  Previous state of the Task instance: running
[2024-09-27T18:21:25.543+0000] {logging_mixin.py:190} INFO - Dag name:scrape_and_save_share_prices_with_company_data queued_at:2024-09-27 18:20:35.841905+00:00
[2024-09-27T18:21:25.545+0000] {logging_mixin.py:190} INFO - Task hostname:13b5797a93ab operator:PythonOperator
[2024-09-27T18:21:27.307+0000] {job.py:229} INFO - Heartbeat recovered after 11.96 seconds
[2024-09-27T18:21:27.350+0000] {local_task_job_runner.py:266} INFO - Task exited with return code 0
[2024-09-27T18:21:27.420+0000] {taskinstance.py:3900} INFO - 1 downstream tasks scheduled from follow-on schedule check
[2024-09-27T18:21:30.467+0000] {standard_task_runner.py:217} INFO - Process not found (most likely exited), stop collecting metrics
[2024-09-27T18:21:31.305+0000] {local_task_job_runner.py:245} INFO - ::endgroup::
[2024-09-27T22:10:07.603+0000] {local_task_job_runner.py:123} INFO - ::group::Pre task execution logs
[2024-09-27T22:10:07.815+0000] {taskinstance.py:2612} INFO - Dependencies all met for dep_context=non-requeueable deps ti=<TaskInstance: scrape_and_save_share_prices_with_company_data.create_company_table scheduled__2023-11-26T00:00:00+00:00 [queued]>
[2024-09-27T22:10:07.881+0000] {taskinstance.py:2612} INFO - Dependencies all met for dep_context=requeueable deps ti=<TaskInstance: scrape_and_save_share_prices_with_company_data.create_company_table scheduled__2023-11-26T00:00:00+00:00 [queued]>
[2024-09-27T22:10:07.885+0000] {taskinstance.py:2865} INFO - Starting attempt 1 of 2
[2024-09-27T22:10:08.257+0000] {taskinstance.py:2888} INFO - Executing <Task(PythonOperator): create_company_table> on 2023-11-26 00:00:00+00:00
[2024-09-27T22:10:08.334+0000] {warnings.py:112} WARNING - /home/***/.local/lib/python3.12/site-packages/***/task/task_runner/standard_task_runner.py:70: DeprecationWarning: This process (pid=1523) is multi-threaded, use of fork() may lead to deadlocks in the child.
  pid = os.fork()

[2024-09-27T22:10:08.361+0000] {standard_task_runner.py:72} INFO - Started process 1546 to run task
[2024-09-27T22:10:08.398+0000] {standard_task_runner.py:104} INFO - Running: ['***', 'tasks', 'run', 'scrape_and_save_share_prices_with_company_data', 'create_company_table', 'scheduled__2023-11-26T00:00:00+00:00', '--job-id', '2367', '--raw', '--subdir', 'DAGS_FOLDER/dag.py', '--cfg-path', '/tmp/tmp8itdcd5z']
[2024-09-27T22:10:08.433+0000] {standard_task_runner.py:105} INFO - Job 2367: Subtask create_company_table
[2024-09-27T22:10:10.403+0000] {task_command.py:467} INFO - Running <TaskInstance: scrape_and_save_share_prices_with_company_data.create_company_table scheduled__2023-11-26T00:00:00+00:00 [running]> on host fd62fe12432d
[2024-09-27T22:10:10.862+0000] {taskinstance.py:3131} INFO - Exporting env vars: AIRFLOW_CTX_DAG_OWNER='***' AIRFLOW_CTX_DAG_ID='scrape_and_save_share_prices_with_company_data' AIRFLOW_CTX_TASK_ID='create_company_table' AIRFLOW_CTX_EXECUTION_DATE='2023-11-26T00:00:00+00:00' AIRFLOW_CTX_TRY_NUMBER='1' AIRFLOW_CTX_DAG_RUN_ID='scheduled__2023-11-26T00:00:00+00:00'
[2024-09-27T22:10:10.868+0000] {logging_mixin.py:190} INFO - Task instance is in running state
[2024-09-27T22:10:10.869+0000] {logging_mixin.py:190} INFO -  Previous state of the Task instance: queued
[2024-09-27T22:10:10.870+0000] {logging_mixin.py:190} INFO - Current task name:create_company_table state:running start_date:2024-09-27 22:10:07.817371+00:00
[2024-09-27T22:10:10.871+0000] {logging_mixin.py:190} INFO - Dag name:scrape_and_save_share_prices_with_company_data and current dag run status:running
[2024-09-27T22:10:10.871+0000] {taskinstance.py:731} INFO - ::endgroup::
[2024-09-27T22:10:10.911+0000] {base.py:84} INFO - Retrieving connection 'dse_connection'
[2024-09-27T22:10:10.925+0000] {sql.py:509} INFO - Running statement: 
        CREATE TABLE IF NOT EXISTS company_list (
            company_id SERIAL PRIMARY KEY,
            company_trade_name VARCHAR(255) NOT NULL,
            company_url VARCHAR(255) NOT NULL,
            UNIQUE(company_trade_name)
        );
    , parameters: None
[2024-09-27T22:10:10.928+0000] {python.py:240} INFO - Done. Returned value was: None
[2024-09-27T22:10:10.949+0000] {taskinstance.py:340} INFO - ::group::Post task execution logs
[2024-09-27T22:10:10.951+0000] {taskinstance.py:352} INFO - Marking task as SUCCESS. dag_id=scrape_and_save_share_prices_with_company_data, task_id=create_company_table, run_id=scheduled__2023-11-26T00:00:00+00:00, execution_date=20231126T000000, start_date=20240927T221007, end_date=20240927T221010
[2024-09-27T22:10:11.053+0000] {logging_mixin.py:190} INFO - Task instance in success state
[2024-09-27T22:10:11.054+0000] {logging_mixin.py:190} INFO -  Previous state of the Task instance: running
[2024-09-27T22:10:11.056+0000] {logging_mixin.py:190} INFO - Dag name:scrape_and_save_share_prices_with_company_data queued_at:2024-09-27 22:09:57.614889+00:00
[2024-09-27T22:10:11.059+0000] {logging_mixin.py:190} INFO - Task hostname:fd62fe12432d operator:PythonOperator
[2024-09-27T22:10:11.131+0000] {local_task_job_runner.py:266} INFO - Task exited with return code 0
[2024-09-27T22:10:11.154+0000] {local_task_job_runner.py:245} INFO - ::endgroup::
[2024-09-27T22:50:22.443+0000] {local_task_job_runner.py:123} INFO - ::group::Pre task execution logs
[2024-09-27T22:50:22.520+0000] {taskinstance.py:2612} INFO - Dependencies all met for dep_context=non-requeueable deps ti=<TaskInstance: scrape_and_save_share_prices_with_company_data.create_company_table scheduled__2023-11-26T00:00:00+00:00 [queued]>
[2024-09-27T22:50:22.564+0000] {taskinstance.py:2612} INFO - Dependencies all met for dep_context=requeueable deps ti=<TaskInstance: scrape_and_save_share_prices_with_company_data.create_company_table scheduled__2023-11-26T00:00:00+00:00 [queued]>
[2024-09-27T22:50:22.566+0000] {taskinstance.py:2865} INFO - Starting attempt 1 of 2
[2024-09-27T22:50:22.618+0000] {taskinstance.py:2888} INFO - Executing <Task(PythonOperator): create_company_table> on 2023-11-26 00:00:00+00:00
[2024-09-27T22:50:22.644+0000] {warnings.py:112} WARNING - /home/***/.local/lib/python3.12/site-packages/***/task/task_runner/standard_task_runner.py:70: DeprecationWarning: This process (pid=1272) is multi-threaded, use of fork() may lead to deadlocks in the child.
  pid = os.fork()

[2024-09-27T22:50:22.648+0000] {standard_task_runner.py:72} INFO - Started process 1299 to run task
[2024-09-27T22:50:22.678+0000] {standard_task_runner.py:104} INFO - Running: ['***', 'tasks', 'run', 'scrape_and_save_share_prices_with_company_data', 'create_company_table', 'scheduled__2023-11-26T00:00:00+00:00', '--job-id', '2837', '--raw', '--subdir', 'DAGS_FOLDER/dag.py', '--cfg-path', '/tmp/tmpsuk5prv3']
[2024-09-27T22:50:22.686+0000] {standard_task_runner.py:105} INFO - Job 2837: Subtask create_company_table
[2024-09-27T22:50:23.166+0000] {task_command.py:467} INFO - Running <TaskInstance: scrape_and_save_share_prices_with_company_data.create_company_table scheduled__2023-11-26T00:00:00+00:00 [running]> on host 7746de5121f6
[2024-09-27T22:50:23.779+0000] {taskinstance.py:3131} INFO - Exporting env vars: AIRFLOW_CTX_DAG_OWNER='***' AIRFLOW_CTX_DAG_ID='scrape_and_save_share_prices_with_company_data' AIRFLOW_CTX_TASK_ID='create_company_table' AIRFLOW_CTX_EXECUTION_DATE='2023-11-26T00:00:00+00:00' AIRFLOW_CTX_TRY_NUMBER='1' AIRFLOW_CTX_DAG_RUN_ID='scheduled__2023-11-26T00:00:00+00:00'
[2024-09-27T22:50:23.784+0000] {logging_mixin.py:190} INFO - Task instance is in running state
[2024-09-27T22:50:23.785+0000] {logging_mixin.py:190} INFO -  Previous state of the Task instance: queued
[2024-09-27T22:50:23.787+0000] {logging_mixin.py:190} INFO - Current task name:create_company_table state:running start_date:2024-09-27 22:50:22.522871+00:00
[2024-09-27T22:50:23.788+0000] {logging_mixin.py:190} INFO - Dag name:scrape_and_save_share_prices_with_company_data and current dag run status:running
[2024-09-27T22:50:23.789+0000] {taskinstance.py:731} INFO - ::endgroup::
[2024-09-27T22:50:23.832+0000] {base.py:84} INFO - Retrieving connection 'dse_connection'
[2024-09-27T22:50:23.867+0000] {sql.py:509} INFO - Running statement: 
        CREATE TABLE IF NOT EXISTS company_list (
            company_id SERIAL PRIMARY KEY,
            company_trade_name VARCHAR(255) NOT NULL,
            company_url VARCHAR(255) NOT NULL,
            UNIQUE(company_trade_name)
        );
    , parameters: None
[2024-09-27T22:50:23.887+0000] {python.py:240} INFO - Done. Returned value was: None
[2024-09-27T22:50:23.946+0000] {taskinstance.py:340} INFO - ::group::Post task execution logs
[2024-09-27T22:50:23.947+0000] {taskinstance.py:352} INFO - Marking task as SUCCESS. dag_id=scrape_and_save_share_prices_with_company_data, task_id=create_company_table, run_id=scheduled__2023-11-26T00:00:00+00:00, execution_date=20231126T000000, start_date=20240927T225022, end_date=20240927T225023
[2024-09-27T22:50:24.039+0000] {logging_mixin.py:190} INFO - Task instance in success state
[2024-09-27T22:50:24.042+0000] {logging_mixin.py:190} INFO -  Previous state of the Task instance: running
[2024-09-27T22:50:24.043+0000] {logging_mixin.py:190} INFO - Dag name:scrape_and_save_share_prices_with_company_data queued_at:2024-09-27 22:50:09.953546+00:00
[2024-09-27T22:50:24.051+0000] {logging_mixin.py:190} INFO - Task hostname:7746de5121f6 operator:PythonOperator
[2024-09-27T22:50:24.114+0000] {local_task_job_runner.py:266} INFO - Task exited with return code 0
[2024-09-27T22:50:24.272+0000] {taskinstance.py:3900} INFO - 1 downstream tasks scheduled from follow-on schedule check
[2024-09-27T22:50:24.301+0000] {local_task_job_runner.py:245} INFO - ::endgroup::
