[2024-09-27T18:19:28.909+0000] {local_task_job_runner.py:123} INFO - ::group::Pre task execution logs
[2024-09-27T18:19:29.042+0000] {taskinstance.py:2612} INFO - Dependencies all met for dep_context=non-requeueable deps ti=<TaskInstance: scrape_and_save_share_prices_with_company_data.create_company_table scheduled__2023-11-18T00:00:00+00:00 [queued]>
[2024-09-27T18:19:29.103+0000] {taskinstance.py:2612} INFO - Dependencies all met for dep_context=requeueable deps ti=<TaskInstance: scrape_and_save_share_prices_with_company_data.create_company_table scheduled__2023-11-18T00:00:00+00:00 [queued]>
[2024-09-27T18:19:29.106+0000] {taskinstance.py:2865} INFO - Starting attempt 1 of 2
[2024-09-27T18:19:29.233+0000] {taskinstance.py:2888} INFO - Executing <Task(PythonOperator): create_company_table> on 2023-11-18 00:00:00+00:00
[2024-09-27T18:19:29.297+0000] {warnings.py:112} WARNING - /home/***/.local/lib/python3.12/site-packages/***/task/task_runner/standard_task_runner.py:70: DeprecationWarning: This process (pid=12646) is multi-threaded, use of fork() may lead to deadlocks in the child.
  pid = os.fork()

[2024-09-27T18:19:29.314+0000] {standard_task_runner.py:104} INFO - Running: ['***', 'tasks', 'run', 'scrape_and_save_share_prices_with_company_data', 'create_company_table', 'scheduled__2023-11-18T00:00:00+00:00', '--job-id', '1293', '--raw', '--subdir', 'DAGS_FOLDER/dag.py', '--cfg-path', '/tmp/tmpdfhia_s_']
[2024-09-27T18:19:29.330+0000] {standard_task_runner.py:105} INFO - Job 1293: Subtask create_company_table
[2024-09-27T18:19:29.311+0000] {standard_task_runner.py:72} INFO - Started process 12658 to run task
[2024-09-27T18:19:29.780+0000] {task_command.py:467} INFO - Running <TaskInstance: scrape_and_save_share_prices_with_company_data.create_company_table scheduled__2023-11-18T00:00:00+00:00 [running]> on host 13b5797a93ab
[2024-09-27T18:19:30.764+0000] {taskinstance.py:3131} INFO - Exporting env vars: AIRFLOW_CTX_DAG_OWNER='***' AIRFLOW_CTX_DAG_ID='scrape_and_save_share_prices_with_company_data' AIRFLOW_CTX_TASK_ID='create_company_table' AIRFLOW_CTX_EXECUTION_DATE='2023-11-18T00:00:00+00:00' AIRFLOW_CTX_TRY_NUMBER='1' AIRFLOW_CTX_DAG_RUN_ID='scheduled__2023-11-18T00:00:00+00:00'
[2024-09-27T18:19:30.775+0000] {logging_mixin.py:190} INFO - Task instance is in running state
[2024-09-27T18:19:30.776+0000] {logging_mixin.py:190} INFO -  Previous state of the Task instance: queued
[2024-09-27T18:19:30.783+0000] {logging_mixin.py:190} INFO - Current task name:create_company_table state:running start_date:2024-09-27 18:19:29.058969+00:00
[2024-09-27T18:19:30.788+0000] {logging_mixin.py:190} INFO - Dag name:scrape_and_save_share_prices_with_company_data and current dag run status:running
[2024-09-27T18:19:30.793+0000] {taskinstance.py:731} INFO - ::endgroup::
[2024-09-27T18:19:30.877+0000] {base.py:84} INFO - Retrieving connection 'dse_connection'
[2024-09-27T18:19:30.932+0000] {sql.py:509} INFO - Running statement: 
        CREATE TABLE IF NOT EXISTS company_list (
            company_id SERIAL PRIMARY KEY,
            company_trade_name VARCHAR(255) NOT NULL,
            company_url VARCHAR(255) NOT NULL,
            UNIQUE(company_trade_name)
        );
    , parameters: None
[2024-09-27T18:19:30.935+0000] {python.py:240} INFO - Done. Returned value was: None
[2024-09-27T18:19:31.012+0000] {taskinstance.py:340} INFO - ::group::Post task execution logs
[2024-09-27T18:19:31.021+0000] {taskinstance.py:352} INFO - Marking task as SUCCESS. dag_id=scrape_and_save_share_prices_with_company_data, task_id=create_company_table, run_id=scheduled__2023-11-18T00:00:00+00:00, execution_date=20231118T000000, start_date=20240927T181929, end_date=20240927T181931
[2024-09-27T18:19:31.112+0000] {logging_mixin.py:190} INFO - Task instance in success state
[2024-09-27T18:19:31.113+0000] {logging_mixin.py:190} INFO -  Previous state of the Task instance: running
[2024-09-27T18:19:31.114+0000] {logging_mixin.py:190} INFO - Dag name:scrape_and_save_share_prices_with_company_data queued_at:2024-09-27 18:19:00.175854+00:00
[2024-09-27T18:19:31.117+0000] {logging_mixin.py:190} INFO - Task hostname:13b5797a93ab operator:PythonOperator
[2024-09-27T18:19:31.199+0000] {local_task_job_runner.py:266} INFO - Task exited with return code 0
[2024-09-27T18:19:31.295+0000] {local_task_job_runner.py:245} INFO - ::endgroup::
[2024-09-27T22:09:07.333+0000] {local_task_job_runner.py:123} INFO - ::group::Pre task execution logs
[2024-09-27T22:09:07.467+0000] {taskinstance.py:2612} INFO - Dependencies all met for dep_context=non-requeueable deps ti=<TaskInstance: scrape_and_save_share_prices_with_company_data.create_company_table scheduled__2023-11-18T00:00:00+00:00 [queued]>
[2024-09-27T22:09:07.501+0000] {taskinstance.py:2612} INFO - Dependencies all met for dep_context=requeueable deps ti=<TaskInstance: scrape_and_save_share_prices_with_company_data.create_company_table scheduled__2023-11-18T00:00:00+00:00 [queued]>
[2024-09-27T22:09:07.510+0000] {taskinstance.py:2865} INFO - Starting attempt 1 of 2
[2024-09-27T22:09:07.640+0000] {taskinstance.py:2888} INFO - Executing <Task(PythonOperator): create_company_table> on 2023-11-18 00:00:00+00:00
[2024-09-27T22:09:07.682+0000] {warnings.py:112} WARNING - /home/***/.local/lib/python3.12/site-packages/***/task/task_runner/standard_task_runner.py:70: DeprecationWarning: This process (pid=1457) is multi-threaded, use of fork() may lead to deadlocks in the child.
  pid = os.fork()

[2024-09-27T22:09:07.685+0000] {standard_task_runner.py:72} INFO - Started process 1469 to run task
[2024-09-27T22:09:07.695+0000] {standard_task_runner.py:104} INFO - Running: ['***', 'tasks', 'run', 'scrape_and_save_share_prices_with_company_data', 'create_company_table', 'scheduled__2023-11-18T00:00:00+00:00', '--job-id', '2351', '--raw', '--subdir', 'DAGS_FOLDER/dag.py', '--cfg-path', '/tmp/tmpdmwsxcjr']
[2024-09-27T22:09:07.713+0000] {standard_task_runner.py:105} INFO - Job 2351: Subtask create_company_table
[2024-09-27T22:09:07.960+0000] {task_command.py:467} INFO - Running <TaskInstance: scrape_and_save_share_prices_with_company_data.create_company_table scheduled__2023-11-18T00:00:00+00:00 [running]> on host fd62fe12432d
[2024-09-27T22:09:08.621+0000] {taskinstance.py:3131} INFO - Exporting env vars: AIRFLOW_CTX_DAG_OWNER='***' AIRFLOW_CTX_DAG_ID='scrape_and_save_share_prices_with_company_data' AIRFLOW_CTX_TASK_ID='create_company_table' AIRFLOW_CTX_EXECUTION_DATE='2023-11-18T00:00:00+00:00' AIRFLOW_CTX_TRY_NUMBER='1' AIRFLOW_CTX_DAG_RUN_ID='scheduled__2023-11-18T00:00:00+00:00'
[2024-09-27T22:09:08.624+0000] {logging_mixin.py:190} INFO - Task instance is in running state
[2024-09-27T22:09:08.639+0000] {logging_mixin.py:190} INFO -  Previous state of the Task instance: queued
[2024-09-27T22:09:08.649+0000] {logging_mixin.py:190} INFO - Current task name:create_company_table state:running start_date:2024-09-27 22:09:07.468337+00:00
[2024-09-27T22:09:08.650+0000] {logging_mixin.py:190} INFO - Dag name:scrape_and_save_share_prices_with_company_data and current dag run status:running
[2024-09-27T22:09:08.651+0000] {taskinstance.py:731} INFO - ::endgroup::
[2024-09-27T22:09:08.685+0000] {base.py:84} INFO - Retrieving connection 'dse_connection'
[2024-09-27T22:09:08.714+0000] {sql.py:509} INFO - Running statement: 
        CREATE TABLE IF NOT EXISTS company_list (
            company_id SERIAL PRIMARY KEY,
            company_trade_name VARCHAR(255) NOT NULL,
            company_url VARCHAR(255) NOT NULL,
            UNIQUE(company_trade_name)
        );
    , parameters: None
[2024-09-27T22:09:08.723+0000] {python.py:240} INFO - Done. Returned value was: None
[2024-09-27T22:09:08.784+0000] {taskinstance.py:340} INFO - ::group::Post task execution logs
[2024-09-27T22:09:08.793+0000] {taskinstance.py:352} INFO - Marking task as SUCCESS. dag_id=scrape_and_save_share_prices_with_company_data, task_id=create_company_table, run_id=scheduled__2023-11-18T00:00:00+00:00, execution_date=20231118T000000, start_date=20240927T220907, end_date=20240927T220908
[2024-09-27T22:09:08.847+0000] {logging_mixin.py:190} INFO - Task instance in success state
[2024-09-27T22:09:08.848+0000] {logging_mixin.py:190} INFO -  Previous state of the Task instance: running
[2024-09-27T22:09:08.849+0000] {logging_mixin.py:190} INFO - Dag name:scrape_and_save_share_prices_with_company_data queued_at:2024-09-27 22:08:57.442192+00:00
[2024-09-27T22:09:08.852+0000] {logging_mixin.py:190} INFO - Task hostname:fd62fe12432d operator:PythonOperator
[2024-09-27T22:09:08.906+0000] {local_task_job_runner.py:266} INFO - Task exited with return code 0
[2024-09-27T22:09:09.043+0000] {taskinstance.py:3900} INFO - 1 downstream tasks scheduled from follow-on schedule check
[2024-09-27T22:09:09.054+0000] {local_task_job_runner.py:245} INFO - ::endgroup::
[2024-09-27T22:48:05.161+0000] {local_task_job_runner.py:123} INFO - ::group::Pre task execution logs
[2024-09-27T22:48:05.248+0000] {taskinstance.py:2612} INFO - Dependencies all met for dep_context=non-requeueable deps ti=<TaskInstance: scrape_and_save_share_prices_with_company_data.create_company_table scheduled__2023-11-18T00:00:00+00:00 [queued]>
[2024-09-27T22:48:05.278+0000] {taskinstance.py:2612} INFO - Dependencies all met for dep_context=requeueable deps ti=<TaskInstance: scrape_and_save_share_prices_with_company_data.create_company_table scheduled__2023-11-18T00:00:00+00:00 [queued]>
[2024-09-27T22:48:05.280+0000] {taskinstance.py:2865} INFO - Starting attempt 1 of 2
[2024-09-27T22:48:05.331+0000] {taskinstance.py:2888} INFO - Executing <Task(PythonOperator): create_company_table> on 2023-11-18 00:00:00+00:00
[2024-09-27T22:48:05.359+0000] {warnings.py:112} WARNING - /home/***/.local/lib/python3.12/site-packages/***/task/task_runner/standard_task_runner.py:70: DeprecationWarning: This process (pid=1104) is multi-threaded, use of fork() may lead to deadlocks in the child.
  pid = os.fork()

[2024-09-27T22:48:05.367+0000] {standard_task_runner.py:72} INFO - Started process 1116 to run task
[2024-09-27T22:48:05.368+0000] {standard_task_runner.py:104} INFO - Running: ['***', 'tasks', 'run', 'scrape_and_save_share_prices_with_company_data', 'create_company_table', 'scheduled__2023-11-18T00:00:00+00:00', '--job-id', '2797', '--raw', '--subdir', 'DAGS_FOLDER/dag.py', '--cfg-path', '/tmp/tmpz9yscm48']
[2024-09-27T22:48:05.402+0000] {standard_task_runner.py:105} INFO - Job 2797: Subtask create_company_table
[2024-09-27T22:48:05.613+0000] {task_command.py:467} INFO - Running <TaskInstance: scrape_and_save_share_prices_with_company_data.create_company_table scheduled__2023-11-18T00:00:00+00:00 [running]> on host 7746de5121f6
[2024-09-27T22:48:06.203+0000] {taskinstance.py:3131} INFO - Exporting env vars: AIRFLOW_CTX_DAG_OWNER='***' AIRFLOW_CTX_DAG_ID='scrape_and_save_share_prices_with_company_data' AIRFLOW_CTX_TASK_ID='create_company_table' AIRFLOW_CTX_EXECUTION_DATE='2023-11-18T00:00:00+00:00' AIRFLOW_CTX_TRY_NUMBER='1' AIRFLOW_CTX_DAG_RUN_ID='scheduled__2023-11-18T00:00:00+00:00'
[2024-09-27T22:48:06.209+0000] {logging_mixin.py:190} INFO - Task instance is in running state
[2024-09-27T22:48:06.224+0000] {logging_mixin.py:190} INFO -  Previous state of the Task instance: queued
[2024-09-27T22:48:06.230+0000] {logging_mixin.py:190} INFO - Current task name:create_company_table state:running start_date:2024-09-27 22:48:05.251257+00:00
[2024-09-27T22:48:06.231+0000] {logging_mixin.py:190} INFO - Dag name:scrape_and_save_share_prices_with_company_data and current dag run status:running
[2024-09-27T22:48:06.244+0000] {taskinstance.py:731} INFO - ::endgroup::
[2024-09-27T22:48:06.299+0000] {base.py:84} INFO - Retrieving connection 'dse_connection'
[2024-09-27T22:48:06.329+0000] {sql.py:509} INFO - Running statement: 
        CREATE TABLE IF NOT EXISTS company_list (
            company_id SERIAL PRIMARY KEY,
            company_trade_name VARCHAR(255) NOT NULL,
            company_url VARCHAR(255) NOT NULL,
            UNIQUE(company_trade_name)
        );
    , parameters: None
[2024-09-27T22:48:06.350+0000] {python.py:240} INFO - Done. Returned value was: None
[2024-09-27T22:48:06.424+0000] {taskinstance.py:340} INFO - ::group::Post task execution logs
[2024-09-27T22:48:06.426+0000] {taskinstance.py:352} INFO - Marking task as SUCCESS. dag_id=scrape_and_save_share_prices_with_company_data, task_id=create_company_table, run_id=scheduled__2023-11-18T00:00:00+00:00, execution_date=20231118T000000, start_date=20240927T224805, end_date=20240927T224806
[2024-09-27T22:48:06.683+0000] {logging_mixin.py:190} INFO - Task instance in success state
[2024-09-27T22:48:06.685+0000] {logging_mixin.py:190} INFO -  Previous state of the Task instance: running
[2024-09-27T22:48:06.686+0000] {logging_mixin.py:190} INFO - Dag name:scrape_and_save_share_prices_with_company_data queued_at:2024-09-27 22:47:40.172825+00:00
[2024-09-27T22:48:06.688+0000] {logging_mixin.py:190} INFO - Task hostname:7746de5121f6 operator:PythonOperator
[2024-09-27T22:48:06.739+0000] {local_task_job_runner.py:266} INFO - Task exited with return code 0
[2024-09-27T22:48:06.856+0000] {taskinstance.py:3900} INFO - 1 downstream tasks scheduled from follow-on schedule check
[2024-09-27T22:48:06.865+0000] {local_task_job_runner.py:245} INFO - ::endgroup::
