[2024-09-27T18:12:38.638+0000] {local_task_job_runner.py:123} INFO - ::group::Pre task execution logs
[2024-09-27T18:12:38.768+0000] {taskinstance.py:2612} INFO - Dependencies all met for dep_context=non-requeueable deps ti=<TaskInstance: scrape_and_save_share_prices_with_company_data.create_share_prices_table scheduled__2023-10-15T00:00:00+00:00 [queued]>
[2024-09-27T18:12:38.826+0000] {taskinstance.py:2612} INFO - Dependencies all met for dep_context=requeueable deps ti=<TaskInstance: scrape_and_save_share_prices_with_company_data.create_share_prices_table scheduled__2023-10-15T00:00:00+00:00 [queued]>
[2024-09-27T18:12:38.841+0000] {taskinstance.py:2865} INFO - Starting attempt 1 of 2
[2024-09-27T18:12:38.984+0000] {taskinstance.py:2888} INFO - Executing <Task(PythonOperator): create_share_prices_table> on 2023-10-15 00:00:00+00:00
[2024-09-27T18:12:39.061+0000] {warnings.py:112} WARNING - /home/***/.local/lib/python3.12/site-packages/***/task/task_runner/standard_task_runner.py:70: DeprecationWarning: This process (pid=12083) is multi-threaded, use of fork() may lead to deadlocks in the child.
  pid = os.fork()

[2024-09-27T18:12:39.079+0000] {standard_task_runner.py:72} INFO - Started process 12104 to run task
[2024-09-27T18:12:39.084+0000] {standard_task_runner.py:104} INFO - Running: ['***', 'tasks', 'run', 'scrape_and_save_share_prices_with_company_data', 'create_share_prices_table', 'scheduled__2023-10-15T00:00:00+00:00', '--job-id', '1169', '--raw', '--subdir', 'DAGS_FOLDER/dag.py', '--cfg-path', '/tmp/tmpoufqfk8w']
[2024-09-27T18:12:39.090+0000] {standard_task_runner.py:105} INFO - Job 1169: Subtask create_share_prices_table
[2024-09-27T18:12:39.410+0000] {task_command.py:467} INFO - Running <TaskInstance: scrape_and_save_share_prices_with_company_data.create_share_prices_table scheduled__2023-10-15T00:00:00+00:00 [running]> on host 13b5797a93ab
[2024-09-27T18:12:40.291+0000] {taskinstance.py:3131} INFO - Exporting env vars: AIRFLOW_CTX_DAG_OWNER='***' AIRFLOW_CTX_DAG_ID='scrape_and_save_share_prices_with_company_data' AIRFLOW_CTX_TASK_ID='create_share_prices_table' AIRFLOW_CTX_EXECUTION_DATE='2023-10-15T00:00:00+00:00' AIRFLOW_CTX_TRY_NUMBER='1' AIRFLOW_CTX_DAG_RUN_ID='scheduled__2023-10-15T00:00:00+00:00'
[2024-09-27T18:12:40.300+0000] {logging_mixin.py:190} INFO - Task instance is in running state
[2024-09-27T18:12:40.301+0000] {logging_mixin.py:190} INFO -  Previous state of the Task instance: queued
[2024-09-27T18:12:40.303+0000] {logging_mixin.py:190} INFO - Current task name:create_share_prices_table state:running start_date:2024-09-27 18:12:38.791708+00:00
[2024-09-27T18:12:40.306+0000] {logging_mixin.py:190} INFO - Dag name:scrape_and_save_share_prices_with_company_data and current dag run status:running
[2024-09-27T18:12:40.310+0000] {taskinstance.py:731} INFO - ::endgroup::
[2024-09-27T18:12:40.348+0000] {base.py:84} INFO - Retrieving connection 'dse_connection'
[2024-09-27T18:12:40.375+0000] {sql.py:509} INFO - Running statement: 
        CREATE TABLE IF NOT EXISTS company_share_prices (
            id SERIAL,
            company_id INTEGER NOT NULL,
            date DATE,
            latest_trading_price VARCHAR(50),
            low_price VARCHAR(50),
            high_price VARCHAR(50),
            closing_price VARCHAR(50),
            ycp VARCHAR(50),
            change VARCHAR(10),
            trade VARCHAR(50),
            value VARCHAR(50),
            volume VARCHAR(50),
            PRIMARY KEY(company_id, id),
            FOREIGN KEY(company_id)
                REFERENCES company_list(company_id)
                ON UPDATE CASCADE ON DELETE CASCADE
        );
    , parameters: None
[2024-09-27T18:12:40.378+0000] {python.py:240} INFO - Done. Returned value was: None
[2024-09-27T18:12:40.436+0000] {taskinstance.py:340} INFO - ::group::Post task execution logs
[2024-09-27T18:12:40.440+0000] {taskinstance.py:352} INFO - Marking task as SUCCESS. dag_id=scrape_and_save_share_prices_with_company_data, task_id=create_share_prices_table, run_id=scheduled__2023-10-15T00:00:00+00:00, execution_date=20231015T000000, start_date=20240927T181238, end_date=20240927T181240
[2024-09-27T18:12:40.485+0000] {logging_mixin.py:190} INFO - Task instance in success state
[2024-09-27T18:12:40.487+0000] {logging_mixin.py:190} INFO -  Previous state of the Task instance: running
[2024-09-27T18:12:40.488+0000] {logging_mixin.py:190} INFO - Dag name:scrape_and_save_share_prices_with_company_data queued_at:2024-09-27 18:11:32.648637+00:00
[2024-09-27T18:12:40.490+0000] {logging_mixin.py:190} INFO - Task hostname:13b5797a93ab operator:PythonOperator
[2024-09-27T18:12:40.575+0000] {local_task_job_runner.py:266} INFO - Task exited with return code 0
[2024-09-27T18:12:40.665+0000] {taskinstance.py:3900} INFO - 1 downstream tasks scheduled from follow-on schedule check
[2024-09-27T18:12:40.675+0000] {local_task_job_runner.py:245} INFO - ::endgroup::
[2024-09-27T22:00:06.418+0000] {local_task_job_runner.py:123} INFO - ::group::Pre task execution logs
[2024-09-27T22:00:06.437+0000] {taskinstance.py:2612} INFO - Dependencies all met for dep_context=non-requeueable deps ti=<TaskInstance: scrape_and_save_share_prices_with_company_data.create_share_prices_table scheduled__2023-10-15T00:00:00+00:00 [queued]>
[2024-09-27T22:00:06.447+0000] {taskinstance.py:2612} INFO - Dependencies all met for dep_context=requeueable deps ti=<TaskInstance: scrape_and_save_share_prices_with_company_data.create_share_prices_table scheduled__2023-10-15T00:00:00+00:00 [queued]>
[2024-09-27T22:00:06.448+0000] {taskinstance.py:2865} INFO - Starting attempt 1 of 2
[2024-09-27T22:00:06.465+0000] {taskinstance.py:2888} INFO - Executing <Task(PythonOperator): create_share_prices_table> on 2023-10-15 00:00:00+00:00
[2024-09-27T22:00:06.474+0000] {warnings.py:112} WARNING - /home/***/.local/lib/python3.12/site-packages/***/task/task_runner/standard_task_runner.py:70: DeprecationWarning: This process (pid=746) is multi-threaded, use of fork() may lead to deadlocks in the child.
  pid = os.fork()

[2024-09-27T22:00:06.476+0000] {standard_task_runner.py:72} INFO - Started process 748 to run task
[2024-09-27T22:00:06.476+0000] {standard_task_runner.py:104} INFO - Running: ['***', 'tasks', 'run', 'scrape_and_save_share_prices_with_company_data', 'create_share_prices_table', 'scheduled__2023-10-15T00:00:00+00:00', '--job-id', '2195', '--raw', '--subdir', 'DAGS_FOLDER/dag.py', '--cfg-path', '/tmp/tmpocrqpchc']
[2024-09-27T22:00:06.478+0000] {standard_task_runner.py:105} INFO - Job 2195: Subtask create_share_prices_table
[2024-09-27T22:00:06.531+0000] {task_command.py:467} INFO - Running <TaskInstance: scrape_and_save_share_prices_with_company_data.create_share_prices_table scheduled__2023-10-15T00:00:00+00:00 [running]> on host fd62fe12432d
[2024-09-27T22:00:06.625+0000] {taskinstance.py:3131} INFO - Exporting env vars: AIRFLOW_CTX_DAG_OWNER='***' AIRFLOW_CTX_DAG_ID='scrape_and_save_share_prices_with_company_data' AIRFLOW_CTX_TASK_ID='create_share_prices_table' AIRFLOW_CTX_EXECUTION_DATE='2023-10-15T00:00:00+00:00' AIRFLOW_CTX_TRY_NUMBER='1' AIRFLOW_CTX_DAG_RUN_ID='scheduled__2023-10-15T00:00:00+00:00'
[2024-09-27T22:00:06.627+0000] {logging_mixin.py:190} INFO - Task instance is in running state
[2024-09-27T22:00:06.628+0000] {logging_mixin.py:190} INFO -  Previous state of the Task instance: queued
[2024-09-27T22:00:06.628+0000] {logging_mixin.py:190} INFO - Current task name:create_share_prices_table state:running start_date:2024-09-27 22:00:06.438334+00:00
[2024-09-27T22:00:06.629+0000] {logging_mixin.py:190} INFO - Dag name:scrape_and_save_share_prices_with_company_data and current dag run status:running
[2024-09-27T22:00:06.630+0000] {taskinstance.py:731} INFO - ::endgroup::
[2024-09-27T22:00:06.640+0000] {base.py:84} INFO - Retrieving connection 'dse_connection'
[2024-09-27T22:00:06.645+0000] {sql.py:509} INFO - Running statement: 
        CREATE TABLE IF NOT EXISTS company_share_prices (
            id SERIAL,
            company_id INTEGER NOT NULL,
            date DATE,
            latest_trading_price VARCHAR(50),
            low_price VARCHAR(50),
            high_price VARCHAR(50),
            closing_price VARCHAR(50),
            ycp VARCHAR(50),
            change VARCHAR(10),
            trade VARCHAR(50),
            value VARCHAR(50),
            volume VARCHAR(50),
            PRIMARY KEY(company_id, id),
            FOREIGN KEY(company_id)
                REFERENCES company_list(company_id)
                ON UPDATE CASCADE ON DELETE CASCADE
        );
    , parameters: None
[2024-09-27T22:00:06.646+0000] {python.py:240} INFO - Done. Returned value was: None
[2024-09-27T22:00:06.657+0000] {taskinstance.py:340} INFO - ::group::Post task execution logs
[2024-09-27T22:00:06.658+0000] {taskinstance.py:352} INFO - Marking task as SUCCESS. dag_id=scrape_and_save_share_prices_with_company_data, task_id=create_share_prices_table, run_id=scheduled__2023-10-15T00:00:00+00:00, execution_date=20231015T000000, start_date=20240927T220006, end_date=20240927T220006
[2024-09-27T22:00:06.675+0000] {logging_mixin.py:190} INFO - Task instance in success state
[2024-09-27T22:00:06.675+0000] {logging_mixin.py:190} INFO -  Previous state of the Task instance: running
[2024-09-27T22:00:06.676+0000] {logging_mixin.py:190} INFO - Dag name:scrape_and_save_share_prices_with_company_data queued_at:2024-09-27 21:59:57.284687+00:00
[2024-09-27T22:00:06.677+0000] {logging_mixin.py:190} INFO - Task hostname:fd62fe12432d operator:PythonOperator
[2024-09-27T22:00:06.692+0000] {local_task_job_runner.py:266} INFO - Task exited with return code 0
[2024-09-27T22:00:06.702+0000] {local_task_job_runner.py:245} INFO - ::endgroup::
[2024-09-27T22:40:12.654+0000] {local_task_job_runner.py:123} INFO - ::group::Pre task execution logs
[2024-09-27T22:40:12.724+0000] {taskinstance.py:2612} INFO - Dependencies all met for dep_context=non-requeueable deps ti=<TaskInstance: scrape_and_save_share_prices_with_company_data.create_share_prices_table scheduled__2023-10-15T00:00:00+00:00 [queued]>
[2024-09-27T22:40:12.776+0000] {taskinstance.py:2612} INFO - Dependencies all met for dep_context=requeueable deps ti=<TaskInstance: scrape_and_save_share_prices_with_company_data.create_share_prices_table scheduled__2023-10-15T00:00:00+00:00 [queued]>
[2024-09-27T22:40:12.780+0000] {taskinstance.py:2865} INFO - Starting attempt 1 of 2
[2024-09-27T22:40:12.888+0000] {taskinstance.py:2888} INFO - Executing <Task(PythonOperator): create_share_prices_table> on 2023-10-15 00:00:00+00:00
[2024-09-27T22:40:12.912+0000] {warnings.py:112} WARNING - /home/***/.local/lib/python3.12/site-packages/***/task/task_runner/standard_task_runner.py:70: DeprecationWarning: This process (pid=480) is multi-threaded, use of fork() may lead to deadlocks in the child.
  pid = os.fork()

[2024-09-27T22:40:12.916+0000] {standard_task_runner.py:72} INFO - Started process 496 to run task
[2024-09-27T22:40:12.919+0000] {standard_task_runner.py:104} INFO - Running: ['***', 'tasks', 'run', 'scrape_and_save_share_prices_with_company_data', 'create_share_prices_table', 'scheduled__2023-10-15T00:00:00+00:00', '--job-id', '2663', '--raw', '--subdir', 'DAGS_FOLDER/dag.py', '--cfg-path', '/tmp/tmprf1nsqlc']
[2024-09-27T22:40:12.931+0000] {standard_task_runner.py:105} INFO - Job 2663: Subtask create_share_prices_table
[2024-09-27T22:40:13.166+0000] {task_command.py:467} INFO - Running <TaskInstance: scrape_and_save_share_prices_with_company_data.create_share_prices_table scheduled__2023-10-15T00:00:00+00:00 [running]> on host 7746de5121f6
[2024-09-27T22:40:13.661+0000] {taskinstance.py:3131} INFO - Exporting env vars: AIRFLOW_CTX_DAG_OWNER='***' AIRFLOW_CTX_DAG_ID='scrape_and_save_share_prices_with_company_data' AIRFLOW_CTX_TASK_ID='create_share_prices_table' AIRFLOW_CTX_EXECUTION_DATE='2023-10-15T00:00:00+00:00' AIRFLOW_CTX_TRY_NUMBER='1' AIRFLOW_CTX_DAG_RUN_ID='scheduled__2023-10-15T00:00:00+00:00'
[2024-09-27T22:40:13.665+0000] {logging_mixin.py:190} INFO - Task instance is in running state
[2024-09-27T22:40:13.666+0000] {logging_mixin.py:190} INFO -  Previous state of the Task instance: queued
[2024-09-27T22:40:13.668+0000] {logging_mixin.py:190} INFO - Current task name:create_share_prices_table state:running start_date:2024-09-27 22:40:12.726127+00:00
[2024-09-27T22:40:13.669+0000] {logging_mixin.py:190} INFO - Dag name:scrape_and_save_share_prices_with_company_data and current dag run status:running
[2024-09-27T22:40:13.670+0000] {taskinstance.py:731} INFO - ::endgroup::
[2024-09-27T22:40:13.693+0000] {base.py:84} INFO - Retrieving connection 'dse_connection'
[2024-09-27T22:40:13.701+0000] {sql.py:509} INFO - Running statement: 
        CREATE TABLE IF NOT EXISTS company_share_prices (
            id SERIAL,
            company_id INTEGER NOT NULL,
            date DATE,
            latest_trading_price VARCHAR(50),
            low_price VARCHAR(50),
            high_price VARCHAR(50),
            closing_price VARCHAR(50),
            ycp VARCHAR(50),
            change VARCHAR(10),
            trade VARCHAR(50),
            value VARCHAR(50),
            volume VARCHAR(50),
            PRIMARY KEY(company_id, id),
            FOREIGN KEY(company_id)
                REFERENCES company_list(company_id)
                ON UPDATE CASCADE ON DELETE CASCADE
        );
    , parameters: None
[2024-09-27T22:40:13.705+0000] {python.py:240} INFO - Done. Returned value was: None
[2024-09-27T22:40:13.733+0000] {taskinstance.py:340} INFO - ::group::Post task execution logs
[2024-09-27T22:40:13.735+0000] {taskinstance.py:352} INFO - Marking task as SUCCESS. dag_id=scrape_and_save_share_prices_with_company_data, task_id=create_share_prices_table, run_id=scheduled__2023-10-15T00:00:00+00:00, execution_date=20231015T000000, start_date=20240927T224012, end_date=20240927T224013
[2024-09-27T22:40:13.761+0000] {logging_mixin.py:190} INFO - Task instance in success state
[2024-09-27T22:40:13.762+0000] {logging_mixin.py:190} INFO -  Previous state of the Task instance: running
[2024-09-27T22:40:13.763+0000] {logging_mixin.py:190} INFO - Dag name:scrape_and_save_share_prices_with_company_data queued_at:2024-09-27 22:39:07.657345+00:00
[2024-09-27T22:40:13.764+0000] {logging_mixin.py:190} INFO - Task hostname:7746de5121f6 operator:PythonOperator
[2024-09-27T22:40:13.795+0000] {local_task_job_runner.py:266} INFO - Task exited with return code 0
[2024-09-27T22:40:13.856+0000] {taskinstance.py:3900} INFO - 1 downstream tasks scheduled from follow-on schedule check
[2024-09-27T22:40:13.862+0000] {local_task_job_runner.py:245} INFO - ::endgroup::
