[2024-10-10T17:40:11.114+0000] {local_task_job_runner.py:123} INFO - ::group::Pre task execution logs
[2024-10-10T17:40:11.429+0000] {taskinstance.py:2612} INFO - Dependencies all met for dep_context=non-requeueable deps ti=<TaskInstance: scrape_and_save_share_prices_with_company_data.create_company_market_data_table scheduled__2024-10-09T00:00:00+00:00 [queued]>
[2024-10-10T17:40:11.692+0000] {taskinstance.py:2612} INFO - Dependencies all met for dep_context=requeueable deps ti=<TaskInstance: scrape_and_save_share_prices_with_company_data.create_company_market_data_table scheduled__2024-10-09T00:00:00+00:00 [queued]>
[2024-10-10T17:40:11.697+0000] {taskinstance.py:2865} INFO - Starting attempt 1 of 2
[2024-10-10T17:40:11.849+0000] {taskinstance.py:2888} INFO - Executing <Task(PythonOperator): create_company_market_data_table> on 2024-10-09 00:00:00+00:00
[2024-10-10T17:40:11.890+0000] {warnings.py:112} WARNING - /home/***/.local/lib/python3.12/site-packages/***/task/task_runner/standard_task_runner.py:70: DeprecationWarning: This process (pid=1309) is multi-threaded, use of fork() may lead to deadlocks in the child.
  pid = os.fork()

[2024-10-10T17:40:12.000+0000] {standard_task_runner.py:72} INFO - Started process 1377 to run task
[2024-10-10T17:40:12.041+0000] {standard_task_runner.py:104} INFO - Running: ['***', 'tasks', 'run', 'scrape_and_save_share_prices_with_company_data', 'create_company_market_data_table', 'scheduled__2024-10-09T00:00:00+00:00', '--job-id', '4290', '--raw', '--subdir', 'DAGS_FOLDER/dag.py', '--cfg-path', '/tmp/tmptqhku9aa']
[2024-10-10T17:40:12.086+0000] {standard_task_runner.py:105} INFO - Job 4290: Subtask create_company_market_data_table
[2024-10-10T17:40:12.867+0000] {task_command.py:467} INFO - Running <TaskInstance: scrape_and_save_share_prices_with_company_data.create_company_market_data_table scheduled__2024-10-09T00:00:00+00:00 [running]> on host 7746de5121f6
[2024-10-10T17:40:14.462+0000] {taskinstance.py:3131} INFO - Exporting env vars: AIRFLOW_CTX_DAG_OWNER='***' AIRFLOW_CTX_DAG_ID='scrape_and_save_share_prices_with_company_data' AIRFLOW_CTX_TASK_ID='create_company_market_data_table' AIRFLOW_CTX_EXECUTION_DATE='2024-10-09T00:00:00+00:00' AIRFLOW_CTX_TRY_NUMBER='1' AIRFLOW_CTX_DAG_RUN_ID='scheduled__2024-10-09T00:00:00+00:00'
[2024-10-10T17:40:14.469+0000] {logging_mixin.py:190} INFO - Task instance is in running state
[2024-10-10T17:40:14.482+0000] {logging_mixin.py:190} INFO -  Previous state of the Task instance: queued
[2024-10-10T17:40:14.483+0000] {logging_mixin.py:190} INFO - Current task name:create_company_market_data_table state:running start_date:2024-10-10 17:40:11.450322+00:00
[2024-10-10T17:40:14.494+0000] {logging_mixin.py:190} INFO - Dag name:scrape_and_save_share_prices_with_company_data and current dag run status:running
[2024-10-10T17:40:14.498+0000] {taskinstance.py:731} INFO - ::endgroup::
[2024-10-10T17:40:14.567+0000] {base.py:84} INFO - Retrieving connection 'dse_connection'
[2024-10-10T17:40:14.583+0000] {sql.py:509} INFO - Running statement: 
        CREATE TABLE IF NOT EXISTS company_market_info (
            id SERIAL,
            company_id INTEGER NOT NULL,
            date DATE,
            last_trading_price VARCHAR(50),
            closing_price VARCHAR(50),
            last_update VARCHAR(20),
            day_range VARCHAR(20),
            change VARCHAR(20),
            change_percentage VARCHAR(20),
            day_value VARCHAR(20),
            weeks_moving_range VARCHAR(20),
            opening_price VARCHAR(20),
            day_volume VARCHAR(50),
            adjusted_opening_price VARCHAR(50),
            day_trade VARCHAR(20),
            yesterday_closing_price VARCHAR(20),
            market_capitalization VARCHAR(50),
            PRIMARY KEY(company_id, id),
            FOREIGN KEY (company_id)
                REFERENCES company_list(company_id)
                ON UPDATE CASCADE ON DELETE CASCADE
            )
        , parameters: None
[2024-10-10T17:40:14.622+0000] {python.py:240} INFO - Done. Returned value was: None
[2024-10-10T17:40:14.668+0000] {taskinstance.py:340} INFO - ::group::Post task execution logs
[2024-10-10T17:40:14.685+0000] {taskinstance.py:352} INFO - Marking task as SUCCESS. dag_id=scrape_and_save_share_prices_with_company_data, task_id=create_company_market_data_table, run_id=scheduled__2024-10-09T00:00:00+00:00, execution_date=20241009T000000, start_date=20241010T174011, end_date=20241010T174014
[2024-10-10T17:40:15.055+0000] {logging_mixin.py:190} INFO - Task instance in success state
[2024-10-10T17:40:15.056+0000] {logging_mixin.py:190} INFO -  Previous state of the Task instance: running
[2024-10-10T17:40:15.057+0000] {logging_mixin.py:190} INFO - Dag name:scrape_and_save_share_prices_with_company_data queued_at:2024-10-10 17:36:14.640923+00:00
[2024-10-10T17:40:15.058+0000] {logging_mixin.py:190} INFO - Task hostname:7746de5121f6 operator:PythonOperator
[2024-10-10T17:40:15.144+0000] {local_task_job_runner.py:266} INFO - Task exited with return code 0
[2024-10-10T17:40:15.348+0000] {taskinstance.py:3900} INFO - 1 downstream tasks scheduled from follow-on schedule check
[2024-10-10T17:40:15.361+0000] {local_task_job_runner.py:245} INFO - ::endgroup::
