[2024-09-27T19:11:34.997+0000] {local_task_job_runner.py:123} INFO - ::group::Pre task execution logs
[2024-09-27T19:11:35.026+0000] {taskinstance.py:2612} INFO - Dependencies all met for dep_context=non-requeueable deps ti=<TaskInstance: scrape_and_save_share_prices_with_company_data.create_company_table scheduled__2024-04-11T00:00:00+00:00 [queued]>
[2024-09-27T19:11:35.045+0000] {taskinstance.py:2612} INFO - Dependencies all met for dep_context=requeueable deps ti=<TaskInstance: scrape_and_save_share_prices_with_company_data.create_company_table scheduled__2024-04-11T00:00:00+00:00 [queued]>
[2024-09-27T19:11:35.075+0000] {taskinstance.py:2865} INFO - Starting attempt 1 of 2
[2024-09-27T19:11:36.129+0000] {taskinstance.py:2888} INFO - Executing <Task(PythonOperator): create_company_table> on 2024-04-11 00:00:00+00:00
[2024-09-27T19:11:36.142+0000] {warnings.py:112} WARNING - /home/***/.local/lib/python3.12/site-packages/***/task/task_runner/standard_task_runner.py:70: DeprecationWarning: This process (pid=178) is multi-threaded, use of fork() may lead to deadlocks in the child.
  pid = os.fork()

[2024-09-27T19:11:36.150+0000] {standard_task_runner.py:72} INFO - Started process 184 to run task
[2024-09-27T19:11:36.168+0000] {standard_task_runner.py:104} INFO - Running: ['***', 'tasks', 'run', 'scrape_and_save_share_prices_with_company_data', 'create_company_table', 'scheduled__2024-04-11T00:00:00+00:00', '--job-id', '1988', '--raw', '--subdir', 'DAGS_FOLDER/dag.py', '--cfg-path', '/tmp/tmp90e0fyc8']
[2024-09-27T19:11:36.170+0000] {standard_task_runner.py:105} INFO - Job 1988: Subtask create_company_table
[2024-09-27T19:11:36.285+0000] {task_command.py:467} INFO - Running <TaskInstance: scrape_and_save_share_prices_with_company_data.create_company_table scheduled__2024-04-11T00:00:00+00:00 [running]> on host f199b4684a92
[2024-09-27T19:11:36.468+0000] {taskinstance.py:3131} INFO - Exporting env vars: AIRFLOW_CTX_DAG_OWNER='***' AIRFLOW_CTX_DAG_ID='scrape_and_save_share_prices_with_company_data' AIRFLOW_CTX_TASK_ID='create_company_table' AIRFLOW_CTX_EXECUTION_DATE='2024-04-11T00:00:00+00:00' AIRFLOW_CTX_TRY_NUMBER='1' AIRFLOW_CTX_DAG_RUN_ID='scheduled__2024-04-11T00:00:00+00:00'
[2024-09-27T19:11:36.471+0000] {logging_mixin.py:190} INFO - Task instance is in running state
[2024-09-27T19:11:36.472+0000] {logging_mixin.py:190} INFO -  Previous state of the Task instance: queued
[2024-09-27T19:11:36.473+0000] {logging_mixin.py:190} INFO - Current task name:create_company_table state:running start_date:2024-09-27 19:11:35.027217+00:00
[2024-09-27T19:11:36.474+0000] {logging_mixin.py:190} INFO - Dag name:scrape_and_save_share_prices_with_company_data and current dag run status:running
[2024-09-27T19:11:36.474+0000] {taskinstance.py:731} INFO - ::endgroup::
[2024-09-27T19:11:36.487+0000] {base.py:84} INFO - Retrieving connection 'dse_connection'
[2024-09-27T19:11:57.635+0000] {logging_mixin.py:190} INFO - Error creating company table: connection to server at "172.23.0.3", port 5432 failed: Connection refused
	Is the server running on that host and accepting TCP/IP connections?
[2024-09-27T19:11:57.636+0000] {python.py:240} INFO - Done. Returned value was: None
[2024-09-27T19:11:57.738+0000] {taskinstance.py:340} INFO - ::group::Post task execution logs
[2024-09-27T19:11:57.801+0000] {taskinstance.py:352} INFO - Marking task as SUCCESS. dag_id=scrape_and_save_share_prices_with_company_data, task_id=create_company_table, run_id=scheduled__2024-04-11T00:00:00+00:00, execution_date=20240411T000000, start_date=20240927T191135, end_date=20240927T191157
[2024-09-27T19:11:57.955+0000] {logging_mixin.py:190} INFO - Task instance in success state
[2024-09-27T19:11:57.974+0000] {logging_mixin.py:190} INFO -  Previous state of the Task instance: running
[2024-09-27T19:11:57.982+0000] {logging_mixin.py:190} INFO - Dag name:scrape_and_save_share_prices_with_company_data queued_at:2024-09-27 19:11:27.592266+00:00
[2024-09-27T19:11:57.984+0000] {logging_mixin.py:190} INFO - Task hostname:f199b4684a92 operator:PythonOperator
[2024-09-27T19:11:58.049+0000] {local_task_job_runner.py:266} INFO - Task exited with return code 0
[2024-09-27T19:11:58.146+0000] {local_task_job_runner.py:245} INFO - ::endgroup::
[2024-09-27T23:16:15.489+0000] {local_task_job_runner.py:123} INFO - ::group::Pre task execution logs
[2024-09-27T23:16:15.618+0000] {taskinstance.py:2612} INFO - Dependencies all met for dep_context=non-requeueable deps ti=<TaskInstance: scrape_and_save_share_prices_with_company_data.create_company_table scheduled__2024-04-11T00:00:00+00:00 [queued]>
[2024-09-27T23:16:15.661+0000] {taskinstance.py:2612} INFO - Dependencies all met for dep_context=requeueable deps ti=<TaskInstance: scrape_and_save_share_prices_with_company_data.create_company_table scheduled__2024-04-11T00:00:00+00:00 [queued]>
[2024-09-27T23:16:15.663+0000] {taskinstance.py:2865} INFO - Starting attempt 1 of 2
[2024-09-27T23:16:15.757+0000] {taskinstance.py:2888} INFO - Executing <Task(PythonOperator): create_company_table> on 2024-04-11 00:00:00+00:00
[2024-09-27T23:16:15.808+0000] {standard_task_runner.py:104} INFO - Running: ['***', 'tasks', 'run', 'scrape_and_save_share_prices_with_company_data', 'create_company_table', 'scheduled__2024-04-11T00:00:00+00:00', '--job-id', '3394', '--raw', '--subdir', 'DAGS_FOLDER/dag.py', '--cfg-path', '/tmp/tmp_q2d4_5x']
[2024-09-27T23:16:15.828+0000] {standard_task_runner.py:105} INFO - Job 3394: Subtask create_company_table
[2024-09-27T23:16:15.810+0000] {warnings.py:112} WARNING - /home/***/.local/lib/python3.12/site-packages/***/task/task_runner/standard_task_runner.py:70: DeprecationWarning: This process (pid=3766) is multi-threaded, use of fork() may lead to deadlocks in the child.
  pid = os.fork()

[2024-09-27T23:16:15.832+0000] {standard_task_runner.py:72} INFO - Started process 3780 to run task
[2024-09-27T23:16:16.042+0000] {task_command.py:467} INFO - Running <TaskInstance: scrape_and_save_share_prices_with_company_data.create_company_table scheduled__2024-04-11T00:00:00+00:00 [running]> on host 7746de5121f6
[2024-09-27T23:16:16.505+0000] {taskinstance.py:3131} INFO - Exporting env vars: AIRFLOW_CTX_DAG_OWNER='***' AIRFLOW_CTX_DAG_ID='scrape_and_save_share_prices_with_company_data' AIRFLOW_CTX_TASK_ID='create_company_table' AIRFLOW_CTX_EXECUTION_DATE='2024-04-11T00:00:00+00:00' AIRFLOW_CTX_TRY_NUMBER='1' AIRFLOW_CTX_DAG_RUN_ID='scheduled__2024-04-11T00:00:00+00:00'
[2024-09-27T23:16:16.508+0000] {logging_mixin.py:190} INFO - Task instance is in running state
[2024-09-27T23:16:16.509+0000] {logging_mixin.py:190} INFO -  Previous state of the Task instance: queued
[2024-09-27T23:16:16.512+0000] {logging_mixin.py:190} INFO - Current task name:create_company_table state:running start_date:2024-09-27 23:16:15.621789+00:00
[2024-09-27T23:16:16.515+0000] {logging_mixin.py:190} INFO - Dag name:scrape_and_save_share_prices_with_company_data and current dag run status:running
[2024-09-27T23:16:16.516+0000] {taskinstance.py:731} INFO - ::endgroup::
[2024-09-27T23:16:16.538+0000] {base.py:84} INFO - Retrieving connection 'dse_connection'
[2024-09-27T23:16:16.551+0000] {sql.py:509} INFO - Running statement: 
        CREATE TABLE IF NOT EXISTS company_list (
            company_id SERIAL PRIMARY KEY,
            company_trade_name VARCHAR(255) NOT NULL,
            company_url VARCHAR(255) NOT NULL,
            UNIQUE(company_trade_name)
        );
    , parameters: None
[2024-09-27T23:16:16.554+0000] {python.py:240} INFO - Done. Returned value was: None
[2024-09-27T23:16:16.579+0000] {taskinstance.py:340} INFO - ::group::Post task execution logs
[2024-09-27T23:16:16.580+0000] {taskinstance.py:352} INFO - Marking task as SUCCESS. dag_id=scrape_and_save_share_prices_with_company_data, task_id=create_company_table, run_id=scheduled__2024-04-11T00:00:00+00:00, execution_date=20240411T000000, start_date=20240927T231615, end_date=20240927T231616
[2024-09-27T23:16:16.612+0000] {logging_mixin.py:190} INFO - Task instance in success state
[2024-09-27T23:16:16.617+0000] {logging_mixin.py:190} INFO -  Previous state of the Task instance: running
[2024-09-27T23:16:16.619+0000] {logging_mixin.py:190} INFO - Dag name:scrape_and_save_share_prices_with_company_data queued_at:2024-09-27 23:16:08.521948+00:00
[2024-09-27T23:16:16.621+0000] {logging_mixin.py:190} INFO - Task hostname:7746de5121f6 operator:PythonOperator
[2024-09-27T23:16:16.691+0000] {local_task_job_runner.py:266} INFO - Task exited with return code 0
[2024-09-27T23:16:16.770+0000] {taskinstance.py:3900} INFO - 1 downstream tasks scheduled from follow-on schedule check
[2024-09-27T23:16:16.775+0000] {local_task_job_runner.py:245} INFO - ::endgroup::
