[2024-09-27T18:25:29.589+0000] {local_task_job_runner.py:123} INFO - ::group::Pre task execution logs
[2024-09-27T18:25:29.651+0000] {taskinstance.py:2612} INFO - Dependencies all met for dep_context=non-requeueable deps ti=<TaskInstance: scrape_and_save_share_prices_with_company_data.create_share_prices_table scheduled__2023-12-05T00:00:00+00:00 [queued]>
[2024-09-27T18:25:29.679+0000] {taskinstance.py:2612} INFO - Dependencies all met for dep_context=requeueable deps ti=<TaskInstance: scrape_and_save_share_prices_with_company_data.create_share_prices_table scheduled__2023-12-05T00:00:00+00:00 [queued]>
[2024-09-27T18:25:29.685+0000] {taskinstance.py:2865} INFO - Starting attempt 1 of 2
[2024-09-27T18:25:29.758+0000] {taskinstance.py:2888} INFO - Executing <Task(PythonOperator): create_share_prices_table> on 2023-12-05 00:00:00+00:00
[2024-09-27T18:25:29.818+0000] {warnings.py:112} WARNING - /home/***/.local/lib/python3.12/site-packages/***/task/task_runner/standard_task_runner.py:70: DeprecationWarning: This process (pid=13072) is multi-threaded, use of fork() may lead to deadlocks in the child.
  pid = os.fork()

[2024-09-27T18:25:29.854+0000] {standard_task_runner.py:72} INFO - Started process 13090 to run task
[2024-09-27T18:25:29.858+0000] {standard_task_runner.py:104} INFO - Running: ['***', 'tasks', 'run', 'scrape_and_save_share_prices_with_company_data', 'create_share_prices_table', 'scheduled__2023-12-05T00:00:00+00:00', '--job-id', '1385', '--raw', '--subdir', 'DAGS_FOLDER/dag.py', '--cfg-path', '/tmp/tmpod_x3s0m']
[2024-09-27T18:25:29.894+0000] {standard_task_runner.py:105} INFO - Job 1385: Subtask create_share_prices_table
[2024-09-27T18:25:30.478+0000] {task_command.py:467} INFO - Running <TaskInstance: scrape_and_save_share_prices_with_company_data.create_share_prices_table scheduled__2023-12-05T00:00:00+00:00 [running]> on host 13b5797a93ab
[2024-09-27T18:25:31.074+0000] {taskinstance.py:3131} INFO - Exporting env vars: AIRFLOW_CTX_DAG_OWNER='***' AIRFLOW_CTX_DAG_ID='scrape_and_save_share_prices_with_company_data' AIRFLOW_CTX_TASK_ID='create_share_prices_table' AIRFLOW_CTX_EXECUTION_DATE='2023-12-05T00:00:00+00:00' AIRFLOW_CTX_TRY_NUMBER='1' AIRFLOW_CTX_DAG_RUN_ID='scheduled__2023-12-05T00:00:00+00:00'
[2024-09-27T18:25:31.087+0000] {logging_mixin.py:190} INFO - Task instance is in running state
[2024-09-27T18:25:31.090+0000] {logging_mixin.py:190} INFO -  Previous state of the Task instance: queued
[2024-09-27T18:25:31.098+0000] {logging_mixin.py:190} INFO - Current task name:create_share_prices_table state:running start_date:2024-09-27 18:25:29.653853+00:00
[2024-09-27T18:25:31.104+0000] {logging_mixin.py:190} INFO - Dag name:scrape_and_save_share_prices_with_company_data and current dag run status:running
[2024-09-27T18:25:31.106+0000] {taskinstance.py:731} INFO - ::endgroup::
[2024-09-27T18:25:31.174+0000] {base.py:84} INFO - Retrieving connection 'dse_connection'
[2024-09-27T18:25:31.200+0000] {sql.py:509} INFO - Running statement: 
        CREATE TABLE IF NOT EXISTS company_share_prices (
            id SERIAL,
            company_id INTEGER NOT NULL,
            date DATE,
            latest_trading_price VARCHAR(50),
            low_price VARCHAR(50),
            high_price VARCHAR(50),
            closing_price VARCHAR(50),
            ycp VARCHAR(50),
            change VARCHAR(10),
            trade VARCHAR(50),
            value VARCHAR(50),
            volume VARCHAR(50),
            PRIMARY KEY(company_id, id),
            FOREIGN KEY(company_id)
                REFERENCES company_list(company_id)
                ON UPDATE CASCADE ON DELETE CASCADE
        );
    , parameters: None
[2024-09-27T18:25:31.203+0000] {python.py:240} INFO - Done. Returned value was: None
[2024-09-27T18:25:31.259+0000] {taskinstance.py:340} INFO - ::group::Post task execution logs
[2024-09-27T18:25:31.267+0000] {taskinstance.py:352} INFO - Marking task as SUCCESS. dag_id=scrape_and_save_share_prices_with_company_data, task_id=create_share_prices_table, run_id=scheduled__2023-12-05T00:00:00+00:00, execution_date=20231205T000000, start_date=20240927T182529, end_date=20240927T182531
[2024-09-27T18:25:31.508+0000] {logging_mixin.py:190} INFO - Task instance in success state
[2024-09-27T18:25:31.511+0000] {logging_mixin.py:190} INFO -  Previous state of the Task instance: running
[2024-09-27T18:25:31.518+0000] {logging_mixin.py:190} INFO - Dag name:scrape_and_save_share_prices_with_company_data queued_at:2024-09-27 18:24:05.572560+00:00
[2024-09-27T18:25:31.525+0000] {logging_mixin.py:190} INFO - Task hostname:13b5797a93ab operator:PythonOperator
[2024-09-27T18:25:31.670+0000] {local_task_job_runner.py:266} INFO - Task exited with return code 0
[2024-09-27T18:25:31.848+0000] {taskinstance.py:3900} INFO - 1 downstream tasks scheduled from follow-on schedule check
[2024-09-27T18:25:31.947+0000] {local_task_job_runner.py:245} INFO - ::endgroup::
[2024-09-27T22:13:27.315+0000] {local_task_job_runner.py:123} INFO - ::group::Pre task execution logs
[2024-09-27T22:13:27.460+0000] {taskinstance.py:2612} INFO - Dependencies all met for dep_context=non-requeueable deps ti=<TaskInstance: scrape_and_save_share_prices_with_company_data.create_share_prices_table scheduled__2023-12-05T00:00:00+00:00 [queued]>
[2024-09-27T22:13:27.547+0000] {taskinstance.py:2612} INFO - Dependencies all met for dep_context=requeueable deps ti=<TaskInstance: scrape_and_save_share_prices_with_company_data.create_share_prices_table scheduled__2023-12-05T00:00:00+00:00 [queued]>
[2024-09-27T22:13:27.595+0000] {taskinstance.py:2865} INFO - Starting attempt 1 of 2
[2024-09-27T22:13:27.702+0000] {taskinstance.py:2888} INFO - Executing <Task(PythonOperator): create_share_prices_table> on 2023-12-05 00:00:00+00:00
[2024-09-27T22:13:27.771+0000] {warnings.py:112} WARNING - /home/***/.local/lib/python3.12/site-packages/***/task/task_runner/standard_task_runner.py:70: DeprecationWarning: This process (pid=1815) is multi-threaded, use of fork() may lead to deadlocks in the child.
  pid = os.fork()

[2024-09-27T22:13:27.777+0000] {standard_task_runner.py:72} INFO - Started process 1835 to run task
[2024-09-27T22:13:27.780+0000] {standard_task_runner.py:104} INFO - Running: ['***', 'tasks', 'run', 'scrape_and_save_share_prices_with_company_data', 'create_share_prices_table', 'scheduled__2023-12-05T00:00:00+00:00', '--job-id', '2429', '--raw', '--subdir', 'DAGS_FOLDER/dag.py', '--cfg-path', '/tmp/tmpsdvfclq6']
[2024-09-27T22:13:27.807+0000] {standard_task_runner.py:105} INFO - Job 2429: Subtask create_share_prices_table
[2024-09-27T22:13:28.156+0000] {task_command.py:467} INFO - Running <TaskInstance: scrape_and_save_share_prices_with_company_data.create_share_prices_table scheduled__2023-12-05T00:00:00+00:00 [running]> on host fd62fe12432d
[2024-09-27T22:13:28.632+0000] {taskinstance.py:3131} INFO - Exporting env vars: AIRFLOW_CTX_DAG_OWNER='***' AIRFLOW_CTX_DAG_ID='scrape_and_save_share_prices_with_company_data' AIRFLOW_CTX_TASK_ID='create_share_prices_table' AIRFLOW_CTX_EXECUTION_DATE='2023-12-05T00:00:00+00:00' AIRFLOW_CTX_TRY_NUMBER='1' AIRFLOW_CTX_DAG_RUN_ID='scheduled__2023-12-05T00:00:00+00:00'
[2024-09-27T22:13:28.646+0000] {logging_mixin.py:190} INFO - Task instance is in running state
[2024-09-27T22:13:28.648+0000] {logging_mixin.py:190} INFO -  Previous state of the Task instance: queued
[2024-09-27T22:13:28.652+0000] {logging_mixin.py:190} INFO - Current task name:create_share_prices_table state:running start_date:2024-09-27 22:13:27.464407+00:00
[2024-09-27T22:13:28.653+0000] {logging_mixin.py:190} INFO - Dag name:scrape_and_save_share_prices_with_company_data and current dag run status:running
[2024-09-27T22:13:28.656+0000] {taskinstance.py:731} INFO - ::endgroup::
[2024-09-27T22:13:28.702+0000] {base.py:84} INFO - Retrieving connection 'dse_connection'
[2024-09-27T22:13:28.772+0000] {sql.py:509} INFO - Running statement: 
        CREATE TABLE IF NOT EXISTS company_share_prices (
            id SERIAL,
            company_id INTEGER NOT NULL,
            date DATE,
            latest_trading_price VARCHAR(50),
            low_price VARCHAR(50),
            high_price VARCHAR(50),
            closing_price VARCHAR(50),
            ycp VARCHAR(50),
            change VARCHAR(10),
            trade VARCHAR(50),
            value VARCHAR(50),
            volume VARCHAR(50),
            PRIMARY KEY(company_id, id),
            FOREIGN KEY(company_id)
                REFERENCES company_list(company_id)
                ON UPDATE CASCADE ON DELETE CASCADE
        );
    , parameters: None
[2024-09-27T22:13:28.797+0000] {python.py:240} INFO - Done. Returned value was: None
[2024-09-27T22:13:28.834+0000] {taskinstance.py:340} INFO - ::group::Post task execution logs
[2024-09-27T22:13:28.835+0000] {taskinstance.py:352} INFO - Marking task as SUCCESS. dag_id=scrape_and_save_share_prices_with_company_data, task_id=create_share_prices_table, run_id=scheduled__2023-12-05T00:00:00+00:00, execution_date=20231205T000000, start_date=20240927T221327, end_date=20240927T221328
[2024-09-27T22:13:29.296+0000] {logging_mixin.py:190} INFO - Task instance in success state
[2024-09-27T22:13:29.297+0000] {logging_mixin.py:190} INFO -  Previous state of the Task instance: running
[2024-09-27T22:13:29.317+0000] {logging_mixin.py:190} INFO - Dag name:scrape_and_save_share_prices_with_company_data queued_at:2024-09-27 22:12:25.592567+00:00
[2024-09-27T22:13:29.318+0000] {logging_mixin.py:190} INFO - Task hostname:fd62fe12432d operator:PythonOperator
[2024-09-27T22:13:29.397+0000] {local_task_job_runner.py:266} INFO - Task exited with return code 0
[2024-09-27T22:13:29.515+0000] {taskinstance.py:3900} INFO - 1 downstream tasks scheduled from follow-on schedule check
[2024-09-27T22:13:29.540+0000] {local_task_job_runner.py:245} INFO - ::endgroup::
[2024-09-27T22:53:17.224+0000] {local_task_job_runner.py:123} INFO - ::group::Pre task execution logs
[2024-09-27T22:53:17.379+0000] {taskinstance.py:2612} INFO - Dependencies all met for dep_context=non-requeueable deps ti=<TaskInstance: scrape_and_save_share_prices_with_company_data.create_share_prices_table scheduled__2023-12-05T00:00:00+00:00 [queued]>
[2024-09-27T22:53:17.424+0000] {taskinstance.py:2612} INFO - Dependencies all met for dep_context=requeueable deps ti=<TaskInstance: scrape_and_save_share_prices_with_company_data.create_share_prices_table scheduled__2023-12-05T00:00:00+00:00 [queued]>
[2024-09-27T22:53:17.425+0000] {taskinstance.py:2865} INFO - Starting attempt 1 of 2
[2024-09-27T22:53:17.492+0000] {taskinstance.py:2888} INFO - Executing <Task(PythonOperator): create_share_prices_table> on 2023-12-05 00:00:00+00:00
[2024-09-27T22:53:17.525+0000] {warnings.py:112} WARNING - /home/***/.local/lib/python3.12/site-packages/***/task/task_runner/standard_task_runner.py:70: DeprecationWarning: This process (pid=1541) is multi-threaded, use of fork() may lead to deadlocks in the child.
  pid = os.fork()

[2024-09-27T22:53:17.541+0000] {standard_task_runner.py:72} INFO - Started process 1564 to run task
[2024-09-27T22:53:17.558+0000] {standard_task_runner.py:104} INFO - Running: ['***', 'tasks', 'run', 'scrape_and_save_share_prices_with_company_data', 'create_share_prices_table', 'scheduled__2023-12-05T00:00:00+00:00', '--job-id', '2896', '--raw', '--subdir', 'DAGS_FOLDER/dag.py', '--cfg-path', '/tmp/tmpadm8m8de']
[2024-09-27T22:53:17.561+0000] {standard_task_runner.py:105} INFO - Job 2896: Subtask create_share_prices_table
[2024-09-27T22:53:17.849+0000] {task_command.py:467} INFO - Running <TaskInstance: scrape_and_save_share_prices_with_company_data.create_share_prices_table scheduled__2023-12-05T00:00:00+00:00 [running]> on host 7746de5121f6
[2024-09-27T22:53:18.320+0000] {taskinstance.py:3131} INFO - Exporting env vars: AIRFLOW_CTX_DAG_OWNER='***' AIRFLOW_CTX_DAG_ID='scrape_and_save_share_prices_with_company_data' AIRFLOW_CTX_TASK_ID='create_share_prices_table' AIRFLOW_CTX_EXECUTION_DATE='2023-12-05T00:00:00+00:00' AIRFLOW_CTX_TRY_NUMBER='1' AIRFLOW_CTX_DAG_RUN_ID='scheduled__2023-12-05T00:00:00+00:00'
[2024-09-27T22:53:18.323+0000] {logging_mixin.py:190} INFO - Task instance is in running state
[2024-09-27T22:53:18.329+0000] {logging_mixin.py:190} INFO -  Previous state of the Task instance: queued
[2024-09-27T22:53:18.331+0000] {logging_mixin.py:190} INFO - Current task name:create_share_prices_table state:running start_date:2024-09-27 22:53:17.381916+00:00
[2024-09-27T22:53:18.332+0000] {logging_mixin.py:190} INFO - Dag name:scrape_and_save_share_prices_with_company_data and current dag run status:running
[2024-09-27T22:53:18.333+0000] {taskinstance.py:731} INFO - ::endgroup::
[2024-09-27T22:53:18.382+0000] {base.py:84} INFO - Retrieving connection 'dse_connection'
[2024-09-27T22:53:18.413+0000] {sql.py:509} INFO - Running statement: 
        CREATE TABLE IF NOT EXISTS company_share_prices (
            id SERIAL,
            company_id INTEGER NOT NULL,
            date DATE,
            latest_trading_price VARCHAR(50),
            low_price VARCHAR(50),
            high_price VARCHAR(50),
            closing_price VARCHAR(50),
            ycp VARCHAR(50),
            change VARCHAR(10),
            trade VARCHAR(50),
            value VARCHAR(50),
            volume VARCHAR(50),
            PRIMARY KEY(company_id, id),
            FOREIGN KEY(company_id)
                REFERENCES company_list(company_id)
                ON UPDATE CASCADE ON DELETE CASCADE
        );
    , parameters: None
[2024-09-27T22:53:18.423+0000] {python.py:240} INFO - Done. Returned value was: None
[2024-09-27T22:53:18.460+0000] {taskinstance.py:340} INFO - ::group::Post task execution logs
[2024-09-27T22:53:18.481+0000] {taskinstance.py:352} INFO - Marking task as SUCCESS. dag_id=scrape_and_save_share_prices_with_company_data, task_id=create_share_prices_table, run_id=scheduled__2023-12-05T00:00:00+00:00, execution_date=20231205T000000, start_date=20240927T225317, end_date=20240927T225318
[2024-09-27T22:53:18.533+0000] {logging_mixin.py:190} INFO - Task instance in success state
[2024-09-27T22:53:18.535+0000] {logging_mixin.py:190} INFO -  Previous state of the Task instance: running
[2024-09-27T22:53:18.536+0000] {logging_mixin.py:190} INFO - Dag name:scrape_and_save_share_prices_with_company_data queued_at:2024-09-27 22:52:26.451427+00:00
[2024-09-27T22:53:18.537+0000] {logging_mixin.py:190} INFO - Task hostname:7746de5121f6 operator:PythonOperator
[2024-09-27T22:53:18.567+0000] {local_task_job_runner.py:266} INFO - Task exited with return code 0
[2024-09-27T22:53:18.657+0000] {taskinstance.py:3900} INFO - 1 downstream tasks scheduled from follow-on schedule check
[2024-09-27T22:53:18.664+0000] {local_task_job_runner.py:245} INFO - ::endgroup::
