[2024-09-27T18:24:34.719+0000] {local_task_job_runner.py:123} INFO - ::group::Pre task execution logs
[2024-09-27T18:24:34.872+0000] {taskinstance.py:2612} INFO - Dependencies all met for dep_context=non-requeueable deps ti=<TaskInstance: scrape_and_save_share_prices_with_company_data.create_company_table scheduled__2023-12-08T00:00:00+00:00 [queued]>
[2024-09-27T18:24:34.947+0000] {taskinstance.py:2612} INFO - Dependencies all met for dep_context=requeueable deps ti=<TaskInstance: scrape_and_save_share_prices_with_company_data.create_company_table scheduled__2023-12-08T00:00:00+00:00 [queued]>
[2024-09-27T18:24:34.965+0000] {taskinstance.py:2865} INFO - Starting attempt 1 of 2
[2024-09-27T18:24:35.146+0000] {taskinstance.py:2888} INFO - Executing <Task(PythonOperator): create_company_table> on 2023-12-08 00:00:00+00:00
[2024-09-27T18:24:35.198+0000] {warnings.py:112} WARNING - /home/***/.local/lib/python3.12/site-packages/***/task/task_runner/standard_task_runner.py:70: DeprecationWarning: This process (pid=13010) is multi-threaded, use of fork() may lead to deadlocks in the child.
  pid = os.fork()

[2024-09-27T18:24:35.216+0000] {standard_task_runner.py:72} INFO - Started process 13034 to run task
[2024-09-27T18:24:35.212+0000] {standard_task_runner.py:104} INFO - Running: ['***', 'tasks', 'run', 'scrape_and_save_share_prices_with_company_data', 'create_company_table', 'scheduled__2023-12-08T00:00:00+00:00', '--job-id', '1373', '--raw', '--subdir', 'DAGS_FOLDER/dag.py', '--cfg-path', '/tmp/tmpkd0cbo5j']
[2024-09-27T18:24:35.226+0000] {standard_task_runner.py:105} INFO - Job 1373: Subtask create_company_table
[2024-09-27T18:24:35.443+0000] {task_command.py:467} INFO - Running <TaskInstance: scrape_and_save_share_prices_with_company_data.create_company_table scheduled__2023-12-08T00:00:00+00:00 [running]> on host 13b5797a93ab
[2024-09-27T18:24:36.096+0000] {taskinstance.py:3131} INFO - Exporting env vars: AIRFLOW_CTX_DAG_OWNER='***' AIRFLOW_CTX_DAG_ID='scrape_and_save_share_prices_with_company_data' AIRFLOW_CTX_TASK_ID='create_company_table' AIRFLOW_CTX_EXECUTION_DATE='2023-12-08T00:00:00+00:00' AIRFLOW_CTX_TRY_NUMBER='1' AIRFLOW_CTX_DAG_RUN_ID='scheduled__2023-12-08T00:00:00+00:00'
[2024-09-27T18:24:36.100+0000] {logging_mixin.py:190} INFO - Task instance is in running state
[2024-09-27T18:24:36.105+0000] {logging_mixin.py:190} INFO -  Previous state of the Task instance: queued
[2024-09-27T18:24:36.116+0000] {logging_mixin.py:190} INFO - Current task name:create_company_table state:running start_date:2024-09-27 18:24:34.880760+00:00
[2024-09-27T18:24:36.119+0000] {logging_mixin.py:190} INFO - Dag name:scrape_and_save_share_prices_with_company_data and current dag run status:running
[2024-09-27T18:24:36.120+0000] {taskinstance.py:731} INFO - ::endgroup::
[2024-09-27T18:24:36.157+0000] {base.py:84} INFO - Retrieving connection 'dse_connection'
[2024-09-27T18:24:36.186+0000] {sql.py:509} INFO - Running statement: 
        CREATE TABLE IF NOT EXISTS company_list (
            company_id SERIAL PRIMARY KEY,
            company_trade_name VARCHAR(255) NOT NULL,
            company_url VARCHAR(255) NOT NULL,
            UNIQUE(company_trade_name)
        );
    , parameters: None
[2024-09-27T18:24:36.206+0000] {python.py:240} INFO - Done. Returned value was: None
[2024-09-27T18:24:36.266+0000] {taskinstance.py:340} INFO - ::group::Post task execution logs
[2024-09-27T18:24:36.268+0000] {taskinstance.py:352} INFO - Marking task as SUCCESS. dag_id=scrape_and_save_share_prices_with_company_data, task_id=create_company_table, run_id=scheduled__2023-12-08T00:00:00+00:00, execution_date=20231208T000000, start_date=20240927T182434, end_date=20240927T182436
[2024-09-27T18:24:36.348+0000] {logging_mixin.py:190} INFO - Task instance in success state
[2024-09-27T18:24:36.368+0000] {logging_mixin.py:190} INFO -  Previous state of the Task instance: running
[2024-09-27T18:24:36.370+0000] {logging_mixin.py:190} INFO - Dag name:scrape_and_save_share_prices_with_company_data queued_at:2024-09-27 18:24:22.468030+00:00
[2024-09-27T18:24:36.372+0000] {logging_mixin.py:190} INFO - Task hostname:13b5797a93ab operator:PythonOperator
[2024-09-27T18:24:36.444+0000] {local_task_job_runner.py:266} INFO - Task exited with return code 0
[2024-09-27T18:24:36.765+0000] {taskinstance.py:3900} INFO - 1 downstream tasks scheduled from follow-on schedule check
[2024-09-27T18:24:36.801+0000] {local_task_job_runner.py:245} INFO - ::endgroup::
[2024-09-27T22:12:35.448+0000] {local_task_job_runner.py:123} INFO - ::group::Pre task execution logs
[2024-09-27T22:12:35.546+0000] {taskinstance.py:2612} INFO - Dependencies all met for dep_context=non-requeueable deps ti=<TaskInstance: scrape_and_save_share_prices_with_company_data.create_company_table scheduled__2023-12-08T00:00:00+00:00 [queued]>
[2024-09-27T22:12:35.570+0000] {taskinstance.py:2612} INFO - Dependencies all met for dep_context=requeueable deps ti=<TaskInstance: scrape_and_save_share_prices_with_company_data.create_company_table scheduled__2023-12-08T00:00:00+00:00 [queued]>
[2024-09-27T22:12:35.595+0000] {taskinstance.py:2865} INFO - Starting attempt 1 of 2
[2024-09-27T22:12:35.672+0000] {taskinstance.py:2888} INFO - Executing <Task(PythonOperator): create_company_table> on 2023-12-08 00:00:00+00:00
[2024-09-27T22:12:35.701+0000] {standard_task_runner.py:104} INFO - Running: ['***', 'tasks', 'run', 'scrape_and_save_share_prices_with_company_data', 'create_company_table', 'scheduled__2023-12-08T00:00:00+00:00', '--job-id', '2414', '--raw', '--subdir', 'DAGS_FOLDER/dag.py', '--cfg-path', '/tmp/tmp2k37zg7a']
[2024-09-27T22:12:35.725+0000] {standard_task_runner.py:105} INFO - Job 2414: Subtask create_company_table
[2024-09-27T22:12:35.692+0000] {warnings.py:112} WARNING - /home/***/.local/lib/python3.12/site-packages/***/task/task_runner/standard_task_runner.py:70: DeprecationWarning: This process (pid=1738) is multi-threaded, use of fork() may lead to deadlocks in the child.
  pid = os.fork()

[2024-09-27T22:12:35.736+0000] {standard_task_runner.py:72} INFO - Started process 1764 to run task
[2024-09-27T22:12:36.065+0000] {task_command.py:467} INFO - Running <TaskInstance: scrape_and_save_share_prices_with_company_data.create_company_table scheduled__2023-12-08T00:00:00+00:00 [running]> on host fd62fe12432d
[2024-09-27T22:12:36.847+0000] {taskinstance.py:3131} INFO - Exporting env vars: AIRFLOW_CTX_DAG_OWNER='***' AIRFLOW_CTX_DAG_ID='scrape_and_save_share_prices_with_company_data' AIRFLOW_CTX_TASK_ID='create_company_table' AIRFLOW_CTX_EXECUTION_DATE='2023-12-08T00:00:00+00:00' AIRFLOW_CTX_TRY_NUMBER='1' AIRFLOW_CTX_DAG_RUN_ID='scheduled__2023-12-08T00:00:00+00:00'
[2024-09-27T22:12:36.857+0000] {logging_mixin.py:190} INFO - Task instance is in running state
[2024-09-27T22:12:36.860+0000] {logging_mixin.py:190} INFO -  Previous state of the Task instance: queued
[2024-09-27T22:12:36.862+0000] {logging_mixin.py:190} INFO - Current task name:create_company_table state:running start_date:2024-09-27 22:12:35.547692+00:00
[2024-09-27T22:12:36.864+0000] {logging_mixin.py:190} INFO - Dag name:scrape_and_save_share_prices_with_company_data and current dag run status:running
[2024-09-27T22:12:36.865+0000] {taskinstance.py:731} INFO - ::endgroup::
[2024-09-27T22:12:36.937+0000] {base.py:84} INFO - Retrieving connection 'dse_connection'
[2024-09-27T22:12:36.973+0000] {sql.py:509} INFO - Running statement: 
        CREATE TABLE IF NOT EXISTS company_list (
            company_id SERIAL PRIMARY KEY,
            company_trade_name VARCHAR(255) NOT NULL,
            company_url VARCHAR(255) NOT NULL,
            UNIQUE(company_trade_name)
        );
    , parameters: None
[2024-09-27T22:12:37.012+0000] {python.py:240} INFO - Done. Returned value was: None
[2024-09-27T22:12:37.066+0000] {taskinstance.py:340} INFO - ::group::Post task execution logs
[2024-09-27T22:12:37.068+0000] {taskinstance.py:352} INFO - Marking task as SUCCESS. dag_id=scrape_and_save_share_prices_with_company_data, task_id=create_company_table, run_id=scheduled__2023-12-08T00:00:00+00:00, execution_date=20231208T000000, start_date=20240927T221235, end_date=20240927T221237
[2024-09-27T22:12:37.131+0000] {logging_mixin.py:190} INFO - Task instance in success state
[2024-09-27T22:12:37.145+0000] {logging_mixin.py:190} INFO -  Previous state of the Task instance: running
[2024-09-27T22:12:37.149+0000] {logging_mixin.py:190} INFO - Dag name:scrape_and_save_share_prices_with_company_data queued_at:2024-09-27 22:12:27.674059+00:00
[2024-09-27T22:12:37.154+0000] {logging_mixin.py:190} INFO - Task hostname:fd62fe12432d operator:PythonOperator
[2024-09-27T22:12:37.247+0000] {local_task_job_runner.py:266} INFO - Task exited with return code 0
[2024-09-27T22:12:37.398+0000] {taskinstance.py:3900} INFO - 1 downstream tasks scheduled from follow-on schedule check
[2024-09-27T22:12:37.409+0000] {local_task_job_runner.py:245} INFO - ::endgroup::
[2024-09-27T22:53:09.902+0000] {local_task_job_runner.py:123} INFO - ::group::Pre task execution logs
[2024-09-27T22:53:09.973+0000] {taskinstance.py:2612} INFO - Dependencies all met for dep_context=non-requeueable deps ti=<TaskInstance: scrape_and_save_share_prices_with_company_data.create_company_table scheduled__2023-12-08T00:00:00+00:00 [queued]>
[2024-09-27T22:53:09.994+0000] {taskinstance.py:2612} INFO - Dependencies all met for dep_context=requeueable deps ti=<TaskInstance: scrape_and_save_share_prices_with_company_data.create_company_table scheduled__2023-12-08T00:00:00+00:00 [queued]>
[2024-09-27T22:53:09.996+0000] {taskinstance.py:2865} INFO - Starting attempt 1 of 2
[2024-09-27T22:53:10.047+0000] {taskinstance.py:2888} INFO - Executing <Task(PythonOperator): create_company_table> on 2023-12-08 00:00:00+00:00
[2024-09-27T22:53:10.085+0000] {standard_task_runner.py:104} INFO - Running: ['***', 'tasks', 'run', 'scrape_and_save_share_prices_with_company_data', 'create_company_table', 'scheduled__2023-12-08T00:00:00+00:00', '--job-id', '2889', '--raw', '--subdir', 'DAGS_FOLDER/dag.py', '--cfg-path', '/tmp/tmp208x4z3n']
[2024-09-27T22:53:10.084+0000] {warnings.py:112} WARNING - /home/***/.local/lib/python3.12/site-packages/***/task/task_runner/standard_task_runner.py:70: DeprecationWarning: This process (pid=1516) is multi-threaded, use of fork() may lead to deadlocks in the child.
  pid = os.fork()

[2024-09-27T22:53:10.090+0000] {standard_task_runner.py:105} INFO - Job 2889: Subtask create_company_table
[2024-09-27T22:53:10.091+0000] {standard_task_runner.py:72} INFO - Started process 1532 to run task
[2024-09-27T22:53:10.284+0000] {task_command.py:467} INFO - Running <TaskInstance: scrape_and_save_share_prices_with_company_data.create_company_table scheduled__2023-12-08T00:00:00+00:00 [running]> on host 7746de5121f6
[2024-09-27T22:53:10.557+0000] {taskinstance.py:3131} INFO - Exporting env vars: AIRFLOW_CTX_DAG_OWNER='***' AIRFLOW_CTX_DAG_ID='scrape_and_save_share_prices_with_company_data' AIRFLOW_CTX_TASK_ID='create_company_table' AIRFLOW_CTX_EXECUTION_DATE='2023-12-08T00:00:00+00:00' AIRFLOW_CTX_TRY_NUMBER='1' AIRFLOW_CTX_DAG_RUN_ID='scheduled__2023-12-08T00:00:00+00:00'
[2024-09-27T22:53:10.565+0000] {logging_mixin.py:190} INFO - Task instance is in running state
[2024-09-27T22:53:10.567+0000] {logging_mixin.py:190} INFO -  Previous state of the Task instance: queued
[2024-09-27T22:53:10.568+0000] {logging_mixin.py:190} INFO - Current task name:create_company_table state:running start_date:2024-09-27 22:53:09.975264+00:00
[2024-09-27T22:53:10.569+0000] {logging_mixin.py:190} INFO - Dag name:scrape_and_save_share_prices_with_company_data and current dag run status:running
[2024-09-27T22:53:10.571+0000] {taskinstance.py:731} INFO - ::endgroup::
[2024-09-27T22:53:10.593+0000] {base.py:84} INFO - Retrieving connection 'dse_connection'
[2024-09-27T22:53:10.634+0000] {sql.py:509} INFO - Running statement: 
        CREATE TABLE IF NOT EXISTS company_list (
            company_id SERIAL PRIMARY KEY,
            company_trade_name VARCHAR(255) NOT NULL,
            company_url VARCHAR(255) NOT NULL,
            UNIQUE(company_trade_name)
        );
    , parameters: None
[2024-09-27T22:53:10.640+0000] {python.py:240} INFO - Done. Returned value was: None
[2024-09-27T22:53:10.681+0000] {taskinstance.py:340} INFO - ::group::Post task execution logs
[2024-09-27T22:53:10.682+0000] {taskinstance.py:352} INFO - Marking task as SUCCESS. dag_id=scrape_and_save_share_prices_with_company_data, task_id=create_company_table, run_id=scheduled__2023-12-08T00:00:00+00:00, execution_date=20231208T000000, start_date=20240927T225309, end_date=20240927T225310
[2024-09-27T22:53:10.715+0000] {logging_mixin.py:190} INFO - Task instance in success state
[2024-09-27T22:53:10.717+0000] {logging_mixin.py:190} INFO -  Previous state of the Task instance: running
[2024-09-27T22:53:10.725+0000] {logging_mixin.py:190} INFO - Dag name:scrape_and_save_share_prices_with_company_data queued_at:2024-09-27 22:53:01.984494+00:00
[2024-09-27T22:53:10.726+0000] {logging_mixin.py:190} INFO - Task hostname:7746de5121f6 operator:PythonOperator
[2024-09-27T22:53:10.772+0000] {local_task_job_runner.py:266} INFO - Task exited with return code 0
[2024-09-27T22:53:10.933+0000] {taskinstance.py:3900} INFO - 1 downstream tasks scheduled from follow-on schedule check
[2024-09-27T22:53:10.964+0000] {local_task_job_runner.py:245} INFO - ::endgroup::
