[2024-09-27T23:16:42.736+0000] {local_task_job_runner.py:123} INFO - ::group::Pre task execution logs
[2024-09-27T23:16:42.803+0000] {taskinstance.py:2612} INFO - Dependencies all met for dep_context=non-requeueable deps ti=<TaskInstance: scrape_and_save_share_prices_with_company_data.create_company_table scheduled__2024-04-16T00:00:00+00:00 [queued]>
[2024-09-27T23:16:42.846+0000] {taskinstance.py:2612} INFO - Dependencies all met for dep_context=requeueable deps ti=<TaskInstance: scrape_and_save_share_prices_with_company_data.create_company_table scheduled__2024-04-16T00:00:00+00:00 [queued]>
[2024-09-27T23:16:42.852+0000] {taskinstance.py:2865} INFO - Starting attempt 1 of 2
[2024-09-27T23:16:42.894+0000] {taskinstance.py:2888} INFO - Executing <Task(PythonOperator): create_company_table> on 2024-04-16 00:00:00+00:00
[2024-09-27T23:16:42.940+0000] {warnings.py:112} WARNING - /home/***/.local/lib/python3.12/site-packages/***/task/task_runner/standard_task_runner.py:70: DeprecationWarning: This process (pid=3831) is multi-threaded, use of fork() may lead to deadlocks in the child.
  pid = os.fork()

[2024-09-27T23:16:42.945+0000] {standard_task_runner.py:72} INFO - Started process 3841 to run task
[2024-09-27T23:16:42.958+0000] {standard_task_runner.py:104} INFO - Running: ['***', 'tasks', 'run', 'scrape_and_save_share_prices_with_company_data', 'create_company_table', 'scheduled__2024-04-16T00:00:00+00:00', '--job-id', '3408', '--raw', '--subdir', 'DAGS_FOLDER/dag.py', '--cfg-path', '/tmp/tmp098aa73p']
[2024-09-27T23:16:42.965+0000] {standard_task_runner.py:105} INFO - Job 3408: Subtask create_company_table
[2024-09-27T23:16:43.152+0000] {task_command.py:467} INFO - Running <TaskInstance: scrape_and_save_share_prices_with_company_data.create_company_table scheduled__2024-04-16T00:00:00+00:00 [running]> on host 7746de5121f6
[2024-09-27T23:16:43.618+0000] {taskinstance.py:3131} INFO - Exporting env vars: AIRFLOW_CTX_DAG_OWNER='***' AIRFLOW_CTX_DAG_ID='scrape_and_save_share_prices_with_company_data' AIRFLOW_CTX_TASK_ID='create_company_table' AIRFLOW_CTX_EXECUTION_DATE='2024-04-16T00:00:00+00:00' AIRFLOW_CTX_TRY_NUMBER='1' AIRFLOW_CTX_DAG_RUN_ID='scheduled__2024-04-16T00:00:00+00:00'
[2024-09-27T23:16:43.631+0000] {logging_mixin.py:190} INFO - Task instance is in running state
[2024-09-27T23:16:43.633+0000] {logging_mixin.py:190} INFO -  Previous state of the Task instance: queued
[2024-09-27T23:16:43.638+0000] {logging_mixin.py:190} INFO - Current task name:create_company_table state:running start_date:2024-09-27 23:16:42.805166+00:00
[2024-09-27T23:16:43.641+0000] {logging_mixin.py:190} INFO - Dag name:scrape_and_save_share_prices_with_company_data and current dag run status:running
[2024-09-27T23:16:43.645+0000] {taskinstance.py:731} INFO - ::endgroup::
[2024-09-27T23:16:43.714+0000] {base.py:84} INFO - Retrieving connection 'dse_connection'
[2024-09-27T23:16:43.733+0000] {sql.py:509} INFO - Running statement: 
        CREATE TABLE IF NOT EXISTS company_list (
            company_id SERIAL PRIMARY KEY,
            company_trade_name VARCHAR(255) NOT NULL,
            company_url VARCHAR(255) NOT NULL,
            UNIQUE(company_trade_name)
        );
    , parameters: None
[2024-09-27T23:16:43.749+0000] {python.py:240} INFO - Done. Returned value was: None
[2024-09-27T23:16:43.809+0000] {taskinstance.py:340} INFO - ::group::Post task execution logs
[2024-09-27T23:16:43.810+0000] {taskinstance.py:352} INFO - Marking task as SUCCESS. dag_id=scrape_and_save_share_prices_with_company_data, task_id=create_company_table, run_id=scheduled__2024-04-16T00:00:00+00:00, execution_date=20240416T000000, start_date=20240927T231642, end_date=20240927T231643
[2024-09-27T23:16:44.287+0000] {logging_mixin.py:190} INFO - Task instance in success state
[2024-09-27T23:16:44.291+0000] {logging_mixin.py:190} INFO -  Previous state of the Task instance: running
[2024-09-27T23:16:44.293+0000] {logging_mixin.py:190} INFO - Dag name:scrape_and_save_share_prices_with_company_data queued_at:2024-09-27 23:16:33.639596+00:00
[2024-09-27T23:16:44.297+0000] {logging_mixin.py:190} INFO - Task hostname:7746de5121f6 operator:PythonOperator
[2024-09-27T23:16:44.351+0000] {local_task_job_runner.py:266} INFO - Task exited with return code 0
[2024-09-27T23:16:44.459+0000] {taskinstance.py:3900} INFO - 1 downstream tasks scheduled from follow-on schedule check
[2024-09-27T23:16:44.470+0000] {local_task_job_runner.py:245} INFO - ::endgroup::
