[2024-09-27T18:36:46.769+0000] {local_task_job_runner.py:123} INFO - ::group::Pre task execution logs
[2024-09-27T18:36:46.887+0000] {taskinstance.py:2612} INFO - Dependencies all met for dep_context=non-requeueable deps ti=<TaskInstance: scrape_and_save_share_prices_with_company_data.create_company_table scheduled__2024-01-27T00:00:00+00:00 [queued]>
[2024-09-27T18:36:46.993+0000] {taskinstance.py:2612} INFO - Dependencies all met for dep_context=requeueable deps ti=<TaskInstance: scrape_and_save_share_prices_with_company_data.create_company_table scheduled__2024-01-27T00:00:00+00:00 [queued]>
[2024-09-27T18:36:47.001+0000] {taskinstance.py:2865} INFO - Starting attempt 1 of 2
[2024-09-27T18:36:47.093+0000] {taskinstance.py:2888} INFO - Executing <Task(PythonOperator): create_company_table> on 2024-01-27 00:00:00+00:00
[2024-09-27T18:36:47.159+0000] {warnings.py:112} WARNING - /home/***/.local/lib/python3.12/site-packages/***/task/task_runner/standard_task_runner.py:70: DeprecationWarning: This process (pid=13938) is multi-threaded, use of fork() may lead to deadlocks in the child.
  pid = os.fork()

[2024-09-27T18:36:47.166+0000] {standard_task_runner.py:72} INFO - Started process 13957 to run task
[2024-09-27T18:36:47.181+0000] {standard_task_runner.py:104} INFO - Running: ['***', 'tasks', 'run', 'scrape_and_save_share_prices_with_company_data', 'create_company_table', 'scheduled__2024-01-27T00:00:00+00:00', '--job-id', '1574', '--raw', '--subdir', 'DAGS_FOLDER/dag.py', '--cfg-path', '/tmp/tmpfoiipfvo']
[2024-09-27T18:36:47.205+0000] {standard_task_runner.py:105} INFO - Job 1574: Subtask create_company_table
[2024-09-27T18:36:47.499+0000] {task_command.py:467} INFO - Running <TaskInstance: scrape_and_save_share_prices_with_company_data.create_company_table scheduled__2024-01-27T00:00:00+00:00 [running]> on host 13b5797a93ab
[2024-09-27T18:36:48.112+0000] {taskinstance.py:3131} INFO - Exporting env vars: AIRFLOW_CTX_DAG_OWNER='***' AIRFLOW_CTX_DAG_ID='scrape_and_save_share_prices_with_company_data' AIRFLOW_CTX_TASK_ID='create_company_table' AIRFLOW_CTX_EXECUTION_DATE='2024-01-27T00:00:00+00:00' AIRFLOW_CTX_TRY_NUMBER='1' AIRFLOW_CTX_DAG_RUN_ID='scheduled__2024-01-27T00:00:00+00:00'
[2024-09-27T18:36:48.116+0000] {logging_mixin.py:190} INFO - Task instance is in running state
[2024-09-27T18:36:48.117+0000] {logging_mixin.py:190} INFO -  Previous state of the Task instance: queued
[2024-09-27T18:36:48.129+0000] {logging_mixin.py:190} INFO - Current task name:create_company_table state:running start_date:2024-09-27 18:36:46.915679+00:00
[2024-09-27T18:36:48.131+0000] {logging_mixin.py:190} INFO - Dag name:scrape_and_save_share_prices_with_company_data and current dag run status:running
[2024-09-27T18:36:48.132+0000] {taskinstance.py:731} INFO - ::endgroup::
[2024-09-27T18:36:48.166+0000] {base.py:84} INFO - Retrieving connection 'dse_connection'
[2024-09-27T18:36:48.218+0000] {sql.py:509} INFO - Running statement: 
        CREATE TABLE IF NOT EXISTS company_list (
            company_id SERIAL PRIMARY KEY,
            company_trade_name VARCHAR(255) NOT NULL,
            company_url VARCHAR(255) NOT NULL,
            UNIQUE(company_trade_name)
        );
    , parameters: None
[2024-09-27T18:36:48.223+0000] {python.py:240} INFO - Done. Returned value was: None
[2024-09-27T18:36:48.247+0000] {taskinstance.py:340} INFO - ::group::Post task execution logs
[2024-09-27T18:36:48.249+0000] {taskinstance.py:352} INFO - Marking task as SUCCESS. dag_id=scrape_and_save_share_prices_with_company_data, task_id=create_company_table, run_id=scheduled__2024-01-27T00:00:00+00:00, execution_date=20240127T000000, start_date=20240927T183646, end_date=20240927T183648
[2024-09-27T18:36:48.355+0000] {logging_mixin.py:190} INFO - Task instance in success state
[2024-09-27T18:36:48.358+0000] {logging_mixin.py:190} INFO -  Previous state of the Task instance: running
[2024-09-27T18:36:48.360+0000] {logging_mixin.py:190} INFO - Dag name:scrape_and_save_share_prices_with_company_data queued_at:2024-09-27 18:36:31.543958+00:00
[2024-09-27T18:36:48.366+0000] {logging_mixin.py:190} INFO - Task hostname:13b5797a93ab operator:PythonOperator
[2024-09-27T18:36:48.457+0000] {local_task_job_runner.py:266} INFO - Task exited with return code 0
[2024-09-27T18:36:48.601+0000] {taskinstance.py:3900} INFO - 1 downstream tasks scheduled from follow-on schedule check
[2024-09-27T18:36:48.612+0000] {local_task_job_runner.py:245} INFO - ::endgroup::
[2024-09-27T23:01:40.707+0000] {local_task_job_runner.py:123} INFO - ::group::Pre task execution logs
[2024-09-27T23:01:40.784+0000] {taskinstance.py:2612} INFO - Dependencies all met for dep_context=non-requeueable deps ti=<TaskInstance: scrape_and_save_share_prices_with_company_data.create_company_table scheduled__2024-01-27T00:00:00+00:00 [queued]>
[2024-09-27T23:01:40.807+0000] {taskinstance.py:2612} INFO - Dependencies all met for dep_context=requeueable deps ti=<TaskInstance: scrape_and_save_share_prices_with_company_data.create_company_table scheduled__2024-01-27T00:00:00+00:00 [queued]>
[2024-09-27T23:01:40.809+0000] {taskinstance.py:2865} INFO - Starting attempt 1 of 2
[2024-09-27T23:01:40.848+0000] {taskinstance.py:2888} INFO - Executing <Task(PythonOperator): create_company_table> on 2024-01-27 00:00:00+00:00
[2024-09-27T23:01:40.865+0000] {warnings.py:112} WARNING - /home/***/.local/lib/python3.12/site-packages/***/task/task_runner/standard_task_runner.py:70: DeprecationWarning: This process (pid=2370) is multi-threaded, use of fork() may lead to deadlocks in the child.
  pid = os.fork()

[2024-09-27T23:01:40.870+0000] {standard_task_runner.py:72} INFO - Started process 2388 to run task
[2024-09-27T23:01:40.896+0000] {standard_task_runner.py:104} INFO - Running: ['***', 'tasks', 'run', 'scrape_and_save_share_prices_with_company_data', 'create_company_table', 'scheduled__2024-01-27T00:00:00+00:00', '--job-id', '3083', '--raw', '--subdir', 'DAGS_FOLDER/dag.py', '--cfg-path', '/tmp/tmpma_184s1']
[2024-09-27T23:01:40.901+0000] {standard_task_runner.py:105} INFO - Job 3083: Subtask create_company_table
[2024-09-27T23:01:41.117+0000] {task_command.py:467} INFO - Running <TaskInstance: scrape_and_save_share_prices_with_company_data.create_company_table scheduled__2024-01-27T00:00:00+00:00 [running]> on host 7746de5121f6
[2024-09-27T23:01:41.547+0000] {taskinstance.py:3131} INFO - Exporting env vars: AIRFLOW_CTX_DAG_OWNER='***' AIRFLOW_CTX_DAG_ID='scrape_and_save_share_prices_with_company_data' AIRFLOW_CTX_TASK_ID='create_company_table' AIRFLOW_CTX_EXECUTION_DATE='2024-01-27T00:00:00+00:00' AIRFLOW_CTX_TRY_NUMBER='1' AIRFLOW_CTX_DAG_RUN_ID='scheduled__2024-01-27T00:00:00+00:00'
[2024-09-27T23:01:41.562+0000] {logging_mixin.py:190} INFO - Task instance is in running state
[2024-09-27T23:01:41.564+0000] {logging_mixin.py:190} INFO -  Previous state of the Task instance: queued
[2024-09-27T23:01:41.570+0000] {logging_mixin.py:190} INFO - Current task name:create_company_table state:running start_date:2024-09-27 23:01:40.785901+00:00
[2024-09-27T23:01:41.580+0000] {logging_mixin.py:190} INFO - Dag name:scrape_and_save_share_prices_with_company_data and current dag run status:running
[2024-09-27T23:01:41.581+0000] {taskinstance.py:731} INFO - ::endgroup::
[2024-09-27T23:01:41.645+0000] {base.py:84} INFO - Retrieving connection 'dse_connection'
[2024-09-27T23:01:41.653+0000] {sql.py:509} INFO - Running statement: 
        CREATE TABLE IF NOT EXISTS company_list (
            company_id SERIAL PRIMARY KEY,
            company_trade_name VARCHAR(255) NOT NULL,
            company_url VARCHAR(255) NOT NULL,
            UNIQUE(company_trade_name)
        );
    , parameters: None
[2024-09-27T23:01:41.656+0000] {python.py:240} INFO - Done. Returned value was: None
[2024-09-27T23:01:41.702+0000] {taskinstance.py:340} INFO - ::group::Post task execution logs
[2024-09-27T23:01:41.720+0000] {taskinstance.py:352} INFO - Marking task as SUCCESS. dag_id=scrape_and_save_share_prices_with_company_data, task_id=create_company_table, run_id=scheduled__2024-01-27T00:00:00+00:00, execution_date=20240127T000000, start_date=20240927T230140, end_date=20240927T230141
[2024-09-27T23:01:41.780+0000] {logging_mixin.py:190} INFO - Task instance in success state
[2024-09-27T23:01:41.781+0000] {logging_mixin.py:190} INFO -  Previous state of the Task instance: running
[2024-09-27T23:01:41.782+0000] {logging_mixin.py:190} INFO - Dag name:scrape_and_save_share_prices_with_company_data queued_at:2024-09-27 23:01:34.101458+00:00
[2024-09-27T23:01:41.783+0000] {logging_mixin.py:190} INFO - Task hostname:7746de5121f6 operator:PythonOperator
[2024-09-27T23:01:41.841+0000] {local_task_job_runner.py:266} INFO - Task exited with return code 0
[2024-09-27T23:01:41.868+0000] {local_task_job_runner.py:245} INFO - ::endgroup::
