[2024-09-27T18:24:13.944+0000] {local_task_job_runner.py:123} INFO - ::group::Pre task execution logs
[2024-09-27T18:24:13.998+0000] {taskinstance.py:2612} INFO - Dependencies all met for dep_context=non-requeueable deps ti=<TaskInstance: scrape_and_save_share_prices_with_company_data.create_company_table scheduled__2023-12-04T00:00:00+00:00 [queued]>
[2024-09-27T18:24:14.067+0000] {taskinstance.py:2612} INFO - Dependencies all met for dep_context=requeueable deps ti=<TaskInstance: scrape_and_save_share_prices_with_company_data.create_company_table scheduled__2023-12-04T00:00:00+00:00 [queued]>
[2024-09-27T18:24:14.069+0000] {taskinstance.py:2865} INFO - Starting attempt 1 of 2
[2024-09-27T18:24:14.196+0000] {taskinstance.py:2888} INFO - Executing <Task(PythonOperator): create_company_table> on 2023-12-04 00:00:00+00:00
[2024-09-27T18:24:14.256+0000] {warnings.py:112} WARNING - /home/***/.local/lib/python3.12/site-packages/***/task/task_runner/standard_task_runner.py:70: DeprecationWarning: This process (pid=12965) is multi-threaded, use of fork() may lead to deadlocks in the child.
  pid = os.fork()

[2024-09-27T18:24:14.265+0000] {standard_task_runner.py:72} INFO - Started process 12987 to run task
[2024-09-27T18:24:14.255+0000] {standard_task_runner.py:104} INFO - Running: ['***', 'tasks', 'run', 'scrape_and_save_share_prices_with_company_data', 'create_company_table', 'scheduled__2023-12-04T00:00:00+00:00', '--job-id', '1362', '--raw', '--subdir', 'DAGS_FOLDER/dag.py', '--cfg-path', '/tmp/tmpr29aa4a7']
[2024-09-27T18:24:14.272+0000] {standard_task_runner.py:105} INFO - Job 1362: Subtask create_company_table
[2024-09-27T18:24:14.565+0000] {task_command.py:467} INFO - Running <TaskInstance: scrape_and_save_share_prices_with_company_data.create_company_table scheduled__2023-12-04T00:00:00+00:00 [running]> on host 13b5797a93ab
[2024-09-27T18:24:15.039+0000] {taskinstance.py:3131} INFO - Exporting env vars: AIRFLOW_CTX_DAG_OWNER='***' AIRFLOW_CTX_DAG_ID='scrape_and_save_share_prices_with_company_data' AIRFLOW_CTX_TASK_ID='create_company_table' AIRFLOW_CTX_EXECUTION_DATE='2023-12-04T00:00:00+00:00' AIRFLOW_CTX_TRY_NUMBER='1' AIRFLOW_CTX_DAG_RUN_ID='scheduled__2023-12-04T00:00:00+00:00'
[2024-09-27T18:24:15.047+0000] {logging_mixin.py:190} INFO - Task instance is in running state
[2024-09-27T18:24:15.051+0000] {logging_mixin.py:190} INFO -  Previous state of the Task instance: queued
[2024-09-27T18:24:15.061+0000] {logging_mixin.py:190} INFO - Current task name:create_company_table state:running start_date:2024-09-27 18:24:14.015650+00:00
[2024-09-27T18:24:15.064+0000] {logging_mixin.py:190} INFO - Dag name:scrape_and_save_share_prices_with_company_data and current dag run status:running
[2024-09-27T18:24:15.067+0000] {taskinstance.py:731} INFO - ::endgroup::
[2024-09-27T18:24:15.161+0000] {base.py:84} INFO - Retrieving connection 'dse_connection'
[2024-09-27T18:24:15.203+0000] {sql.py:509} INFO - Running statement: 
        CREATE TABLE IF NOT EXISTS company_list (
            company_id SERIAL PRIMARY KEY,
            company_trade_name VARCHAR(255) NOT NULL,
            company_url VARCHAR(255) NOT NULL,
            UNIQUE(company_trade_name)
        );
    , parameters: None
[2024-09-27T18:24:15.236+0000] {python.py:240} INFO - Done. Returned value was: None
[2024-09-27T18:24:15.318+0000] {taskinstance.py:340} INFO - ::group::Post task execution logs
[2024-09-27T18:24:15.342+0000] {taskinstance.py:352} INFO - Marking task as SUCCESS. dag_id=scrape_and_save_share_prices_with_company_data, task_id=create_company_table, run_id=scheduled__2023-12-04T00:00:00+00:00, execution_date=20231204T000000, start_date=20240927T182414, end_date=20240927T182415
[2024-09-27T18:24:15.775+0000] {logging_mixin.py:190} INFO - Task instance in success state
[2024-09-27T18:24:15.776+0000] {logging_mixin.py:190} INFO -  Previous state of the Task instance: running
[2024-09-27T18:24:15.782+0000] {logging_mixin.py:190} INFO - Dag name:scrape_and_save_share_prices_with_company_data queued_at:2024-09-27 18:24:04.538373+00:00
[2024-09-27T18:24:15.788+0000] {logging_mixin.py:190} INFO - Task hostname:13b5797a93ab operator:PythonOperator
[2024-09-27T18:24:15.936+0000] {local_task_job_runner.py:266} INFO - Task exited with return code 0
[2024-09-27T18:24:16.193+0000] {taskinstance.py:3900} INFO - 1 downstream tasks scheduled from follow-on schedule check
[2024-09-27T18:24:16.214+0000] {local_task_job_runner.py:245} INFO - ::endgroup::
[2024-09-27T22:12:31.197+0000] {local_task_job_runner.py:123} INFO - ::group::Pre task execution logs
[2024-09-27T22:12:31.306+0000] {taskinstance.py:2612} INFO - Dependencies all met for dep_context=non-requeueable deps ti=<TaskInstance: scrape_and_save_share_prices_with_company_data.create_company_table scheduled__2023-12-04T00:00:00+00:00 [queued]>
[2024-09-27T22:12:31.353+0000] {taskinstance.py:2612} INFO - Dependencies all met for dep_context=requeueable deps ti=<TaskInstance: scrape_and_save_share_prices_with_company_data.create_company_table scheduled__2023-12-04T00:00:00+00:00 [queued]>
[2024-09-27T22:12:31.354+0000] {taskinstance.py:2865} INFO - Starting attempt 1 of 2
[2024-09-27T22:12:31.466+0000] {taskinstance.py:2888} INFO - Executing <Task(PythonOperator): create_company_table> on 2023-12-04 00:00:00+00:00
[2024-09-27T22:12:31.480+0000] {warnings.py:112} WARNING - /home/***/.local/lib/python3.12/site-packages/***/task/task_runner/standard_task_runner.py:70: DeprecationWarning: This process (pid=1722) is multi-threaded, use of fork() may lead to deadlocks in the child.
  pid = os.fork()

[2024-09-27T22:12:31.493+0000] {standard_task_runner.py:104} INFO - Running: ['***', 'tasks', 'run', 'scrape_and_save_share_prices_with_company_data', 'create_company_table', 'scheduled__2023-12-04T00:00:00+00:00', '--job-id', '2410', '--raw', '--subdir', 'DAGS_FOLDER/dag.py', '--cfg-path', '/tmp/tmp2wtave0w']
[2024-09-27T22:12:31.515+0000] {standard_task_runner.py:72} INFO - Started process 1752 to run task
[2024-09-27T22:12:31.515+0000] {standard_task_runner.py:105} INFO - Job 2410: Subtask create_company_table
[2024-09-27T22:12:31.699+0000] {task_command.py:467} INFO - Running <TaskInstance: scrape_and_save_share_prices_with_company_data.create_company_table scheduled__2023-12-04T00:00:00+00:00 [running]> on host fd62fe12432d
[2024-09-27T22:12:32.226+0000] {taskinstance.py:3131} INFO - Exporting env vars: AIRFLOW_CTX_DAG_OWNER='***' AIRFLOW_CTX_DAG_ID='scrape_and_save_share_prices_with_company_data' AIRFLOW_CTX_TASK_ID='create_company_table' AIRFLOW_CTX_EXECUTION_DATE='2023-12-04T00:00:00+00:00' AIRFLOW_CTX_TRY_NUMBER='1' AIRFLOW_CTX_DAG_RUN_ID='scheduled__2023-12-04T00:00:00+00:00'
[2024-09-27T22:12:32.246+0000] {logging_mixin.py:190} INFO - Task instance is in running state
[2024-09-27T22:12:32.249+0000] {logging_mixin.py:190} INFO -  Previous state of the Task instance: queued
[2024-09-27T22:12:32.250+0000] {logging_mixin.py:190} INFO - Current task name:create_company_table state:running start_date:2024-09-27 22:12:31.308250+00:00
[2024-09-27T22:12:32.252+0000] {logging_mixin.py:190} INFO - Dag name:scrape_and_save_share_prices_with_company_data and current dag run status:running
[2024-09-27T22:12:32.264+0000] {taskinstance.py:731} INFO - ::endgroup::
[2024-09-27T22:12:32.307+0000] {base.py:84} INFO - Retrieving connection 'dse_connection'
[2024-09-27T22:12:32.359+0000] {sql.py:509} INFO - Running statement: 
        CREATE TABLE IF NOT EXISTS company_list (
            company_id SERIAL PRIMARY KEY,
            company_trade_name VARCHAR(255) NOT NULL,
            company_url VARCHAR(255) NOT NULL,
            UNIQUE(company_trade_name)
        );
    , parameters: None
[2024-09-27T22:12:32.370+0000] {python.py:240} INFO - Done. Returned value was: None
[2024-09-27T22:12:32.406+0000] {taskinstance.py:340} INFO - ::group::Post task execution logs
[2024-09-27T22:12:32.408+0000] {taskinstance.py:352} INFO - Marking task as SUCCESS. dag_id=scrape_and_save_share_prices_with_company_data, task_id=create_company_table, run_id=scheduled__2023-12-04T00:00:00+00:00, execution_date=20231204T000000, start_date=20240927T221231, end_date=20240927T221232
[2024-09-27T22:12:32.462+0000] {logging_mixin.py:190} INFO - Task instance in success state
[2024-09-27T22:12:32.465+0000] {logging_mixin.py:190} INFO -  Previous state of the Task instance: running
[2024-09-27T22:12:32.466+0000] {logging_mixin.py:190} INFO - Dag name:scrape_and_save_share_prices_with_company_data queued_at:2024-09-27 22:12:25.030249+00:00
[2024-09-27T22:12:32.467+0000] {logging_mixin.py:190} INFO - Task hostname:fd62fe12432d operator:PythonOperator
[2024-09-27T22:12:32.554+0000] {local_task_job_runner.py:266} INFO - Task exited with return code 0
[2024-09-27T22:12:32.667+0000] {taskinstance.py:3900} INFO - 1 downstream tasks scheduled from follow-on schedule check
[2024-09-27T22:12:32.673+0000] {local_task_job_runner.py:245} INFO - ::endgroup::
[2024-09-27T22:51:36.896+0000] {local_task_job_runner.py:123} INFO - ::group::Pre task execution logs
[2024-09-27T22:51:37.102+0000] {taskinstance.py:2612} INFO - Dependencies all met for dep_context=non-requeueable deps ti=<TaskInstance: scrape_and_save_share_prices_with_company_data.create_company_table scheduled__2023-12-04T00:00:00+00:00 [queued]>
[2024-09-27T22:51:37.293+0000] {taskinstance.py:2612} INFO - Dependencies all met for dep_context=requeueable deps ti=<TaskInstance: scrape_and_save_share_prices_with_company_data.create_company_table scheduled__2023-12-04T00:00:00+00:00 [queued]>
[2024-09-27T22:51:37.317+0000] {taskinstance.py:2865} INFO - Starting attempt 1 of 2
[2024-09-27T22:51:37.773+0000] {taskinstance.py:2888} INFO - Executing <Task(PythonOperator): create_company_table> on 2023-12-04 00:00:00+00:00
[2024-09-27T22:51:37.920+0000] {standard_task_runner.py:104} INFO - Running: ['***', 'tasks', 'run', 'scrape_and_save_share_prices_with_company_data', 'create_company_table', 'scheduled__2023-12-04T00:00:00+00:00', '--job-id', '2865', '--raw', '--subdir', 'DAGS_FOLDER/dag.py', '--cfg-path', '/tmp/tmpits7yvi1']
[2024-09-27T22:51:37.929+0000] {standard_task_runner.py:105} INFO - Job 2865: Subtask create_company_table
[2024-09-27T22:51:37.940+0000] {warnings.py:112} WARNING - /home/***/.local/lib/python3.12/site-packages/***/task/task_runner/standard_task_runner.py:70: DeprecationWarning: This process (pid=1382) is multi-threaded, use of fork() may lead to deadlocks in the child.
  pid = os.fork()

[2024-09-27T22:51:37.955+0000] {standard_task_runner.py:72} INFO - Started process 1427 to run task
[2024-09-27T22:51:38.331+0000] {task_command.py:467} INFO - Running <TaskInstance: scrape_and_save_share_prices_with_company_data.create_company_table scheduled__2023-12-04T00:00:00+00:00 [running]> on host 7746de5121f6
[2024-09-27T22:51:38.861+0000] {taskinstance.py:3131} INFO - Exporting env vars: AIRFLOW_CTX_DAG_OWNER='***' AIRFLOW_CTX_DAG_ID='scrape_and_save_share_prices_with_company_data' AIRFLOW_CTX_TASK_ID='create_company_table' AIRFLOW_CTX_EXECUTION_DATE='2023-12-04T00:00:00+00:00' AIRFLOW_CTX_TRY_NUMBER='1' AIRFLOW_CTX_DAG_RUN_ID='scheduled__2023-12-04T00:00:00+00:00'
[2024-09-27T22:51:38.865+0000] {logging_mixin.py:190} INFO - Task instance is in running state
[2024-09-27T22:51:38.866+0000] {logging_mixin.py:190} INFO -  Previous state of the Task instance: queued
[2024-09-27T22:51:38.868+0000] {logging_mixin.py:190} INFO - Current task name:create_company_table state:running start_date:2024-09-27 22:51:37.110560+00:00
[2024-09-27T22:51:38.872+0000] {logging_mixin.py:190} INFO - Dag name:scrape_and_save_share_prices_with_company_data and current dag run status:running
[2024-09-27T22:51:38.875+0000] {taskinstance.py:731} INFO - ::endgroup::
[2024-09-27T22:51:38.942+0000] {base.py:84} INFO - Retrieving connection 'dse_connection'
[2024-09-27T22:51:38.960+0000] {sql.py:509} INFO - Running statement: 
        CREATE TABLE IF NOT EXISTS company_list (
            company_id SERIAL PRIMARY KEY,
            company_trade_name VARCHAR(255) NOT NULL,
            company_url VARCHAR(255) NOT NULL,
            UNIQUE(company_trade_name)
        );
    , parameters: None
[2024-09-27T22:51:38.964+0000] {python.py:240} INFO - Done. Returned value was: None
[2024-09-27T22:51:39.011+0000] {taskinstance.py:340} INFO - ::group::Post task execution logs
[2024-09-27T22:51:39.018+0000] {taskinstance.py:352} INFO - Marking task as SUCCESS. dag_id=scrape_and_save_share_prices_with_company_data, task_id=create_company_table, run_id=scheduled__2023-12-04T00:00:00+00:00, execution_date=20231204T000000, start_date=20240927T225137, end_date=20240927T225139
[2024-09-27T22:51:39.103+0000] {logging_mixin.py:190} INFO - Task instance in success state
[2024-09-27T22:51:39.107+0000] {logging_mixin.py:190} INFO -  Previous state of the Task instance: running
[2024-09-27T22:51:39.112+0000] {logging_mixin.py:190} INFO - Dag name:scrape_and_save_share_prices_with_company_data queued_at:2024-09-27 22:51:18.459275+00:00
[2024-09-27T22:51:39.113+0000] {logging_mixin.py:190} INFO - Task hostname:7746de5121f6 operator:PythonOperator
[2024-09-27T22:51:39.137+0000] {local_task_job_runner.py:266} INFO - Task exited with return code 0
[2024-09-27T22:51:39.244+0000] {taskinstance.py:3900} INFO - 1 downstream tasks scheduled from follow-on schedule check
[2024-09-27T22:51:39.255+0000] {local_task_job_runner.py:245} INFO - ::endgroup::
