[2024-09-27T19:42:42.850+0000] {local_task_job_runner.py:123} INFO - ::group::Pre task execution logs
[2024-09-27T19:42:42.981+0000] {taskinstance.py:2612} INFO - Dependencies all met for dep_context=non-requeueable deps ti=<TaskInstance: scrape_and_save_share_prices_with_company_data.insert_company_data scheduled__2024-04-19T00:00:00+00:00 [queued]>
[2024-09-27T19:42:43.065+0000] {taskinstance.py:2612} INFO - Dependencies all met for dep_context=requeueable deps ti=<TaskInstance: scrape_and_save_share_prices_with_company_data.insert_company_data scheduled__2024-04-19T00:00:00+00:00 [queued]>
[2024-09-27T19:42:43.070+0000] {taskinstance.py:2865} INFO - Starting attempt 1 of 2
[2024-09-27T19:42:43.127+0000] {taskinstance.py:2888} INFO - Executing <Task(PythonOperator): insert_company_data> on 2024-04-19 00:00:00+00:00
[2024-09-27T19:42:43.162+0000] {warnings.py:112} WARNING - /home/***/.local/lib/python3.12/site-packages/***/task/task_runner/standard_task_runner.py:70: DeprecationWarning: This process (pid=587) is multi-threaded, use of fork() may lead to deadlocks in the child.
  pid = os.fork()

[2024-09-27T19:42:43.177+0000] {standard_task_runner.py:72} INFO - Started process 611 to run task
[2024-09-27T19:42:43.174+0000] {standard_task_runner.py:104} INFO - Running: ['***', 'tasks', 'run', 'scrape_and_save_share_prices_with_company_data', 'insert_company_data', 'scheduled__2024-04-19T00:00:00+00:00', '--job-id', '2033', '--raw', '--subdir', 'DAGS_FOLDER/dag.py', '--cfg-path', '/tmp/tmpif21gh7_']
[2024-09-27T19:42:43.180+0000] {standard_task_runner.py:105} INFO - Job 2033: Subtask insert_company_data
[2024-09-27T19:42:43.438+0000] {task_command.py:467} INFO - Running <TaskInstance: scrape_and_save_share_prices_with_company_data.insert_company_data scheduled__2024-04-19T00:00:00+00:00 [running]> on host f199b4684a92
[2024-09-27T19:42:43.713+0000] {taskinstance.py:3131} INFO - Exporting env vars: AIRFLOW_CTX_DAG_OWNER='***' AIRFLOW_CTX_DAG_ID='scrape_and_save_share_prices_with_company_data' AIRFLOW_CTX_TASK_ID='insert_company_data' AIRFLOW_CTX_EXECUTION_DATE='2024-04-19T00:00:00+00:00' AIRFLOW_CTX_TRY_NUMBER='1' AIRFLOW_CTX_DAG_RUN_ID='scheduled__2024-04-19T00:00:00+00:00'
[2024-09-27T19:42:43.716+0000] {logging_mixin.py:190} INFO - Task instance is in running state
[2024-09-27T19:42:43.717+0000] {logging_mixin.py:190} INFO -  Previous state of the Task instance: queued
[2024-09-27T19:42:43.718+0000] {logging_mixin.py:190} INFO - Current task name:insert_company_data state:running start_date:2024-09-27 19:42:42.988904+00:00
[2024-09-27T19:42:43.718+0000] {logging_mixin.py:190} INFO - Dag name:scrape_and_save_share_prices_with_company_data and current dag run status:running
[2024-09-27T19:42:43.720+0000] {taskinstance.py:731} INFO - ::endgroup::
[2024-09-27T19:42:50.752+0000] {base.py:84} INFO - Retrieving connection 'dse_connection'
[2024-09-27T19:42:58.737+0000] {local_task_job_runner.py:346} WARNING - State of this instance has been externally set to failed. Terminating instance.
[2024-09-27T19:42:58.739+0000] {local_task_job_runner.py:245} INFO - ::endgroup::
[2024-09-27T19:42:58.745+0000] {process_utils.py:132} INFO - Sending 15 to group 611. PIDs of all processes in the group: [611]
[2024-09-27T19:42:58.747+0000] {process_utils.py:87} INFO - Sending the signal 15 to group 611
[2024-09-27T19:43:11.805+0000] {taskinstance.py:3092} ERROR - Received SIGTERM. Terminating subprocesses.
[2024-09-27T19:43:11.934+0000] {taskinstance.py:340} INFO - ::group::Post task execution logs
[2024-09-27T19:43:12.072+0000] {process_utils.py:80} INFO - Process psutil.Process(pid=611, status='terminated', exitcode=0, started='19:42:42') (611) terminated with exit code 0
[2024-09-27T23:17:59.687+0000] {local_task_job_runner.py:123} INFO - ::group::Pre task execution logs
[2024-09-27T23:17:59.854+0000] {taskinstance.py:2612} INFO - Dependencies all met for dep_context=non-requeueable deps ti=<TaskInstance: scrape_and_save_share_prices_with_company_data.insert_company_data scheduled__2024-04-19T00:00:00+00:00 [queued]>
[2024-09-27T23:17:59.909+0000] {taskinstance.py:2612} INFO - Dependencies all met for dep_context=requeueable deps ti=<TaskInstance: scrape_and_save_share_prices_with_company_data.insert_company_data scheduled__2024-04-19T00:00:00+00:00 [queued]>
[2024-09-27T23:17:59.913+0000] {taskinstance.py:2865} INFO - Starting attempt 1 of 2
[2024-09-27T23:18:00.069+0000] {taskinstance.py:2888} INFO - Executing <Task(PythonOperator): insert_company_data> on 2024-04-19 00:00:00+00:00
[2024-09-27T23:18:00.100+0000] {warnings.py:112} WARNING - /home/***/.local/lib/python3.12/site-packages/***/task/task_runner/standard_task_runner.py:70: DeprecationWarning: This process (pid=3947) is multi-threaded, use of fork() may lead to deadlocks in the child.
  pid = os.fork()

[2024-09-27T23:18:00.104+0000] {standard_task_runner.py:72} INFO - Started process 3959 to run task
[2024-09-27T23:18:00.155+0000] {standard_task_runner.py:104} INFO - Running: ['***', 'tasks', 'run', 'scrape_and_save_share_prices_with_company_data', 'insert_company_data', 'scheduled__2024-04-19T00:00:00+00:00', '--job-id', '3432', '--raw', '--subdir', 'DAGS_FOLDER/dag.py', '--cfg-path', '/tmp/tmpetbals4m']
[2024-09-27T23:18:00.159+0000] {standard_task_runner.py:105} INFO - Job 3432: Subtask insert_company_data
[2024-09-27T23:18:00.503+0000] {task_command.py:467} INFO - Running <TaskInstance: scrape_and_save_share_prices_with_company_data.insert_company_data scheduled__2024-04-19T00:00:00+00:00 [running]> on host 7746de5121f6
[2024-09-27T23:18:01.042+0000] {taskinstance.py:3131} INFO - Exporting env vars: AIRFLOW_CTX_DAG_OWNER='***' AIRFLOW_CTX_DAG_ID='scrape_and_save_share_prices_with_company_data' AIRFLOW_CTX_TASK_ID='insert_company_data' AIRFLOW_CTX_EXECUTION_DATE='2024-04-19T00:00:00+00:00' AIRFLOW_CTX_TRY_NUMBER='1' AIRFLOW_CTX_DAG_RUN_ID='scheduled__2024-04-19T00:00:00+00:00'
[2024-09-27T23:18:01.050+0000] {logging_mixin.py:190} INFO - Task instance is in running state
[2024-09-27T23:18:01.055+0000] {logging_mixin.py:190} INFO -  Previous state of the Task instance: queued
[2024-09-27T23:18:01.060+0000] {logging_mixin.py:190} INFO - Current task name:insert_company_data state:running start_date:2024-09-27 23:17:59.856401+00:00
[2024-09-27T23:18:01.062+0000] {logging_mixin.py:190} INFO - Dag name:scrape_and_save_share_prices_with_company_data and current dag run status:running
[2024-09-27T23:18:01.064+0000] {taskinstance.py:731} INFO - ::endgroup::
[2024-09-27T23:18:02.896+0000] {python.py:240} INFO - Done. Returned value was: None
[2024-09-27T23:18:03.049+0000] {taskinstance.py:340} INFO - ::group::Post task execution logs
[2024-09-27T23:18:03.075+0000] {taskinstance.py:352} INFO - Marking task as SUCCESS. dag_id=scrape_and_save_share_prices_with_company_data, task_id=insert_company_data, run_id=scheduled__2024-04-19T00:00:00+00:00, execution_date=20240419T000000, start_date=20240927T231759, end_date=20240927T231803
[2024-09-27T23:18:03.634+0000] {logging_mixin.py:190} INFO - Task instance in success state
[2024-09-27T23:18:03.640+0000] {logging_mixin.py:190} INFO -  Previous state of the Task instance: running
[2024-09-27T23:18:03.652+0000] {logging_mixin.py:190} INFO - Dag name:scrape_and_save_share_prices_with_company_data queued_at:2024-09-27 23:17:35.921129+00:00
[2024-09-27T23:18:03.656+0000] {logging_mixin.py:190} INFO - Task hostname:7746de5121f6 operator:PythonOperator
[2024-09-27T23:18:03.736+0000] {local_task_job_runner.py:266} INFO - Task exited with return code 0
[2024-09-27T23:18:03.969+0000] {taskinstance.py:3900} INFO - 1 downstream tasks scheduled from follow-on schedule check
[2024-09-27T23:18:03.992+0000] {local_task_job_runner.py:245} INFO - ::endgroup::
