[2024-09-27T18:27:03.581+0000] {local_task_job_runner.py:123} INFO - ::group::Pre task execution logs
[2024-09-27T18:27:03.636+0000] {taskinstance.py:2612} INFO - Dependencies all met for dep_context=non-requeueable deps ti=<TaskInstance: scrape_and_save_share_prices_with_company_data.create_share_prices_table scheduled__2023-12-13T00:00:00+00:00 [queued]>
[2024-09-27T18:27:03.661+0000] {taskinstance.py:2612} INFO - Dependencies all met for dep_context=requeueable deps ti=<TaskInstance: scrape_and_save_share_prices_with_company_data.create_share_prices_table scheduled__2023-12-13T00:00:00+00:00 [queued]>
[2024-09-27T18:27:03.662+0000] {taskinstance.py:2865} INFO - Starting attempt 1 of 2
[2024-09-27T18:27:03.725+0000] {taskinstance.py:2888} INFO - Executing <Task(PythonOperator): create_share_prices_table> on 2023-12-13 00:00:00+00:00
[2024-09-27T18:27:03.742+0000] {warnings.py:112} WARNING - /home/***/.local/lib/python3.12/site-packages/***/task/task_runner/standard_task_runner.py:70: DeprecationWarning: This process (pid=13193) is multi-threaded, use of fork() may lead to deadlocks in the child.
  pid = os.fork()

[2024-09-27T18:27:03.745+0000] {standard_task_runner.py:72} INFO - Started process 13200 to run task
[2024-09-27T18:27:03.746+0000] {standard_task_runner.py:104} INFO - Running: ['***', 'tasks', 'run', 'scrape_and_save_share_prices_with_company_data', 'create_share_prices_table', 'scheduled__2023-12-13T00:00:00+00:00', '--job-id', '1411', '--raw', '--subdir', 'DAGS_FOLDER/dag.py', '--cfg-path', '/tmp/tmp6nljv0if']
[2024-09-27T18:27:03.749+0000] {standard_task_runner.py:105} INFO - Job 1411: Subtask create_share_prices_table
[2024-09-27T18:27:03.855+0000] {task_command.py:467} INFO - Running <TaskInstance: scrape_and_save_share_prices_with_company_data.create_share_prices_table scheduled__2023-12-13T00:00:00+00:00 [running]> on host 13b5797a93ab
[2024-09-27T18:27:04.212+0000] {taskinstance.py:3131} INFO - Exporting env vars: AIRFLOW_CTX_DAG_OWNER='***' AIRFLOW_CTX_DAG_ID='scrape_and_save_share_prices_with_company_data' AIRFLOW_CTX_TASK_ID='create_share_prices_table' AIRFLOW_CTX_EXECUTION_DATE='2023-12-13T00:00:00+00:00' AIRFLOW_CTX_TRY_NUMBER='1' AIRFLOW_CTX_DAG_RUN_ID='scheduled__2023-12-13T00:00:00+00:00'
[2024-09-27T18:27:04.217+0000] {logging_mixin.py:190} INFO - Task instance is in running state
[2024-09-27T18:27:04.218+0000] {logging_mixin.py:190} INFO -  Previous state of the Task instance: queued
[2024-09-27T18:27:04.220+0000] {logging_mixin.py:190} INFO - Current task name:create_share_prices_table state:running start_date:2024-09-27 18:27:03.638219+00:00
[2024-09-27T18:27:04.221+0000] {logging_mixin.py:190} INFO - Dag name:scrape_and_save_share_prices_with_company_data and current dag run status:running
[2024-09-27T18:27:04.223+0000] {taskinstance.py:731} INFO - ::endgroup::
[2024-09-27T18:27:04.265+0000] {base.py:84} INFO - Retrieving connection 'dse_connection'
[2024-09-27T18:27:04.297+0000] {sql.py:509} INFO - Running statement: 
        CREATE TABLE IF NOT EXISTS company_share_prices (
            id SERIAL,
            company_id INTEGER NOT NULL,
            date DATE,
            latest_trading_price VARCHAR(50),
            low_price VARCHAR(50),
            high_price VARCHAR(50),
            closing_price VARCHAR(50),
            ycp VARCHAR(50),
            change VARCHAR(10),
            trade VARCHAR(50),
            value VARCHAR(50),
            volume VARCHAR(50),
            PRIMARY KEY(company_id, id),
            FOREIGN KEY(company_id)
                REFERENCES company_list(company_id)
                ON UPDATE CASCADE ON DELETE CASCADE
        );
    , parameters: None
[2024-09-27T18:27:04.336+0000] {python.py:240} INFO - Done. Returned value was: None
[2024-09-27T18:27:04.398+0000] {taskinstance.py:340} INFO - ::group::Post task execution logs
[2024-09-27T18:27:04.399+0000] {taskinstance.py:352} INFO - Marking task as SUCCESS. dag_id=scrape_and_save_share_prices_with_company_data, task_id=create_share_prices_table, run_id=scheduled__2023-12-13T00:00:00+00:00, execution_date=20231213T000000, start_date=20240927T182703, end_date=20240927T182704
[2024-09-27T18:27:04.436+0000] {logging_mixin.py:190} INFO - Task instance in success state
[2024-09-27T18:27:04.442+0000] {logging_mixin.py:190} INFO -  Previous state of the Task instance: running
[2024-09-27T18:27:04.443+0000] {logging_mixin.py:190} INFO - Dag name:scrape_and_save_share_prices_with_company_data queued_at:2024-09-27 18:25:25.758991+00:00
[2024-09-27T18:27:04.450+0000] {logging_mixin.py:190} INFO - Task hostname:13b5797a93ab operator:PythonOperator
[2024-09-27T18:27:04.500+0000] {local_task_job_runner.py:266} INFO - Task exited with return code 0
[2024-09-27T18:27:04.532+0000] {local_task_job_runner.py:245} INFO - ::endgroup::
[2024-09-27T22:15:08.990+0000] {local_task_job_runner.py:123} INFO - ::group::Pre task execution logs
[2024-09-27T22:15:09.037+0000] {taskinstance.py:2612} INFO - Dependencies all met for dep_context=non-requeueable deps ti=<TaskInstance: scrape_and_save_share_prices_with_company_data.create_share_prices_table scheduled__2023-12-13T00:00:00+00:00 [queued]>
[2024-09-27T22:15:09.068+0000] {taskinstance.py:2612} INFO - Dependencies all met for dep_context=requeueable deps ti=<TaskInstance: scrape_and_save_share_prices_with_company_data.create_share_prices_table scheduled__2023-12-13T00:00:00+00:00 [queued]>
[2024-09-27T22:15:09.069+0000] {taskinstance.py:2865} INFO - Starting attempt 1 of 2
[2024-09-27T22:15:09.117+0000] {taskinstance.py:2888} INFO - Executing <Task(PythonOperator): create_share_prices_table> on 2023-12-13 00:00:00+00:00
[2024-09-27T22:15:09.135+0000] {warnings.py:112} WARNING - /home/***/.local/lib/python3.12/site-packages/***/task/task_runner/standard_task_runner.py:70: DeprecationWarning: This process (pid=1935) is multi-threaded, use of fork() may lead to deadlocks in the child.
  pid = os.fork()

[2024-09-27T22:15:09.138+0000] {standard_task_runner.py:72} INFO - Started process 1951 to run task
[2024-09-27T22:15:09.150+0000] {standard_task_runner.py:104} INFO - Running: ['***', 'tasks', 'run', 'scrape_and_save_share_prices_with_company_data', 'create_share_prices_table', 'scheduled__2023-12-13T00:00:00+00:00', '--job-id', '2456', '--raw', '--subdir', 'DAGS_FOLDER/dag.py', '--cfg-path', '/tmp/tmpj4kab59r']
[2024-09-27T22:15:09.152+0000] {standard_task_runner.py:105} INFO - Job 2456: Subtask create_share_prices_table
[2024-09-27T22:15:09.322+0000] {task_command.py:467} INFO - Running <TaskInstance: scrape_and_save_share_prices_with_company_data.create_share_prices_table scheduled__2023-12-13T00:00:00+00:00 [running]> on host fd62fe12432d
[2024-09-27T22:15:09.597+0000] {taskinstance.py:3131} INFO - Exporting env vars: AIRFLOW_CTX_DAG_OWNER='***' AIRFLOW_CTX_DAG_ID='scrape_and_save_share_prices_with_company_data' AIRFLOW_CTX_TASK_ID='create_share_prices_table' AIRFLOW_CTX_EXECUTION_DATE='2023-12-13T00:00:00+00:00' AIRFLOW_CTX_TRY_NUMBER='1' AIRFLOW_CTX_DAG_RUN_ID='scheduled__2023-12-13T00:00:00+00:00'
[2024-09-27T22:15:09.601+0000] {logging_mixin.py:190} INFO - Task instance is in running state
[2024-09-27T22:15:09.602+0000] {logging_mixin.py:190} INFO -  Previous state of the Task instance: queued
[2024-09-27T22:15:09.604+0000] {logging_mixin.py:190} INFO - Current task name:create_share_prices_table state:running start_date:2024-09-27 22:15:09.038539+00:00
[2024-09-27T22:15:09.605+0000] {logging_mixin.py:190} INFO - Dag name:scrape_and_save_share_prices_with_company_data and current dag run status:running
[2024-09-27T22:15:09.606+0000] {taskinstance.py:731} INFO - ::endgroup::
[2024-09-27T22:15:09.633+0000] {base.py:84} INFO - Retrieving connection 'dse_connection'
[2024-09-27T22:15:09.648+0000] {sql.py:509} INFO - Running statement: 
        CREATE TABLE IF NOT EXISTS company_share_prices (
            id SERIAL,
            company_id INTEGER NOT NULL,
            date DATE,
            latest_trading_price VARCHAR(50),
            low_price VARCHAR(50),
            high_price VARCHAR(50),
            closing_price VARCHAR(50),
            ycp VARCHAR(50),
            change VARCHAR(10),
            trade VARCHAR(50),
            value VARCHAR(50),
            volume VARCHAR(50),
            PRIMARY KEY(company_id, id),
            FOREIGN KEY(company_id)
                REFERENCES company_list(company_id)
                ON UPDATE CASCADE ON DELETE CASCADE
        );
    , parameters: None
[2024-09-27T22:15:09.652+0000] {python.py:240} INFO - Done. Returned value was: None
[2024-09-27T22:15:09.676+0000] {taskinstance.py:340} INFO - ::group::Post task execution logs
[2024-09-27T22:15:09.680+0000] {taskinstance.py:352} INFO - Marking task as SUCCESS. dag_id=scrape_and_save_share_prices_with_company_data, task_id=create_share_prices_table, run_id=scheduled__2023-12-13T00:00:00+00:00, execution_date=20231213T000000, start_date=20240927T221509, end_date=20240927T221509
[2024-09-27T22:15:09.750+0000] {logging_mixin.py:190} INFO - Task instance in success state
[2024-09-27T22:15:09.752+0000] {logging_mixin.py:190} INFO -  Previous state of the Task instance: running
[2024-09-27T22:15:09.753+0000] {logging_mixin.py:190} INFO - Dag name:scrape_and_save_share_prices_with_company_data queued_at:2024-09-27 22:13:29.658835+00:00
[2024-09-27T22:15:09.754+0000] {logging_mixin.py:190} INFO - Task hostname:fd62fe12432d operator:PythonOperator
[2024-09-27T22:15:09.803+0000] {local_task_job_runner.py:266} INFO - Task exited with return code 0
[2024-09-27T22:15:09.893+0000] {taskinstance.py:3900} INFO - 1 downstream tasks scheduled from follow-on schedule check
[2024-09-27T22:15:09.899+0000] {local_task_job_runner.py:245} INFO - ::endgroup::
[2024-09-27T22:54:04.269+0000] {local_task_job_runner.py:123} INFO - ::group::Pre task execution logs
[2024-09-27T22:54:04.322+0000] {taskinstance.py:2612} INFO - Dependencies all met for dep_context=non-requeueable deps ti=<TaskInstance: scrape_and_save_share_prices_with_company_data.create_share_prices_table scheduled__2023-12-13T00:00:00+00:00 [queued]>
[2024-09-27T22:54:04.347+0000] {taskinstance.py:2612} INFO - Dependencies all met for dep_context=requeueable deps ti=<TaskInstance: scrape_and_save_share_prices_with_company_data.create_share_prices_table scheduled__2023-12-13T00:00:00+00:00 [queued]>
[2024-09-27T22:54:04.351+0000] {taskinstance.py:2865} INFO - Starting attempt 1 of 2
[2024-09-27T22:54:04.418+0000] {taskinstance.py:2888} INFO - Executing <Task(PythonOperator): create_share_prices_table> on 2023-12-13 00:00:00+00:00
[2024-09-27T22:54:04.447+0000] {standard_task_runner.py:104} INFO - Running: ['***', 'tasks', 'run', 'scrape_and_save_share_prices_with_company_data', 'create_share_prices_table', 'scheduled__2023-12-13T00:00:00+00:00', '--job-id', '2911', '--raw', '--subdir', 'DAGS_FOLDER/dag.py', '--cfg-path', '/tmp/tmpb3x0ni18']
[2024-09-27T22:54:04.435+0000] {warnings.py:112} WARNING - /home/***/.local/lib/python3.12/site-packages/***/task/task_runner/standard_task_runner.py:70: DeprecationWarning: This process (pid=1613) is multi-threaded, use of fork() may lead to deadlocks in the child.
  pid = os.fork()

[2024-09-27T22:54:04.450+0000] {standard_task_runner.py:72} INFO - Started process 1629 to run task
[2024-09-27T22:54:04.450+0000] {standard_task_runner.py:105} INFO - Job 2911: Subtask create_share_prices_table
[2024-09-27T22:54:04.670+0000] {task_command.py:467} INFO - Running <TaskInstance: scrape_and_save_share_prices_with_company_data.create_share_prices_table scheduled__2023-12-13T00:00:00+00:00 [running]> on host 7746de5121f6
[2024-09-27T22:54:05.138+0000] {taskinstance.py:3131} INFO - Exporting env vars: AIRFLOW_CTX_DAG_OWNER='***' AIRFLOW_CTX_DAG_ID='scrape_and_save_share_prices_with_company_data' AIRFLOW_CTX_TASK_ID='create_share_prices_table' AIRFLOW_CTX_EXECUTION_DATE='2023-12-13T00:00:00+00:00' AIRFLOW_CTX_TRY_NUMBER='1' AIRFLOW_CTX_DAG_RUN_ID='scheduled__2023-12-13T00:00:00+00:00'
[2024-09-27T22:54:05.148+0000] {logging_mixin.py:190} INFO - Task instance is in running state
[2024-09-27T22:54:05.162+0000] {logging_mixin.py:190} INFO -  Previous state of the Task instance: queued
[2024-09-27T22:54:05.163+0000] {logging_mixin.py:190} INFO - Current task name:create_share_prices_table state:running start_date:2024-09-27 22:54:04.323794+00:00
[2024-09-27T22:54:05.166+0000] {logging_mixin.py:190} INFO - Dag name:scrape_and_save_share_prices_with_company_data and current dag run status:running
[2024-09-27T22:54:05.183+0000] {taskinstance.py:731} INFO - ::endgroup::
[2024-09-27T22:54:05.261+0000] {base.py:84} INFO - Retrieving connection 'dse_connection'
[2024-09-27T22:54:05.304+0000] {sql.py:509} INFO - Running statement: 
        CREATE TABLE IF NOT EXISTS company_share_prices (
            id SERIAL,
            company_id INTEGER NOT NULL,
            date DATE,
            latest_trading_price VARCHAR(50),
            low_price VARCHAR(50),
            high_price VARCHAR(50),
            closing_price VARCHAR(50),
            ycp VARCHAR(50),
            change VARCHAR(10),
            trade VARCHAR(50),
            value VARCHAR(50),
            volume VARCHAR(50),
            PRIMARY KEY(company_id, id),
            FOREIGN KEY(company_id)
                REFERENCES company_list(company_id)
                ON UPDATE CASCADE ON DELETE CASCADE
        );
    , parameters: None
[2024-09-27T22:54:05.328+0000] {python.py:240} INFO - Done. Returned value was: None
[2024-09-27T22:54:05.387+0000] {taskinstance.py:340} INFO - ::group::Post task execution logs
[2024-09-27T22:54:05.392+0000] {taskinstance.py:352} INFO - Marking task as SUCCESS. dag_id=scrape_and_save_share_prices_with_company_data, task_id=create_share_prices_table, run_id=scheduled__2023-12-13T00:00:00+00:00, execution_date=20231213T000000, start_date=20240927T225404, end_date=20240927T225405
[2024-09-27T22:54:05.451+0000] {logging_mixin.py:190} INFO - Task instance in success state
[2024-09-27T22:54:05.462+0000] {logging_mixin.py:190} INFO -  Previous state of the Task instance: running
[2024-09-27T22:54:05.464+0000] {logging_mixin.py:190} INFO - Dag name:scrape_and_save_share_prices_with_company_data queued_at:2024-09-27 22:53:05.684672+00:00
[2024-09-27T22:54:05.470+0000] {logging_mixin.py:190} INFO - Task hostname:7746de5121f6 operator:PythonOperator
[2024-09-27T22:54:05.508+0000] {local_task_job_runner.py:266} INFO - Task exited with return code 0
[2024-09-27T22:54:05.581+0000] {taskinstance.py:3900} INFO - 1 downstream tasks scheduled from follow-on schedule check
[2024-09-27T22:54:05.607+0000] {local_task_job_runner.py:245} INFO - ::endgroup::
