[2024-09-27T18:40:00.583+0000] {local_task_job_runner.py:123} INFO - ::group::Pre task execution logs
[2024-09-27T18:40:00.721+0000] {taskinstance.py:2612} INFO - Dependencies all met for dep_context=non-requeueable deps ti=<TaskInstance: scrape_and_save_share_prices_with_company_data.create_company_table scheduled__2024-02-11T00:00:00+00:00 [queued]>
[2024-09-27T18:40:00.779+0000] {taskinstance.py:2612} INFO - Dependencies all met for dep_context=requeueable deps ti=<TaskInstance: scrape_and_save_share_prices_with_company_data.create_company_table scheduled__2024-02-11T00:00:00+00:00 [queued]>
[2024-09-27T18:40:00.787+0000] {taskinstance.py:2865} INFO - Starting attempt 1 of 2
[2024-09-27T18:40:00.928+0000] {taskinstance.py:2888} INFO - Executing <Task(PythonOperator): create_company_table> on 2024-02-11 00:00:00+00:00
[2024-09-27T18:40:00.962+0000] {warnings.py:112} WARNING - /home/***/.local/lib/python3.12/site-packages/***/task/task_runner/standard_task_runner.py:70: DeprecationWarning: This process (pid=14221) is multi-threaded, use of fork() may lead to deadlocks in the child.
  pid = os.fork()

[2024-09-27T18:40:00.970+0000] {standard_task_runner.py:72} INFO - Started process 14238 to run task
[2024-09-27T18:40:00.958+0000] {standard_task_runner.py:104} INFO - Running: ['***', 'tasks', 'run', 'scrape_and_save_share_prices_with_company_data', 'create_company_table', 'scheduled__2024-02-11T00:00:00+00:00', '--job-id', '1639', '--raw', '--subdir', 'DAGS_FOLDER/dag.py', '--cfg-path', '/tmp/tmpdob1up2k']
[2024-09-27T18:40:00.981+0000] {standard_task_runner.py:105} INFO - Job 1639: Subtask create_company_table
[2024-09-27T18:40:01.247+0000] {task_command.py:467} INFO - Running <TaskInstance: scrape_and_save_share_prices_with_company_data.create_company_table scheduled__2024-02-11T00:00:00+00:00 [running]> on host 13b5797a93ab
[2024-09-27T18:40:01.762+0000] {taskinstance.py:3131} INFO - Exporting env vars: AIRFLOW_CTX_DAG_OWNER='***' AIRFLOW_CTX_DAG_ID='scrape_and_save_share_prices_with_company_data' AIRFLOW_CTX_TASK_ID='create_company_table' AIRFLOW_CTX_EXECUTION_DATE='2024-02-11T00:00:00+00:00' AIRFLOW_CTX_TRY_NUMBER='1' AIRFLOW_CTX_DAG_RUN_ID='scheduled__2024-02-11T00:00:00+00:00'
[2024-09-27T18:40:01.770+0000] {logging_mixin.py:190} INFO - Task instance is in running state
[2024-09-27T18:40:01.772+0000] {logging_mixin.py:190} INFO -  Previous state of the Task instance: queued
[2024-09-27T18:40:01.777+0000] {logging_mixin.py:190} INFO - Current task name:create_company_table state:running start_date:2024-09-27 18:40:00.736400+00:00
[2024-09-27T18:40:01.778+0000] {logging_mixin.py:190} INFO - Dag name:scrape_and_save_share_prices_with_company_data and current dag run status:running
[2024-09-27T18:40:01.781+0000] {taskinstance.py:731} INFO - ::endgroup::
[2024-09-27T18:40:01.815+0000] {base.py:84} INFO - Retrieving connection 'dse_connection'
[2024-09-27T18:40:01.843+0000] {sql.py:509} INFO - Running statement: 
        CREATE TABLE IF NOT EXISTS company_list (
            company_id SERIAL PRIMARY KEY,
            company_trade_name VARCHAR(255) NOT NULL,
            company_url VARCHAR(255) NOT NULL,
            UNIQUE(company_trade_name)
        );
    , parameters: None
[2024-09-27T18:40:01.853+0000] {python.py:240} INFO - Done. Returned value was: None
[2024-09-27T18:40:01.901+0000] {taskinstance.py:340} INFO - ::group::Post task execution logs
[2024-09-27T18:40:01.902+0000] {taskinstance.py:352} INFO - Marking task as SUCCESS. dag_id=scrape_and_save_share_prices_with_company_data, task_id=create_company_table, run_id=scheduled__2024-02-11T00:00:00+00:00, execution_date=20240211T000000, start_date=20240927T184000, end_date=20240927T184001
[2024-09-27T18:40:02.128+0000] {logging_mixin.py:190} INFO - Task instance in success state
[2024-09-27T18:40:02.129+0000] {logging_mixin.py:190} INFO -  Previous state of the Task instance: running
[2024-09-27T18:40:02.130+0000] {logging_mixin.py:190} INFO - Dag name:scrape_and_save_share_prices_with_company_data queued_at:2024-09-27 18:39:46.454540+00:00
[2024-09-27T18:40:02.131+0000] {logging_mixin.py:190} INFO - Task hostname:13b5797a93ab operator:PythonOperator
[2024-09-27T18:40:02.175+0000] {local_task_job_runner.py:266} INFO - Task exited with return code 0
[2024-09-27T18:40:02.258+0000] {taskinstance.py:3900} INFO - 1 downstream tasks scheduled from follow-on schedule check
[2024-09-27T18:40:02.264+0000] {local_task_job_runner.py:245} INFO - ::endgroup::
[2024-09-27T23:03:50.861+0000] {local_task_job_runner.py:123} INFO - ::group::Pre task execution logs
[2024-09-27T23:03:50.939+0000] {taskinstance.py:2612} INFO - Dependencies all met for dep_context=non-requeueable deps ti=<TaskInstance: scrape_and_save_share_prices_with_company_data.create_company_table scheduled__2024-02-11T00:00:00+00:00 [queued]>
[2024-09-27T23:03:50.976+0000] {taskinstance.py:2612} INFO - Dependencies all met for dep_context=requeueable deps ti=<TaskInstance: scrape_and_save_share_prices_with_company_data.create_company_table scheduled__2024-02-11T00:00:00+00:00 [queued]>
[2024-09-27T23:03:50.982+0000] {taskinstance.py:2865} INFO - Starting attempt 1 of 2
[2024-09-27T23:03:51.048+0000] {taskinstance.py:2888} INFO - Executing <Task(PythonOperator): create_company_table> on 2024-02-11 00:00:00+00:00
[2024-09-27T23:03:51.069+0000] {warnings.py:112} WARNING - /home/***/.local/lib/python3.12/site-packages/***/task/task_runner/standard_task_runner.py:70: DeprecationWarning: This process (pid=2628) is multi-threaded, use of fork() may lead to deadlocks in the child.
  pid = os.fork()

[2024-09-27T23:03:51.088+0000] {standard_task_runner.py:72} INFO - Started process 2641 to run task
[2024-09-27T23:03:51.090+0000] {standard_task_runner.py:104} INFO - Running: ['***', 'tasks', 'run', 'scrape_and_save_share_prices_with_company_data', 'create_company_table', 'scheduled__2024-02-11T00:00:00+00:00', '--job-id', '3141', '--raw', '--subdir', 'DAGS_FOLDER/dag.py', '--cfg-path', '/tmp/tmpd7u7zwcw']
[2024-09-27T23:03:51.106+0000] {standard_task_runner.py:105} INFO - Job 3141: Subtask create_company_table
[2024-09-27T23:03:51.366+0000] {task_command.py:467} INFO - Running <TaskInstance: scrape_and_save_share_prices_with_company_data.create_company_table scheduled__2024-02-11T00:00:00+00:00 [running]> on host 7746de5121f6
[2024-09-27T23:03:51.680+0000] {taskinstance.py:3131} INFO - Exporting env vars: AIRFLOW_CTX_DAG_OWNER='***' AIRFLOW_CTX_DAG_ID='scrape_and_save_share_prices_with_company_data' AIRFLOW_CTX_TASK_ID='create_company_table' AIRFLOW_CTX_EXECUTION_DATE='2024-02-11T00:00:00+00:00' AIRFLOW_CTX_TRY_NUMBER='1' AIRFLOW_CTX_DAG_RUN_ID='scheduled__2024-02-11T00:00:00+00:00'
[2024-09-27T23:03:51.691+0000] {logging_mixin.py:190} INFO - Task instance is in running state
[2024-09-27T23:03:51.705+0000] {logging_mixin.py:190} INFO -  Previous state of the Task instance: queued
[2024-09-27T23:03:51.709+0000] {logging_mixin.py:190} INFO - Current task name:create_company_table state:running start_date:2024-09-27 23:03:50.941939+00:00
[2024-09-27T23:03:51.721+0000] {logging_mixin.py:190} INFO - Dag name:scrape_and_save_share_prices_with_company_data and current dag run status:running
[2024-09-27T23:03:51.722+0000] {taskinstance.py:731} INFO - ::endgroup::
[2024-09-27T23:03:51.791+0000] {base.py:84} INFO - Retrieving connection 'dse_connection'
[2024-09-27T23:03:51.827+0000] {sql.py:509} INFO - Running statement: 
        CREATE TABLE IF NOT EXISTS company_list (
            company_id SERIAL PRIMARY KEY,
            company_trade_name VARCHAR(255) NOT NULL,
            company_url VARCHAR(255) NOT NULL,
            UNIQUE(company_trade_name)
        );
    , parameters: None
[2024-09-27T23:03:51.832+0000] {python.py:240} INFO - Done. Returned value was: None
[2024-09-27T23:03:51.875+0000] {taskinstance.py:340} INFO - ::group::Post task execution logs
[2024-09-27T23:03:51.878+0000] {taskinstance.py:352} INFO - Marking task as SUCCESS. dag_id=scrape_and_save_share_prices_with_company_data, task_id=create_company_table, run_id=scheduled__2024-02-11T00:00:00+00:00, execution_date=20240211T000000, start_date=20240927T230350, end_date=20240927T230351
[2024-09-27T23:03:51.927+0000] {logging_mixin.py:190} INFO - Task instance in success state
[2024-09-27T23:03:51.934+0000] {logging_mixin.py:190} INFO -  Previous state of the Task instance: running
[2024-09-27T23:03:51.936+0000] {logging_mixin.py:190} INFO - Dag name:scrape_and_save_share_prices_with_company_data queued_at:2024-09-27 23:03:44.097698+00:00
[2024-09-27T23:03:51.937+0000] {logging_mixin.py:190} INFO - Task hostname:7746de5121f6 operator:PythonOperator
[2024-09-27T23:03:51.976+0000] {local_task_job_runner.py:266} INFO - Task exited with return code 0
[2024-09-27T23:03:52.019+0000] {local_task_job_runner.py:245} INFO - ::endgroup::
