[2024-09-27T19:44:08.849+0000] {local_task_job_runner.py:123} INFO - ::group::Pre task execution logs
[2024-09-27T19:44:08.888+0000] {taskinstance.py:2612} INFO - Dependencies all met for dep_context=non-requeueable deps ti=<TaskInstance: scrape_and_save_share_prices_with_company_data.create_company_table scheduled__2024-05-13T00:00:00+00:00 [queued]>
[2024-09-27T19:44:08.908+0000] {taskinstance.py:2612} INFO - Dependencies all met for dep_context=requeueable deps ti=<TaskInstance: scrape_and_save_share_prices_with_company_data.create_company_table scheduled__2024-05-13T00:00:00+00:00 [queued]>
[2024-09-27T19:44:08.910+0000] {taskinstance.py:2865} INFO - Starting attempt 1 of 2
[2024-09-27T19:44:08.948+0000] {taskinstance.py:2888} INFO - Executing <Task(PythonOperator): create_company_table> on 2024-05-13 00:00:00+00:00
[2024-09-27T19:44:08.966+0000] {warnings.py:112} WARNING - /home/***/.local/lib/python3.12/site-packages/***/task/task_runner/standard_task_runner.py:70: DeprecationWarning: This process (pid=729) is multi-threaded, use of fork() may lead to deadlocks in the child.
  pid = os.fork()

[2024-09-27T19:44:08.970+0000] {standard_task_runner.py:72} INFO - Started process 739 to run task
[2024-09-27T19:44:08.971+0000] {standard_task_runner.py:104} INFO - Running: ['***', 'tasks', 'run', 'scrape_and_save_share_prices_with_company_data', 'create_company_table', 'scheduled__2024-05-13T00:00:00+00:00', '--job-id', '2063', '--raw', '--subdir', 'DAGS_FOLDER/dag.py', '--cfg-path', '/tmp/tmp9xpi9s6_']
[2024-09-27T19:44:08.974+0000] {standard_task_runner.py:105} INFO - Job 2063: Subtask create_company_table
[2024-09-27T19:44:09.112+0000] {task_command.py:467} INFO - Running <TaskInstance: scrape_and_save_share_prices_with_company_data.create_company_table scheduled__2024-05-13T00:00:00+00:00 [running]> on host f199b4684a92
[2024-09-27T19:44:09.362+0000] {taskinstance.py:3131} INFO - Exporting env vars: AIRFLOW_CTX_DAG_OWNER='***' AIRFLOW_CTX_DAG_ID='scrape_and_save_share_prices_with_company_data' AIRFLOW_CTX_TASK_ID='create_company_table' AIRFLOW_CTX_EXECUTION_DATE='2024-05-13T00:00:00+00:00' AIRFLOW_CTX_TRY_NUMBER='1' AIRFLOW_CTX_DAG_RUN_ID='scheduled__2024-05-13T00:00:00+00:00'
[2024-09-27T19:44:09.365+0000] {logging_mixin.py:190} INFO - Task instance is in running state
[2024-09-27T19:44:09.366+0000] {logging_mixin.py:190} INFO -  Previous state of the Task instance: queued
[2024-09-27T19:44:09.367+0000] {logging_mixin.py:190} INFO - Current task name:create_company_table state:running start_date:2024-09-27 19:44:08.889744+00:00
[2024-09-27T19:44:09.368+0000] {logging_mixin.py:190} INFO - Dag name:scrape_and_save_share_prices_with_company_data and current dag run status:running
[2024-09-27T19:44:09.369+0000] {taskinstance.py:731} INFO - ::endgroup::
[2024-09-27T19:44:09.391+0000] {base.py:84} INFO - Retrieving connection 'dse_connection'
[2024-09-27T19:44:30.434+0000] {logging_mixin.py:190} INFO - Error creating company table: connection to server at "172.23.0.3", port 5432 failed: Connection refused
	Is the server running on that host and accepting TCP/IP connections?
[2024-09-27T19:44:30.443+0000] {python.py:240} INFO - Done. Returned value was: None
[2024-09-27T19:44:30.481+0000] {taskinstance.py:340} INFO - ::group::Post task execution logs
[2024-09-27T19:44:30.484+0000] {taskinstance.py:352} INFO - Marking task as SUCCESS. dag_id=scrape_and_save_share_prices_with_company_data, task_id=create_company_table, run_id=scheduled__2024-05-13T00:00:00+00:00, execution_date=20240513T000000, start_date=20240927T194408, end_date=20240927T194430
[2024-09-27T19:44:30.541+0000] {logging_mixin.py:190} INFO - Task instance in success state
[2024-09-27T19:44:30.542+0000] {logging_mixin.py:190} INFO -  Previous state of the Task instance: running
[2024-09-27T19:44:30.543+0000] {logging_mixin.py:190} INFO - Dag name:scrape_and_save_share_prices_with_company_data queued_at:2024-09-27 19:44:03.568904+00:00
[2024-09-27T19:44:30.545+0000] {logging_mixin.py:190} INFO - Task hostname:f199b4684a92 operator:PythonOperator
[2024-09-27T19:44:30.609+0000] {local_task_job_runner.py:266} INFO - Task exited with return code 0
[2024-09-27T19:44:30.705+0000] {taskinstance.py:3900} INFO - 1 downstream tasks scheduled from follow-on schedule check
[2024-09-27T19:44:30.740+0000] {local_task_job_runner.py:245} INFO - ::endgroup::
[2024-09-27T23:22:15.625+0000] {local_task_job_runner.py:123} INFO - ::group::Pre task execution logs
[2024-09-27T23:22:15.722+0000] {taskinstance.py:2612} INFO - Dependencies all met for dep_context=non-requeueable deps ti=<TaskInstance: scrape_and_save_share_prices_with_company_data.create_company_table scheduled__2024-05-13T00:00:00+00:00 [queued]>
[2024-09-27T23:22:15.800+0000] {taskinstance.py:2612} INFO - Dependencies all met for dep_context=requeueable deps ti=<TaskInstance: scrape_and_save_share_prices_with_company_data.create_company_table scheduled__2024-05-13T00:00:00+00:00 [queued]>
[2024-09-27T23:22:15.802+0000] {taskinstance.py:2865} INFO - Starting attempt 1 of 2
[2024-09-27T23:22:15.878+0000] {taskinstance.py:2888} INFO - Executing <Task(PythonOperator): create_company_table> on 2024-05-13 00:00:00+00:00
[2024-09-27T23:22:15.905+0000] {warnings.py:112} WARNING - /home/***/.local/lib/python3.12/site-packages/***/task/task_runner/standard_task_runner.py:70: DeprecationWarning: This process (pid=4315) is multi-threaded, use of fork() may lead to deadlocks in the child.
  pid = os.fork()

[2024-09-27T23:22:15.910+0000] {standard_task_runner.py:72} INFO - Started process 4337 to run task
[2024-09-27T23:22:15.909+0000] {standard_task_runner.py:104} INFO - Running: ['***', 'tasks', 'run', 'scrape_and_save_share_prices_with_company_data', 'create_company_table', 'scheduled__2024-05-13T00:00:00+00:00', '--job-id', '3516', '--raw', '--subdir', 'DAGS_FOLDER/dag.py', '--cfg-path', '/tmp/tmpvwwittzg']
[2024-09-27T23:22:15.916+0000] {standard_task_runner.py:105} INFO - Job 3516: Subtask create_company_table
[2024-09-27T23:22:16.190+0000] {task_command.py:467} INFO - Running <TaskInstance: scrape_and_save_share_prices_with_company_data.create_company_table scheduled__2024-05-13T00:00:00+00:00 [running]> on host 7746de5121f6
[2024-09-27T23:22:16.833+0000] {taskinstance.py:3131} INFO - Exporting env vars: AIRFLOW_CTX_DAG_OWNER='***' AIRFLOW_CTX_DAG_ID='scrape_and_save_share_prices_with_company_data' AIRFLOW_CTX_TASK_ID='create_company_table' AIRFLOW_CTX_EXECUTION_DATE='2024-05-13T00:00:00+00:00' AIRFLOW_CTX_TRY_NUMBER='1' AIRFLOW_CTX_DAG_RUN_ID='scheduled__2024-05-13T00:00:00+00:00'
[2024-09-27T23:22:16.836+0000] {logging_mixin.py:190} INFO - Task instance is in running state
[2024-09-27T23:22:16.839+0000] {logging_mixin.py:190} INFO -  Previous state of the Task instance: queued
[2024-09-27T23:22:16.841+0000] {logging_mixin.py:190} INFO - Current task name:create_company_table state:running start_date:2024-09-27 23:22:15.723693+00:00
[2024-09-27T23:22:16.843+0000] {logging_mixin.py:190} INFO - Dag name:scrape_and_save_share_prices_with_company_data and current dag run status:running
[2024-09-27T23:22:16.844+0000] {taskinstance.py:731} INFO - ::endgroup::
[2024-09-27T23:22:16.875+0000] {base.py:84} INFO - Retrieving connection 'dse_connection'
[2024-09-27T23:22:16.900+0000] {sql.py:509} INFO - Running statement: 
        CREATE TABLE IF NOT EXISTS company_list (
            company_id SERIAL PRIMARY KEY,
            company_trade_name VARCHAR(255) NOT NULL,
            company_url VARCHAR(255) NOT NULL,
            UNIQUE(company_trade_name)
        );
    , parameters: None
[2024-09-27T23:22:16.905+0000] {python.py:240} INFO - Done. Returned value was: None
[2024-09-27T23:22:16.984+0000] {taskinstance.py:340} INFO - ::group::Post task execution logs
[2024-09-27T23:22:16.985+0000] {taskinstance.py:352} INFO - Marking task as SUCCESS. dag_id=scrape_and_save_share_prices_with_company_data, task_id=create_company_table, run_id=scheduled__2024-05-13T00:00:00+00:00, execution_date=20240513T000000, start_date=20240927T232215, end_date=20240927T232216
[2024-09-27T23:22:17.066+0000] {logging_mixin.py:190} INFO - Task instance in success state
[2024-09-27T23:22:17.068+0000] {logging_mixin.py:190} INFO -  Previous state of the Task instance: running
[2024-09-27T23:22:17.069+0000] {logging_mixin.py:190} INFO - Dag name:scrape_and_save_share_prices_with_company_data queued_at:2024-09-27 23:22:04.269178+00:00
[2024-09-27T23:22:17.072+0000] {logging_mixin.py:190} INFO - Task hostname:7746de5121f6 operator:PythonOperator
[2024-09-27T23:22:17.115+0000] {local_task_job_runner.py:266} INFO - Task exited with return code 0
[2024-09-27T23:22:17.200+0000] {local_task_job_runner.py:245} INFO - ::endgroup::
