[2024-09-27T23:22:10.416+0000] {local_task_job_runner.py:123} INFO - ::group::Pre task execution logs
[2024-09-27T23:22:10.544+0000] {taskinstance.py:2612} INFO - Dependencies all met for dep_context=non-requeueable deps ti=<TaskInstance: scrape_and_save_share_prices_with_company_data.create_share_prices_table scheduled__2024-05-03T00:00:00+00:00 [queued]>
[2024-09-27T23:22:10.613+0000] {taskinstance.py:2612} INFO - Dependencies all met for dep_context=requeueable deps ti=<TaskInstance: scrape_and_save_share_prices_with_company_data.create_share_prices_table scheduled__2024-05-03T00:00:00+00:00 [queued]>
[2024-09-27T23:22:10.621+0000] {taskinstance.py:2865} INFO - Starting attempt 1 of 2
[2024-09-27T23:22:10.792+0000] {taskinstance.py:2888} INFO - Executing <Task(PythonOperator): create_share_prices_table> on 2024-05-03 00:00:00+00:00
[2024-09-27T23:22:10.879+0000] {warnings.py:112} WARNING - /home/***/.local/lib/python3.12/site-packages/***/task/task_runner/standard_task_runner.py:70: DeprecationWarning: This process (pid=4309) is multi-threaded, use of fork() may lead to deadlocks in the child.
  pid = os.fork()

[2024-09-27T23:22:10.911+0000] {standard_task_runner.py:72} INFO - Started process 4325 to run task
[2024-09-27T23:22:10.905+0000] {standard_task_runner.py:104} INFO - Running: ['***', 'tasks', 'run', 'scrape_and_save_share_prices_with_company_data', 'create_share_prices_table', 'scheduled__2024-05-03T00:00:00+00:00', '--job-id', '3514', '--raw', '--subdir', 'DAGS_FOLDER/dag.py', '--cfg-path', '/tmp/tmpsmrsdgrj']
[2024-09-27T23:22:10.928+0000] {standard_task_runner.py:105} INFO - Job 3514: Subtask create_share_prices_table
[2024-09-27T23:22:11.357+0000] {task_command.py:467} INFO - Running <TaskInstance: scrape_and_save_share_prices_with_company_data.create_share_prices_table scheduled__2024-05-03T00:00:00+00:00 [running]> on host 7746de5121f6
[2024-09-27T23:22:12.121+0000] {taskinstance.py:3131} INFO - Exporting env vars: AIRFLOW_CTX_DAG_OWNER='***' AIRFLOW_CTX_DAG_ID='scrape_and_save_share_prices_with_company_data' AIRFLOW_CTX_TASK_ID='create_share_prices_table' AIRFLOW_CTX_EXECUTION_DATE='2024-05-03T00:00:00+00:00' AIRFLOW_CTX_TRY_NUMBER='1' AIRFLOW_CTX_DAG_RUN_ID='scheduled__2024-05-03T00:00:00+00:00'
[2024-09-27T23:22:12.153+0000] {logging_mixin.py:190} INFO - Task instance is in running state
[2024-09-27T23:22:12.165+0000] {logging_mixin.py:190} INFO -  Previous state of the Task instance: queued
[2024-09-27T23:22:12.167+0000] {logging_mixin.py:190} INFO - Current task name:create_share_prices_table state:running start_date:2024-09-27 23:22:10.558556+00:00
[2024-09-27T23:22:12.186+0000] {logging_mixin.py:190} INFO - Dag name:scrape_and_save_share_prices_with_company_data and current dag run status:running
[2024-09-27T23:22:12.190+0000] {taskinstance.py:731} INFO - ::endgroup::
[2024-09-27T23:22:12.281+0000] {base.py:84} INFO - Retrieving connection 'dse_connection'
[2024-09-27T23:22:12.424+0000] {sql.py:509} INFO - Running statement: 
        CREATE TABLE IF NOT EXISTS company_share_prices (
            id SERIAL,
            company_id INTEGER NOT NULL,
            date DATE,
            latest_trading_price VARCHAR(50),
            low_price VARCHAR(50),
            high_price VARCHAR(50),
            closing_price VARCHAR(50),
            ycp VARCHAR(50),
            change VARCHAR(10),
            trade VARCHAR(50),
            value VARCHAR(50),
            volume VARCHAR(50),
            PRIMARY KEY(company_id, id),
            FOREIGN KEY(company_id)
                REFERENCES company_list(company_id)
                ON UPDATE CASCADE ON DELETE CASCADE
        );
    , parameters: None
[2024-09-27T23:22:12.503+0000] {python.py:240} INFO - Done. Returned value was: None
[2024-09-27T23:22:12.619+0000] {taskinstance.py:340} INFO - ::group::Post task execution logs
[2024-09-27T23:22:12.620+0000] {taskinstance.py:352} INFO - Marking task as SUCCESS. dag_id=scrape_and_save_share_prices_with_company_data, task_id=create_share_prices_table, run_id=scheduled__2024-05-03T00:00:00+00:00, execution_date=20240503T000000, start_date=20240927T232210, end_date=20240927T232212
[2024-09-27T23:22:12.692+0000] {logging_mixin.py:190} INFO - Task instance in success state
[2024-09-27T23:22:12.711+0000] {logging_mixin.py:190} INFO -  Previous state of the Task instance: running
[2024-09-27T23:22:12.715+0000] {logging_mixin.py:190} INFO - Dag name:scrape_and_save_share_prices_with_company_data queued_at:2024-09-27 23:20:12.620980+00:00
[2024-09-27T23:22:12.719+0000] {logging_mixin.py:190} INFO - Task hostname:7746de5121f6 operator:PythonOperator
[2024-09-27T23:22:12.792+0000] {local_task_job_runner.py:266} INFO - Task exited with return code 0
[2024-09-27T23:22:12.913+0000] {local_task_job_runner.py:245} INFO - ::endgroup::
