[2024-09-27T18:34:58.587+0000] {local_task_job_runner.py:123} INFO - ::group::Pre task execution logs
[2024-09-27T18:34:58.725+0000] {taskinstance.py:2612} INFO - Dependencies all met for dep_context=non-requeueable deps ti=<TaskInstance: scrape_and_save_share_prices_with_company_data.create_company_table scheduled__2024-01-23T00:00:00+00:00 [queued]>
[2024-09-27T18:34:58.818+0000] {taskinstance.py:2612} INFO - Dependencies all met for dep_context=requeueable deps ti=<TaskInstance: scrape_and_save_share_prices_with_company_data.create_company_table scheduled__2024-01-23T00:00:00+00:00 [queued]>
[2024-09-27T18:34:58.820+0000] {taskinstance.py:2865} INFO - Starting attempt 1 of 2
[2024-09-27T18:34:58.957+0000] {taskinstance.py:2888} INFO - Executing <Task(PythonOperator): create_company_table> on 2024-01-23 00:00:00+00:00
[2024-09-27T18:34:58.984+0000] {warnings.py:112} WARNING - /home/***/.local/lib/python3.12/site-packages/***/task/task_runner/standard_task_runner.py:70: DeprecationWarning: This process (pid=13819) is multi-threaded, use of fork() may lead to deadlocks in the child.
  pid = os.fork()

[2024-09-27T18:34:58.993+0000] {standard_task_runner.py:72} INFO - Started process 13827 to run task
[2024-09-27T18:34:58.988+0000] {standard_task_runner.py:104} INFO - Running: ['***', 'tasks', 'run', 'scrape_and_save_share_prices_with_company_data', 'create_company_table', 'scheduled__2024-01-23T00:00:00+00:00', '--job-id', '1548', '--raw', '--subdir', 'DAGS_FOLDER/dag.py', '--cfg-path', '/tmp/tmpne7fq3ia']
[2024-09-27T18:34:59.021+0000] {standard_task_runner.py:105} INFO - Job 1548: Subtask create_company_table
[2024-09-27T18:34:59.678+0000] {task_command.py:467} INFO - Running <TaskInstance: scrape_and_save_share_prices_with_company_data.create_company_table scheduled__2024-01-23T00:00:00+00:00 [running]> on host 13b5797a93ab
[2024-09-27T18:35:00.464+0000] {taskinstance.py:3131} INFO - Exporting env vars: AIRFLOW_CTX_DAG_OWNER='***' AIRFLOW_CTX_DAG_ID='scrape_and_save_share_prices_with_company_data' AIRFLOW_CTX_TASK_ID='create_company_table' AIRFLOW_CTX_EXECUTION_DATE='2024-01-23T00:00:00+00:00' AIRFLOW_CTX_TRY_NUMBER='1' AIRFLOW_CTX_DAG_RUN_ID='scheduled__2024-01-23T00:00:00+00:00'
[2024-09-27T18:35:00.470+0000] {logging_mixin.py:190} INFO - Task instance is in running state
[2024-09-27T18:35:00.472+0000] {logging_mixin.py:190} INFO -  Previous state of the Task instance: queued
[2024-09-27T18:35:00.481+0000] {logging_mixin.py:190} INFO - Current task name:create_company_table state:running start_date:2024-09-27 18:34:58.730877+00:00
[2024-09-27T18:35:00.489+0000] {logging_mixin.py:190} INFO - Dag name:scrape_and_save_share_prices_with_company_data and current dag run status:running
[2024-09-27T18:35:00.505+0000] {taskinstance.py:731} INFO - ::endgroup::
[2024-09-27T18:35:00.599+0000] {base.py:84} INFO - Retrieving connection 'dse_connection'
[2024-09-27T18:35:00.650+0000] {sql.py:509} INFO - Running statement: 
        CREATE TABLE IF NOT EXISTS company_list (
            company_id SERIAL PRIMARY KEY,
            company_trade_name VARCHAR(255) NOT NULL,
            company_url VARCHAR(255) NOT NULL,
            UNIQUE(company_trade_name)
        );
    , parameters: None
[2024-09-27T18:35:00.660+0000] {python.py:240} INFO - Done. Returned value was: None
[2024-09-27T18:35:00.729+0000] {taskinstance.py:340} INFO - ::group::Post task execution logs
[2024-09-27T18:35:00.738+0000] {taskinstance.py:352} INFO - Marking task as SUCCESS. dag_id=scrape_and_save_share_prices_with_company_data, task_id=create_company_table, run_id=scheduled__2024-01-23T00:00:00+00:00, execution_date=20240123T000000, start_date=20240927T183458, end_date=20240927T183500
[2024-09-27T18:35:00.804+0000] {logging_mixin.py:190} INFO - Task instance in success state
[2024-09-27T18:35:00.809+0000] {logging_mixin.py:190} INFO -  Previous state of the Task instance: running
[2024-09-27T18:35:00.814+0000] {logging_mixin.py:190} INFO - Dag name:scrape_and_save_share_prices_with_company_data queued_at:2024-09-27 18:34:48.252808+00:00
[2024-09-27T18:35:00.816+0000] {logging_mixin.py:190} INFO - Task hostname:13b5797a93ab operator:PythonOperator
[2024-09-27T18:35:00.929+0000] {local_task_job_runner.py:266} INFO - Task exited with return code 0
[2024-09-27T18:35:01.062+0000] {taskinstance.py:3900} INFO - 1 downstream tasks scheduled from follow-on schedule check
[2024-09-27T18:35:01.067+0000] {local_task_job_runner.py:245} INFO - ::endgroup::
[2024-09-27T23:01:38.215+0000] {local_task_job_runner.py:123} INFO - ::group::Pre task execution logs
[2024-09-27T23:01:38.311+0000] {taskinstance.py:2612} INFO - Dependencies all met for dep_context=non-requeueable deps ti=<TaskInstance: scrape_and_save_share_prices_with_company_data.create_company_table scheduled__2024-01-23T00:00:00+00:00 [queued]>
[2024-09-27T23:01:38.391+0000] {taskinstance.py:2612} INFO - Dependencies all met for dep_context=requeueable deps ti=<TaskInstance: scrape_and_save_share_prices_with_company_data.create_company_table scheduled__2024-01-23T00:00:00+00:00 [queued]>
[2024-09-27T23:01:38.392+0000] {taskinstance.py:2865} INFO - Starting attempt 1 of 2
[2024-09-27T23:01:38.470+0000] {taskinstance.py:2888} INFO - Executing <Task(PythonOperator): create_company_table> on 2024-01-23 00:00:00+00:00
[2024-09-27T23:01:38.501+0000] {standard_task_runner.py:104} INFO - Running: ['***', 'tasks', 'run', 'scrape_and_save_share_prices_with_company_data', 'create_company_table', 'scheduled__2024-01-23T00:00:00+00:00', '--job-id', '3079', '--raw', '--subdir', 'DAGS_FOLDER/dag.py', '--cfg-path', '/tmp/tmpijlc1p6y']
[2024-09-27T23:01:38.505+0000] {standard_task_runner.py:105} INFO - Job 3079: Subtask create_company_table
[2024-09-27T23:01:38.505+0000] {warnings.py:112} WARNING - /home/***/.local/lib/python3.12/site-packages/***/task/task_runner/standard_task_runner.py:70: DeprecationWarning: This process (pid=2362) is multi-threaded, use of fork() may lead to deadlocks in the child.
  pid = os.fork()

[2024-09-27T23:01:38.510+0000] {standard_task_runner.py:72} INFO - Started process 2380 to run task
[2024-09-27T23:01:38.733+0000] {task_command.py:467} INFO - Running <TaskInstance: scrape_and_save_share_prices_with_company_data.create_company_table scheduled__2024-01-23T00:00:00+00:00 [running]> on host 7746de5121f6
[2024-09-27T23:01:39.093+0000] {taskinstance.py:3131} INFO - Exporting env vars: AIRFLOW_CTX_DAG_OWNER='***' AIRFLOW_CTX_DAG_ID='scrape_and_save_share_prices_with_company_data' AIRFLOW_CTX_TASK_ID='create_company_table' AIRFLOW_CTX_EXECUTION_DATE='2024-01-23T00:00:00+00:00' AIRFLOW_CTX_TRY_NUMBER='1' AIRFLOW_CTX_DAG_RUN_ID='scheduled__2024-01-23T00:00:00+00:00'
[2024-09-27T23:01:39.098+0000] {logging_mixin.py:190} INFO - Task instance is in running state
[2024-09-27T23:01:39.106+0000] {logging_mixin.py:190} INFO -  Previous state of the Task instance: queued
[2024-09-27T23:01:39.108+0000] {logging_mixin.py:190} INFO - Current task name:create_company_table state:running start_date:2024-09-27 23:01:38.315142+00:00
[2024-09-27T23:01:39.120+0000] {logging_mixin.py:190} INFO - Dag name:scrape_and_save_share_prices_with_company_data and current dag run status:running
[2024-09-27T23:01:39.121+0000] {taskinstance.py:731} INFO - ::endgroup::
[2024-09-27T23:01:39.229+0000] {base.py:84} INFO - Retrieving connection 'dse_connection'
[2024-09-27T23:01:39.262+0000] {sql.py:509} INFO - Running statement: 
        CREATE TABLE IF NOT EXISTS company_list (
            company_id SERIAL PRIMARY KEY,
            company_trade_name VARCHAR(255) NOT NULL,
            company_url VARCHAR(255) NOT NULL,
            UNIQUE(company_trade_name)
        );
    , parameters: None
[2024-09-27T23:01:39.281+0000] {python.py:240} INFO - Done. Returned value was: None
[2024-09-27T23:01:39.374+0000] {taskinstance.py:340} INFO - ::group::Post task execution logs
[2024-09-27T23:01:39.375+0000] {taskinstance.py:352} INFO - Marking task as SUCCESS. dag_id=scrape_and_save_share_prices_with_company_data, task_id=create_company_table, run_id=scheduled__2024-01-23T00:00:00+00:00, execution_date=20240123T000000, start_date=20240927T230138, end_date=20240927T230139
[2024-09-27T23:01:39.454+0000] {logging_mixin.py:190} INFO - Task instance in success state
[2024-09-27T23:01:39.455+0000] {logging_mixin.py:190} INFO -  Previous state of the Task instance: running
[2024-09-27T23:01:39.456+0000] {logging_mixin.py:190} INFO - Dag name:scrape_and_save_share_prices_with_company_data queued_at:2024-09-27 23:01:32.281624+00:00
[2024-09-27T23:01:39.470+0000] {logging_mixin.py:190} INFO - Task hostname:7746de5121f6 operator:PythonOperator
[2024-09-27T23:01:39.529+0000] {local_task_job_runner.py:266} INFO - Task exited with return code 0
[2024-09-27T23:01:39.649+0000] {taskinstance.py:3900} INFO - 1 downstream tasks scheduled from follow-on schedule check
[2024-09-27T23:01:39.668+0000] {local_task_job_runner.py:245} INFO - ::endgroup::
