[2024-09-29T22:18:17.953+0000] {local_task_job_runner.py:123} INFO - ::group::Pre task execution logs
[2024-09-29T22:18:17.977+0000] {taskinstance.py:2612} INFO - Dependencies all met for dep_context=non-requeueable deps ti=<TaskInstance: scrape_and_save_share_prices_with_company_data.create_share_prices_table manual__2024-09-29T22:17:57.387239+00:00 [queued]>
[2024-09-29T22:18:17.988+0000] {taskinstance.py:2612} INFO - Dependencies all met for dep_context=requeueable deps ti=<TaskInstance: scrape_and_save_share_prices_with_company_data.create_share_prices_table manual__2024-09-29T22:17:57.387239+00:00 [queued]>
[2024-09-29T22:18:17.989+0000] {taskinstance.py:2865} INFO - Starting attempt 1 of 2
[2024-09-29T22:18:18.007+0000] {taskinstance.py:2888} INFO - Executing <Task(PythonOperator): create_share_prices_table> on 2024-09-29 22:17:57.387239+00:00
[2024-09-29T22:18:18.015+0000] {warnings.py:112} WARNING - /home/***/.local/lib/python3.12/site-packages/***/task/task_runner/standard_task_runner.py:70: DeprecationWarning: This process (pid=17703) is multi-threaded, use of fork() may lead to deadlocks in the child.
  pid = os.fork()

[2024-09-29T22:18:18.017+0000] {standard_task_runner.py:72} INFO - Started process 17705 to run task
[2024-09-29T22:18:18.017+0000] {standard_task_runner.py:104} INFO - Running: ['***', 'tasks', 'run', 'scrape_and_save_share_prices_with_company_data', 'create_share_prices_table', 'manual__2024-09-29T22:17:57.387239+00:00', '--job-id', '4181', '--raw', '--subdir', 'DAGS_FOLDER/dag.py', '--cfg-path', '/tmp/tmp62qshjjy']
[2024-09-29T22:18:18.019+0000] {standard_task_runner.py:105} INFO - Job 4181: Subtask create_share_prices_table
[2024-09-29T22:18:18.078+0000] {task_command.py:467} INFO - Running <TaskInstance: scrape_and_save_share_prices_with_company_data.create_share_prices_table manual__2024-09-29T22:17:57.387239+00:00 [running]> on host 7746de5121f6
[2024-09-29T22:18:18.229+0000] {taskinstance.py:3131} INFO - Exporting env vars: AIRFLOW_CTX_DAG_OWNER='***' AIRFLOW_CTX_DAG_ID='scrape_and_save_share_prices_with_company_data' AIRFLOW_CTX_TASK_ID='create_share_prices_table' AIRFLOW_CTX_EXECUTION_DATE='2024-09-29T22:17:57.387239+00:00' AIRFLOW_CTX_TRY_NUMBER='1' AIRFLOW_CTX_DAG_RUN_ID='manual__2024-09-29T22:17:57.387239+00:00'
[2024-09-29T22:18:18.232+0000] {logging_mixin.py:190} INFO - Task instance is in running state
[2024-09-29T22:18:18.233+0000] {logging_mixin.py:190} INFO -  Previous state of the Task instance: queued
[2024-09-29T22:18:18.234+0000] {logging_mixin.py:190} INFO - Current task name:create_share_prices_table state:running start_date:2024-09-29 22:18:17.978491+00:00
[2024-09-29T22:18:18.235+0000] {logging_mixin.py:190} INFO - Dag name:scrape_and_save_share_prices_with_company_data and current dag run status:running
[2024-09-29T22:18:18.235+0000] {taskinstance.py:731} INFO - ::endgroup::
[2024-09-29T22:18:18.251+0000] {base.py:84} INFO - Retrieving connection 'dse_connection'
[2024-09-29T22:18:18.256+0000] {sql.py:509} INFO - Running statement: 
        CREATE TABLE IF NOT EXISTS company_share_prices (
            id SERIAL,
            company_id INTEGER NOT NULL,
            date DATE,
            latest_trading_price VARCHAR(50),
            low_price VARCHAR(50),
            high_price VARCHAR(50),
            closing_price VARCHAR(50),
            ycp VARCHAR(50),
            change VARCHAR(10),
            trade VARCHAR(50),
            value VARCHAR(50),
            volume VARCHAR(50),
            PRIMARY KEY(company_id, id),
            FOREIGN KEY(company_id)
                REFERENCES company_list(company_id)
                ON UPDATE CASCADE ON DELETE CASCADE
        );
    , parameters: None
[2024-09-29T22:18:18.259+0000] {python.py:240} INFO - Done. Returned value was: None
[2024-09-29T22:18:18.279+0000] {taskinstance.py:340} INFO - ::group::Post task execution logs
[2024-09-29T22:18:18.282+0000] {taskinstance.py:352} INFO - Marking task as SUCCESS. dag_id=scrape_and_save_share_prices_with_company_data, task_id=create_share_prices_table, run_id=manual__2024-09-29T22:17:57.387239+00:00, execution_date=20240929T221757, start_date=20240929T221817, end_date=20240929T221818
[2024-09-29T22:18:18.298+0000] {logging_mixin.py:190} INFO - Task instance in success state
[2024-09-29T22:18:18.299+0000] {logging_mixin.py:190} INFO -  Previous state of the Task instance: running
[2024-09-29T22:18:18.300+0000] {logging_mixin.py:190} INFO - Dag name:scrape_and_save_share_prices_with_company_data queued_at:2024-09-29 22:17:57.401230+00:00
[2024-09-29T22:18:18.301+0000] {logging_mixin.py:190} INFO - Task hostname:7746de5121f6 operator:PythonOperator
[2024-09-29T22:18:18.354+0000] {local_task_job_runner.py:266} INFO - Task exited with return code 0
[2024-09-29T22:18:18.398+0000] {taskinstance.py:3900} INFO - 1 downstream tasks scheduled from follow-on schedule check
[2024-09-29T22:18:18.402+0000] {local_task_job_runner.py:245} INFO - ::endgroup::
