[2024-09-27T18:24:16.441+0000] {local_task_job_runner.py:123} INFO - ::group::Pre task execution logs
[2024-09-27T18:24:16.572+0000] {taskinstance.py:2612} INFO - Dependencies all met for dep_context=non-requeueable deps ti=<TaskInstance: scrape_and_save_share_prices_with_company_data.create_company_table scheduled__2023-12-06T00:00:00+00:00 [queued]>
[2024-09-27T18:24:16.660+0000] {taskinstance.py:2612} INFO - Dependencies all met for dep_context=requeueable deps ti=<TaskInstance: scrape_and_save_share_prices_with_company_data.create_company_table scheduled__2023-12-06T00:00:00+00:00 [queued]>
[2024-09-27T18:24:16.715+0000] {taskinstance.py:2865} INFO - Starting attempt 1 of 2
[2024-09-27T18:24:16.958+0000] {taskinstance.py:2888} INFO - Executing <Task(PythonOperator): create_company_table> on 2023-12-06 00:00:00+00:00
[2024-09-27T18:24:17.003+0000] {warnings.py:112} WARNING - /home/***/.local/lib/python3.12/site-packages/***/task/task_runner/standard_task_runner.py:70: DeprecationWarning: This process (pid=12969) is multi-threaded, use of fork() may lead to deadlocks in the child.
  pid = os.fork()

[2024-09-27T18:24:17.032+0000] {standard_task_runner.py:72} INFO - Started process 12998 to run task
[2024-09-27T18:24:17.042+0000] {standard_task_runner.py:104} INFO - Running: ['***', 'tasks', 'run', 'scrape_and_save_share_prices_with_company_data', 'create_company_table', 'scheduled__2023-12-06T00:00:00+00:00', '--job-id', '1364', '--raw', '--subdir', 'DAGS_FOLDER/dag.py', '--cfg-path', '/tmp/tmp0a32uvvi']
[2024-09-27T18:24:17.047+0000] {standard_task_runner.py:105} INFO - Job 1364: Subtask create_company_table
[2024-09-27T18:24:17.427+0000] {task_command.py:467} INFO - Running <TaskInstance: scrape_and_save_share_prices_with_company_data.create_company_table scheduled__2023-12-06T00:00:00+00:00 [running]> on host 13b5797a93ab
[2024-09-27T18:24:17.846+0000] {taskinstance.py:3131} INFO - Exporting env vars: AIRFLOW_CTX_DAG_OWNER='***' AIRFLOW_CTX_DAG_ID='scrape_and_save_share_prices_with_company_data' AIRFLOW_CTX_TASK_ID='create_company_table' AIRFLOW_CTX_EXECUTION_DATE='2023-12-06T00:00:00+00:00' AIRFLOW_CTX_TRY_NUMBER='1' AIRFLOW_CTX_DAG_RUN_ID='scheduled__2023-12-06T00:00:00+00:00'
[2024-09-27T18:24:17.853+0000] {logging_mixin.py:190} INFO - Task instance is in running state
[2024-09-27T18:24:17.854+0000] {logging_mixin.py:190} INFO -  Previous state of the Task instance: queued
[2024-09-27T18:24:17.856+0000] {logging_mixin.py:190} INFO - Current task name:create_company_table state:running start_date:2024-09-27 18:24:16.574681+00:00
[2024-09-27T18:24:17.857+0000] {logging_mixin.py:190} INFO - Dag name:scrape_and_save_share_prices_with_company_data and current dag run status:running
[2024-09-27T18:24:17.859+0000] {taskinstance.py:731} INFO - ::endgroup::
[2024-09-27T18:24:17.903+0000] {base.py:84} INFO - Retrieving connection 'dse_connection'
[2024-09-27T18:24:17.922+0000] {sql.py:509} INFO - Running statement: 
        CREATE TABLE IF NOT EXISTS company_list (
            company_id SERIAL PRIMARY KEY,
            company_trade_name VARCHAR(255) NOT NULL,
            company_url VARCHAR(255) NOT NULL,
            UNIQUE(company_trade_name)
        );
    , parameters: None
[2024-09-27T18:24:17.938+0000] {python.py:240} INFO - Done. Returned value was: None
[2024-09-27T18:24:18.000+0000] {taskinstance.py:340} INFO - ::group::Post task execution logs
[2024-09-27T18:24:18.001+0000] {taskinstance.py:352} INFO - Marking task as SUCCESS. dag_id=scrape_and_save_share_prices_with_company_data, task_id=create_company_table, run_id=scheduled__2023-12-06T00:00:00+00:00, execution_date=20231206T000000, start_date=20240927T182416, end_date=20240927T182418
[2024-09-27T18:24:18.050+0000] {logging_mixin.py:190} INFO - Task instance in success state
[2024-09-27T18:24:18.051+0000] {logging_mixin.py:190} INFO -  Previous state of the Task instance: running
[2024-09-27T18:24:18.052+0000] {logging_mixin.py:190} INFO - Dag name:scrape_and_save_share_prices_with_company_data queued_at:2024-09-27 18:24:06.490365+00:00
[2024-09-27T18:24:18.053+0000] {logging_mixin.py:190} INFO - Task hostname:13b5797a93ab operator:PythonOperator
[2024-09-27T18:24:18.086+0000] {local_task_job_runner.py:266} INFO - Task exited with return code 0
[2024-09-27T18:24:18.260+0000] {taskinstance.py:3900} INFO - 1 downstream tasks scheduled from follow-on schedule check
[2024-09-27T18:24:18.300+0000] {local_task_job_runner.py:245} INFO - ::endgroup::
[2024-09-27T22:12:33.537+0000] {local_task_job_runner.py:123} INFO - ::group::Pre task execution logs
[2024-09-27T22:12:33.617+0000] {taskinstance.py:2612} INFO - Dependencies all met for dep_context=non-requeueable deps ti=<TaskInstance: scrape_and_save_share_prices_with_company_data.create_company_table scheduled__2023-12-06T00:00:00+00:00 [queued]>
[2024-09-27T22:12:33.689+0000] {taskinstance.py:2612} INFO - Dependencies all met for dep_context=requeueable deps ti=<TaskInstance: scrape_and_save_share_prices_with_company_data.create_company_table scheduled__2023-12-06T00:00:00+00:00 [queued]>
[2024-09-27T22:12:33.690+0000] {taskinstance.py:2865} INFO - Starting attempt 1 of 2
[2024-09-27T22:12:33.796+0000] {taskinstance.py:2888} INFO - Executing <Task(PythonOperator): create_company_table> on 2023-12-06 00:00:00+00:00
[2024-09-27T22:12:33.819+0000] {warnings.py:112} WARNING - /home/***/.local/lib/python3.12/site-packages/***/task/task_runner/standard_task_runner.py:70: DeprecationWarning: This process (pid=1733) is multi-threaded, use of fork() may lead to deadlocks in the child.
  pid = os.fork()

[2024-09-27T22:12:33.830+0000] {standard_task_runner.py:72} INFO - Started process 1760 to run task
[2024-09-27T22:12:33.906+0000] {standard_task_runner.py:104} INFO - Running: ['***', 'tasks', 'run', 'scrape_and_save_share_prices_with_company_data', 'create_company_table', 'scheduled__2023-12-06T00:00:00+00:00', '--job-id', '2412', '--raw', '--subdir', 'DAGS_FOLDER/dag.py', '--cfg-path', '/tmp/tmp8e85d8ke']
[2024-09-27T22:12:33.928+0000] {standard_task_runner.py:105} INFO - Job 2412: Subtask create_company_table
[2024-09-27T22:12:34.233+0000] {task_command.py:467} INFO - Running <TaskInstance: scrape_and_save_share_prices_with_company_data.create_company_table scheduled__2023-12-06T00:00:00+00:00 [running]> on host fd62fe12432d
[2024-09-27T22:12:34.686+0000] {taskinstance.py:3131} INFO - Exporting env vars: AIRFLOW_CTX_DAG_OWNER='***' AIRFLOW_CTX_DAG_ID='scrape_and_save_share_prices_with_company_data' AIRFLOW_CTX_TASK_ID='create_company_table' AIRFLOW_CTX_EXECUTION_DATE='2023-12-06T00:00:00+00:00' AIRFLOW_CTX_TRY_NUMBER='1' AIRFLOW_CTX_DAG_RUN_ID='scheduled__2023-12-06T00:00:00+00:00'
[2024-09-27T22:12:34.688+0000] {logging_mixin.py:190} INFO - Task instance is in running state
[2024-09-27T22:12:34.689+0000] {logging_mixin.py:190} INFO -  Previous state of the Task instance: queued
[2024-09-27T22:12:34.690+0000] {logging_mixin.py:190} INFO - Current task name:create_company_table state:running start_date:2024-09-27 22:12:33.618685+00:00
[2024-09-27T22:12:34.691+0000] {logging_mixin.py:190} INFO - Dag name:scrape_and_save_share_prices_with_company_data and current dag run status:running
[2024-09-27T22:12:34.692+0000] {taskinstance.py:731} INFO - ::endgroup::
[2024-09-27T22:12:34.752+0000] {base.py:84} INFO - Retrieving connection 'dse_connection'
[2024-09-27T22:12:34.787+0000] {sql.py:509} INFO - Running statement: 
        CREATE TABLE IF NOT EXISTS company_list (
            company_id SERIAL PRIMARY KEY,
            company_trade_name VARCHAR(255) NOT NULL,
            company_url VARCHAR(255) NOT NULL,
            UNIQUE(company_trade_name)
        );
    , parameters: None
[2024-09-27T22:12:34.815+0000] {python.py:240} INFO - Done. Returned value was: None
[2024-09-27T22:12:34.842+0000] {taskinstance.py:340} INFO - ::group::Post task execution logs
[2024-09-27T22:12:34.844+0000] {taskinstance.py:352} INFO - Marking task as SUCCESS. dag_id=scrape_and_save_share_prices_with_company_data, task_id=create_company_table, run_id=scheduled__2023-12-06T00:00:00+00:00, execution_date=20231206T000000, start_date=20240927T221233, end_date=20240927T221234
[2024-09-27T22:12:34.883+0000] {logging_mixin.py:190} INFO - Task instance in success state
[2024-09-27T22:12:34.888+0000] {logging_mixin.py:190} INFO -  Previous state of the Task instance: running
[2024-09-27T22:12:34.890+0000] {logging_mixin.py:190} INFO - Dag name:scrape_and_save_share_prices_with_company_data queued_at:2024-09-27 22:12:26.250322+00:00
[2024-09-27T22:12:34.896+0000] {logging_mixin.py:190} INFO - Task hostname:fd62fe12432d operator:PythonOperator
[2024-09-27T22:12:34.948+0000] {local_task_job_runner.py:266} INFO - Task exited with return code 0
[2024-09-27T22:12:35.056+0000] {taskinstance.py:3900} INFO - 1 downstream tasks scheduled from follow-on schedule check
[2024-09-27T22:12:35.073+0000] {local_task_job_runner.py:245} INFO - ::endgroup::
[2024-09-27T22:52:37.619+0000] {local_task_job_runner.py:123} INFO - ::group::Pre task execution logs
[2024-09-27T22:52:37.668+0000] {taskinstance.py:2612} INFO - Dependencies all met for dep_context=non-requeueable deps ti=<TaskInstance: scrape_and_save_share_prices_with_company_data.create_company_table scheduled__2023-12-06T00:00:00+00:00 [queued]>
[2024-09-27T22:52:37.690+0000] {taskinstance.py:2612} INFO - Dependencies all met for dep_context=requeueable deps ti=<TaskInstance: scrape_and_save_share_prices_with_company_data.create_company_table scheduled__2023-12-06T00:00:00+00:00 [queued]>
[2024-09-27T22:52:37.691+0000] {taskinstance.py:2865} INFO - Starting attempt 1 of 2
[2024-09-27T22:52:37.757+0000] {taskinstance.py:2888} INFO - Executing <Task(PythonOperator): create_company_table> on 2023-12-06 00:00:00+00:00
[2024-09-27T22:52:37.818+0000] {warnings.py:112} WARNING - /home/***/.local/lib/python3.12/site-packages/***/task/task_runner/standard_task_runner.py:70: DeprecationWarning: This process (pid=1473) is multi-threaded, use of fork() may lead to deadlocks in the child.
  pid = os.fork()

[2024-09-27T22:52:37.831+0000] {standard_task_runner.py:72} INFO - Started process 1478 to run task
[2024-09-27T22:52:37.840+0000] {standard_task_runner.py:104} INFO - Running: ['***', 'tasks', 'run', 'scrape_and_save_share_prices_with_company_data', 'create_company_table', 'scheduled__2023-12-06T00:00:00+00:00', '--job-id', '2879', '--raw', '--subdir', 'DAGS_FOLDER/dag.py', '--cfg-path', '/tmp/tmp5swq6fpz']
[2024-09-27T22:52:37.845+0000] {standard_task_runner.py:105} INFO - Job 2879: Subtask create_company_table
[2024-09-27T22:52:38.130+0000] {task_command.py:467} INFO - Running <TaskInstance: scrape_and_save_share_prices_with_company_data.create_company_table scheduled__2023-12-06T00:00:00+00:00 [running]> on host 7746de5121f6
[2024-09-27T22:52:38.475+0000] {taskinstance.py:3131} INFO - Exporting env vars: AIRFLOW_CTX_DAG_OWNER='***' AIRFLOW_CTX_DAG_ID='scrape_and_save_share_prices_with_company_data' AIRFLOW_CTX_TASK_ID='create_company_table' AIRFLOW_CTX_EXECUTION_DATE='2023-12-06T00:00:00+00:00' AIRFLOW_CTX_TRY_NUMBER='1' AIRFLOW_CTX_DAG_RUN_ID='scheduled__2023-12-06T00:00:00+00:00'
[2024-09-27T22:52:38.482+0000] {logging_mixin.py:190} INFO - Task instance is in running state
[2024-09-27T22:52:38.484+0000] {logging_mixin.py:190} INFO -  Previous state of the Task instance: queued
[2024-09-27T22:52:38.485+0000] {logging_mixin.py:190} INFO - Current task name:create_company_table state:running start_date:2024-09-27 22:52:37.669625+00:00
[2024-09-27T22:52:38.486+0000] {logging_mixin.py:190} INFO - Dag name:scrape_and_save_share_prices_with_company_data and current dag run status:running
[2024-09-27T22:52:38.488+0000] {taskinstance.py:731} INFO - ::endgroup::
[2024-09-27T22:52:38.524+0000] {base.py:84} INFO - Retrieving connection 'dse_connection'
[2024-09-27T22:52:38.539+0000] {sql.py:509} INFO - Running statement: 
        CREATE TABLE IF NOT EXISTS company_list (
            company_id SERIAL PRIMARY KEY,
            company_trade_name VARCHAR(255) NOT NULL,
            company_url VARCHAR(255) NOT NULL,
            UNIQUE(company_trade_name)
        );
    , parameters: None
[2024-09-27T22:52:38.542+0000] {python.py:240} INFO - Done. Returned value was: None
[2024-09-27T22:52:38.572+0000] {taskinstance.py:340} INFO - ::group::Post task execution logs
[2024-09-27T22:52:38.574+0000] {taskinstance.py:352} INFO - Marking task as SUCCESS. dag_id=scrape_and_save_share_prices_with_company_data, task_id=create_company_table, run_id=scheduled__2023-12-06T00:00:00+00:00, execution_date=20231206T000000, start_date=20240927T225237, end_date=20240927T225238
[2024-09-27T22:52:38.625+0000] {logging_mixin.py:190} INFO - Task instance in success state
[2024-09-27T22:52:38.632+0000] {logging_mixin.py:190} INFO -  Previous state of the Task instance: running
[2024-09-27T22:52:38.639+0000] {logging_mixin.py:190} INFO - Dag name:scrape_and_save_share_prices_with_company_data queued_at:2024-09-27 22:52:27.302134+00:00
[2024-09-27T22:52:38.640+0000] {logging_mixin.py:190} INFO - Task hostname:7746de5121f6 operator:PythonOperator
[2024-09-27T22:52:38.703+0000] {local_task_job_runner.py:266} INFO - Task exited with return code 0
[2024-09-27T22:52:38.821+0000] {taskinstance.py:3900} INFO - 1 downstream tasks scheduled from follow-on schedule check
[2024-09-27T22:52:38.837+0000] {local_task_job_runner.py:245} INFO - ::endgroup::
