[2024-09-27T19:44:19.385+0000] {local_task_job_runner.py:123} INFO - ::group::Pre task execution logs
[2024-09-27T19:44:19.424+0000] {taskinstance.py:2612} INFO - Dependencies all met for dep_context=non-requeueable deps ti=<TaskInstance: scrape_and_save_share_prices_with_company_data.create_company_table scheduled__2024-05-15T00:00:00+00:00 [queued]>
[2024-09-27T19:44:19.438+0000] {taskinstance.py:2612} INFO - Dependencies all met for dep_context=requeueable deps ti=<TaskInstance: scrape_and_save_share_prices_with_company_data.create_company_table scheduled__2024-05-15T00:00:00+00:00 [queued]>
[2024-09-27T19:44:19.515+0000] {taskinstance.py:2865} INFO - Starting attempt 1 of 2
[2024-09-27T19:44:19.601+0000] {taskinstance.py:2888} INFO - Executing <Task(PythonOperator): create_company_table> on 2024-05-15 00:00:00+00:00
[2024-09-27T19:44:19.615+0000] {warnings.py:112} WARNING - /home/***/.local/lib/python3.12/site-packages/***/task/task_runner/standard_task_runner.py:70: DeprecationWarning: This process (pid=733) is multi-threaded, use of fork() may lead to deadlocks in the child.
  pid = os.fork()

[2024-09-27T19:44:19.617+0000] {standard_task_runner.py:72} INFO - Started process 754 to run task
[2024-09-27T19:44:19.619+0000] {standard_task_runner.py:104} INFO - Running: ['***', 'tasks', 'run', 'scrape_and_save_share_prices_with_company_data', 'create_company_table', 'scheduled__2024-05-15T00:00:00+00:00', '--job-id', '2066', '--raw', '--subdir', 'DAGS_FOLDER/dag.py', '--cfg-path', '/tmp/tmp6bcf9ifh']
[2024-09-27T19:44:19.621+0000] {standard_task_runner.py:105} INFO - Job 2066: Subtask create_company_table
[2024-09-27T19:44:19.824+0000] {task_command.py:467} INFO - Running <TaskInstance: scrape_and_save_share_prices_with_company_data.create_company_table scheduled__2024-05-15T00:00:00+00:00 [running]> on host f199b4684a92
[2024-09-27T19:44:20.213+0000] {taskinstance.py:3131} INFO - Exporting env vars: AIRFLOW_CTX_DAG_OWNER='***' AIRFLOW_CTX_DAG_ID='scrape_and_save_share_prices_with_company_data' AIRFLOW_CTX_TASK_ID='create_company_table' AIRFLOW_CTX_EXECUTION_DATE='2024-05-15T00:00:00+00:00' AIRFLOW_CTX_TRY_NUMBER='1' AIRFLOW_CTX_DAG_RUN_ID='scheduled__2024-05-15T00:00:00+00:00'
[2024-09-27T19:44:20.215+0000] {logging_mixin.py:190} INFO - Task instance is in running state
[2024-09-27T19:44:20.216+0000] {logging_mixin.py:190} INFO -  Previous state of the Task instance: queued
[2024-09-27T19:44:20.217+0000] {logging_mixin.py:190} INFO - Current task name:create_company_table state:running start_date:2024-09-27 19:44:19.425313+00:00
[2024-09-27T19:44:20.218+0000] {logging_mixin.py:190} INFO - Dag name:scrape_and_save_share_prices_with_company_data and current dag run status:running
[2024-09-27T19:44:20.219+0000] {taskinstance.py:731} INFO - ::endgroup::
[2024-09-27T19:44:20.234+0000] {base.py:84} INFO - Retrieving connection 'dse_connection'
[2024-09-27T19:44:41.959+0000] {logging_mixin.py:190} INFO - Error creating company table: connection to server at "172.23.0.3", port 5432 failed: Connection refused
	Is the server running on that host and accepting TCP/IP connections?
[2024-09-27T19:44:41.961+0000] {python.py:240} INFO - Done. Returned value was: None
[2024-09-27T19:44:41.990+0000] {taskinstance.py:340} INFO - ::group::Post task execution logs
[2024-09-27T19:44:41.992+0000] {taskinstance.py:352} INFO - Marking task as SUCCESS. dag_id=scrape_and_save_share_prices_with_company_data, task_id=create_company_table, run_id=scheduled__2024-05-15T00:00:00+00:00, execution_date=20240515T000000, start_date=20240927T194419, end_date=20240927T194441
[2024-09-27T19:44:42.016+0000] {logging_mixin.py:190} INFO - Task instance in success state
[2024-09-27T19:44:42.017+0000] {logging_mixin.py:190} INFO -  Previous state of the Task instance: running
[2024-09-27T19:44:42.018+0000] {logging_mixin.py:190} INFO - Dag name:scrape_and_save_share_prices_with_company_data queued_at:2024-09-27 19:44:04.359865+00:00
[2024-09-27T19:44:42.019+0000] {logging_mixin.py:190} INFO - Task hostname:f199b4684a92 operator:PythonOperator
[2024-09-27T19:44:42.051+0000] {local_task_job_runner.py:266} INFO - Task exited with return code 0
[2024-09-27T19:44:42.132+0000] {taskinstance.py:3900} INFO - 1 downstream tasks scheduled from follow-on schedule check
[2024-09-27T19:44:42.135+0000] {local_task_job_runner.py:245} INFO - ::endgroup::
[2024-09-27T23:22:45.857+0000] {local_task_job_runner.py:123} INFO - ::group::Pre task execution logs
[2024-09-27T23:22:45.940+0000] {taskinstance.py:2612} INFO - Dependencies all met for dep_context=non-requeueable deps ti=<TaskInstance: scrape_and_save_share_prices_with_company_data.create_company_table scheduled__2024-05-15T00:00:00+00:00 [queued]>
[2024-09-27T23:22:45.970+0000] {taskinstance.py:2612} INFO - Dependencies all met for dep_context=requeueable deps ti=<TaskInstance: scrape_and_save_share_prices_with_company_data.create_company_table scheduled__2024-05-15T00:00:00+00:00 [queued]>
[2024-09-27T23:22:45.973+0000] {taskinstance.py:2865} INFO - Starting attempt 1 of 2
[2024-09-27T23:22:46.048+0000] {taskinstance.py:2888} INFO - Executing <Task(PythonOperator): create_company_table> on 2024-05-15 00:00:00+00:00
[2024-09-27T23:22:46.093+0000] {standard_task_runner.py:104} INFO - Running: ['***', 'tasks', 'run', 'scrape_and_save_share_prices_with_company_data', 'create_company_table', 'scheduled__2024-05-15T00:00:00+00:00', '--job-id', '3526', '--raw', '--subdir', 'DAGS_FOLDER/dag.py', '--cfg-path', '/tmp/tmp45moih12']
[2024-09-27T23:22:46.098+0000] {standard_task_runner.py:105} INFO - Job 3526: Subtask create_company_table
[2024-09-27T23:22:46.099+0000] {warnings.py:112} WARNING - /home/***/.local/lib/python3.12/site-packages/***/task/task_runner/standard_task_runner.py:70: DeprecationWarning: This process (pid=4368) is multi-threaded, use of fork() may lead to deadlocks in the child.
  pid = os.fork()

[2024-09-27T23:22:46.107+0000] {standard_task_runner.py:72} INFO - Started process 4381 to run task
[2024-09-27T23:22:46.321+0000] {task_command.py:467} INFO - Running <TaskInstance: scrape_and_save_share_prices_with_company_data.create_company_table scheduled__2024-05-15T00:00:00+00:00 [running]> on host 7746de5121f6
[2024-09-27T23:22:46.932+0000] {taskinstance.py:3131} INFO - Exporting env vars: AIRFLOW_CTX_DAG_OWNER='***' AIRFLOW_CTX_DAG_ID='scrape_and_save_share_prices_with_company_data' AIRFLOW_CTX_TASK_ID='create_company_table' AIRFLOW_CTX_EXECUTION_DATE='2024-05-15T00:00:00+00:00' AIRFLOW_CTX_TRY_NUMBER='1' AIRFLOW_CTX_DAG_RUN_ID='scheduled__2024-05-15T00:00:00+00:00'
[2024-09-27T23:22:46.943+0000] {logging_mixin.py:190} INFO - Task instance is in running state
[2024-09-27T23:22:46.946+0000] {logging_mixin.py:190} INFO -  Previous state of the Task instance: queued
[2024-09-27T23:22:46.955+0000] {logging_mixin.py:190} INFO - Current task name:create_company_table state:running start_date:2024-09-27 23:22:45.943275+00:00
[2024-09-27T23:22:46.957+0000] {logging_mixin.py:190} INFO - Dag name:scrape_and_save_share_prices_with_company_data and current dag run status:running
[2024-09-27T23:22:46.963+0000] {taskinstance.py:731} INFO - ::endgroup::
[2024-09-27T23:22:47.022+0000] {base.py:84} INFO - Retrieving connection 'dse_connection'
[2024-09-27T23:22:47.050+0000] {sql.py:509} INFO - Running statement: 
        CREATE TABLE IF NOT EXISTS company_list (
            company_id SERIAL PRIMARY KEY,
            company_trade_name VARCHAR(255) NOT NULL,
            company_url VARCHAR(255) NOT NULL,
            UNIQUE(company_trade_name)
        );
    , parameters: None
[2024-09-27T23:22:47.081+0000] {python.py:240} INFO - Done. Returned value was: None
[2024-09-27T23:22:47.161+0000] {taskinstance.py:340} INFO - ::group::Post task execution logs
[2024-09-27T23:22:47.197+0000] {taskinstance.py:352} INFO - Marking task as SUCCESS. dag_id=scrape_and_save_share_prices_with_company_data, task_id=create_company_table, run_id=scheduled__2024-05-15T00:00:00+00:00, execution_date=20240515T000000, start_date=20240927T232245, end_date=20240927T232247
[2024-09-27T23:22:47.264+0000] {logging_mixin.py:190} INFO - Task instance in success state
[2024-09-27T23:22:47.269+0000] {logging_mixin.py:190} INFO -  Previous state of the Task instance: running
[2024-09-27T23:22:47.290+0000] {logging_mixin.py:190} INFO - Dag name:scrape_and_save_share_prices_with_company_data queued_at:2024-09-27 23:22:34.497450+00:00
[2024-09-27T23:22:47.295+0000] {logging_mixin.py:190} INFO - Task hostname:7746de5121f6 operator:PythonOperator
[2024-09-27T23:22:47.338+0000] {local_task_job_runner.py:266} INFO - Task exited with return code 0
[2024-09-27T23:22:47.480+0000] {taskinstance.py:3900} INFO - 1 downstream tasks scheduled from follow-on schedule check
[2024-09-27T23:22:47.512+0000] {local_task_job_runner.py:245} INFO - ::endgroup::
