[2024-09-27T19:00:52.372+0000] {local_task_job_runner.py:123} INFO - ::group::Pre task execution logs
[2024-09-27T19:00:52.414+0000] {taskinstance.py:2612} INFO - Dependencies all met for dep_context=non-requeueable deps ti=<TaskInstance: scrape_and_save_share_prices_with_company_data.create_share_prices_table scheduled__2024-03-16T00:00:00+00:00 [queued]>
[2024-09-27T19:00:52.440+0000] {taskinstance.py:2612} INFO - Dependencies all met for dep_context=requeueable deps ti=<TaskInstance: scrape_and_save_share_prices_with_company_data.create_share_prices_table scheduled__2024-03-16T00:00:00+00:00 [queued]>
[2024-09-27T19:00:52.446+0000] {taskinstance.py:2865} INFO - Starting attempt 1 of 2
[2024-09-27T19:00:52.501+0000] {taskinstance.py:2888} INFO - Executing <Task(PythonOperator): create_share_prices_table> on 2024-03-16 00:00:00+00:00
[2024-09-27T19:00:52.520+0000] {warnings.py:112} WARNING - /home/***/.local/lib/python3.12/site-packages/***/task/task_runner/standard_task_runner.py:70: DeprecationWarning: This process (pid=15457) is multi-threaded, use of fork() may lead to deadlocks in the child.
  pid = os.fork()

[2024-09-27T19:00:52.523+0000] {standard_task_runner.py:72} INFO - Started process 15473 to run task
[2024-09-27T19:00:52.533+0000] {standard_task_runner.py:104} INFO - Running: ['***', 'tasks', 'run', 'scrape_and_save_share_prices_with_company_data', 'create_share_prices_table', 'scheduled__2024-03-16T00:00:00+00:00', '--job-id', '1885', '--raw', '--subdir', 'DAGS_FOLDER/dag.py', '--cfg-path', '/tmp/tmp14_d6_sb']
[2024-09-27T19:00:52.540+0000] {standard_task_runner.py:105} INFO - Job 1885: Subtask create_share_prices_table
[2024-09-27T19:00:52.684+0000] {task_command.py:467} INFO - Running <TaskInstance: scrape_and_save_share_prices_with_company_data.create_share_prices_table scheduled__2024-03-16T00:00:00+00:00 [running]> on host 13b5797a93ab
[2024-09-27T19:00:52.958+0000] {taskinstance.py:3131} INFO - Exporting env vars: AIRFLOW_CTX_DAG_OWNER='***' AIRFLOW_CTX_DAG_ID='scrape_and_save_share_prices_with_company_data' AIRFLOW_CTX_TASK_ID='create_share_prices_table' AIRFLOW_CTX_EXECUTION_DATE='2024-03-16T00:00:00+00:00' AIRFLOW_CTX_TRY_NUMBER='1' AIRFLOW_CTX_DAG_RUN_ID='scheduled__2024-03-16T00:00:00+00:00'
[2024-09-27T19:00:52.972+0000] {logging_mixin.py:190} INFO - Task instance is in running state
[2024-09-27T19:00:52.975+0000] {logging_mixin.py:190} INFO -  Previous state of the Task instance: queued
[2024-09-27T19:00:52.979+0000] {logging_mixin.py:190} INFO - Current task name:create_share_prices_table state:running start_date:2024-09-27 19:00:52.415124+00:00
[2024-09-27T19:00:52.980+0000] {logging_mixin.py:190} INFO - Dag name:scrape_and_save_share_prices_with_company_data and current dag run status:running
[2024-09-27T19:00:52.995+0000] {taskinstance.py:731} INFO - ::endgroup::
[2024-09-27T19:00:53.029+0000] {base.py:84} INFO - Retrieving connection 'dse_connection'
[2024-09-27T19:00:53.038+0000] {sql.py:509} INFO - Running statement: 
        CREATE TABLE IF NOT EXISTS company_share_prices (
            id SERIAL,
            company_id INTEGER NOT NULL,
            date DATE,
            latest_trading_price VARCHAR(50),
            low_price VARCHAR(50),
            high_price VARCHAR(50),
            closing_price VARCHAR(50),
            ycp VARCHAR(50),
            change VARCHAR(10),
            trade VARCHAR(50),
            value VARCHAR(50),
            volume VARCHAR(50),
            PRIMARY KEY(company_id, id),
            FOREIGN KEY(company_id)
                REFERENCES company_list(company_id)
                ON UPDATE CASCADE ON DELETE CASCADE
        );
    , parameters: None
[2024-09-27T19:00:53.046+0000] {python.py:240} INFO - Done. Returned value was: None
[2024-09-27T19:00:53.074+0000] {taskinstance.py:340} INFO - ::group::Post task execution logs
[2024-09-27T19:00:53.084+0000] {taskinstance.py:352} INFO - Marking task as SUCCESS. dag_id=scrape_and_save_share_prices_with_company_data, task_id=create_share_prices_table, run_id=scheduled__2024-03-16T00:00:00+00:00, execution_date=20240316T000000, start_date=20240927T190052, end_date=20240927T190053
[2024-09-27T19:00:53.110+0000] {logging_mixin.py:190} INFO - Task instance in success state
[2024-09-27T19:00:53.111+0000] {logging_mixin.py:190} INFO -  Previous state of the Task instance: running
[2024-09-27T19:00:53.115+0000] {logging_mixin.py:190} INFO - Dag name:scrape_and_save_share_prices_with_company_data queued_at:2024-09-27 19:00:12.577866+00:00
[2024-09-27T19:00:53.116+0000] {logging_mixin.py:190} INFO - Task hostname:13b5797a93ab operator:PythonOperator
[2024-09-27T19:00:53.179+0000] {local_task_job_runner.py:266} INFO - Task exited with return code 0
[2024-09-27T19:00:53.200+0000] {local_task_job_runner.py:245} INFO - ::endgroup::
[2024-09-27T23:11:22.661+0000] {local_task_job_runner.py:123} INFO - ::group::Pre task execution logs
[2024-09-27T23:11:22.834+0000] {taskinstance.py:2612} INFO - Dependencies all met for dep_context=non-requeueable deps ti=<TaskInstance: scrape_and_save_share_prices_with_company_data.create_share_prices_table scheduled__2024-03-16T00:00:00+00:00 [queued]>
[2024-09-27T23:11:22.910+0000] {taskinstance.py:2612} INFO - Dependencies all met for dep_context=requeueable deps ti=<TaskInstance: scrape_and_save_share_prices_with_company_data.create_share_prices_table scheduled__2024-03-16T00:00:00+00:00 [queued]>
[2024-09-27T23:11:22.911+0000] {taskinstance.py:2865} INFO - Starting attempt 1 of 2
[2024-09-27T23:11:23.268+0000] {taskinstance.py:2888} INFO - Executing <Task(PythonOperator): create_share_prices_table> on 2024-03-16 00:00:00+00:00
[2024-09-27T23:11:23.298+0000] {warnings.py:112} WARNING - /home/***/.local/lib/python3.12/site-packages/***/task/task_runner/standard_task_runner.py:70: DeprecationWarning: This process (pid=3343) is multi-threaded, use of fork() may lead to deadlocks in the child.
  pid = os.fork()

[2024-09-27T23:11:23.304+0000] {standard_task_runner.py:72} INFO - Started process 3366 to run task
[2024-09-27T23:11:23.346+0000] {standard_task_runner.py:104} INFO - Running: ['***', 'tasks', 'run', 'scrape_and_save_share_prices_with_company_data', 'create_share_prices_table', 'scheduled__2024-03-16T00:00:00+00:00', '--job-id', '3298', '--raw', '--subdir', 'DAGS_FOLDER/dag.py', '--cfg-path', '/tmp/tmpwtoonuug']
[2024-09-27T23:11:23.353+0000] {standard_task_runner.py:105} INFO - Job 3298: Subtask create_share_prices_table
[2024-09-27T23:11:23.615+0000] {task_command.py:467} INFO - Running <TaskInstance: scrape_and_save_share_prices_with_company_data.create_share_prices_table scheduled__2024-03-16T00:00:00+00:00 [running]> on host 7746de5121f6
[2024-09-27T23:11:24.120+0000] {taskinstance.py:3131} INFO - Exporting env vars: AIRFLOW_CTX_DAG_OWNER='***' AIRFLOW_CTX_DAG_ID='scrape_and_save_share_prices_with_company_data' AIRFLOW_CTX_TASK_ID='create_share_prices_table' AIRFLOW_CTX_EXECUTION_DATE='2024-03-16T00:00:00+00:00' AIRFLOW_CTX_TRY_NUMBER='1' AIRFLOW_CTX_DAG_RUN_ID='scheduled__2024-03-16T00:00:00+00:00'
[2024-09-27T23:11:24.128+0000] {logging_mixin.py:190} INFO - Task instance is in running state
[2024-09-27T23:11:24.129+0000] {logging_mixin.py:190} INFO -  Previous state of the Task instance: queued
[2024-09-27T23:11:24.131+0000] {logging_mixin.py:190} INFO - Current task name:create_share_prices_table state:running start_date:2024-09-27 23:11:22.840366+00:00
[2024-09-27T23:11:24.133+0000] {logging_mixin.py:190} INFO - Dag name:scrape_and_save_share_prices_with_company_data and current dag run status:running
[2024-09-27T23:11:24.134+0000] {taskinstance.py:731} INFO - ::endgroup::
[2024-09-27T23:11:24.180+0000] {base.py:84} INFO - Retrieving connection 'dse_connection'
[2024-09-27T23:11:24.190+0000] {sql.py:509} INFO - Running statement: 
        CREATE TABLE IF NOT EXISTS company_share_prices (
            id SERIAL,
            company_id INTEGER NOT NULL,
            date DATE,
            latest_trading_price VARCHAR(50),
            low_price VARCHAR(50),
            high_price VARCHAR(50),
            closing_price VARCHAR(50),
            ycp VARCHAR(50),
            change VARCHAR(10),
            trade VARCHAR(50),
            value VARCHAR(50),
            volume VARCHAR(50),
            PRIMARY KEY(company_id, id),
            FOREIGN KEY(company_id)
                REFERENCES company_list(company_id)
                ON UPDATE CASCADE ON DELETE CASCADE
        );
    , parameters: None
[2024-09-27T23:11:24.205+0000] {python.py:240} INFO - Done. Returned value was: None
[2024-09-27T23:11:24.265+0000] {taskinstance.py:340} INFO - ::group::Post task execution logs
[2024-09-27T23:11:24.266+0000] {taskinstance.py:352} INFO - Marking task as SUCCESS. dag_id=scrape_and_save_share_prices_with_company_data, task_id=create_share_prices_table, run_id=scheduled__2024-03-16T00:00:00+00:00, execution_date=20240316T000000, start_date=20240927T231122, end_date=20240927T231124
[2024-09-27T23:11:24.318+0000] {logging_mixin.py:190} INFO - Task instance in success state
[2024-09-27T23:11:24.319+0000] {logging_mixin.py:190} INFO -  Previous state of the Task instance: running
[2024-09-27T23:11:24.320+0000] {logging_mixin.py:190} INFO - Dag name:scrape_and_save_share_prices_with_company_data queued_at:2024-09-27 23:10:28.905006+00:00
[2024-09-27T23:11:24.321+0000] {logging_mixin.py:190} INFO - Task hostname:7746de5121f6 operator:PythonOperator
[2024-09-27T23:11:24.345+0000] {local_task_job_runner.py:266} INFO - Task exited with return code 0
[2024-09-27T23:11:24.500+0000] {taskinstance.py:3900} INFO - 1 downstream tasks scheduled from follow-on schedule check
[2024-09-27T23:11:24.527+0000] {local_task_job_runner.py:245} INFO - ::endgroup::
