[2024-09-27T18:33:56.419+0000] {local_task_job_runner.py:123} INFO - ::group::Pre task execution logs
[2024-09-27T18:33:56.603+0000] {taskinstance.py:2612} INFO - Dependencies all met for dep_context=non-requeueable deps ti=<TaskInstance: scrape_and_save_share_prices_with_company_data.create_company_table scheduled__2024-01-15T00:00:00+00:00 [queued]>
[2024-09-27T18:33:56.679+0000] {taskinstance.py:2612} INFO - Dependencies all met for dep_context=requeueable deps ti=<TaskInstance: scrape_and_save_share_prices_with_company_data.create_company_table scheduled__2024-01-15T00:00:00+00:00 [queued]>
[2024-09-27T18:33:56.686+0000] {taskinstance.py:2865} INFO - Starting attempt 1 of 2
[2024-09-27T18:33:56.890+0000] {taskinstance.py:2888} INFO - Executing <Task(PythonOperator): create_company_table> on 2024-01-15 00:00:00+00:00
[2024-09-27T18:33:56.941+0000] {standard_task_runner.py:104} INFO - Running: ['***', 'tasks', 'run', 'scrape_and_save_share_prices_with_company_data', 'create_company_table', 'scheduled__2024-01-15T00:00:00+00:00', '--job-id', '1534', '--raw', '--subdir', 'DAGS_FOLDER/dag.py', '--cfg-path', '/tmp/tmpzs47vz1v']
[2024-09-27T18:33:56.951+0000] {standard_task_runner.py:105} INFO - Job 1534: Subtask create_company_table
[2024-09-27T18:33:56.952+0000] {warnings.py:112} WARNING - /home/***/.local/lib/python3.12/site-packages/***/task/task_runner/standard_task_runner.py:70: DeprecationWarning: This process (pid=13754) is multi-threaded, use of fork() may lead to deadlocks in the child.
  pid = os.fork()

[2024-09-27T18:33:56.961+0000] {standard_task_runner.py:72} INFO - Started process 13770 to run task
[2024-09-27T18:33:57.295+0000] {task_command.py:467} INFO - Running <TaskInstance: scrape_and_save_share_prices_with_company_data.create_company_table scheduled__2024-01-15T00:00:00+00:00 [running]> on host 13b5797a93ab
[2024-09-27T18:33:57.924+0000] {taskinstance.py:3131} INFO - Exporting env vars: AIRFLOW_CTX_DAG_OWNER='***' AIRFLOW_CTX_DAG_ID='scrape_and_save_share_prices_with_company_data' AIRFLOW_CTX_TASK_ID='create_company_table' AIRFLOW_CTX_EXECUTION_DATE='2024-01-15T00:00:00+00:00' AIRFLOW_CTX_TRY_NUMBER='1' AIRFLOW_CTX_DAG_RUN_ID='scheduled__2024-01-15T00:00:00+00:00'
[2024-09-27T18:33:57.929+0000] {logging_mixin.py:190} INFO - Task instance is in running state
[2024-09-27T18:33:57.931+0000] {logging_mixin.py:190} INFO -  Previous state of the Task instance: queued
[2024-09-27T18:33:57.937+0000] {logging_mixin.py:190} INFO - Current task name:create_company_table state:running start_date:2024-09-27 18:33:56.615263+00:00
[2024-09-27T18:33:57.953+0000] {logging_mixin.py:190} INFO - Dag name:scrape_and_save_share_prices_with_company_data and current dag run status:running
[2024-09-27T18:33:57.955+0000] {taskinstance.py:731} INFO - ::endgroup::
[2024-09-27T18:33:58.014+0000] {base.py:84} INFO - Retrieving connection 'dse_connection'
[2024-09-27T18:33:58.030+0000] {sql.py:509} INFO - Running statement: 
        CREATE TABLE IF NOT EXISTS company_list (
            company_id SERIAL PRIMARY KEY,
            company_trade_name VARCHAR(255) NOT NULL,
            company_url VARCHAR(255) NOT NULL,
            UNIQUE(company_trade_name)
        );
    , parameters: None
[2024-09-27T18:33:58.033+0000] {python.py:240} INFO - Done. Returned value was: None
[2024-09-27T18:33:58.066+0000] {taskinstance.py:340} INFO - ::group::Post task execution logs
[2024-09-27T18:33:58.081+0000] {taskinstance.py:352} INFO - Marking task as SUCCESS. dag_id=scrape_and_save_share_prices_with_company_data, task_id=create_company_table, run_id=scheduled__2024-01-15T00:00:00+00:00, execution_date=20240115T000000, start_date=20240927T183356, end_date=20240927T183358
[2024-09-27T18:33:58.194+0000] {logging_mixin.py:190} INFO - Task instance in success state
[2024-09-27T18:33:58.199+0000] {logging_mixin.py:190} INFO -  Previous state of the Task instance: running
[2024-09-27T18:33:58.201+0000] {logging_mixin.py:190} INFO - Dag name:scrape_and_save_share_prices_with_company_data queued_at:2024-09-27 18:33:43.685950+00:00
[2024-09-27T18:33:58.202+0000] {logging_mixin.py:190} INFO - Task hostname:13b5797a93ab operator:PythonOperator
[2024-09-27T18:33:58.264+0000] {local_task_job_runner.py:266} INFO - Task exited with return code 0
[2024-09-27T18:33:58.378+0000] {taskinstance.py:3900} INFO - 1 downstream tasks scheduled from follow-on schedule check
[2024-09-27T18:33:58.392+0000] {local_task_job_runner.py:245} INFO - ::endgroup::
[2024-09-27T22:23:02.515+0000] {local_task_job_runner.py:123} INFO - ::group::Pre task execution logs
[2024-09-27T22:23:02.611+0000] {taskinstance.py:2612} INFO - Dependencies all met for dep_context=non-requeueable deps ti=<TaskInstance: scrape_and_save_share_prices_with_company_data.create_company_table scheduled__2024-01-15T00:00:00+00:00 [queued]>
[2024-09-27T22:23:02.725+0000] {taskinstance.py:2612} INFO - Dependencies all met for dep_context=requeueable deps ti=<TaskInstance: scrape_and_save_share_prices_with_company_data.create_company_table scheduled__2024-01-15T00:00:00+00:00 [queued]>
[2024-09-27T22:23:02.747+0000] {taskinstance.py:2865} INFO - Starting attempt 1 of 2
[2024-09-27T22:23:02.903+0000] {taskinstance.py:2888} INFO - Executing <Task(PythonOperator): create_company_table> on 2024-01-15 00:00:00+00:00
[2024-09-27T22:23:03.016+0000] {warnings.py:112} WARNING - /home/***/.local/lib/python3.12/site-packages/***/task/task_runner/standard_task_runner.py:70: DeprecationWarning: This process (pid=2461) is multi-threaded, use of fork() may lead to deadlocks in the child.
  pid = os.fork()

[2024-09-27T22:23:03.080+0000] {standard_task_runner.py:72} INFO - Started process 2509 to run task
[2024-09-27T22:23:03.073+0000] {standard_task_runner.py:104} INFO - Running: ['***', 'tasks', 'run', 'scrape_and_save_share_prices_with_company_data', 'create_company_table', 'scheduled__2024-01-15T00:00:00+00:00', '--job-id', '2574', '--raw', '--subdir', 'DAGS_FOLDER/dag.py', '--cfg-path', '/tmp/tmpol1d3y5p']
[2024-09-27T22:23:03.119+0000] {standard_task_runner.py:105} INFO - Job 2574: Subtask create_company_table
[2024-09-27T22:23:03.449+0000] {task_command.py:467} INFO - Running <TaskInstance: scrape_and_save_share_prices_with_company_data.create_company_table scheduled__2024-01-15T00:00:00+00:00 [running]> on host fd62fe12432d
[2024-09-27T22:23:04.342+0000] {taskinstance.py:3131} INFO - Exporting env vars: AIRFLOW_CTX_DAG_OWNER='***' AIRFLOW_CTX_DAG_ID='scrape_and_save_share_prices_with_company_data' AIRFLOW_CTX_TASK_ID='create_company_table' AIRFLOW_CTX_EXECUTION_DATE='2024-01-15T00:00:00+00:00' AIRFLOW_CTX_TRY_NUMBER='1' AIRFLOW_CTX_DAG_RUN_ID='scheduled__2024-01-15T00:00:00+00:00'
[2024-09-27T22:23:04.360+0000] {logging_mixin.py:190} INFO - Task instance is in running state
[2024-09-27T22:23:04.372+0000] {logging_mixin.py:190} INFO -  Previous state of the Task instance: queued
[2024-09-27T22:23:04.391+0000] {logging_mixin.py:190} INFO - Current task name:create_company_table state:running start_date:2024-09-27 22:23:02.613774+00:00
[2024-09-27T22:23:04.393+0000] {logging_mixin.py:190} INFO - Dag name:scrape_and_save_share_prices_with_company_data and current dag run status:running
[2024-09-27T22:23:04.394+0000] {taskinstance.py:731} INFO - ::endgroup::
[2024-09-27T22:23:04.462+0000] {base.py:84} INFO - Retrieving connection 'dse_connection'
[2024-09-27T22:23:04.493+0000] {sql.py:509} INFO - Running statement: 
        CREATE TABLE IF NOT EXISTS company_list (
            company_id SERIAL PRIMARY KEY,
            company_trade_name VARCHAR(255) NOT NULL,
            company_url VARCHAR(255) NOT NULL,
            UNIQUE(company_trade_name)
        );
    , parameters: None
[2024-09-27T22:23:04.511+0000] {python.py:240} INFO - Done. Returned value was: None
[2024-09-27T22:23:04.562+0000] {taskinstance.py:340} INFO - ::group::Post task execution logs
[2024-09-27T22:23:04.564+0000] {taskinstance.py:352} INFO - Marking task as SUCCESS. dag_id=scrape_and_save_share_prices_with_company_data, task_id=create_company_table, run_id=scheduled__2024-01-15T00:00:00+00:00, execution_date=20240115T000000, start_date=20240927T222302, end_date=20240927T222304
[2024-09-27T22:23:04.595+0000] {logging_mixin.py:190} INFO - Task instance in success state
[2024-09-27T22:23:04.605+0000] {logging_mixin.py:190} INFO -  Previous state of the Task instance: running
[2024-09-27T22:23:04.611+0000] {logging_mixin.py:190} INFO - Dag name:scrape_and_save_share_prices_with_company_data queued_at:2024-09-27 22:22:48.894669+00:00
[2024-09-27T22:23:04.613+0000] {logging_mixin.py:190} INFO - Task hostname:fd62fe12432d operator:PythonOperator
[2024-09-27T22:23:04.698+0000] {local_task_job_runner.py:266} INFO - Task exited with return code 0
[2024-09-27T22:23:04.946+0000] {taskinstance.py:3900} INFO - 1 downstream tasks scheduled from follow-on schedule check
[2024-09-27T22:23:04.971+0000] {local_task_job_runner.py:245} INFO - ::endgroup::
[2024-09-27T22:59:38.882+0000] {local_task_job_runner.py:123} INFO - ::group::Pre task execution logs
[2024-09-27T22:59:38.963+0000] {taskinstance.py:2612} INFO - Dependencies all met for dep_context=non-requeueable deps ti=<TaskInstance: scrape_and_save_share_prices_with_company_data.create_company_table scheduled__2024-01-15T00:00:00+00:00 [queued]>
[2024-09-27T22:59:39.009+0000] {taskinstance.py:2612} INFO - Dependencies all met for dep_context=requeueable deps ti=<TaskInstance: scrape_and_save_share_prices_with_company_data.create_company_table scheduled__2024-01-15T00:00:00+00:00 [queued]>
[2024-09-27T22:59:39.010+0000] {taskinstance.py:2865} INFO - Starting attempt 1 of 2
[2024-09-27T22:59:39.116+0000] {taskinstance.py:2888} INFO - Executing <Task(PythonOperator): create_company_table> on 2024-01-15 00:00:00+00:00
[2024-09-27T22:59:39.139+0000] {warnings.py:112} WARNING - /home/***/.local/lib/python3.12/site-packages/***/task/task_runner/standard_task_runner.py:70: DeprecationWarning: This process (pid=2171) is multi-threaded, use of fork() may lead to deadlocks in the child.
  pid = os.fork()

[2024-09-27T22:59:39.142+0000] {standard_task_runner.py:72} INFO - Started process 2190 to run task
[2024-09-27T22:59:39.147+0000] {standard_task_runner.py:104} INFO - Running: ['***', 'tasks', 'run', 'scrape_and_save_share_prices_with_company_data', 'create_company_table', 'scheduled__2024-01-15T00:00:00+00:00', '--job-id', '3038', '--raw', '--subdir', 'DAGS_FOLDER/dag.py', '--cfg-path', '/tmp/tmp60w2chte']
[2024-09-27T22:59:39.150+0000] {standard_task_runner.py:105} INFO - Job 3038: Subtask create_company_table
[2024-09-27T22:59:39.371+0000] {task_command.py:467} INFO - Running <TaskInstance: scrape_and_save_share_prices_with_company_data.create_company_table scheduled__2024-01-15T00:00:00+00:00 [running]> on host 7746de5121f6
[2024-09-27T22:59:39.760+0000] {taskinstance.py:3131} INFO - Exporting env vars: AIRFLOW_CTX_DAG_OWNER='***' AIRFLOW_CTX_DAG_ID='scrape_and_save_share_prices_with_company_data' AIRFLOW_CTX_TASK_ID='create_company_table' AIRFLOW_CTX_EXECUTION_DATE='2024-01-15T00:00:00+00:00' AIRFLOW_CTX_TRY_NUMBER='1' AIRFLOW_CTX_DAG_RUN_ID='scheduled__2024-01-15T00:00:00+00:00'
[2024-09-27T22:59:39.769+0000] {logging_mixin.py:190} INFO - Task instance is in running state
[2024-09-27T22:59:39.773+0000] {logging_mixin.py:190} INFO -  Previous state of the Task instance: queued
[2024-09-27T22:59:39.779+0000] {logging_mixin.py:190} INFO - Current task name:create_company_table state:running start_date:2024-09-27 22:59:38.968344+00:00
[2024-09-27T22:59:39.795+0000] {logging_mixin.py:190} INFO - Dag name:scrape_and_save_share_prices_with_company_data and current dag run status:running
[2024-09-27T22:59:39.799+0000] {taskinstance.py:731} INFO - ::endgroup::
[2024-09-27T22:59:39.840+0000] {base.py:84} INFO - Retrieving connection 'dse_connection'
[2024-09-27T22:59:39.865+0000] {sql.py:509} INFO - Running statement: 
        CREATE TABLE IF NOT EXISTS company_list (
            company_id SERIAL PRIMARY KEY,
            company_trade_name VARCHAR(255) NOT NULL,
            company_url VARCHAR(255) NOT NULL,
            UNIQUE(company_trade_name)
        );
    , parameters: None
[2024-09-27T22:59:39.890+0000] {python.py:240} INFO - Done. Returned value was: None
[2024-09-27T22:59:39.945+0000] {taskinstance.py:340} INFO - ::group::Post task execution logs
[2024-09-27T22:59:39.946+0000] {taskinstance.py:352} INFO - Marking task as SUCCESS. dag_id=scrape_and_save_share_prices_with_company_data, task_id=create_company_table, run_id=scheduled__2024-01-15T00:00:00+00:00, execution_date=20240115T000000, start_date=20240927T225938, end_date=20240927T225939
[2024-09-27T22:59:40.338+0000] {logging_mixin.py:190} INFO - Task instance in success state
[2024-09-27T22:59:40.339+0000] {logging_mixin.py:190} INFO -  Previous state of the Task instance: running
[2024-09-27T22:59:40.340+0000] {logging_mixin.py:190} INFO - Dag name:scrape_and_save_share_prices_with_company_data queued_at:2024-09-27 22:59:33.390303+00:00
[2024-09-27T22:59:40.342+0000] {logging_mixin.py:190} INFO - Task hostname:7746de5121f6 operator:PythonOperator
[2024-09-27T22:59:40.391+0000] {local_task_job_runner.py:266} INFO - Task exited with return code 0
[2024-09-27T22:59:40.457+0000] {taskinstance.py:3900} INFO - 1 downstream tasks scheduled from follow-on schedule check
[2024-09-27T22:59:40.466+0000] {local_task_job_runner.py:245} INFO - ::endgroup::
