[2024-09-27T18:39:30.503+0000] {local_task_job_runner.py:123} INFO - ::group::Pre task execution logs
[2024-09-27T18:39:30.605+0000] {taskinstance.py:2612} INFO - Dependencies all met for dep_context=non-requeueable deps ti=<TaskInstance: scrape_and_save_share_prices_with_company_data.create_share_prices_table scheduled__2024-02-04T00:00:00+00:00 [queued]>
[2024-09-27T18:39:30.674+0000] {taskinstance.py:2612} INFO - Dependencies all met for dep_context=requeueable deps ti=<TaskInstance: scrape_and_save_share_prices_with_company_data.create_share_prices_table scheduled__2024-02-04T00:00:00+00:00 [queued]>
[2024-09-27T18:39:30.677+0000] {taskinstance.py:2865} INFO - Starting attempt 1 of 2
[2024-09-27T18:39:30.803+0000] {taskinstance.py:2888} INFO - Executing <Task(PythonOperator): create_share_prices_table> on 2024-02-04 00:00:00+00:00
[2024-09-27T18:39:30.827+0000] {warnings.py:112} WARNING - /home/***/.local/lib/python3.12/site-packages/***/task/task_runner/standard_task_runner.py:70: DeprecationWarning: This process (pid=14161) is multi-threaded, use of fork() may lead to deadlocks in the child.
  pid = os.fork()

[2024-09-27T18:39:30.832+0000] {standard_task_runner.py:72} INFO - Started process 14184 to run task
[2024-09-27T18:39:30.880+0000] {standard_task_runner.py:104} INFO - Running: ['***', 'tasks', 'run', 'scrape_and_save_share_prices_with_company_data', 'create_share_prices_table', 'scheduled__2024-02-04T00:00:00+00:00', '--job-id', '1624', '--raw', '--subdir', 'DAGS_FOLDER/dag.py', '--cfg-path', '/tmp/tmpziwk8mk_']
[2024-09-27T18:39:30.891+0000] {standard_task_runner.py:105} INFO - Job 1624: Subtask create_share_prices_table
[2024-09-27T18:39:31.064+0000] {task_command.py:467} INFO - Running <TaskInstance: scrape_and_save_share_prices_with_company_data.create_share_prices_table scheduled__2024-02-04T00:00:00+00:00 [running]> on host 13b5797a93ab
[2024-09-27T18:39:31.436+0000] {taskinstance.py:3131} INFO - Exporting env vars: AIRFLOW_CTX_DAG_OWNER='***' AIRFLOW_CTX_DAG_ID='scrape_and_save_share_prices_with_company_data' AIRFLOW_CTX_TASK_ID='create_share_prices_table' AIRFLOW_CTX_EXECUTION_DATE='2024-02-04T00:00:00+00:00' AIRFLOW_CTX_TRY_NUMBER='1' AIRFLOW_CTX_DAG_RUN_ID='scheduled__2024-02-04T00:00:00+00:00'
[2024-09-27T18:39:31.441+0000] {logging_mixin.py:190} INFO - Task instance is in running state
[2024-09-27T18:39:31.443+0000] {logging_mixin.py:190} INFO -  Previous state of the Task instance: queued
[2024-09-27T18:39:31.453+0000] {logging_mixin.py:190} INFO - Current task name:create_share_prices_table state:running start_date:2024-09-27 18:39:30.612953+00:00
[2024-09-27T18:39:31.455+0000] {logging_mixin.py:190} INFO - Dag name:scrape_and_save_share_prices_with_company_data and current dag run status:running
[2024-09-27T18:39:31.456+0000] {taskinstance.py:731} INFO - ::endgroup::
[2024-09-27T18:39:31.491+0000] {base.py:84} INFO - Retrieving connection 'dse_connection'
[2024-09-27T18:39:31.531+0000] {sql.py:509} INFO - Running statement: 
        CREATE TABLE IF NOT EXISTS company_share_prices (
            id SERIAL,
            company_id INTEGER NOT NULL,
            date DATE,
            latest_trading_price VARCHAR(50),
            low_price VARCHAR(50),
            high_price VARCHAR(50),
            closing_price VARCHAR(50),
            ycp VARCHAR(50),
            change VARCHAR(10),
            trade VARCHAR(50),
            value VARCHAR(50),
            volume VARCHAR(50),
            PRIMARY KEY(company_id, id),
            FOREIGN KEY(company_id)
                REFERENCES company_list(company_id)
                ON UPDATE CASCADE ON DELETE CASCADE
        );
    , parameters: None
[2024-09-27T18:39:31.534+0000] {python.py:240} INFO - Done. Returned value was: None
[2024-09-27T18:39:31.593+0000] {taskinstance.py:340} INFO - ::group::Post task execution logs
[2024-09-27T18:39:31.594+0000] {taskinstance.py:352} INFO - Marking task as SUCCESS. dag_id=scrape_and_save_share_prices_with_company_data, task_id=create_share_prices_table, run_id=scheduled__2024-02-04T00:00:00+00:00, execution_date=20240204T000000, start_date=20240927T183930, end_date=20240927T183931
[2024-09-27T18:39:31.647+0000] {logging_mixin.py:190} INFO - Task instance in success state
[2024-09-27T18:39:31.648+0000] {logging_mixin.py:190} INFO -  Previous state of the Task instance: running
[2024-09-27T18:39:31.662+0000] {logging_mixin.py:190} INFO - Dag name:scrape_and_save_share_prices_with_company_data queued_at:2024-09-27 18:38:13.796136+00:00
[2024-09-27T18:39:31.663+0000] {logging_mixin.py:190} INFO - Task hostname:13b5797a93ab operator:PythonOperator
[2024-09-27T18:39:31.767+0000] {local_task_job_runner.py:266} INFO - Task exited with return code 0
[2024-09-27T18:39:31.799+0000] {local_task_job_runner.py:245} INFO - ::endgroup::
[2024-09-27T23:04:26.734+0000] {local_task_job_runner.py:123} INFO - ::group::Pre task execution logs
[2024-09-27T23:04:26.781+0000] {taskinstance.py:2612} INFO - Dependencies all met for dep_context=non-requeueable deps ti=<TaskInstance: scrape_and_save_share_prices_with_company_data.create_share_prices_table scheduled__2024-02-04T00:00:00+00:00 [queued]>
[2024-09-27T23:04:26.849+0000] {taskinstance.py:2612} INFO - Dependencies all met for dep_context=requeueable deps ti=<TaskInstance: scrape_and_save_share_prices_with_company_data.create_share_prices_table scheduled__2024-02-04T00:00:00+00:00 [queued]>
[2024-09-27T23:04:26.851+0000] {taskinstance.py:2865} INFO - Starting attempt 1 of 2
[2024-09-27T23:04:26.921+0000] {taskinstance.py:2888} INFO - Executing <Task(PythonOperator): create_share_prices_table> on 2024-02-04 00:00:00+00:00
[2024-09-27T23:04:26.936+0000] {warnings.py:112} WARNING - /home/***/.local/lib/python3.12/site-packages/***/task/task_runner/standard_task_runner.py:70: DeprecationWarning: This process (pid=2655) is multi-threaded, use of fork() may lead to deadlocks in the child.
  pid = os.fork()

[2024-09-27T23:04:26.940+0000] {standard_task_runner.py:72} INFO - Started process 2673 to run task
[2024-09-27T23:04:26.946+0000] {standard_task_runner.py:104} INFO - Running: ['***', 'tasks', 'run', 'scrape_and_save_share_prices_with_company_data', 'create_share_prices_table', 'scheduled__2024-02-04T00:00:00+00:00', '--job-id', '3145', '--raw', '--subdir', 'DAGS_FOLDER/dag.py', '--cfg-path', '/tmp/tmph5an8n_o']
[2024-09-27T23:04:26.953+0000] {standard_task_runner.py:105} INFO - Job 3145: Subtask create_share_prices_table
[2024-09-27T23:04:27.225+0000] {task_command.py:467} INFO - Running <TaskInstance: scrape_and_save_share_prices_with_company_data.create_share_prices_table scheduled__2024-02-04T00:00:00+00:00 [running]> on host 7746de5121f6
[2024-09-27T23:04:27.725+0000] {taskinstance.py:3131} INFO - Exporting env vars: AIRFLOW_CTX_DAG_OWNER='***' AIRFLOW_CTX_DAG_ID='scrape_and_save_share_prices_with_company_data' AIRFLOW_CTX_TASK_ID='create_share_prices_table' AIRFLOW_CTX_EXECUTION_DATE='2024-02-04T00:00:00+00:00' AIRFLOW_CTX_TRY_NUMBER='1' AIRFLOW_CTX_DAG_RUN_ID='scheduled__2024-02-04T00:00:00+00:00'
[2024-09-27T23:04:27.735+0000] {logging_mixin.py:190} INFO - Task instance is in running state
[2024-09-27T23:04:27.736+0000] {logging_mixin.py:190} INFO -  Previous state of the Task instance: queued
[2024-09-27T23:04:27.752+0000] {logging_mixin.py:190} INFO - Current task name:create_share_prices_table state:running start_date:2024-09-27 23:04:26.784222+00:00
[2024-09-27T23:04:27.753+0000] {logging_mixin.py:190} INFO - Dag name:scrape_and_save_share_prices_with_company_data and current dag run status:running
[2024-09-27T23:04:27.754+0000] {taskinstance.py:731} INFO - ::endgroup::
[2024-09-27T23:04:27.799+0000] {base.py:84} INFO - Retrieving connection 'dse_connection'
[2024-09-27T23:04:27.841+0000] {sql.py:509} INFO - Running statement: 
        CREATE TABLE IF NOT EXISTS company_share_prices (
            id SERIAL,
            company_id INTEGER NOT NULL,
            date DATE,
            latest_trading_price VARCHAR(50),
            low_price VARCHAR(50),
            high_price VARCHAR(50),
            closing_price VARCHAR(50),
            ycp VARCHAR(50),
            change VARCHAR(10),
            trade VARCHAR(50),
            value VARCHAR(50),
            volume VARCHAR(50),
            PRIMARY KEY(company_id, id),
            FOREIGN KEY(company_id)
                REFERENCES company_list(company_id)
                ON UPDATE CASCADE ON DELETE CASCADE
        );
    , parameters: None
[2024-09-27T23:04:27.860+0000] {python.py:240} INFO - Done. Returned value was: None
[2024-09-27T23:04:27.938+0000] {taskinstance.py:340} INFO - ::group::Post task execution logs
[2024-09-27T23:04:27.942+0000] {taskinstance.py:352} INFO - Marking task as SUCCESS. dag_id=scrape_and_save_share_prices_with_company_data, task_id=create_share_prices_table, run_id=scheduled__2024-02-04T00:00:00+00:00, execution_date=20240204T000000, start_date=20240927T230426, end_date=20240927T230427
[2024-09-27T23:04:28.000+0000] {logging_mixin.py:190} INFO - Task instance in success state
[2024-09-27T23:04:28.001+0000] {logging_mixin.py:190} INFO -  Previous state of the Task instance: running
[2024-09-27T23:04:28.002+0000] {logging_mixin.py:190} INFO - Dag name:scrape_and_save_share_prices_with_company_data queued_at:2024-09-27 23:03:23.841744+00:00
[2024-09-27T23:04:28.003+0000] {logging_mixin.py:190} INFO - Task hostname:7746de5121f6 operator:PythonOperator
[2024-09-27T23:04:28.092+0000] {local_task_job_runner.py:266} INFO - Task exited with return code 0
[2024-09-27T23:04:28.191+0000] {taskinstance.py:3900} INFO - 1 downstream tasks scheduled from follow-on schedule check
[2024-09-27T23:04:28.210+0000] {local_task_job_runner.py:245} INFO - ::endgroup::
