[2024-09-27T18:17:08.757+0000] {local_task_job_runner.py:123} INFO - ::group::Pre task execution logs
[2024-09-27T18:17:08.856+0000] {taskinstance.py:2612} INFO - Dependencies all met for dep_context=non-requeueable deps ti=<TaskInstance: scrape_and_save_share_prices_with_company_data.create_company_table scheduled__2023-11-11T00:00:00+00:00 [queued]>
[2024-09-27T18:17:08.952+0000] {taskinstance.py:2612} INFO - Dependencies all met for dep_context=requeueable deps ti=<TaskInstance: scrape_and_save_share_prices_with_company_data.create_company_table scheduled__2023-11-11T00:00:00+00:00 [queued]>
[2024-09-27T18:17:08.954+0000] {taskinstance.py:2865} INFO - Starting attempt 1 of 2
[2024-09-27T18:17:09.029+0000] {taskinstance.py:2888} INFO - Executing <Task(PythonOperator): create_company_table> on 2023-11-11 00:00:00+00:00
[2024-09-27T18:17:09.052+0000] {warnings.py:112} WARNING - /home/***/.local/lib/python3.12/site-packages/***/task/task_runner/standard_task_runner.py:70: DeprecationWarning: This process (pid=12450) is multi-threaded, use of fork() may lead to deadlocks in the child.
  pid = os.fork()

[2024-09-27T18:17:09.061+0000] {standard_task_runner.py:72} INFO - Started process 12474 to run task
[2024-09-27T18:17:09.068+0000] {standard_task_runner.py:104} INFO - Running: ['***', 'tasks', 'run', 'scrape_and_save_share_prices_with_company_data', 'create_company_table', 'scheduled__2023-11-11T00:00:00+00:00', '--job-id', '1249', '--raw', '--subdir', 'DAGS_FOLDER/dag.py', '--cfg-path', '/tmp/tmpriv36t_s']
[2024-09-27T18:17:09.072+0000] {standard_task_runner.py:105} INFO - Job 1249: Subtask create_company_table
[2024-09-27T18:17:09.265+0000] {task_command.py:467} INFO - Running <TaskInstance: scrape_and_save_share_prices_with_company_data.create_company_table scheduled__2023-11-11T00:00:00+00:00 [running]> on host 13b5797a93ab
[2024-09-27T18:17:09.652+0000] {taskinstance.py:3131} INFO - Exporting env vars: AIRFLOW_CTX_DAG_OWNER='***' AIRFLOW_CTX_DAG_ID='scrape_and_save_share_prices_with_company_data' AIRFLOW_CTX_TASK_ID='create_company_table' AIRFLOW_CTX_EXECUTION_DATE='2023-11-11T00:00:00+00:00' AIRFLOW_CTX_TRY_NUMBER='1' AIRFLOW_CTX_DAG_RUN_ID='scheduled__2023-11-11T00:00:00+00:00'
[2024-09-27T18:17:09.674+0000] {logging_mixin.py:190} INFO - Task instance is in running state
[2024-09-27T18:17:09.675+0000] {logging_mixin.py:190} INFO -  Previous state of the Task instance: queued
[2024-09-27T18:17:09.678+0000] {logging_mixin.py:190} INFO - Current task name:create_company_table state:running start_date:2024-09-27 18:17:08.863063+00:00
[2024-09-27T18:17:09.685+0000] {logging_mixin.py:190} INFO - Dag name:scrape_and_save_share_prices_with_company_data and current dag run status:running
[2024-09-27T18:17:09.691+0000] {taskinstance.py:731} INFO - ::endgroup::
[2024-09-27T18:17:09.745+0000] {base.py:84} INFO - Retrieving connection 'dse_connection'
[2024-09-27T18:17:09.791+0000] {sql.py:509} INFO - Running statement: 
        CREATE TABLE IF NOT EXISTS company_list (
            company_id SERIAL PRIMARY KEY,
            company_trade_name VARCHAR(255) NOT NULL,
            company_url VARCHAR(255) NOT NULL,
            UNIQUE(company_trade_name)
        );
    , parameters: None
[2024-09-27T18:17:09.810+0000] {python.py:240} INFO - Done. Returned value was: None
[2024-09-27T18:17:09.878+0000] {taskinstance.py:340} INFO - ::group::Post task execution logs
[2024-09-27T18:17:09.879+0000] {taskinstance.py:352} INFO - Marking task as SUCCESS. dag_id=scrape_and_save_share_prices_with_company_data, task_id=create_company_table, run_id=scheduled__2023-11-11T00:00:00+00:00, execution_date=20231111T000000, start_date=20240927T181708, end_date=20240927T181709
[2024-09-27T18:17:09.921+0000] {logging_mixin.py:190} INFO - Task instance in success state
[2024-09-27T18:17:09.926+0000] {logging_mixin.py:190} INFO -  Previous state of the Task instance: running
[2024-09-27T18:17:09.928+0000] {logging_mixin.py:190} INFO - Dag name:scrape_and_save_share_prices_with_company_data queued_at:2024-09-27 18:16:58.506245+00:00
[2024-09-27T18:17:09.929+0000] {logging_mixin.py:190} INFO - Task hostname:13b5797a93ab operator:PythonOperator
[2024-09-27T18:17:10.011+0000] {local_task_job_runner.py:266} INFO - Task exited with return code 0
[2024-09-27T18:17:10.178+0000] {taskinstance.py:3900} INFO - 1 downstream tasks scheduled from follow-on schedule check
[2024-09-27T18:17:10.196+0000] {local_task_job_runner.py:245} INFO - ::endgroup::
[2024-09-27T22:06:57.328+0000] {local_task_job_runner.py:123} INFO - ::group::Pre task execution logs
[2024-09-27T22:06:57.417+0000] {taskinstance.py:2612} INFO - Dependencies all met for dep_context=non-requeueable deps ti=<TaskInstance: scrape_and_save_share_prices_with_company_data.create_company_table scheduled__2023-11-11T00:00:00+00:00 [queued]>
[2024-09-27T22:06:57.453+0000] {taskinstance.py:2612} INFO - Dependencies all met for dep_context=requeueable deps ti=<TaskInstance: scrape_and_save_share_prices_with_company_data.create_company_table scheduled__2023-11-11T00:00:00+00:00 [queued]>
[2024-09-27T22:06:57.454+0000] {taskinstance.py:2865} INFO - Starting attempt 1 of 2
[2024-09-27T22:06:57.551+0000] {taskinstance.py:2888} INFO - Executing <Task(PythonOperator): create_company_table> on 2023-11-11 00:00:00+00:00
[2024-09-27T22:06:57.571+0000] {warnings.py:112} WARNING - /home/***/.local/lib/python3.12/site-packages/***/task/task_runner/standard_task_runner.py:70: DeprecationWarning: This process (pid=1275) is multi-threaded, use of fork() may lead to deadlocks in the child.
  pid = os.fork()

[2024-09-27T22:06:57.575+0000] {standard_task_runner.py:72} INFO - Started process 1292 to run task
[2024-09-27T22:06:57.577+0000] {standard_task_runner.py:104} INFO - Running: ['***', 'tasks', 'run', 'scrape_and_save_share_prices_with_company_data', 'create_company_table', 'scheduled__2023-11-11T00:00:00+00:00', '--job-id', '2310', '--raw', '--subdir', 'DAGS_FOLDER/dag.py', '--cfg-path', '/tmp/tmpywzpjiw6']
[2024-09-27T22:06:57.580+0000] {standard_task_runner.py:105} INFO - Job 2310: Subtask create_company_table
[2024-09-27T22:06:57.813+0000] {task_command.py:467} INFO - Running <TaskInstance: scrape_and_save_share_prices_with_company_data.create_company_table scheduled__2023-11-11T00:00:00+00:00 [running]> on host fd62fe12432d
[2024-09-27T22:06:58.392+0000] {taskinstance.py:3131} INFO - Exporting env vars: AIRFLOW_CTX_DAG_OWNER='***' AIRFLOW_CTX_DAG_ID='scrape_and_save_share_prices_with_company_data' AIRFLOW_CTX_TASK_ID='create_company_table' AIRFLOW_CTX_EXECUTION_DATE='2023-11-11T00:00:00+00:00' AIRFLOW_CTX_TRY_NUMBER='1' AIRFLOW_CTX_DAG_RUN_ID='scheduled__2023-11-11T00:00:00+00:00'
[2024-09-27T22:06:58.409+0000] {logging_mixin.py:190} INFO - Task instance is in running state
[2024-09-27T22:06:58.417+0000] {logging_mixin.py:190} INFO -  Previous state of the Task instance: queued
[2024-09-27T22:06:58.418+0000] {logging_mixin.py:190} INFO - Current task name:create_company_table state:running start_date:2024-09-27 22:06:57.423038+00:00
[2024-09-27T22:06:58.419+0000] {logging_mixin.py:190} INFO - Dag name:scrape_and_save_share_prices_with_company_data and current dag run status:running
[2024-09-27T22:06:58.426+0000] {taskinstance.py:731} INFO - ::endgroup::
[2024-09-27T22:06:58.573+0000] {base.py:84} INFO - Retrieving connection 'dse_connection'
[2024-09-27T22:06:58.613+0000] {sql.py:509} INFO - Running statement: 
        CREATE TABLE IF NOT EXISTS company_list (
            company_id SERIAL PRIMARY KEY,
            company_trade_name VARCHAR(255) NOT NULL,
            company_url VARCHAR(255) NOT NULL,
            UNIQUE(company_trade_name)
        );
    , parameters: None
[2024-09-27T22:06:58.617+0000] {python.py:240} INFO - Done. Returned value was: None
[2024-09-27T22:06:58.746+0000] {taskinstance.py:340} INFO - ::group::Post task execution logs
[2024-09-27T22:06:58.750+0000] {taskinstance.py:352} INFO - Marking task as SUCCESS. dag_id=scrape_and_save_share_prices_with_company_data, task_id=create_company_table, run_id=scheduled__2023-11-11T00:00:00+00:00, execution_date=20231111T000000, start_date=20240927T220657, end_date=20240927T220658
[2024-09-27T22:06:58.851+0000] {logging_mixin.py:190} INFO - Task instance in success state
[2024-09-27T22:06:58.852+0000] {logging_mixin.py:190} INFO -  Previous state of the Task instance: running
[2024-09-27T22:06:58.854+0000] {logging_mixin.py:190} INFO - Dag name:scrape_and_save_share_prices_with_company_data queued_at:2024-09-27 22:06:46.303747+00:00
[2024-09-27T22:06:58.857+0000] {logging_mixin.py:190} INFO - Task hostname:fd62fe12432d operator:PythonOperator
[2024-09-27T22:06:58.943+0000] {local_task_job_runner.py:266} INFO - Task exited with return code 0
[2024-09-27T22:06:59.064+0000] {taskinstance.py:3900} INFO - 1 downstream tasks scheduled from follow-on schedule check
[2024-09-27T22:06:59.088+0000] {local_task_job_runner.py:245} INFO - ::endgroup::
[2024-09-27T22:46:57.104+0000] {local_task_job_runner.py:123} INFO - ::group::Pre task execution logs
[2024-09-27T22:46:57.203+0000] {taskinstance.py:2612} INFO - Dependencies all met for dep_context=non-requeueable deps ti=<TaskInstance: scrape_and_save_share_prices_with_company_data.create_company_table scheduled__2023-11-11T00:00:00+00:00 [queued]>
[2024-09-27T22:46:57.331+0000] {taskinstance.py:2612} INFO - Dependencies all met for dep_context=requeueable deps ti=<TaskInstance: scrape_and_save_share_prices_with_company_data.create_company_table scheduled__2023-11-11T00:00:00+00:00 [queued]>
[2024-09-27T22:46:57.342+0000] {taskinstance.py:2865} INFO - Starting attempt 1 of 2
[2024-09-27T22:46:57.502+0000] {taskinstance.py:2888} INFO - Executing <Task(PythonOperator): create_company_table> on 2023-11-11 00:00:00+00:00
[2024-09-27T22:46:57.535+0000] {warnings.py:112} WARNING - /home/***/.local/lib/python3.12/site-packages/***/task/task_runner/standard_task_runner.py:70: DeprecationWarning: This process (pid=1000) is multi-threaded, use of fork() may lead to deadlocks in the child.
  pid = os.fork()

[2024-09-27T22:46:57.559+0000] {standard_task_runner.py:72} INFO - Started process 1031 to run task
[2024-09-27T22:46:57.565+0000] {standard_task_runner.py:104} INFO - Running: ['***', 'tasks', 'run', 'scrape_and_save_share_prices_with_company_data', 'create_company_table', 'scheduled__2023-11-11T00:00:00+00:00', '--job-id', '2775', '--raw', '--subdir', 'DAGS_FOLDER/dag.py', '--cfg-path', '/tmp/tmpruktrtpx']
[2024-09-27T22:46:57.591+0000] {standard_task_runner.py:105} INFO - Job 2775: Subtask create_company_table
[2024-09-27T22:46:57.881+0000] {task_command.py:467} INFO - Running <TaskInstance: scrape_and_save_share_prices_with_company_data.create_company_table scheduled__2023-11-11T00:00:00+00:00 [running]> on host 7746de5121f6
[2024-09-27T22:46:58.430+0000] {taskinstance.py:3131} INFO - Exporting env vars: AIRFLOW_CTX_DAG_OWNER='***' AIRFLOW_CTX_DAG_ID='scrape_and_save_share_prices_with_company_data' AIRFLOW_CTX_TASK_ID='create_company_table' AIRFLOW_CTX_EXECUTION_DATE='2023-11-11T00:00:00+00:00' AIRFLOW_CTX_TRY_NUMBER='1' AIRFLOW_CTX_DAG_RUN_ID='scheduled__2023-11-11T00:00:00+00:00'
[2024-09-27T22:46:58.440+0000] {logging_mixin.py:190} INFO - Task instance is in running state
[2024-09-27T22:46:58.443+0000] {logging_mixin.py:190} INFO -  Previous state of the Task instance: queued
[2024-09-27T22:46:58.450+0000] {logging_mixin.py:190} INFO - Current task name:create_company_table state:running start_date:2024-09-27 22:46:57.225519+00:00
[2024-09-27T22:46:58.452+0000] {logging_mixin.py:190} INFO - Dag name:scrape_and_save_share_prices_with_company_data and current dag run status:running
[2024-09-27T22:46:58.456+0000] {taskinstance.py:731} INFO - ::endgroup::
[2024-09-27T22:46:58.560+0000] {base.py:84} INFO - Retrieving connection 'dse_connection'
[2024-09-27T22:46:58.645+0000] {sql.py:509} INFO - Running statement: 
        CREATE TABLE IF NOT EXISTS company_list (
            company_id SERIAL PRIMARY KEY,
            company_trade_name VARCHAR(255) NOT NULL,
            company_url VARCHAR(255) NOT NULL,
            UNIQUE(company_trade_name)
        );
    , parameters: None
[2024-09-27T22:46:58.660+0000] {python.py:240} INFO - Done. Returned value was: None
[2024-09-27T22:46:58.711+0000] {taskinstance.py:340} INFO - ::group::Post task execution logs
[2024-09-27T22:46:58.726+0000] {taskinstance.py:352} INFO - Marking task as SUCCESS. dag_id=scrape_and_save_share_prices_with_company_data, task_id=create_company_table, run_id=scheduled__2023-11-11T00:00:00+00:00, execution_date=20231111T000000, start_date=20240927T224657, end_date=20240927T224658
[2024-09-27T22:46:58.802+0000] {logging_mixin.py:190} INFO - Task instance in success state
[2024-09-27T22:46:58.808+0000] {logging_mixin.py:190} INFO -  Previous state of the Task instance: running
[2024-09-27T22:46:58.810+0000] {logging_mixin.py:190} INFO - Dag name:scrape_and_save_share_prices_with_company_data queued_at:2024-09-27 22:46:45.814968+00:00
[2024-09-27T22:46:58.820+0000] {logging_mixin.py:190} INFO - Task hostname:7746de5121f6 operator:PythonOperator
[2024-09-27T22:46:59.061+0000] {local_task_job_runner.py:266} INFO - Task exited with return code 0
[2024-09-27T22:46:59.317+0000] {taskinstance.py:3900} INFO - 1 downstream tasks scheduled from follow-on schedule check
[2024-09-27T22:46:59.332+0000] {local_task_job_runner.py:245} INFO - ::endgroup::
