[2024-09-27T19:42:44.133+0000] {local_task_job_runner.py:123} INFO - ::group::Pre task execution logs
[2024-09-27T19:42:44.175+0000] {taskinstance.py:2612} INFO - Dependencies all met for dep_context=non-requeueable deps ti=<TaskInstance: scrape_and_save_share_prices_with_company_data.create_company_table scheduled__2024-04-25T00:00:00+00:00 [queued]>
[2024-09-27T19:42:44.200+0000] {taskinstance.py:2612} INFO - Dependencies all met for dep_context=requeueable deps ti=<TaskInstance: scrape_and_save_share_prices_with_company_data.create_company_table scheduled__2024-04-25T00:00:00+00:00 [queued]>
[2024-09-27T19:42:44.202+0000] {taskinstance.py:2865} INFO - Starting attempt 1 of 2
[2024-09-27T19:42:44.244+0000] {taskinstance.py:2888} INFO - Executing <Task(PythonOperator): create_company_table> on 2024-04-25 00:00:00+00:00
[2024-09-27T19:42:44.260+0000] {warnings.py:112} WARNING - /home/***/.local/lib/python3.12/site-packages/***/task/task_runner/standard_task_runner.py:70: DeprecationWarning: This process (pid=601) is multi-threaded, use of fork() may lead to deadlocks in the child.
  pid = os.fork()

[2024-09-27T19:42:44.278+0000] {standard_task_runner.py:72} INFO - Started process 617 to run task
[2024-09-27T19:42:44.283+0000] {standard_task_runner.py:104} INFO - Running: ['***', 'tasks', 'run', 'scrape_and_save_share_prices_with_company_data', 'create_company_table', 'scheduled__2024-04-25T00:00:00+00:00', '--job-id', '2036', '--raw', '--subdir', 'DAGS_FOLDER/dag.py', '--cfg-path', '/tmp/tmpyf7pp4rr']
[2024-09-27T19:42:44.286+0000] {standard_task_runner.py:105} INFO - Job 2036: Subtask create_company_table
[2024-09-27T19:42:44.508+0000] {task_command.py:467} INFO - Running <TaskInstance: scrape_and_save_share_prices_with_company_data.create_company_table scheduled__2024-04-25T00:00:00+00:00 [running]> on host f199b4684a92
[2024-09-27T19:42:44.712+0000] {taskinstance.py:3131} INFO - Exporting env vars: AIRFLOW_CTX_DAG_OWNER='***' AIRFLOW_CTX_DAG_ID='scrape_and_save_share_prices_with_company_data' AIRFLOW_CTX_TASK_ID='create_company_table' AIRFLOW_CTX_EXECUTION_DATE='2024-04-25T00:00:00+00:00' AIRFLOW_CTX_TRY_NUMBER='1' AIRFLOW_CTX_DAG_RUN_ID='scheduled__2024-04-25T00:00:00+00:00'
[2024-09-27T19:42:44.721+0000] {logging_mixin.py:190} INFO - Task instance is in running state
[2024-09-27T19:42:44.722+0000] {logging_mixin.py:190} INFO -  Previous state of the Task instance: queued
[2024-09-27T19:42:44.722+0000] {logging_mixin.py:190} INFO - Current task name:create_company_table state:running start_date:2024-09-27 19:42:44.176966+00:00
[2024-09-27T19:42:44.723+0000] {logging_mixin.py:190} INFO - Dag name:scrape_and_save_share_prices_with_company_data and current dag run status:running
[2024-09-27T19:42:44.724+0000] {taskinstance.py:731} INFO - ::endgroup::
[2024-09-27T19:42:44.737+0000] {base.py:84} INFO - Retrieving connection 'dse_connection'
[2024-09-27T19:43:05.776+0000] {logging_mixin.py:190} INFO - Error creating company table: connection to server at "172.23.0.3", port 5432 failed: Connection refused
	Is the server running on that host and accepting TCP/IP connections?
[2024-09-27T19:43:05.784+0000] {python.py:240} INFO - Done. Returned value was: None
[2024-09-27T19:43:05.842+0000] {taskinstance.py:340} INFO - ::group::Post task execution logs
[2024-09-27T19:43:05.845+0000] {taskinstance.py:352} INFO - Marking task as SUCCESS. dag_id=scrape_and_save_share_prices_with_company_data, task_id=create_company_table, run_id=scheduled__2024-04-25T00:00:00+00:00, execution_date=20240425T000000, start_date=20240927T194244, end_date=20240927T194305
[2024-09-27T19:43:05.941+0000] {logging_mixin.py:190} INFO - Task instance in success state
[2024-09-27T19:43:05.969+0000] {logging_mixin.py:190} INFO -  Previous state of the Task instance: running
[2024-09-27T19:43:05.972+0000] {logging_mixin.py:190} INFO - Dag name:scrape_and_save_share_prices_with_company_data queued_at:2024-09-27 19:42:19.051379+00:00
[2024-09-27T19:43:05.986+0000] {logging_mixin.py:190} INFO - Task hostname:f199b4684a92 operator:PythonOperator
[2024-09-27T19:43:06.094+0000] {local_task_job_runner.py:266} INFO - Task exited with return code 0
[2024-09-27T19:43:06.150+0000] {local_task_job_runner.py:245} INFO - ::endgroup::
[2024-09-27T23:18:39.169+0000] {local_task_job_runner.py:123} INFO - ::group::Pre task execution logs
[2024-09-27T23:18:39.260+0000] {taskinstance.py:2612} INFO - Dependencies all met for dep_context=non-requeueable deps ti=<TaskInstance: scrape_and_save_share_prices_with_company_data.create_company_table scheduled__2024-04-25T00:00:00+00:00 [queued]>
[2024-09-27T23:18:39.297+0000] {taskinstance.py:2612} INFO - Dependencies all met for dep_context=requeueable deps ti=<TaskInstance: scrape_and_save_share_prices_with_company_data.create_company_table scheduled__2024-04-25T00:00:00+00:00 [queued]>
[2024-09-27T23:18:39.298+0000] {taskinstance.py:2865} INFO - Starting attempt 1 of 2
[2024-09-27T23:18:39.354+0000] {taskinstance.py:2888} INFO - Executing <Task(PythonOperator): create_company_table> on 2024-04-25 00:00:00+00:00
[2024-09-27T23:18:39.385+0000] {warnings.py:112} WARNING - /home/***/.local/lib/python3.12/site-packages/***/task/task_runner/standard_task_runner.py:70: DeprecationWarning: This process (pid=4020) is multi-threaded, use of fork() may lead to deadlocks in the child.
  pid = os.fork()

[2024-09-27T23:18:39.390+0000] {standard_task_runner.py:72} INFO - Started process 4030 to run task
[2024-09-27T23:18:39.402+0000] {standard_task_runner.py:104} INFO - Running: ['***', 'tasks', 'run', 'scrape_and_save_share_prices_with_company_data', 'create_company_table', 'scheduled__2024-04-25T00:00:00+00:00', '--job-id', '3449', '--raw', '--subdir', 'DAGS_FOLDER/dag.py', '--cfg-path', '/tmp/tmpa_ui4uf9']
[2024-09-27T23:18:39.409+0000] {standard_task_runner.py:105} INFO - Job 3449: Subtask create_company_table
[2024-09-27T23:18:39.712+0000] {task_command.py:467} INFO - Running <TaskInstance: scrape_and_save_share_prices_with_company_data.create_company_table scheduled__2024-04-25T00:00:00+00:00 [running]> on host 7746de5121f6
[2024-09-27T23:18:40.150+0000] {taskinstance.py:3131} INFO - Exporting env vars: AIRFLOW_CTX_DAG_OWNER='***' AIRFLOW_CTX_DAG_ID='scrape_and_save_share_prices_with_company_data' AIRFLOW_CTX_TASK_ID='create_company_table' AIRFLOW_CTX_EXECUTION_DATE='2024-04-25T00:00:00+00:00' AIRFLOW_CTX_TRY_NUMBER='1' AIRFLOW_CTX_DAG_RUN_ID='scheduled__2024-04-25T00:00:00+00:00'
[2024-09-27T23:18:40.153+0000] {logging_mixin.py:190} INFO - Task instance is in running state
[2024-09-27T23:18:40.154+0000] {logging_mixin.py:190} INFO -  Previous state of the Task instance: queued
[2024-09-27T23:18:40.155+0000] {logging_mixin.py:190} INFO - Current task name:create_company_table state:running start_date:2024-09-27 23:18:39.261925+00:00
[2024-09-27T23:18:40.156+0000] {logging_mixin.py:190} INFO - Dag name:scrape_and_save_share_prices_with_company_data and current dag run status:running
[2024-09-27T23:18:40.157+0000] {taskinstance.py:731} INFO - ::endgroup::
[2024-09-27T23:18:40.189+0000] {base.py:84} INFO - Retrieving connection 'dse_connection'
[2024-09-27T23:18:40.223+0000] {sql.py:509} INFO - Running statement: 
        CREATE TABLE IF NOT EXISTS company_list (
            company_id SERIAL PRIMARY KEY,
            company_trade_name VARCHAR(255) NOT NULL,
            company_url VARCHAR(255) NOT NULL,
            UNIQUE(company_trade_name)
        );
    , parameters: None
[2024-09-27T23:18:40.235+0000] {python.py:240} INFO - Done. Returned value was: None
[2024-09-27T23:18:40.291+0000] {taskinstance.py:340} INFO - ::group::Post task execution logs
[2024-09-27T23:18:40.296+0000] {taskinstance.py:352} INFO - Marking task as SUCCESS. dag_id=scrape_and_save_share_prices_with_company_data, task_id=create_company_table, run_id=scheduled__2024-04-25T00:00:00+00:00, execution_date=20240425T000000, start_date=20240927T231839, end_date=20240927T231840
[2024-09-27T23:18:40.332+0000] {logging_mixin.py:190} INFO - Task instance in success state
[2024-09-27T23:18:40.337+0000] {logging_mixin.py:190} INFO -  Previous state of the Task instance: running
[2024-09-27T23:18:40.339+0000] {logging_mixin.py:190} INFO - Dag name:scrape_and_save_share_prices_with_company_data queued_at:2024-09-27 23:18:30.171865+00:00
[2024-09-27T23:18:40.343+0000] {logging_mixin.py:190} INFO - Task hostname:7746de5121f6 operator:PythonOperator
[2024-09-27T23:18:40.379+0000] {local_task_job_runner.py:266} INFO - Task exited with return code 0
[2024-09-27T23:18:40.415+0000] {local_task_job_runner.py:245} INFO - ::endgroup::
