[2024-09-27T18:59:04.557+0000] {local_task_job_runner.py:123} INFO - ::group::Pre task execution logs
[2024-09-27T18:59:04.584+0000] {taskinstance.py:2612} INFO - Dependencies all met for dep_context=non-requeueable deps ti=<TaskInstance: scrape_and_save_share_prices_with_company_data.create_share_prices_table scheduled__2024-03-11T00:00:00+00:00 [queued]>
[2024-09-27T18:59:04.596+0000] {taskinstance.py:2612} INFO - Dependencies all met for dep_context=requeueable deps ti=<TaskInstance: scrape_and_save_share_prices_with_company_data.create_share_prices_table scheduled__2024-03-11T00:00:00+00:00 [queued]>
[2024-09-27T18:59:04.598+0000] {taskinstance.py:2865} INFO - Starting attempt 1 of 2
[2024-09-27T18:59:04.620+0000] {taskinstance.py:2888} INFO - Executing <Task(PythonOperator): create_share_prices_table> on 2024-03-11 00:00:00+00:00
[2024-09-27T18:59:04.630+0000] {warnings.py:112} WARNING - /home/***/.local/lib/python3.12/site-packages/***/task/task_runner/standard_task_runner.py:70: DeprecationWarning: This process (pid=15313) is multi-threaded, use of fork() may lead to deadlocks in the child.
  pid = os.fork()

[2024-09-27T18:59:04.632+0000] {standard_task_runner.py:72} INFO - Started process 15315 to run task
[2024-09-27T18:59:04.633+0000] {standard_task_runner.py:104} INFO - Running: ['***', 'tasks', 'run', 'scrape_and_save_share_prices_with_company_data', 'create_share_prices_table', 'scheduled__2024-03-11T00:00:00+00:00', '--job-id', '1853', '--raw', '--subdir', 'DAGS_FOLDER/dag.py', '--cfg-path', '/tmp/tmpzlvd9f3a']
[2024-09-27T18:59:04.635+0000] {standard_task_runner.py:105} INFO - Job 1853: Subtask create_share_prices_table
[2024-09-27T18:59:04.701+0000] {task_command.py:467} INFO - Running <TaskInstance: scrape_and_save_share_prices_with_company_data.create_share_prices_table scheduled__2024-03-11T00:00:00+00:00 [running]> on host 13b5797a93ab
[2024-09-27T18:59:04.817+0000] {taskinstance.py:3131} INFO - Exporting env vars: AIRFLOW_CTX_DAG_OWNER='***' AIRFLOW_CTX_DAG_ID='scrape_and_save_share_prices_with_company_data' AIRFLOW_CTX_TASK_ID='create_share_prices_table' AIRFLOW_CTX_EXECUTION_DATE='2024-03-11T00:00:00+00:00' AIRFLOW_CTX_TRY_NUMBER='1' AIRFLOW_CTX_DAG_RUN_ID='scheduled__2024-03-11T00:00:00+00:00'
[2024-09-27T18:59:04.819+0000] {logging_mixin.py:190} INFO - Task instance is in running state
[2024-09-27T18:59:04.820+0000] {logging_mixin.py:190} INFO -  Previous state of the Task instance: queued
[2024-09-27T18:59:04.820+0000] {logging_mixin.py:190} INFO - Current task name:create_share_prices_table state:running start_date:2024-09-27 18:59:04.584745+00:00
[2024-09-27T18:59:04.821+0000] {logging_mixin.py:190} INFO - Dag name:scrape_and_save_share_prices_with_company_data and current dag run status:running
[2024-09-27T18:59:04.821+0000] {taskinstance.py:731} INFO - ::endgroup::
[2024-09-27T18:59:04.835+0000] {base.py:84} INFO - Retrieving connection 'dse_connection'
[2024-09-27T18:59:04.840+0000] {sql.py:509} INFO - Running statement: 
        CREATE TABLE IF NOT EXISTS company_share_prices (
            id SERIAL,
            company_id INTEGER NOT NULL,
            date DATE,
            latest_trading_price VARCHAR(50),
            low_price VARCHAR(50),
            high_price VARCHAR(50),
            closing_price VARCHAR(50),
            ycp VARCHAR(50),
            change VARCHAR(10),
            trade VARCHAR(50),
            value VARCHAR(50),
            volume VARCHAR(50),
            PRIMARY KEY(company_id, id),
            FOREIGN KEY(company_id)
                REFERENCES company_list(company_id)
                ON UPDATE CASCADE ON DELETE CASCADE
        );
    , parameters: None
[2024-09-27T18:59:04.842+0000] {python.py:240} INFO - Done. Returned value was: None
[2024-09-27T18:59:04.857+0000] {taskinstance.py:340} INFO - ::group::Post task execution logs
[2024-09-27T18:59:04.858+0000] {taskinstance.py:352} INFO - Marking task as SUCCESS. dag_id=scrape_and_save_share_prices_with_company_data, task_id=create_share_prices_table, run_id=scheduled__2024-03-11T00:00:00+00:00, execution_date=20240311T000000, start_date=20240927T185904, end_date=20240927T185904
[2024-09-27T18:59:04.874+0000] {logging_mixin.py:190} INFO - Task instance in success state
[2024-09-27T18:59:04.874+0000] {logging_mixin.py:190} INFO -  Previous state of the Task instance: running
[2024-09-27T18:59:04.875+0000] {logging_mixin.py:190} INFO - Dag name:scrape_and_save_share_prices_with_company_data queued_at:2024-09-27 18:58:48.389114+00:00
[2024-09-27T18:59:04.876+0000] {logging_mixin.py:190} INFO - Task hostname:13b5797a93ab operator:PythonOperator
[2024-09-27T18:59:04.889+0000] {local_task_job_runner.py:266} INFO - Task exited with return code 0
[2024-09-27T18:59:04.903+0000] {local_task_job_runner.py:245} INFO - ::endgroup::
[2024-09-27T23:10:25.471+0000] {local_task_job_runner.py:123} INFO - ::group::Pre task execution logs
[2024-09-27T23:10:25.524+0000] {taskinstance.py:2612} INFO - Dependencies all met for dep_context=non-requeueable deps ti=<TaskInstance: scrape_and_save_share_prices_with_company_data.create_share_prices_table scheduled__2024-03-11T00:00:00+00:00 [queued]>
[2024-09-27T23:10:25.564+0000] {taskinstance.py:2612} INFO - Dependencies all met for dep_context=requeueable deps ti=<TaskInstance: scrape_and_save_share_prices_with_company_data.create_share_prices_table scheduled__2024-03-11T00:00:00+00:00 [queued]>
[2024-09-27T23:10:25.566+0000] {taskinstance.py:2865} INFO - Starting attempt 1 of 2
[2024-09-27T23:10:25.631+0000] {taskinstance.py:2888} INFO - Executing <Task(PythonOperator): create_share_prices_table> on 2024-03-11 00:00:00+00:00
[2024-09-27T23:10:25.649+0000] {warnings.py:112} WARNING - /home/***/.local/lib/python3.12/site-packages/***/task/task_runner/standard_task_runner.py:70: DeprecationWarning: This process (pid=3243) is multi-threaded, use of fork() may lead to deadlocks in the child.
  pid = os.fork()

[2024-09-27T23:10:25.652+0000] {standard_task_runner.py:72} INFO - Started process 3263 to run task
[2024-09-27T23:10:25.651+0000] {standard_task_runner.py:104} INFO - Running: ['***', 'tasks', 'run', 'scrape_and_save_share_prices_with_company_data', 'create_share_prices_table', 'scheduled__2024-03-11T00:00:00+00:00', '--job-id', '3278', '--raw', '--subdir', 'DAGS_FOLDER/dag.py', '--cfg-path', '/tmp/tmpn3cywpen']
[2024-09-27T23:10:25.656+0000] {standard_task_runner.py:105} INFO - Job 3278: Subtask create_share_prices_table
[2024-09-27T23:10:25.892+0000] {task_command.py:467} INFO - Running <TaskInstance: scrape_and_save_share_prices_with_company_data.create_share_prices_table scheduled__2024-03-11T00:00:00+00:00 [running]> on host 7746de5121f6
[2024-09-27T23:10:26.151+0000] {taskinstance.py:3131} INFO - Exporting env vars: AIRFLOW_CTX_DAG_OWNER='***' AIRFLOW_CTX_DAG_ID='scrape_and_save_share_prices_with_company_data' AIRFLOW_CTX_TASK_ID='create_share_prices_table' AIRFLOW_CTX_EXECUTION_DATE='2024-03-11T00:00:00+00:00' AIRFLOW_CTX_TRY_NUMBER='1' AIRFLOW_CTX_DAG_RUN_ID='scheduled__2024-03-11T00:00:00+00:00'
[2024-09-27T23:10:26.154+0000] {logging_mixin.py:190} INFO - Task instance is in running state
[2024-09-27T23:10:26.159+0000] {logging_mixin.py:190} INFO -  Previous state of the Task instance: queued
[2024-09-27T23:10:26.160+0000] {logging_mixin.py:190} INFO - Current task name:create_share_prices_table state:running start_date:2024-09-27 23:10:25.526038+00:00
[2024-09-27T23:10:26.163+0000] {logging_mixin.py:190} INFO - Dag name:scrape_and_save_share_prices_with_company_data and current dag run status:running
[2024-09-27T23:10:26.164+0000] {taskinstance.py:731} INFO - ::endgroup::
[2024-09-27T23:10:26.186+0000] {base.py:84} INFO - Retrieving connection 'dse_connection'
[2024-09-27T23:10:26.200+0000] {sql.py:509} INFO - Running statement: 
        CREATE TABLE IF NOT EXISTS company_share_prices (
            id SERIAL,
            company_id INTEGER NOT NULL,
            date DATE,
            latest_trading_price VARCHAR(50),
            low_price VARCHAR(50),
            high_price VARCHAR(50),
            closing_price VARCHAR(50),
            ycp VARCHAR(50),
            change VARCHAR(10),
            trade VARCHAR(50),
            value VARCHAR(50),
            volume VARCHAR(50),
            PRIMARY KEY(company_id, id),
            FOREIGN KEY(company_id)
                REFERENCES company_list(company_id)
                ON UPDATE CASCADE ON DELETE CASCADE
        );
    , parameters: None
[2024-09-27T23:10:26.218+0000] {python.py:240} INFO - Done. Returned value was: None
[2024-09-27T23:10:26.267+0000] {taskinstance.py:340} INFO - ::group::Post task execution logs
[2024-09-27T23:10:26.268+0000] {taskinstance.py:352} INFO - Marking task as SUCCESS. dag_id=scrape_and_save_share_prices_with_company_data, task_id=create_share_prices_table, run_id=scheduled__2024-03-11T00:00:00+00:00, execution_date=20240311T000000, start_date=20240927T231025, end_date=20240927T231026
[2024-09-27T23:10:26.333+0000] {logging_mixin.py:190} INFO - Task instance in success state
[2024-09-27T23:10:26.334+0000] {logging_mixin.py:190} INFO -  Previous state of the Task instance: running
[2024-09-27T23:10:26.335+0000] {logging_mixin.py:190} INFO - Dag name:scrape_and_save_share_prices_with_company_data queued_at:2024-09-27 23:09:20.851342+00:00
[2024-09-27T23:10:26.336+0000] {logging_mixin.py:190} INFO - Task hostname:7746de5121f6 operator:PythonOperator
[2024-09-27T23:10:26.390+0000] {local_task_job_runner.py:266} INFO - Task exited with return code 0
[2024-09-27T23:10:26.446+0000] {taskinstance.py:3900} INFO - 1 downstream tasks scheduled from follow-on schedule check
[2024-09-27T23:10:26.450+0000] {local_task_job_runner.py:245} INFO - ::endgroup::
