[2024-09-29T13:37:42.469+0000] {local_task_job_runner.py:123} INFO - ::group::Pre task execution logs
[2024-09-29T13:37:42.508+0000] {taskinstance.py:2612} INFO - Dependencies all met for dep_context=non-requeueable deps ti=<TaskInstance: scrape_and_save_share_prices_with_company_data.create_share_prices_table manual__2024-09-29T13:37:22.150476+00:00 [queued]>
[2024-09-29T13:37:42.528+0000] {taskinstance.py:2612} INFO - Dependencies all met for dep_context=requeueable deps ti=<TaskInstance: scrape_and_save_share_prices_with_company_data.create_share_prices_table manual__2024-09-29T13:37:22.150476+00:00 [queued]>
[2024-09-29T13:37:42.536+0000] {taskinstance.py:2865} INFO - Starting attempt 1 of 2
[2024-09-29T13:37:42.572+0000] {taskinstance.py:2888} INFO - Executing <Task(PythonOperator): create_share_prices_table> on 2024-09-29 13:37:22.150476+00:00
[2024-09-29T13:37:42.586+0000] {warnings.py:112} WARNING - /home/***/.local/lib/python3.12/site-packages/***/task/task_runner/standard_task_runner.py:70: DeprecationWarning: This process (pid=15208) is multi-threaded, use of fork() may lead to deadlocks in the child.
  pid = os.fork()

[2024-09-29T13:37:42.593+0000] {standard_task_runner.py:72} INFO - Started process 15210 to run task
[2024-09-29T13:37:42.595+0000] {standard_task_runner.py:104} INFO - Running: ['***', 'tasks', 'run', 'scrape_and_save_share_prices_with_company_data', 'create_share_prices_table', 'manual__2024-09-29T13:37:22.150476+00:00', '--job-id', '4141', '--raw', '--subdir', 'DAGS_FOLDER/dag.py', '--cfg-path', '/tmp/tmp3cob3uxx']
[2024-09-29T13:37:42.606+0000] {standard_task_runner.py:105} INFO - Job 4141: Subtask create_share_prices_table
[2024-09-29T13:37:42.717+0000] {task_command.py:467} INFO - Running <TaskInstance: scrape_and_save_share_prices_with_company_data.create_share_prices_table manual__2024-09-29T13:37:22.150476+00:00 [running]> on host 7746de5121f6
[2024-09-29T13:37:42.876+0000] {taskinstance.py:3131} INFO - Exporting env vars: AIRFLOW_CTX_DAG_OWNER='***' AIRFLOW_CTX_DAG_ID='scrape_and_save_share_prices_with_company_data' AIRFLOW_CTX_TASK_ID='create_share_prices_table' AIRFLOW_CTX_EXECUTION_DATE='2024-09-29T13:37:22.150476+00:00' AIRFLOW_CTX_TRY_NUMBER='1' AIRFLOW_CTX_DAG_RUN_ID='manual__2024-09-29T13:37:22.150476+00:00'
[2024-09-29T13:37:42.878+0000] {logging_mixin.py:190} INFO - Task instance is in running state
[2024-09-29T13:37:42.878+0000] {logging_mixin.py:190} INFO -  Previous state of the Task instance: queued
[2024-09-29T13:37:42.879+0000] {logging_mixin.py:190} INFO - Current task name:create_share_prices_table state:running start_date:2024-09-29 13:37:42.509233+00:00
[2024-09-29T13:37:42.880+0000] {logging_mixin.py:190} INFO - Dag name:scrape_and_save_share_prices_with_company_data and current dag run status:running
[2024-09-29T13:37:42.882+0000] {taskinstance.py:731} INFO - ::endgroup::
[2024-09-29T13:37:42.895+0000] {base.py:84} INFO - Retrieving connection 'dse_connection'
[2024-09-29T13:37:42.902+0000] {sql.py:509} INFO - Running statement: 
        CREATE TABLE IF NOT EXISTS company_share_prices (
            id SERIAL,
            company_id INTEGER NOT NULL,
            date DATE,
            latest_trading_price VARCHAR(50),
            low_price VARCHAR(50),
            high_price VARCHAR(50),
            closing_price VARCHAR(50),
            ycp VARCHAR(50),
            change VARCHAR(10),
            trade VARCHAR(50),
            value VARCHAR(50),
            volume VARCHAR(50),
            PRIMARY KEY(company_id, id),
            FOREIGN KEY(company_id)
                REFERENCES company_list(company_id)
                ON UPDATE CASCADE ON DELETE CASCADE
        );
    , parameters: None
[2024-09-29T13:37:42.904+0000] {python.py:240} INFO - Done. Returned value was: None
[2024-09-29T13:37:42.919+0000] {taskinstance.py:340} INFO - ::group::Post task execution logs
[2024-09-29T13:37:42.920+0000] {taskinstance.py:352} INFO - Marking task as SUCCESS. dag_id=scrape_and_save_share_prices_with_company_data, task_id=create_share_prices_table, run_id=manual__2024-09-29T13:37:22.150476+00:00, execution_date=20240929T133722, start_date=20240929T133742, end_date=20240929T133742
[2024-09-29T13:37:42.933+0000] {logging_mixin.py:190} INFO - Task instance in success state
[2024-09-29T13:37:42.934+0000] {logging_mixin.py:190} INFO -  Previous state of the Task instance: running
[2024-09-29T13:37:42.935+0000] {logging_mixin.py:190} INFO - Dag name:scrape_and_save_share_prices_with_company_data queued_at:2024-09-29 13:37:22.188851+00:00
[2024-09-29T13:37:42.936+0000] {logging_mixin.py:190} INFO - Task hostname:7746de5121f6 operator:PythonOperator
[2024-09-29T13:37:42.985+0000] {local_task_job_runner.py:266} INFO - Task exited with return code 0
[2024-09-29T13:37:43.015+0000] {taskinstance.py:3900} INFO - 1 downstream tasks scheduled from follow-on schedule check
[2024-09-29T13:37:43.020+0000] {local_task_job_runner.py:245} INFO - ::endgroup::
