[2024-09-27T22:01:26.786+0000] {local_task_job_runner.py:123} INFO - ::group::Pre task execution logs
[2024-09-27T22:01:26.839+0000] {taskinstance.py:2612} INFO - Dependencies all met for dep_context=non-requeueable deps ti=<TaskInstance: scrape_and_save_share_prices_with_company_data.create_share_prices_table scheduled__2023-10-02T00:00:00+00:00 [queued]>
[2024-09-27T22:01:26.865+0000] {taskinstance.py:2612} INFO - Dependencies all met for dep_context=requeueable deps ti=<TaskInstance: scrape_and_save_share_prices_with_company_data.create_share_prices_table scheduled__2023-10-02T00:00:00+00:00 [queued]>
[2024-09-27T22:01:28.760+0000] {taskinstance.py:2865} INFO - Starting attempt 2 of 2
[2024-09-27T22:01:31.945+0000] {taskinstance.py:2888} INFO - Executing <Task(PythonOperator): create_share_prices_table> on 2023-10-02 00:00:00+00:00
[2024-09-27T22:01:31.980+0000] {warnings.py:112} WARNING - /home/***/.local/lib/python3.12/site-packages/***/task/task_runner/standard_task_runner.py:70: DeprecationWarning: This process (pid=827) is multi-threaded, use of fork() may lead to deadlocks in the child.
  pid = os.fork()

[2024-09-27T22:01:32.231+0000] {standard_task_runner.py:72} INFO - Started process 868 to run task
[2024-09-27T22:01:32.302+0000] {standard_task_runner.py:104} INFO - Running: ['***', 'tasks', 'run', 'scrape_and_save_share_prices_with_company_data', 'create_share_prices_table', 'scheduled__2023-10-02T00:00:00+00:00', '--job-id', '2214', '--raw', '--subdir', 'DAGS_FOLDER/dag.py', '--cfg-path', '/tmp/tmp_93ej9vc']
[2024-09-27T22:01:32.306+0000] {standard_task_runner.py:105} INFO - Job 2214: Subtask create_share_prices_table
[2024-09-27T22:01:39.445+0000] {task_command.py:467} INFO - Running <TaskInstance: scrape_and_save_share_prices_with_company_data.create_share_prices_table scheduled__2023-10-02T00:00:00+00:00 [running]> on host fd62fe12432d
[2024-09-27T22:01:44.683+0000] {job.py:229} INFO - Heartbeat recovered after 22.10 seconds
[2024-09-27T22:01:45.302+0000] {taskinstance.py:3131} INFO - Exporting env vars: AIRFLOW_CTX_DAG_OWNER='***' AIRFLOW_CTX_DAG_ID='scrape_and_save_share_prices_with_company_data' AIRFLOW_CTX_TASK_ID='create_share_prices_table' AIRFLOW_CTX_EXECUTION_DATE='2023-10-02T00:00:00+00:00' AIRFLOW_CTX_TRY_NUMBER='2' AIRFLOW_CTX_DAG_RUN_ID='scheduled__2023-10-02T00:00:00+00:00'
[2024-09-27T22:01:45.309+0000] {logging_mixin.py:190} INFO - Task instance is in running state
[2024-09-27T22:01:45.319+0000] {logging_mixin.py:190} INFO -  Previous state of the Task instance: queued
[2024-09-27T22:01:45.322+0000] {logging_mixin.py:190} INFO - Current task name:create_share_prices_table state:running start_date:2024-09-27 22:01:26.841232+00:00
[2024-09-27T22:01:45.324+0000] {logging_mixin.py:190} INFO - Dag name:scrape_and_save_share_prices_with_company_data and current dag run status:running
[2024-09-27T22:01:45.330+0000] {taskinstance.py:731} INFO - ::endgroup::
[2024-09-27T22:01:45.349+0000] {base.py:84} INFO - Retrieving connection 'dse_connection'
[2024-09-27T22:01:45.381+0000] {sql.py:509} INFO - Running statement: 
        CREATE TABLE IF NOT EXISTS company_share_prices (
            id SERIAL,
            company_id INTEGER NOT NULL,
            date DATE,
            latest_trading_price VARCHAR(50),
            low_price VARCHAR(50),
            high_price VARCHAR(50),
            closing_price VARCHAR(50),
            ycp VARCHAR(50),
            change VARCHAR(10),
            trade VARCHAR(50),
            value VARCHAR(50),
            volume VARCHAR(50),
            PRIMARY KEY(company_id, id),
            FOREIGN KEY(company_id)
                REFERENCES company_list(company_id)
                ON UPDATE CASCADE ON DELETE CASCADE
        );
    , parameters: None
[2024-09-27T22:01:45.394+0000] {python.py:240} INFO - Done. Returned value was: None
[2024-09-27T22:01:45.448+0000] {taskinstance.py:340} INFO - ::group::Post task execution logs
[2024-09-27T22:01:45.458+0000] {taskinstance.py:352} INFO - Marking task as SUCCESS. dag_id=scrape_and_save_share_prices_with_company_data, task_id=create_share_prices_table, run_id=scheduled__2023-10-02T00:00:00+00:00, execution_date=20231002T000000, start_date=20240927T220126, end_date=20240927T220145
[2024-09-27T22:01:45.490+0000] {logging_mixin.py:190} INFO - Task instance in success state
[2024-09-27T22:01:45.491+0000] {logging_mixin.py:190} INFO -  Previous state of the Task instance: running
[2024-09-27T22:01:45.493+0000] {logging_mixin.py:190} INFO - Dag name:scrape_and_save_share_prices_with_company_data queued_at:2024-09-27 21:51:01.067268+00:00
[2024-09-27T22:01:45.500+0000] {logging_mixin.py:190} INFO - Task hostname:fd62fe12432d operator:PythonOperator
[2024-09-27T22:01:45.579+0000] {local_task_job_runner.py:266} INFO - Task exited with return code 0
[2024-09-27T22:01:45.694+0000] {taskinstance.py:3900} INFO - 1 downstream tasks scheduled from follow-on schedule check
[2024-09-27T22:01:45.705+0000] {local_task_job_runner.py:245} INFO - ::endgroup::
