[2024-09-27T18:20:17.880+0000] {local_task_job_runner.py:123} INFO - ::group::Pre task execution logs
[2024-09-27T18:20:17.946+0000] {taskinstance.py:2612} INFO - Dependencies all met for dep_context=non-requeueable deps ti=<TaskInstance: scrape_and_save_share_prices_with_company_data.create_company_table scheduled__2023-11-19T00:00:00+00:00 [queued]>
[2024-09-27T18:20:17.974+0000] {taskinstance.py:2612} INFO - Dependencies all met for dep_context=requeueable deps ti=<TaskInstance: scrape_and_save_share_prices_with_company_data.create_company_table scheduled__2023-11-19T00:00:00+00:00 [queued]>
[2024-09-27T18:20:18.032+0000] {taskinstance.py:2865} INFO - Starting attempt 1 of 2
[2024-09-27T18:20:18.154+0000] {taskinstance.py:2888} INFO - Executing <Task(PythonOperator): create_company_table> on 2023-11-19 00:00:00+00:00
[2024-09-27T18:20:18.194+0000] {standard_task_runner.py:104} INFO - Running: ['***', 'tasks', 'run', 'scrape_and_save_share_prices_with_company_data', 'create_company_table', 'scheduled__2023-11-19T00:00:00+00:00', '--job-id', '1300', '--raw', '--subdir', 'DAGS_FOLDER/dag.py', '--cfg-path', '/tmp/tmph5yw3746']
[2024-09-27T18:20:18.205+0000] {standard_task_runner.py:105} INFO - Job 1300: Subtask create_company_table
[2024-09-27T18:20:18.185+0000] {warnings.py:112} WARNING - /home/***/.local/lib/python3.12/site-packages/***/task/task_runner/standard_task_runner.py:70: DeprecationWarning: This process (pid=12681) is multi-threaded, use of fork() may lead to deadlocks in the child.
  pid = os.fork()

[2024-09-27T18:20:18.212+0000] {standard_task_runner.py:72} INFO - Started process 12704 to run task
[2024-09-27T18:20:18.390+0000] {task_command.py:467} INFO - Running <TaskInstance: scrape_and_save_share_prices_with_company_data.create_company_table scheduled__2023-11-19T00:00:00+00:00 [running]> on host 13b5797a93ab
[2024-09-27T18:20:18.849+0000] {taskinstance.py:3131} INFO - Exporting env vars: AIRFLOW_CTX_DAG_OWNER='***' AIRFLOW_CTX_DAG_ID='scrape_and_save_share_prices_with_company_data' AIRFLOW_CTX_TASK_ID='create_company_table' AIRFLOW_CTX_EXECUTION_DATE='2023-11-19T00:00:00+00:00' AIRFLOW_CTX_TRY_NUMBER='1' AIRFLOW_CTX_DAG_RUN_ID='scheduled__2023-11-19T00:00:00+00:00'
[2024-09-27T18:20:18.861+0000] {logging_mixin.py:190} INFO - Task instance is in running state
[2024-09-27T18:20:18.862+0000] {logging_mixin.py:190} INFO -  Previous state of the Task instance: queued
[2024-09-27T18:20:18.863+0000] {logging_mixin.py:190} INFO - Current task name:create_company_table state:running start_date:2024-09-27 18:20:17.947612+00:00
[2024-09-27T18:20:18.864+0000] {logging_mixin.py:190} INFO - Dag name:scrape_and_save_share_prices_with_company_data and current dag run status:running
[2024-09-27T18:20:18.866+0000] {taskinstance.py:731} INFO - ::endgroup::
[2024-09-27T18:20:18.927+0000] {base.py:84} INFO - Retrieving connection 'dse_connection'
[2024-09-27T18:20:18.960+0000] {sql.py:509} INFO - Running statement: 
        CREATE TABLE IF NOT EXISTS company_list (
            company_id SERIAL PRIMARY KEY,
            company_trade_name VARCHAR(255) NOT NULL,
            company_url VARCHAR(255) NOT NULL,
            UNIQUE(company_trade_name)
        );
    , parameters: None
[2024-09-27T18:20:18.964+0000] {python.py:240} INFO - Done. Returned value was: None
[2024-09-27T18:20:19.026+0000] {taskinstance.py:340} INFO - ::group::Post task execution logs
[2024-09-27T18:20:19.033+0000] {taskinstance.py:352} INFO - Marking task as SUCCESS. dag_id=scrape_and_save_share_prices_with_company_data, task_id=create_company_table, run_id=scheduled__2023-11-19T00:00:00+00:00, execution_date=20231119T000000, start_date=20240927T182017, end_date=20240927T182019
[2024-09-27T18:20:19.099+0000] {logging_mixin.py:190} INFO - Task instance in success state
[2024-09-27T18:20:19.108+0000] {logging_mixin.py:190} INFO -  Previous state of the Task instance: running
[2024-09-27T18:20:19.110+0000] {logging_mixin.py:190} INFO - Dag name:scrape_and_save_share_prices_with_company_data queued_at:2024-09-27 18:20:06.794691+00:00
[2024-09-27T18:20:19.112+0000] {logging_mixin.py:190} INFO - Task hostname:13b5797a93ab operator:PythonOperator
[2024-09-27T18:20:19.190+0000] {local_task_job_runner.py:266} INFO - Task exited with return code 0
[2024-09-27T18:20:19.270+0000] {taskinstance.py:3900} INFO - 1 downstream tasks scheduled from follow-on schedule check
[2024-09-27T18:20:19.280+0000] {local_task_job_runner.py:245} INFO - ::endgroup::
[2024-09-27T22:09:09.778+0000] {local_task_job_runner.py:123} INFO - ::group::Pre task execution logs
[2024-09-27T22:09:09.894+0000] {taskinstance.py:2612} INFO - Dependencies all met for dep_context=non-requeueable deps ti=<TaskInstance: scrape_and_save_share_prices_with_company_data.create_company_table scheduled__2023-11-19T00:00:00+00:00 [queued]>
[2024-09-27T22:09:09.911+0000] {taskinstance.py:2612} INFO - Dependencies all met for dep_context=requeueable deps ti=<TaskInstance: scrape_and_save_share_prices_with_company_data.create_company_table scheduled__2023-11-19T00:00:00+00:00 [queued]>
[2024-09-27T22:09:09.912+0000] {taskinstance.py:2865} INFO - Starting attempt 1 of 2
[2024-09-27T22:09:09.953+0000] {taskinstance.py:2888} INFO - Executing <Task(PythonOperator): create_company_table> on 2023-11-19 00:00:00+00:00
[2024-09-27T22:09:09.976+0000] {warnings.py:112} WARNING - /home/***/.local/lib/python3.12/site-packages/***/task/task_runner/standard_task_runner.py:70: DeprecationWarning: This process (pid=1459) is multi-threaded, use of fork() may lead to deadlocks in the child.
  pid = os.fork()

[2024-09-27T22:09:09.985+0000] {standard_task_runner.py:72} INFO - Started process 1471 to run task
[2024-09-27T22:09:10.026+0000] {standard_task_runner.py:104} INFO - Running: ['***', 'tasks', 'run', 'scrape_and_save_share_prices_with_company_data', 'create_company_table', 'scheduled__2023-11-19T00:00:00+00:00', '--job-id', '2352', '--raw', '--subdir', 'DAGS_FOLDER/dag.py', '--cfg-path', '/tmp/tmpb4bl0yib']
[2024-09-27T22:09:10.029+0000] {standard_task_runner.py:105} INFO - Job 2352: Subtask create_company_table
[2024-09-27T22:09:10.264+0000] {task_command.py:467} INFO - Running <TaskInstance: scrape_and_save_share_prices_with_company_data.create_company_table scheduled__2023-11-19T00:00:00+00:00 [running]> on host fd62fe12432d
[2024-09-27T22:09:10.665+0000] {taskinstance.py:3131} INFO - Exporting env vars: AIRFLOW_CTX_DAG_OWNER='***' AIRFLOW_CTX_DAG_ID='scrape_and_save_share_prices_with_company_data' AIRFLOW_CTX_TASK_ID='create_company_table' AIRFLOW_CTX_EXECUTION_DATE='2023-11-19T00:00:00+00:00' AIRFLOW_CTX_TRY_NUMBER='1' AIRFLOW_CTX_DAG_RUN_ID='scheduled__2023-11-19T00:00:00+00:00'
[2024-09-27T22:09:10.672+0000] {logging_mixin.py:190} INFO - Task instance is in running state
[2024-09-27T22:09:10.674+0000] {logging_mixin.py:190} INFO -  Previous state of the Task instance: queued
[2024-09-27T22:09:10.677+0000] {logging_mixin.py:190} INFO - Current task name:create_company_table state:running start_date:2024-09-27 22:09:09.895164+00:00
[2024-09-27T22:09:10.683+0000] {logging_mixin.py:190} INFO - Dag name:scrape_and_save_share_prices_with_company_data and current dag run status:running
[2024-09-27T22:09:10.685+0000] {taskinstance.py:731} INFO - ::endgroup::
[2024-09-27T22:09:10.736+0000] {base.py:84} INFO - Retrieving connection 'dse_connection'
[2024-09-27T22:09:10.753+0000] {sql.py:509} INFO - Running statement: 
        CREATE TABLE IF NOT EXISTS company_list (
            company_id SERIAL PRIMARY KEY,
            company_trade_name VARCHAR(255) NOT NULL,
            company_url VARCHAR(255) NOT NULL,
            UNIQUE(company_trade_name)
        );
    , parameters: None
[2024-09-27T22:09:10.755+0000] {python.py:240} INFO - Done. Returned value was: None
[2024-09-27T22:09:10.812+0000] {taskinstance.py:340} INFO - ::group::Post task execution logs
[2024-09-27T22:09:10.816+0000] {taskinstance.py:352} INFO - Marking task as SUCCESS. dag_id=scrape_and_save_share_prices_with_company_data, task_id=create_company_table, run_id=scheduled__2023-11-19T00:00:00+00:00, execution_date=20231119T000000, start_date=20240927T220909, end_date=20240927T220910
[2024-09-27T22:09:11.205+0000] {logging_mixin.py:190} INFO - Task instance in success state
[2024-09-27T22:09:11.208+0000] {logging_mixin.py:190} INFO -  Previous state of the Task instance: running
[2024-09-27T22:09:11.209+0000] {logging_mixin.py:190} INFO - Dag name:scrape_and_save_share_prices_with_company_data queued_at:2024-09-27 22:08:58.584213+00:00
[2024-09-27T22:09:11.212+0000] {logging_mixin.py:190} INFO - Task hostname:fd62fe12432d operator:PythonOperator
[2024-09-27T22:09:11.280+0000] {local_task_job_runner.py:266} INFO - Task exited with return code 0
[2024-09-27T22:09:11.386+0000] {taskinstance.py:3900} INFO - 1 downstream tasks scheduled from follow-on schedule check
[2024-09-27T22:09:11.396+0000] {local_task_job_runner.py:245} INFO - ::endgroup::
[2024-09-27T22:48:22.893+0000] {local_task_job_runner.py:123} INFO - ::group::Pre task execution logs
[2024-09-27T22:48:23.015+0000] {taskinstance.py:2612} INFO - Dependencies all met for dep_context=non-requeueable deps ti=<TaskInstance: scrape_and_save_share_prices_with_company_data.create_company_table scheduled__2023-11-19T00:00:00+00:00 [queued]>
[2024-09-27T22:48:23.075+0000] {taskinstance.py:2612} INFO - Dependencies all met for dep_context=requeueable deps ti=<TaskInstance: scrape_and_save_share_prices_with_company_data.create_company_table scheduled__2023-11-19T00:00:00+00:00 [queued]>
[2024-09-27T22:48:23.076+0000] {taskinstance.py:2865} INFO - Starting attempt 1 of 2
[2024-09-27T22:48:23.235+0000] {taskinstance.py:2888} INFO - Executing <Task(PythonOperator): create_company_table> on 2023-11-19 00:00:00+00:00
[2024-09-27T22:48:23.272+0000] {standard_task_runner.py:104} INFO - Running: ['***', 'tasks', 'run', 'scrape_and_save_share_prices_with_company_data', 'create_company_table', 'scheduled__2023-11-19T00:00:00+00:00', '--job-id', '2804', '--raw', '--subdir', 'DAGS_FOLDER/dag.py', '--cfg-path', '/tmp/tmpii69kgc1']
[2024-09-27T22:48:23.281+0000] {warnings.py:112} WARNING - /home/***/.local/lib/python3.12/site-packages/***/task/task_runner/standard_task_runner.py:70: DeprecationWarning: This process (pid=1134) is multi-threaded, use of fork() may lead to deadlocks in the child.
  pid = os.fork()

[2024-09-27T22:48:23.300+0000] {standard_task_runner.py:72} INFO - Started process 1164 to run task
[2024-09-27T22:48:23.300+0000] {standard_task_runner.py:105} INFO - Job 2804: Subtask create_company_table
[2024-09-27T22:48:23.622+0000] {task_command.py:467} INFO - Running <TaskInstance: scrape_and_save_share_prices_with_company_data.create_company_table scheduled__2023-11-19T00:00:00+00:00 [running]> on host 7746de5121f6
[2024-09-27T22:48:24.219+0000] {taskinstance.py:3131} INFO - Exporting env vars: AIRFLOW_CTX_DAG_OWNER='***' AIRFLOW_CTX_DAG_ID='scrape_and_save_share_prices_with_company_data' AIRFLOW_CTX_TASK_ID='create_company_table' AIRFLOW_CTX_EXECUTION_DATE='2023-11-19T00:00:00+00:00' AIRFLOW_CTX_TRY_NUMBER='1' AIRFLOW_CTX_DAG_RUN_ID='scheduled__2023-11-19T00:00:00+00:00'
[2024-09-27T22:48:24.222+0000] {logging_mixin.py:190} INFO - Task instance is in running state
[2024-09-27T22:48:24.226+0000] {logging_mixin.py:190} INFO -  Previous state of the Task instance: queued
[2024-09-27T22:48:24.240+0000] {logging_mixin.py:190} INFO - Current task name:create_company_table state:running start_date:2024-09-27 22:48:23.016642+00:00
[2024-09-27T22:48:24.250+0000] {logging_mixin.py:190} INFO - Dag name:scrape_and_save_share_prices_with_company_data and current dag run status:running
[2024-09-27T22:48:24.254+0000] {taskinstance.py:731} INFO - ::endgroup::
[2024-09-27T22:48:24.313+0000] {base.py:84} INFO - Retrieving connection 'dse_connection'
[2024-09-27T22:48:24.337+0000] {sql.py:509} INFO - Running statement: 
        CREATE TABLE IF NOT EXISTS company_list (
            company_id SERIAL PRIMARY KEY,
            company_trade_name VARCHAR(255) NOT NULL,
            company_url VARCHAR(255) NOT NULL,
            UNIQUE(company_trade_name)
        );
    , parameters: None
[2024-09-27T22:48:24.339+0000] {python.py:240} INFO - Done. Returned value was: None
[2024-09-27T22:48:24.374+0000] {taskinstance.py:340} INFO - ::group::Post task execution logs
[2024-09-27T22:48:24.390+0000] {taskinstance.py:352} INFO - Marking task as SUCCESS. dag_id=scrape_and_save_share_prices_with_company_data, task_id=create_company_table, run_id=scheduled__2023-11-19T00:00:00+00:00, execution_date=20231119T000000, start_date=20240927T224823, end_date=20240927T224824
[2024-09-27T22:48:24.423+0000] {logging_mixin.py:190} INFO - Task instance in success state
[2024-09-27T22:48:24.424+0000] {logging_mixin.py:190} INFO -  Previous state of the Task instance: running
[2024-09-27T22:48:24.425+0000] {logging_mixin.py:190} INFO - Dag name:scrape_and_save_share_prices_with_company_data queued_at:2024-09-27 22:48:12.927685+00:00
[2024-09-27T22:48:24.426+0000] {logging_mixin.py:190} INFO - Task hostname:7746de5121f6 operator:PythonOperator
[2024-09-27T22:48:24.509+0000] {local_task_job_runner.py:266} INFO - Task exited with return code 0
[2024-09-27T22:48:24.557+0000] {local_task_job_runner.py:245} INFO - ::endgroup::
