[2024-10-10T17:40:36.738+0000] {local_task_job_runner.py:123} INFO - ::group::Pre task execution logs
[2024-10-10T17:40:36.916+0000] {taskinstance.py:2612} INFO - Dependencies all met for dep_context=non-requeueable deps ti=<TaskInstance: scrape_and_save_share_prices_with_company_data.create_company_basic_table scheduled__2024-10-05T00:00:00+00:00 [queued]>
[2024-10-10T17:40:37.017+0000] {taskinstance.py:2612} INFO - Dependencies all met for dep_context=requeueable deps ti=<TaskInstance: scrape_and_save_share_prices_with_company_data.create_company_basic_table scheduled__2024-10-05T00:00:00+00:00 [queued]>
[2024-10-10T17:40:37.024+0000] {taskinstance.py:2865} INFO - Starting attempt 1 of 2
[2024-10-10T17:40:37.323+0000] {taskinstance.py:2888} INFO - Executing <Task(PythonOperator): create_company_basic_table> on 2024-10-05 00:00:00+00:00
[2024-10-10T17:40:37.345+0000] {warnings.py:112} WARNING - /home/***/.local/lib/python3.12/site-packages/***/task/task_runner/standard_task_runner.py:70: DeprecationWarning: This process (pid=1366) is multi-threaded, use of fork() may lead to deadlocks in the child.
  pid = os.fork()

[2024-10-10T17:40:37.363+0000] {standard_task_runner.py:72} INFO - Started process 1423 to run task
[2024-10-10T17:40:37.380+0000] {standard_task_runner.py:104} INFO - Running: ['***', 'tasks', 'run', 'scrape_and_save_share_prices_with_company_data', 'create_company_basic_table', 'scheduled__2024-10-05T00:00:00+00:00', '--job-id', '4300', '--raw', '--subdir', 'DAGS_FOLDER/dag.py', '--cfg-path', '/tmp/tmp52al_mio']
[2024-10-10T17:40:37.418+0000] {standard_task_runner.py:105} INFO - Job 4300: Subtask create_company_basic_table
[2024-10-10T17:40:37.685+0000] {task_command.py:467} INFO - Running <TaskInstance: scrape_and_save_share_prices_with_company_data.create_company_basic_table scheduled__2024-10-05T00:00:00+00:00 [running]> on host 7746de5121f6
[2024-10-10T17:40:38.752+0000] {taskinstance.py:3131} INFO - Exporting env vars: AIRFLOW_CTX_DAG_OWNER='***' AIRFLOW_CTX_DAG_ID='scrape_and_save_share_prices_with_company_data' AIRFLOW_CTX_TASK_ID='create_company_basic_table' AIRFLOW_CTX_EXECUTION_DATE='2024-10-05T00:00:00+00:00' AIRFLOW_CTX_TRY_NUMBER='1' AIRFLOW_CTX_DAG_RUN_ID='scheduled__2024-10-05T00:00:00+00:00'
[2024-10-10T17:40:38.768+0000] {logging_mixin.py:190} INFO - Task instance is in running state
[2024-10-10T17:40:38.799+0000] {logging_mixin.py:190} INFO -  Previous state of the Task instance: queued
[2024-10-10T17:40:38.821+0000] {logging_mixin.py:190} INFO - Current task name:create_company_basic_table state:running start_date:2024-10-10 17:40:36.921178+00:00
[2024-10-10T17:40:38.830+0000] {logging_mixin.py:190} INFO - Dag name:scrape_and_save_share_prices_with_company_data and current dag run status:running
[2024-10-10T17:40:38.885+0000] {taskinstance.py:731} INFO - ::endgroup::
[2024-10-10T17:40:39.130+0000] {base.py:84} INFO - Retrieving connection 'dse_connection'
[2024-10-10T17:40:39.232+0000] {sql.py:509} INFO - Running statement: 
        CREATE TABLE IF NOT EXISTS company_basic_info (
            id SERIAL,
            company_id INTEGER NOT NULL,
            date DATE,
            authorized_capital VARCHAR(50),
            paid_up_capital VARCHAR(50),
            type_of_instrument VARCHAR(50),
            face_per_value VARCHAR(10),
            market_lot VARCHAR(50),
            total_no_outstanding_securities VARCHAR(50),
            sector VARCHAR(100),
            PRIMARY KEY (company_id,id),
            UNIQUE(company_id),
            FOREIGN KEY (company_id)
                REFERENCES company_list (company_id)
                ON UPDATE CASCADE ON DELETE CASCADE
            )
    , parameters: None
[2024-10-10T17:40:39.331+0000] {python.py:240} INFO - Done. Returned value was: None
[2024-10-10T17:40:39.519+0000] {taskinstance.py:340} INFO - ::group::Post task execution logs
[2024-10-10T17:40:39.568+0000] {taskinstance.py:352} INFO - Marking task as SUCCESS. dag_id=scrape_and_save_share_prices_with_company_data, task_id=create_company_basic_table, run_id=scheduled__2024-10-05T00:00:00+00:00, execution_date=20241005T000000, start_date=20241010T174036, end_date=20241010T174039
[2024-10-10T17:40:39.845+0000] {logging_mixin.py:190} INFO - Task instance in success state
[2024-10-10T17:40:39.852+0000] {logging_mixin.py:190} INFO -  Previous state of the Task instance: running
[2024-10-10T17:40:39.853+0000] {logging_mixin.py:190} INFO - Dag name:scrape_and_save_share_prices_with_company_data queued_at:2024-10-10 17:36:06.700620+00:00
[2024-10-10T17:40:39.854+0000] {logging_mixin.py:190} INFO - Task hostname:7746de5121f6 operator:PythonOperator
[2024-10-10T17:40:40.024+0000] {local_task_job_runner.py:266} INFO - Task exited with return code 0
[2024-10-10T17:40:40.567+0000] {local_task_job_runner.py:245} INFO - ::endgroup::
