[2024-09-27T18:24:36.941+0000] {local_task_job_runner.py:123} INFO - ::group::Pre task execution logs
[2024-09-27T18:24:37.062+0000] {taskinstance.py:2612} INFO - Dependencies all met for dep_context=non-requeueable deps ti=<TaskInstance: scrape_and_save_share_prices_with_company_data.create_share_prices_table scheduled__2023-12-03T00:00:00+00:00 [queued]>
[2024-09-27T18:24:37.083+0000] {taskinstance.py:2612} INFO - Dependencies all met for dep_context=requeueable deps ti=<TaskInstance: scrape_and_save_share_prices_with_company_data.create_share_prices_table scheduled__2023-12-03T00:00:00+00:00 [queued]>
[2024-09-27T18:24:37.088+0000] {taskinstance.py:2865} INFO - Starting attempt 1 of 2
[2024-09-27T18:24:37.144+0000] {taskinstance.py:2888} INFO - Executing <Task(PythonOperator): create_share_prices_table> on 2023-12-03 00:00:00+00:00
[2024-09-27T18:24:37.169+0000] {warnings.py:112} WARNING - /home/***/.local/lib/python3.12/site-packages/***/task/task_runner/standard_task_runner.py:70: DeprecationWarning: This process (pid=13011) is multi-threaded, use of fork() may lead to deadlocks in the child.
  pid = os.fork()

[2024-09-27T18:24:37.172+0000] {standard_task_runner.py:72} INFO - Started process 13036 to run task
[2024-09-27T18:24:37.173+0000] {standard_task_runner.py:104} INFO - Running: ['***', 'tasks', 'run', 'scrape_and_save_share_prices_with_company_data', 'create_share_prices_table', 'scheduled__2023-12-03T00:00:00+00:00', '--job-id', '1374', '--raw', '--subdir', 'DAGS_FOLDER/dag.py', '--cfg-path', '/tmp/tmp7tdvze5c']
[2024-09-27T18:24:37.176+0000] {standard_task_runner.py:105} INFO - Job 1374: Subtask create_share_prices_table
[2024-09-27T18:24:37.512+0000] {task_command.py:467} INFO - Running <TaskInstance: scrape_and_save_share_prices_with_company_data.create_share_prices_table scheduled__2023-12-03T00:00:00+00:00 [running]> on host 13b5797a93ab
[2024-09-27T18:24:38.428+0000] {taskinstance.py:3131} INFO - Exporting env vars: AIRFLOW_CTX_DAG_OWNER='***' AIRFLOW_CTX_DAG_ID='scrape_and_save_share_prices_with_company_data' AIRFLOW_CTX_TASK_ID='create_share_prices_table' AIRFLOW_CTX_EXECUTION_DATE='2023-12-03T00:00:00+00:00' AIRFLOW_CTX_TRY_NUMBER='1' AIRFLOW_CTX_DAG_RUN_ID='scheduled__2023-12-03T00:00:00+00:00'
[2024-09-27T18:24:38.438+0000] {logging_mixin.py:190} INFO - Task instance is in running state
[2024-09-27T18:24:38.440+0000] {logging_mixin.py:190} INFO -  Previous state of the Task instance: queued
[2024-09-27T18:24:38.456+0000] {logging_mixin.py:190} INFO - Current task name:create_share_prices_table state:running start_date:2024-09-27 18:24:37.063406+00:00
[2024-09-27T18:24:38.475+0000] {logging_mixin.py:190} INFO - Dag name:scrape_and_save_share_prices_with_company_data and current dag run status:running
[2024-09-27T18:24:38.485+0000] {taskinstance.py:731} INFO - ::endgroup::
[2024-09-27T18:24:38.551+0000] {base.py:84} INFO - Retrieving connection 'dse_connection'
[2024-09-27T18:24:38.614+0000] {sql.py:509} INFO - Running statement: 
        CREATE TABLE IF NOT EXISTS company_share_prices (
            id SERIAL,
            company_id INTEGER NOT NULL,
            date DATE,
            latest_trading_price VARCHAR(50),
            low_price VARCHAR(50),
            high_price VARCHAR(50),
            closing_price VARCHAR(50),
            ycp VARCHAR(50),
            change VARCHAR(10),
            trade VARCHAR(50),
            value VARCHAR(50),
            volume VARCHAR(50),
            PRIMARY KEY(company_id, id),
            FOREIGN KEY(company_id)
                REFERENCES company_list(company_id)
                ON UPDATE CASCADE ON DELETE CASCADE
        );
    , parameters: None
[2024-09-27T18:24:38.656+0000] {python.py:240} INFO - Done. Returned value was: None
[2024-09-27T18:24:38.909+0000] {taskinstance.py:340} INFO - ::group::Post task execution logs
[2024-09-27T18:24:38.911+0000] {taskinstance.py:352} INFO - Marking task as SUCCESS. dag_id=scrape_and_save_share_prices_with_company_data, task_id=create_share_prices_table, run_id=scheduled__2023-12-03T00:00:00+00:00, execution_date=20231203T000000, start_date=20240927T182437, end_date=20240927T182438
[2024-09-27T18:24:39.009+0000] {logging_mixin.py:190} INFO - Task instance in success state
[2024-09-27T18:24:39.011+0000] {logging_mixin.py:190} INFO -  Previous state of the Task instance: running
[2024-09-27T18:24:39.012+0000] {logging_mixin.py:190} INFO - Dag name:scrape_and_save_share_prices_with_company_data queued_at:2024-09-27 18:22:41.787256+00:00
[2024-09-27T18:24:39.014+0000] {logging_mixin.py:190} INFO - Task hostname:13b5797a93ab operator:PythonOperator
[2024-09-27T18:24:39.108+0000] {local_task_job_runner.py:266} INFO - Task exited with return code 0
[2024-09-27T18:24:39.360+0000] {taskinstance.py:3900} INFO - 1 downstream tasks scheduled from follow-on schedule check
[2024-09-27T18:24:39.387+0000] {local_task_job_runner.py:245} INFO - ::endgroup::
[2024-09-27T22:13:27.201+0000] {local_task_job_runner.py:123} INFO - ::group::Pre task execution logs
[2024-09-27T22:13:27.289+0000] {taskinstance.py:2612} INFO - Dependencies all met for dep_context=non-requeueable deps ti=<TaskInstance: scrape_and_save_share_prices_with_company_data.create_share_prices_table scheduled__2023-12-03T00:00:00+00:00 [queued]>
[2024-09-27T22:13:27.309+0000] {taskinstance.py:2612} INFO - Dependencies all met for dep_context=requeueable deps ti=<TaskInstance: scrape_and_save_share_prices_with_company_data.create_share_prices_table scheduled__2023-12-03T00:00:00+00:00 [queued]>
[2024-09-27T22:13:27.311+0000] {taskinstance.py:2865} INFO - Starting attempt 1 of 2
[2024-09-27T22:13:27.404+0000] {taskinstance.py:2888} INFO - Executing <Task(PythonOperator): create_share_prices_table> on 2023-12-03 00:00:00+00:00
[2024-09-27T22:13:27.460+0000] {warnings.py:112} WARNING - /home/***/.local/lib/python3.12/site-packages/***/task/task_runner/standard_task_runner.py:70: DeprecationWarning: This process (pid=1809) is multi-threaded, use of fork() may lead to deadlocks in the child.
  pid = os.fork()

[2024-09-27T22:13:27.466+0000] {standard_task_runner.py:72} INFO - Started process 1829 to run task
[2024-09-27T22:13:27.515+0000] {standard_task_runner.py:104} INFO - Running: ['***', 'tasks', 'run', 'scrape_and_save_share_prices_with_company_data', 'create_share_prices_table', 'scheduled__2023-12-03T00:00:00+00:00', '--job-id', '2428', '--raw', '--subdir', 'DAGS_FOLDER/dag.py', '--cfg-path', '/tmp/tmpnv_5ssko']
[2024-09-27T22:13:27.529+0000] {standard_task_runner.py:105} INFO - Job 2428: Subtask create_share_prices_table
[2024-09-27T22:13:27.992+0000] {task_command.py:467} INFO - Running <TaskInstance: scrape_and_save_share_prices_with_company_data.create_share_prices_table scheduled__2023-12-03T00:00:00+00:00 [running]> on host fd62fe12432d
[2024-09-27T22:13:28.733+0000] {taskinstance.py:3131} INFO - Exporting env vars: AIRFLOW_CTX_DAG_OWNER='***' AIRFLOW_CTX_DAG_ID='scrape_and_save_share_prices_with_company_data' AIRFLOW_CTX_TASK_ID='create_share_prices_table' AIRFLOW_CTX_EXECUTION_DATE='2023-12-03T00:00:00+00:00' AIRFLOW_CTX_TRY_NUMBER='1' AIRFLOW_CTX_DAG_RUN_ID='scheduled__2023-12-03T00:00:00+00:00'
[2024-09-27T22:13:28.739+0000] {logging_mixin.py:190} INFO - Task instance is in running state
[2024-09-27T22:13:28.740+0000] {logging_mixin.py:190} INFO -  Previous state of the Task instance: queued
[2024-09-27T22:13:28.741+0000] {logging_mixin.py:190} INFO - Current task name:create_share_prices_table state:running start_date:2024-09-27 22:13:27.290165+00:00
[2024-09-27T22:13:28.742+0000] {logging_mixin.py:190} INFO - Dag name:scrape_and_save_share_prices_with_company_data and current dag run status:running
[2024-09-27T22:13:28.743+0000] {taskinstance.py:731} INFO - ::endgroup::
[2024-09-27T22:13:28.813+0000] {base.py:84} INFO - Retrieving connection 'dse_connection'
[2024-09-27T22:13:28.850+0000] {sql.py:509} INFO - Running statement: 
        CREATE TABLE IF NOT EXISTS company_share_prices (
            id SERIAL,
            company_id INTEGER NOT NULL,
            date DATE,
            latest_trading_price VARCHAR(50),
            low_price VARCHAR(50),
            high_price VARCHAR(50),
            closing_price VARCHAR(50),
            ycp VARCHAR(50),
            change VARCHAR(10),
            trade VARCHAR(50),
            value VARCHAR(50),
            volume VARCHAR(50),
            PRIMARY KEY(company_id, id),
            FOREIGN KEY(company_id)
                REFERENCES company_list(company_id)
                ON UPDATE CASCADE ON DELETE CASCADE
        );
    , parameters: None
[2024-09-27T22:13:28.870+0000] {python.py:240} INFO - Done. Returned value was: None
[2024-09-27T22:13:28.915+0000] {taskinstance.py:340} INFO - ::group::Post task execution logs
[2024-09-27T22:13:28.920+0000] {taskinstance.py:352} INFO - Marking task as SUCCESS. dag_id=scrape_and_save_share_prices_with_company_data, task_id=create_share_prices_table, run_id=scheduled__2023-12-03T00:00:00+00:00, execution_date=20231203T000000, start_date=20240927T221327, end_date=20240927T221328
[2024-09-27T22:13:29.290+0000] {logging_mixin.py:190} INFO - Task instance in success state
[2024-09-27T22:13:29.297+0000] {logging_mixin.py:190} INFO -  Previous state of the Task instance: running
[2024-09-27T22:13:29.299+0000] {logging_mixin.py:190} INFO - Dag name:scrape_and_save_share_prices_with_company_data queued_at:2024-09-27 22:12:24.515447+00:00
[2024-09-27T22:13:29.300+0000] {logging_mixin.py:190} INFO - Task hostname:fd62fe12432d operator:PythonOperator
[2024-09-27T22:13:29.390+0000] {local_task_job_runner.py:266} INFO - Task exited with return code 0
[2024-09-27T22:13:29.503+0000] {taskinstance.py:3900} INFO - 1 downstream tasks scheduled from follow-on schedule check
[2024-09-27T22:13:29.527+0000] {local_task_job_runner.py:245} INFO - ::endgroup::
[2024-09-27T22:58:42.137+0000] {local_task_job_runner.py:123} INFO - ::group::Pre task execution logs
[2024-09-27T22:58:42.246+0000] {taskinstance.py:2612} INFO - Dependencies all met for dep_context=non-requeueable deps ti=<TaskInstance: scrape_and_save_share_prices_with_company_data.create_share_prices_table scheduled__2023-12-03T00:00:00+00:00 [queued]>
[2024-09-27T22:58:42.301+0000] {taskinstance.py:2612} INFO - Dependencies all met for dep_context=requeueable deps ti=<TaskInstance: scrape_and_save_share_prices_with_company_data.create_share_prices_table scheduled__2023-12-03T00:00:00+00:00 [queued]>
[2024-09-27T22:58:42.308+0000] {taskinstance.py:2865} INFO - Starting attempt 1 of 2
[2024-09-27T22:58:42.374+0000] {taskinstance.py:2888} INFO - Executing <Task(PythonOperator): create_share_prices_table> on 2023-12-03 00:00:00+00:00
[2024-09-27T22:58:42.413+0000] {warnings.py:112} WARNING - /home/***/.local/lib/python3.12/site-packages/***/task/task_runner/standard_task_runner.py:70: DeprecationWarning: This process (pid=2097) is multi-threaded, use of fork() may lead to deadlocks in the child.
  pid = os.fork()

[2024-09-27T22:58:42.440+0000] {standard_task_runner.py:72} INFO - Started process 2117 to run task
[2024-09-27T22:58:42.428+0000] {standard_task_runner.py:104} INFO - Running: ['***', 'tasks', 'run', 'scrape_and_save_share_prices_with_company_data', 'create_share_prices_table', 'scheduled__2023-12-03T00:00:00+00:00', '--job-id', '3023', '--raw', '--subdir', 'DAGS_FOLDER/dag.py', '--cfg-path', '/tmp/tmpxgyc8ivp']
[2024-09-27T22:58:42.455+0000] {standard_task_runner.py:105} INFO - Job 3023: Subtask create_share_prices_table
[2024-09-27T22:58:42.783+0000] {task_command.py:467} INFO - Running <TaskInstance: scrape_and_save_share_prices_with_company_data.create_share_prices_table scheduled__2023-12-03T00:00:00+00:00 [running]> on host 7746de5121f6
[2024-09-27T22:58:43.318+0000] {taskinstance.py:3131} INFO - Exporting env vars: AIRFLOW_CTX_DAG_OWNER='***' AIRFLOW_CTX_DAG_ID='scrape_and_save_share_prices_with_company_data' AIRFLOW_CTX_TASK_ID='create_share_prices_table' AIRFLOW_CTX_EXECUTION_DATE='2023-12-03T00:00:00+00:00' AIRFLOW_CTX_TRY_NUMBER='1' AIRFLOW_CTX_DAG_RUN_ID='scheduled__2023-12-03T00:00:00+00:00'
[2024-09-27T22:58:43.327+0000] {logging_mixin.py:190} INFO - Task instance is in running state
[2024-09-27T22:58:43.329+0000] {logging_mixin.py:190} INFO -  Previous state of the Task instance: queued
[2024-09-27T22:58:43.330+0000] {logging_mixin.py:190} INFO - Current task name:create_share_prices_table state:running start_date:2024-09-27 22:58:42.248421+00:00
[2024-09-27T22:58:43.331+0000] {logging_mixin.py:190} INFO - Dag name:scrape_and_save_share_prices_with_company_data and current dag run status:running
[2024-09-27T22:58:43.333+0000] {taskinstance.py:731} INFO - ::endgroup::
[2024-09-27T22:58:43.384+0000] {base.py:84} INFO - Retrieving connection 'dse_connection'
[2024-09-27T22:58:43.408+0000] {sql.py:509} INFO - Running statement: 
        CREATE TABLE IF NOT EXISTS company_share_prices (
            id SERIAL,
            company_id INTEGER NOT NULL,
            date DATE,
            latest_trading_price VARCHAR(50),
            low_price VARCHAR(50),
            high_price VARCHAR(50),
            closing_price VARCHAR(50),
            ycp VARCHAR(50),
            change VARCHAR(10),
            trade VARCHAR(50),
            value VARCHAR(50),
            volume VARCHAR(50),
            PRIMARY KEY(company_id, id),
            FOREIGN KEY(company_id)
                REFERENCES company_list(company_id)
                ON UPDATE CASCADE ON DELETE CASCADE
        );
    , parameters: None
[2024-09-27T22:58:43.430+0000] {python.py:240} INFO - Done. Returned value was: None
[2024-09-27T22:58:43.516+0000] {taskinstance.py:340} INFO - ::group::Post task execution logs
[2024-09-27T22:58:43.518+0000] {taskinstance.py:352} INFO - Marking task as SUCCESS. dag_id=scrape_and_save_share_prices_with_company_data, task_id=create_share_prices_table, run_id=scheduled__2023-12-03T00:00:00+00:00, execution_date=20231203T000000, start_date=20240927T225842, end_date=20240927T225843
[2024-09-27T22:58:43.595+0000] {logging_mixin.py:190} INFO - Task instance in success state
[2024-09-27T22:58:43.596+0000] {logging_mixin.py:190} INFO -  Previous state of the Task instance: running
[2024-09-27T22:58:43.597+0000] {logging_mixin.py:190} INFO - Dag name:scrape_and_save_share_prices_with_company_data queued_at:2024-09-27 22:51:16.690269+00:00
[2024-09-27T22:58:43.598+0000] {logging_mixin.py:190} INFO - Task hostname:7746de5121f6 operator:PythonOperator
[2024-09-27T22:58:43.663+0000] {local_task_job_runner.py:266} INFO - Task exited with return code 0
[2024-09-27T22:58:43.880+0000] {taskinstance.py:3900} INFO - 1 downstream tasks scheduled from follow-on schedule check
[2024-09-27T22:58:43.913+0000] {local_task_job_runner.py:245} INFO - ::endgroup::
