[2024-09-27T18:53:50.809+0000] {local_task_job_runner.py:123} INFO - ::group::Pre task execution logs
[2024-09-27T18:53:50.849+0000] {taskinstance.py:2612} INFO - Dependencies all met for dep_context=non-requeueable deps ti=<TaskInstance: scrape_and_save_share_prices_with_company_data.create_share_prices_table scheduled__2024-02-27T00:00:00+00:00 [queued]>
[2024-09-27T18:53:50.868+0000] {taskinstance.py:2612} INFO - Dependencies all met for dep_context=requeueable deps ti=<TaskInstance: scrape_and_save_share_prices_with_company_data.create_share_prices_table scheduled__2024-02-27T00:00:00+00:00 [queued]>
[2024-09-27T18:53:50.869+0000] {taskinstance.py:2865} INFO - Starting attempt 1 of 2
[2024-09-27T18:53:50.910+0000] {taskinstance.py:2888} INFO - Executing <Task(PythonOperator): create_share_prices_table> on 2024-02-27 00:00:00+00:00
[2024-09-27T18:53:50.925+0000] {warnings.py:112} WARNING - /home/***/.local/lib/python3.12/site-packages/***/task/task_runner/standard_task_runner.py:70: DeprecationWarning: This process (pid=14994) is multi-threaded, use of fork() may lead to deadlocks in the child.
  pid = os.fork()

[2024-09-27T18:53:50.931+0000] {standard_task_runner.py:72} INFO - Started process 15008 to run task
[2024-09-27T18:53:50.935+0000] {standard_task_runner.py:104} INFO - Running: ['***', 'tasks', 'run', 'scrape_and_save_share_prices_with_company_data', 'create_share_prices_table', 'scheduled__2024-02-27T00:00:00+00:00', '--job-id', '1790', '--raw', '--subdir', 'DAGS_FOLDER/dag.py', '--cfg-path', '/tmp/tmpcbecgln6']
[2024-09-27T18:53:50.937+0000] {standard_task_runner.py:105} INFO - Job 1790: Subtask create_share_prices_table
[2024-09-27T18:53:51.078+0000] {task_command.py:467} INFO - Running <TaskInstance: scrape_and_save_share_prices_with_company_data.create_share_prices_table scheduled__2024-02-27T00:00:00+00:00 [running]> on host 13b5797a93ab
[2024-09-27T18:53:51.317+0000] {taskinstance.py:3131} INFO - Exporting env vars: AIRFLOW_CTX_DAG_OWNER='***' AIRFLOW_CTX_DAG_ID='scrape_and_save_share_prices_with_company_data' AIRFLOW_CTX_TASK_ID='create_share_prices_table' AIRFLOW_CTX_EXECUTION_DATE='2024-02-27T00:00:00+00:00' AIRFLOW_CTX_TRY_NUMBER='1' AIRFLOW_CTX_DAG_RUN_ID='scheduled__2024-02-27T00:00:00+00:00'
[2024-09-27T18:53:51.319+0000] {logging_mixin.py:190} INFO - Task instance is in running state
[2024-09-27T18:53:51.320+0000] {logging_mixin.py:190} INFO -  Previous state of the Task instance: queued
[2024-09-27T18:53:51.321+0000] {logging_mixin.py:190} INFO - Current task name:create_share_prices_table state:running start_date:2024-09-27 18:53:50.850624+00:00
[2024-09-27T18:53:51.322+0000] {logging_mixin.py:190} INFO - Dag name:scrape_and_save_share_prices_with_company_data and current dag run status:running
[2024-09-27T18:53:51.323+0000] {taskinstance.py:731} INFO - ::endgroup::
[2024-09-27T18:53:51.341+0000] {base.py:84} INFO - Retrieving connection 'dse_connection'
[2024-09-27T18:53:51.350+0000] {sql.py:509} INFO - Running statement: 
        CREATE TABLE IF NOT EXISTS company_share_prices (
            id SERIAL,
            company_id INTEGER NOT NULL,
            date DATE,
            latest_trading_price VARCHAR(50),
            low_price VARCHAR(50),
            high_price VARCHAR(50),
            closing_price VARCHAR(50),
            ycp VARCHAR(50),
            change VARCHAR(10),
            trade VARCHAR(50),
            value VARCHAR(50),
            volume VARCHAR(50),
            PRIMARY KEY(company_id, id),
            FOREIGN KEY(company_id)
                REFERENCES company_list(company_id)
                ON UPDATE CASCADE ON DELETE CASCADE
        );
    , parameters: None
[2024-09-27T18:53:51.353+0000] {python.py:240} INFO - Done. Returned value was: None
[2024-09-27T18:53:51.372+0000] {taskinstance.py:340} INFO - ::group::Post task execution logs
[2024-09-27T18:53:51.373+0000] {taskinstance.py:352} INFO - Marking task as SUCCESS. dag_id=scrape_and_save_share_prices_with_company_data, task_id=create_share_prices_table, run_id=scheduled__2024-02-27T00:00:00+00:00, execution_date=20240227T000000, start_date=20240927T185350, end_date=20240927T185351
[2024-09-27T18:53:51.399+0000] {logging_mixin.py:190} INFO - Task instance in success state
[2024-09-27T18:53:51.400+0000] {logging_mixin.py:190} INFO -  Previous state of the Task instance: running
[2024-09-27T18:53:51.401+0000] {logging_mixin.py:190} INFO - Dag name:scrape_and_save_share_prices_with_company_data queued_at:2024-09-27 18:53:07.467179+00:00
[2024-09-27T18:53:51.403+0000] {logging_mixin.py:190} INFO - Task hostname:13b5797a93ab operator:PythonOperator
[2024-09-27T18:53:51.440+0000] {local_task_job_runner.py:266} INFO - Task exited with return code 0
[2024-09-27T18:53:51.595+0000] {taskinstance.py:3900} INFO - 1 downstream tasks scheduled from follow-on schedule check
[2024-09-27T18:53:51.600+0000] {local_task_job_runner.py:245} INFO - ::endgroup::
[2024-09-27T23:08:26.775+0000] {local_task_job_runner.py:123} INFO - ::group::Pre task execution logs
[2024-09-27T23:08:26.894+0000] {taskinstance.py:2612} INFO - Dependencies all met for dep_context=non-requeueable deps ti=<TaskInstance: scrape_and_save_share_prices_with_company_data.create_share_prices_table scheduled__2024-02-27T00:00:00+00:00 [queued]>
[2024-09-27T23:08:26.932+0000] {taskinstance.py:2612} INFO - Dependencies all met for dep_context=requeueable deps ti=<TaskInstance: scrape_and_save_share_prices_with_company_data.create_share_prices_table scheduled__2024-02-27T00:00:00+00:00 [queued]>
[2024-09-27T23:08:26.938+0000] {taskinstance.py:2865} INFO - Starting attempt 1 of 2
[2024-09-27T23:08:27.055+0000] {taskinstance.py:2888} INFO - Executing <Task(PythonOperator): create_share_prices_table> on 2024-02-27 00:00:00+00:00
[2024-09-27T23:08:27.085+0000] {warnings.py:112} WARNING - /home/***/.local/lib/python3.12/site-packages/***/task/task_runner/standard_task_runner.py:70: DeprecationWarning: This process (pid=3046) is multi-threaded, use of fork() may lead to deadlocks in the child.
  pid = os.fork()

[2024-09-27T23:08:27.090+0000] {standard_task_runner.py:72} INFO - Started process 3064 to run task
[2024-09-27T23:08:27.097+0000] {standard_task_runner.py:104} INFO - Running: ['***', 'tasks', 'run', 'scrape_and_save_share_prices_with_company_data', 'create_share_prices_table', 'scheduled__2024-02-27T00:00:00+00:00', '--job-id', '3232', '--raw', '--subdir', 'DAGS_FOLDER/dag.py', '--cfg-path', '/tmp/tmp9wf0lw18']
[2024-09-27T23:08:27.113+0000] {standard_task_runner.py:105} INFO - Job 3232: Subtask create_share_prices_table
[2024-09-27T23:08:27.425+0000] {task_command.py:467} INFO - Running <TaskInstance: scrape_and_save_share_prices_with_company_data.create_share_prices_table scheduled__2024-02-27T00:00:00+00:00 [running]> on host 7746de5121f6
[2024-09-27T23:08:28.003+0000] {taskinstance.py:3131} INFO - Exporting env vars: AIRFLOW_CTX_DAG_OWNER='***' AIRFLOW_CTX_DAG_ID='scrape_and_save_share_prices_with_company_data' AIRFLOW_CTX_TASK_ID='create_share_prices_table' AIRFLOW_CTX_EXECUTION_DATE='2024-02-27T00:00:00+00:00' AIRFLOW_CTX_TRY_NUMBER='1' AIRFLOW_CTX_DAG_RUN_ID='scheduled__2024-02-27T00:00:00+00:00'
[2024-09-27T23:08:28.014+0000] {logging_mixin.py:190} INFO - Task instance is in running state
[2024-09-27T23:08:28.018+0000] {logging_mixin.py:190} INFO -  Previous state of the Task instance: queued
[2024-09-27T23:08:28.020+0000] {logging_mixin.py:190} INFO - Current task name:create_share_prices_table state:running start_date:2024-09-27 23:08:26.897940+00:00
[2024-09-27T23:08:28.022+0000] {logging_mixin.py:190} INFO - Dag name:scrape_and_save_share_prices_with_company_data and current dag run status:running
[2024-09-27T23:08:28.023+0000] {taskinstance.py:731} INFO - ::endgroup::
[2024-09-27T23:08:28.138+0000] {base.py:84} INFO - Retrieving connection 'dse_connection'
[2024-09-27T23:08:28.160+0000] {sql.py:509} INFO - Running statement: 
        CREATE TABLE IF NOT EXISTS company_share_prices (
            id SERIAL,
            company_id INTEGER NOT NULL,
            date DATE,
            latest_trading_price VARCHAR(50),
            low_price VARCHAR(50),
            high_price VARCHAR(50),
            closing_price VARCHAR(50),
            ycp VARCHAR(50),
            change VARCHAR(10),
            trade VARCHAR(50),
            value VARCHAR(50),
            volume VARCHAR(50),
            PRIMARY KEY(company_id, id),
            FOREIGN KEY(company_id)
                REFERENCES company_list(company_id)
                ON UPDATE CASCADE ON DELETE CASCADE
        );
    , parameters: None
[2024-09-27T23:08:28.173+0000] {python.py:240} INFO - Done. Returned value was: None
[2024-09-27T23:08:28.226+0000] {taskinstance.py:340} INFO - ::group::Post task execution logs
[2024-09-27T23:08:28.229+0000] {taskinstance.py:352} INFO - Marking task as SUCCESS. dag_id=scrape_and_save_share_prices_with_company_data, task_id=create_share_prices_table, run_id=scheduled__2024-02-27T00:00:00+00:00, execution_date=20240227T000000, start_date=20240927T230826, end_date=20240927T230828
[2024-09-27T23:08:28.273+0000] {logging_mixin.py:190} INFO - Task instance in success state
[2024-09-27T23:08:28.276+0000] {logging_mixin.py:190} INFO -  Previous state of the Task instance: running
[2024-09-27T23:08:28.294+0000] {logging_mixin.py:190} INFO - Dag name:scrape_and_save_share_prices_with_company_data queued_at:2024-09-27 23:07:23.779302+00:00
[2024-09-27T23:08:28.296+0000] {logging_mixin.py:190} INFO - Task hostname:7746de5121f6 operator:PythonOperator
[2024-09-27T23:08:28.337+0000] {local_task_job_runner.py:266} INFO - Task exited with return code 0
[2024-09-27T23:08:28.395+0000] {taskinstance.py:3900} INFO - 1 downstream tasks scheduled from follow-on schedule check
[2024-09-27T23:08:28.401+0000] {local_task_job_runner.py:245} INFO - ::endgroup::
