[2024-09-27T18:18:25.108+0000] {local_task_job_runner.py:123} INFO - ::group::Pre task execution logs
[2024-09-27T18:18:25.223+0000] {taskinstance.py:2612} INFO - Dependencies all met for dep_context=non-requeueable deps ti=<TaskInstance: scrape_and_save_share_prices_with_company_data.create_share_prices_table scheduled__2023-11-05T00:00:00+00:00 [queued]>
[2024-09-27T18:18:25.293+0000] {taskinstance.py:2612} INFO - Dependencies all met for dep_context=requeueable deps ti=<TaskInstance: scrape_and_save_share_prices_with_company_data.create_share_prices_table scheduled__2023-11-05T00:00:00+00:00 [queued]>
[2024-09-27T18:18:25.301+0000] {taskinstance.py:2865} INFO - Starting attempt 1 of 2
[2024-09-27T18:18:25.389+0000] {taskinstance.py:2888} INFO - Executing <Task(PythonOperator): create_share_prices_table> on 2023-11-05 00:00:00+00:00
[2024-09-27T18:18:25.409+0000] {warnings.py:112} WARNING - /home/***/.local/lib/python3.12/site-packages/***/task/task_runner/standard_task_runner.py:70: DeprecationWarning: This process (pid=12549) is multi-threaded, use of fork() may lead to deadlocks in the child.
  pid = os.fork()

[2024-09-27T18:18:25.442+0000] {standard_task_runner.py:72} INFO - Started process 12581 to run task
[2024-09-27T18:18:25.461+0000] {standard_task_runner.py:104} INFO - Running: ['***', 'tasks', 'run', 'scrape_and_save_share_prices_with_company_data', 'create_share_prices_table', 'scheduled__2023-11-05T00:00:00+00:00', '--job-id', '1271', '--raw', '--subdir', 'DAGS_FOLDER/dag.py', '--cfg-path', '/tmp/tmpza9rh33p']
[2024-09-27T18:18:25.469+0000] {standard_task_runner.py:105} INFO - Job 1271: Subtask create_share_prices_table
[2024-09-27T18:18:25.893+0000] {task_command.py:467} INFO - Running <TaskInstance: scrape_and_save_share_prices_with_company_data.create_share_prices_table scheduled__2023-11-05T00:00:00+00:00 [running]> on host 13b5797a93ab
[2024-09-27T18:18:27.519+0000] {taskinstance.py:3131} INFO - Exporting env vars: AIRFLOW_CTX_DAG_OWNER='***' AIRFLOW_CTX_DAG_ID='scrape_and_save_share_prices_with_company_data' AIRFLOW_CTX_TASK_ID='create_share_prices_table' AIRFLOW_CTX_EXECUTION_DATE='2023-11-05T00:00:00+00:00' AIRFLOW_CTX_TRY_NUMBER='1' AIRFLOW_CTX_DAG_RUN_ID='scheduled__2023-11-05T00:00:00+00:00'
[2024-09-27T18:18:27.532+0000] {logging_mixin.py:190} INFO - Task instance is in running state
[2024-09-27T18:18:27.533+0000] {logging_mixin.py:190} INFO -  Previous state of the Task instance: queued
[2024-09-27T18:18:27.534+0000] {logging_mixin.py:190} INFO - Current task name:create_share_prices_table state:running start_date:2024-09-27 18:18:25.238108+00:00
[2024-09-27T18:18:27.538+0000] {logging_mixin.py:190} INFO - Dag name:scrape_and_save_share_prices_with_company_data and current dag run status:running
[2024-09-27T18:18:27.562+0000] {taskinstance.py:731} INFO - ::endgroup::
[2024-09-27T18:18:27.881+0000] {base.py:84} INFO - Retrieving connection 'dse_connection'
[2024-09-27T18:18:28.053+0000] {sql.py:509} INFO - Running statement: 
        CREATE TABLE IF NOT EXISTS company_share_prices (
            id SERIAL,
            company_id INTEGER NOT NULL,
            date DATE,
            latest_trading_price VARCHAR(50),
            low_price VARCHAR(50),
            high_price VARCHAR(50),
            closing_price VARCHAR(50),
            ycp VARCHAR(50),
            change VARCHAR(10),
            trade VARCHAR(50),
            value VARCHAR(50),
            volume VARCHAR(50),
            PRIMARY KEY(company_id, id),
            FOREIGN KEY(company_id)
                REFERENCES company_list(company_id)
                ON UPDATE CASCADE ON DELETE CASCADE
        );
    , parameters: None
[2024-09-27T18:18:28.068+0000] {python.py:240} INFO - Done. Returned value was: None
[2024-09-27T18:18:28.243+0000] {taskinstance.py:340} INFO - ::group::Post task execution logs
[2024-09-27T18:18:28.252+0000] {taskinstance.py:352} INFO - Marking task as SUCCESS. dag_id=scrape_and_save_share_prices_with_company_data, task_id=create_share_prices_table, run_id=scheduled__2023-11-05T00:00:00+00:00, execution_date=20231105T000000, start_date=20240927T181825, end_date=20240927T181828
[2024-09-27T18:18:28.545+0000] {logging_mixin.py:190} INFO - Task instance in success state
[2024-09-27T18:18:28.547+0000] {logging_mixin.py:190} INFO -  Previous state of the Task instance: running
[2024-09-27T18:18:28.565+0000] {logging_mixin.py:190} INFO - Dag name:scrape_and_save_share_prices_with_company_data queued_at:2024-09-27 18:16:54.385803+00:00
[2024-09-27T18:18:28.581+0000] {logging_mixin.py:190} INFO - Task hostname:13b5797a93ab operator:PythonOperator
[2024-09-27T18:18:28.896+0000] {local_task_job_runner.py:266} INFO - Task exited with return code 0
[2024-09-27T18:18:29.103+0000] {taskinstance.py:3900} INFO - 1 downstream tasks scheduled from follow-on schedule check
[2024-09-27T18:18:29.109+0000] {local_task_job_runner.py:245} INFO - ::endgroup::
[2024-09-27T22:07:21.145+0000] {local_task_job_runner.py:123} INFO - ::group::Pre task execution logs
[2024-09-27T22:07:21.224+0000] {taskinstance.py:2612} INFO - Dependencies all met for dep_context=non-requeueable deps ti=<TaskInstance: scrape_and_save_share_prices_with_company_data.create_share_prices_table scheduled__2023-11-05T00:00:00+00:00 [queued]>
[2024-09-27T22:07:21.276+0000] {taskinstance.py:2612} INFO - Dependencies all met for dep_context=requeueable deps ti=<TaskInstance: scrape_and_save_share_prices_with_company_data.create_share_prices_table scheduled__2023-11-05T00:00:00+00:00 [queued]>
[2024-09-27T22:07:21.277+0000] {taskinstance.py:2865} INFO - Starting attempt 1 of 2
[2024-09-27T22:07:21.344+0000] {taskinstance.py:2888} INFO - Executing <Task(PythonOperator): create_share_prices_table> on 2023-11-05 00:00:00+00:00
[2024-09-27T22:07:21.373+0000] {warnings.py:112} WARNING - /home/***/.local/lib/python3.12/site-packages/***/task/task_runner/standard_task_runner.py:70: DeprecationWarning: This process (pid=1326) is multi-threaded, use of fork() may lead to deadlocks in the child.
  pid = os.fork()

[2024-09-27T22:07:21.388+0000] {standard_task_runner.py:104} INFO - Running: ['***', 'tasks', 'run', 'scrape_and_save_share_prices_with_company_data', 'create_share_prices_table', 'scheduled__2023-11-05T00:00:00+00:00', '--job-id', '2325', '--raw', '--subdir', 'DAGS_FOLDER/dag.py', '--cfg-path', '/tmp/tmp7ll8oc_i']
[2024-09-27T22:07:21.402+0000] {standard_task_runner.py:72} INFO - Started process 1354 to run task
[2024-09-27T22:07:21.409+0000] {standard_task_runner.py:105} INFO - Job 2325: Subtask create_share_prices_table
[2024-09-27T22:07:21.752+0000] {task_command.py:467} INFO - Running <TaskInstance: scrape_and_save_share_prices_with_company_data.create_share_prices_table scheduled__2023-11-05T00:00:00+00:00 [running]> on host fd62fe12432d
[2024-09-27T22:07:22.550+0000] {taskinstance.py:3131} INFO - Exporting env vars: AIRFLOW_CTX_DAG_OWNER='***' AIRFLOW_CTX_DAG_ID='scrape_and_save_share_prices_with_company_data' AIRFLOW_CTX_TASK_ID='create_share_prices_table' AIRFLOW_CTX_EXECUTION_DATE='2023-11-05T00:00:00+00:00' AIRFLOW_CTX_TRY_NUMBER='1' AIRFLOW_CTX_DAG_RUN_ID='scheduled__2023-11-05T00:00:00+00:00'
[2024-09-27T22:07:22.558+0000] {logging_mixin.py:190} INFO - Task instance is in running state
[2024-09-27T22:07:22.559+0000] {logging_mixin.py:190} INFO -  Previous state of the Task instance: queued
[2024-09-27T22:07:22.560+0000] {logging_mixin.py:190} INFO - Current task name:create_share_prices_table state:running start_date:2024-09-27 22:07:21.239965+00:00
[2024-09-27T22:07:22.561+0000] {logging_mixin.py:190} INFO - Dag name:scrape_and_save_share_prices_with_company_data and current dag run status:running
[2024-09-27T22:07:22.562+0000] {taskinstance.py:731} INFO - ::endgroup::
[2024-09-27T22:07:22.630+0000] {base.py:84} INFO - Retrieving connection 'dse_connection'
[2024-09-27T22:07:22.670+0000] {sql.py:509} INFO - Running statement: 
        CREATE TABLE IF NOT EXISTS company_share_prices (
            id SERIAL,
            company_id INTEGER NOT NULL,
            date DATE,
            latest_trading_price VARCHAR(50),
            low_price VARCHAR(50),
            high_price VARCHAR(50),
            closing_price VARCHAR(50),
            ycp VARCHAR(50),
            change VARCHAR(10),
            trade VARCHAR(50),
            value VARCHAR(50),
            volume VARCHAR(50),
            PRIMARY KEY(company_id, id),
            FOREIGN KEY(company_id)
                REFERENCES company_list(company_id)
                ON UPDATE CASCADE ON DELETE CASCADE
        );
    , parameters: None
[2024-09-27T22:07:22.683+0000] {python.py:240} INFO - Done. Returned value was: None
[2024-09-27T22:07:22.758+0000] {taskinstance.py:340} INFO - ::group::Post task execution logs
[2024-09-27T22:07:22.762+0000] {taskinstance.py:352} INFO - Marking task as SUCCESS. dag_id=scrape_and_save_share_prices_with_company_data, task_id=create_share_prices_table, run_id=scheduled__2023-11-05T00:00:00+00:00, execution_date=20231105T000000, start_date=20240927T220721, end_date=20240927T220722
[2024-09-27T22:07:22.829+0000] {logging_mixin.py:190} INFO - Task instance in success state
[2024-09-27T22:07:22.830+0000] {logging_mixin.py:190} INFO -  Previous state of the Task instance: running
[2024-09-27T22:07:22.831+0000] {logging_mixin.py:190} INFO - Dag name:scrape_and_save_share_prices_with_company_data queued_at:2024-09-27 22:05:36.066388+00:00
[2024-09-27T22:07:22.833+0000] {logging_mixin.py:190} INFO - Task hostname:fd62fe12432d operator:PythonOperator
[2024-09-27T22:07:22.916+0000] {local_task_job_runner.py:266} INFO - Task exited with return code 0
[2024-09-27T22:07:22.981+0000] {taskinstance.py:3900} INFO - 1 downstream tasks scheduled from follow-on schedule check
[2024-09-27T22:07:22.995+0000] {local_task_job_runner.py:245} INFO - ::endgroup::
[2024-09-27T22:46:33.367+0000] {local_task_job_runner.py:123} INFO - ::group::Pre task execution logs
[2024-09-27T22:46:33.434+0000] {taskinstance.py:2612} INFO - Dependencies all met for dep_context=non-requeueable deps ti=<TaskInstance: scrape_and_save_share_prices_with_company_data.create_share_prices_table scheduled__2023-11-05T00:00:00+00:00 [queued]>
[2024-09-27T22:46:33.470+0000] {taskinstance.py:2612} INFO - Dependencies all met for dep_context=requeueable deps ti=<TaskInstance: scrape_and_save_share_prices_with_company_data.create_share_prices_table scheduled__2023-11-05T00:00:00+00:00 [queued]>
[2024-09-27T22:46:33.473+0000] {taskinstance.py:2865} INFO - Starting attempt 1 of 2
[2024-09-27T22:46:33.525+0000] {taskinstance.py:2888} INFO - Executing <Task(PythonOperator): create_share_prices_table> on 2023-11-05 00:00:00+00:00
[2024-09-27T22:46:33.552+0000] {warnings.py:112} WARNING - /home/***/.local/lib/python3.12/site-packages/***/task/task_runner/standard_task_runner.py:70: DeprecationWarning: This process (pid=974) is multi-threaded, use of fork() may lead to deadlocks in the child.
  pid = os.fork()

[2024-09-27T22:46:33.557+0000] {standard_task_runner.py:72} INFO - Started process 980 to run task
[2024-09-27T22:46:33.561+0000] {standard_task_runner.py:104} INFO - Running: ['***', 'tasks', 'run', 'scrape_and_save_share_prices_with_company_data', 'create_share_prices_table', 'scheduled__2023-11-05T00:00:00+00:00', '--job-id', '2769', '--raw', '--subdir', 'DAGS_FOLDER/dag.py', '--cfg-path', '/tmp/tmpqa46szm6']
[2024-09-27T22:46:33.571+0000] {standard_task_runner.py:105} INFO - Job 2769: Subtask create_share_prices_table
[2024-09-27T22:46:33.774+0000] {task_command.py:467} INFO - Running <TaskInstance: scrape_and_save_share_prices_with_company_data.create_share_prices_table scheduled__2023-11-05T00:00:00+00:00 [running]> on host 7746de5121f6
[2024-09-27T22:46:34.196+0000] {taskinstance.py:3131} INFO - Exporting env vars: AIRFLOW_CTX_DAG_OWNER='***' AIRFLOW_CTX_DAG_ID='scrape_and_save_share_prices_with_company_data' AIRFLOW_CTX_TASK_ID='create_share_prices_table' AIRFLOW_CTX_EXECUTION_DATE='2023-11-05T00:00:00+00:00' AIRFLOW_CTX_TRY_NUMBER='1' AIRFLOW_CTX_DAG_RUN_ID='scheduled__2023-11-05T00:00:00+00:00'
[2024-09-27T22:46:34.202+0000] {logging_mixin.py:190} INFO - Task instance is in running state
[2024-09-27T22:46:34.211+0000] {logging_mixin.py:190} INFO -  Previous state of the Task instance: queued
[2024-09-27T22:46:34.214+0000] {logging_mixin.py:190} INFO - Current task name:create_share_prices_table state:running start_date:2024-09-27 22:46:33.437679+00:00
[2024-09-27T22:46:34.226+0000] {logging_mixin.py:190} INFO - Dag name:scrape_and_save_share_prices_with_company_data and current dag run status:running
[2024-09-27T22:46:34.230+0000] {taskinstance.py:731} INFO - ::endgroup::
[2024-09-27T22:46:34.271+0000] {base.py:84} INFO - Retrieving connection 'dse_connection'
[2024-09-27T22:46:34.286+0000] {sql.py:509} INFO - Running statement: 
        CREATE TABLE IF NOT EXISTS company_share_prices (
            id SERIAL,
            company_id INTEGER NOT NULL,
            date DATE,
            latest_trading_price VARCHAR(50),
            low_price VARCHAR(50),
            high_price VARCHAR(50),
            closing_price VARCHAR(50),
            ycp VARCHAR(50),
            change VARCHAR(10),
            trade VARCHAR(50),
            value VARCHAR(50),
            volume VARCHAR(50),
            PRIMARY KEY(company_id, id),
            FOREIGN KEY(company_id)
                REFERENCES company_list(company_id)
                ON UPDATE CASCADE ON DELETE CASCADE
        );
    , parameters: None
[2024-09-27T22:46:34.293+0000] {python.py:240} INFO - Done. Returned value was: None
[2024-09-27T22:46:34.345+0000] {taskinstance.py:340} INFO - ::group::Post task execution logs
[2024-09-27T22:46:34.348+0000] {taskinstance.py:352} INFO - Marking task as SUCCESS. dag_id=scrape_and_save_share_prices_with_company_data, task_id=create_share_prices_table, run_id=scheduled__2023-11-05T00:00:00+00:00, execution_date=20231105T000000, start_date=20240927T224633, end_date=20240927T224634
[2024-09-27T22:46:34.383+0000] {logging_mixin.py:190} INFO - Task instance in success state
[2024-09-27T22:46:34.384+0000] {logging_mixin.py:190} INFO -  Previous state of the Task instance: running
[2024-09-27T22:46:34.387+0000] {logging_mixin.py:190} INFO - Dag name:scrape_and_save_share_prices_with_company_data queued_at:2024-09-27 22:45:03.656213+00:00
[2024-09-27T22:46:34.388+0000] {logging_mixin.py:190} INFO - Task hostname:7746de5121f6 operator:PythonOperator
[2024-09-27T22:46:34.434+0000] {local_task_job_runner.py:266} INFO - Task exited with return code 0
[2024-09-27T22:46:34.503+0000] {taskinstance.py:3900} INFO - 1 downstream tasks scheduled from follow-on schedule check
[2024-09-27T22:46:34.512+0000] {local_task_job_runner.py:245} INFO - ::endgroup::
