[2024-09-27T18:22:39.236+0000] {local_task_job_runner.py:123} INFO - ::group::Pre task execution logs
[2024-09-27T18:22:39.280+0000] {taskinstance.py:2612} INFO - Dependencies all met for dep_context=non-requeueable deps ti=<TaskInstance: scrape_and_save_share_prices_with_company_data.create_share_prices_table scheduled__2023-11-29T00:00:00+00:00 [queued]>
[2024-09-27T18:22:39.330+0000] {taskinstance.py:2612} INFO - Dependencies all met for dep_context=requeueable deps ti=<TaskInstance: scrape_and_save_share_prices_with_company_data.create_share_prices_table scheduled__2023-11-29T00:00:00+00:00 [queued]>
[2024-09-27T18:22:39.332+0000] {taskinstance.py:2865} INFO - Starting attempt 1 of 2
[2024-09-27T18:22:39.397+0000] {taskinstance.py:2888} INFO - Executing <Task(PythonOperator): create_share_prices_table> on 2023-11-29 00:00:00+00:00
[2024-09-27T18:22:39.416+0000] {warnings.py:112} WARNING - /home/***/.local/lib/python3.12/site-packages/***/task/task_runner/standard_task_runner.py:70: DeprecationWarning: This process (pid=12881) is multi-threaded, use of fork() may lead to deadlocks in the child.
  pid = os.fork()

[2024-09-27T18:22:39.424+0000] {standard_task_runner.py:72} INFO - Started process 12909 to run task
[2024-09-27T18:22:39.438+0000] {standard_task_runner.py:104} INFO - Running: ['***', 'tasks', 'run', 'scrape_and_save_share_prices_with_company_data', 'create_share_prices_table', 'scheduled__2023-11-29T00:00:00+00:00', '--job-id', '1347', '--raw', '--subdir', 'DAGS_FOLDER/dag.py', '--cfg-path', '/tmp/tmpns_c8s1y']
[2024-09-27T18:22:39.454+0000] {standard_task_runner.py:105} INFO - Job 1347: Subtask create_share_prices_table
[2024-09-27T18:22:39.703+0000] {task_command.py:467} INFO - Running <TaskInstance: scrape_and_save_share_prices_with_company_data.create_share_prices_table scheduled__2023-11-29T00:00:00+00:00 [running]> on host 13b5797a93ab
[2024-09-27T18:22:40.848+0000] {taskinstance.py:3131} INFO - Exporting env vars: AIRFLOW_CTX_DAG_OWNER='***' AIRFLOW_CTX_DAG_ID='scrape_and_save_share_prices_with_company_data' AIRFLOW_CTX_TASK_ID='create_share_prices_table' AIRFLOW_CTX_EXECUTION_DATE='2023-11-29T00:00:00+00:00' AIRFLOW_CTX_TRY_NUMBER='1' AIRFLOW_CTX_DAG_RUN_ID='scheduled__2023-11-29T00:00:00+00:00'
[2024-09-27T18:22:40.863+0000] {logging_mixin.py:190} INFO - Task instance is in running state
[2024-09-27T18:22:40.877+0000] {logging_mixin.py:190} INFO -  Previous state of the Task instance: queued
[2024-09-27T18:22:40.881+0000] {logging_mixin.py:190} INFO - Current task name:create_share_prices_table state:running start_date:2024-09-27 18:22:39.282802+00:00
[2024-09-27T18:22:40.896+0000] {logging_mixin.py:190} INFO - Dag name:scrape_and_save_share_prices_with_company_data and current dag run status:running
[2024-09-27T18:22:40.898+0000] {taskinstance.py:731} INFO - ::endgroup::
[2024-09-27T18:22:41.023+0000] {base.py:84} INFO - Retrieving connection 'dse_connection'
[2024-09-27T18:22:41.072+0000] {sql.py:509} INFO - Running statement: 
        CREATE TABLE IF NOT EXISTS company_share_prices (
            id SERIAL,
            company_id INTEGER NOT NULL,
            date DATE,
            latest_trading_price VARCHAR(50),
            low_price VARCHAR(50),
            high_price VARCHAR(50),
            closing_price VARCHAR(50),
            ycp VARCHAR(50),
            change VARCHAR(10),
            trade VARCHAR(50),
            value VARCHAR(50),
            volume VARCHAR(50),
            PRIMARY KEY(company_id, id),
            FOREIGN KEY(company_id)
                REFERENCES company_list(company_id)
                ON UPDATE CASCADE ON DELETE CASCADE
        );
    , parameters: None
[2024-09-27T18:22:41.085+0000] {python.py:240} INFO - Done. Returned value was: None
[2024-09-27T18:22:41.201+0000] {taskinstance.py:340} INFO - ::group::Post task execution logs
[2024-09-27T18:22:41.207+0000] {taskinstance.py:352} INFO - Marking task as SUCCESS. dag_id=scrape_and_save_share_prices_with_company_data, task_id=create_share_prices_table, run_id=scheduled__2023-11-29T00:00:00+00:00, execution_date=20231129T000000, start_date=20240927T182239, end_date=20240927T182241
[2024-09-27T18:22:41.446+0000] {logging_mixin.py:190} INFO - Task instance in success state
[2024-09-27T18:22:41.461+0000] {logging_mixin.py:190} INFO -  Previous state of the Task instance: running
[2024-09-27T18:22:41.470+0000] {logging_mixin.py:190} INFO - Dag name:scrape_and_save_share_prices_with_company_data queued_at:2024-09-27 18:20:38.622736+00:00
[2024-09-27T18:22:41.492+0000] {logging_mixin.py:190} INFO - Task hostname:13b5797a93ab operator:PythonOperator
[2024-09-27T18:22:41.685+0000] {local_task_job_runner.py:266} INFO - Task exited with return code 0
[2024-09-27T18:22:41.995+0000] {taskinstance.py:3900} INFO - 1 downstream tasks scheduled from follow-on schedule check
[2024-09-27T18:22:42.050+0000] {local_task_job_runner.py:245} INFO - ::endgroup::
[2024-09-27T22:12:26.420+0000] {local_task_job_runner.py:123} INFO - ::group::Pre task execution logs
[2024-09-27T22:12:26.508+0000] {taskinstance.py:2612} INFO - Dependencies all met for dep_context=non-requeueable deps ti=<TaskInstance: scrape_and_save_share_prices_with_company_data.create_share_prices_table scheduled__2023-11-29T00:00:00+00:00 [queued]>
[2024-09-27T22:12:26.528+0000] {taskinstance.py:2612} INFO - Dependencies all met for dep_context=requeueable deps ti=<TaskInstance: scrape_and_save_share_prices_with_company_data.create_share_prices_table scheduled__2023-11-29T00:00:00+00:00 [queued]>
[2024-09-27T22:12:26.529+0000] {taskinstance.py:2865} INFO - Starting attempt 1 of 2
[2024-09-27T22:12:26.668+0000] {taskinstance.py:2888} INFO - Executing <Task(PythonOperator): create_share_prices_table> on 2023-11-29 00:00:00+00:00
[2024-09-27T22:12:26.693+0000] {warnings.py:112} WARNING - /home/***/.local/lib/python3.12/site-packages/***/task/task_runner/standard_task_runner.py:70: DeprecationWarning: This process (pid=1712) is multi-threaded, use of fork() may lead to deadlocks in the child.
  pid = os.fork()

[2024-09-27T22:12:26.698+0000] {standard_task_runner.py:72} INFO - Started process 1726 to run task
[2024-09-27T22:12:26.693+0000] {standard_task_runner.py:104} INFO - Running: ['***', 'tasks', 'run', 'scrape_and_save_share_prices_with_company_data', 'create_share_prices_table', 'scheduled__2023-11-29T00:00:00+00:00', '--job-id', '2406', '--raw', '--subdir', 'DAGS_FOLDER/dag.py', '--cfg-path', '/tmp/tmptwn8p60o']
[2024-09-27T22:12:26.704+0000] {standard_task_runner.py:105} INFO - Job 2406: Subtask create_share_prices_table
[2024-09-27T22:12:26.937+0000] {task_command.py:467} INFO - Running <TaskInstance: scrape_and_save_share_prices_with_company_data.create_share_prices_table scheduled__2023-11-29T00:00:00+00:00 [running]> on host fd62fe12432d
[2024-09-27T22:12:27.422+0000] {taskinstance.py:3131} INFO - Exporting env vars: AIRFLOW_CTX_DAG_OWNER='***' AIRFLOW_CTX_DAG_ID='scrape_and_save_share_prices_with_company_data' AIRFLOW_CTX_TASK_ID='create_share_prices_table' AIRFLOW_CTX_EXECUTION_DATE='2023-11-29T00:00:00+00:00' AIRFLOW_CTX_TRY_NUMBER='1' AIRFLOW_CTX_DAG_RUN_ID='scheduled__2023-11-29T00:00:00+00:00'
[2024-09-27T22:12:27.429+0000] {logging_mixin.py:190} INFO - Task instance is in running state
[2024-09-27T22:12:27.433+0000] {logging_mixin.py:190} INFO -  Previous state of the Task instance: queued
[2024-09-27T22:12:27.436+0000] {logging_mixin.py:190} INFO - Current task name:create_share_prices_table state:running start_date:2024-09-27 22:12:26.509819+00:00
[2024-09-27T22:12:27.438+0000] {logging_mixin.py:190} INFO - Dag name:scrape_and_save_share_prices_with_company_data and current dag run status:running
[2024-09-27T22:12:27.440+0000] {taskinstance.py:731} INFO - ::endgroup::
[2024-09-27T22:12:27.477+0000] {base.py:84} INFO - Retrieving connection 'dse_connection'
[2024-09-27T22:12:27.507+0000] {sql.py:509} INFO - Running statement: 
        CREATE TABLE IF NOT EXISTS company_share_prices (
            id SERIAL,
            company_id INTEGER NOT NULL,
            date DATE,
            latest_trading_price VARCHAR(50),
            low_price VARCHAR(50),
            high_price VARCHAR(50),
            closing_price VARCHAR(50),
            ycp VARCHAR(50),
            change VARCHAR(10),
            trade VARCHAR(50),
            value VARCHAR(50),
            volume VARCHAR(50),
            PRIMARY KEY(company_id, id),
            FOREIGN KEY(company_id)
                REFERENCES company_list(company_id)
                ON UPDATE CASCADE ON DELETE CASCADE
        );
    , parameters: None
[2024-09-27T22:12:27.511+0000] {python.py:240} INFO - Done. Returned value was: None
[2024-09-27T22:12:27.538+0000] {taskinstance.py:340} INFO - ::group::Post task execution logs
[2024-09-27T22:12:27.539+0000] {taskinstance.py:352} INFO - Marking task as SUCCESS. dag_id=scrape_and_save_share_prices_with_company_data, task_id=create_share_prices_table, run_id=scheduled__2023-11-29T00:00:00+00:00, execution_date=20231129T000000, start_date=20240927T221226, end_date=20240927T221227
[2024-09-27T22:12:27.595+0000] {logging_mixin.py:190} INFO - Task instance in success state
[2024-09-27T22:12:27.596+0000] {logging_mixin.py:190} INFO -  Previous state of the Task instance: running
[2024-09-27T22:12:27.597+0000] {logging_mixin.py:190} INFO - Dag name:scrape_and_save_share_prices_with_company_data queued_at:2024-09-27 22:11:22.645924+00:00
[2024-09-27T22:12:27.610+0000] {logging_mixin.py:190} INFO - Task hostname:fd62fe12432d operator:PythonOperator
[2024-09-27T22:12:27.678+0000] {local_task_job_runner.py:266} INFO - Task exited with return code 0
[2024-09-27T22:12:27.758+0000] {taskinstance.py:3900} INFO - 1 downstream tasks scheduled from follow-on schedule check
[2024-09-27T22:12:27.800+0000] {local_task_job_runner.py:245} INFO - ::endgroup::
[2024-09-27T22:51:34.918+0000] {local_task_job_runner.py:123} INFO - ::group::Pre task execution logs
[2024-09-27T22:51:35.069+0000] {taskinstance.py:2612} INFO - Dependencies all met for dep_context=non-requeueable deps ti=<TaskInstance: scrape_and_save_share_prices_with_company_data.create_share_prices_table scheduled__2023-11-29T00:00:00+00:00 [queued]>
[2024-09-27T22:51:35.142+0000] {taskinstance.py:2612} INFO - Dependencies all met for dep_context=requeueable deps ti=<TaskInstance: scrape_and_save_share_prices_with_company_data.create_share_prices_table scheduled__2023-11-29T00:00:00+00:00 [queued]>
[2024-09-27T22:51:35.152+0000] {taskinstance.py:2865} INFO - Starting attempt 1 of 2
[2024-09-27T22:51:35.404+0000] {taskinstance.py:2888} INFO - Executing <Task(PythonOperator): create_share_prices_table> on 2023-11-29 00:00:00+00:00
[2024-09-27T22:51:35.438+0000] {warnings.py:112} WARNING - /home/***/.local/lib/python3.12/site-packages/***/task/task_runner/standard_task_runner.py:70: DeprecationWarning: This process (pid=1375) is multi-threaded, use of fork() may lead to deadlocks in the child.
  pid = os.fork()

[2024-09-27T22:51:35.462+0000] {standard_task_runner.py:72} INFO - Started process 1417 to run task
[2024-09-27T22:51:35.562+0000] {standard_task_runner.py:104} INFO - Running: ['***', 'tasks', 'run', 'scrape_and_save_share_prices_with_company_data', 'create_share_prices_table', 'scheduled__2023-11-29T00:00:00+00:00', '--job-id', '2863', '--raw', '--subdir', 'DAGS_FOLDER/dag.py', '--cfg-path', '/tmp/tmp3ravrsd3']
[2024-09-27T22:51:35.609+0000] {standard_task_runner.py:105} INFO - Job 2863: Subtask create_share_prices_table
[2024-09-27T22:51:36.172+0000] {task_command.py:467} INFO - Running <TaskInstance: scrape_and_save_share_prices_with_company_data.create_share_prices_table scheduled__2023-11-29T00:00:00+00:00 [running]> on host 7746de5121f6
[2024-09-27T22:51:37.130+0000] {taskinstance.py:3131} INFO - Exporting env vars: AIRFLOW_CTX_DAG_OWNER='***' AIRFLOW_CTX_DAG_ID='scrape_and_save_share_prices_with_company_data' AIRFLOW_CTX_TASK_ID='create_share_prices_table' AIRFLOW_CTX_EXECUTION_DATE='2023-11-29T00:00:00+00:00' AIRFLOW_CTX_TRY_NUMBER='1' AIRFLOW_CTX_DAG_RUN_ID='scheduled__2023-11-29T00:00:00+00:00'
[2024-09-27T22:51:37.142+0000] {logging_mixin.py:190} INFO - Task instance is in running state
[2024-09-27T22:51:37.144+0000] {logging_mixin.py:190} INFO -  Previous state of the Task instance: queued
[2024-09-27T22:51:37.148+0000] {logging_mixin.py:190} INFO - Current task name:create_share_prices_table state:running start_date:2024-09-27 22:51:35.081703+00:00
[2024-09-27T22:51:37.151+0000] {logging_mixin.py:190} INFO - Dag name:scrape_and_save_share_prices_with_company_data and current dag run status:running
[2024-09-27T22:51:37.160+0000] {taskinstance.py:731} INFO - ::endgroup::
[2024-09-27T22:51:37.276+0000] {base.py:84} INFO - Retrieving connection 'dse_connection'
[2024-09-27T22:51:37.342+0000] {sql.py:509} INFO - Running statement: 
        CREATE TABLE IF NOT EXISTS company_share_prices (
            id SERIAL,
            company_id INTEGER NOT NULL,
            date DATE,
            latest_trading_price VARCHAR(50),
            low_price VARCHAR(50),
            high_price VARCHAR(50),
            closing_price VARCHAR(50),
            ycp VARCHAR(50),
            change VARCHAR(10),
            trade VARCHAR(50),
            value VARCHAR(50),
            volume VARCHAR(50),
            PRIMARY KEY(company_id, id),
            FOREIGN KEY(company_id)
                REFERENCES company_list(company_id)
                ON UPDATE CASCADE ON DELETE CASCADE
        );
    , parameters: None
[2024-09-27T22:51:37.377+0000] {python.py:240} INFO - Done. Returned value was: None
[2024-09-27T22:51:37.494+0000] {taskinstance.py:340} INFO - ::group::Post task execution logs
[2024-09-27T22:51:37.500+0000] {taskinstance.py:352} INFO - Marking task as SUCCESS. dag_id=scrape_and_save_share_prices_with_company_data, task_id=create_share_prices_table, run_id=scheduled__2023-11-29T00:00:00+00:00, execution_date=20231129T000000, start_date=20240927T225135, end_date=20240927T225137
[2024-09-27T22:51:37.837+0000] {logging_mixin.py:190} INFO - Task instance in success state
[2024-09-27T22:51:37.857+0000] {logging_mixin.py:190} INFO -  Previous state of the Task instance: running
[2024-09-27T22:51:37.872+0000] {logging_mixin.py:190} INFO - Dag name:scrape_and_save_share_prices_with_company_data queued_at:2024-09-27 22:50:12.350866+00:00
[2024-09-27T22:51:37.877+0000] {logging_mixin.py:190} INFO - Task hostname:7746de5121f6 operator:PythonOperator
[2024-09-27T22:51:38.028+0000] {local_task_job_runner.py:266} INFO - Task exited with return code 0
[2024-09-27T22:51:38.330+0000] {taskinstance.py:3900} INFO - 1 downstream tasks scheduled from follow-on schedule check
[2024-09-27T22:51:38.346+0000] {local_task_job_runner.py:245} INFO - ::endgroup::
