[2024-09-27T18:18:31.545+0000] {local_task_job_runner.py:123} INFO - ::group::Pre task execution logs
[2024-09-27T18:18:31.759+0000] {taskinstance.py:2612} INFO - Dependencies all met for dep_context=non-requeueable deps ti=<TaskInstance: scrape_and_save_share_prices_with_company_data.create_share_prices_table scheduled__2023-11-08T00:00:00+00:00 [queued]>
[2024-09-27T18:18:31.896+0000] {taskinstance.py:2612} INFO - Dependencies all met for dep_context=requeueable deps ti=<TaskInstance: scrape_and_save_share_prices_with_company_data.create_share_prices_table scheduled__2023-11-08T00:00:00+00:00 [queued]>
[2024-09-27T18:18:31.916+0000] {taskinstance.py:2865} INFO - Starting attempt 1 of 2
[2024-09-27T18:18:32.240+0000] {taskinstance.py:2888} INFO - Executing <Task(PythonOperator): create_share_prices_table> on 2023-11-08 00:00:00+00:00
[2024-09-27T18:18:32.335+0000] {warnings.py:112} WARNING - /home/***/.local/lib/python3.12/site-packages/***/task/task_runner/standard_task_runner.py:70: DeprecationWarning: This process (pid=12550) is multi-threaded, use of fork() may lead to deadlocks in the child.
  pid = os.fork()

[2024-09-27T18:18:32.373+0000] {standard_task_runner.py:104} INFO - Running: ['***', 'tasks', 'run', 'scrape_and_save_share_prices_with_company_data', 'create_share_prices_table', 'scheduled__2023-11-08T00:00:00+00:00', '--job-id', '1274', '--raw', '--subdir', 'DAGS_FOLDER/dag.py', '--cfg-path', '/tmp/tmp66zutcv0']
[2024-09-27T18:18:32.401+0000] {standard_task_runner.py:105} INFO - Job 1274: Subtask create_share_prices_table
[2024-09-27T18:18:32.405+0000] {standard_task_runner.py:72} INFO - Started process 12589 to run task
[2024-09-27T18:18:33.641+0000] {task_command.py:467} INFO - Running <TaskInstance: scrape_and_save_share_prices_with_company_data.create_share_prices_table scheduled__2023-11-08T00:00:00+00:00 [running]> on host 13b5797a93ab
[2024-09-27T18:18:34.897+0000] {taskinstance.py:3131} INFO - Exporting env vars: AIRFLOW_CTX_DAG_OWNER='***' AIRFLOW_CTX_DAG_ID='scrape_and_save_share_prices_with_company_data' AIRFLOW_CTX_TASK_ID='create_share_prices_table' AIRFLOW_CTX_EXECUTION_DATE='2023-11-08T00:00:00+00:00' AIRFLOW_CTX_TRY_NUMBER='1' AIRFLOW_CTX_DAG_RUN_ID='scheduled__2023-11-08T00:00:00+00:00'
[2024-09-27T18:18:34.945+0000] {logging_mixin.py:190} INFO - Task instance is in running state
[2024-09-27T18:18:34.958+0000] {logging_mixin.py:190} INFO -  Previous state of the Task instance: queued
[2024-09-27T18:18:34.976+0000] {logging_mixin.py:190} INFO - Current task name:create_share_prices_table state:running start_date:2024-09-27 18:18:31.825209+00:00
[2024-09-27T18:18:34.990+0000] {logging_mixin.py:190} INFO - Dag name:scrape_and_save_share_prices_with_company_data and current dag run status:running
[2024-09-27T18:18:35.038+0000] {taskinstance.py:731} INFO - ::endgroup::
[2024-09-27T18:18:35.128+0000] {base.py:84} INFO - Retrieving connection 'dse_connection'
[2024-09-27T18:18:35.176+0000] {sql.py:509} INFO - Running statement: 
        CREATE TABLE IF NOT EXISTS company_share_prices (
            id SERIAL,
            company_id INTEGER NOT NULL,
            date DATE,
            latest_trading_price VARCHAR(50),
            low_price VARCHAR(50),
            high_price VARCHAR(50),
            closing_price VARCHAR(50),
            ycp VARCHAR(50),
            change VARCHAR(10),
            trade VARCHAR(50),
            value VARCHAR(50),
            volume VARCHAR(50),
            PRIMARY KEY(company_id, id),
            FOREIGN KEY(company_id)
                REFERENCES company_list(company_id)
                ON UPDATE CASCADE ON DELETE CASCADE
        );
    , parameters: None
[2024-09-27T18:18:35.286+0000] {python.py:240} INFO - Done. Returned value was: None
[2024-09-27T18:18:35.369+0000] {taskinstance.py:340} INFO - ::group::Post task execution logs
[2024-09-27T18:18:35.434+0000] {taskinstance.py:352} INFO - Marking task as SUCCESS. dag_id=scrape_and_save_share_prices_with_company_data, task_id=create_share_prices_table, run_id=scheduled__2023-11-08T00:00:00+00:00, execution_date=20231108T000000, start_date=20240927T181831, end_date=20240927T181835
[2024-09-27T18:18:35.579+0000] {logging_mixin.py:190} INFO - Task instance in success state
[2024-09-27T18:18:35.610+0000] {logging_mixin.py:190} INFO -  Previous state of the Task instance: running
[2024-09-27T18:18:35.641+0000] {logging_mixin.py:190} INFO - Dag name:scrape_and_save_share_prices_with_company_data queued_at:2024-09-27 18:16:56.012232+00:00
[2024-09-27T18:18:35.657+0000] {logging_mixin.py:190} INFO - Task hostname:13b5797a93ab operator:PythonOperator
[2024-09-27T18:18:35.876+0000] {local_task_job_runner.py:266} INFO - Task exited with return code 0
[2024-09-27T18:18:36.017+0000] {local_task_job_runner.py:245} INFO - ::endgroup::
[2024-09-27T22:07:28.006+0000] {local_task_job_runner.py:123} INFO - ::group::Pre task execution logs
[2024-09-27T22:07:28.080+0000] {taskinstance.py:2612} INFO - Dependencies all met for dep_context=non-requeueable deps ti=<TaskInstance: scrape_and_save_share_prices_with_company_data.create_share_prices_table scheduled__2023-11-08T00:00:00+00:00 [queued]>
[2024-09-27T22:07:28.128+0000] {taskinstance.py:2612} INFO - Dependencies all met for dep_context=requeueable deps ti=<TaskInstance: scrape_and_save_share_prices_with_company_data.create_share_prices_table scheduled__2023-11-08T00:00:00+00:00 [queued]>
[2024-09-27T22:07:28.132+0000] {taskinstance.py:2865} INFO - Starting attempt 1 of 2
[2024-09-27T22:07:28.190+0000] {taskinstance.py:2888} INFO - Executing <Task(PythonOperator): create_share_prices_table> on 2023-11-08 00:00:00+00:00
[2024-09-27T22:07:28.225+0000] {warnings.py:112} WARNING - /home/***/.local/lib/python3.12/site-packages/***/task/task_runner/standard_task_runner.py:70: DeprecationWarning: This process (pid=1350) is multi-threaded, use of fork() may lead to deadlocks in the child.
  pid = os.fork()

[2024-09-27T22:07:28.238+0000] {standard_task_runner.py:72} INFO - Started process 1374 to run task
[2024-09-27T22:07:28.241+0000] {standard_task_runner.py:104} INFO - Running: ['***', 'tasks', 'run', 'scrape_and_save_share_prices_with_company_data', 'create_share_prices_table', 'scheduled__2023-11-08T00:00:00+00:00', '--job-id', '2330', '--raw', '--subdir', 'DAGS_FOLDER/dag.py', '--cfg-path', '/tmp/tmp4azfljhq']
[2024-09-27T22:07:28.273+0000] {standard_task_runner.py:105} INFO - Job 2330: Subtask create_share_prices_table
[2024-09-27T22:07:28.687+0000] {task_command.py:467} INFO - Running <TaskInstance: scrape_and_save_share_prices_with_company_data.create_share_prices_table scheduled__2023-11-08T00:00:00+00:00 [running]> on host fd62fe12432d
[2024-09-27T22:07:29.579+0000] {taskinstance.py:3131} INFO - Exporting env vars: AIRFLOW_CTX_DAG_OWNER='***' AIRFLOW_CTX_DAG_ID='scrape_and_save_share_prices_with_company_data' AIRFLOW_CTX_TASK_ID='create_share_prices_table' AIRFLOW_CTX_EXECUTION_DATE='2023-11-08T00:00:00+00:00' AIRFLOW_CTX_TRY_NUMBER='1' AIRFLOW_CTX_DAG_RUN_ID='scheduled__2023-11-08T00:00:00+00:00'
[2024-09-27T22:07:29.590+0000] {logging_mixin.py:190} INFO - Task instance is in running state
[2024-09-27T22:07:29.591+0000] {logging_mixin.py:190} INFO -  Previous state of the Task instance: queued
[2024-09-27T22:07:29.595+0000] {logging_mixin.py:190} INFO - Current task name:create_share_prices_table state:running start_date:2024-09-27 22:07:28.086671+00:00
[2024-09-27T22:07:29.596+0000] {logging_mixin.py:190} INFO - Dag name:scrape_and_save_share_prices_with_company_data and current dag run status:running
[2024-09-27T22:07:29.600+0000] {taskinstance.py:731} INFO - ::endgroup::
[2024-09-27T22:07:29.684+0000] {base.py:84} INFO - Retrieving connection 'dse_connection'
[2024-09-27T22:07:29.738+0000] {sql.py:509} INFO - Running statement: 
        CREATE TABLE IF NOT EXISTS company_share_prices (
            id SERIAL,
            company_id INTEGER NOT NULL,
            date DATE,
            latest_trading_price VARCHAR(50),
            low_price VARCHAR(50),
            high_price VARCHAR(50),
            closing_price VARCHAR(50),
            ycp VARCHAR(50),
            change VARCHAR(10),
            trade VARCHAR(50),
            value VARCHAR(50),
            volume VARCHAR(50),
            PRIMARY KEY(company_id, id),
            FOREIGN KEY(company_id)
                REFERENCES company_list(company_id)
                ON UPDATE CASCADE ON DELETE CASCADE
        );
    , parameters: None
[2024-09-27T22:07:29.762+0000] {python.py:240} INFO - Done. Returned value was: None
[2024-09-27T22:07:29.965+0000] {taskinstance.py:340} INFO - ::group::Post task execution logs
[2024-09-27T22:07:29.989+0000] {taskinstance.py:352} INFO - Marking task as SUCCESS. dag_id=scrape_and_save_share_prices_with_company_data, task_id=create_share_prices_table, run_id=scheduled__2023-11-08T00:00:00+00:00, execution_date=20231108T000000, start_date=20240927T220728, end_date=20240927T220729
[2024-09-27T22:07:30.067+0000] {logging_mixin.py:190} INFO - Task instance in success state
[2024-09-27T22:07:30.077+0000] {logging_mixin.py:190} INFO -  Previous state of the Task instance: running
[2024-09-27T22:07:30.083+0000] {logging_mixin.py:190} INFO - Dag name:scrape_and_save_share_prices_with_company_data queued_at:2024-09-27 22:05:42.049533+00:00
[2024-09-27T22:07:30.085+0000] {logging_mixin.py:190} INFO - Task hostname:fd62fe12432d operator:PythonOperator
[2024-09-27T22:07:30.206+0000] {local_task_job_runner.py:266} INFO - Task exited with return code 0
[2024-09-27T22:07:30.594+0000] {taskinstance.py:3900} INFO - 1 downstream tasks scheduled from follow-on schedule check
[2024-09-27T22:07:30.619+0000] {local_task_job_runner.py:245} INFO - ::endgroup::
[2024-09-27T22:48:06.914+0000] {local_task_job_runner.py:123} INFO - ::group::Pre task execution logs
[2024-09-27T22:48:06.959+0000] {taskinstance.py:2612} INFO - Dependencies all met for dep_context=non-requeueable deps ti=<TaskInstance: scrape_and_save_share_prices_with_company_data.create_share_prices_table scheduled__2023-11-08T00:00:00+00:00 [queued]>
[2024-09-27T22:48:06.984+0000] {taskinstance.py:2612} INFO - Dependencies all met for dep_context=requeueable deps ti=<TaskInstance: scrape_and_save_share_prices_with_company_data.create_share_prices_table scheduled__2023-11-08T00:00:00+00:00 [queued]>
[2024-09-27T22:48:06.985+0000] {taskinstance.py:2865} INFO - Starting attempt 1 of 2
[2024-09-27T22:48:07.310+0000] {taskinstance.py:2888} INFO - Executing <Task(PythonOperator): create_share_prices_table> on 2023-11-08 00:00:00+00:00
[2024-09-27T22:48:07.325+0000] {warnings.py:112} WARNING - /home/***/.local/lib/python3.12/site-packages/***/task/task_runner/standard_task_runner.py:70: DeprecationWarning: This process (pid=1106) is multi-threaded, use of fork() may lead to deadlocks in the child.
  pid = os.fork()

[2024-09-27T22:48:07.330+0000] {standard_task_runner.py:72} INFO - Started process 1125 to run task
[2024-09-27T22:48:07.345+0000] {standard_task_runner.py:104} INFO - Running: ['***', 'tasks', 'run', 'scrape_and_save_share_prices_with_company_data', 'create_share_prices_table', 'scheduled__2023-11-08T00:00:00+00:00', '--job-id', '2798', '--raw', '--subdir', 'DAGS_FOLDER/dag.py', '--cfg-path', '/tmp/tmpdweoy3j9']
[2024-09-27T22:48:07.347+0000] {standard_task_runner.py:105} INFO - Job 2798: Subtask create_share_prices_table
[2024-09-27T22:48:07.571+0000] {task_command.py:467} INFO - Running <TaskInstance: scrape_and_save_share_prices_with_company_data.create_share_prices_table scheduled__2023-11-08T00:00:00+00:00 [running]> on host 7746de5121f6
[2024-09-27T22:48:07.881+0000] {taskinstance.py:3131} INFO - Exporting env vars: AIRFLOW_CTX_DAG_OWNER='***' AIRFLOW_CTX_DAG_ID='scrape_and_save_share_prices_with_company_data' AIRFLOW_CTX_TASK_ID='create_share_prices_table' AIRFLOW_CTX_EXECUTION_DATE='2023-11-08T00:00:00+00:00' AIRFLOW_CTX_TRY_NUMBER='1' AIRFLOW_CTX_DAG_RUN_ID='scheduled__2023-11-08T00:00:00+00:00'
[2024-09-27T22:48:07.884+0000] {logging_mixin.py:190} INFO - Task instance is in running state
[2024-09-27T22:48:07.885+0000] {logging_mixin.py:190} INFO -  Previous state of the Task instance: queued
[2024-09-27T22:48:07.888+0000] {logging_mixin.py:190} INFO - Current task name:create_share_prices_table state:running start_date:2024-09-27 22:48:06.960349+00:00
[2024-09-27T22:48:07.890+0000] {logging_mixin.py:190} INFO - Dag name:scrape_and_save_share_prices_with_company_data and current dag run status:running
[2024-09-27T22:48:07.891+0000] {taskinstance.py:731} INFO - ::endgroup::
[2024-09-27T22:48:07.910+0000] {base.py:84} INFO - Retrieving connection 'dse_connection'
[2024-09-27T22:48:07.925+0000] {sql.py:509} INFO - Running statement: 
        CREATE TABLE IF NOT EXISTS company_share_prices (
            id SERIAL,
            company_id INTEGER NOT NULL,
            date DATE,
            latest_trading_price VARCHAR(50),
            low_price VARCHAR(50),
            high_price VARCHAR(50),
            closing_price VARCHAR(50),
            ycp VARCHAR(50),
            change VARCHAR(10),
            trade VARCHAR(50),
            value VARCHAR(50),
            volume VARCHAR(50),
            PRIMARY KEY(company_id, id),
            FOREIGN KEY(company_id)
                REFERENCES company_list(company_id)
                ON UPDATE CASCADE ON DELETE CASCADE
        );
    , parameters: None
[2024-09-27T22:48:07.929+0000] {python.py:240} INFO - Done. Returned value was: None
[2024-09-27T22:48:07.961+0000] {taskinstance.py:340} INFO - ::group::Post task execution logs
[2024-09-27T22:48:07.972+0000] {taskinstance.py:352} INFO - Marking task as SUCCESS. dag_id=scrape_and_save_share_prices_with_company_data, task_id=create_share_prices_table, run_id=scheduled__2023-11-08T00:00:00+00:00, execution_date=20231108T000000, start_date=20240927T224806, end_date=20240927T224807
[2024-09-27T22:48:08.013+0000] {logging_mixin.py:190} INFO - Task instance in success state
[2024-09-27T22:48:08.015+0000] {logging_mixin.py:190} INFO -  Previous state of the Task instance: running
[2024-09-27T22:48:08.025+0000] {logging_mixin.py:190} INFO - Dag name:scrape_and_save_share_prices_with_company_data queued_at:2024-09-27 22:46:33.408834+00:00
[2024-09-27T22:48:08.028+0000] {logging_mixin.py:190} INFO - Task hostname:7746de5121f6 operator:PythonOperator
[2024-09-27T22:48:08.097+0000] {local_task_job_runner.py:266} INFO - Task exited with return code 0
[2024-09-27T22:48:08.176+0000] {taskinstance.py:3900} INFO - 1 downstream tasks scheduled from follow-on schedule check
[2024-09-27T22:48:08.188+0000] {local_task_job_runner.py:245} INFO - ::endgroup::
